zj:   0.0000000000000000e+00 f(zj):                     -inf pn(zj):                     -nan
zj:   1.0000000000000000e+00 f(zj):   0.0000000000000000e+00 pn(zj):                     -nan
zj:   2.0000000000000000e+00 f(zj):   6.9314718055994529e-01 pn(zj):                     -nan
zj:  1.6304166312761136e-322 f(zj):  2.0320920013450470e-320 pn(zj):                     -nan
zj:                     -inf f(zj):   3.2424566200869199e-86 pn(zj):                     -nan
zj:                      inf f(zj):   1.3980432860952889e-76 pn(zj):                     -nan
zj:   6.9314718055994529e-01 f(zj):   1.3980432860952889e-76 pn(zj):                     -nan
zj:  1.6304166312761136e-322 f(zj):  2.7680678906616326e+280 pn(zj):                     -nan
zj:                     -inf f(zj):  6.0134700192597084e-154 pn(zj):                     -nan
zj:   0.0000000000000000e+00 f(zj):  6.0134700169990685e-154 pn(zj):                     -nan
zj:   6.9314718055994529e-01 f(zj):  6.0134700169990685e-154 pn(zj):                     -nan
zj:  2.0320920013450470e-320 f(zj):  6.1799887518247341e-114 pn(zj):                     -nan
zj:   3.2424566200869199e-86 f(zj):  6.0134705957229995e-154 pn(zj):                     -nan
zj:   1.3980432860952889e-76 f(zj):  6.0134700169990685e-154 pn(zj):                     -nan
zj:   1.3980432860952889e-76 f(zj):  6.0134700169990685e-154 pn(zj):                     -nan
zj:  2.7680678906616326e+280 f(zj):  8.1645171051962679e+204 pn(zj):                     -nan
zj:  6.0134700192597084e-154 f(zj):   1.3973698205177676e-76 pn(zj):                     -nan
zj:  6.0134700169990685e-154 f(zj):   1.3980432860952889e-76 pn(zj):                     -nan
zj:  6.0134700169990685e-154 f(zj):   1.2108942892349278e-99 pn(zj):                     -nan
zj:  6.1799887518247341e-114 f(zj):  3.5230863936820262e-109 pn(zj):                     -nan
zj:  6.0134705957229995e-154 f(zj):   1.3973685027430247e-76 pn(zj):                     -nan
zj:  6.0134700169990685e-154 f(zj):   1.3980432860952889e-76 pn(zj):                     -nan
zj:  6.0134700169990685e-154 f(zj):   1.2108942892349278e-99 pn(zj):                     -nan
zj:  8.1645171051962679e+204 f(zj):  8.2012590046494969e+204 pn(zj):                     -nan
zj:   1.3973698205177676e-76 f(zj):  6.0134700170078987e-154 pn(zj):                     -nan
zj:   1.3980432860952889e-76 f(zj):  6.0134700169990685e-154 pn(zj):                     -nan
zj:   1.2108942892349278e-99 f(zj):   2.4737980795715994e-91 pn(zj):                     -nan
zj:  3.5230863936820262e-109 f(zj):  1.9701896709766747e-153 pn(zj):                     -nan
zj:   1.3973685027430247e-76 f(zj):   1.3980432758391273e-76 pn(zj):                     -nan
zj:   1.3980432860952889e-76 f(zj):   1.3980432860952889e-76 pn(zj):                     -nan
zj:   1.2108942892349278e-99 f(zj):   1.3964263764857459e-76 pn(zj):                     -nan
zj:  8.2012590046494969e+204 f(zj):  1.9512347655568931e-153 pn(zj):                     -nan
zj:  6.0134700170078987e-154 f(zj):   2.7401326249705491e-57 pn(zj):                     -nan
zj:  6.0134700169990685e-154 f(zj):   4.8548539358821900e-33 pn(zj):                     -nan
zj:   2.4737980795715994e-91 f(zj):   9.1560419231186301e-72 pn(zj):                     -nan
zj:  1.9701896709766747e-153 f(zj):   1.6039704617400945e-28 pn(zj):                     -nan
zj:   1.3980432758391273e-76 f(zj):  6.0134700169990685e-154 pn(zj):                     -nan
zj:   1.3980432860952889e-76 f(zj):  6.0134700169990685e-154 pn(zj):                     -nan
zj:   1.3964263764857459e-76 f(zj):  2.1212569355725347e+161 pn(zj):                     -nan
zj:  1.9512347655568931e-153 f(zj):   4.5634655307010022e-72 pn(zj):                     -nan
zj:   2.7401326249705491e-57 f(zj):   1.5184521189115326e-47 pn(zj):                     -nan
zj:   4.8548539358821900e-33 f(zj):   4.1792004617815605e-62 pn(zj):                     -nan
zj:   9.1560419231186301e-72 f(zj):  8.6023526206067585e+183 pn(zj):                     -nan
zj:   1.6039704617400945e-28 f(zj):   2.9907120509989371e-67 pn(zj):                     -nan
zj:  6.0134700169990685e-154 f(zj):   1.5738028205602656e-76 pn(zj):                     -nan
zj:  6.0134700169990685e-154 f(zj):   9.0527521154365415e-43 pn(zj):                     -nan
zj:  2.1212569355725347e+161 f(zj):  1.2566287916116495e+232 pn(zj):                     -nan
zj:   7.1201827278761662e-67 f(zj):  6.0513972685449602e-154 pn(zj):                     -nan
zj:   1.6039704617400945e-28 f(zj):   5.5168899802936380e-48 pn(zj):                     -nan
zj:  6.0134700169990685e-154 f(zj):   8.6140516774650127e-67 pn(zj):                     -nan
zj:  6.0134700169990685e-154 f(zj):   1.9192548441989763e-76 pn(zj):                     -nan
zj:  2.1212569355725347e+161 f(zj):  1.2578452405494439e+232 pn(zj):                     -nan
zj:  6.0136196164699367e-154 f(zj):  6.0513972685449602e-154 pn(zj):                     -nan
zj:   8.9733640656770658e-67 f(zj):  6.0134700169990685e-154 pn(zj):                     -nan
zj:   1.1776777832109216e-47 f(zj):  6.0134700169990685e-154 pn(zj):                     -nan
zj:  8.6127586445702093e+183 f(zj):  1.9759224698181475e-258 pn(zj):                     -nan
zj:   5.5168899802936380e-48 f(zj):   3.4435330884255147e-86 pn(zj):                     -nan
zj:   8.6140516774650127e-67 f(zj):   1.3813424581344138e-47 pn(zj):                     -nan
zj:   1.9192548441989763e-76 f(zj):   2.1114205953125310e-52 pn(zj):                     -nan
zj:  1.2578452405494439e+232 f(zj):  2.7680679448120284e+280 pn(zj):                     -nan
zj:  6.0513972685449602e-154 f(zj):   4.2478389617679958e-86 pn(zj):                     -nan
zj:  6.0134700169990685e-154 f(zj):   7.4125245809535795e-38 pn(zj):                     -nan
zj:  6.0134700169990685e-154 f(zj):   2.0899567437776507e-76 pn(zj):                     -nan
zj:  1.9759224698181475e-258 f(zj):  6.1799881923867819e-114 pn(zj):                     -nan
zj:   3.4435330884255147e-86 f(zj):  6.0134705957229995e-154 pn(zj):                     -nan
zj:   1.3813424581344138e-47 f(zj):  6.0134700169990685e-154 pn(zj):                     -nan
zj:   2.1114205953125310e-52 f(zj):  6.0134700169990685e-154 pn(zj):                     -nan
zj:  2.7680679448120284e+280 f(zj):  8.1645171051962679e+204 pn(zj):                     -nan
zj:   4.2478389617679958e-86 f(zj):   4.1782212158461761e-62 pn(zj):                     -nan
zj:   7.4125245809535795e-38 f(zj):   4.8555944969655245e-33 pn(zj):                     -nan
zj:   2.0899567437776507e-76 f(zj):   8.3185873588850180e-72 pn(zj):                     -nan
zj:  6.1799881923867819e-114 f(zj):  3.5230863936825126e-109 pn(zj):                     -nan
zj:  6.0134705957229995e-154 f(zj):   1.2553742963485144e-71 pn(zj):                     -nan
zj:  6.0134700169990685e-154 f(zj):   3.6984697136170769e-57 pn(zj):                     -nan
zj:  6.0134700169990685e-154 f(zj):   5.2074705277127938e-90 pn(zj):                     -nan
zj:  8.1645171051962679e+204 f(zj):  8.2012590046514996e+204 pn(zj):                     -nan
zj:   4.1782212158461761e-62 f(zj):  6.0134700170078987e-154 pn(zj):                     -nan
zj:   4.8555944969655245e-33 f(zj):  6.0134700169990685e-154 pn(zj):                     -nan
zj:   8.3185873588850180e-72 f(zj):   2.4737980795715994e-91 pn(zj):                     -nan
zj:  3.5230863936825126e-109 f(zj):  1.9701896709766747e-153 pn(zj):                     -nan
zj:   1.2553742963485144e-71 f(zj):   9.0579795081365291e-43 pn(zj):                     -nan
zj:   3.6984697136170769e-57 f(zj):   2.1783464999395786e-76 pn(zj):                     -nan
zj:   5.2074705277127938e-90 f(zj):   3.3760961382064666e-57 pn(zj):                     -nan
zj:  8.2012590046514996e+204 f(zj):  1.9512347655568931e-153 pn(zj):                     -nan
zj:  6.0134700170078987e-154 f(zj):   9.3443355305015071e-67 pn(zj):                     -nan
zj:  6.0134700169990685e-154 f(zj):   7.4033230247901612e-38 pn(zj):                     -nan
zj:   2.4737980795715994e-91 f(zj):   1.5858569602756886e-47 pn(zj):                     -nan
zj:  1.9701896709766747e-153 f(zj):   1.6039704617400945e-28 pn(zj):                     -nan
zj:   9.0579795081365291e-43 f(zj):  6.0134700169990685e-154 pn(zj):                     -nan
zj:   2.1783464999395786e-76 f(zj):  6.0134700169990685e-154 pn(zj):                     -nan
zj:   3.3760961382064666e-57 f(zj):  2.1212569355725347e+161 pn(zj):                     -nan
zj:  1.9512347655568931e-153 f(zj):   2.9907127702002088e-67 pn(zj):                     -nan
zj:   9.3443355305015071e-67 f(zj):   4.2770661475687696e-33 pn(zj):                     -nan
zj:   7.4033230247901612e-38 f(zj):   3.0599786796212825e-57 pn(zj):                     -nan
zj:   1.5858569602756886e-47 f(zj):  8.6003102173487886e+183 pn(zj):                     -nan
zj:   9.0478257295030825e-43 f(zj):  2.1212569355725347e+161 pn(zj):                     -nan
zj:  1.9512347655568931e-153 f(zj):  6.0136196164699367e-154 pn(zj):                     -nan
zj:   1.0860156509184825e-71 f(zj):   1.9022141972446811e-52 pn(zj):                     -nan
zj:   1.0853407037513155e-42 f(zj):   4.7607387038077418e-38 pn(zj):                     -nan
zj:   5.8807660672799829e-62 f(zj):  8.6044434043886980e+183 pn(zj):                     -nan
zj:   1.6039704617400945e-28 f(zj):   2.9907120509989371e-67 pn(zj):                     -nan
zj:  6.0134700169990685e-154 f(zj):   4.2770661475687696e-33 pn(zj):                     -nan
zj:  6.0134700169990685e-154 f(zj):   3.0599786796212825e-57 pn(zj):                     -nan
zj:  2.1212569355725347e+161 f(zj):  1.2569367464208948e+232 pn(zj):                     -nan
zj:  6.0136196164699367e-154 f(zj):  6.0513972685449602e-154 pn(zj):                     -nan
zj:   1.9022141972446811e-52 f(zj):  6.0134700169990685e-154 pn(zj):                     -nan
zj:   4.7607387038077418e-38 f(zj):  6.0134700169990685e-154 pn(zj):                     -nan
zj:  8.6044434043886980e+183 f(zj):  1.9759224698181475e-258 pn(zj):                     -nan
zj:   2.9907120509989371e-67 f(zj):   2.9073738727565028e-33 pn(zj):                     -nan
zj:   4.2770661475687696e-33 f(zj):   2.3194210662174888e-52 pn(zj):                     -nan
zj:   3.0599786796212825e-57 f(zj):  2.7879706610862393e+179 pn(zj):                     -nan
zj:  1.2569367464208948e+232 f(zj):  2.7680679110808128e+280 pn(zj):                     -nan
zj:  6.0513972685449602e-154 f(zj):   1.3045549096286740e-76 pn(zj):                     -nan
zj:  6.0134700169990685e-154 f(zj):   1.1776798427442742e-47 pn(zj):                     -nan
zj:  6.0134700169990685e-154 f(zj):  3.7623980399766566e+179 pn(zj):                     -nan
zj:  1.9759224698181475e-258 f(zj):  6.1799881440273540e-114 pn(zj):                     -nan
zj:   2.9073738727565028e-33 f(zj):  6.0134705957229995e-154 pn(zj):                     -nan
zj:   2.3194210662174888e-52 f(zj):  6.0134700169990685e-154 pn(zj):                     -nan
zj:  2.7879706610862393e+179 f(zj):  6.0134700169990685e-154 pn(zj):                     -nan
zj:  2.7680679110808128e+280 f(zj):  8.1645171051962679e+204 pn(zj):                     -nan
zj:   1.3045549096286740e-76 f(zj):   4.7550030998967291e-38 pn(zj):                     -nan
zj:   1.1776798427442742e-47 f(zj):   3.1215199817526731e-33 pn(zj):                     -nan
zj:  3.7623980399766566e+179 f(zj):   5.2055530157188450e-90 pn(zj):                     -nan
zj:  6.1799881440273540e-114 f(zj):  3.5230863936821505e-109 pn(zj):                     -nan
zj:  6.0134705957229995e-154 f(zj):   2.1746249904762676e-76 pn(zj):                     -nan
zj:  6.0134700169990685e-154 f(zj):   8.6140404238471719e-67 pn(zj):                     -nan
zj:  6.0134700169990685e-154 f(zj):   5.2017140412214058e-90 pn(zj):                     -nan
zj:  8.1645171051962679e+204 f(zj):  8.2012590046500727e+204 pn(zj):                     -nan
zj:   4.7550030998967291e-38 f(zj):  6.0134700170078987e-154 pn(zj):                     -nan
zj:   3.1215199817526731e-33 f(zj):  6.0134700169990685e-154 pn(zj):                     -nan
zj:   5.2055530157188450e-90 f(zj):   2.4737980795715994e-91 pn(zj):                     -nan
zj:  3.5230863936821505e-109 f(zj):  1.9701896709766747e-153 pn(zj):                     -nan
zj:   2.1746249904762676e-76 f(zj):   5.1581711106703400e-62 pn(zj):                     -nan
zj:   8.6140404238471719e-67 f(zj):   1.2007618115366278e-71 pn(zj):                     -nan
zj:   5.2017140412214058e-90 f(zj):   7.4841860068333623e-67 pn(zj):                     -nan
zj:  8.2012590046500727e+204 f(zj):  1.9512347655568931e-153 pn(zj):                     -nan
zj:  6.0134700170078987e-154 f(zj):   7.2696133438700911e-43 pn(zj):                     -nan
zj:  6.0134700169990685e-154 f(zj):   7.2730892746985988e-43 pn(zj):                     -nan
zj:   2.4737980795715994e-91 f(zj):   5.6357095169340024e-38 pn(zj):                     -nan
zj:  1.9701896709766747e-153 f(zj):   1.6039704617400945e-28 pn(zj):                     -nan
zj:   5.1581711106703400e-62 f(zj):  6.0134700169990685e-154 pn(zj):                     -nan
zj:   1.2007618115366278e-71 f(zj):  6.0134700169990685e-154 pn(zj):                     -nan
zj:  6.0134700169990685e-154 f(zj):  2.1212569355725347e+161 pn(zj):                     -nan
zj:   2.4737980795715994e-91 f(zj):   1.2560265601502709e-71 pn(zj):                     -nan
zj:  1.9701896709766747e-153 f(zj):   1.6039704617400945e-28 pn(zj):                     -nan
zj:   9.0579795081365291e-43 f(zj):  6.0134700169990685e-154 pn(zj):                     -nan
zj:   2.1783464999395786e-76 f(zj):  6.0134700169990685e-154 pn(zj):                     -nan
zj:   3.3760961382064666e-57 f(zj):  2.1212569355725347e+161 pn(zj):                     -nan
zj:  1.9512347655568931e-153 f(zj):  6.0136196164699367e-154 pn(zj):                     -nan
zj:   1.8993513923630835e-52 f(zj):   7.4102062551203192e-38 pn(zj):                     -nan
zj:   1.9018031858285936e-52 f(zj):   4.0814786275040175e-33 pn(zj):                     -nan
zj:   1.2560265601502709e-71 f(zj):  8.6003344114323245e+183 pn(zj):                     -nan
zj:   1.6039704617400945e-28 f(zj):  6.0136181703254192e-154 pn(zj):                     -nan
zj:  6.0134700169990685e-154 f(zj):   1.2444958445996608e-47 pn(zj):                     -nan
zj:  6.0134700169990685e-154 f(zj):   8.1559210177745498e-43 pn(zj):                     -nan
zj:  2.1212569355725347e+161 f(zj):  1.2569379134359069e+232 pn(zj):                     -nan
zj:  6.0136196164699367e-154 f(zj):  6.0513972685449602e-154 pn(zj):                     -nan
zj:   7.4102062551203192e-38 f(zj):  6.0134700169990685e-154 pn(zj):                     -nan
zj:   4.0814786275040175e-33 f(zj):  6.0134700169990685e-154 pn(zj):                     -nan
zj:  8.6003344114323245e+183 f(zj):  1.9759224698181475e-258 pn(zj):                     -nan
zj:  6.0136181703254192e-154 f(zj):   2.9073738727565028e-33 pn(zj):                     -nan
zj:   1.2444958445996608e-47 f(zj):   2.0046110881302569e-76 pn(zj):                     -nan
zj:   8.1559210177745498e-43 f(zj):  3.7611415724400733e+179 pn(zj):                     -nan
zj:  1.2569379134359069e+232 f(zj):  2.7680679110808128e+280 pn(zj):                     -nan
zj:  6.0513972685449602e-154 f(zj):   3.4435330884136163e-86 pn(zj):                     -nan
zj:  6.0134700169990685e-154 f(zj):   1.3813424581344138e-47 pn(zj):                     -nan
zj:  6.0134700169990685e-154 f(zj):   2.1114205953125310e-52 pn(zj):                     -nan
zj:  1.9759224698181475e-258 f(zj):  6.1799881922922362e-114 pn(zj):                     -nan
zj:   2.9073738727565028e-33 f(zj):  6.0134705957229995e-154 pn(zj):                     -nan
zj:   2.0046110881302569e-76 f(zj):  6.0134700169990685e-154 pn(zj):                     -nan
zj:  3.7611415724400733e+179 f(zj):  6.0134700169990685e-154 pn(zj):                     -nan
zj:  2.7680679110808128e+280 f(zj):  8.1645171051962679e+204 pn(zj):                     -nan
zj:   3.4435330884136163e-86 f(zj):   1.6893292003094785e-52 pn(zj):                     -nan
zj:   1.3813424581344138e-47 f(zj):   1.3690099504552607e-71 pn(zj):                     -nan
zj:   2.1114205953125310e-52 f(zj):   5.2017439161119404e-90 pn(zj):                     -nan
zj:  6.1799881922922362e-114 f(zj):  3.5230863936823911e-109 pn(zj):                     -nan
zj:  6.0134705957229995e-154 f(zj):   4.1782212158461761e-62 pn(zj):                     -nan
zj:  6.0134700169990685e-154 f(zj):   4.8555944969655245e-33 pn(zj):                     -nan
zj:  6.0134700169990685e-154 f(zj):   8.3185873588850180e-72 pn(zj):                     -nan
zj:  8.1645171051962679e+204 f(zj):  8.2012590046506430e+204 pn(zj):                     -nan
zj:   1.6893292003094785e-52 f(zj):  6.0134700170078987e-154 pn(zj):                     -nan
zj:   1.3690099504552607e-71 f(zj):  6.0134700169990685e-154 pn(zj):                     -nan
zj:   5.2017439161119404e-90 f(zj):   2.4737980795715994e-91 pn(zj):                     -nan
zj:  3.5230863936823911e-109 f(zj):  1.9701896709766747e-153 pn(zj):                     -nan
zj:   4.1782212158461761e-62 f(zj):   5.8864848660328652e-62 pn(zj):                     -nan
zj:   4.8555944969655245e-33 f(zj):   3.7023170928679025e-33 pn(zj):                     -nan
zj:   8.3185873588850180e-72 f(zj):   1.5858569725424953e-47 pn(zj):                     -nan
zj:  8.2012590046506430e+204 f(zj):  1.9512347655568931e-153 pn(zj):                     -nan
zj:  6.0134700170078987e-154 f(zj):   9.0579795081365291e-43 pn(zj):                     -nan
zj:  6.0134700169990685e-154 f(zj):   2.1783464999395786e-76 pn(zj):                     -nan
zj:   4.8578603313820249e-33 f(zj):   3.3760961382064666e-57 pn(zj):                     -nan
zj:   5.2065342805099242e-90 f(zj):   4.6617496650468281e-62 pn(zj):                     -nan
zj:  8.2012590046512156e+204 f(zj):  1.9512347655568931e-153 pn(zj):                     -nan
zj:  6.0134700170078987e-154 f(zj):   1.9185787948284140e-76 pn(zj):                     -nan
zj:  6.0134700169990685e-154 f(zj):   1.1081869243103268e-47 pn(zj):                     -nan
zj:   2.4737980795715994e-91 f(zj):   9.4962412378773954e-43 pn(zj):                     -nan
zj:  1.9701896709766747e-153 f(zj):   1.6039704617400945e-28 pn(zj):                     -nan
zj:   6.8201854554308170e-38 f(zj):  6.0134700169990685e-154 pn(zj):                     -nan
zj:   8.9762675650637029e-67 f(zj):  6.0134700169990685e-154 pn(zj):                     -nan
zj:   4.6617496650468281e-62 f(zj):  2.1212569355725347e+161 pn(zj):                     -nan
zj:  1.9512347655568931e-153 f(zj):  6.0136196164699367e-154 pn(zj):                     -nan
zj:   1.9185787948284140e-76 f(zj):   3.0599883365013906e-57 pn(zj):                     -nan
zj:   1.1081869243103268e-47 f(zj):   9.3558760162094859e-67 pn(zj):                     -nan
zj:   9.4962412378773954e-43 f(zj):  8.5982596536469085e+183 pn(zj):                     -nan
zj:   1.6039704617400945e-28 f(zj):  6.0136181703254192e-154 pn(zj):                     -nan
zj:  6.0134700169990685e-154 f(zj):   3.8933819103005278e-33 pn(zj):                     -nan
zj:  6.0134700169990685e-154 f(zj):   8.9806312042687855e-67 pn(zj):                     -nan
zj:  2.1212569355725347e+161 f(zj):  1.2572399551479424e+232 pn(zj):                     -nan
zj:  6.0136196164699367e-154 f(zj):  6.0513972685449602e-154 pn(zj):                     -nan
zj:   3.0599883365013906e-57 f(zj):  6.0134700169990685e-154 pn(zj):                     -nan
zj:   9.3558760162094859e-67 f(zj):  6.0134700169990685e-154 pn(zj):                     -nan
zj:  8.5982596536469085e+183 f(zj):  1.9759224698181475e-258 pn(zj):                     -nan
zj:  6.0136181703254192e-154 f(zj):   5.6044695813549769e-67 pn(zj):                     -nan
zj:   3.8933819103005278e-33 f(zj):   2.5789565955970237e-57 pn(zj):                     -nan
zj:   8.9806312042687855e-67 f(zj):  3.5996694076999723e+179 pn(zj):                     -nan
zj:  1.2572399551479424e+232 f(zj):  2.7680679177110115e+280 pn(zj):                     -nan
zj:  6.0513972685449602e-154 f(zj):   2.9073738727508045e-33 pn(zj):                     -nan
zj:  6.0134700169990685e-154 f(zj):   2.3194210662174888e-52 pn(zj):                     -nan
zj:  6.0134700169990685e-154 f(zj):  2.7879706610862393e+179 pn(zj):                     -nan
zj:  1.9759224698181475e-258 f(zj):  6.1799881319255043e-114 pn(zj):                     -nan
zj:   5.6044695813549769e-67 f(zj):  6.0134705957229995e-154 pn(zj):                     -nan
zj:   2.5789565955970237e-57 f(zj):  6.0134700169990685e-154 pn(zj):                     -nan
zj:  3.5996694076999723e+179 f(zj):  6.0134700169990685e-154 pn(zj):                     -nan
zj:  2.7680679177110115e+280 f(zj):  8.1645171051962679e+204 pn(zj):                     -nan
zj:   2.9073738727508045e-33 f(zj):   4.1782212158461761e-62 pn(zj):                     -nan
zj:   2.3194210662174888e-52 f(zj):   1.4004060562098664e-76 pn(zj):                     -nan
zj:  2.7879706610862393e+179 f(zj):   8.3185959952532963e-72 pn(zj):                     -nan
zj:  6.1799881319255043e-114 f(zj):  3.5230863936825126e-109 pn(zj):                     -nan
zj:  6.0134705957229995e-154 f(zj):   1.4251622337585267e-71 pn(zj):                     -nan
zj:  6.0134700169990685e-154 f(zj):   5.9431521583401293e-38 pn(zj):                     -nan
zj:  6.0134700169990685e-154 f(zj):   5.2007663674021383e-90 pn(zj):                     -nan
zj:  8.1645171051962679e+204 f(zj):  8.2012590046512156e+204 pn(zj):                     -nan
zj:   4.1782212158461761e-62 f(zj):  6.0134700170078987e-154 pn(zj):                     -nan
zj:   1.4004060562098664e-76 f(zj):  6.0134700169990685e-154 pn(zj):                     -nan
zj:   8.3185959952532963e-72 f(zj):   2.4737980795715994e-91 pn(zj):                     -nan
zj:  3.5230863936825126e-109 f(zj):  1.9701896709766747e-153 pn(zj):                     -nan
zj:   1.4251622337585267e-71 f(zj):   9.0579795081365291e-43 pn(zj):                     -nan
zj:   5.9431521583401293e-38 f(zj):   2.1783464999395786e-76 pn(zj):                     -nan
zj:   5.8845858106136282e-62 f(zj):  6.0134700169990685e-154 pn(zj):                     -nan
zj:   5.2036615305168863e-90 f(zj):   2.4737980795715994e-91 pn(zj):                     -nan
zj:  3.5230863936829958e-109 f(zj):  1.9701896709766747e-153 pn(zj):                     -nan
zj:   7.7039812801473798e-43 f(zj):   2.1110254960946580e-52 pn(zj):                     -nan
zj:   4.8578603313820249e-33 f(zj):   4.1839259038234937e-62 pn(zj):                     -nan
zj:   5.2065342805099242e-90 f(zj):   8.2260271709044984e-67 pn(zj):                     -nan
zj:  8.2012590046512156e+204 f(zj):  1.9512347655568931e-153 pn(zj):                     -nan
zj:  6.0134700170078987e-154 f(zj):   9.0579795081365291e-43 pn(zj):                     -nan
zj:  6.0134700169990685e-154 f(zj):   2.1783464999395786e-76 pn(zj):                     -nan
zj:   2.4737980795715994e-91 f(zj):   3.3760961382064666e-57 pn(zj):                     -nan
zj:  1.9701896709766747e-153 f(zj):   1.6039704617400945e-28 pn(zj):                     -nan
zj:   2.1110254960946580e-52 f(zj):  6.0134700169990685e-154 pn(zj):                     -nan
zj:   4.1839259038234937e-62 f(zj):  6.0134700169990685e-154 pn(zj):                     -nan
zj:   8.2260271709044984e-67 f(zj):  2.1212569355725347e+161 pn(zj):                     -nan
zj:  1.9512347655568931e-153 f(zj):  6.0136196164699367e-154 pn(zj):                     -nan
zj:   9.0579795081365291e-43 f(zj):   1.2571387197982928e-71 pn(zj):                     -nan
zj:   2.1783464999395786e-76 f(zj):   7.1151757200977876e-38 pn(zj):                     -nan
zj:   3.3760961382064666e-57 f(zj):  8.5982596536473953e+183 pn(zj):                     -nan
zj:   1.6039704617400945e-28 f(zj):  6.0136181703254192e-154 pn(zj):                     -nan
zj:  6.0134700169990685e-154 f(zj):   7.4102062551203192e-38 pn(zj):                     -nan
zj:  6.0134700169990685e-154 f(zj):   4.0814786275040175e-33 pn(zj):                     -nan
zj:  2.1212569355725347e+161 f(zj):  1.2569402823901650e+232 pn(zj):                     -nan
zj:  6.0136196164699367e-154 f(zj):  6.0513972685449602e-154 pn(zj):                     -nan
zj:   1.2571387197982928e-71 f(zj):  6.0134700169990685e-154 pn(zj):                     -nan
zj:   7.1151757200977876e-38 f(zj):  6.0134700169990685e-154 pn(zj):                     -nan
zj:  8.5982596536473953e+183 f(zj):  1.9759224698181475e-258 pn(zj):                     -nan
zj:  6.0136181703254192e-154 f(zj):   1.5764983660643473e-52 pn(zj):                     -nan
zj:   7.4102062551203192e-38 f(zj):   6.1257918640386510e-62 pn(zj):                     -nan
zj:   4.0814786275040175e-33 f(zj):  3.9238701656185063e+179 pn(zj):                     -nan
zj:  1.2569402823901650e+232 f(zj):  2.7680679515217591e+280 pn(zj):                     -nan
zj:  6.0513972685449602e-154 f(zj):   2.9073738727508045e-33 pn(zj):                     -nan
zj:  6.0134700169990685e-154 f(zj):   2.0046110881302569e-76 pn(zj):                     -nan
zj:  6.0134700169990685e-154 f(zj):  3.7611415724400733e+179 pn(zj):                     -nan
zj:  1.9759224698181475e-258 f(zj):  6.1799881319255043e-114 pn(zj):                     -nan
zj:   1.5764983660643473e-52 f(zj):  6.0134705957229995e-154 pn(zj):                     -nan
zj:   6.1257918640386510e-62 f(zj):  6.0134700169990685e-154 pn(zj):                     -nan
zj:  3.9238701656185063e+179 f(zj):  6.0134700169990685e-154 pn(zj):                     -nan
zj:  2.7680679515217591e+280 f(zj):  8.1645171051962679e+204 pn(zj):                     -nan
zj:   2.9073738727508045e-33 f(zj):   2.0019095260228361e-76 pn(zj):                     -nan
zj:   2.0046110881302569e-76 f(zj):   9.1799206600859207e-72 pn(zj):                     -nan
zj:  3.7611415724400733e+179 f(zj):   5.2084556403711456e-90 pn(zj):                     -nan
zj:  6.1799881319255043e-114 f(zj):  3.5230863936823911e-109 pn(zj):                     -nan
zj:  6.0134705957229995e-154 f(zj):   9.7237914343404662e-72 pn(zj):                     -nan
zj:  6.0134700169990685e-154 f(zj):   1.9192548492855811e-76 pn(zj):                     -nan
zj:  6.0134700169990685e-154 f(zj):   5.2007814074008397e-90 pn(zj):                     -nan
zj:  8.1645171051962679e+204 f(zj):  8.2012590046500727e+204 pn(zj):                     -nan
zj:   2.0019095260228361e-76 f(zj):  6.0134700170078987e-154 pn(zj):                     -nan
zj:  6.0134705957229995e-154 f(zj):  6.0134700169990685e-154 pn(zj):                     -nan
zj:  6.0134700169990685e-154 f(zj):   4.8555944969655245e-33 pn(zj):                     -nan
zj:  6.0134700169990685e-154 f(zj):   8.3185873588850180e-72 pn(zj):                     -nan
zj:  8.1645171051962679e+204 f(zj):  8.2012590046506430e+204 pn(zj):                     -nan
zj:   4.1782212158461761e-62 f(zj):  6.0134700170078987e-154 pn(zj):                     -nan
zj:   8.6082900896560362e-67 f(zj):  6.0134700169990685e-154 pn(zj):                     -nan
zj:   8.3185873759525103e-72 f(zj):   2.4737980795715994e-91 pn(zj):                     -nan
zj:  3.5230863936825126e-109 f(zj):  1.9701896709766747e-153 pn(zj):                     -nan
zj:   4.1782212158461761e-62 f(zj):   9.0579795081365291e-43 pn(zj):                     -nan
zj:   4.8555944969655245e-33 f(zj):   2.1783464999395786e-76 pn(zj):                     -nan
zj:   8.3185873588850180e-72 f(zj):   3.3760961382064666e-57 pn(zj):                     -nan
zj:  8.2012590046506430e+204 f(zj):  1.9512347655568931e-153 pn(zj):                     -nan
zj:  6.0134700170078987e-154 f(zj):   2.2142068729705760e-52 pn(zj):                     -nan
zj:  6.0134700169990685e-154 f(zj):   2.3202399528468062e-52 pn(zj):                     -nan
zj:   2.4737980795715994e-91 f(zj):   4.6617496070904863e-62 pn(zj):                     -nan
zj:  1.9701896709766747e-153 f(zj):   1.6039704617400945e-28 pn(zj):                     -nan
zj:   9.0579795081365291e-43 f(zj):  6.0134700169990685e-154 pn(zj):                     -nan
zj:   2.1783464999395786e-76 f(zj):  6.0134700169990685e-154 pn(zj):                     -nan
zj:   3.3760961382064666e-57 f(zj):  2.1212569355725347e+161 pn(zj):                     -nan
zj:  1.9512347655568931e-153 f(zj):   5.5168913069858178e-48 pn(zj):                     -nan
zj:   2.2142068729705760e-52 f(zj):   1.4004100249963239e-76 pn(zj):                     -nan
zj:   2.3202399528468062e-52 f(zj):   6.5205768263970071e-38 pn(zj):                     -nan
zj:   4.6617496070904863e-62 f(zj):  8.6065263864268412e+183 pn(zj):                     -nan
zj:   1.6039704617400945e-28 f(zj):  6.0136181703254192e-154 pn(zj):                     -nan
zj:  6.0134700169990685e-154 f(zj):   1.0855192711823159e-42 pn(zj):                     -nan
zj:  6.0134700169990685e-154 f(zj):   9.1733401357901137e-72 pn(zj):                     -nan
zj:  2.1212569355725347e+161 f(zj):  1.2572411396251762e+232 pn(zj):                     -nan
zj:   5.5168913069858178e-48 f(zj):  6.0513972685449602e-154 pn(zj):                     -nan
zj:   1.4004100249963239e-76 f(zj):  6.0134700169990685e-154 pn(zj):                     -nan
zj:   6.5205768263970071e-38 f(zj):  6.0134700169990685e-154 pn(zj):                     -nan
zj:  8.6065263864268412e+183 f(zj):  1.9759224698181475e-258 pn(zj):                     -nan
zj:  6.0136181703254192e-154 f(zj):   8.5517419149093275e-72 pn(zj):                     -nan
zj:   1.0855192711823159e-42 f(zj):   1.6905496150170450e-52 pn(zj):                     -nan
zj:   9.1733401357901137e-72 f(zj):  4.0872194617931145e+179 pn(zj):                     -nan
zj:  1.2572411396251762e+232 f(zj):  2.7680679177110115e+280 pn(zj):                     -nan
zj:  6.0513972685449602e-154 f(zj):   5.6044695813440024e-67 pn(zj):                     -nan
zj:  6.0134700169990685e-154 f(zj):   2.5789565955970237e-57 pn(zj):                     -nan
zj:  6.0134700169990685e-154 f(zj):  2.6258678231076271e+179 pn(zj):                     -nan
zj:  1.9759224698181475e-258 f(zj):  6.1799881437911730e-114 pn(zj):                     -nan
zj:   8.5517419149093275e-72 f(zj):  6.0134705957229995e-154 pn(zj):                     -nan
zj:   1.6905496150170450e-52 f(zj):  6.0134700169990685e-154 pn(zj):                     -nan
zj:  4.0872194617931145e+179 f(zj):  6.0134700169990685e-154 pn(zj):                     -nan
zj:  2.7680679177110115e+280 f(zj):  8.1645171051962679e+204 pn(zj):                     -nan
zj:   5.6044695813440024e-67 f(zj):   7.7039949647026954e-43 pn(zj):                     -nan
zj:   2.5789565955970237e-57 f(zj):   6.2278196526979415e-38 pn(zj):                     -nan
zj:  2.6258678231076271e+179 f(zj):   5.2017327530112856e-90 pn(zj):                     -nan
zj:  6.1799881437911730e-114 f(zj):  3.5230863936822711e-109 pn(zj):                     -nan
zj:  6.0134705957229995e-154 f(zj):   4.1782212158461761e-62 pn(zj):                     -nan
zj:   4.0467624934294009e-86 f(zj):   1.4004060562098664e-76 pn(zj):                     -nan
zj:   1.0296404564622530e-71 f(zj):   3.0624727000226576e-57 pn(zj):                     -nan
zj:   1.2573580987474825e-71 f(zj):   5.2093806372647566e-90 pn(zj):                     -nan
zj:  6.1799881198702292e-114 f(zj):  3.5230863936827561e-109 pn(zj):                     -nan
zj:  6.0134705957229995e-154 f(zj):   1.7428165627215454e-76 pn(zj):                     -nan
zj:  6.0134700169990685e-154 f(zj):   8.2373185585000498e-67 pn(zj):                     -nan
zj:  6.0134700169990685e-154 f(zj):   5.2046091607340817e-90 pn(zj):                     -nan
zj:  8.1645171051962679e+204 f(zj):  8.2012590046512156e+204 pn(zj):                     -nan
zj:   2.5776996381376996e-57 f(zj):  6.0134700170078987e-154 pn(zj):                     -nan
zj:   3.0624727000226576e-57 f(zj):  6.0134700169990685e-154 pn(zj):                     -nan
zj:   5.2093806372647566e-90 f(zj):   2.4737980795715994e-91 pn(zj):                     -nan
zj:  3.5230863936827561e-109 f(zj):  1.9701896709766747e-153 pn(zj):                     -nan
zj:   1.7428165627215454e-76 f(zj):   1.7239835407328981e-47 pn(zj):                     -nan
zj:   8.2373185585000498e-67 f(zj):   8.2359035868794942e-67 pn(zj):                     -nan
zj:   5.2046091607340817e-90 f(zj):   1.3117901216621789e-71 pn(zj):                     -nan
zj:  8.2012590046512156e+204 f(zj):  1.9512347655568931e-153 pn(zj):                     -nan
zj:  6.0134700170078987e-154 f(zj):   2.9012868427677902e-57 pn(zj):                     -nan
zj:  6.0134700169990685e-154 f(zj):   6.7463914229143372e-67 pn(zj):                     -nan
zj:   2.4737980795715994e-91 f(zj):   9.4962412379813956e-43 pn(zj):                     -nan
zj:  1.9701896709766747e-153 f(zj):   1.6039704617400945e-28 pn(zj):                     -nan
zj:   1.7239835407328981e-47 f(zj):  6.0134700169990685e-154 pn(zj):                     -nan
zj:   8.2359035868794942e-67 f(zj):  6.0134700169990685e-154 pn(zj):                     -nan
zj:   1.3117901216621789e-71 f(zj):  2.1212569355725347e+161 pn(zj):                     -nan
zj:  1.9512347655568931e-153 f(zj):  6.0136196164699367e-154 pn(zj):                     -nan
zj:   2.9012868427677902e-57 f(zj):   6.2301380309411673e-38 pn(zj):                     -nan
zj:   6.7463914229143372e-67 f(zj):   5.9408428010241747e-38 pn(zj):                     -nan
zj:   9.4962412379813956e-43 f(zj):  8.6003182023876035e+183 pn(zj):                     -nan
zj:   1.6039704617400945e-28 f(zj):  6.0136181703254192e-154 pn(zj):                     -nan
zj:  6.0134700169990685e-154 f(zj):   2.0899606815181404e-76 pn(zj):                     -nan
zj:  6.0134700169990685e-154 f(zj):   2.4226056232002560e-52 pn(zj):                     -nan
zj:  2.1212569355725347e+161 f(zj):  1.2566370562004029e+232 pn(zj):                     -nan
zj:  6.0136196164699367e-154 f(zj):  6.0513972685449602e-154 pn(zj):                     -nan
zj:   6.2301380309411673e-38 f(zj):  6.0134700169990685e-154 pn(zj):                     -nan
zj:   5.9408428010241747e-38 f(zj):  6.0134700169990685e-154 pn(zj):                     -nan
zj:  8.6003182023876035e+183 f(zj):  1.9759224698181475e-258 pn(zj):                     -nan
zj:  6.0136181703254192e-154 f(zj):   8.5495310557592233e-72 pn(zj):                     -nan
zj:   2.0899606815181404e-76 f(zj):   3.3111096229236664e-33 pn(zj):                     -nan
zj:   2.4226056232002560e-52 f(zj):  2.9538427366399729e+179 pn(zj):                     -nan
zj:  1.2566370562004029e+232 f(zj):  2.7680679177373239e+280 pn(zj):                     -nan
zj:  6.0513972685449602e-154 f(zj):   1.5764983660612583e-52 pn(zj):                     -nan
zj:  6.0134700169990685e-154 f(zj):   6.1257918640386510e-62 pn(zj):                     -nan
zj:  6.0134700169990685e-154 f(zj):  2.7898602555416344e+179 pn(zj):                     -nan
zj:  1.9759224698181475e-258 f(zj):  6.1799882043002384e-114 pn(zj):                     -nan
zj:   8.5495310557592233e-72 f(zj):  6.0134705957229995e-154 pn(zj):                     -nan
zj:   3.3111096229236664e-33 f(zj):  6.0134700169990685e-154 pn(zj):                     -nan
zj:  2.9538427366399729e+179 f(zj):  6.0134700169990685e-154 pn(zj):                     -nan
zj:  2.7680679177373239e+280 f(zj):  8.1645171051962679e+204 pn(zj):                     -nan
zj:  1.9759224698181475e-258 f(zj):   4.1782212158461761e-62 pn(zj):                     -nan
zj:   2.9073738727565028e-33 f(zj):  6.0134705957229995e-154 pn(zj):                     -nan
zj:   4.2763138429782780e-33 f(zj):  6.0134700169990685e-154 pn(zj):                     -nan
zj:  3.4388526979603900e+179 f(zj):  6.0134700169990685e-154 pn(zj):                     -nan
zj:  2.7680679448917660e+280 f(zj):  8.1645171051962679e+204 pn(zj):                     -nan
zj:   4.0467624934294009e-86 f(zj):   2.1746263082510105e-76 pn(zj):                     -nan
zj:   1.0296404564622530e-71 f(zj):   8.1682029603552734e-43 pn(zj):                     -nan
zj:   1.2573580987474825e-71 f(zj):   5.2084293206859654e-90 pn(zj):                     -nan
zj:  6.1799881198702292e-114 f(zj):  3.5230863936823907e-109 pn(zj):                     -nan
zj:  6.0134705957229995e-154 f(zj):   4.1782212158461761e-62 pn(zj):                     -nan
zj:  6.0134700169990685e-154 f(zj):   8.6082900896560362e-67 pn(zj):                     -nan
zj:  6.0134700169990685e-154 f(zj):   8.3185873759525103e-72 pn(zj):                     -nan
zj:  8.1645171051962679e+204 f(zj):  8.2012590046506430e+204 pn(zj):                     -nan
zj:   2.1746263082510105e-76 f(zj):  6.0134700170078987e-154 pn(zj):                     -nan
zj:   8.1682029603552734e-43 f(zj):  6.0134700169990685e-154 pn(zj):                     -nan
zj:   5.2084293206859654e-90 f(zj):   2.4737980795715994e-91 pn(zj):                     -nan
zj:  3.5230863936823907e-109 f(zj):  1.9701896709766747e-153 pn(zj):                     -nan
zj:   4.1782212158461761e-62 f(zj):   5.4003155067693102e-62 pn(zj):                     -nan
zj:   8.6082900896560362e-67 f(zj):   6.8247504306843734e-38 pn(zj):                     -nan
zj:   8.3185873759525103e-72 f(zj):   4.6617495348725485e-62 pn(zj):                     -nan
zj:  8.2012590046506430e+204 f(zj):  1.9512347655568931e-153 pn(zj):                     -nan
zj:  6.0134700170078987e-154 f(zj):   9.0579795081365291e-43 pn(zj):                     -nan
zj:  6.0134700169990685e-154 f(zj):   2.1783464999395786e-76 pn(zj):                     -nan
zj:   2.4737980795715994e-91 f(zj):   3.3760961382064666e-57 pn(zj):                     -nan
zj:  1.9701896709766747e-153 f(zj):   1.6039704617400945e-28 pn(zj):                     -nan
zj:   5.4003155067693102e-62 f(zj):  6.0134700169990685e-154 pn(zj):                     -nan
zj:   6.8247504306843734e-38 f(zj):  6.0134700169990685e-154 pn(zj):                     -nan
zj:   4.6617495348725485e-62 f(zj):  2.1212569355725347e+161 pn(zj):                     -nan
zj:  1.9512347655568931e-153 f(zj):   1.9599935210784089e-62 pn(zj):                     -nan
zj:   9.0579795081365291e-43 f(zj):   1.2458343273033861e-47 pn(zj):                     -nan
zj:   2.1783464999395786e-76 f(zj):   2.1763105381232059e-76 pn(zj):                     -nan
zj:   3.3760961382064666e-57 f(zj):  8.6169163841468948e+183 pn(zj):                     -nan
zj:   1.6039704617400945e-28 f(zj):   5.5168899802936380e-48 pn(zj):                     -nan
zj:  6.0134700169990685e-154 f(zj):   1.4004100249963239e-76 pn(zj):                     -nan
zj:  6.0134700169990685e-154 f(zj):   6.5205768263970071e-38 pn(zj):                     -nan
zj:  2.1212569355725347e+161 f(zj):  1.2578452405494448e+232 pn(zj):                     -nan
zj:   1.9599935210784089e-62 f(zj):  6.0513972685449602e-154 pn(zj):                     -nan
zj:   1.2458343273033861e-47 f(zj):  6.0134700169990685e-154 pn(zj):                     -nan
zj:   2.1763105381232059e-76 f(zj):  6.0134700169990685e-154 pn(zj):                     -nan
zj:  8.6169163841468948e+183 f(zj):  1.9759224698181475e-258 pn(zj):                     -nan
zj:   5.5168899802936380e-48 f(zj):   6.7701331129036050e-43 pn(zj):                     -nan
zj:   1.4004100249963239e-76 f(zj):   3.2217892214917950e-57 pn(zj):                     -nan
zj:   6.5205768263970071e-38 f(zj):  2.6277722768986443e+179 pn(zj):                     -nan
zj:  1.2578452405494448e+232 f(zj):  2.7680678908736493e+280 pn(zj):                     -nan
zj:  6.0513972685449602e-154 f(zj):   8.5517419148925818e-72 pn(zj):                     -nan
zj:  6.0134700169990685e-154 f(zj):   1.6905496150170450e-52 pn(zj):                     -nan
zj:  6.0134700169990685e-154 f(zj):  4.0872194617931145e+179 pn(zj):                     -nan
zj:  1.9759224698181475e-258 f(zj):  6.1799881437911730e-114 pn(zj):                     -nan
zj:  1.2578405026402262e+232 f(zj):  6.0134705957229995e-154 pn(zj):                     -nan
zj:  6.0513972685449602e-154 f(zj):   1.3045549096286740e-76 pn(zj):                     -nan
zj:  6.0134700169990685e-154 f(zj):   2.6318136701961405e-52 pn(zj):                     -nan
zj:  6.0134700169990685e-154 f(zj):  3.4401314732004656e+179 pn(zj):                     -nan
zj:  1.9759224698181475e-258 f(zj):  6.1799881440273540e-114 pn(zj):                     -nan
zj:   5.5993984010708339e-67 f(zj):  6.0134705957229995e-154 pn(zj):                     -nan
zj:   6.0117948245623261e-67 f(zj):  6.0134700169990685e-154 pn(zj):                     -nan
zj:  2.9519432391562160e+179 f(zj):  6.0134700169990685e-154 pn(zj):                     -nan
zj:  2.7680679042659157e+280 f(zj):  8.1645171051962679e+204 pn(zj):                     -nan
zj:   1.3045549096286740e-76 f(zj):   1.1992099119843867e-71 pn(zj):                     -nan
zj:   2.6318136701961405e-52 f(zj):   3.3804736424894279e-57 pn(zj):                     -nan
zj:  3.4401314732004656e+179 f(zj):   8.3185742696943631e-72 pn(zj):                     -nan
zj:  6.1799881440273540e-114 f(zj):  3.5230863936825126e-109 pn(zj):                     -nan
zj:  6.0134705957229995e-154 f(zj):   1.6564548771706009e-76 pn(zj):                     -nan
zj:  6.0134700169990685e-154 f(zj):   1.7234584087642407e-47 pn(zj):                     -nan
zj:  6.0134700169990685e-154 f(zj):   5.2007664552978687e-90 pn(zj):                     -nan
zj:  8.1645171051962679e+204 f(zj):  8.2012590046512156e+204 pn(zj):                     -nan
zj:   1.1992099119843867e-71 f(zj):  6.0134700170078987e-154 pn(zj):                     -nan
zj:   3.3804736424894279e-57 f(zj):  6.0134700169990685e-154 pn(zj):                     -nan
zj:   8.3185742696943631e-72 f(zj):   2.4737980795715994e-91 pn(zj):                     -nan
zj:  3.5230863936825126e-109 f(zj):  1.9701896709766747e-153 pn(zj):                     -nan
zj:   1.6564548771706009e-76 f(zj):   9.0579795081365291e-43 pn(zj):                     -nan
zj:   1.7234584087642407e-47 f(zj):   2.1783464999395786e-76 pn(zj):                     -nan
zj:   5.2007664552978687e-90 f(zj):   3.3760961382064666e-57 pn(zj):                     -nan
zj:  8.2012590046512156e+204 f(zj):  1.9512347655568931e-153 pn(zj):                     -nan
zj:  6.0134700170078987e-154 f(zj):   5.0546390733464187e-38 pn(zj):                     -nan
zj:  6.0134700169990685e-154 f(zj):   1.7237163010475676e-47 pn(zj):                     -nan
zj:   2.4737980795715994e-91 f(zj):   7.8551066214713054e-67 pn(zj):                     -nan
zj:  1.9701896709766747e-153 f(zj):   1.6039704617400945e-28 pn(zj):                     -nan
zj:   9.0579795081365291e-43 f(zj):  6.0134700169990685e-154 pn(zj):                     -nan
zj:   2.1783464999395786e-76 f(zj):  6.0134700169990685e-154 pn(zj):                     -nan
zj:   3.3760961382064666e-57 f(zj):  2.1212569355725347e+161 pn(zj):                     -nan
zj:  1.9512347655568931e-153 f(zj):   5.5168913069858178e-48 pn(zj):                     -nan
zj:   5.0546390733464187e-38 f(zj):   1.4004100249963239e-76 pn(zj):                     -nan
zj:   1.7237163010475676e-47 f(zj):   6.5205768263970071e-38 pn(zj):                     -nan
zj:   7.8551066214713054e-67 f(zj):  8.6065263864268412e+183 pn(zj):                     -nan
zj:   1.6039704617400945e-28 f(zj):   1.9599930497426634e-62 pn(zj):                     -nan
zj:  6.0134700169990685e-154 f(zj):   2.7401131969676629e-57 pn(zj):                     -nan
zj:  6.0134700169990685e-154 f(zj):   2.3181911805932393e-52 pn(zj):                     -nan
zj:  2.1212569355725347e+161 f(zj):  1.2593637404174187e+232 pn(zj):                     -nan
zj:   5.5168913069858178e-48 f(zj):  6.0513972685449602e-154 pn(zj):                     -nan
zj:   1.4004100249963239e-76 f(zj):  6.0134700169990685e-154 pn(zj):                     -nan
zj:   6.5205768263970071e-38 f(zj):  6.0134700169990685e-154 pn(zj):                     -nan
zj:  8.6065263864268412e+183 f(zj):  1.9759224698181475e-258 pn(zj):                     -nan
zj:   1.9599930497426634e-62 f(zj):   2.9073738727565028e-33 pn(zj):                     -nan
zj:   2.7401131969676629e-57 f(zj):   4.2763138429782780e-33 pn(zj):                     -nan
zj:   2.3181911805932393e-52 f(zj):  3.4388526979603900e+179 pn(zj):                     -nan
zj:  1.2593637404174187e+232 f(zj):  2.7680679448917660e+280 pn(zj):                     -nan
zj:  8.6023606932237340e+183 f(zj):  1.9759224698181475e-258 pn(zj):                     -nan
zj:   2.9907120509989371e-67 f(zj):   1.0338421603614537e-47 pn(zj):                     -nan
zj:   4.4704056614567416e-33 f(zj):   6.1286182503168730e-62 pn(zj):                     -nan
zj:   1.5200526823758125e-47 f(zj):  2.6264985254055016e+179 pn(zj):                     -nan
zj:  1.2566358938124635e+232 f(zj):  2.7680679111600561e+280 pn(zj):                     -nan
zj:  6.0513972685449602e-154 f(zj):   2.9073738727508045e-33 pn(zj):                     -nan
zj:  6.0134700169990685e-154 f(zj):   4.2763138429782780e-33 pn(zj):                     -nan
zj:  6.0134700169990685e-154 f(zj):  3.4388526979603900e+179 pn(zj):                     -nan
zj:  1.9759224698181475e-258 f(zj):  6.1799881924349376e-114 pn(zj):                     -nan
zj:   1.0338421603614537e-47 f(zj):  6.0134705957229995e-154 pn(zj):                     -nan
zj:   6.1286182503168730e-62 f(zj):  6.0134700169990685e-154 pn(zj):                     -nan
zj:  2.6264985254055016e+179 f(zj):  6.0134700169990685e-154 pn(zj):                     -nan
zj:  2.7680679111600561e+280 f(zj):  8.1645171051962679e+204 pn(zj):                     -nan
zj:   2.9073738727508045e-33 f(zj):   4.8495787202327097e-33 pn(zj):                     -nan
zj:   4.2763138429782780e-33 f(zj):   3.1215023149003218e-33 pn(zj):                     -nan
zj:  3.4388526979603900e+179 f(zj):   5.2017364402890607e-90 pn(zj):                     -nan
zj:  6.1799881924349376e-114 f(zj):  3.5230863936828762e-109 pn(zj):                     -nan
zj:  6.0134705957229995e-154 f(zj):   3.9332463768641218e-62 pn(zj):                     -nan
zj:  6.0134700169990685e-154 f(zj):   3.9408430930015470e-62 pn(zj):                     -nan
zj:  6.0134700169990685e-154 f(zj):   5.2074743318025365e-90 pn(zj):                     -nan
zj:  8.1645171051962679e+204 f(zj):  8.2012590046514974e+204 pn(zj):                     -nan
zj:   4.8495787202327097e-33 f(zj):  6.0134700170078987e-154 pn(zj):                     -nan
zj:   3.1215023149003218e-33 f(zj):  6.0134700169990685e-154 pn(zj):                     -nan
zj:   5.2017364402890607e-90 f(zj):   2.4737980795715994e-91 pn(zj):                     -nan
zj:  3.5230863936828762e-109 f(zj):  1.9701896709766747e-153 pn(zj):                     -nan
zj:   3.9332463768641218e-62 f(zj):   2.5833004855675496e-57 pn(zj):                     -nan
zj:   3.9408430930015470e-62 f(zj):   1.4508280641176782e-47 pn(zj):                     -nan
zj:   5.2074743318025365e-90 f(zj):   4.6617496214102227e-62 pn(zj):                     -nan
zj:  8.2012590046514974e+204 f(zj):  1.9512347655568931e-153 pn(zj):                     -nan
zj:  6.0134700170078987e-154 f(zj):   1.6555618082829073e-47 pn(zj):                     -nan
zj:  6.0134700169990685e-154 f(zj):   1.1768686331426612e-47 pn(zj):                     -nan
zj:   2.4737980795715994e-91 f(zj):   8.2260271262571964e-67 pn(zj):                     -nan
zj:  1.9701896709766747e-153 f(zj):   1.6039704617400945e-28 pn(zj):                     -nan
zj:   2.5833004855675496e-57 f(zj):  6.0134700169990685e-154 pn(zj):                     -nan
zj:   1.4508280641176782e-47 f(zj):  6.0134700169990685e-154 pn(zj):                     -nan
zj:   4.6617496214102227e-62 f(zj):  2.1212569355725347e+161 pn(zj):                     -nan
zj:  1.9512347655568931e-153 f(zj):  6.0136196164699367e-154 pn(zj):                     -nan
zj:   1.6555618082829073e-47 f(zj):   7.8591533121636659e-67 pn(zj):                     -nan
zj:   1.1768686331426612e-47 f(zj):   1.3701170869570633e-71 pn(zj):                     -nan
zj:   8.2260271262571964e-67 f(zj):  8.6127424355264600e+183 pn(zj):                     -nan
zj:   1.6039704617400945e-28 f(zj):   0.0000000000000000e+00 pn(zj):                     -nan
zj:  6.0134700169990685e-154 f(zj):  6.3114415927990040e-319 pn(zj):                     -nan
zj:  6.0134700169990685e-154 f(zj):   0.0000000000000000e+00 pn(zj):                     -nan
zj:  2.1212569355725347e+161 f(zj):   0.0000000000000000e+00 pn(zj):                     -nan
zj:  6.0136196164699367e-154 f(zj):   0.0000000000000000e+00 pn(zj):                     -nan
zj:   7.8591533121636659e-67 f(zj):   0.0000000000000000e+00 pn(zj):                     -nan
zj:   1.3701170869570633e-71 f(zj):   0.0000000000000000e+00 pn(zj):                     -nan
zj:  6.0134700169990685e-154 f(zj):   0.0000000000000000e+00 pn(zj):                     -nan
zj:   0.0000000000000000e+00 f(zj):   0.0000000000000000e+00 pn(zj):                     -nan
zj:  6.3114415927990040e-319 f(zj):   0.0000000000000000e+00 pn(zj):                     -nan
zj:   0.0000000000000000e+00 f(zj):   0.0000000000000000e+00 pn(zj):                     -nan
zj:   0.0000000000000000e+00 f(zj):   0.0000000000000000e+00 pn(zj):                     -nan
zj:   0.0000000000000000e+00 f(zj):   0.0000000000000000e+00 pn(zj):                     -nan
zj:   0.0000000000000000e+00 f(zj):   0.0000000000000000e+00 pn(zj):                     -nan
zj:   0.0000000000000000e+00 f(zj):   0.0000000000000000e+00 pn(zj):                     -nan
zj:   0.0000000000000000e+00 f(zj):   0.0000000000000000e+00 pn(zj):                     -nan
zj:   0.0000000000000000e+00 f(zj):   0.0000000000000000e+00 pn(zj):                     -nan
zj:   0.0000000000000000e+00 f(zj):   0.0000000000000000e+00 pn(zj):                     -nan
zj:   0.0000000000000000e+00 f(zj):   0.0000000000000000e+00 pn(zj):                     -nan
zj:   0.0000000000000000e+00 f(zj):   0.0000000000000000e+00 pn(zj):                     -nan
zj:   0.0000000000000000e+00 f(zj):   0.0000000000000000e+00 pn(zj):                     -nan
zj:   0.0000000000000000e+00 f(zj):   0.0000000000000000e+00 pn(zj):                     -nan
zj:   0.0000000000000000e+00 f(zj):   0.0000000000000000e+00 pn(zj):                     -nan
zj:   0.0000000000000000e+00 f(zj):   0.0000000000000000e+00 pn(zj):                     -nan
zj:   0.0000000000000000e+00 f(zj):   0.0000000000000000e+00 pn(zj):                     -nan
zj:   0.0000000000000000e+00 f(zj):   0.0000000000000000e+00 pn(zj):                     -nan
zj:   0.0000000000000000e+00 f(zj):   0.0000000000000000e+00 pn(zj):                     -nan
zj:   0.0000000000000000e+00 f(zj):   0.0000000000000000e+00 pn(zj):                     -nan
zj:   0.0000000000000000e+00 f(zj):   0.0000000000000000e+00 pn(zj):                     -nan
zj:   0.0000000000000000e+00 f(zj):   0.0000000000000000e+00 pn(zj):                     -nan
zj:   0.0000000000000000e+00 f(zj):   0.0000000000000000e+00 pn(zj):                     -nan
zj:   0.0000000000000000e+00 f(zj):   0.0000000000000000e+00 pn(zj):                     -nan
zj:   0.0000000000000000e+00 f(zj):   0.0000000000000000e+00 pn(zj):                     -nan
zj:   0.0000000000000000e+00 f(zj):   0.0000000000000000e+00 pn(zj):                     -nan
zj:   0.0000000000000000e+00 f(zj):   0.0000000000000000e+00 pn(zj):                     -nan
zj:   0.0000000000000000e+00 f(zj):   0.0000000000000000e+00 pn(zj):                     -nan
zj:   0.0000000000000000e+00 f(zj):   0.0000000000000000e+00 pn(zj):                     -nan
zj:   0.0000000000000000e+00 f(zj):   0.0000000000000000e+00 pn(zj):                     -nan
zj:   0.0000000000000000e+00 f(zj):   0.0000000000000000e+00 pn(zj):                     -nan
zj:   0.0000000000000000e+00 f(zj):   0.0000000000000000e+00 pn(zj):                     -nan
zj:   0.0000000000000000e+00 f(zj):   0.0000000000000000e+00 pn(zj):                     -nan
zj:   0.0000000000000000e+00 f(zj):   0.0000000000000000e+00 pn(zj):                     -nan
zj:   0.0000000000000000e+00 f(zj):   0.0000000000000000e+00 pn(zj):                     -nan
zj:   0.0000000000000000e+00 f(zj):   0.0000000000000000e+00 pn(zj):                     -nan
zj:   0.0000000000000000e+00 f(zj):   0.0000000000000000e+00 pn(zj):                     -nan
zj:   0.0000000000000000e+00 f(zj):   0.0000000000000000e+00 pn(zj):                     -nan
zj:   0.0000000000000000e+00 f(zj):   0.0000000000000000e+00 pn(zj):                     -nan
zj:   0.0000000000000000e+00 f(zj):   0.0000000000000000e+00 pn(zj):                     -nan
zj:   0.0000000000000000e+00 f(zj):   0.0000000000000000e+00 pn(zj):                     -nan
zj:   0.0000000000000000e+00 f(zj):   0.0000000000000000e+00 pn(zj):                     -nan
zj:   0.0000000000000000e+00 f(zj):   0.0000000000000000e+00 pn(zj):                     -nan
zj:   0.0000000000000000e+00 f(zj):   0.0000000000000000e+00 pn(zj):                     -nan
zj:   0.0000000000000000e+00 f(zj):   0.0000000000000000e+00 pn(zj):                     -nan
zj:   0.0000000000000000e+00 f(zj):   0.0000000000000000e+00 pn(zj):                     -nan
zj:   0.0000000000000000e+00 f(zj):   0.0000000000000000e+00 pn(zj):                     -nan
zj:   0.0000000000000000e+00 f(zj):   0.0000000000000000e+00 pn(zj):                     -nan
zj:   0.0000000000000000e+00 f(zj):   0.0000000000000000e+00 pn(zj):                     -nan
zj:   0.0000000000000000e+00 f(zj):   0.0000000000000000e+00 pn(zj):                     -nan
zj:   0.0000000000000000e+00 f(zj):   0.0000000000000000e+00 pn(zj):                     -nan
zj:   0.0000000000000000e+00 f(zj):   0.0000000000000000e+00 pn(zj):                     -nan
zj:   0.0000000000000000e+00 f(zj):   0.0000000000000000e+00 pn(zj):                     -nan
zj:   0.0000000000000000e+00 f(zj):   0.0000000000000000e+00 pn(zj):                     -nan
zj:   0.0000000000000000e+00 f(zj):   0.0000000000000000e+00 pn(zj):                     -nan
zj:   0.0000000000000000e+00 f(zj):   0.0000000000000000e+00 pn(zj):                     -nan
zj:   0.0000000000000000e+00 f(zj):   0.0000000000000000e+00 pn(zj):                     -nan
zj:   0.0000000000000000e+00 f(zj):   0.0000000000000000e+00 pn(zj):                     -nan
zj:   0.0000000000000000e+00 f(zj):   0.0000000000000000e+00 pn(zj):                     -nan
zj:   0.0000000000000000e+00 f(zj):   0.0000000000000000e+00 pn(zj):                     -nan
zj:   0.0000000000000000e+00 f(zj):   0.0000000000000000e+00 pn(zj):                     -nan
zj:   0.0000000000000000e+00 f(zj):   0.0000000000000000e+00 pn(zj):                     -nan
zj:   0.0000000000000000e+00 f(zj):   0.0000000000000000e+00 pn(zj):                     -nan
zj:   0.0000000000000000e+00 f(zj):   0.0000000000000000e+00 pn(zj):                     -nan
zj:   0.0000000000000000e+00 f(zj):   0.0000000000000000e+00 pn(zj):                     -nan
zj:   0.0000000000000000e+00 f(zj):   0.0000000000000000e+00 pn(zj):                     -nan
zj:   0.0000000000000000e+00 f(zj):   0.0000000000000000e+00 pn(zj):                     -nan
zj:   0.0000000000000000e+00 f(zj):   0.0000000000000000e+00 pn(zj):                     -nan
zj:   0.0000000000000000e+00 f(zj):   0.0000000000000000e+00 pn(zj):                     -nan
zj:   0.0000000000000000e+00 f(zj):   0.0000000000000000e+00 pn(zj):                     -nan
zj:   0.0000000000000000e+00 f(zj):   0.0000000000000000e+00 pn(zj):                     -nan
zj:   0.0000000000000000e+00 f(zj):   0.0000000000000000e+00 pn(zj):                     -nan
zj:   0.0000000000000000e+00 f(zj):   0.0000000000000000e+00 pn(zj):                     -nan
zj:   0.0000000000000000e+00 f(zj):   0.0000000000000000e+00 pn(zj):                     -nan
zj:   0.0000000000000000e+00 f(zj):   0.0000000000000000e+00 pn(zj):                     -nan
zj:   0.0000000000000000e+00 f(zj):   0.0000000000000000e+00 pn(zj):                     -nan
zj:   0.0000000000000000e+00 f(zj):   0.0000000000000000e+00 pn(zj):                     -nan
zj:   0.0000000000000000e+00 f(zj):   0.0000000000000000e+00 pn(zj):                     -nan
zj:   0.0000000000000000e+00 f(zj):   0.0000000000000000e+00 pn(zj):                     -nan
zj:   0.0000000000000000e+00 f(zj):   0.0000000000000000e+00 pn(zj):                     -nan
zj:   0.0000000000000000e+00 f(zj):   0.0000000000000000e+00 pn(zj):                     -nan
zj:   0.0000000000000000e+00 f(zj):   0.0000000000000000e+00 pn(zj):                     -nan
zj:   0.0000000000000000e+00 f(zj):   0.0000000000000000e+00 pn(zj):                     -nan
zj:   0.0000000000000000e+00 f(zj):   0.0000000000000000e+00 pn(zj):                     -nan
zj:   0.0000000000000000e+00 f(zj):   0.0000000000000000e+00 pn(zj):                     -nan
zj:   0.0000000000000000e+00 f(zj):   0.0000000000000000e+00 pn(zj):                     -nan
zj:   0.0000000000000000e+00 f(zj):   0.0000000000000000e+00 pn(zj):                     -nan
zj:   0.0000000000000000e+00 f(zj):   0.0000000000000000e+00 pn(zj):                     -nan
zj:   0.0000000000000000e+00 f(zj):   0.0000000000000000e+00 pn(zj):                     -nan
zj:   0.0000000000000000e+00 f(zj):   0.0000000000000000e+00 pn(zj):                     -nan
zj:   0.0000000000000000e+00 f(zj):   0.0000000000000000e+00 pn(zj):                     -nan
zj:   0.0000000000000000e+00 f(zj):   0.0000000000000000e+00 pn(zj):                     -nan
zj:   0.0000000000000000e+00 f(zj):   0.0000000000000000e+00 pn(zj):                     -nan
zj:   0.0000000000000000e+00 f(zj):   0.0000000000000000e+00 pn(zj):                     -nan
zj:   0.0000000000000000e+00 f(zj):   0.0000000000000000e+00 pn(zj):                     -nan
zj:   0.0000000000000000e+00 f(zj):   0.0000000000000000e+00 pn(zj):                     -nan
zj:   0.0000000000000000e+00 f(zj):   0.0000000000000000e+00 pn(zj):                     -nan
zj:   0.0000000000000000e+00 f(zj):   0.0000000000000000e+00 pn(zj):                     -nan
zj:   0.0000000000000000e+00 f(zj):   0.0000000000000000e+00 pn(zj):                     -nan
zj:   0.0000000000000000e+00 f(zj):   0.0000000000000000e+00 pn(zj):                     -nan
zj:   0.0000000000000000e+00 f(zj):   0.0000000000000000e+00 pn(zj):                     -nan
zj:   0.0000000000000000e+00 f(zj):   0.0000000000000000e+00 pn(zj):                     -nan
zj:   0.0000000000000000e+00 f(zj):   0.0000000000000000e+00 pn(zj):                     -nan
zj:   0.0000000000000000e+00 f(zj):   0.0000000000000000e+00 pn(zj):                     -nan
zj:   0.0000000000000000e+00 f(zj):   0.0000000000000000e+00 pn(zj):                     -nan
zj:   0.0000000000000000e+00 f(zj):   0.0000000000000000e+00 pn(zj):                     -nan
zj:   0.0000000000000000e+00 f(zj):   0.0000000000000000e+00 pn(zj):                     -nan
zj:   0.0000000000000000e+00 f(zj):   0.0000000000000000e+00 pn(zj):                     -nan
zj:   0.0000000000000000e+00 f(zj):   0.0000000000000000e+00 pn(zj):                     -nan
zj:   0.0000000000000000e+00 f(zj):   0.0000000000000000e+00 pn(zj):                     -nan
zj:   0.0000000000000000e+00 f(zj):   0.0000000000000000e+00 pn(zj):                     -nan
zj:   0.0000000000000000e+00 f(zj):   0.0000000000000000e+00 pn(zj):                     -nan
zj:   0.0000000000000000e+00 f(zj):   0.0000000000000000e+00 pn(zj):                     -nan
zj:   0.0000000000000000e+00 f(zj):   0.0000000000000000e+00 pn(zj):                     -nan
zj:   0.0000000000000000e+00 f(zj):   0.0000000000000000e+00 pn(zj):                     -nan
zj:   0.0000000000000000e+00 f(zj):   0.0000000000000000e+00 pn(zj):                     -nan
zj:   0.0000000000000000e+00 f(zj):   0.0000000000000000e+00 pn(zj):                     -nan
zj:   0.0000000000000000e+00 f(zj):   0.0000000000000000e+00 pn(zj):                     -nan
zj:   0.0000000000000000e+00 f(zj):   0.0000000000000000e+00 pn(zj):                     -nan
zj:   0.0000000000000000e+00 f(zj):   0.0000000000000000e+00 pn(zj):                     -nan
zj:   0.0000000000000000e+00 f(zj):   0.0000000000000000e+00 pn(zj):                     -nan
zj:   0.0000000000000000e+00 f(zj):   0.0000000000000000e+00 pn(zj):                     -nan
zj:   0.0000000000000000e+00 f(zj):   0.0000000000000000e+00 pn(zj):                     -nan
zj:   0.0000000000000000e+00 f(zj):   0.0000000000000000e+00 pn(zj):                     -nan
zj:   0.0000000000000000e+00 f(zj):   0.0000000000000000e+00 pn(zj):                     -nan
zj:   0.0000000000000000e+00 f(zj):   0.0000000000000000e+00 pn(zj):                     -nan
zj:   0.0000000000000000e+00 f(zj):   0.0000000000000000e+00 pn(zj):                     -nan
zj:   0.0000000000000000e+00 f(zj):   0.0000000000000000e+00 pn(zj):                     -nan
zj:   0.0000000000000000e+00 f(zj):   0.0000000000000000e+00 pn(zj):                     -nan
zj:   0.0000000000000000e+00 f(zj):   0.0000000000000000e+00 pn(zj):                     -nan
zj:   0.0000000000000000e+00 f(zj):   0.0000000000000000e+00 pn(zj):                     -nan
zj:   0.0000000000000000e+00 f(zj):   0.0000000000000000e+00 pn(zj):                     -nan
zj:   0.0000000000000000e+00 f(zj):   0.0000000000000000e+00 pn(zj):                     -nan
zj:   0.0000000000000000e+00 f(zj):   0.0000000000000000e+00 pn(zj):                     -nan
zj:   0.0000000000000000e+00 f(zj):   0.0000000000000000e+00 pn(zj):                     -nan
zj:   0.0000000000000000e+00 f(zj):   0.0000000000000000e+00 pn(zj):                     -nan
zj:   0.0000000000000000e+00 f(zj):   0.0000000000000000e+00 pn(zj):                     -nan
zj:   0.0000000000000000e+00 f(zj):   0.0000000000000000e+00 pn(zj):                     -nan
zj:   0.0000000000000000e+00 f(zj):   0.0000000000000000e+00 pn(zj):                     -nan
zj:   0.0000000000000000e+00 f(zj):   0.0000000000000000e+00 pn(zj):                     -nan
zj:   0.0000000000000000e+00 f(zj):   0.0000000000000000e+00 pn(zj):                     -nan
zj:   0.0000000000000000e+00 f(zj):   0.0000000000000000e+00 pn(zj):                     -nan
zj:   0.0000000000000000e+00 f(zj):   0.0000000000000000e+00 pn(zj):                     -nan
zj:   0.0000000000000000e+00 f(zj):   0.0000000000000000e+00 pn(zj):                     -nan
zj:   0.0000000000000000e+00 f(zj):   0.0000000000000000e+00 pn(zj):                     -nan
zj:   0.0000000000000000e+00 f(zj):   0.0000000000000000e+00 pn(zj):                     -nan
zj:   0.0000000000000000e+00 f(zj):   0.0000000000000000e+00 pn(zj):                     -nan
zj:   0.0000000000000000e+00 f(zj):   0.0000000000000000e+00 pn(zj):                     -nan
zj:   0.0000000000000000e+00 f(zj):   0.0000000000000000e+00 pn(zj):                     -nan
zj:   0.0000000000000000e+00 f(zj):   0.0000000000000000e+00 pn(zj):                     -nan
zj:   0.0000000000000000e+00 f(zj):   0.0000000000000000e+00 pn(zj):                     -nan
zj:   0.0000000000000000e+00 f(zj):   0.0000000000000000e+00 pn(zj):                     -nan
zj:   0.0000000000000000e+00 f(zj):   0.0000000000000000e+00 pn(zj):                     -nan
zj:   0.0000000000000000e+00 f(zj):   0.0000000000000000e+00 pn(zj):                     -nan
zj:   0.0000000000000000e+00 f(zj):   0.0000000000000000e+00 pn(zj):                     -nan
zj:   0.0000000000000000e+00 f(zj):   0.0000000000000000e+00 pn(zj):                     -nan
zj:   0.0000000000000000e+00 f(zj):   0.0000000000000000e+00 pn(zj):                     -nan
zj:   0.0000000000000000e+00 f(zj):   0.0000000000000000e+00 pn(zj):                     -nan
zj:   0.0000000000000000e+00 f(zj):   0.0000000000000000e+00 pn(zj):                     -nan
zj:   0.0000000000000000e+00 f(zj):   0.0000000000000000e+00 pn(zj):                     -nan
zj:   0.0000000000000000e+00 f(zj):   0.0000000000000000e+00 pn(zj):                     -nan
zj:   0.0000000000000000e+00 f(zj):   0.0000000000000000e+00 pn(zj):                     -nan
zj:   0.0000000000000000e+00 f(zj):   0.0000000000000000e+00 pn(zj):                     -nan
zj:   0.0000000000000000e+00 f(zj):   0.0000000000000000e+00 pn(zj):                     -nan
zj:   0.0000000000000000e+00 f(zj):   0.0000000000000000e+00 pn(zj):                     -nan
zj:   0.0000000000000000e+00 f(zj):   0.0000000000000000e+00 pn(zj):                     -nan
zj:   0.0000000000000000e+00 f(zj):   0.0000000000000000e+00 pn(zj):                     -nan
zj:   0.0000000000000000e+00 f(zj):   0.0000000000000000e+00 pn(zj):                     -nan
zj:   0.0000000000000000e+00 f(zj):   0.0000000000000000e+00 pn(zj):                     -nan
zj:   0.0000000000000000e+00 f(zj):   0.0000000000000000e+00 pn(zj):                     -nan
zj:   0.0000000000000000e+00 f(zj):   0.0000000000000000e+00 pn(zj):                     -nan
zj:   0.0000000000000000e+00 f(zj):   0.0000000000000000e+00 pn(zj):                     -nan
zj:   0.0000000000000000e+00 f(zj):   0.0000000000000000e+00 pn(zj):                     -nan
zj:   0.0000000000000000e+00 f(zj):   0.0000000000000000e+00 pn(zj):                     -nan
zj:   0.0000000000000000e+00 f(zj):   0.0000000000000000e+00 pn(zj):                     -nan
zj:   0.0000000000000000e+00 f(zj):   0.0000000000000000e+00 pn(zj):                     -nan
zj:   0.0000000000000000e+00 f(zj):   0.0000000000000000e+00 pn(zj):                     -nan
zj:   0.0000000000000000e+00 f(zj):   0.0000000000000000e+00 pn(zj):                     -nan
zj:   0.0000000000000000e+00 f(zj):   0.0000000000000000e+00 pn(zj):                     -nan
zj:   0.0000000000000000e+00 f(zj):   0.0000000000000000e+00 pn(zj):                     -nan
zj:   0.0000000000000000e+00 f(zj):   0.0000000000000000e+00 pn(zj):                     -nan
zj:   0.0000000000000000e+00 f(zj):   0.0000000000000000e+00 pn(zj):                     -nan
zj:   0.0000000000000000e+00 f(zj):   0.0000000000000000e+00 pn(zj):                     -nan
zj:   0.0000000000000000e+00 f(zj):   0.0000000000000000e+00 pn(zj):                     -nan
zj:   0.0000000000000000e+00 f(zj):   0.0000000000000000e+00 pn(zj):                     -nan
zj:   0.0000000000000000e+00 f(zj):   0.0000000000000000e+00 pn(zj):                     -nan
zj:   0.0000000000000000e+00 f(zj):   0.0000000000000000e+00 pn(zj):                     -nan
zj:   0.0000000000000000e+00 f(zj):   0.0000000000000000e+00 pn(zj):                     -nan
zj:   0.0000000000000000e+00 f(zj):   0.0000000000000000e+00 pn(zj):                     -nan
zj:   0.0000000000000000e+00 f(zj):   0.0000000000000000e+00 pn(zj):                     -nan
zj:   0.0000000000000000e+00 f(zj):   0.0000000000000000e+00 pn(zj):                     -nan
zj:   0.0000000000000000e+00 f(zj):   0.0000000000000000e+00 pn(zj):                     -nan
zj:   0.0000000000000000e+00 f(zj):   0.0000000000000000e+00 pn(zj):                     -nan
zj:   0.0000000000000000e+00 f(zj):   0.0000000000000000e+00 pn(zj):                     -nan
zj:   0.0000000000000000e+00 f(zj):   0.0000000000000000e+00 pn(zj):                     -nan
zj:   0.0000000000000000e+00 f(zj):   0.0000000000000000e+00 pn(zj):                     -nan
zj:   0.0000000000000000e+00 f(zj):   0.0000000000000000e+00 pn(zj):                     -nan
zj:   0.0000000000000000e+00 f(zj):   0.0000000000000000e+00 pn(zj):                     -nan
zj:   0.0000000000000000e+00 f(zj):   0.0000000000000000e+00 pn(zj):                     -nan
zj:   0.0000000000000000e+00 f(zj):   0.0000000000000000e+00 pn(zj):                     -nan
zj:   0.0000000000000000e+00 f(zj):   0.0000000000000000e+00 pn(zj):                     -nan
zj:   0.0000000000000000e+00 f(zj):   0.0000000000000000e+00 pn(zj):                     -nan
zj:   0.0000000000000000e+00 f(zj):   0.0000000000000000e+00 pn(zj):                     -nan
zj:   0.0000000000000000e+00 f(zj):   0.0000000000000000e+00 pn(zj):                     -nan
zj:   0.0000000000000000e+00 f(zj):   0.0000000000000000e+00 pn(zj):                     -nan
zj:   0.0000000000000000e+00 f(zj):   0.0000000000000000e+00 pn(zj):                     -nan
zj:   0.0000000000000000e+00 f(zj):   0.0000000000000000e+00 pn(zj):                     -nan
zj:   0.0000000000000000e+00 f(zj):   0.0000000000000000e+00 pn(zj):                     -nan
zj:   0.0000000000000000e+00 f(zj):   0.0000000000000000e+00 pn(zj):                     -nan
zj:   0.0000000000000000e+00 f(zj):   0.0000000000000000e+00 pn(zj):                     -nan
zj:   0.0000000000000000e+00 f(zj):   0.0000000000000000e+00 pn(zj):                     -nan
zj:   0.0000000000000000e+00 f(zj):   0.0000000000000000e+00 pn(zj):                     -nan
zj:   0.0000000000000000e+00 f(zj):   0.0000000000000000e+00 pn(zj):                     -nan
zj:   0.0000000000000000e+00 f(zj):   0.0000000000000000e+00 pn(zj):                     -nan
zj:   0.0000000000000000e+00 f(zj):   0.0000000000000000e+00 pn(zj):                     -nan
zj:   0.0000000000000000e+00 f(zj):   0.0000000000000000e+00 pn(zj):                     -nan
zj:   0.0000000000000000e+00 f(zj):   0.0000000000000000e+00 pn(zj):                     -nan
zj:   0.0000000000000000e+00 f(zj):   0.0000000000000000e+00 pn(zj):                     -nan
zj:   0.0000000000000000e+00 f(zj):   0.0000000000000000e+00 pn(zj):                     -nan
zj:   0.0000000000000000e+00 f(zj):   0.0000000000000000e+00 pn(zj):                     -nan
zj:   0.0000000000000000e+00 f(zj):   0.0000000000000000e+00 pn(zj):                     -nan
zj:   0.0000000000000000e+00 f(zj):   0.0000000000000000e+00 pn(zj):                     -nan
zj:   0.0000000000000000e+00 f(zj):   0.0000000000000000e+00 pn(zj):                     -nan
zj:   0.0000000000000000e+00 f(zj):   0.0000000000000000e+00 pn(zj):                     -nan
zj:   0.0000000000000000e+00 f(zj):   0.0000000000000000e+00 pn(zj):                     -nan
zj:   0.0000000000000000e+00 f(zj):   0.0000000000000000e+00 pn(zj):                     -nan
zj:   0.0000000000000000e+00 f(zj):   0.0000000000000000e+00 pn(zj):                     -nan
zj:   0.0000000000000000e+00 f(zj):   0.0000000000000000e+00 pn(zj):                     -nan
zj:   0.0000000000000000e+00 f(zj):   0.0000000000000000e+00 pn(zj):                     -nan
zj:   0.0000000000000000e+00 f(zj):   0.0000000000000000e+00 pn(zj):                     -nan
zj:   0.0000000000000000e+00 f(zj):   0.0000000000000000e+00 pn(zj):                     -nan
zj:   0.0000000000000000e+00 f(zj):   0.0000000000000000e+00 pn(zj):                     -nan
zj:   0.0000000000000000e+00 f(zj):   0.0000000000000000e+00 pn(zj):                     -nan
zj:   0.0000000000000000e+00 f(zj):   0.0000000000000000e+00 pn(zj):                     -nan
zj:   0.0000000000000000e+00 f(zj):   0.0000000000000000e+00 pn(zj):                     -nan
zj:   0.0000000000000000e+00 f(zj):   0.0000000000000000e+00 pn(zj):                     -nan
zj:   0.0000000000000000e+00 f(zj):   0.0000000000000000e+00 pn(zj):                     -nan
zj:   0.0000000000000000e+00 f(zj):   0.0000000000000000e+00 pn(zj):                     -nan
zj:   0.0000000000000000e+00 f(zj):   0.0000000000000000e+00 pn(zj):                     -nan
zj:   0.0000000000000000e+00 f(zj):   0.0000000000000000e+00 pn(zj):                     -nan
zj:   0.0000000000000000e+00 f(zj):   0.0000000000000000e+00 pn(zj):                     -nan
zj:   0.0000000000000000e+00 f(zj):   0.0000000000000000e+00 pn(zj):                     -nan
zj:   0.0000000000000000e+00 f(zj):   0.0000000000000000e+00 pn(zj):                     -nan
zj:   0.0000000000000000e+00 f(zj):   0.0000000000000000e+00 pn(zj):                     -nan
zj:   0.0000000000000000e+00 f(zj):   0.0000000000000000e+00 pn(zj):                     -nan
zj:   0.0000000000000000e+00 f(zj):   0.0000000000000000e+00 pn(zj):                     -nan
zj:   0.0000000000000000e+00 f(zj):   0.0000000000000000e+00 pn(zj):                     -nan
zj:   0.0000000000000000e+00 f(zj):   0.0000000000000000e+00 pn(zj):                     -nan
zj:   0.0000000000000000e+00 f(zj):   0.0000000000000000e+00 pn(zj):                     -nan
zj:   0.0000000000000000e+00 f(zj):   0.0000000000000000e+00 pn(zj):                     -nan
zj:   0.0000000000000000e+00 f(zj):   0.0000000000000000e+00 pn(zj):                     -nan
zj:   0.0000000000000000e+00 f(zj):   0.0000000000000000e+00 pn(zj):                     -nan
zj:   0.0000000000000000e+00 f(zj):   0.0000000000000000e+00 pn(zj):                     -nan
zj:   0.0000000000000000e+00 f(zj):   0.0000000000000000e+00 pn(zj):                     -nan
zj:   0.0000000000000000e+00 f(zj):   0.0000000000000000e+00 pn(zj):                     -nan
zj:   0.0000000000000000e+00 f(zj):   0.0000000000000000e+00 pn(zj):                     -nan
zj:   0.0000000000000000e+00 f(zj):   0.0000000000000000e+00 pn(zj):                     -nan
zj:   0.0000000000000000e+00 f(zj):   0.0000000000000000e+00 pn(zj):                     -nan
zj:   0.0000000000000000e+00 f(zj):   0.0000000000000000e+00 pn(zj):                     -nan
zj:   0.0000000000000000e+00 f(zj):   0.0000000000000000e+00 pn(zj):                     -nan
zj:   0.0000000000000000e+00 f(zj):   0.0000000000000000e+00 pn(zj):                     -nan
zj:   0.0000000000000000e+00 f(zj):   0.0000000000000000e+00 pn(zj):                     -nan
zj:   0.0000000000000000e+00 f(zj):   0.0000000000000000e+00 pn(zj):                     -nan
zj:   0.0000000000000000e+00 f(zj):   0.0000000000000000e+00 pn(zj):                     -nan
zj:   0.0000000000000000e+00 f(zj):   0.0000000000000000e+00 pn(zj):                     -nan
zj:   0.0000000000000000e+00 f(zj):   0.0000000000000000e+00 pn(zj):                     -nan
zj:   0.0000000000000000e+00 f(zj):   0.0000000000000000e+00 pn(zj):                     -nan
zj:   0.0000000000000000e+00 f(zj):   0.0000000000000000e+00 pn(zj):                     -nan
zj:   0.0000000000000000e+00 f(zj):   0.0000000000000000e+00 pn(zj):                     -nan
zj:   0.0000000000000000e+00 f(zj):   0.0000000000000000e+00 pn(zj):                     -nan
zj:   0.0000000000000000e+00 f(zj):   0.0000000000000000e+00 pn(zj):                     -nan
zj:   0.0000000000000000e+00 f(zj):   0.0000000000000000e+00 pn(zj):                     -nan
zj:   0.0000000000000000e+00 f(zj):   0.0000000000000000e+00 pn(zj):                     -nan
zj:   0.0000000000000000e+00 f(zj):   0.0000000000000000e+00 pn(zj):                     -nan
zj:   0.0000000000000000e+00 f(zj):   0.0000000000000000e+00 pn(zj):                     -nan
zj:   0.0000000000000000e+00 f(zj):   0.0000000000000000e+00 pn(zj):                     -nan
zj:   0.0000000000000000e+00 f(zj):   0.0000000000000000e+00 pn(zj):                     -nan
zj:   0.0000000000000000e+00 f(zj):   0.0000000000000000e+00 pn(zj):                     -nan
zj:   0.0000000000000000e+00 f(zj):   0.0000000000000000e+00 pn(zj):                     -nan
zj:   0.0000000000000000e+00 f(zj):   0.0000000000000000e+00 pn(zj):                     -nan
zj:   0.0000000000000000e+00 f(zj):   0.0000000000000000e+00 pn(zj):                     -nan
zj:   0.0000000000000000e+00 f(zj):   0.0000000000000000e+00 pn(zj):                     -nan
zj:   0.0000000000000000e+00 f(zj):   0.0000000000000000e+00 pn(zj):                     -nan
zj:   0.0000000000000000e+00 f(zj):   0.0000000000000000e+00 pn(zj):                     -nan
zj:   0.0000000000000000e+00 f(zj):   0.0000000000000000e+00 pn(zj):                     -nan
zj:   0.0000000000000000e+00 f(zj):   0.0000000000000000e+00 pn(zj):                     -nan
zj:   0.0000000000000000e+00 f(zj):   0.0000000000000000e+00 pn(zj):                     -nan
zj:   0.0000000000000000e+00 f(zj):   0.0000000000000000e+00 pn(zj):                     -nan
zj:   0.0000000000000000e+00 f(zj):   0.0000000000000000e+00 pn(zj):                     -nan
zj:   0.0000000000000000e+00 f(zj):   0.0000000000000000e+00 pn(zj):                     -nan
zj:   0.0000000000000000e+00 f(zj):   0.0000000000000000e+00 pn(zj):                     -nan
zj:   0.0000000000000000e+00 f(zj):   0.0000000000000000e+00 pn(zj):                     -nan
zj:   0.0000000000000000e+00 f(zj):   0.0000000000000000e+00 pn(zj):                     -nan
zj:   0.0000000000000000e+00 f(zj):   0.0000000000000000e+00 pn(zj):                     -nan
zj:   0.0000000000000000e+00 f(zj):   0.0000000000000000e+00 pn(zj):                     -nan
zj:   0.0000000000000000e+00 f(zj):   0.0000000000000000e+00 pn(zj):                     -nan
zj:   0.0000000000000000e+00 f(zj):   0.0000000000000000e+00 pn(zj):                     -nan
zj:   0.0000000000000000e+00 f(zj):   0.0000000000000000e+00 pn(zj):                     -nan
zj:   0.0000000000000000e+00 f(zj):   0.0000000000000000e+00 pn(zj):                     -nan
zj:   0.0000000000000000e+00 f(zj):   0.0000000000000000e+00 pn(zj):                     -nan
zj:   0.0000000000000000e+00 f(zj):   0.0000000000000000e+00 pn(zj):                     -nan
zj:   0.0000000000000000e+00 f(zj):   0.0000000000000000e+00 pn(zj):                     -nan
zj:   0.0000000000000000e+00 f(zj):   0.0000000000000000e+00 pn(zj):                     -nan
zj:   0.0000000000000000e+00 f(zj):   0.0000000000000000e+00 pn(zj):                     -nan
zj:   0.0000000000000000e+00 f(zj):   0.0000000000000000e+00 pn(zj):                     -nan
zj:   0.0000000000000000e+00 f(zj):   0.0000000000000000e+00 pn(zj):                     -nan
zj:   0.0000000000000000e+00 f(zj):   0.0000000000000000e+00 pn(zj):                     -nan
zj:   0.0000000000000000e+00 f(zj):   0.0000000000000000e+00 pn(zj):                     -nan
zj:   0.0000000000000000e+00 f(zj):   0.0000000000000000e+00 pn(zj):                     -nan
zj:   0.0000000000000000e+00 f(zj):   0.0000000000000000e+00 pn(zj):                     -nan
zj:   0.0000000000000000e+00 f(zj):   0.0000000000000000e+00 pn(zj):                     -nan
zj:   0.0000000000000000e+00 f(zj):   0.0000000000000000e+00 pn(zj):                     -nan
zj:   0.0000000000000000e+00 f(zj):   0.0000000000000000e+00 pn(zj):                     -nan
zj:   0.0000000000000000e+00 f(zj):   0.0000000000000000e+00 pn(zj):                     -nan
zj:   0.0000000000000000e+00 f(zj):   0.0000000000000000e+00 pn(zj):                     -nan
zj:   0.0000000000000000e+00 f(zj):   0.0000000000000000e+00 pn(zj):                     -nan
zj:   0.0000000000000000e+00 f(zj):   0.0000000000000000e+00 pn(zj):                     -nan
zj:   0.0000000000000000e+00 f(zj):   0.0000000000000000e+00 pn(zj):                     -nan
zj:   0.0000000000000000e+00 f(zj):   0.0000000000000000e+00 pn(zj):                     -nan
zj:   0.0000000000000000e+00 f(zj):   0.0000000000000000e+00 pn(zj):                     -nan
zj:   0.0000000000000000e+00 f(zj):   0.0000000000000000e+00 pn(zj):                     -nan
zj:   0.0000000000000000e+00 f(zj):   0.0000000000000000e+00 pn(zj):                     -nan
zj:   0.0000000000000000e+00 f(zj):   0.0000000000000000e+00 pn(zj):                     -nan
zj:   0.0000000000000000e+00 f(zj):   0.0000000000000000e+00 pn(zj):                     -nan
zj:   0.0000000000000000e+00 f(zj):   0.0000000000000000e+00 pn(zj):                     -nan
zj:   0.0000000000000000e+00 f(zj):   0.0000000000000000e+00 pn(zj):                     -nan
zj:   0.0000000000000000e+00 f(zj):   0.0000000000000000e+00 pn(zj):                     -nan
zj:   0.0000000000000000e+00 f(zj):   0.0000000000000000e+00 pn(zj):                     -nan
zj:   0.0000000000000000e+00 f(zj):   0.0000000000000000e+00 pn(zj):                     -nan
zj:   0.0000000000000000e+00 f(zj):   0.0000000000000000e+00 pn(zj):                     -nan
zj:   0.0000000000000000e+00 f(zj):   0.0000000000000000e+00 pn(zj):                     -nan
zj:   0.0000000000000000e+00 f(zj):   0.0000000000000000e+00 pn(zj):                     -nan
zj:   0.0000000000000000e+00 f(zj):   0.0000000000000000e+00 pn(zj):                     -nan
zj:   0.0000000000000000e+00 f(zj):   0.0000000000000000e+00 pn(zj):                     -nan
zj:   0.0000000000000000e+00 f(zj):   0.0000000000000000e+00 pn(zj):                     -nan
zj:   0.0000000000000000e+00 f(zj):   0.0000000000000000e+00 pn(zj):                     -nan
zj:   0.0000000000000000e+00 f(zj):   0.0000000000000000e+00 pn(zj):                     -nan
zj:   0.0000000000000000e+00 f(zj):   0.0000000000000000e+00 pn(zj):                     -nan
zj:   0.0000000000000000e+00 f(zj):   0.0000000000000000e+00 pn(zj):                     -nan
zj:   0.0000000000000000e+00 f(zj):   0.0000000000000000e+00 pn(zj):                     -nan
zj:   0.0000000000000000e+00 f(zj):   0.0000000000000000e+00 pn(zj):                     -nan
zj:   0.0000000000000000e+00 f(zj):   0.0000000000000000e+00 pn(zj):                     -nan
zj:   0.0000000000000000e+00 f(zj):   0.0000000000000000e+00 pn(zj):                     -nan
zj:   0.0000000000000000e+00 f(zj):   0.0000000000000000e+00 pn(zj):                     -nan
zj:   0.0000000000000000e+00 f(zj):   0.0000000000000000e+00 pn(zj):                     -nan
zj:   0.0000000000000000e+00 f(zj):   0.0000000000000000e+00 pn(zj):                     -nan
zj:   0.0000000000000000e+00 f(zj):   0.0000000000000000e+00 pn(zj):                     -nan
zj:   0.0000000000000000e+00 f(zj):   0.0000000000000000e+00 pn(zj):                     -nan
zj:   0.0000000000000000e+00 f(zj):   0.0000000000000000e+00 pn(zj):                     -nan
zj:   0.0000000000000000e+00 f(zj):   0.0000000000000000e+00 pn(zj):                     -nan
zj:   0.0000000000000000e+00 f(zj):   0.0000000000000000e+00 pn(zj):                     -nan
zj:   0.0000000000000000e+00 f(zj):   0.0000000000000000e+00 pn(zj):                     -nan
zj:   0.0000000000000000e+00 f(zj):   0.0000000000000000e+00 pn(zj):                     -nan
zj:   0.0000000000000000e+00 f(zj):   0.0000000000000000e+00 pn(zj):                     -nan
zj:   0.0000000000000000e+00 f(zj):   0.0000000000000000e+00 pn(zj):                     -nan
zj:   0.0000000000000000e+00 f(zj):   0.0000000000000000e+00 pn(zj):                     -nan
zj:   0.0000000000000000e+00 f(zj):   0.0000000000000000e+00 pn(zj):                     -nan
zj:   0.0000000000000000e+00 f(zj):   0.0000000000000000e+00 pn(zj):                     -nan
zj:   0.0000000000000000e+00 f(zj):   0.0000000000000000e+00 pn(zj):                     -nan
zj:   0.0000000000000000e+00 f(zj):   0.0000000000000000e+00 pn(zj):                     -nan
zj:   0.0000000000000000e+00 f(zj):   0.0000000000000000e+00 pn(zj):                     -nan
zj:   0.0000000000000000e+00 f(zj):   0.0000000000000000e+00 pn(zj):                     -nan
zj:   0.0000000000000000e+00 f(zj):   0.0000000000000000e+00 pn(zj):                     -nan
zj:   0.0000000000000000e+00 f(zj):   0.0000000000000000e+00 pn(zj):                     -nan
zj:   0.0000000000000000e+00 f(zj):   0.0000000000000000e+00 pn(zj):                     -nan
zj:   0.0000000000000000e+00 f(zj):   0.0000000000000000e+00 pn(zj):                     -nan
zj:   0.0000000000000000e+00 f(zj):   0.0000000000000000e+00 pn(zj):                     -nan
zj:   0.0000000000000000e+00 f(zj):   0.0000000000000000e+00 pn(zj):                     -nan
zj:   0.0000000000000000e+00 f(zj):   0.0000000000000000e+00 pn(zj):                     -nan
zj:   0.0000000000000000e+00 f(zj):   0.0000000000000000e+00 pn(zj):                     -nan
zj:   0.0000000000000000e+00 f(zj):   0.0000000000000000e+00 pn(zj):                     -nan
zj:   0.0000000000000000e+00 f(zj):   0.0000000000000000e+00 pn(zj):                     -nan
zj:   0.0000000000000000e+00 f(zj):   0.0000000000000000e+00 pn(zj):                     -nan
zj:   0.0000000000000000e+00 f(zj):   0.0000000000000000e+00 pn(zj):                     -nan
zj:   0.0000000000000000e+00 f(zj):   0.0000000000000000e+00 pn(zj):                     -nan
zj:   0.0000000000000000e+00 f(zj):   0.0000000000000000e+00 pn(zj):                     -nan
zj:   0.0000000000000000e+00 f(zj):   0.0000000000000000e+00 pn(zj):                     -nan
zj:   0.0000000000000000e+00 f(zj):   0.0000000000000000e+00 pn(zj):                     -nan
zj:   0.0000000000000000e+00 f(zj):   0.0000000000000000e+00 pn(zj):                     -nan
zj:   0.0000000000000000e+00 f(zj):   0.0000000000000000e+00 pn(zj):                     -nan
zj:   0.0000000000000000e+00 f(zj):   0.0000000000000000e+00 pn(zj):                     -nan
zj:   0.0000000000000000e+00 f(zj):   0.0000000000000000e+00 pn(zj):                     -nan
zj:   0.0000000000000000e+00 f(zj):   0.0000000000000000e+00 pn(zj):                     -nan
zj:   0.0000000000000000e+00 f(zj):   0.0000000000000000e+00 pn(zj):                     -nan
zj:   0.0000000000000000e+00 f(zj):   0.0000000000000000e+00 pn(zj):                     -nan
zj:   0.0000000000000000e+00 f(zj):   0.0000000000000000e+00 pn(zj):                     -nan
zj:   0.0000000000000000e+00 f(zj):   0.0000000000000000e+00 pn(zj):                     -nan
zj:   0.0000000000000000e+00 f(zj):   0.0000000000000000e+00 pn(zj):                     -nan
zj:   0.0000000000000000e+00 f(zj):   0.0000000000000000e+00 pn(zj):                     -nan
zj:   0.0000000000000000e+00 f(zj):   0.0000000000000000e+00 pn(zj):                     -nan
zj:   0.0000000000000000e+00 f(zj):   0.0000000000000000e+00 pn(zj):                     -nan
zj:   0.0000000000000000e+00 f(zj):   0.0000000000000000e+00 pn(zj):                     -nan
zj:   0.0000000000000000e+00 f(zj):   0.0000000000000000e+00 pn(zj):                     -nan
zj:   0.0000000000000000e+00 f(zj):   0.0000000000000000e+00 pn(zj):                     -nan
zj:   0.0000000000000000e+00 f(zj):   0.0000000000000000e+00 pn(zj):                     -nan
zj:   0.0000000000000000e+00 f(zj):   0.0000000000000000e+00 pn(zj):                     -nan
zj:   0.0000000000000000e+00 f(zj):   0.0000000000000000e+00 pn(zj):                     -nan
zj:   0.0000000000000000e+00 f(zj):   0.0000000000000000e+00 pn(zj):                     -nan
zj:   0.0000000000000000e+00 f(zj):   0.0000000000000000e+00 pn(zj):                     -nan
zj:   0.0000000000000000e+00 f(zj):   0.0000000000000000e+00 pn(zj):                     -nan
zj:   0.0000000000000000e+00 f(zj):   0.0000000000000000e+00 pn(zj):                     -nan
zj:   0.0000000000000000e+00 f(zj):   0.0000000000000000e+00 pn(zj):                     -nan
zj:   0.0000000000000000e+00 f(zj):   0.0000000000000000e+00 pn(zj):                     -nan
zj:   0.0000000000000000e+00 f(zj):   0.0000000000000000e+00 pn(zj):                     -nan
zj:   0.0000000000000000e+00 f(zj):   0.0000000000000000e+00 pn(zj):                     -nan
zj:   0.0000000000000000e+00 f(zj):   0.0000000000000000e+00 pn(zj):                     -nan
zj:   0.0000000000000000e+00 f(zj):   0.0000000000000000e+00 pn(zj):                     -nan
zj:   0.0000000000000000e+00 f(zj):   0.0000000000000000e+00 pn(zj):                     -nan
zj:   0.0000000000000000e+00 f(zj):   0.0000000000000000e+00 pn(zj):                     -nan
zj:   0.0000000000000000e+00 f(zj):   0.0000000000000000e+00 pn(zj):                     -nan
zj:   0.0000000000000000e+00 f(zj):   0.0000000000000000e+00 pn(zj):                     -nan
zj:   0.0000000000000000e+00 f(zj):   0.0000000000000000e+00 pn(zj):                     -nan
zj:   0.0000000000000000e+00 f(zj):   0.0000000000000000e+00 pn(zj):                     -nan
zj:   0.0000000000000000e+00 f(zj):   0.0000000000000000e+00 pn(zj):                     -nan
zj:   0.0000000000000000e+00 f(zj):   0.0000000000000000e+00 pn(zj):                     -nan
zj:   0.0000000000000000e+00 f(zj):   0.0000000000000000e+00 pn(zj):                     -nan
zj:   0.0000000000000000e+00 f(zj):   0.0000000000000000e+00 pn(zj):                     -nan
zj:   0.0000000000000000e+00 f(zj):   0.0000000000000000e+00 pn(zj):                     -nan
zj:   0.0000000000000000e+00 f(zj):   0.0000000000000000e+00 pn(zj):                     -nan
zj:   0.0000000000000000e+00 f(zj):   0.0000000000000000e+00 pn(zj):                     -nan
zj:   0.0000000000000000e+00 f(zj):   0.0000000000000000e+00 pn(zj):                     -nan
zj:   0.0000000000000000e+00 f(zj):   0.0000000000000000e+00 pn(zj):                     -nan
zj:   0.0000000000000000e+00 f(zj):   0.0000000000000000e+00 pn(zj):                     -nan
zj:   0.0000000000000000e+00 f(zj):   0.0000000000000000e+00 pn(zj):                     -nan
zj:   0.0000000000000000e+00 f(zj):   0.0000000000000000e+00 pn(zj):                     -nan
zj:   0.0000000000000000e+00 f(zj):   0.0000000000000000e+00 pn(zj):                     -nan
zj:   0.0000000000000000e+00 f(zj):   0.0000000000000000e+00 pn(zj):                     -nan
zj:   0.0000000000000000e+00 f(zj):   0.0000000000000000e+00 pn(zj):                     -nan
zj:   0.0000000000000000e+00 f(zj):   0.0000000000000000e+00 pn(zj):                     -nan
zj:   0.0000000000000000e+00 f(zj):   0.0000000000000000e+00 pn(zj):                     -nan
zj:   0.0000000000000000e+00 f(zj):   0.0000000000000000e+00 pn(zj):                     -nan
zj:   0.0000000000000000e+00 f(zj):   0.0000000000000000e+00 pn(zj):                     -nan
zj:   0.0000000000000000e+00 f(zj):   0.0000000000000000e+00 pn(zj):                     -nan
zj:   0.0000000000000000e+00 f(zj):   0.0000000000000000e+00 pn(zj):                     -nan
zj:   0.0000000000000000e+00 f(zj):   0.0000000000000000e+00 pn(zj):                     -nan
zj:   0.0000000000000000e+00 f(zj):   0.0000000000000000e+00 pn(zj):                     -nan
zj:   0.0000000000000000e+00 f(zj):   0.0000000000000000e+00 pn(zj):                     -nan
zj:   0.0000000000000000e+00 f(zj):   0.0000000000000000e+00 pn(zj):                     -nan
zj:   0.0000000000000000e+00 f(zj):   0.0000000000000000e+00 pn(zj):                     -nan
zj:   0.0000000000000000e+00 f(zj):   0.0000000000000000e+00 pn(zj):                     -nan
zj:   0.0000000000000000e+00 f(zj):   0.0000000000000000e+00 pn(zj):                     -nan
zj:   0.0000000000000000e+00 f(zj):   0.0000000000000000e+00 pn(zj):                     -nan
zj:   0.0000000000000000e+00 f(zj):   0.0000000000000000e+00 pn(zj):                     -nan
zj:   0.0000000000000000e+00 f(zj):   0.0000000000000000e+00 pn(zj):                     -nan
zj:   0.0000000000000000e+00 f(zj):   0.0000000000000000e+00 pn(zj):                     -nan
zj:   0.0000000000000000e+00 f(zj):   0.0000000000000000e+00 pn(zj):                     -nan
zj:   0.0000000000000000e+00 f(zj):   0.0000000000000000e+00 pn(zj):                     -nan
zj:   0.0000000000000000e+00 f(zj):   0.0000000000000000e+00 pn(zj):                     -nan
zj:   0.0000000000000000e+00 f(zj):   0.0000000000000000e+00 pn(zj):                     -nan
zj:   0.0000000000000000e+00 f(zj):   0.0000000000000000e+00 pn(zj):                     -nan
zj:   0.0000000000000000e+00 f(zj):   0.0000000000000000e+00 pn(zj):                     -nan
zj:   0.0000000000000000e+00 f(zj):   0.0000000000000000e+00 pn(zj):                     -nan
zj:   0.0000000000000000e+00 f(zj):   0.0000000000000000e+00 pn(zj):                     -nan
zj:   0.0000000000000000e+00 f(zj):   0.0000000000000000e+00 pn(zj):                     -nan
zj:   0.0000000000000000e+00 f(zj):   0.0000000000000000e+00 pn(zj):                     -nan
zj:   0.0000000000000000e+00 f(zj):   0.0000000000000000e+00 pn(zj):                     -nan
zj:   0.0000000000000000e+00 f(zj):   0.0000000000000000e+00 pn(zj):                     -nan
zj:   0.0000000000000000e+00 f(zj):   0.0000000000000000e+00 pn(zj):                     -nan
zj:   0.0000000000000000e+00 f(zj):   0.0000000000000000e+00 pn(zj):                     -nan
zj:   0.0000000000000000e+00 f(zj):   0.0000000000000000e+00 pn(zj):                     -nan
zj:   0.0000000000000000e+00 f(zj):   0.0000000000000000e+00 pn(zj):                     -nan
zj:   0.0000000000000000e+00 f(zj):   0.0000000000000000e+00 pn(zj):                     -nan
zj:   0.0000000000000000e+00 f(zj):   0.0000000000000000e+00 pn(zj):                     -nan
zj:   0.0000000000000000e+00 f(zj):   0.0000000000000000e+00 pn(zj):                     -nan
zj:   0.0000000000000000e+00 f(zj):   0.0000000000000000e+00 pn(zj):                     -nan
zj:   0.0000000000000000e+00 f(zj):   0.0000000000000000e+00 pn(zj):                     -nan
zj:   0.0000000000000000e+00 f(zj):   0.0000000000000000e+00 pn(zj):                     -nan
zj:   0.0000000000000000e+00 f(zj):   0.0000000000000000e+00 pn(zj):                     -nan
zj:   0.0000000000000000e+00 f(zj):   0.0000000000000000e+00 pn(zj):                     -nan
zj:   0.0000000000000000e+00 f(zj):   0.0000000000000000e+00 pn(zj):                     -nan
zj:   0.0000000000000000e+00 f(zj):   0.0000000000000000e+00 pn(zj):                     -nan
zj:   0.0000000000000000e+00 f(zj):   0.0000000000000000e+00 pn(zj):                     -nan
zj:   0.0000000000000000e+00 f(zj):   0.0000000000000000e+00 pn(zj):                     -nan
zj:   0.0000000000000000e+00 f(zj):   0.0000000000000000e+00 pn(zj):                     -nan
zj:   0.0000000000000000e+00 f(zj):   0.0000000000000000e+00 pn(zj):                     -nan
zj:   0.0000000000000000e+00 f(zj):   0.0000000000000000e+00 pn(zj):                     -nan
