zj:   0.0000000000000000e+00 f(zj):                     -inf pn(zj):                     -nan
zj:   1.0000000000000000e+00 f(zj):   0.0000000000000000e+00 pn(zj):                     -nan
zj:   2.0000000000000000e+00 f(zj):   6.9314718055994529e-01 pn(zj):                     -nan
zj:   3.0000000000000000e+00 f(zj):   1.0986122886681098e+00 pn(zj):                     -nan
zj:   4.0000000000000000e+00 f(zj):   1.3862943611198906e+00 pn(zj):                     -nan
zj:  2.4209216646221081e-322 f(zj):  2.0320920013450470e-320 pn(zj):                     -nan
zj:                     -inf f(zj):   3.2424566200869199e-86 pn(zj):                     -nan
zj:                      inf f(zj):   1.3980432860952889e-76 pn(zj):                     -nan
zj:                     -inf f(zj):   1.3980432860952889e-76 pn(zj):                     -nan
zj:                      inf f(zj):  2.7680678906616326e+280 pn(zj):                     -nan
zj:   1.3862943611198906e+00 f(zj):  6.0134700192597084e-154 pn(zj):                     -nan
zj:  2.4209216646221081e-322 f(zj):  6.0134700169990685e-154 pn(zj):                     -nan
zj:                     -inf f(zj):  6.0134700169990685e-154 pn(zj):                     -nan
zj:   0.0000000000000000e+00 f(zj):  6.1799887518247341e-114 pn(zj):                     -nan
zj:   6.9314718055994529e-01 f(zj):  6.0134705957229995e-154 pn(zj):                     -nan
zj:   1.0986122886681098e+00 f(zj):  6.0134700169990685e-154 pn(zj):                     -nan
zj:   1.3862943611198906e+00 f(zj):  6.0134700169990685e-154 pn(zj):                     -nan
zj:  2.0320920013450470e-320 f(zj):  8.1645171051962679e+204 pn(zj):                     -nan
zj:   3.2424566200869199e-86 f(zj):   1.3973698205177676e-76 pn(zj):                     -nan
zj:   1.3980432860952889e-76 f(zj):   1.3980432860952889e-76 pn(zj):                     -nan
zj:   1.3980432860952889e-76 f(zj):   1.2108942892349278e-99 pn(zj):                     -nan
zj:  2.7680678906616326e+280 f(zj):  3.5230863936820262e-109 pn(zj):                     -nan
zj:  6.0134700192597084e-154 f(zj):   1.3973685027430247e-76 pn(zj):                     -nan
zj:  6.0134700169990685e-154 f(zj):   1.3980432860952889e-76 pn(zj):                     -nan
zj:  6.0134700169990685e-154 f(zj):   1.2108942892349278e-99 pn(zj):                     -nan
zj:  6.1799887518247341e-114 f(zj):  8.2012590046494969e+204 pn(zj):                     -nan
zj:  6.0134705957229995e-154 f(zj):  6.0134700170078987e-154 pn(zj):                     -nan
zj:  6.0134700169990685e-154 f(zj):  6.0134700169990685e-154 pn(zj):                     -nan
zj:  6.0134700169990685e-154 f(zj):   2.4737980795715994e-91 pn(zj):                     -nan
zj:  8.1645171051962679e+204 f(zj):  1.9701896709766747e-153 pn(zj):                     -nan
zj:   1.3973698205177676e-76 f(zj):   1.3980432758391273e-76 pn(zj):                     -nan
zj:   1.3980432860952889e-76 f(zj):   1.3980432860952889e-76 pn(zj):                     -nan
zj:   1.2108942892349278e-99 f(zj):   1.3964263764857459e-76 pn(zj):                     -nan
zj:  3.5230863936820262e-109 f(zj):  1.9512347655568931e-153 pn(zj):                     -nan
zj:   1.3973685027430247e-76 f(zj):   2.7401326249705491e-57 pn(zj):                     -nan
zj:   1.3980432860952889e-76 f(zj):   4.8548539358821900e-33 pn(zj):                     -nan
zj:   1.2108942892349278e-99 f(zj):   9.1560419231186301e-72 pn(zj):                     -nan
zj:  8.2012590046494969e+204 f(zj):   1.6039704617400945e-28 pn(zj):                     -nan
zj:  6.0134700170078987e-154 f(zj):  6.0134700169990685e-154 pn(zj):                     -nan
zj:  6.0134700169990685e-154 f(zj):  6.0134700169990685e-154 pn(zj):                     -nan
zj:   2.4737980795715994e-91 f(zj):  2.1212569355725347e+161 pn(zj):                     -nan
zj:  1.9701896709766747e-153 f(zj):  6.0136196164699367e-154 pn(zj):                     -nan
zj:   1.3980432758391273e-76 f(zj):   1.3980432860951327e-76 pn(zj):                     -nan
zj:   1.3980432860952889e-76 f(zj):   1.3980432860952889e-76 pn(zj):                     -nan
zj:   1.3964263764857459e-76 f(zj):  8.5981866496259928e+183 pn(zj):                     -nan
zj:  1.9512347655568931e-153 f(zj):  6.0136181703254192e-154 pn(zj):                     -nan
zj:   2.7401322852167277e-57 f(zj):   6.3842097365280972e-67 pn(zj):                     -nan
zj:   9.1711203023196073e-72 f(zj):   1.4871117120149934e-76 pn(zj):                     -nan
zj:   1.1766065891497994e-47 f(zj):   1.9192508856662378e-76 pn(zj):                     -nan
zj:   9.4962412647078208e-43 f(zj):  8.6023929601710873e+183 pn(zj):                     -nan
zj:  1.9512347655568931e-153 f(zj):  6.0136181703254192e-154 pn(zj):                     -nan
zj:   7.4998408573613452e-67 f(zj):   9.7304680049170942e-72 pn(zj):                     -nan
zj:   5.3508086363859069e-38 f(zj):   4.8540898642851062e-33 pn(zj):                     -nan
zj:   9.9446566396563704e-43 f(zj):  1.2584540443850671e+232 pn(zj):                     -nan
zj:   1.6039704617400945e-28 f(zj):  6.0513972685449602e-154 pn(zj):                     -nan
zj:  6.0134700169990685e-154 f(zj):  6.0134700169990685e-154 pn(zj):                     -nan
zj:  6.0134700169990685e-154 f(zj):  6.0134700169990685e-154 pn(zj):                     -nan
zj:  2.1212569355725347e+161 f(zj):  1.9759224698181475e-258 pn(zj):                     -nan
zj:  6.0136196164699367e-154 f(zj):   3.4435330884255147e-86 pn(zj):                     -nan
zj:   1.5711053613589605e-76 f(zj):   6.2335504907538185e-38 pn(zj):                     -nan
zj:   1.9192508856662378e-76 f(zj):   4.0183352056920801e-57 pn(zj):                     -nan
zj:  8.6023929601710873e+183 f(zj):  2.7680679381026879e+280 pn(zj):                     -nan
zj:  6.0136181703254192e-154 f(zj):   3.4435330884136163e-86 pn(zj):                     -nan
zj:   9.7304680049170942e-72 f(zj):   7.1083059425728638e-38 pn(zj):                     -nan
zj:   4.8540898642851062e-33 f(zj):   6.8178628033689462e-38 pn(zj):                     -nan
zj:  1.2584540443850671e+232 f(zj):  6.1799881683249009e-114 pn(zj):                     -nan
zj:  6.0513972685449602e-154 f(zj):  6.0134705957229995e-154 pn(zj):                     -nan
zj:  6.0134700169990685e-154 f(zj):  6.0134700169990685e-154 pn(zj):                     -nan
zj:  6.0134700169990685e-154 f(zj):  6.0134700169990685e-154 pn(zj):                     -nan
zj:  1.9759224698181475e-258 f(zj):  8.1645171051962679e+204 pn(zj):                     -nan
zj:   3.4435330884255147e-86 f(zj):   3.8866343191902312e-33 pn(zj):                     -nan
zj:   6.2335504907538185e-38 f(zj):   9.0632412470078851e-43 pn(zj):                     -nan
zj:   4.0183352056920801e-57 f(zj):   5.2084218594359421e-90 pn(zj):                     -nan
zj:  2.7680679381026879e+280 f(zj):  3.5230863936823911e-109 pn(zj):                     -nan
zj:   3.4435330884136163e-86 f(zj):   6.0132324999700229e-67 pn(zj):                     -nan
zj:   7.1083059425728638e-38 f(zj):   7.7075125654994730e-43 pn(zj):                     -nan
zj:   6.8178628033689462e-38 f(zj):   7.7525987635540461e-72 pn(zj):                     -nan
zj:  6.1799881683249009e-114 f(zj):  8.2012590046503612e+204 pn(zj):                     -nan
zj:  6.0134705957229995e-154 f(zj):  6.0134700170078987e-154 pn(zj):                     -nan
zj:  6.0134700169990685e-154 f(zj):  6.0134700169990685e-154 pn(zj):                     -nan
zj:  6.0134700169990685e-154 f(zj):   2.4737980795715994e-91 pn(zj):                     -nan
zj:  8.1645171051962679e+204 f(zj):  1.9701896709766747e-153 pn(zj):                     -nan
zj:   3.8866343191902312e-33 f(zj):   4.4222833156186253e-62 pn(zj):                     -nan
zj:   9.0632412470078851e-43 f(zj):   6.5262985380166170e-38 pn(zj):                     -nan
zj:   5.2084218594359421e-90 f(zj):   5.1515138825338372e-62 pn(zj):                     -nan
zj:  3.5230863936823911e-109 f(zj):  1.9512347655568931e-153 pn(zj):                     -nan
zj:   6.0132324999700229e-67 f(zj):   1.2564737347672471e-71 pn(zj):                     -nan
zj:   7.7075125654994730e-43 f(zj):   3.3767325217343907e-57 pn(zj):                     -nan
zj:   7.7525987635540461e-72 f(zj):   3.3760961380953324e-57 pn(zj):                     -nan
zj:  8.2012590046503612e+204 f(zj):   1.6039704617400945e-28 pn(zj):                     -nan
zj:  6.0134700170078987e-154 f(zj):  6.0134700169990685e-154 pn(zj):                     -nan
zj:  6.0134700169990685e-154 f(zj):  6.0134700169990685e-154 pn(zj):                     -nan
zj:   2.4737980795715994e-91 f(zj):  2.1212569355725347e+161 pn(zj):                     -nan
zj:  1.9701896709766747e-153 f(zj):  6.0136196164699367e-154 pn(zj):                     -nan
zj:  8.2012590046506430e+204 f(zj):   1.7462007373535137e-76 pn(zj):                     -nan
zj:  6.0134700170078987e-154 f(zj):  6.0134700169990685e-154 pn(zj):                     -nan
zj:  6.0134700169990685e-154 f(zj):  6.0134700169990685e-154 pn(zj):                     -nan
zj:   2.4737980795715994e-91 f(zj):  2.1212569355725347e+161 pn(zj):                     -nan
zj:  1.9701896709766747e-153 f(zj):   5.5168913069858178e-48 pn(zj):                     -nan
zj:   1.8993482124028462e-52 f(zj):   1.4004100249963239e-76 pn(zj):                     -nan
zj:   1.1089866696879357e-47 f(zj):   7.4113720125577352e-38 pn(zj):                     -nan
zj:   2.5801676222511548e-57 f(zj):  8.6065263864268450e+183 pn(zj):                     -nan
zj:  1.9512347655568931e-153 f(zj):   5.5168899802936380e-48 pn(zj):                     -nan
zj:   8.2359090916542690e-67 f(zj):   1.4004100249963239e-76 pn(zj):                     -nan
zj:   5.1534493640290867e-62 f(zj):   6.5205768263970071e-38 pn(zj):                     -nan
zj:   1.5858569765407827e-47 f(zj):  1.2578452405494448e+232 pn(zj):                     -nan
zj:   1.6039704617400945e-28 f(zj):  6.0513972685449602e-154 pn(zj):                     -nan
zj:  6.0134700169990685e-154 f(zj):  6.0134700169990685e-154 pn(zj):                     -nan
zj:  6.0134700169990685e-154 f(zj):  6.0134700169990685e-154 pn(zj):                     -nan
zj:  2.1212569355725347e+161 f(zj):  1.9759224698181475e-258 pn(zj):                     -nan
zj:   5.5168913069858178e-48 f(zj):   1.3045549096312291e-76 pn(zj):                     -nan
zj:   1.4004100249963239e-76 f(zj):   1.1760668119178148e-47 pn(zj):                     -nan
zj:   7.4113720125577352e-38 f(zj):  3.4394908007737664e+179 pn(zj):                     -nan
zj:  8.6065263864268450e+183 f(zj):  2.7680679178429828e+280 pn(zj):                     -nan
zj:   5.5168899802936380e-48 f(zj):   1.3045549096286740e-76 pn(zj):                     -nan
zj:   1.4004100249963239e-76 f(zj):   1.1760668119178148e-47 pn(zj):                     -nan
zj:   6.5205768263970071e-38 f(zj):  3.4394908007737664e+179 pn(zj):                     -nan
zj:  1.2578452405494448e+232 f(zj):  6.1799881440273540e-114 pn(zj):                     -nan
zj:  6.0513972685449602e-154 f(zj):  6.0134705957229995e-154 pn(zj):                     -nan
zj:  6.0134700169990685e-154 f(zj):  6.0134700169990685e-154 pn(zj):                     -nan
zj:  6.0134700169990685e-154 f(zj):  6.0134700169990685e-154 pn(zj):                     -nan
zj:  1.9759224698181475e-258 f(zj):  8.1645171051962679e+204 pn(zj):                     -nan
zj:   1.3045549096312291e-76 f(zj):   9.0492278058992042e-43 pn(zj):                     -nan
zj:   1.1760668119178148e-47 f(zj):   2.6326293395995794e-52 pn(zj):                     -nan
zj:  3.4394908007737664e+179 f(zj):   5.2046204404748209e-90 pn(zj):                     -nan
zj:  2.7680679178429828e+280 f(zj):  3.5230863936821515e-109 pn(zj):                     -nan
zj:   1.3045549096286740e-76 f(zj):   1.0296370016773829e-71 pn(zj):                     -nan
zj:   1.1760668119178148e-47 f(zj):   9.5099121888202820e-43 pn(zj):                     -nan
zj:  3.4394908007737664e+179 f(zj):   7.7526159849604504e-72 pn(zj):                     -nan
zj:  6.1799881440273540e-114 f(zj):  8.2012590046497887e+204 pn(zj):                     -nan
zj:  6.0134705957229995e-154 f(zj):  6.0134700170078987e-154 pn(zj):                     -nan
zj:  6.0134700169990685e-154 f(zj):  6.0134700169990685e-154 pn(zj):                     -nan
zj:  6.0134700169990685e-154 f(zj):   2.4737980795715994e-91 pn(zj):                     -nan
zj:  8.1645171051962679e+204 f(zj):  1.9701896709766747e-153 pn(zj):                     -nan
zj:   9.0492278058992042e-43 f(zj):   5.0511999188049713e-38 pn(zj):                     -nan
zj:   2.6326293395995794e-52 f(zj):   1.5200609980448887e-47 pn(zj):                     -nan
zj:   5.2046204404748209e-90 f(zj):   5.1515138828736445e-62 pn(zj):                     -nan
zj:  3.5230863936821515e-109 f(zj):  1.9512347655568931e-153 pn(zj):                     -nan
zj:   1.0296370016773829e-71 f(zj):   6.5217066405205108e-38 pn(zj):                     -nan
zj:   9.5099121888202820e-43 f(zj):   2.5290496397910279e-52 pn(zj):                     -nan
zj:   7.7526159849604504e-72 f(zj):   5.9295831050493101e-38 pn(zj):                     -nan
zj:  8.2012590046497887e+204 f(zj):   1.6039704617400945e-28 pn(zj):                     -nan
zj:  3.5230863936825103e-109 f(zj):  6.0134700169990685e-154 pn(zj):                     -nan
zj:   1.9155399338234342e-76 f(zj):   9.0579795081365291e-43 pn(zj):                     -nan
zj:   7.7180083793997939e-43 f(zj):   2.1783464999395786e-76 pn(zj):                     -nan
zj:   5.2055605208008703e-90 f(zj):   3.3760961382064666e-57 pn(zj):                     -nan
zj:  8.2012590046517803e+204 f(zj):   1.6039704617400945e-28 pn(zj):                     -nan
zj:  6.0134700170078987e-154 f(zj):  6.0134700169990685e-154 pn(zj):                     -nan
zj:  6.0134700169990685e-154 f(zj):  6.0134700169990685e-154 pn(zj):                     -nan
zj:   2.4737980795715994e-91 f(zj):  2.1212569355725347e+161 pn(zj):                     -nan
zj:  1.9701896709766747e-153 f(zj):  6.0136196164699367e-154 pn(zj):                     -nan
zj:   4.7607476713655062e-38 f(zj):   3.6992959807735974e-33 pn(zj):                     -nan
zj:   1.9022125981490062e-52 f(zj):   4.9103443559265941e-62 pn(zj):                     -nan
zj:   3.1184848186943312e-33 f(zj):  8.6106919913083605e+183 pn(zj):                     -nan
zj:  1.9512347655568931e-153 f(zj):  6.0136181703254192e-154 pn(zj):                     -nan
zj:   9.0579795081365291e-43 f(zj):   4.4726831470525305e-33 pn(zj):                     -nan
zj:   2.1783464999395786e-76 f(zj):   7.8678637216287859e-67 pn(zj):                     -nan
zj:   3.3760961382064666e-57 f(zj):  1.2575408123832366e+232 pn(zj):                     -nan
zj:   1.6039704617400945e-28 f(zj):  6.0513972685449602e-154 pn(zj):                     -nan
zj:  6.0134700169990685e-154 f(zj):  6.0134700169990685e-154 pn(zj):                     -nan
zj:  6.0134700169990685e-154 f(zj):  6.0134700169990685e-154 pn(zj):                     -nan
zj:  2.1212569355725347e+161 f(zj):  1.9759224698181475e-258 pn(zj):                     -nan
zj:  6.0136196164699367e-154 f(zj):   4.6499918984570840e-86 pn(zj):                     -nan
zj:   3.6992959807735974e-33 f(zj):   8.6183152737190061e-43 pn(zj):                     -nan
zj:   4.9103443559265941e-62 f(zj):   3.7023112156198340e-33 pn(zj):                     -nan
zj:  8.6106919913083605e+183 f(zj):  2.7680679110540079e+280 pn(zj):                     -nan
zj:  6.0136181703254192e-154 f(zj):   3.6446095567522111e-86 pn(zj):                     -nan
zj:   4.4726831470525305e-33 f(zj):   3.8926383757765792e-33 pn(zj):                     -nan
zj:   7.8678637216287859e-67 f(zj):   1.6569024116480502e-47 pn(zj):                     -nan
zj:  1.2575408123832366e+232 f(zj):  6.1799881683249009e-114 pn(zj):                     -nan
zj:  6.0513972685449602e-154 f(zj):  6.0134705957229995e-154 pn(zj):                     -nan
zj:  6.0134700169990685e-154 f(zj):  6.0134700169990685e-154 pn(zj):                     -nan
zj:  6.0134700169990685e-154 f(zj):  6.0134700169990685e-154 pn(zj):                     -nan
zj:  1.9759224698181475e-258 f(zj):  8.1645171051962679e+204 pn(zj):                     -nan
zj:   4.6499918984570840e-86 f(zj):   1.5700984627186281e-76 pn(zj):                     -nan
zj:   8.6183152737190061e-43 f(zj):   4.7596130930955735e-38 pn(zj):                     -nan
zj:   3.7023112156198340e-33 f(zj):   5.2036278959983677e-90 pn(zj):                     -nan
zj:  2.7680679110540079e+280 f(zj):  3.5230863936820305e-109 pn(zj):                     -nan
zj:   3.6446095567522111e-86 f(zj):   8.6008191395929205e-43 pn(zj):                     -nan
zj:   3.8926383757765792e-33 f(zj):   8.9762676319076475e-67 pn(zj):                     -nan
zj:   1.6569024116480502e-47 f(zj):   5.2065267751396964e-90 pn(zj):                     -nan
zj:  6.1799881683249009e-114 f(zj):  8.2012590046514985e+204 pn(zj):                     -nan
zj:  6.0134705957229995e-154 f(zj):  6.0134700170078987e-154 pn(zj):                     -nan
zj:  6.0134700169990685e-154 f(zj):  6.0134700169990685e-154 pn(zj):                     -nan
zj:  6.0134700169990685e-154 f(zj):   2.4737980795715994e-91 pn(zj):                     -nan
zj:  8.1645171051962679e+204 f(zj):  1.9701896709766747e-153 pn(zj):                     -nan
zj:   1.5700984627186281e-76 f(zj):   1.8993482124028462e-52 pn(zj):                     -nan
zj:   4.7596130930955735e-38 f(zj):   7.7162705470507969e-43 pn(zj):                     -nan
zj:   5.2036278959983677e-90 f(zj):   2.5801676223619986e-57 pn(zj):                     -nan
zj:  6.0134700169990685e-154 f(zj):  1.9512347655568931e-153 pn(zj):                     -nan
zj:  8.1645171051962679e+204 f(zj):   3.6955368922743766e-33 pn(zj):                     -nan
zj:   4.1782212158461761e-62 f(zj):   1.2001011478974744e-71 pn(zj):                     -nan
zj:   4.8555944969655245e-33 f(zj):   8.2431198308003288e-67 pn(zj):                     -nan
zj:   8.3185873588850180e-72 f(zj):   2.5801676225855641e-57 pn(zj):                     -nan
zj:  3.5230863936825126e-109 f(zj):  1.9512347655568931e-153 pn(zj):                     -nan
zj:   1.2011996683519638e-71 f(zj):   2.2158350128794447e-52 pn(zj):                     -nan
zj:   2.2142037427957021e-52 f(zj):   3.6953485585934616e-57 pn(zj):                     -nan
zj:   8.3185700024100465e-72 f(zj):   4.6617496216938725e-62 pn(zj):                     -nan
zj:  8.2012590046503579e+204 f(zj):   1.6039704617400945e-28 pn(zj):                     -nan
zj:  6.0134700170078987e-154 f(zj):  6.0134700169990685e-154 pn(zj):                     -nan
zj:  6.0134700169990685e-154 f(zj):  6.0134700169990685e-154 pn(zj):                     -nan
zj:   2.4737980795715994e-91 f(zj):  2.1212569355725347e+161 pn(zj):                     -nan
zj:  1.9701896709766747e-153 f(zj):  6.0136196164699367e-154 pn(zj):                     -nan
zj:   1.2001011478974744e-71 f(zj):   1.0298667408532063e-71 pn(zj):                     -nan
zj:   8.2431198308003288e-67 f(zj):   7.7180085930088967e-43 pn(zj):                     -nan
zj:   2.5801676225855641e-57 f(zj):  8.6023848556475238e+183 pn(zj):                     -nan
zj:  1.9512347655568931e-153 f(zj):  6.0136181703254192e-154 pn(zj):                     -nan
zj:   2.2158350128794447e-52 f(zj):   9.1644273391667167e-72 pn(zj):                     -nan
zj:   3.6953485585934616e-57 f(zj):   9.0650409534394480e-43 pn(zj):                     -nan
zj:   4.6617496216938725e-62 f(zj):  1.2569379134355550e+232 pn(zj):                     -nan
zj:   1.6039704617400945e-28 f(zj):  6.0513972685449602e-154 pn(zj):                     -nan
zj:  6.0134700169990685e-154 f(zj):  6.0134700169990685e-154 pn(zj):                     -nan
zj:  6.0134700169990685e-154 f(zj):  6.0134700169990685e-154 pn(zj):                     -nan
zj:  2.1212569355725347e+161 f(zj):  1.9759224698181475e-258 pn(zj):                     -nan
zj:  6.0136196164699367e-154 f(zj):   4.0467624934412994e-86 pn(zj):                     -nan
zj:   1.0298667408532063e-71 f(zj):   3.8911484595109158e-33 pn(zj):                     -nan
zj:   7.7180085930088967e-43 f(zj):   2.1085737712312228e-52 pn(zj):                     -nan
zj:  8.6023848556475238e+183 f(zj):  2.7680679110275932e+280 pn(zj):                     -nan
zj:  6.0136181703254192e-154 f(zj):   4.8510683667837804e-86 pn(zj):                     -nan
zj:   9.1644273391667167e-72 f(zj):   5.8883840231103120e-62 pn(zj):                     -nan
zj:   9.0650409534394480e-43 f(zj):   7.1105928260202368e-38 pn(zj):                     -nan
zj:  1.2569379134355550e+232 f(zj):  6.1799881803794778e-114 pn(zj):                     -nan
zj:  6.0513972685449602e-154 f(zj):  6.0134705957229995e-154 pn(zj):                     -nan
zj:  6.0134700169990685e-154 f(zj):  6.0134700169990685e-154 pn(zj):                     -nan
zj:  6.0134700169990685e-154 f(zj):  6.0134700169990685e-154 pn(zj):                     -nan
zj:  1.9759224698181475e-258 f(zj):  8.1645171051962679e+204 pn(zj):                     -nan
zj:   4.0467624934412994e-86 f(zj):   1.0855803136205136e-71 pn(zj):                     -nan
zj:   3.8911484595109158e-33 f(zj):   7.1140367802863659e-38 pn(zj):                     -nan
zj:   2.1085737712312228e-52 f(zj):   5.2007813485372114e-90 pn(zj):                     -nan
zj:  2.7680679110275932e+280 f(zj):  3.5230863936822715e-109 pn(zj):                     -nan
zj:   4.8510683667837804e-86 f(zj):   6.2243755225796743e-38 pn(zj):                     -nan
zj:   5.8883840231103120e-62 f(zj):   1.8997656337924498e-52 pn(zj):                     -nan
zj:   7.1105928260202368e-38 f(zj):   5.2017252479272572e-90 pn(zj):                     -nan
zj:  6.1799881803794778e-114 f(zj):  8.2012590046514985e+204 pn(zj):                     -nan
zj:  6.0134705957229995e-154 f(zj):  6.0134700170078987e-154 pn(zj):                     -nan
zj:  6.0134700169990685e-154 f(zj):  6.0134700169990685e-154 pn(zj):                     -nan
zj:  6.0134700169990685e-154 f(zj):   2.4737980795715994e-91 pn(zj):                     -nan
zj:   4.0183302681087081e-57 f(zj):  1.9701896709766747e-153 pn(zj):                     -nan
zj:  6.1799881079101980e-114 f(zj):  8.2012590046503579e+204 pn(zj):                     -nan
zj:  6.0134705957229995e-154 f(zj):  6.0134700170078987e-154 pn(zj):                     -nan
zj:  6.0134700169990685e-154 f(zj):  6.0134700169990685e-154 pn(zj):                     -nan
zj:  6.0134700169990685e-154 f(zj):   2.4737980795715994e-91 pn(zj):                     -nan
zj:  8.1645171051962679e+204 f(zj):  1.9701896709766747e-153 pn(zj):                     -nan
zj:   9.1578287642509068e-72 f(zj):   7.4125199736388103e-38 pn(zj):                     -nan
zj:   1.3703338446802069e-71 f(zj):   9.1645053005669499e-72 pn(zj):                     -nan
zj:   5.2017401416251221e-90 f(zj):   2.7388593735680270e-57 pn(zj):                     -nan
zj:  3.5230863936828757e-109 f(zj):  1.9512347655568931e-153 pn(zj):                     -nan
zj:   2.0056086072346461e-76 f(zj):   1.8993482124028462e-52 pn(zj):                     -nan
zj:   1.1294843396996144e-42 f(zj):   3.9399121110077421e-62 pn(zj):                     -nan
zj:   8.3185959276509363e-72 f(zj):   2.5801676225855635e-57 pn(zj):                     -nan
zj:  8.2012590046503579e+204 f(zj):   1.6039704617400945e-28 pn(zj):                     -nan
zj:  6.0134700170078987e-154 f(zj):  6.0134700169990685e-154 pn(zj):                     -nan
zj:  6.0134700169990685e-154 f(zj):  6.0134700169990685e-154 pn(zj):                     -nan
zj:   2.4737980795715994e-91 f(zj):  2.1212569355725347e+161 pn(zj):                     -nan
zj:  1.9701896709766747e-153 f(zj):   5.5168913069858178e-48 pn(zj):                     -nan
zj:   7.4125199736388103e-38 f(zj):   1.6929918372652242e-52 pn(zj):                     -nan
zj:   9.1645053005669499e-72 f(zj):   4.8578544081273984e-33 pn(zj):                     -nan
zj:   2.7388593735680270e-57 f(zj):  8.6065263864268412e+183 pn(zj):                     -nan
zj:  1.9512347655568931e-153 f(zj):   5.5168899802936380e-48 pn(zj):                     -nan
zj:   1.8993482124028462e-52 f(zj):   1.4004100249963239e-76 pn(zj):                     -nan
zj:   3.9399121110077421e-62 f(zj):   7.4113720125577352e-38 pn(zj):                     -nan
zj:   2.5801676225855635e-57 f(zj):  1.2578452405494453e+232 pn(zj):                     -nan
zj:   1.6039704617400945e-28 f(zj):  6.0513972685449602e-154 pn(zj):                     -nan
zj:  6.0134700169990685e-154 f(zj):  6.0134700169990685e-154 pn(zj):                     -nan
zj:  6.0134700169990685e-154 f(zj):  6.0134700169990685e-154 pn(zj):                     -nan
zj:  2.1212569355725347e+161 f(zj):  1.9759224698181475e-258 pn(zj):                     -nan
zj:   5.5168913069858178e-48 f(zj):   1.3045549096312291e-76 pn(zj):                     -nan
zj:   1.6929918372652242e-52 f(zj):   1.1760668119178148e-47 pn(zj):                     -nan
zj:   4.8578544081273984e-33 f(zj):  3.4394908007737664e+179 pn(zj):                     -nan
zj:  8.6065263864268412e+183 f(zj):  2.7680679178429828e+280 pn(zj):                     -nan
zj:   5.5168899802936380e-48 f(zj):   1.3045549096286740e-76 pn(zj):                     -nan
zj:   1.4004100249963239e-76 f(zj):   1.1760668119178148e-47 pn(zj):                     -nan
zj:   7.4113720125577352e-38 f(zj):  3.4394908007737664e+179 pn(zj):                     -nan
zj:  1.2578452405494453e+232 f(zj):  6.1799881440273540e-114 pn(zj):                     -nan
zj:  6.0513972685449602e-154 f(zj):  6.0134705957229995e-154 pn(zj):                     -nan
zj:  6.0134700169990685e-154 f(zj):  6.0134700169990685e-154 pn(zj):                     -nan
zj:  6.0134700169990685e-154 f(zj):  6.0134700169990685e-154 pn(zj):                     -nan
zj:  1.9759224698181475e-258 f(zj):  8.1645171051962679e+204 pn(zj):                     -nan
zj:   1.3045549096312291e-76 f(zj):   4.1782212158461761e-62 pn(zj):                     -nan
zj:   1.1760668119178148e-47 f(zj):   4.8555944969655245e-33 pn(zj):                     -nan
zj:  3.4394908007737664e+179 f(zj):   8.3185873588850180e-72 pn(zj):                     -nan
zj:  2.7680679178429828e+280 f(zj):  3.5230863936825126e-109 pn(zj):                     -nan
zj:   1.3045549096286740e-76 f(zj):   9.0492278058992042e-43 pn(zj):                     -nan
zj:   1.1760668119178148e-47 f(zj):   2.6326293395995794e-52 pn(zj):                     -nan
zj:  3.4394908007737664e+179 f(zj):   5.2046204404748209e-90 pn(zj):                     -nan
zj:  3.2761340846114832e+179 f(zj):  8.2012590046497920e+204 pn(zj):                     -nan
zj:  2.7680679517066614e+280 f(zj):  3.5230863936831187e-109 pn(zj):                     -nan
zj:   4.2478389617679958e-86 f(zj):   9.1666211934807950e-72 pn(zj):                     -nan
zj:   3.2161763535622123e-57 f(zj):   3.5372790233819397e-57 pn(zj):                     -nan
zj:   3.1192688988611573e-33 f(zj):   5.0807345807565314e-67 pn(zj):                     -nan
zj:  6.1799880958083482e-114 f(zj):  8.2012590046506375e+204 pn(zj):                     -nan
zj:  6.0134705957229995e-154 f(zj):  6.0134700170078987e-154 pn(zj):                     -nan
zj:  6.0134700169990685e-154 f(zj):  6.0134700169990685e-154 pn(zj):                     -nan
zj:  6.0134700169990685e-154 f(zj):   2.4737980795715994e-91 pn(zj):                     -nan
zj:  8.1645171051962679e+204 f(zj):  1.9701896709766747e-153 pn(zj):                     -nan
zj:   1.5871359195995050e-47 f(zj):   1.1097885113041658e-47 pn(zj):                     -nan
zj:   1.2567008660791616e-71 f(zj):   1.5181879786970340e-47 pn(zj):                     -nan
zj:   7.7525943780007313e-72 f(zj):   2.0896051551985599e-76 pn(zj):                     -nan
zj:  3.5230863936831187e-109 f(zj):  1.9512347655568931e-153 pn(zj):                     -nan
zj:   9.1666211934807950e-72 f(zj):   4.7607476713655062e-38 pn(zj):                     -nan
zj:   3.5372790233819397e-57 f(zj):   1.0877895099638911e-71 pn(zj):                     -nan
zj:   5.0807345807565314e-67 f(zj):   3.1184848188750987e-33 pn(zj):                     -nan
zj:  8.2012590046506375e+204 f(zj):   1.6039704617400945e-28 pn(zj):                     -nan
zj:  6.0134700170078987e-154 f(zj):  6.0134700169990685e-154 pn(zj):                     -nan
zj:  6.0134700169990685e-154 f(zj):  6.0134700169990685e-154 pn(zj):                     -nan
zj:   2.4737980795715994e-91 f(zj):  2.1212569355725347e+161 pn(zj):                     -nan
zj:  1.9701896709766747e-153 f(zj):  6.0136196164699367e-154 pn(zj):                     -nan
zj:   1.1097885113041658e-47 f(zj):   5.6481305565236703e-38 pn(zj):                     -nan
zj:   1.5181879786970340e-47 f(zj):   4.8563615874301650e-33 pn(zj):                     -nan
zj:   2.0896051551985599e-76 f(zj):  8.6107000958338563e+183 pn(zj):                     -nan
zj:  1.9512347655568931e-153 f(zj):  6.0136181703254192e-154 pn(zj):                     -nan
zj:   4.7607476713655062e-38 f(zj):   1.0307493539060346e-71 pn(zj):                     -nan
zj:   1.0877895099638911e-71 f(zj):   4.4659152269846802e-33 pn(zj):                     -nan
zj:   3.1184848188750987e-33 f(zj):  1.2572411396251753e+232 pn(zj):                     -nan
zj:   1.6039704617400945e-28 f(zj):  6.0513972685449602e-154 pn(zj):                     -nan
zj:  6.0134700169990685e-154 f(zj):  6.0134700169990685e-154 pn(zj):                     -nan
zj:  6.0134700169990685e-154 f(zj):  6.0134700169990685e-154 pn(zj):                     -nan
zj:  2.1212569355725347e+161 f(zj):  1.9759224698181475e-258 pn(zj):                     -nan
zj:  6.0136196164699367e-154 f(zj):   3.8456860251027045e-86 pn(zj):                     -nan
zj:   5.6481305565236703e-38 f(zj):   2.0058033871512460e-52 pn(zj):                     -nan
zj:   4.8563615874301650e-33 f(zj):   4.4222720870302522e-62 pn(zj):                     -nan
zj:  8.6107000958338563e+183 f(zj):  2.7680679381291026e+280 pn(zj):                     -nan
zj:  6.0136181703254192e-154 f(zj):   3.8456860250908060e-86 pn(zj):                     -nan
zj:   1.0307493539060346e-71 f(zj):   6.0176300334638510e-67 pn(zj):                     -nan
zj:   4.4659152269846802e-33 f(zj):   1.1300111817048002e-42 pn(zj):                     -nan
zj:  1.2572411396251753e+232 f(zj):  6.1799881803322050e-114 pn(zj):                     -nan
zj:  6.0513972685449602e-154 f(zj):  6.0134705957229995e-154 pn(zj):                     -nan
zj:  6.0134700169990685e-154 f(zj):  6.0134700169990685e-154 pn(zj):                     -nan
zj:  6.0134700169990685e-154 f(zj):  6.0134700169990685e-154 pn(zj):                     -nan
zj:  1.9759224698181475e-258 f(zj):  8.1645171051962679e+204 pn(zj):                     -nan
zj:   3.8456860251027045e-86 f(zj):   9.7238000705090213e-72 pn(zj):                     -nan
zj:   2.0058033871512460e-52 f(zj):   7.1186509932482791e-38 pn(zj):                     -nan
zj:  6.0134700169990685e-154 f(zj):   5.2036540837256596e-90 pn(zj):                     -nan
zj:  6.0134700169990685e-154 f(zj):  6.0134700169990685e-154 pn(zj):                     -nan
zj:  1.9759224698181475e-258 f(zj):  8.1645171051962679e+204 pn(zj):                     -nan
zj:   1.3045549096312291e-76 f(zj):   4.1782212158461761e-62 pn(zj):                     -nan
zj:   1.1760668119178148e-47 f(zj):   4.8555944969655245e-33 pn(zj):                     -nan
zj:  3.4394908007737664e+179 f(zj):   8.3185873588850180e-72 pn(zj):                     -nan
zj:  2.7680679178429828e+280 f(zj):  3.5230863936825126e-109 pn(zj):                     -nan
zj:   4.2478389617679958e-86 f(zj):   4.1782212158461761e-62 pn(zj):                     -nan
zj:   4.7619090853903003e-38 f(zj):   4.8555944969655245e-33 pn(zj):                     -nan
zj:   1.7247916630037889e-47 f(zj):   8.3185873588850180e-72 pn(zj):                     -nan
zj:  6.1799880958083482e-114 f(zj):  8.2012590046506430e+204 pn(zj):                     -nan
zj:  6.0134705957229995e-154 f(zj):  6.0134700170078987e-154 pn(zj):                     -nan
zj:  6.0134700169990685e-154 f(zj):  6.0134700169990685e-154 pn(zj):                     -nan
zj:  6.0134700169990685e-154 f(zj):   2.4737980795715994e-91 pn(zj):                     -nan
zj:  8.1645171051962679e+204 f(zj):  1.9701896709766747e-153 pn(zj):                     -nan
zj:   4.1782212158461761e-62 f(zj):   9.3501200884542641e-67 pn(zj):                     -nan
zj:   4.8555944969655245e-33 f(zj):   1.3692336272074015e-71 pn(zj):                     -nan
zj:   8.3185873588850180e-72 f(zj):   6.2289460866750896e-38 pn(zj):                     -nan
zj:  3.5230863936825126e-109 f(zj):  1.9512347655568931e-153 pn(zj):                     -nan
zj:   4.1782212158461761e-62 f(zj):   1.2001011478974744e-71 pn(zj):                     -nan
zj:   4.8555944969655245e-33 f(zj):   8.2431198308003288e-67 pn(zj):                     -nan
zj:   8.3185873588850180e-72 f(zj):   2.5801676225855641e-57 pn(zj):                     -nan
zj:  8.2012590046506430e+204 f(zj):   1.6039704617400945e-28 pn(zj):                     -nan
zj:  6.0134700170078987e-154 f(zj):  6.0134700169990685e-154 pn(zj):                     -nan
zj:  6.0134700169990685e-154 f(zj):  6.0134700169990685e-154 pn(zj):                     -nan
zj:   2.4737980795715994e-91 f(zj):  2.1212569355725347e+161 pn(zj):                     -nan
zj:  1.9701896709766747e-153 f(zj):  6.0136196164699367e-154 pn(zj):                     -nan
zj:   9.3501200884542641e-67 f(zj):   3.3786018570342850e-57 pn(zj):                     -nan
zj:   1.3692336272074015e-71 f(zj):   6.7478574437888226e-67 pn(zj):                     -nan
zj:   6.2289460866750896e-38 f(zj):  8.6106919913078869e+183 pn(zj):                     -nan
zj:  1.9512347655568931e-153 f(zj):  6.0136181703254192e-154 pn(zj):                     -nan
zj:   1.2001011478974744e-71 f(zj):   1.0298667408532063e-71 pn(zj):                     -nan
zj:   8.2431198308003288e-67 f(zj):   7.7180085930088967e-43 pn(zj):                     -nan
zj:   2.5801676225855641e-57 f(zj):  1.2572399551479419e+232 pn(zj):                     -nan
zj:   1.6039704617400945e-28 f(zj):  6.0513972685449602e-154 pn(zj):                     -nan
zj:  6.0134700169990685e-154 f(zj):  6.0134700169990685e-154 pn(zj):                     -nan
zj:  6.0134700169990685e-154 f(zj):  6.0134700169990685e-154 pn(zj):                     -nan
zj:  2.1212569355725347e+161 f(zj):  1.9759224698181475e-258 pn(zj):                     -nan
zj:  6.0136196164699367e-154 f(zj):   3.4435330884255147e-86 pn(zj):                     -nan
zj:   3.3786018570342850e-57 f(zj):   1.3703372991873667e-71 pn(zj):                     -nan
zj:   6.7478574437888226e-67 f(zj):   5.9339730749537104e-38 pn(zj):                     -nan
zj:  8.6106919913078869e+183 f(zj):  2.7680679381026879e+280 pn(zj):                     -nan
zj:  6.0136181703254192e-154 f(zj):   4.0467624934294009e-86 pn(zj):                     -nan
zj:   1.0298667408532063e-71 f(zj):   3.8911484595109158e-33 pn(zj):                     -nan
zj:   7.7180085930088967e-43 f(zj):   2.1085737712312228e-52 pn(zj):                     -nan
zj:  1.2572399551479419e+232 f(zj):  6.1799881318302603e-114 pn(zj):                     -nan
zj:  6.0513972685449602e-154 f(zj):  6.0134705957229995e-154 pn(zj):                     -nan
zj:  6.0134700169990685e-154 f(zj):  6.0134700169990685e-154 pn(zj):                     -nan
zj:   1.4004100249963239e-76 f(zj):  6.0134700169990685e-154 pn(zj):                     -nan
zj:   6.5205768263970071e-38 f(zj):  3.4394908007737664e+179 pn(zj):                     -nan
zj:  1.2578452405494448e+232 f(zj):  6.1799881440273540e-114 pn(zj):                     -nan
zj:  6.0513972685449602e-154 f(zj):  6.0134705957229995e-154 pn(zj):                     -nan
zj:  6.0134700169990685e-154 f(zj):  6.0134700169990685e-154 pn(zj):                     -nan
zj:  6.0134700169990685e-154 f(zj):  6.0134700169990685e-154 pn(zj):                     -nan
zj:  1.9759224698181475e-258 f(zj):  8.1645171051962679e+204 pn(zj):                     -nan
zj:   3.4435330884255147e-86 f(zj):   7.8562890538820335e-67 pn(zj):                     -nan
zj:   6.0045559404054327e-67 f(zj):   5.3955900942204772e-62 pn(zj):                     -nan
zj:   3.6970332115473785e-33 f(zj):   5.2017363958837773e-90 pn(zj):                     -nan
zj:  2.7680679314197621e+280 f(zj):  3.5230863936829958e-109 pn(zj):                     -nan
zj:   1.3045549096286740e-76 f(zj):   3.6985231150733209e-33 pn(zj):                     -nan
zj:   1.1760668119178148e-47 f(zj):   1.0397964536400720e-42 pn(zj):                     -nan
zj:  3.4394908007737664e+179 f(zj):   7.7526030646408332e-72 pn(zj):                     -nan
zj:  6.1799881440273540e-114 f(zj):  8.2012590046520710e+204 pn(zj):                     -nan
zj:  6.0134705957229995e-154 f(zj):  6.0134700170078987e-154 pn(zj):                     -nan
zj:  6.0134700169990685e-154 f(zj):  6.0134700169990685e-154 pn(zj):                     -nan
zj:  6.0134700169990685e-154 f(zj):   2.4737980795715994e-91 pn(zj):                     -nan
zj:  8.1645171051962679e+204 f(zj):  1.9701896709766747e-153 pn(zj):                     -nan
zj:   7.8562890538820335e-67 f(zj):   3.8577764831010361e-57 pn(zj):                     -nan
zj:   5.3955900942204772e-62 f(zj):   4.0152187508624966e-57 pn(zj):                     -nan
zj:   5.2017363958837773e-90 f(zj):   7.1201827281335645e-67 pn(zj):                     -nan
zj:  3.5230863936829958e-109 f(zj):  1.9512347655568931e-153 pn(zj):                     -nan
zj:   3.6985231150733209e-33 f(zj):   7.4125199736388103e-38 pn(zj):                     -nan
zj:   1.0397964536400720e-42 f(zj):   5.6386469257138781e-62 pn(zj):                     -nan
zj:   7.7526030646408332e-72 f(zj):   2.7388593735674452e-57 pn(zj):                     -nan
zj:  8.2012590046520710e+204 f(zj):   1.6039704617400945e-28 pn(zj):                     -nan
zj:  6.0134700170078987e-154 f(zj):  6.0134700169990685e-154 pn(zj):                     -nan
zj:  6.0134700169990685e-154 f(zj):  6.0134700169990685e-154 pn(zj):                     -nan
zj:   2.4737980795715994e-91 f(zj):  2.1212569355725347e+161 pn(zj):                     -nan
zj:  1.9701896709766747e-153 f(zj):   5.5168913069858178e-48 pn(zj):                     -nan
zj:   3.8577764831010361e-57 f(zj):   8.6140516774650127e-67 pn(zj):                     -nan
zj:   4.0152187508624966e-57 f(zj):   1.9192548441989763e-76 pn(zj):                     -nan
zj:   7.1201827281335645e-67 f(zj):  8.6065263864268356e+183 pn(zj):                     -nan
zj:  1.9512347655568931e-153 f(zj):   5.5168899802936380e-48 pn(zj):                     -nan
zj:   7.4125199736388103e-38 f(zj):   1.6929918372652242e-52 pn(zj):                     -nan
zj:   5.6386469257138781e-62 f(zj):   4.8578544081273984e-33 pn(zj):                     -nan
zj:   2.7388593735674452e-57 f(zj):  1.2578452405494448e+232 pn(zj):                     -nan
zj:   1.6039704617400945e-28 f(zj):  6.0513972685449602e-154 pn(zj):                     -nan
zj:  6.0134700169990685e-154 f(zj):  6.0134700169990685e-154 pn(zj):                     -nan
zj:  6.0134700169990685e-154 f(zj):  6.0134700169990685e-154 pn(zj):                     -nan
zj:  2.1212569355725347e+161 f(zj):  1.9759224698181475e-258 pn(zj):                     -nan
zj:   5.5168913069858178e-48 f(zj):   1.3045549096312291e-76 pn(zj):                     -nan
zj:   8.6140516774650127e-67 f(zj):   1.1760668119178148e-47 pn(zj):                     -nan
zj:   1.9192548441989763e-76 f(zj):  3.4394908007737664e+179 pn(zj):                     -nan
zj:  8.6065263864268356e+183 f(zj):  2.7680679178429828e+280 pn(zj):                     -nan
zj:   5.5168899802936380e-48 f(zj):   1.3045549096286740e-76 pn(zj):                     -nan
zj:   1.6929918372616396e-52 f(zj):   1.1760668119178148e-47 pn(zj):                     -nan
zj:   1.4275951270687097e-71 f(zj):  3.4394908007737664e+179 pn(zj):                     -nan
zj:   5.3946330610768185e-62 f(zj):   1.1294843450134971e-42 pn(zj):                     -nan
zj:  8.6023767511273493e+183 f(zj):  2.7680678976089121e+280 pn(zj):                     -nan
zj:  6.0136181703254192e-154 f(zj):   2.4055456025104649e-57 pn(zj):                     -nan
zj:   1.5181869590538013e-47 f(zj):   1.4007421351779126e-76 pn(zj):                     -nan
zj:   1.3705540973134335e-71 f(zj):  3.2761340846114832e+179 pn(zj):                     -nan
zj:  1.2587537171433393e+232 f(zj):  6.1799882046311469e-114 pn(zj):                     -nan
zj:  6.0513972685449602e-154 f(zj):  6.0134705957229995e-154 pn(zj):                     -nan
zj:  6.0134700169990685e-154 f(zj):  6.0134700169990685e-154 pn(zj):                     -nan
zj:  6.0134700169990685e-154 f(zj):  6.0134700169990685e-154 pn(zj):                     -nan
zj:  1.9759224698181475e-258 f(zj):  8.1645171051962679e+204 pn(zj):                     -nan
zj:   3.4435330884255147e-86 f(zj):   3.6940295698079994e-33 pn(zj):                     -nan
zj:   6.3827663998464284e-67 f(zj):   1.4864290891548018e-76 pn(zj):                     -nan
zj:   1.1294843450134971e-42 f(zj):   5.2055753855818335e-90 pn(zj):                     -nan
zj:  2.7680678976089121e+280 f(zj):  3.5230863936822711e-109 pn(zj):                     -nan
zj:   2.4055456025104649e-57 f(zj):   6.3725782946099436e-67 pn(zj):                     -nan
zj:   1.4007421351779126e-76 f(zj):   1.8312050892623818e-76 pn(zj):                     -nan
zj:  3.2761340846114832e+179 f(zj):   5.2017365277836223e-90 pn(zj):                     -nan
zj:  6.1799882046311469e-114 f(zj):  8.2012590046500716e+204 pn(zj):                     -nan
zj:  6.0134705957229995e-154 f(zj):  6.0134700170078987e-154 pn(zj):                     -nan
zj:  6.0134700169990685e-154 f(zj):  6.0134700169990685e-154 pn(zj):                     -nan
zj:  6.0134700169990685e-154 f(zj):   2.4737980795715994e-91 pn(zj):                     -nan
zj:  8.1645171051962679e+204 f(zj):  1.9701896709766747e-153 pn(zj):                     -nan
zj:   3.6940295698079994e-33 f(zj):   8.6078056945612221e-43 pn(zj):                     -nan
zj:   1.4864290891548018e-76 f(zj):   5.6386505915106920e-62 pn(zj):                     -nan
zj:   5.2055753855818335e-90 f(zj):   5.8807660671104066e-62 pn(zj):                     -nan
zj:  3.5230863936822711e-109 f(zj):  1.9512347655568931e-153 pn(zj):                     -nan
zj:   6.3725782946099436e-67 f(zj):   1.1097885113041658e-47 pn(zj):                     -nan
zj:   1.8312050892623818e-76 f(zj):   4.6585023786588389e-33 pn(zj):                     -nan
zj:   5.2017365277836223e-90 f(zj):   2.0896051551383140e-76 pn(zj):                     -nan
zj:  8.2012590046500716e+204 f(zj):   1.6039704617400945e-28 pn(zj):                     -nan
zj:  6.0134700170078987e-154 f(zj):  6.0134700169990685e-154 pn(zj):                     -nan
zj:  6.0134700169990685e-154 f(zj):  6.0134700169990685e-154 pn(zj):                     -nan
zj:   2.4737980795715994e-91 f(zj):  2.1212569355725347e+161 pn(zj):                     -nan
zj:  1.9701896709766747e-153 f(zj):   5.5168913069858178e-48 pn(zj):                     -nan
zj:   8.6078056945612221e-43 f(zj):   1.3692318796665750e-71 pn(zj):                     -nan
zj:   5.6386505915106920e-62 f(zj):   3.3133576867223661e-33 pn(zj):                     -nan
zj:   5.8807660671104066e-62 f(zj):  8.6065263864268356e+183 pn(zj):                     -nan
zj:  1.9512347655568931e-153 f(zj):  6.0136181703254192e-154 pn(zj):                     -nan
zj:   1.1097885113041658e-47 f(zj):   2.1097972346542328e-52 pn(zj):                     -nan
zj:   4.6585023786588389e-33 f(zj):   1.3813361775129325e-47 pn(zj):                     -nan
zj:   2.0896051551383140e-76 f(zj):  1.2587549016207142e+232 pn(zj):                     -nan
zj:   1.6039704617400945e-28 f(zj):  6.0513972685449602e-154 pn(zj):                     -nan
zj:  6.0134700169990685e-154 f(zj):  6.0134700169990685e-154 pn(zj):                     -nan
zj:  6.0134700169990685e-154 f(zj):  6.0134700169990685e-154 pn(zj):                     -nan
zj:  2.1212569355725347e+161 f(zj):  1.9759224698181475e-258 pn(zj):                     -nan
zj:   5.5168913069858178e-48 f(zj):   3.4435330884255147e-86 pn(zj):                     -nan
zj:   1.6039704617400945e-28 f(zj):   2.6322342092196339e-52 pn(zj):                     -nan
zj:  6.0134700169990685e-154 f(zj):  6.0134700169990685e-154 pn(zj):                     -nan
zj:  6.0134700169990685e-154 f(zj):  6.0134700169990685e-154 pn(zj):                     -nan
zj:  2.1212569355725347e+161 f(zj):  1.9759224698181475e-258 pn(zj):                     -nan
zj:  6.0136196164699367e-154 f(zj):   1.3045549096312291e-76 pn(zj):                     -nan
zj:   2.0056151914042682e-76 f(zj):   1.1760668119178148e-47 pn(zj):                     -nan
zj:   3.1177525453182114e-33 f(zj):  3.4394908007737664e+179 pn(zj):                     -nan
zj:  8.6148009842657134e+183 f(zj):  2.7680679178429828e+280 pn(zj):                     -nan
zj:  6.0136181703254192e-154 f(zj):   1.3045549096286740e-76 pn(zj):                     -nan
zj:   3.0581117370917304e-57 f(zj):   1.1760668119178148e-47 pn(zj):                     -nan
zj:   5.4022109693552005e-62 f(zj):  3.4394908007737664e+179 pn(zj):                     -nan
zj:  1.2572387706712016e+232 f(zj):  6.1799881440273540e-114 pn(zj):                     -nan
zj:  6.0513972685449602e-154 f(zj):  6.0134705957229995e-154 pn(zj):                     -nan
zj:  6.0134700169990685e-154 f(zj):  6.0134700169990685e-154 pn(zj):                     -nan
zj:  6.0134700169990685e-154 f(zj):  6.0134700169990685e-154 pn(zj):                     -nan
zj:  1.9759224698181475e-258 f(zj):  8.1645171051962679e+204 pn(zj):                     -nan
zj:   1.3045549096312291e-76 f(zj):   4.1782212158461761e-62 pn(zj):                     -nan
zj:   1.1760668119178148e-47 f(zj):   4.8555944969655245e-33 pn(zj):                     -nan
zj:  3.4394908007737664e+179 f(zj):   8.3185873588850180e-72 pn(zj):                     -nan
zj:  2.7680679178429828e+280 f(zj):  3.5230863936825126e-109 pn(zj):                     -nan
zj:   1.3045549096286740e-76 f(zj):   4.1782212158461761e-62 pn(zj):                     -nan
zj:   1.1760668119178148e-47 f(zj):   4.8555944969655245e-33 pn(zj):                     -nan
zj:  3.4394908007737664e+179 f(zj):   8.3185873588850180e-72 pn(zj):                     -nan
zj:  6.1799881440273540e-114 f(zj):  8.2012590046506430e+204 pn(zj):                     -nan
zj:  6.0134705957229995e-154 f(zj):  6.0134700170078987e-154 pn(zj):                     -nan
zj:  6.0134700169990685e-154 f(zj):  6.0134700169990685e-154 pn(zj):                     -nan
zj:  6.0134700169990685e-154 f(zj):   2.4737980795715994e-91 pn(zj):                     -nan
zj:  8.1645171051962679e+204 f(zj):  1.9701896709766747e-153 pn(zj):                     -nan
zj:   4.1782212158461761e-62 f(zj):   1.8993513923630835e-52 pn(zj):                     -nan
zj:   4.8555944969655245e-33 f(zj):   1.9018031858285936e-52 pn(zj):                     -nan
zj:   8.3185873588850180e-72 f(zj):   1.2560265601502709e-71 pn(zj):                     -nan
zj:  3.5230863936825126e-109 f(zj):  1.9512347655568931e-153 pn(zj):                     -nan
zj:   4.1782212158461761e-62 f(zj):   9.3501200884542641e-67 pn(zj):                     -nan
zj:   4.8555944969655245e-33 f(zj):   1.3692336272074015e-71 pn(zj):                     -nan
zj:   8.3185873588850180e-72 f(zj):   6.2289460866750896e-38 pn(zj):                     -nan
zj:  8.2012590046506430e+204 f(zj):   1.6039704617400945e-28 pn(zj):                     -nan
zj:  6.0134700170078987e-154 f(zj):  6.0134700169990685e-154 pn(zj):                     -nan
zj:  6.0134700169990685e-154 f(zj):  6.0134700169990685e-154 pn(zj):                     -nan
zj:   2.4737980795715994e-91 f(zj):  2.1212569355725347e+161 pn(zj):                     -nan
zj:  1.9701896709766747e-153 f(zj):   5.5168913069858178e-48 pn(zj):                     -nan
zj:   1.8993513923630835e-52 f(zj):   1.7237225489467537e-47 pn(zj):                     -nan
zj:   1.9018031858285936e-52 f(zj):   1.3153272456739236e-47 pn(zj):                     -nan
zj:   1.2560265601502709e-71 f(zj):  8.6065263864268450e+183 pn(zj):                     -nan
zj:  1.9512347655568931e-153 f(zj):   0.0000000000000000e+00 pn(zj):                     -nan
zj:   9.3501200884542641e-67 f(zj):  6.3090700776989660e-319 pn(zj):                     -nan
zj:   1.3692336272074015e-71 f(zj):   0.0000000000000000e+00 pn(zj):                     -nan
zj:   6.2289460866750896e-38 f(zj):   0.0000000000000000e+00 pn(zj):                     -nan
zj:   1.6039704617400945e-28 f(zj):   0.0000000000000000e+00 pn(zj):                     -nan
zj:  1.9512347655568931e-153 f(zj):   0.0000000000000000e+00 pn(zj):                     -nan
zj:   1.3980432757989120e-76 f(zj):   0.0000000000000000e+00 pn(zj):                     -nan
zj:   1.3980432860952889e-76 f(zj):   0.0000000000000000e+00 pn(zj):                     -nan
zj:   1.3964263764857459e-76 f(zj):   0.0000000000000000e+00 pn(zj):                     -nan
zj:   1.6039704617400945e-28 f(zj):   0.0000000000000000e+00 pn(zj):                     -nan
zj:  6.0134700169990685e-154 f(zj):   0.0000000000000000e+00 pn(zj):                     -nan
zj:  6.0134700169990685e-154 f(zj):   0.0000000000000000e+00 pn(zj):                     -nan
zj:   0.0000000000000000e+00 f(zj):   0.0000000000000000e+00 pn(zj):                     -nan
zj:  6.3090700776989660e-319 f(zj):   0.0000000000000000e+00 pn(zj):                     -nan
zj:   0.0000000000000000e+00 f(zj):   0.0000000000000000e+00 pn(zj):                     -nan
zj:   0.0000000000000000e+00 f(zj):   0.0000000000000000e+00 pn(zj):                     -nan
zj:   0.0000000000000000e+00 f(zj):   0.0000000000000000e+00 pn(zj):                     -nan
zj:   0.0000000000000000e+00 f(zj):   0.0000000000000000e+00 pn(zj):                     -nan
zj:   0.0000000000000000e+00 f(zj):   0.0000000000000000e+00 pn(zj):                     -nan
zj:   0.0000000000000000e+00 f(zj):   0.0000000000000000e+00 pn(zj):                     -nan
zj:   0.0000000000000000e+00 f(zj):   0.0000000000000000e+00 pn(zj):                     -nan
zj:   0.0000000000000000e+00 f(zj):   0.0000000000000000e+00 pn(zj):                     -nan
zj:   0.0000000000000000e+00 f(zj):   0.0000000000000000e+00 pn(zj):                     -nan
zj:   0.0000000000000000e+00 f(zj):   0.0000000000000000e+00 pn(zj):                     -nan
zj:   0.0000000000000000e+00 f(zj):   0.0000000000000000e+00 pn(zj):                     -nan
zj:   0.0000000000000000e+00 f(zj):   0.0000000000000000e+00 pn(zj):                     -nan
zj:   0.0000000000000000e+00 f(zj):   0.0000000000000000e+00 pn(zj):                     -nan
zj:   0.0000000000000000e+00 f(zj):   0.0000000000000000e+00 pn(zj):                     -nan
zj:   0.0000000000000000e+00 f(zj):   0.0000000000000000e+00 pn(zj):                     -nan
zj:   0.0000000000000000e+00 f(zj):   0.0000000000000000e+00 pn(zj):                     -nan
zj:   0.0000000000000000e+00 f(zj):   0.0000000000000000e+00 pn(zj):                     -nan
zj:   0.0000000000000000e+00 f(zj):   0.0000000000000000e+00 pn(zj):                     -nan
zj:   0.0000000000000000e+00 f(zj):   0.0000000000000000e+00 pn(zj):                     -nan
zj:   0.0000000000000000e+00 f(zj):   0.0000000000000000e+00 pn(zj):                     -nan
zj:   0.0000000000000000e+00 f(zj):   0.0000000000000000e+00 pn(zj):                     -nan
zj:   0.0000000000000000e+00 f(zj):   0.0000000000000000e+00 pn(zj):                     -nan
zj:   0.0000000000000000e+00 f(zj):   0.0000000000000000e+00 pn(zj):                     -nan
zj:   0.0000000000000000e+00 f(zj):   0.0000000000000000e+00 pn(zj):                     -nan
zj:   0.0000000000000000e+00 f(zj):   0.0000000000000000e+00 pn(zj):                     -nan
zj:   0.0000000000000000e+00 f(zj):   0.0000000000000000e+00 pn(zj):                     -nan
zj:   0.0000000000000000e+00 f(zj):   0.0000000000000000e+00 pn(zj):                     -nan
zj:   0.0000000000000000e+00 f(zj):   0.0000000000000000e+00 pn(zj):                     -nan
zj:   0.0000000000000000e+00 f(zj):   0.0000000000000000e+00 pn(zj):                     -nan
zj:   0.0000000000000000e+00 f(zj):   0.0000000000000000e+00 pn(zj):                     -nan
zj:   0.0000000000000000e+00 f(zj):   0.0000000000000000e+00 pn(zj):                     -nan
zj:   0.0000000000000000e+00 f(zj):   0.0000000000000000e+00 pn(zj):                     -nan
zj:   0.0000000000000000e+00 f(zj):   0.0000000000000000e+00 pn(zj):                     -nan
zj:   0.0000000000000000e+00 f(zj):   0.0000000000000000e+00 pn(zj):                     -nan
zj:   0.0000000000000000e+00 f(zj):   0.0000000000000000e+00 pn(zj):                     -nan
zj:   0.0000000000000000e+00 f(zj):   0.0000000000000000e+00 pn(zj):                     -nan
zj:   0.0000000000000000e+00 f(zj):   0.0000000000000000e+00 pn(zj):                     -nan
zj:   0.0000000000000000e+00 f(zj):   0.0000000000000000e+00 pn(zj):                     -nan
zj:   0.0000000000000000e+00 f(zj):   0.0000000000000000e+00 pn(zj):                     -nan
zj:   0.0000000000000000e+00 f(zj):   0.0000000000000000e+00 pn(zj):                     -nan
zj:   0.0000000000000000e+00 f(zj):   0.0000000000000000e+00 pn(zj):                     -nan
zj:   0.0000000000000000e+00 f(zj):   0.0000000000000000e+00 pn(zj):                     -nan
zj:   0.0000000000000000e+00 f(zj):   0.0000000000000000e+00 pn(zj):                     -nan
zj:   0.0000000000000000e+00 f(zj):   0.0000000000000000e+00 pn(zj):                     -nan
zj:   0.0000000000000000e+00 f(zj):   0.0000000000000000e+00 pn(zj):                     -nan
zj:   0.0000000000000000e+00 f(zj):   0.0000000000000000e+00 pn(zj):                     -nan
zj:   0.0000000000000000e+00 f(zj):   0.0000000000000000e+00 pn(zj):                     -nan
zj:   0.0000000000000000e+00 f(zj):   0.0000000000000000e+00 pn(zj):                     -nan
zj:   0.0000000000000000e+00 f(zj):   0.0000000000000000e+00 pn(zj):                     -nan
zj:   0.0000000000000000e+00 f(zj):   0.0000000000000000e+00 pn(zj):                     -nan
zj:   0.0000000000000000e+00 f(zj):   0.0000000000000000e+00 pn(zj):                     -nan
zj:   0.0000000000000000e+00 f(zj):   0.0000000000000000e+00 pn(zj):                     -nan
zj:   0.0000000000000000e+00 f(zj):   0.0000000000000000e+00 pn(zj):                     -nan
zj:   0.0000000000000000e+00 f(zj):   0.0000000000000000e+00 pn(zj):                     -nan
zj:   0.0000000000000000e+00 f(zj):   0.0000000000000000e+00 pn(zj):                     -nan
zj:   0.0000000000000000e+00 f(zj):   0.0000000000000000e+00 pn(zj):                     -nan
zj:   0.0000000000000000e+00 f(zj):   0.0000000000000000e+00 pn(zj):                     -nan
zj:   0.0000000000000000e+00 f(zj):   0.0000000000000000e+00 pn(zj):                     -nan
zj:   0.0000000000000000e+00 f(zj):   0.0000000000000000e+00 pn(zj):                     -nan
zj:   0.0000000000000000e+00 f(zj):   0.0000000000000000e+00 pn(zj):                     -nan
zj:   0.0000000000000000e+00 f(zj):   0.0000000000000000e+00 pn(zj):                     -nan
zj:   0.0000000000000000e+00 f(zj):   0.0000000000000000e+00 pn(zj):                     -nan
zj:   0.0000000000000000e+00 f(zj):   0.0000000000000000e+00 pn(zj):                     -nan
zj:   0.0000000000000000e+00 f(zj):   0.0000000000000000e+00 pn(zj):                     -nan
zj:   0.0000000000000000e+00 f(zj):   0.0000000000000000e+00 pn(zj):                     -nan
zj:   0.0000000000000000e+00 f(zj):   0.0000000000000000e+00 pn(zj):                     -nan
zj:   0.0000000000000000e+00 f(zj):   0.0000000000000000e+00 pn(zj):                     -nan
zj:   0.0000000000000000e+00 f(zj):   0.0000000000000000e+00 pn(zj):                     -nan
zj:   0.0000000000000000e+00 f(zj):   0.0000000000000000e+00 pn(zj):                     -nan
zj:   0.0000000000000000e+00 f(zj):   0.0000000000000000e+00 pn(zj):                     -nan
zj:   0.0000000000000000e+00 f(zj):   0.0000000000000000e+00 pn(zj):                     -nan
zj:   0.0000000000000000e+00 f(zj):   0.0000000000000000e+00 pn(zj):                     -nan
zj:   0.0000000000000000e+00 f(zj):   0.0000000000000000e+00 pn(zj):                     -nan
zj:   0.0000000000000000e+00 f(zj):   0.0000000000000000e+00 pn(zj):                     -nan
zj:   0.0000000000000000e+00 f(zj):   0.0000000000000000e+00 pn(zj):                     -nan
zj:   0.0000000000000000e+00 f(zj):   0.0000000000000000e+00 pn(zj):                     -nan
zj:   0.0000000000000000e+00 f(zj):   0.0000000000000000e+00 pn(zj):                     -nan
zj:   0.0000000000000000e+00 f(zj):   0.0000000000000000e+00 pn(zj):                     -nan
zj:   0.0000000000000000e+00 f(zj):   0.0000000000000000e+00 pn(zj):                     -nan
zj:   0.0000000000000000e+00 f(zj):   0.0000000000000000e+00 pn(zj):                     -nan
zj:   0.0000000000000000e+00 f(zj):   0.0000000000000000e+00 pn(zj):                     -nan
zj:   0.0000000000000000e+00 f(zj):   0.0000000000000000e+00 pn(zj):                     -nan
zj:   0.0000000000000000e+00 f(zj):   0.0000000000000000e+00 pn(zj):                     -nan
zj:   0.0000000000000000e+00 f(zj):   0.0000000000000000e+00 pn(zj):                     -nan
zj:   0.0000000000000000e+00 f(zj):   0.0000000000000000e+00 pn(zj):                     -nan
zj:   0.0000000000000000e+00 f(zj):   0.0000000000000000e+00 pn(zj):                     -nan
zj:   0.0000000000000000e+00 f(zj):   0.0000000000000000e+00 pn(zj):                     -nan
zj:   0.0000000000000000e+00 f(zj):   0.0000000000000000e+00 pn(zj):                     -nan
zj:   0.0000000000000000e+00 f(zj):   0.0000000000000000e+00 pn(zj):                     -nan
zj:   0.0000000000000000e+00 f(zj):   0.0000000000000000e+00 pn(zj):                     -nan
zj:   0.0000000000000000e+00 f(zj):   0.0000000000000000e+00 pn(zj):                     -nan
zj:   0.0000000000000000e+00 f(zj):   0.0000000000000000e+00 pn(zj):                     -nan
zj:   0.0000000000000000e+00 f(zj):   0.0000000000000000e+00 pn(zj):                     -nan
zj:   0.0000000000000000e+00 f(zj):   0.0000000000000000e+00 pn(zj):                     -nan
zj:   0.0000000000000000e+00 f(zj):   0.0000000000000000e+00 pn(zj):                     -nan
zj:   0.0000000000000000e+00 f(zj):   0.0000000000000000e+00 pn(zj):                     -nan
zj:   0.0000000000000000e+00 f(zj):   0.0000000000000000e+00 pn(zj):                     -nan
zj:   0.0000000000000000e+00 f(zj):   0.0000000000000000e+00 pn(zj):                     -nan
zj:   0.0000000000000000e+00 f(zj):   0.0000000000000000e+00 pn(zj):                     -nan
zj:   0.0000000000000000e+00 f(zj):   0.0000000000000000e+00 pn(zj):                     -nan
zj:   0.0000000000000000e+00 f(zj):   0.0000000000000000e+00 pn(zj):                     -nan
zj:   0.0000000000000000e+00 f(zj):   0.0000000000000000e+00 pn(zj):                     -nan
zj:   0.0000000000000000e+00 f(zj):   0.0000000000000000e+00 pn(zj):                     -nan
zj:   0.0000000000000000e+00 f(zj):   0.0000000000000000e+00 pn(zj):                     -nan
zj:   0.0000000000000000e+00 f(zj):   0.0000000000000000e+00 pn(zj):                     -nan
zj:   0.0000000000000000e+00 f(zj):   0.0000000000000000e+00 pn(zj):                     -nan
zj:   0.0000000000000000e+00 f(zj):   0.0000000000000000e+00 pn(zj):                     -nan
zj:   0.0000000000000000e+00 f(zj):   0.0000000000000000e+00 pn(zj):                     -nan
zj:   0.0000000000000000e+00 f(zj):   0.0000000000000000e+00 pn(zj):                     -nan
zj:   0.0000000000000000e+00 f(zj):   0.0000000000000000e+00 pn(zj):                     -nan
zj:   0.0000000000000000e+00 f(zj):   0.0000000000000000e+00 pn(zj):                     -nan
zj:   0.0000000000000000e+00 f(zj):   0.0000000000000000e+00 pn(zj):                     -nan
zj:   0.0000000000000000e+00 f(zj):   0.0000000000000000e+00 pn(zj):                     -nan
zj:   0.0000000000000000e+00 f(zj):   0.0000000000000000e+00 pn(zj):                     -nan
zj:   0.0000000000000000e+00 f(zj):   0.0000000000000000e+00 pn(zj):                     -nan
zj:   0.0000000000000000e+00 f(zj):   0.0000000000000000e+00 pn(zj):                     -nan
zj:   0.0000000000000000e+00 f(zj):   0.0000000000000000e+00 pn(zj):                     -nan
zj:   0.0000000000000000e+00 f(zj):   0.0000000000000000e+00 pn(zj):                     -nan
zj:   0.0000000000000000e+00 f(zj):   0.0000000000000000e+00 pn(zj):                     -nan
zj:   0.0000000000000000e+00 f(zj):   0.0000000000000000e+00 pn(zj):                     -nan
zj:   0.0000000000000000e+00 f(zj):   0.0000000000000000e+00 pn(zj):                     -nan
zj:   0.0000000000000000e+00 f(zj):   0.0000000000000000e+00 pn(zj):                     -nan
zj:   0.0000000000000000e+00 f(zj):   0.0000000000000000e+00 pn(zj):                     -nan
zj:   0.0000000000000000e+00 f(zj):   0.0000000000000000e+00 pn(zj):                     -nan
zj:   0.0000000000000000e+00 f(zj):   0.0000000000000000e+00 pn(zj):                     -nan
zj:   0.0000000000000000e+00 f(zj):   0.0000000000000000e+00 pn(zj):                     -nan
zj:   0.0000000000000000e+00 f(zj):   0.0000000000000000e+00 pn(zj):                     -nan
zj:   0.0000000000000000e+00 f(zj):   0.0000000000000000e+00 pn(zj):                     -nan
zj:   0.0000000000000000e+00 f(zj):   0.0000000000000000e+00 pn(zj):                     -nan
zj:   0.0000000000000000e+00 f(zj):   0.0000000000000000e+00 pn(zj):                     -nan
zj:   0.0000000000000000e+00 f(zj):   0.0000000000000000e+00 pn(zj):                     -nan
zj:   0.0000000000000000e+00 f(zj):   0.0000000000000000e+00 pn(zj):                     -nan
zj:   0.0000000000000000e+00 f(zj):   0.0000000000000000e+00 pn(zj):                     -nan
zj:   0.0000000000000000e+00 f(zj):   0.0000000000000000e+00 pn(zj):                     -nan
zj:   0.0000000000000000e+00 f(zj):   0.0000000000000000e+00 pn(zj):                     -nan
zj:   0.0000000000000000e+00 f(zj):   0.0000000000000000e+00 pn(zj):                     -nan
zj:   0.0000000000000000e+00 f(zj):   0.0000000000000000e+00 pn(zj):                     -nan
zj:   0.0000000000000000e+00 f(zj):   0.0000000000000000e+00 pn(zj):                     -nan
zj:   0.0000000000000000e+00 f(zj):   0.0000000000000000e+00 pn(zj):                     -nan
zj:   0.0000000000000000e+00 f(zj):   0.0000000000000000e+00 pn(zj):                     -nan
zj:   0.0000000000000000e+00 f(zj):   0.0000000000000000e+00 pn(zj):                     -nan
zj:   0.0000000000000000e+00 f(zj):   0.0000000000000000e+00 pn(zj):                     -nan
zj:   0.0000000000000000e+00 f(zj):   0.0000000000000000e+00 pn(zj):                     -nan
zj:   0.0000000000000000e+00 f(zj):   0.0000000000000000e+00 pn(zj):                     -nan
zj:   0.0000000000000000e+00 f(zj):   0.0000000000000000e+00 pn(zj):                     -nan
zj:   0.0000000000000000e+00 f(zj):   0.0000000000000000e+00 pn(zj):                     -nan
zj:   0.0000000000000000e+00 f(zj):   0.0000000000000000e+00 pn(zj):                     -nan
zj:   0.0000000000000000e+00 f(zj):   0.0000000000000000e+00 pn(zj):                     -nan
zj:   0.0000000000000000e+00 f(zj):   0.0000000000000000e+00 pn(zj):                     -nan
zj:   0.0000000000000000e+00 f(zj):   0.0000000000000000e+00 pn(zj):                     -nan
zj:   0.0000000000000000e+00 f(zj):   0.0000000000000000e+00 pn(zj):                     -nan
zj:   0.0000000000000000e+00 f(zj):   0.0000000000000000e+00 pn(zj):                     -nan
zj:   0.0000000000000000e+00 f(zj):   0.0000000000000000e+00 pn(zj):                     -nan
zj:   0.0000000000000000e+00 f(zj):   0.0000000000000000e+00 pn(zj):                     -nan
zj:   0.0000000000000000e+00 f(zj):   0.0000000000000000e+00 pn(zj):                     -nan
zj:   0.0000000000000000e+00 f(zj):   0.0000000000000000e+00 pn(zj):                     -nan
zj:   0.0000000000000000e+00 f(zj):   0.0000000000000000e+00 pn(zj):                     -nan
zj:   0.0000000000000000e+00 f(zj):   0.0000000000000000e+00 pn(zj):                     -nan
zj:   0.0000000000000000e+00 f(zj):   0.0000000000000000e+00 pn(zj):                     -nan
zj:   0.0000000000000000e+00 f(zj):   0.0000000000000000e+00 pn(zj):                     -nan
zj:   0.0000000000000000e+00 f(zj):   0.0000000000000000e+00 pn(zj):                     -nan
zj:   0.0000000000000000e+00 f(zj):   0.0000000000000000e+00 pn(zj):                     -nan
zj:   0.0000000000000000e+00 f(zj):   0.0000000000000000e+00 pn(zj):                     -nan
zj:   0.0000000000000000e+00 f(zj):   0.0000000000000000e+00 pn(zj):                     -nan
zj:   0.0000000000000000e+00 f(zj):   0.0000000000000000e+00 pn(zj):                     -nan
zj:   0.0000000000000000e+00 f(zj):   0.0000000000000000e+00 pn(zj):                     -nan
zj:   0.0000000000000000e+00 f(zj):   0.0000000000000000e+00 pn(zj):                     -nan
zj:   0.0000000000000000e+00 f(zj):   0.0000000000000000e+00 pn(zj):                     -nan
zj:   0.0000000000000000e+00 f(zj):   0.0000000000000000e+00 pn(zj):                     -nan
zj:   0.0000000000000000e+00 f(zj):   0.0000000000000000e+00 pn(zj):                     -nan
zj:   0.0000000000000000e+00 f(zj):   0.0000000000000000e+00 pn(zj):                     -nan
zj:   0.0000000000000000e+00 f(zj):   0.0000000000000000e+00 pn(zj):                     -nan
zj:   0.0000000000000000e+00 f(zj):   0.0000000000000000e+00 pn(zj):                     -nan
zj:   0.0000000000000000e+00 f(zj):   0.0000000000000000e+00 pn(zj):                     -nan
zj:   0.0000000000000000e+00 f(zj):   0.0000000000000000e+00 pn(zj):                     -nan
zj:   0.0000000000000000e+00 f(zj):   0.0000000000000000e+00 pn(zj):                     -nan
zj:   0.0000000000000000e+00 f(zj):   0.0000000000000000e+00 pn(zj):                     -nan
zj:   0.0000000000000000e+00 f(zj):   0.0000000000000000e+00 pn(zj):                     -nan
zj:   0.0000000000000000e+00 f(zj):   0.0000000000000000e+00 pn(zj):                     -nan
zj:   0.0000000000000000e+00 f(zj):   0.0000000000000000e+00 pn(zj):                     -nan
zj:   0.0000000000000000e+00 f(zj):   0.0000000000000000e+00 pn(zj):                     -nan
zj:   0.0000000000000000e+00 f(zj):   0.0000000000000000e+00 pn(zj):                     -nan
zj:   0.0000000000000000e+00 f(zj):   0.0000000000000000e+00 pn(zj):                     -nan
zj:   0.0000000000000000e+00 f(zj):   0.0000000000000000e+00 pn(zj):                     -nan
zj:   0.0000000000000000e+00 f(zj):   0.0000000000000000e+00 pn(zj):                     -nan
zj:   0.0000000000000000e+00 f(zj):   0.0000000000000000e+00 pn(zj):                     -nan
zj:   0.0000000000000000e+00 f(zj):   0.0000000000000000e+00 pn(zj):                     -nan
zj:   0.0000000000000000e+00 f(zj):   0.0000000000000000e+00 pn(zj):                     -nan
zj:   0.0000000000000000e+00 f(zj):   0.0000000000000000e+00 pn(zj):                     -nan
zj:   0.0000000000000000e+00 f(zj):   0.0000000000000000e+00 pn(zj):                     -nan
zj:   0.0000000000000000e+00 f(zj):   0.0000000000000000e+00 pn(zj):                     -nan
zj:   0.0000000000000000e+00 f(zj):   0.0000000000000000e+00 pn(zj):                     -nan
zj:   0.0000000000000000e+00 f(zj):   0.0000000000000000e+00 pn(zj):                     -nan
zj:   0.0000000000000000e+00 f(zj):   0.0000000000000000e+00 pn(zj):                     -nan
zj:   0.0000000000000000e+00 f(zj):   0.0000000000000000e+00 pn(zj):                     -nan
zj:   0.0000000000000000e+00 f(zj):   0.0000000000000000e+00 pn(zj):                     -nan
zj:   0.0000000000000000e+00 f(zj):   0.0000000000000000e+00 pn(zj):                     -nan
zj:   0.0000000000000000e+00 f(zj):   0.0000000000000000e+00 pn(zj):                     -nan
zj:   0.0000000000000000e+00 f(zj):   0.0000000000000000e+00 pn(zj):                     -nan
zj:   0.0000000000000000e+00 f(zj):   0.0000000000000000e+00 pn(zj):                     -nan
zj:   0.0000000000000000e+00 f(zj):   0.0000000000000000e+00 pn(zj):                     -nan
zj:   0.0000000000000000e+00 f(zj):   0.0000000000000000e+00 pn(zj):                     -nan
zj:   0.0000000000000000e+00 f(zj):   0.0000000000000000e+00 pn(zj):                     -nan
zj:   0.0000000000000000e+00 f(zj):   0.0000000000000000e+00 pn(zj):                     -nan
zj:   0.0000000000000000e+00 f(zj):   0.0000000000000000e+00 pn(zj):                     -nan
zj:   0.0000000000000000e+00 f(zj):   0.0000000000000000e+00 pn(zj):                     -nan
zj:   0.0000000000000000e+00 f(zj):   0.0000000000000000e+00 pn(zj):                     -nan
zj:   0.0000000000000000e+00 f(zj):   0.0000000000000000e+00 pn(zj):                     -nan
zj:   0.0000000000000000e+00 f(zj):   0.0000000000000000e+00 pn(zj):                     -nan
zj:   0.0000000000000000e+00 f(zj):   0.0000000000000000e+00 pn(zj):                     -nan
zj:   0.0000000000000000e+00 f(zj):   0.0000000000000000e+00 pn(zj):                     -nan
zj:   0.0000000000000000e+00 f(zj):   0.0000000000000000e+00 pn(zj):                     -nan
zj:   0.0000000000000000e+00 f(zj):   0.0000000000000000e+00 pn(zj):                     -nan
zj:   0.0000000000000000e+00 f(zj):   0.0000000000000000e+00 pn(zj):                     -nan
zj:   0.0000000000000000e+00 f(zj):   0.0000000000000000e+00 pn(zj):                     -nan
zj:   0.0000000000000000e+00 f(zj):   0.0000000000000000e+00 pn(zj):                     -nan
zj:   0.0000000000000000e+00 f(zj):   0.0000000000000000e+00 pn(zj):                     -nan
zj:   0.0000000000000000e+00 f(zj):   0.0000000000000000e+00 pn(zj):                     -nan
zj:   0.0000000000000000e+00 f(zj):   0.0000000000000000e+00 pn(zj):                     -nan
zj:   0.0000000000000000e+00 f(zj):   0.0000000000000000e+00 pn(zj):                     -nan
zj:   0.0000000000000000e+00 f(zj):   0.0000000000000000e+00 pn(zj):                     -nan
zj:   0.0000000000000000e+00 f(zj):   0.0000000000000000e+00 pn(zj):                     -nan
zj:   0.0000000000000000e+00 f(zj):   0.0000000000000000e+00 pn(zj):                     -nan
zj:   0.0000000000000000e+00 f(zj):   0.0000000000000000e+00 pn(zj):                     -nan
zj:   0.0000000000000000e+00 f(zj):   0.0000000000000000e+00 pn(zj):                     -nan
zj:   0.0000000000000000e+00 f(zj):   0.0000000000000000e+00 pn(zj):                     -nan
zj:   0.0000000000000000e+00 f(zj):   0.0000000000000000e+00 pn(zj):                     -nan
zj:   0.0000000000000000e+00 f(zj):   0.0000000000000000e+00 pn(zj):                     -nan
zj:   0.0000000000000000e+00 f(zj):   0.0000000000000000e+00 pn(zj):                     -nan
zj:   0.0000000000000000e+00 f(zj):   0.0000000000000000e+00 pn(zj):                     -nan
zj:   0.0000000000000000e+00 f(zj):   0.0000000000000000e+00 pn(zj):                     -nan
zj:   0.0000000000000000e+00 f(zj):   0.0000000000000000e+00 pn(zj):                     -nan
zj:   0.0000000000000000e+00 f(zj):   0.0000000000000000e+00 pn(zj):                     -nan
zj:   0.0000000000000000e+00 f(zj):   0.0000000000000000e+00 pn(zj):                     -nan
zj:   0.0000000000000000e+00 f(zj):   0.0000000000000000e+00 pn(zj):                     -nan
zj:   0.0000000000000000e+00 f(zj):   0.0000000000000000e+00 pn(zj):                     -nan
zj:   0.0000000000000000e+00 f(zj):   0.0000000000000000e+00 pn(zj):                     -nan
zj:   0.0000000000000000e+00 f(zj):   0.0000000000000000e+00 pn(zj):                     -nan
zj:   0.0000000000000000e+00 f(zj):   0.0000000000000000e+00 pn(zj):                     -nan
zj:   0.0000000000000000e+00 f(zj):   0.0000000000000000e+00 pn(zj):                     -nan
zj:   0.0000000000000000e+00 f(zj):   0.0000000000000000e+00 pn(zj):                     -nan
zj:   0.0000000000000000e+00 f(zj):   0.0000000000000000e+00 pn(zj):                     -nan
zj:   0.0000000000000000e+00 f(zj):   0.0000000000000000e+00 pn(zj):                     -nan
zj:   0.0000000000000000e+00 f(zj):   0.0000000000000000e+00 pn(zj):                     -nan
zj:   0.0000000000000000e+00 f(zj):   0.0000000000000000e+00 pn(zj):                     -nan
zj:   0.0000000000000000e+00 f(zj):   0.0000000000000000e+00 pn(zj):                     -nan
zj:   0.0000000000000000e+00 f(zj):   0.0000000000000000e+00 pn(zj):                     -nan
zj:   0.0000000000000000e+00 f(zj):   0.0000000000000000e+00 pn(zj):                     -nan
zj:   0.0000000000000000e+00 f(zj):   0.0000000000000000e+00 pn(zj):                     -nan
zj:   0.0000000000000000e+00 f(zj):   0.0000000000000000e+00 pn(zj):                     -nan
zj:   0.0000000000000000e+00 f(zj):   0.0000000000000000e+00 pn(zj):                     -nan
zj:   0.0000000000000000e+00 f(zj):   0.0000000000000000e+00 pn(zj):                     -nan
zj:   0.0000000000000000e+00 f(zj):   0.0000000000000000e+00 pn(zj):                     -nan
zj:   0.0000000000000000e+00 f(zj):   0.0000000000000000e+00 pn(zj):                     -nan
zj:   0.0000000000000000e+00 f(zj):   0.0000000000000000e+00 pn(zj):                     -nan
zj:   0.0000000000000000e+00 f(zj):   0.0000000000000000e+00 pn(zj):                     -nan
zj:   0.0000000000000000e+00 f(zj):   0.0000000000000000e+00 pn(zj):                     -nan
zj:   0.0000000000000000e+00 f(zj):   0.0000000000000000e+00 pn(zj):                     -nan
zj:   0.0000000000000000e+00 f(zj):   0.0000000000000000e+00 pn(zj):                     -nan
zj:   0.0000000000000000e+00 f(zj):   0.0000000000000000e+00 pn(zj):                     -nan
zj:   0.0000000000000000e+00 f(zj):   0.0000000000000000e+00 pn(zj):                     -nan
zj:   0.0000000000000000e+00 f(zj):   0.0000000000000000e+00 pn(zj):                     -nan
zj:   0.0000000000000000e+00 f(zj):   0.0000000000000000e+00 pn(zj):                     -nan
zj:   0.0000000000000000e+00 f(zj):   0.0000000000000000e+00 pn(zj):                     -nan
zj:   0.0000000000000000e+00 f(zj):   0.0000000000000000e+00 pn(zj):                     -nan
zj:   0.0000000000000000e+00 f(zj):   0.0000000000000000e+00 pn(zj):                     -nan
zj:   0.0000000000000000e+00 f(zj):   0.0000000000000000e+00 pn(zj):                     -nan
zj:   0.0000000000000000e+00 f(zj):   0.0000000000000000e+00 pn(zj):                     -nan
zj:   0.0000000000000000e+00 f(zj):   0.0000000000000000e+00 pn(zj):                     -nan
zj:   0.0000000000000000e+00 f(zj):   0.0000000000000000e+00 pn(zj):                     -nan
zj:   0.0000000000000000e+00 f(zj):   0.0000000000000000e+00 pn(zj):                     -nan
zj:   0.0000000000000000e+00 f(zj):   0.0000000000000000e+00 pn(zj):                     -nan
zj:   0.0000000000000000e+00 f(zj):   0.0000000000000000e+00 pn(zj):                     -nan
zj:   0.0000000000000000e+00 f(zj):   0.0000000000000000e+00 pn(zj):                     -nan
zj:   0.0000000000000000e+00 f(zj):   0.0000000000000000e+00 pn(zj):                     -nan
zj:   0.0000000000000000e+00 f(zj):   0.0000000000000000e+00 pn(zj):                     -nan
zj:   0.0000000000000000e+00 f(zj):   0.0000000000000000e+00 pn(zj):                     -nan
zj:   0.0000000000000000e+00 f(zj):   0.0000000000000000e+00 pn(zj):                     -nan
zj:   0.0000000000000000e+00 f(zj):   0.0000000000000000e+00 pn(zj):                     -nan
zj:   0.0000000000000000e+00 f(zj):   0.0000000000000000e+00 pn(zj):                     -nan
zj:   0.0000000000000000e+00 f(zj):   0.0000000000000000e+00 pn(zj):                     -nan
zj:   0.0000000000000000e+00 f(zj):   0.0000000000000000e+00 pn(zj):                     -nan
zj:   0.0000000000000000e+00 f(zj):   0.0000000000000000e+00 pn(zj):                     -nan
zj:   0.0000000000000000e+00 f(zj):   0.0000000000000000e+00 pn(zj):                     -nan
zj:   0.0000000000000000e+00 f(zj):   0.0000000000000000e+00 pn(zj):                     -nan
zj:   0.0000000000000000e+00 f(zj):   0.0000000000000000e+00 pn(zj):                     -nan
zj:   0.0000000000000000e+00 f(zj):   0.0000000000000000e+00 pn(zj):                     -nan
zj:   0.0000000000000000e+00 f(zj):   0.0000000000000000e+00 pn(zj):                     -nan
zj:   0.0000000000000000e+00 f(zj):   0.0000000000000000e+00 pn(zj):                     -nan
zj:   0.0000000000000000e+00 f(zj):   0.0000000000000000e+00 pn(zj):                     -nan
zj:   0.0000000000000000e+00 f(zj):   0.0000000000000000e+00 pn(zj):                     -nan
zj:   0.0000000000000000e+00 f(zj):   0.0000000000000000e+00 pn(zj):                     -nan
zj:   0.0000000000000000e+00 f(zj):   0.0000000000000000e+00 pn(zj):                     -nan
zj:   0.0000000000000000e+00 f(zj):   0.0000000000000000e+00 pn(zj):                     -nan
zj:   0.0000000000000000e+00 f(zj):   0.0000000000000000e+00 pn(zj):                     -nan
zj:   0.0000000000000000e+00 f(zj):   0.0000000000000000e+00 pn(zj):                     -nan
zj:   0.0000000000000000e+00 f(zj):   0.0000000000000000e+00 pn(zj):                     -nan
zj:   0.0000000000000000e+00 f(zj):   0.0000000000000000e+00 pn(zj):                     -nan
zj:   0.0000000000000000e+00 f(zj):   0.0000000000000000e+00 pn(zj):                     -nan
zj:   0.0000000000000000e+00 f(zj):   0.0000000000000000e+00 pn(zj):                     -nan
zj:   0.0000000000000000e+00 f(zj):   0.0000000000000000e+00 pn(zj):                     -nan
zj:   0.0000000000000000e+00 f(zj):   0.0000000000000000e+00 pn(zj):                     -nan
zj:   0.0000000000000000e+00 f(zj):   0.0000000000000000e+00 pn(zj):                     -nan
zj:   0.0000000000000000e+00 f(zj):   0.0000000000000000e+00 pn(zj):                     -nan
zj:   0.0000000000000000e+00 f(zj):   0.0000000000000000e+00 pn(zj):                     -nan
zj:   0.0000000000000000e+00 f(zj):   0.0000000000000000e+00 pn(zj):                     -nan
zj:   0.0000000000000000e+00 f(zj):   0.0000000000000000e+00 pn(zj):                     -nan
zj:   0.0000000000000000e+00 f(zj):   0.0000000000000000e+00 pn(zj):                     -nan
zj:   0.0000000000000000e+00 f(zj):   0.0000000000000000e+00 pn(zj):                     -nan
zj:   0.0000000000000000e+00 f(zj):   0.0000000000000000e+00 pn(zj):                     -nan
zj:   0.0000000000000000e+00 f(zj):   0.0000000000000000e+00 pn(zj):                     -nan
zj:   0.0000000000000000e+00 f(zj):   0.0000000000000000e+00 pn(zj):                     -nan
zj:   0.0000000000000000e+00 f(zj):   0.0000000000000000e+00 pn(zj):                     -nan
zj:   0.0000000000000000e+00 f(zj):   0.0000000000000000e+00 pn(zj):                     -nan
zj:   0.0000000000000000e+00 f(zj):   0.0000000000000000e+00 pn(zj):                     -nan
zj:   0.0000000000000000e+00 f(zj):   0.0000000000000000e+00 pn(zj):                     -nan
zj:   0.0000000000000000e+00 f(zj):   0.0000000000000000e+00 pn(zj):                     -nan
zj:   0.0000000000000000e+00 f(zj):   0.0000000000000000e+00 pn(zj):                     -nan
zj:   0.0000000000000000e+00 f(zj):   0.0000000000000000e+00 pn(zj):                     -nan
zj:   0.0000000000000000e+00 f(zj):   0.0000000000000000e+00 pn(zj):                     -nan
zj:   0.0000000000000000e+00 f(zj):   0.0000000000000000e+00 pn(zj):                     -nan
zj:   0.0000000000000000e+00 f(zj):   0.0000000000000000e+00 pn(zj):                     -nan
zj:   0.0000000000000000e+00 f(zj):   0.0000000000000000e+00 pn(zj):                     -nan
zj:   0.0000000000000000e+00 f(zj):   0.0000000000000000e+00 pn(zj):                     -nan
zj:   0.0000000000000000e+00 f(zj):   0.0000000000000000e+00 pn(zj):                     -nan
zj:   0.0000000000000000e+00 f(zj):   0.0000000000000000e+00 pn(zj):                     -nan
zj:   0.0000000000000000e+00 f(zj):   0.0000000000000000e+00 pn(zj):                     -nan
zj:   0.0000000000000000e+00 f(zj):   0.0000000000000000e+00 pn(zj):                     -nan
zj:   0.0000000000000000e+00 f(zj):   0.0000000000000000e+00 pn(zj):                     -nan
zj:   0.0000000000000000e+00 f(zj):   0.0000000000000000e+00 pn(zj):                     -nan
zj:   0.0000000000000000e+00 f(zj):   0.0000000000000000e+00 pn(zj):                     -nan
zj:   0.0000000000000000e+00 f(zj):   0.0000000000000000e+00 pn(zj):                     -nan
zj:   0.0000000000000000e+00 f(zj):   0.0000000000000000e+00 pn(zj):                     -nan
zj:   0.0000000000000000e+00 f(zj):   0.0000000000000000e+00 pn(zj):                     -nan
zj:   0.0000000000000000e+00 f(zj):   0.0000000000000000e+00 pn(zj):                     -nan
zj:   0.0000000000000000e+00 f(zj):   0.0000000000000000e+00 pn(zj):                     -nan
zj:   0.0000000000000000e+00 f(zj):   0.0000000000000000e+00 pn(zj):                     -nan
zj:   0.0000000000000000e+00 f(zj):   0.0000000000000000e+00 pn(zj):                     -nan
zj:   0.0000000000000000e+00 f(zj):   0.0000000000000000e+00 pn(zj):                     -nan
zj:   0.0000000000000000e+00 f(zj):   0.0000000000000000e+00 pn(zj):                     -nan
zj:   0.0000000000000000e+00 f(zj):   0.0000000000000000e+00 pn(zj):                     -nan
zj:   0.0000000000000000e+00 f(zj):   0.0000000000000000e+00 pn(zj):                     -nan
zj:   0.0000000000000000e+00 f(zj):   0.0000000000000000e+00 pn(zj):                     -nan
zj:   0.0000000000000000e+00 f(zj):   0.0000000000000000e+00 pn(zj):                     -nan
zj:   0.0000000000000000e+00 f(zj):   0.0000000000000000e+00 pn(zj):                     -nan
zj:   0.0000000000000000e+00 f(zj):   0.0000000000000000e+00 pn(zj):                     -nan
zj:   0.0000000000000000e+00 f(zj):   0.0000000000000000e+00 pn(zj):                     -nan
zj:   0.0000000000000000e+00 f(zj):   0.0000000000000000e+00 pn(zj):                     -nan
zj:   0.0000000000000000e+00 f(zj):   0.0000000000000000e+00 pn(zj):                     -nan
zj:   0.0000000000000000e+00 f(zj):   0.0000000000000000e+00 pn(zj):                     -nan
zj:   0.0000000000000000e+00 f(zj):   0.0000000000000000e+00 pn(zj):                     -nan
zj:   0.0000000000000000e+00 f(zj):   0.0000000000000000e+00 pn(zj):                     -nan
zj:   0.0000000000000000e+00 f(zj):   0.0000000000000000e+00 pn(zj):                     -nan
zj:   0.0000000000000000e+00 f(zj):   0.0000000000000000e+00 pn(zj):                     -nan
zj:   0.0000000000000000e+00 f(zj):   0.0000000000000000e+00 pn(zj):                     -nan
zj:   0.0000000000000000e+00 f(zj):   0.0000000000000000e+00 pn(zj):                     -nan
zj:   0.0000000000000000e+00 f(zj):   0.0000000000000000e+00 pn(zj):                     -nan
zj:   0.0000000000000000e+00 f(zj):   0.0000000000000000e+00 pn(zj):                     -nan
zj:   0.0000000000000000e+00 f(zj):   0.0000000000000000e+00 pn(zj):                     -nan
zj:   0.0000000000000000e+00 f(zj):   0.0000000000000000e+00 pn(zj):                     -nan
zj:   0.0000000000000000e+00 f(zj):   0.0000000000000000e+00 pn(zj):                     -nan
zj:   0.0000000000000000e+00 f(zj):   0.0000000000000000e+00 pn(zj):                     -nan
zj:   0.0000000000000000e+00 f(zj):   0.0000000000000000e+00 pn(zj):                     -nan
zj:   0.0000000000000000e+00 f(zj):   0.0000000000000000e+00 pn(zj):                     -nan
zj:   0.0000000000000000e+00 f(zj):   0.0000000000000000e+00 pn(zj):                     -nan
zj:   0.0000000000000000e+00 f(zj):   0.0000000000000000e+00 pn(zj):                     -nan
zj:   0.0000000000000000e+00 f(zj):   0.0000000000000000e+00 pn(zj):                     -nan
zj:   0.0000000000000000e+00 f(zj):   0.0000000000000000e+00 pn(zj):                     -nan
zj:   0.0000000000000000e+00 f(zj):   0.0000000000000000e+00 pn(zj):                     -nan
zj:   0.0000000000000000e+00 f(zj):   0.0000000000000000e+00 pn(zj):                     -nan
zj:   0.0000000000000000e+00 f(zj):   0.0000000000000000e+00 pn(zj):                     -nan
zj:   0.0000000000000000e+00 f(zj):   0.0000000000000000e+00 pn(zj):                     -nan
zj:   0.0000000000000000e+00 f(zj):   0.0000000000000000e+00 pn(zj):                     -nan
zj:   0.0000000000000000e+00 f(zj):   0.0000000000000000e+00 pn(zj):                     -nan
zj:   0.0000000000000000e+00 f(zj):   0.0000000000000000e+00 pn(zj):                     -nan
zj:   0.0000000000000000e+00 f(zj):   0.0000000000000000e+00 pn(zj):                     -nan
zj:   0.0000000000000000e+00 f(zj):   0.0000000000000000e+00 pn(zj):                     -nan
zj:   0.0000000000000000e+00 f(zj):   0.0000000000000000e+00 pn(zj):                     -nan
zj:   0.0000000000000000e+00 f(zj):   0.0000000000000000e+00 pn(zj):                     -nan
zj:   0.0000000000000000e+00 f(zj):   0.0000000000000000e+00 pn(zj):                     -nan
zj:   0.0000000000000000e+00 f(zj):   0.0000000000000000e+00 pn(zj):                     -nan
zj:   0.0000000000000000e+00 f(zj):   0.0000000000000000e+00 pn(zj):                     -nan
zj:   0.0000000000000000e+00 f(zj):   0.0000000000000000e+00 pn(zj):                     -nan
zj:   0.0000000000000000e+00 f(zj):   0.0000000000000000e+00 pn(zj):                     -nan
zj:   0.0000000000000000e+00 f(zj):   0.0000000000000000e+00 pn(zj):                     -nan
zj:   0.0000000000000000e+00 f(zj):   0.0000000000000000e+00 pn(zj):                     -nan
zj:   0.0000000000000000e+00 f(zj):   0.0000000000000000e+00 pn(zj):                     -nan
zj:   0.0000000000000000e+00 f(zj):   0.0000000000000000e+00 pn(zj):                     -nan
zj:   0.0000000000000000e+00 f(zj):   0.0000000000000000e+00 pn(zj):                     -nan
zj:   0.0000000000000000e+00 f(zj):   0.0000000000000000e+00 pn(zj):                     -nan
zj:   0.0000000000000000e+00 f(zj):   0.0000000000000000e+00 pn(zj):                     -nan
zj:   0.0000000000000000e+00 f(zj):   0.0000000000000000e+00 pn(zj):                     -nan
zj:   0.0000000000000000e+00 f(zj):   0.0000000000000000e+00 pn(zj):                     -nan
zj:   0.0000000000000000e+00 f(zj):   0.0000000000000000e+00 pn(zj):                     -nan
zj:   0.0000000000000000e+00 f(zj):   0.0000000000000000e+00 pn(zj):                     -nan
zj:   0.0000000000000000e+00 f(zj):   0.0000000000000000e+00 pn(zj):                     -nan
zj:   0.0000000000000000e+00 f(zj):   0.0000000000000000e+00 pn(zj):                     -nan
zj:   0.0000000000000000e+00 f(zj):   0.0000000000000000e+00 pn(zj):                     -nan
zj:   0.0000000000000000e+00 f(zj):   0.0000000000000000e+00 pn(zj):                     -nan
zj:   0.0000000000000000e+00 f(zj):   0.0000000000000000e+00 pn(zj):                     -nan
zj:   0.0000000000000000e+00 f(zj):   0.0000000000000000e+00 pn(zj):                     -nan
zj:   0.0000000000000000e+00 f(zj):   0.0000000000000000e+00 pn(zj):                     -nan
zj:   0.0000000000000000e+00 f(zj):   0.0000000000000000e+00 pn(zj):                     -nan
zj:   0.0000000000000000e+00 f(zj):   0.0000000000000000e+00 pn(zj):                     -nan
zj:   0.0000000000000000e+00 f(zj):   0.0000000000000000e+00 pn(zj):                     -nan
zj:   0.0000000000000000e+00 f(zj):   0.0000000000000000e+00 pn(zj):                     -nan
zj:   0.0000000000000000e+00 f(zj):   0.0000000000000000e+00 pn(zj):                     -nan
zj:   0.0000000000000000e+00 f(zj):   0.0000000000000000e+00 pn(zj):                     -nan
zj:   0.0000000000000000e+00 f(zj):   0.0000000000000000e+00 pn(zj):                     -nan
zj:   0.0000000000000000e+00 f(zj):   0.0000000000000000e+00 pn(zj):                     -nan
zj:   0.0000000000000000e+00 f(zj):   0.0000000000000000e+00 pn(zj):                     -nan
zj:   0.0000000000000000e+00 f(zj):   0.0000000000000000e+00 pn(zj):                     -nan
zj:   0.0000000000000000e+00 f(zj):   0.0000000000000000e+00 pn(zj):                     -nan
zj:   0.0000000000000000e+00 f(zj):   0.0000000000000000e+00 pn(zj):                     -nan
zj:   0.0000000000000000e+00 f(zj):   0.0000000000000000e+00 pn(zj):                     -nan
zj:   0.0000000000000000e+00 f(zj):   0.0000000000000000e+00 pn(zj):                     -nan
zj:   0.0000000000000000e+00 f(zj):   0.0000000000000000e+00 pn(zj):                     -nan
zj:   0.0000000000000000e+00 f(zj):   0.0000000000000000e+00 pn(zj):                     -nan
zj:   0.0000000000000000e+00 f(zj):   0.0000000000000000e+00 pn(zj):                     -nan
zj:   0.0000000000000000e+00 f(zj):   0.0000000000000000e+00 pn(zj):                     -nan
zj:   0.0000000000000000e+00 f(zj):   0.0000000000000000e+00 pn(zj):                     -nan
zj:   0.0000000000000000e+00 f(zj):   0.0000000000000000e+00 pn(zj):                     -nan
zj:   0.0000000000000000e+00 f(zj):   0.0000000000000000e+00 pn(zj):                     -nan
zj:   0.0000000000000000e+00 f(zj):   0.0000000000000000e+00 pn(zj):                     -nan
zj:   0.0000000000000000e+00 f(zj):   0.0000000000000000e+00 pn(zj):                     -nan
zj:   0.0000000000000000e+00 f(zj):   0.0000000000000000e+00 pn(zj):                     -nan
zj:   0.0000000000000000e+00 f(zj):   0.0000000000000000e+00 pn(zj):                     -nan
zj:   0.0000000000000000e+00 f(zj):   0.0000000000000000e+00 pn(zj):                     -nan
zj:   0.0000000000000000e+00 f(zj):   0.0000000000000000e+00 pn(zj):                     -nan
zj:   0.0000000000000000e+00 f(zj):   0.0000000000000000e+00 pn(zj):                     -nan
zj:   0.0000000000000000e+00 f(zj):   0.0000000000000000e+00 pn(zj):                     -nan
zj:   0.0000000000000000e+00 f(zj):   0.0000000000000000e+00 pn(zj):                     -nan
zj:   0.0000000000000000e+00 f(zj):   0.0000000000000000e+00 pn(zj):                     -nan
zj:   0.0000000000000000e+00 f(zj):   0.0000000000000000e+00 pn(zj):                     -nan
zj:   0.0000000000000000e+00 f(zj):   0.0000000000000000e+00 pn(zj):                     -nan
zj:   0.0000000000000000e+00 f(zj):   0.0000000000000000e+00 pn(zj):                     -nan
zj:   0.0000000000000000e+00 f(zj):   0.0000000000000000e+00 pn(zj):                     -nan
zj:   0.0000000000000000e+00 f(zj):   0.0000000000000000e+00 pn(zj):                     -nan
zj:   0.0000000000000000e+00 f(zj):   0.0000000000000000e+00 pn(zj):                     -nan
zj:   0.0000000000000000e+00 f(zj):   0.0000000000000000e+00 pn(zj):                     -nan
zj:   0.0000000000000000e+00 f(zj):   0.0000000000000000e+00 pn(zj):                     -nan
zj:   0.0000000000000000e+00 f(zj):   0.0000000000000000e+00 pn(zj):                     -nan
zj:   0.0000000000000000e+00 f(zj):   0.0000000000000000e+00 pn(zj):                     -nan
zj:   0.0000000000000000e+00 f(zj):   0.0000000000000000e+00 pn(zj):                     -nan
zj:   0.0000000000000000e+00 f(zj):   0.0000000000000000e+00 pn(zj):                     -nan
zj:   0.0000000000000000e+00 f(zj):   0.0000000000000000e+00 pn(zj):                     -nan
zj:   0.0000000000000000e+00 f(zj):   0.0000000000000000e+00 pn(zj):                     -nan
zj:   0.0000000000000000e+00 f(zj):   0.0000000000000000e+00 pn(zj):                     -nan
zj:   0.0000000000000000e+00 f(zj):   0.0000000000000000e+00 pn(zj):                     -nan
zj:   0.0000000000000000e+00 f(zj):   0.0000000000000000e+00 pn(zj):                     -nan
zj:   0.0000000000000000e+00 f(zj):   0.0000000000000000e+00 pn(zj):                     -nan
zj:   0.0000000000000000e+00 f(zj):   0.0000000000000000e+00 pn(zj):                     -nan
zj:   0.0000000000000000e+00 f(zj):   0.0000000000000000e+00 pn(zj):                     -nan
zj:   0.0000000000000000e+00 f(zj):   0.0000000000000000e+00 pn(zj):                     -nan
zj:   0.0000000000000000e+00 f(zj):   0.0000000000000000e+00 pn(zj):                     -nan
zj:   0.0000000000000000e+00 f(zj):   0.0000000000000000e+00 pn(zj):                     -nan
zj:   0.0000000000000000e+00 f(zj):   0.0000000000000000e+00 pn(zj):                     -nan
zj:   0.0000000000000000e+00 f(zj):   0.0000000000000000e+00 pn(zj):                     -nan
zj:   0.0000000000000000e+00 f(zj):   0.0000000000000000e+00 pn(zj):                     -nan
zj:   0.0000000000000000e+00 f(zj):   0.0000000000000000e+00 pn(zj):                     -nan
zj:   0.0000000000000000e+00 f(zj):   0.0000000000000000e+00 pn(zj):                     -nan
zj:   0.0000000000000000e+00 f(zj):   0.0000000000000000e+00 pn(zj):                     -nan
zj:   0.0000000000000000e+00 f(zj):   0.0000000000000000e+00 pn(zj):                     -nan
zj:   0.0000000000000000e+00 f(zj):   0.0000000000000000e+00 pn(zj):                     -nan
zj:   0.0000000000000000e+00 f(zj):   0.0000000000000000e+00 pn(zj):                     -nan
zj:   0.0000000000000000e+00 f(zj):   0.0000000000000000e+00 pn(zj):                     -nan
zj:   0.0000000000000000e+00 f(zj):   0.0000000000000000e+00 pn(zj):                     -nan
zj:   0.0000000000000000e+00 f(zj):   0.0000000000000000e+00 pn(zj):                     -nan
