zj:   0.0000000000000000e+00 f(zj):                     -inf pn(zj):                     -nan
zj:   1.0000000000000000e+00 f(zj):   0.0000000000000000e+00 pn(zj):                     -nan
zj:   2.0000000000000000e+00 f(zj):   6.9314718055994529e-01 pn(zj):                     -nan
zj:   3.0000000000000000e+00 f(zj):   1.0986122886681098e+00 pn(zj):                     -nan
zj:   4.0000000000000000e+00 f(zj):   1.3862943611198906e+00 pn(zj):                     -nan
zj:   5.0000000000000000e+00 f(zj):   1.6094379124341003e+00 pn(zj):                     -nan
zj:   6.0000000000000000e+00 f(zj):   1.7917594692280550e+00 pn(zj):                     -nan
zj:  3.2114266979681025e-322 f(zj):  2.0320920013450470e-320 pn(zj):                     -nan
zj:                     -inf f(zj):   3.2424566200869199e-86 pn(zj):                     -nan
zj:                      inf f(zj):   1.3980432860952889e-76 pn(zj):                     -nan
zj:                     -inf f(zj):   1.3980432860952889e-76 pn(zj):                     -nan
zj:                      inf f(zj):  2.7680678906616326e+280 pn(zj):                     -nan
zj:                     -inf f(zj):  6.0134700192597084e-154 pn(zj):                     -nan
zj:                      inf f(zj):  6.0134700169990685e-154 pn(zj):                     -nan
zj:   1.7917594692280550e+00 f(zj):  6.0134700169990685e-154 pn(zj):                     -nan
zj:  3.2114266979681025e-322 f(zj):  6.1799887518247341e-114 pn(zj):                     -nan
zj:                     -inf f(zj):  6.0134705957229995e-154 pn(zj):                     -nan
zj:   0.0000000000000000e+00 f(zj):  6.0134700169990685e-154 pn(zj):                     -nan
zj:   6.9314718055994529e-01 f(zj):  6.0134700169990685e-154 pn(zj):                     -nan
zj:   1.0986122886681098e+00 f(zj):  8.1645171051962679e+204 pn(zj):                     -nan
zj:   1.3862943611198906e+00 f(zj):   1.3973698205177676e-76 pn(zj):                     -nan
zj:   1.6094379124341003e+00 f(zj):   1.3980432860952889e-76 pn(zj):                     -nan
zj:   1.7917594692280550e+00 f(zj):   1.2108942892349278e-99 pn(zj):                     -nan
zj:  2.0320920013450470e-320 f(zj):  3.5230863936820262e-109 pn(zj):                     -nan
zj:   3.2424566200869199e-86 f(zj):   1.3973685027430247e-76 pn(zj):                     -nan
zj:   1.3980432860952889e-76 f(zj):   1.3980432860952889e-76 pn(zj):                     -nan
zj:   1.3980432860952889e-76 f(zj):   1.2108942892349278e-99 pn(zj):                     -nan
zj:  2.7680678906616326e+280 f(zj):  8.2012590046494969e+204 pn(zj):                     -nan
zj:  6.0134700192597084e-154 f(zj):  6.0134700170078987e-154 pn(zj):                     -nan
zj:  6.0134700169990685e-154 f(zj):  6.0134700169990685e-154 pn(zj):                     -nan
zj:  6.0134700169990685e-154 f(zj):   2.4737980795715994e-91 pn(zj):                     -nan
zj:  6.1799887518247341e-114 f(zj):  1.9701896709766747e-153 pn(zj):                     -nan
zj:  6.0134705957229995e-154 f(zj):   1.3980432758391273e-76 pn(zj):                     -nan
zj:  6.0134700169990685e-154 f(zj):   1.3980432860952889e-76 pn(zj):                     -nan
zj:  6.0134700169990685e-154 f(zj):   1.3964263764857459e-76 pn(zj):                     -nan
zj:  8.1645171051962679e+204 f(zj):  1.9512347655568931e-153 pn(zj):                     -nan
zj:   1.3973698205177676e-76 f(zj):   2.7401326249705491e-57 pn(zj):                     -nan
zj:   1.3980432860952889e-76 f(zj):   4.8548539358821900e-33 pn(zj):                     -nan
zj:   1.2108942892349278e-99 f(zj):   9.1560419231186301e-72 pn(zj):                     -nan
zj:  3.5230863936820262e-109 f(zj):   1.6039704617400945e-28 pn(zj):                     -nan
zj:   1.3973685027430247e-76 f(zj):  6.0134700169990685e-154 pn(zj):                     -nan
zj:   1.3980432860952889e-76 f(zj):  6.0134700169990685e-154 pn(zj):                     -nan
zj:   1.2108942892349278e-99 f(zj):  2.1212569355725347e+161 pn(zj):                     -nan
zj:  8.2012590046494969e+204 f(zj):  6.0136196164699367e-154 pn(zj):                     -nan
zj:  6.0134700170078987e-154 f(zj):   1.3980432860951327e-76 pn(zj):                     -nan
zj:  6.0134700169990685e-154 f(zj):   1.3980432860952889e-76 pn(zj):                     -nan
zj:   1.9189148531470142e-76 f(zj):  8.5981866496259928e+183 pn(zj):                     -nan
zj:   5.2094107169201499e-90 f(zj):  2.1212569355725347e+161 pn(zj):                     -nan
zj:  8.2012590046512156e+204 f(zj):  6.0136196164699367e-154 pn(zj):                     -nan
zj:  6.0134700170078987e-154 f(zj):   1.4857662329957127e-76 pn(zj):                     -nan
zj:  6.0134700169990685e-154 f(zj):   2.7382488087835117e-57 pn(zj):                     -nan
zj:   2.4737980795715994e-91 f(zj):  8.5982596536502994e+183 pn(zj):                     -nan
zj:  1.9701896709766747e-153 f(zj):   2.9907120509989371e-67 pn(zj):                     -nan
zj:   4.6592634075731111e-33 f(zj):   4.2770661475687696e-33 pn(zj):                     -nan
zj:   9.0544900812125284e-43 f(zj):   3.0599786796212825e-57 pn(zj):                     -nan
zj:   1.5858569561651359e-47 f(zj):  1.2569367464208948e+232 pn(zj):                     -nan
zj:  1.9512347655568931e-153 f(zj):  6.0513972685449602e-154 pn(zj):                     -nan
zj:   5.0603923666678898e-38 f(zj):  6.0134700169990685e-154 pn(zj):                     -nan
zj:   4.0822280508460360e-33 f(zj):  6.0134700169990685e-154 pn(zj):                     -nan
zj:   5.8807660673918533e-62 f(zj):  1.9759224698181475e-258 pn(zj):                     -nan
zj:   1.6039704617400945e-28 f(zj):   5.6044695813549769e-67 pn(zj):                     -nan
zj:  6.0134700169990685e-154 f(zj):   2.5789565955970237e-57 pn(zj):                     -nan
zj:  6.0134700169990685e-154 f(zj):  3.5996694076999723e+179 pn(zj):                     -nan
zj:  2.1212569355725347e+161 f(zj):  2.7680679177110115e+280 pn(zj):                     -nan
zj:  6.0136196164699367e-154 f(zj):   1.3045549096286740e-76 pn(zj):                     -nan
zj:   1.4857662329957127e-76 f(zj):   1.1776798427442742e-47 pn(zj):                     -nan
zj:   2.7382488087835117e-57 f(zj):  3.7623980399766566e+179 pn(zj):                     -nan
zj:  8.5982596536502994e+183 f(zj):  6.1799881440273540e-114 pn(zj):                     -nan
zj:   2.9907120509989371e-67 f(zj):  6.0134705957229995e-154 pn(zj):                     -nan
zj:   4.2770661475687696e-33 f(zj):  6.0134700169990685e-154 pn(zj):                     -nan
zj:   3.0599786796212825e-57 f(zj):  6.0134700169990685e-154 pn(zj):                     -nan
zj:  1.2569367464208948e+232 f(zj):  8.1645171051962679e+204 pn(zj):                     -nan
zj:  6.0513972685449602e-154 f(zj):   4.1782212158461761e-62 pn(zj):                     -nan
zj:  6.0134700169990685e-154 f(zj):   1.4004060562098664e-76 pn(zj):                     -nan
zj:  6.0134700169990685e-154 f(zj):   8.3185959952532963e-72 pn(zj):                     -nan
zj:  1.9759224698181475e-258 f(zj):  3.5230863936825126e-109 pn(zj):                     -nan
zj:   5.6044695813549769e-67 f(zj):   5.9304974507190166e-38 pn(zj):                     -nan
zj:   2.5789565955970237e-57 f(zj):   3.5051895946224298e-33 pn(zj):                     -nan
zj:  3.5996694076999723e+179 f(zj):   5.2074705281128420e-90 pn(zj):                     -nan
zj:  2.7680679177110115e+280 f(zj):  8.2012590046512156e+204 pn(zj):                     -nan
zj:   1.3045549096286740e-76 f(zj):  6.0134700170078987e-154 pn(zj):                     -nan
zj:   1.1776798427442742e-47 f(zj):  6.0134700169990685e-154 pn(zj):                     -nan
zj:  3.7623980399766566e+179 f(zj):   2.4737980795715994e-91 pn(zj):                     -nan
zj:  6.1799881440273540e-114 f(zj):  1.9701896709766747e-153 pn(zj):                     -nan
zj:  6.0134705957229995e-154 f(zj):   9.0579795081365291e-43 pn(zj):                     -nan
zj:  6.0134700169990685e-154 f(zj):   2.1783464999395786e-76 pn(zj):                     -nan
zj:  6.0134700169990685e-154 f(zj):   3.3760961382064666e-57 pn(zj):                     -nan
zj:  8.1645171051962679e+204 f(zj):  1.9512347655568931e-153 pn(zj):                     -nan
zj:   4.1782212158461761e-62 f(zj):   8.9763014132255027e-67 pn(zj):                     -nan
zj:   1.4004060562098664e-76 f(zj):   5.8865108597990044e-62 pn(zj):                     -nan
zj:   8.3185959952532963e-72 f(zj):   9.4962412640809805e-43 pn(zj):                     -nan
zj:  3.5230863936825126e-109 f(zj):   1.6039704617400945e-28 pn(zj):                     -nan
zj:   5.9304974507190166e-38 f(zj):  6.0134700169990685e-154 pn(zj):                     -nan
zj:   3.5051895946224298e-33 f(zj):  6.0134700169990685e-154 pn(zj):                     -nan
zj:   1.3837458583557836e-47 f(zj):  2.1212569355725347e+161 pn(zj):                     -nan
zj:   5.2084555672759840e-90 f(zj):   1.2560265601502709e-71 pn(zj):                     -nan
zj:  3.5230863936823907e-109 f(zj):   1.6039704617400945e-28 pn(zj):                     -nan
zj:   4.1782212158461761e-62 f(zj):  6.0134700169990685e-154 pn(zj):                     -nan
zj:   4.8555944969655245e-33 f(zj):  6.0134700169990685e-154 pn(zj):                     -nan
zj:   8.3185873588850180e-72 f(zj):  2.1212569355725347e+161 pn(zj):                     -nan
zj:  8.2012590046506430e+204 f(zj):  6.0136196164699367e-154 pn(zj):                     -nan
zj:  6.0134700170078987e-154 f(zj):   2.2137990538400765e-52 pn(zj):                     -nan
zj:  6.0134700169990685e-154 f(zj):   7.4079282169629684e-38 pn(zj):                     -nan
zj:   2.4737980795715994e-91 f(zj):  8.5982596536459423e+183 pn(zj):                     -nan
zj:  1.9701896709766747e-153 f(zj):  6.0136181703254192e-154 pn(zj):                     -nan
zj:   8.6183357463588816e-43 f(zj):   1.2444958445996608e-47 pn(zj):                     -nan
zj:   2.2133912535724192e-52 f(zj):   8.1559210177745498e-43 pn(zj):                     -nan
zj:   9.0478257289810597e-43 f(zj):  1.2569379134359069e+232 pn(zj):                     -nan
zj:  1.9512347655568931e-153 f(zj):  6.0513972685449602e-154 pn(zj):                     -nan
zj:   1.8993513923630835e-52 f(zj):  6.0134700169990685e-154 pn(zj):                     -nan
zj:   1.9018031858285936e-52 f(zj):  6.0134700169990685e-154 pn(zj):                     -nan
zj:   1.2560265601502709e-71 f(zj):  1.9759224698181475e-258 pn(zj):                     -nan
zj:   1.6039704617400945e-28 f(zj):   1.5764983660643473e-52 pn(zj):                     -nan
zj:  6.0134700169990685e-154 f(zj):   6.1257918640386510e-62 pn(zj):                     -nan
zj:  6.0134700169990685e-154 f(zj):  3.7586138266021739e+179 pn(zj):                     -nan
zj:  2.1212569355725347e+161 f(zj):  2.7680679515217591e+280 pn(zj):                     -nan
zj:  6.0136196164699367e-154 f(zj):   3.4435330884136163e-86 pn(zj):                     -nan
zj:   2.2137990538400765e-52 f(zj):   1.3813424581344138e-47 pn(zj):                     -nan
zj:   7.4079282169629684e-38 f(zj):   2.1114205953125310e-52 pn(zj):                     -nan
zj:  8.5982596536459423e+183 f(zj):  6.1799881922922362e-114 pn(zj):                     -nan
zj:  6.0136181703254192e-154 f(zj):  6.0134705957229995e-154 pn(zj):                     -nan
zj:   1.2444958445996608e-47 f(zj):  6.0134700169990685e-154 pn(zj):                     -nan
zj:   8.1559210177745498e-43 f(zj):  6.0134700169990685e-154 pn(zj):                     -nan
zj:  1.2569379134359069e+232 f(zj):  8.1645171051962679e+204 pn(zj):                     -nan
zj:  6.0513972685449602e-154 f(zj):   7.7039949647026954e-43 pn(zj):                     -nan
zj:  6.0134700169990685e-154 f(zj):   6.2278196526979415e-38 pn(zj):                     -nan
zj:  6.0134700169990685e-154 f(zj):   5.2017327530112856e-90 pn(zj):                     -nan
zj:  1.9759224698181475e-258 f(zj):  3.5230863936822711e-109 pn(zj):                     -nan
zj:   1.5764983660643473e-52 f(zj):   4.1782212158461761e-62 pn(zj):                     -nan
zj:   6.1257918640386510e-62 f(zj):   4.8555944969655245e-33 pn(zj):                     -nan
zj:  3.7586138266021739e+179 f(zj):   8.3185873588850180e-72 pn(zj):                     -nan
zj:  2.7680679515217591e+280 f(zj):  8.2012590046506430e+204 pn(zj):                     -nan
zj:   3.4435330884136163e-86 f(zj):  6.0134700170078987e-154 pn(zj):                     -nan
zj:   1.3813424581344138e-47 f(zj):  6.0134700169990685e-154 pn(zj):                     -nan
zj:   2.1114205953125310e-52 f(zj):   2.4737980795715994e-91 pn(zj):                     -nan
zj:  6.1799881922922362e-114 f(zj):  1.9701896709766747e-153 pn(zj):                     -nan
zj:  6.0134705957229995e-154 f(zj):   2.2142068729705760e-52 pn(zj):                     -nan
zj:  6.0134700169990685e-154 f(zj):   2.3202399528468062e-52 pn(zj):                     -nan
zj:  6.0134700169990685e-154 f(zj):   4.6617496070904863e-62 pn(zj):                     -nan
zj:  8.1645171051962679e+204 f(zj):  1.9512347655568931e-153 pn(zj):                     -nan
zj:   7.7039949647026954e-43 f(zj):   9.0579795081365291e-43 pn(zj):                     -nan
zj:  6.0134705957229995e-154 f(zj):   2.1783464999395786e-76 pn(zj):                     -nan
zj:  6.0134700169990685e-154 f(zj):   3.3760961382064666e-57 pn(zj):                     -nan
zj:  6.0134700169990685e-154 f(zj):   3.3760961382064666e-57 pn(zj):                     -nan
zj:  8.1645171051962679e+204 f(zj):  1.9512347655568931e-153 pn(zj):                     -nan
zj:   4.1782212158461761e-62 f(zj):   1.9185787948284140e-76 pn(zj):                     -nan
zj:   8.6082900896560362e-67 f(zj):   1.1081869243103268e-47 pn(zj):                     -nan
zj:   8.3185873759525103e-72 f(zj):   9.4962412378773954e-43 pn(zj):                     -nan
zj:  3.5230863936825126e-109 f(zj):   1.6039704617400945e-28 pn(zj):                     -nan
zj:   7.7039812801473798e-43 f(zj):  6.0134700169990685e-154 pn(zj):                     -nan
zj:   4.8578603313820249e-33 f(zj):  6.0134700169990685e-154 pn(zj):                     -nan
zj:   5.2065342805099242e-90 f(zj):  2.1212569355725347e+161 pn(zj):                     -nan
zj:  8.2012590046512156e+204 f(zj):   5.5168913069858178e-48 pn(zj):                     -nan
zj:  6.0134700170078987e-154 f(zj):   1.4004100249963239e-76 pn(zj):                     -nan
zj:  6.0134700169990685e-154 f(zj):   6.5205768263970071e-38 pn(zj):                     -nan
zj:   2.4737980795715994e-91 f(zj):  8.6065263864268412e+183 pn(zj):                     -nan
zj:  1.9701896709766747e-153 f(zj):  6.0136181703254192e-154 pn(zj):                     -nan
zj:   9.0579795081365291e-43 f(zj):   1.7234552888207442e-47 pn(zj):                     -nan
zj:   2.1783464999395786e-76 f(zj):   1.3829387801510980e-47 pn(zj):                     -nan
zj:   3.3760961382064666e-57 f(zj):  1.2587549016205030e+232 pn(zj):                     -nan
zj:  1.9512347655568931e-153 f(zj):  6.0513972685449602e-154 pn(zj):                     -nan
zj:   1.9185787948284140e-76 f(zj):  6.0134700169990685e-154 pn(zj):                     -nan
zj:   1.1081869243103268e-47 f(zj):  6.0134700169990685e-154 pn(zj):                     -nan
zj:   9.4962412378773954e-43 f(zj):  1.9759224698181475e-258 pn(zj):                     -nan
zj:   1.6039704617400945e-28 f(zj):   8.5517419149093275e-72 pn(zj):                     -nan
zj:  6.0134700169990685e-154 f(zj):   1.6905496150170450e-52 pn(zj):                     -nan
zj:  6.0134700169990685e-154 f(zj):  4.0872194617931145e+179 pn(zj):                     -nan
zj:  2.1212569355725347e+161 f(zj):  2.7680679177110115e+280 pn(zj):                     -nan
zj:   5.5168913069858178e-48 f(zj):   2.9073738727508045e-33 pn(zj):                     -nan
zj:   1.4004100249963239e-76 f(zj):   2.3194210662174888e-52 pn(zj):                     -nan
zj:   6.5205768263970071e-38 f(zj):  2.7879706610862393e+179 pn(zj):                     -nan
zj:  8.6065263864268412e+183 f(zj):  6.1799881319255043e-114 pn(zj):                     -nan
zj:  6.0136181703254192e-154 f(zj):  6.0134705957229995e-154 pn(zj):                     -nan
zj:   1.7234552888207442e-47 f(zj):  6.0134700169990685e-154 pn(zj):                     -nan
zj:   1.3829387801510980e-47 f(zj):  6.0134700169990685e-154 pn(zj):                     -nan
zj:  1.2587549016205030e+232 f(zj):  8.1645171051962679e+204 pn(zj):                     -nan
zj:  6.0513972685449602e-154 f(zj):   7.7039949647026954e-43 pn(zj):                     -nan
zj:  6.0134700169990685e-154 f(zj):   6.2278196526979415e-38 pn(zj):                     -nan
zj:  6.0134700169990685e-154 f(zj):   5.2017327530112856e-90 pn(zj):                     -nan
zj:  1.9759224698181475e-258 f(zj):  3.5230863936822711e-109 pn(zj):                     -nan
zj:   8.5517419149093275e-72 f(zj):   1.4251622337585267e-71 pn(zj):                     -nan
zj:   1.6905496150170450e-52 f(zj):   5.9431521583401293e-38 pn(zj):                     -nan
zj:  4.0872194617931145e+179 f(zj):   5.2007663674021383e-90 pn(zj):                     -nan
zj:  2.7680679177110115e+280 f(zj):  8.2012590046512156e+204 pn(zj):                     -nan
zj:   2.9073738727508045e-33 f(zj):  6.0134700170078987e-154 pn(zj):                     -nan
zj:   2.3194210662174888e-52 f(zj):  6.0134700169990685e-154 pn(zj):                     -nan
zj:  2.7879706610862393e+179 f(zj):   2.4737980795715994e-91 pn(zj):                     -nan
zj:  6.1799881319255043e-114 f(zj):  1.9701896709766747e-153 pn(zj):                     -nan
zj:  6.0134705957229995e-154 f(zj):   8.9719490279864117e-67 pn(zj):                     -nan
zj:   4.8510683667837804e-86 f(zj):   1.4513709775101518e-47 pn(zj):                     -nan
zj:   6.0176132083089032e-67 f(zj):  6.0134700169990685e-154 pn(zj):                     -nan
zj:   7.7092504244680577e-43 f(zj):   2.4737980795715994e-91 pn(zj):                     -nan
zj:  6.1799881803794778e-114 f(zj):  1.9701896709766747e-153 pn(zj):                     -nan
zj:  6.0134705957229995e-154 f(zj):   1.5868707111848230e-47 pn(zj):                     -nan
zj:  6.0134700169990685e-154 f(zj):   4.7607744889885761e-38 pn(zj):                     -nan
zj:  6.0134700169990685e-154 f(zj):   9.9446566392350948e-43 pn(zj):                     -nan
zj:  8.1645171051962679e+204 f(zj):  1.9512347655568931e-153 pn(zj):                     -nan
zj:   2.5245602067537340e-52 f(zj):   9.0579795081365291e-43 pn(zj):                     -nan
zj:   9.9600792937549417e-43 f(zj):   2.1783464999395786e-76 pn(zj):                     -nan
zj:   5.2045867178895746e-90 f(zj):   3.3760961382064666e-57 pn(zj):                     -nan
zj:  3.5230863936827561e-109 f(zj):   1.6039704617400945e-28 pn(zj):                     -nan
zj:   2.1069359415260950e-52 f(zj):  6.0134700169990685e-154 pn(zj):                     -nan
zj:   2.4238338846177067e-52 f(zj):  6.0134700169990685e-154 pn(zj):                     -nan
zj:   5.2084256482661343e-90 f(zj):  2.1212569355725347e+161 pn(zj):                     -nan
zj:  8.2012590046514974e+204 f(zj):  6.0136196164699367e-154 pn(zj):                     -nan
zj:  6.0134700170078987e-154 f(zj):   1.8305382746316626e-76 pn(zj):                     -nan
zj:  6.0134700169990685e-154 f(zj):   1.6934028612744298e-52 pn(zj):                     -nan
zj:   2.4737980795715994e-91 f(zj):  8.6044434043896736e+183 pn(zj):                     -nan
zj:  1.9701896709766747e-153 f(zj):  6.0136181703254192e-154 pn(zj):                     -nan
zj:   1.5868707111848230e-47 f(zj):   7.4102062551203192e-38 pn(zj):                     -nan
zj:   4.7607744889885761e-38 f(zj):   4.0814786275040175e-33 pn(zj):                     -nan
zj:   9.9446566392350948e-43 f(zj):  1.2569402823901650e+232 pn(zj):                     -nan
zj:  1.9512347655568931e-153 f(zj):  6.0513972685449602e-154 pn(zj):                     -nan
zj:   9.0579795081365291e-43 f(zj):  6.0134700169990685e-154 pn(zj):                     -nan
zj:   2.1783464999395786e-76 f(zj):  6.0134700169990685e-154 pn(zj):                     -nan
zj:   3.3760961382064666e-57 f(zj):  1.9759224698181475e-258 pn(zj):                     -nan
zj:   1.6039704617400945e-28 f(zj):   8.5495310557592233e-72 pn(zj):                     -nan
zj:  6.0134700169990685e-154 f(zj):   2.0892847043971096e-76 pn(zj):                     -nan
zj:  6.0134700169990685e-154 f(zj):  3.9251315026233283e+179 pn(zj):                     -nan
zj:  2.1212569355725347e+161 f(zj):  2.7680679177373239e+280 pn(zj):                     -nan
zj:  6.0136196164699367e-154 f(zj):   2.9073738727508045e-33 pn(zj):                     -nan
zj:   1.8305382746316626e-76 f(zj):   2.0046110881302569e-76 pn(zj):                     -nan
zj:   1.6934028612744298e-52 f(zj):  3.7611415724400733e+179 pn(zj):                     -nan
zj:  8.6044434043896736e+183 f(zj):  6.1799881319255043e-114 pn(zj):                     -nan
zj:  6.0136181703254192e-154 f(zj):  6.0134705957229995e-154 pn(zj):                     -nan
zj:   7.4102062551203192e-38 f(zj):  6.0134700169990685e-154 pn(zj):                     -nan
zj:   4.0814786275040175e-33 f(zj):  6.0134700169990685e-154 pn(zj):                     -nan
zj:  1.2569402823901650e+232 f(zj):  8.1645171051962679e+204 pn(zj):                     -nan
zj:  6.0513972685449602e-154 f(zj):   4.1782212158461761e-62 pn(zj):                     -nan
zj:  6.0134700169990685e-154 f(zj):   8.6082900896560362e-67 pn(zj):                     -nan
zj:  6.0134700169990685e-154 f(zj):   8.3185873759525103e-72 pn(zj):                     -nan
zj:  1.9759224698181475e-258 f(zj):  3.5230863936825126e-109 pn(zj):                     -nan
zj:   8.5495310557592233e-72 f(zj):   6.2243710384245885e-38 pn(zj):                     -nan
zj:   2.0892847043971096e-76 f(zj):   9.7304677354373169e-72 pn(zj):                     -nan
zj:  3.9251315026233283e+179 f(zj):   5.2007626369190029e-90 pn(zj):                     -nan
zj:  2.7680679177373239e+280 f(zj):  8.2012590046514974e+204 pn(zj):                     -nan
zj:  1.9759224698181475e-258 f(zj):  6.0134700170078987e-154 pn(zj):                     -nan
zj:   2.9073738727565028e-33 f(zj):  6.0134700169990685e-154 pn(zj):                     -nan
zj:   4.2763138429782780e-33 f(zj):   4.8555944969655245e-33 pn(zj):                     -nan
zj:  3.4388526979603900e+179 f(zj):   8.3185873588850180e-72 pn(zj):                     -nan
zj:  2.7680679448917660e+280 f(zj):  8.2012590046506430e+204 pn(zj):                     -nan
zj:   1.3045549096286740e-76 f(zj):  6.0134700170078987e-154 pn(zj):                     -nan
zj:   7.7074714585845914e-43 f(zj):  6.0134700169990685e-154 pn(zj):                     -nan
zj:  3.7636792017185774e+179 f(zj):   2.4737980795715994e-91 pn(zj):                     -nan
zj:  6.1799881440273540e-114 f(zj):  1.9701896709766747e-153 pn(zj):                     -nan
zj:  6.0134705957229995e-154 f(zj):   5.4003155067693102e-62 pn(zj):                     -nan
zj:  6.0134700169990685e-154 f(zj):   6.8247504306843734e-38 pn(zj):                     -nan
zj:  6.0134700169990685e-154 f(zj):   4.6617495348725485e-62 pn(zj):                     -nan
zj:  8.1645171051962679e+204 f(zj):  1.9512347655568931e-153 pn(zj):                     -nan
zj:   2.1746263082510105e-76 f(zj):   2.2142068729705760e-52 pn(zj):                     -nan
zj:   8.1682029603552734e-43 f(zj):   2.3202399528468062e-52 pn(zj):                     -nan
zj:   5.2084293206859654e-90 f(zj):   4.6617496070904863e-62 pn(zj):                     -nan
zj:  3.5230863936823907e-109 f(zj):   1.6039704617400945e-28 pn(zj):                     -nan
zj:   4.1782212158461761e-62 f(zj):  6.0134700169990685e-154 pn(zj):                     -nan
zj:   4.8555944969655245e-33 f(zj):  6.0134700169990685e-154 pn(zj):                     -nan
zj:   8.3185873588850180e-72 f(zj):  2.1212569355725347e+161 pn(zj):                     -nan
zj:  8.2012590046506430e+204 f(zj):   1.9599935210784089e-62 pn(zj):                     -nan
zj:  6.0134700170078987e-154 f(zj):   1.2458343273033861e-47 pn(zj):                     -nan
zj:  6.0134700169990685e-154 f(zj):   2.1763105381232059e-76 pn(zj):                     -nan
zj:   2.4737980795715994e-91 f(zj):  8.6169163841468948e+183 pn(zj):                     -nan
zj:  1.9701896709766747e-153 f(zj):  6.0136181703254192e-154 pn(zj):                     -nan
zj:   5.4003155067693102e-62 f(zj):   1.0855192711823159e-42 pn(zj):                     -nan
zj:   6.8247504306843734e-38 f(zj):   9.1733401357901137e-72 pn(zj):                     -nan
zj:   4.6617495348725485e-62 f(zj):  1.2572411396251762e+232 pn(zj):                     -nan
zj:  1.9512347655568931e-153 f(zj):  6.0513972685449602e-154 pn(zj):                     -nan
zj:   2.2142068729705760e-52 f(zj):  6.0134700169990685e-154 pn(zj):                     -nan
zj:   2.3202399528468062e-52 f(zj):  6.0134700169990685e-154 pn(zj):                     -nan
zj:   4.6617496070904863e-62 f(zj):  1.9759224698181475e-258 pn(zj):                     -nan
zj:   1.6039704617400945e-28 f(zj):   6.7701331129036050e-43 pn(zj):                     -nan
zj:  6.0134700169990685e-154 f(zj):   3.2217892214917950e-57 pn(zj):                     -nan
zj:  6.0134700169990685e-154 f(zj):  2.6277722768986443e+179 pn(zj):                     -nan
zj:  2.1212569355725347e+161 f(zj):  2.7680678908736493e+280 pn(zj):                     -nan
zj:   1.9599935210784089e-62 f(zj):   5.6044695813440024e-67 pn(zj):                     -nan
zj:   1.2458343273033861e-47 f(zj):   2.5789565955970237e-57 pn(zj):                     -nan
zj:   2.1763105381232059e-76 f(zj):  2.6258678231076271e+179 pn(zj):                     -nan
zj:  8.6169163841468948e+183 f(zj):  6.1799881437911730e-114 pn(zj):                     -nan
zj:  6.0136181703254192e-154 f(zj):  6.0134705957229995e-154 pn(zj):                     -nan
zj:   1.0855192711823159e-42 f(zj):  6.0134700169990685e-154 pn(zj):                     -nan
zj:   9.1733401357901137e-72 f(zj):  6.0134700169990685e-154 pn(zj):                     -nan
zj:  1.2572411396251762e+232 f(zj):  8.1645171051962679e+204 pn(zj):                     -nan
zj:  6.0513972685449602e-154 f(zj):   1.6564548771706009e-76 pn(zj):                     -nan
zj:  6.0134700169990685e-154 f(zj):   1.7234584087642407e-47 pn(zj):                     -nan
zj:  6.0134700169990685e-154 f(zj):   5.2007664552978687e-90 pn(zj):                     -nan
zj:  1.9759224698181475e-258 f(zj):  3.5230863936827556e-109 pn(zj):                     -nan
zj:  1.2593554491124359e+232 f(zj):   4.1782212158461761e-62 pn(zj):                     -nan
zj:  6.0513972685449602e-154 f(zj):   1.4004060562098664e-76 pn(zj):                     -nan
zj:  6.0134700169990685e-154 f(zj):   3.3804736424894279e-57 pn(zj):                     -nan
zj:  6.0134700169990685e-154 f(zj):   8.3185742696943631e-72 pn(zj):                     -nan
zj:  1.9759224698181475e-258 f(zj):  3.5230863936825126e-109 pn(zj):                     -nan
zj:   5.5993984010708339e-67 f(zj):   1.7428165627215454e-76 pn(zj):                     -nan
zj:   3.8911367044784230e-33 f(zj):   8.2373185585000498e-67 pn(zj):                     -nan
zj:  4.0859457293960778e+179 f(zj):   5.2046091607340817e-90 pn(zj):                     -nan
zj:  2.7680679042659157e+280 f(zj):  8.2012590046512156e+204 pn(zj):                     -nan
zj:   4.0467624934294009e-86 f(zj):  6.0134700170078987e-154 pn(zj):                     -nan
zj:   1.0296404564622530e-71 f(zj):  6.0134700169990685e-154 pn(zj):                     -nan
zj:   1.2573580987474825e-71 f(zj):   2.4737980795715994e-91 pn(zj):                     -nan
zj:  6.1799881198702292e-114 f(zj):  1.9701896709766747e-153 pn(zj):                     -nan
zj:  6.0134705957229995e-154 f(zj):   9.0579795081365291e-43 pn(zj):                     -nan
zj:  6.0134700169990685e-154 f(zj):   2.1783464999395786e-76 pn(zj):                     -nan
zj:  6.0134700169990685e-154 f(zj):   3.3760961382064666e-57 pn(zj):                     -nan
zj:  8.1645171051962679e+204 f(zj):  1.9512347655568931e-153 pn(zj):                     -nan
zj:   1.1992099119843867e-71 f(zj):   2.5839203561929007e-57 pn(zj):                     -nan
zj:   3.3804736424894279e-57 f(zj):   4.6614998546797242e-33 pn(zj):                     -nan
zj:   8.3185742696943631e-72 f(zj):   9.4962413181631102e-43 pn(zj):                     -nan
zj:  3.5230863936825126e-109 f(zj):   1.6039704617400945e-28 pn(zj):                     -nan
zj:   1.7428165627215454e-76 f(zj):  6.0134700169990685e-154 pn(zj):                     -nan
zj:   8.2373185585000498e-67 f(zj):  6.0134700169990685e-154 pn(zj):                     -nan
zj:   5.2046091607340817e-90 f(zj):  2.1212569355725347e+161 pn(zj):                     -nan
zj:  8.2012590046512156e+204 f(zj):   5.5168913069858178e-48 pn(zj):                     -nan
zj:  6.0134700170078987e-154 f(zj):   1.4004100249963239e-76 pn(zj):                     -nan
zj:  6.0134700169990685e-154 f(zj):   6.5205768263970071e-38 pn(zj):                     -nan
zj:   2.4737980795715994e-91 f(zj):  8.6065263864268412e+183 pn(zj):                     -nan
zj:  1.9701896709766747e-153 f(zj):  6.0136181703254192e-154 pn(zj):                     -nan
zj:   9.0579795081365291e-43 f(zj):   3.6972299722177189e-57 pn(zj):                     -nan
zj:   2.1783464999395786e-76 f(zj):   1.3139908633985323e-47 pn(zj):                     -nan
zj:   3.3760961382064666e-57 f(zj):  1.2572411396252454e+232 pn(zj):                     -nan
zj:  1.9512347655568931e-153 f(zj):  6.0513972685449602e-154 pn(zj):                     -nan
zj:   2.5839203561929007e-57 f(zj):  6.0134700169990685e-154 pn(zj):                     -nan
zj:   4.6614998546797242e-33 f(zj):  6.0134700169990685e-154 pn(zj):                     -nan
zj:   9.4962413181631102e-43 f(zj):  1.9759224698181475e-258 pn(zj):                     -nan
zj:   1.6039704617400945e-28 f(zj):   2.9073738727565028e-33 pn(zj):                     -nan
zj:  6.0134700169990685e-154 f(zj):   4.2763138429782780e-33 pn(zj):                     -nan
zj:  6.0134700169990685e-154 f(zj):  3.4388526979603900e+179 pn(zj):                     -nan
zj:  2.1212569355725347e+161 f(zj):  2.7680679448917660e+280 pn(zj):                     -nan
zj:   5.5168913069858178e-48 f(zj):   1.5764983660612583e-52 pn(zj):                     -nan
zj:   1.4004100249963239e-76 f(zj):   6.1257918640386510e-62 pn(zj):                     -nan
zj:   6.5205768263970071e-38 f(zj):  3.5977699392388722e+179 pn(zj):                     -nan
zj:  8.6065263864268412e+183 f(zj):  6.1799882043002384e-114 pn(zj):                     -nan
zj:  6.0136181703254192e-154 f(zj):  6.0134705957229995e-154 pn(zj):                     -nan
zj:   3.6972299722177189e-57 f(zj):  6.0134700169990685e-154 pn(zj):                     -nan
zj:   1.3139908633985323e-47 f(zj):  6.0134700169990685e-154 pn(zj):                     -nan
zj:  1.2572411396252454e+232 f(zj):  8.1645171051962679e+204 pn(zj):                     -nan
zj:  8.6023606932237284e+183 f(zj):   4.0792155586854465e-33 pn(zj):                     -nan
zj:   2.3694862040991260e-38 f(zj):  6.0134705957229995e-154 pn(zj):                     -nan
zj:   1.3126330252464961e-71 f(zj):  6.0134700169990685e-154 pn(zj):                     -nan
zj:   9.9530933544739514e-43 f(zj):  6.0134700169990685e-154 pn(zj):                     -nan
zj:  1.2578393227536414e+232 f(zj):  8.1645171051962679e+204 pn(zj):                     -nan
zj:  6.0513972685449602e-154 f(zj):   1.3123798061088963e-47 pn(zj):                     -nan
zj:  6.0134700169990685e-154 f(zj):   1.7434926948950761e-76 pn(zj):                     -nan
zj:  6.0134700169990685e-154 f(zj):   5.2007738725433257e-90 pn(zj):                     -nan
zj:  1.9759224698181475e-258 f(zj):  3.5230863936829958e-109 pn(zj):                     -nan
zj:   1.0338421603614537e-47 f(zj):   4.1782212158461761e-62 pn(zj):                     -nan
zj:   6.1286182503168730e-62 f(zj):   8.6082900896560362e-67 pn(zj):                     -nan
zj:  3.2773905230502266e+179 f(zj):   8.3185873759525103e-72 pn(zj):                     -nan
zj:  2.7680679111600561e+280 f(zj):  8.2012590046506430e+204 pn(zj):                     -nan
zj:   4.0467624934294009e-86 f(zj):  6.0134700170078987e-154 pn(zj):                     -nan
zj:   2.2141957463429923e-52 f(zj):  6.0134700169990685e-154 pn(zj):                     -nan
zj:   2.3181975842220974e-52 f(zj):   2.4737980795715994e-91 pn(zj):                     -nan
zj:  6.1799881318302603e-114 f(zj):  1.9701896709766747e-153 pn(zj):                     -nan
zj:  6.0134705957229995e-154 f(zj):   1.2447599603595120e-47 pn(zj):                     -nan
zj:  6.0134700169990685e-154 f(zj):   1.3818748943831887e-47 pn(zj):                     -nan
zj:  6.0134700169990685e-154 f(zj):   1.3117901250754218e-71 pn(zj):                     -nan
zj:  8.1645171051962679e+204 f(zj):  1.9512347655568931e-153 pn(zj):                     -nan
zj:   1.3123798061088963e-47 f(zj):   9.0579795081365291e-43 pn(zj):                     -nan
zj:   1.7434926948950761e-76 f(zj):   2.1783464999395786e-76 pn(zj):                     -nan
zj:   5.2007738725433257e-90 f(zj):   3.3760961382064666e-57 pn(zj):                     -nan
zj:  3.5230863936829958e-109 f(zj):   1.6039704617400945e-28 pn(zj):                     -nan
zj:   4.1782212158461761e-62 f(zj):  6.0134700169990685e-154 pn(zj):                     -nan
zj:   8.6082900896560362e-67 f(zj):  6.0134700169990685e-154 pn(zj):                     -nan
zj:   8.3185873759525103e-72 f(zj):  2.1212569355725347e+161 pn(zj):                     -nan
zj:  8.2012590046506430e+204 f(zj):  6.0136196164699367e-154 pn(zj):                     -nan
zj:  6.0134700170078987e-154 f(zj):   6.1229320231374940e-62 pn(zj):                     -nan
zj:  6.0134700169990685e-154 f(zj):   2.6310091401121634e-52 pn(zj):                     -nan
zj:   2.4737980795715994e-91 f(zj):  8.6044434043882131e+183 pn(zj):                     -nan
zj:  1.9701896709766747e-153 f(zj):   5.5168899802936380e-48 pn(zj):                     -nan
zj:   1.2447599603595120e-47 f(zj):   1.4004100249963239e-76 pn(zj):                     -nan
zj:   1.3818748943831887e-47 f(zj):   6.5205768263970071e-38 pn(zj):                     -nan
zj:   1.3117901250754218e-71 f(zj):  1.2578452405494448e+232 pn(zj):                     -nan
zj:  1.9512347655568931e-153 f(zj):  6.0513972685449602e-154 pn(zj):                     -nan
zj:   9.0579795081365291e-43 f(zj):  6.0134700169990685e-154 pn(zj):                     -nan
zj:   2.1783464999395786e-76 f(zj):  6.0134700169990685e-154 pn(zj):                     -nan
zj:   3.3760961382064666e-57 f(zj):  1.9759224698181475e-258 pn(zj):                     -nan
zj:   1.6039704617400945e-28 f(zj):   5.5993984010708339e-67 pn(zj):                     -nan
zj:  6.0134700169990685e-154 f(zj):   6.7507891534808127e-67 pn(zj):                     -nan
zj:  6.0134700169990685e-154 f(zj):  3.2729632992029594e+179 pn(zj):                     -nan
zj:  2.1212569355725347e+161 f(zj):  2.7680679042659157e+280 pn(zj):                     -nan
zj:  6.0136196164699367e-154 f(zj):   8.5517419148925818e-72 pn(zj):                     -nan
zj:   6.1229320231374940e-62 f(zj):   1.6905496150170450e-52 pn(zj):                     -nan
zj:   2.6310091401121634e-52 f(zj):  4.0872194617931145e+179 pn(zj):                     -nan
zj:  6.0134700169990685e-154 f(zj):  6.1799881437911730e-114 pn(zj):                     -nan
zj:  2.1212569355725347e+161 f(zj):  6.0134705957229995e-154 pn(zj):                     -nan
zj:   5.5168913069858178e-48 f(zj):   1.3045549096286740e-76 pn(zj):                     -nan
zj:   1.4004100249963239e-76 f(zj):   2.6318136701961405e-52 pn(zj):                     -nan
zj:   6.5205768263970071e-38 f(zj):  3.4401314732004656e+179 pn(zj):                     -nan
zj:  8.6065263864268412e+183 f(zj):  6.1799881440273540e-114 pn(zj):                     -nan
zj:   5.5168899802936380e-48 f(zj):  6.0134705957229995e-154 pn(zj):                     -nan
zj:   1.3707820922423524e-71 f(zj):  6.0134700169990685e-154 pn(zj):                     -nan
zj:   5.6377011507611182e-62 f(zj):  6.0134700169990685e-154 pn(zj):                     -nan
zj:  1.2578405026402262e+232 f(zj):  8.1645171051962679e+204 pn(zj):                     -nan
zj:  6.0513972685449602e-154 f(zj):   1.1987737112552810e-71 pn(zj):                     -nan
zj:  6.0134700169990685e-154 f(zj):   4.2733075046971378e-33 pn(zj):                     -nan
zj:  6.0134700169990685e-154 f(zj):   5.2084480621928503e-90 pn(zj):                     -nan
zj:  1.9759224698181475e-258 f(zj):  3.5230863936829962e-109 pn(zj):                     -nan
zj:   8.5451093374590150e-72 f(zj):   1.6564548771706009e-76 pn(zj):                     -nan
zj:   2.0070253134419111e-52 f(zj):   1.7234584087642407e-47 pn(zj):                     -nan
zj:  3.7611316694117097e+179 f(zj):   5.2007664552978687e-90 pn(zj):                     -nan
zj:  2.7680678975828867e+280 f(zj):  8.2012590046512156e+204 pn(zj):                     -nan
zj:   1.3045549096286740e-76 f(zj):  6.0134700170078987e-154 pn(zj):                     -nan
zj:   2.6318136701961405e-52 f(zj):  6.0134700169990685e-154 pn(zj):                     -nan
zj:  3.4401314732004656e+179 f(zj):   2.4737980795715994e-91 pn(zj):                     -nan
zj:  6.1799881440273540e-114 f(zj):  1.9701896709766747e-153 pn(zj):                     -nan
zj:  6.0134705957229995e-154 f(zj):   2.5789443747617706e-57 pn(zj):                     -nan
zj:  6.0134700169990685e-154 f(zj):   1.7258586685231522e-47 pn(zj):                     -nan
zj:  6.0134700169990685e-154 f(zj):   1.5858569846974750e-47 pn(zj):                     -nan
zj:  8.1645171051962679e+204 f(zj):  1.9512347655568931e-153 pn(zj):                     -nan
zj:   1.1987737112552810e-71 f(zj):   5.0546390733464187e-38 pn(zj):                     -nan
zj:   4.2733075046971378e-33 f(zj):   1.7237163010475676e-47 pn(zj):                     -nan
zj:   5.2084480621928503e-90 f(zj):   7.8551066214713054e-67 pn(zj):                     -nan
zj:  3.5230863936829962e-109 f(zj):   1.6039704617400945e-28 pn(zj):                     -nan
zj:   1.6564548771706009e-76 f(zj):  6.0134700169990685e-154 pn(zj):                     -nan
zj:   1.7234584087642407e-47 f(zj):  6.0134700169990685e-154 pn(zj):                     -nan
zj:   5.2007664552978687e-90 f(zj):  2.1212569355725347e+161 pn(zj):                     -nan
zj:  8.2012590046512156e+204 f(zj):  6.0136196164699367e-154 pn(zj):                     -nan
zj:  6.0134700170078987e-154 f(zj):   1.5879398333670667e-47 pn(zj):                     -nan
zj:  6.0134700169990685e-154 f(zj):   1.4004166139707368e-76 pn(zj):                     -nan
zj:   2.4737980795715994e-91 f(zj):  8.6148090887863822e+183 pn(zj):                     -nan
zj:  1.9701896709766747e-153 f(zj):   1.9599930497426634e-62 pn(zj):                     -nan
zj:   2.5789443747617706e-57 f(zj):   2.7401131969676629e-57 pn(zj):                     -nan
zj:   1.7258586685231522e-47 f(zj):   2.3181911805932393e-52 pn(zj):                     -nan
zj:   1.5858569846974750e-47 f(zj):  1.2593637404174187e+232 pn(zj):                     -nan
zj:  1.9512347655568931e-153 f(zj):  6.0513972685449602e-154 pn(zj):                     -nan
zj:   5.0546390733464187e-38 f(zj):  6.0134700169990685e-154 pn(zj):                     -nan
zj:   1.7237163010475676e-47 f(zj):  6.0134700169990685e-154 pn(zj):                     -nan
zj:   7.8551066214713054e-67 f(zj):  1.9759224698181475e-258 pn(zj):                     -nan
zj:   1.6039704617400945e-28 f(zj):   1.0338421603614537e-47 pn(zj):                     -nan
zj:  6.0134700169990685e-154 f(zj):   1.6558343212961941e-47 pn(zj):                     -nan
zj:  6.0134700169990685e-154 f(zj):  2.9487824148195943e+179 pn(zj):                     -nan
zj:   2.6301950700725534e-52 f(zj):  2.7680679111600561e+280 pn(zj):                     -nan
zj:   4.4666299022943483e-33 f(zj):  1.9759224698181475e-258 pn(zj):                     -nan
zj:   1.6039704617400945e-28 f(zj):   4.0467624934412994e-86 pn(zj):                     -nan
zj:  6.0134700169990685e-154 f(zj):   2.1783372756173890e-76 pn(zj):                     -nan
zj:  6.0134700169990685e-154 f(zj):   5.8836437014561389e-62 pn(zj):                     -nan
zj:  2.1212569355725347e+161 f(zj):  2.7680679110275932e+280 pn(zj):                     -nan
zj:  6.0136196164699367e-154 f(zj):   2.9073738727508045e-33 pn(zj):                     -nan
zj:   2.6301823192352226e-52 f(zj):   4.2763138429782780e-33 pn(zj):                     -nan
zj:   2.2129817976419010e-52 f(zj):  3.4388526979603900e+179 pn(zj):                     -nan
zj:  8.6023767511263718e+183 f(zj):  6.1799881924349376e-114 pn(zj):                     -nan
zj:   2.9907120509989371e-67 f(zj):  6.0134705957229995e-154 pn(zj):                     -nan
zj:   4.4704056614567416e-33 f(zj):  6.0134700169990685e-154 pn(zj):                     -nan
zj:   1.4497579141050232e-47 f(zj):  6.0134700169990685e-154 pn(zj):                     -nan
zj:  1.2566358938124637e+232 f(zj):  8.1645171051962679e+204 pn(zj):                     -nan
zj:  6.0513972685449602e-154 f(zj):   1.9155399338234342e-76 pn(zj):                     -nan
zj:  6.0134700169990685e-154 f(zj):   7.7180083793997939e-43 pn(zj):                     -nan
zj:  6.0134700169990685e-154 f(zj):   5.2055605208008703e-90 pn(zj):                     -nan
zj:  1.9759224698181475e-258 f(zj):  3.5230863936829953e-109 pn(zj):                     -nan
zj:   4.0467624934412994e-86 f(zj):   2.5776996381376996e-57 pn(zj):                     -nan
zj:   2.1783372756173890e-76 f(zj):   3.0624727000226576e-57 pn(zj):                     -nan
zj:   5.8836437014561389e-62 f(zj):   5.2046204403033701e-90 pn(zj):                     -nan
zj:  2.7680679110275932e+280 f(zj):  8.2012590046512167e+204 pn(zj):                     -nan
zj:   2.9073738727508045e-33 f(zj):  6.0134700170078987e-154 pn(zj):                     -nan
zj:   4.2763138429782780e-33 f(zj):  6.0134700169990685e-154 pn(zj):                     -nan
zj:  3.4388526979603900e+179 f(zj):   2.4737980795715994e-91 pn(zj):                     -nan
zj:  6.1799881924349376e-114 f(zj):  1.9701896709766747e-153 pn(zj):                     -nan
zj:  6.0134705957229995e-154 f(zj):   9.0579795081365291e-43 pn(zj):                     -nan
zj:  6.0134700169990685e-154 f(zj):   2.1783464999395786e-76 pn(zj):                     -nan
zj:  6.0134700169990685e-154 f(zj):   3.3760961382064666e-57 pn(zj):                     -nan
zj:  8.1645171051962679e+204 f(zj):  1.9512347655568931e-153 pn(zj):                     -nan
zj:   1.9155399338234342e-76 f(zj):   5.8864848660328652e-62 pn(zj):                     -nan
zj:   7.7180083793997939e-43 f(zj):   7.7180154082481414e-43 pn(zj):                     -nan
zj:   5.2055605208008703e-90 f(zj):   1.5858569480885962e-47 pn(zj):                     -nan
zj:  3.5230863936829953e-109 f(zj):   1.6039704617400945e-28 pn(zj):                     -nan
zj:   2.5776996381376996e-57 f(zj):  6.0134700169990685e-154 pn(zj):                     -nan
zj:   3.0624727000226576e-57 f(zj):  6.0134700169990685e-154 pn(zj):                     -nan
zj:   5.2046204403033701e-90 f(zj):  2.1212569355725347e+161 pn(zj):                     -nan
zj:  8.2012590046512167e+204 f(zj):   5.5168913069858178e-48 pn(zj):                     -nan
zj:  6.0134700170078987e-154 f(zj):   1.4004100249963239e-76 pn(zj):                     -nan
zj:  6.0134700169990685e-154 f(zj):   6.5205768263970071e-38 pn(zj):                     -nan
zj:   2.4737980795715994e-91 f(zj):  8.6065263864268412e+183 pn(zj):                     -nan
zj:  1.9701896709766747e-153 f(zj):  6.0136181703254192e-154 pn(zj):                     -nan
zj:   9.0579795081365291e-43 f(zj):   4.9131967357383538e-62 pn(zj):                     -nan
zj:   2.1783464999395786e-76 f(zj):   4.1839444929242145e-62 pn(zj):                     -nan
zj:   3.3760961382064666e-57 f(zj):  1.2572399551485072e+232 pn(zj):                     -nan
zj:  1.9512347655568931e-153 f(zj):  6.0513972685449602e-154 pn(zj):                     -nan
zj:   5.8864848660328652e-62 f(zj):  6.0134700169990685e-154 pn(zj):                     -nan
zj:   7.7180154082481414e-43 f(zj):  6.0134700169990685e-154 pn(zj):                     -nan
zj:   5.9351208962462688e-38 f(zj):  1.9759224698181475e-258 pn(zj):                     -nan
zj:   4.9048361267234953e-62 f(zj):  1.2590581499359192e+232 pn(zj):                     -nan
zj:  1.9512347655568931e-153 f(zj):  6.0513972685449602e-154 pn(zj):                     -nan
zj:   9.0579795081365291e-43 f(zj):  6.0134700169990685e-154 pn(zj):                     -nan
zj:   2.1783464999395786e-76 f(zj):  6.0134700169990685e-154 pn(zj):                     -nan
zj:   3.3760961382064666e-57 f(zj):  1.9759224698181475e-258 pn(zj):                     -nan
zj:   1.6039704617400945e-28 f(zj):   4.0467624934412994e-86 pn(zj):                     -nan
zj:  6.0134700169990685e-154 f(zj):   6.3841814157685164e-67 pn(zj):                     -nan
zj:  6.0134700169990685e-154 f(zj):   5.1591355767766533e-62 pn(zj):                     -nan
zj:  2.1212569355725347e+161 f(zj):  2.7680679043446673e+280 pn(zj):                     -nan
zj:  6.0136196164699367e-154 f(zj):   5.5993984010598595e-67 pn(zj):                     -nan
zj:   1.5711106120285617e-76 f(zj):   3.8888885713979508e-33 pn(zj):                     -nan
zj:   1.2460974031577503e-47 f(zj):  2.9538403311534738e+179 pn(zj):                     -nan
zj:  8.6148090887897656e+183 f(zj):  6.1799881197292921e-114 pn(zj):                     -nan
zj:   4.5634644332869523e-72 f(zj):  6.0134705957229995e-154 pn(zj):                     -nan
zj:   2.8988195810657047e-57 f(zj):  6.0134700169990685e-154 pn(zj):                     -nan
zj:   9.0545241856922763e-43 f(zj):  6.0134700169990685e-154 pn(zj):                     -nan
zj:  1.2590581499359192e+232 f(zj):  8.1645171051962679e+204 pn(zj):                     -nan
zj:  6.0513972685449602e-154 f(zj):   1.2011996683519638e-71 pn(zj):                     -nan
zj:  6.0134700169990685e-154 f(zj):   2.2142037427957021e-52 pn(zj):                     -nan
zj:  6.0134700169990685e-154 f(zj):   8.3185700024100465e-72 pn(zj):                     -nan
zj:  1.9759224698181475e-258 f(zj):  3.5230863936823916e-109 pn(zj):                     -nan
zj:   4.0467624934412994e-86 f(zj):   1.1992099119843867e-71 pn(zj):                     -nan
zj:   6.3841814157685164e-67 f(zj):   3.3804736424894279e-57 pn(zj):                     -nan
zj:   5.1591355767766533e-62 f(zj):   8.3185742696943631e-72 pn(zj):                     -nan
zj:  2.7680679043446673e+280 f(zj):  8.2012590046506430e+204 pn(zj):                     -nan
zj:   5.5993984010598595e-67 f(zj):  6.0134700170078987e-154 pn(zj):                     -nan
zj:   3.8888885713979508e-33 f(zj):  6.0134700169990685e-154 pn(zj):                     -nan
zj:  2.9538403311534738e+179 f(zj):   2.4737980795715994e-91 pn(zj):                     -nan
zj:  6.1799881197292921e-114 f(zj):  1.9701896709766747e-153 pn(zj):                     -nan
zj:  6.0134705957229995e-154 f(zj):   4.4696532304083315e-33 pn(zj):                     -nan
zj:  6.0134700169990685e-154 f(zj):   1.3131879654033622e-47 pn(zj):                     -nan
zj:  6.0134700169990685e-154 f(zj):   4.9048360837085810e-62 pn(zj):                     -nan
zj:  8.1645171051962679e+204 f(zj):  1.9512347655568931e-153 pn(zj):                     -nan
zj:   1.2011996683519638e-71 f(zj):   9.0579795081365291e-43 pn(zj):                     -nan
zj:   2.2142037427957021e-52 f(zj):   2.1783464999395786e-76 pn(zj):                     -nan
zj:   8.3185700024100465e-72 f(zj):   3.3760961382064666e-57 pn(zj):                     -nan
zj:  3.5230863936823916e-109 f(zj):   1.6039704617400945e-28 pn(zj):                     -nan
zj:   1.1992099119843867e-71 f(zj):  6.0134700169990685e-154 pn(zj):                     -nan
zj:   3.3804736424894279e-57 f(zj):  6.0134700169990685e-154 pn(zj):                     -nan
zj:   8.3185742696943631e-72 f(zj):  2.1212569355725347e+161 pn(zj):                     -nan
zj:  8.2012590046506430e+204 f(zj):  6.0136196164699367e-154 pn(zj):                     -nan
zj:  6.0134700170078987e-154 f(zj):   1.3821453234075385e-47 pn(zj):                     -nan
zj:  6.0134700169990685e-154 f(zj):   9.5169186814567552e-43 pn(zj):                     -nan
zj:   2.4737980795715994e-91 f(zj):  8.6106919913103003e+183 pn(zj):                     -nan
zj:  1.9701896709766747e-153 f(zj):   0.0000000000000000e+00 pn(zj):                     -nan
zj:   4.4696532304083315e-33 f(zj):  6.3066985625989280e-319 pn(zj):                     -nan
zj:  6.0134700170078987e-154 f(zj):   0.0000000000000000e+00 pn(zj):                     -nan
zj:  6.0134700169990685e-154 f(zj):   0.0000000000000000e+00 pn(zj):                     -nan
zj:   2.4737980795715994e-91 f(zj):   0.0000000000000000e+00 pn(zj):                     -nan
zj:  1.9701896709766747e-153 f(zj):   0.0000000000000000e+00 pn(zj):                     -nan
zj:   9.0579795081365291e-43 f(zj):   0.0000000000000000e+00 pn(zj):                     -nan
zj:   6.8144100211253579e-38 f(zj):   0.0000000000000000e+00 pn(zj):                     -nan
zj:   3.3760961382806524e-57 f(zj):   0.0000000000000000e+00 pn(zj):                     -nan
zj:  1.9512347655568931e-153 f(zj):   0.0000000000000000e+00 pn(zj):                     -nan
zj:   1.3980432757989120e-76 f(zj):   0.0000000000000000e+00 pn(zj):                     -nan
zj:   1.3980432860952889e-76 f(zj):   0.0000000000000000e+00 pn(zj):                     -nan
zj:   1.3964263764857459e-76 f(zj):   0.0000000000000000e+00 pn(zj):                     -nan
zj:   1.6039704617400945e-28 f(zj):   0.0000000000000000e+00 pn(zj):                     -nan
zj:  6.0134700169990685e-154 f(zj):   0.0000000000000000e+00 pn(zj):                     -nan
zj:  6.0134700169990685e-154 f(zj):   0.0000000000000000e+00 pn(zj):                     -nan
zj:   0.0000000000000000e+00 f(zj):   0.0000000000000000e+00 pn(zj):                     -nan
zj:  6.3066985625989280e-319 f(zj):   0.0000000000000000e+00 pn(zj):                     -nan
zj:   0.0000000000000000e+00 f(zj):   0.0000000000000000e+00 pn(zj):                     -nan
zj:   0.0000000000000000e+00 f(zj):   0.0000000000000000e+00 pn(zj):                     -nan
zj:   0.0000000000000000e+00 f(zj):   0.0000000000000000e+00 pn(zj):                     -nan
zj:   0.0000000000000000e+00 f(zj):   0.0000000000000000e+00 pn(zj):                     -nan
zj:   0.0000000000000000e+00 f(zj):   0.0000000000000000e+00 pn(zj):                     -nan
zj:   0.0000000000000000e+00 f(zj):   0.0000000000000000e+00 pn(zj):                     -nan
zj:   0.0000000000000000e+00 f(zj):   0.0000000000000000e+00 pn(zj):                     -nan
zj:   0.0000000000000000e+00 f(zj):   0.0000000000000000e+00 pn(zj):                     -nan
zj:   0.0000000000000000e+00 f(zj):   0.0000000000000000e+00 pn(zj):                     -nan
zj:   0.0000000000000000e+00 f(zj):   0.0000000000000000e+00 pn(zj):                     -nan
zj:   0.0000000000000000e+00 f(zj):   0.0000000000000000e+00 pn(zj):                     -nan
zj:   0.0000000000000000e+00 f(zj):   0.0000000000000000e+00 pn(zj):                     -nan
zj:   0.0000000000000000e+00 f(zj):   0.0000000000000000e+00 pn(zj):                     -nan
zj:   0.0000000000000000e+00 f(zj):   0.0000000000000000e+00 pn(zj):                     -nan
zj:   0.0000000000000000e+00 f(zj):   0.0000000000000000e+00 pn(zj):                     -nan
zj:   0.0000000000000000e+00 f(zj):   0.0000000000000000e+00 pn(zj):                     -nan
zj:   0.0000000000000000e+00 f(zj):   0.0000000000000000e+00 pn(zj):                     -nan
zj:   0.0000000000000000e+00 f(zj):   0.0000000000000000e+00 pn(zj):                     -nan
zj:   0.0000000000000000e+00 f(zj):   0.0000000000000000e+00 pn(zj):                     -nan
zj:   0.0000000000000000e+00 f(zj):   0.0000000000000000e+00 pn(zj):                     -nan
zj:   0.0000000000000000e+00 f(zj):   0.0000000000000000e+00 pn(zj):                     -nan
zj:   0.0000000000000000e+00 f(zj):   0.0000000000000000e+00 pn(zj):                     -nan
zj:   0.0000000000000000e+00 f(zj):   0.0000000000000000e+00 pn(zj):                     -nan
zj:   0.0000000000000000e+00 f(zj):   0.0000000000000000e+00 pn(zj):                     -nan
zj:   0.0000000000000000e+00 f(zj):   0.0000000000000000e+00 pn(zj):                     -nan
zj:   0.0000000000000000e+00 f(zj):   0.0000000000000000e+00 pn(zj):                     -nan
zj:   0.0000000000000000e+00 f(zj):   0.0000000000000000e+00 pn(zj):                     -nan
zj:   0.0000000000000000e+00 f(zj):   0.0000000000000000e+00 pn(zj):                     -nan
zj:   0.0000000000000000e+00 f(zj):   0.0000000000000000e+00 pn(zj):                     -nan
zj:   0.0000000000000000e+00 f(zj):   0.0000000000000000e+00 pn(zj):                     -nan
zj:   0.0000000000000000e+00 f(zj):   0.0000000000000000e+00 pn(zj):                     -nan
zj:   0.0000000000000000e+00 f(zj):   0.0000000000000000e+00 pn(zj):                     -nan
zj:   0.0000000000000000e+00 f(zj):   0.0000000000000000e+00 pn(zj):                     -nan
zj:   0.0000000000000000e+00 f(zj):   0.0000000000000000e+00 pn(zj):                     -nan
zj:   0.0000000000000000e+00 f(zj):   0.0000000000000000e+00 pn(zj):                     -nan
zj:   0.0000000000000000e+00 f(zj):   0.0000000000000000e+00 pn(zj):                     -nan
zj:   0.0000000000000000e+00 f(zj):   0.0000000000000000e+00 pn(zj):                     -nan
zj:   0.0000000000000000e+00 f(zj):   0.0000000000000000e+00 pn(zj):                     -nan
zj:   0.0000000000000000e+00 f(zj):   0.0000000000000000e+00 pn(zj):                     -nan
zj:   0.0000000000000000e+00 f(zj):   0.0000000000000000e+00 pn(zj):                     -nan
zj:   0.0000000000000000e+00 f(zj):   0.0000000000000000e+00 pn(zj):                     -nan
zj:   0.0000000000000000e+00 f(zj):   0.0000000000000000e+00 pn(zj):                     -nan
zj:   0.0000000000000000e+00 f(zj):   0.0000000000000000e+00 pn(zj):                     -nan
zj:   0.0000000000000000e+00 f(zj):   0.0000000000000000e+00 pn(zj):                     -nan
zj:   0.0000000000000000e+00 f(zj):   0.0000000000000000e+00 pn(zj):                     -nan
zj:   0.0000000000000000e+00 f(zj):   0.0000000000000000e+00 pn(zj):                     -nan
zj:   0.0000000000000000e+00 f(zj):   0.0000000000000000e+00 pn(zj):                     -nan
zj:   0.0000000000000000e+00 f(zj):   0.0000000000000000e+00 pn(zj):                     -nan
zj:   0.0000000000000000e+00 f(zj):   0.0000000000000000e+00 pn(zj):                     -nan
zj:   0.0000000000000000e+00 f(zj):   0.0000000000000000e+00 pn(zj):                     -nan
zj:   0.0000000000000000e+00 f(zj):   0.0000000000000000e+00 pn(zj):                     -nan
zj:   0.0000000000000000e+00 f(zj):   0.0000000000000000e+00 pn(zj):                     -nan
zj:   0.0000000000000000e+00 f(zj):   0.0000000000000000e+00 pn(zj):                     -nan
zj:   0.0000000000000000e+00 f(zj):   0.0000000000000000e+00 pn(zj):                     -nan
zj:   0.0000000000000000e+00 f(zj):   0.0000000000000000e+00 pn(zj):                     -nan
zj:   0.0000000000000000e+00 f(zj):   0.0000000000000000e+00 pn(zj):                     -nan
zj:   0.0000000000000000e+00 f(zj):   0.0000000000000000e+00 pn(zj):                     -nan
zj:   0.0000000000000000e+00 f(zj):   0.0000000000000000e+00 pn(zj):                     -nan
zj:   0.0000000000000000e+00 f(zj):   0.0000000000000000e+00 pn(zj):                     -nan
zj:   0.0000000000000000e+00 f(zj):   0.0000000000000000e+00 pn(zj):                     -nan
zj:   0.0000000000000000e+00 f(zj):   0.0000000000000000e+00 pn(zj):                     -nan
zj:   0.0000000000000000e+00 f(zj):   0.0000000000000000e+00 pn(zj):                     -nan
zj:   0.0000000000000000e+00 f(zj):   0.0000000000000000e+00 pn(zj):                     -nan
zj:   0.0000000000000000e+00 f(zj):   0.0000000000000000e+00 pn(zj):                     -nan
zj:   0.0000000000000000e+00 f(zj):   0.0000000000000000e+00 pn(zj):                     -nan
zj:   0.0000000000000000e+00 f(zj):   0.0000000000000000e+00 pn(zj):                     -nan
zj:   0.0000000000000000e+00 f(zj):   0.0000000000000000e+00 pn(zj):                     -nan
zj:   0.0000000000000000e+00 f(zj):   0.0000000000000000e+00 pn(zj):                     -nan
zj:   0.0000000000000000e+00 f(zj):   0.0000000000000000e+00 pn(zj):                     -nan
zj:   0.0000000000000000e+00 f(zj):   0.0000000000000000e+00 pn(zj):                     -nan
zj:   0.0000000000000000e+00 f(zj):   0.0000000000000000e+00 pn(zj):                     -nan
zj:   0.0000000000000000e+00 f(zj):   0.0000000000000000e+00 pn(zj):                     -nan
zj:   0.0000000000000000e+00 f(zj):   0.0000000000000000e+00 pn(zj):                     -nan
zj:   0.0000000000000000e+00 f(zj):   0.0000000000000000e+00 pn(zj):                     -nan
zj:   0.0000000000000000e+00 f(zj):   0.0000000000000000e+00 pn(zj):                     -nan
zj:   0.0000000000000000e+00 f(zj):   0.0000000000000000e+00 pn(zj):                     -nan
zj:   0.0000000000000000e+00 f(zj):   0.0000000000000000e+00 pn(zj):                     -nan
zj:   0.0000000000000000e+00 f(zj):   0.0000000000000000e+00 pn(zj):                     -nan
zj:   0.0000000000000000e+00 f(zj):   0.0000000000000000e+00 pn(zj):                     -nan
zj:   0.0000000000000000e+00 f(zj):   0.0000000000000000e+00 pn(zj):                     -nan
zj:   0.0000000000000000e+00 f(zj):   0.0000000000000000e+00 pn(zj):                     -nan
zj:   0.0000000000000000e+00 f(zj):   0.0000000000000000e+00 pn(zj):                     -nan
zj:   0.0000000000000000e+00 f(zj):   0.0000000000000000e+00 pn(zj):                     -nan
zj:   0.0000000000000000e+00 f(zj):   0.0000000000000000e+00 pn(zj):                     -nan
zj:   0.0000000000000000e+00 f(zj):   0.0000000000000000e+00 pn(zj):                     -nan
zj:   0.0000000000000000e+00 f(zj):   0.0000000000000000e+00 pn(zj):                     -nan
zj:   0.0000000000000000e+00 f(zj):   0.0000000000000000e+00 pn(zj):                     -nan
zj:   0.0000000000000000e+00 f(zj):   0.0000000000000000e+00 pn(zj):                     -nan
zj:   0.0000000000000000e+00 f(zj):   0.0000000000000000e+00 pn(zj):                     -nan
zj:   0.0000000000000000e+00 f(zj):   0.0000000000000000e+00 pn(zj):                     -nan
zj:   0.0000000000000000e+00 f(zj):   0.0000000000000000e+00 pn(zj):                     -nan
zj:   0.0000000000000000e+00 f(zj):   0.0000000000000000e+00 pn(zj):                     -nan
zj:   0.0000000000000000e+00 f(zj):   0.0000000000000000e+00 pn(zj):                     -nan
zj:   0.0000000000000000e+00 f(zj):   0.0000000000000000e+00 pn(zj):                     -nan
zj:   0.0000000000000000e+00 f(zj):   0.0000000000000000e+00 pn(zj):                     -nan
zj:   0.0000000000000000e+00 f(zj):   0.0000000000000000e+00 pn(zj):                     -nan
zj:   0.0000000000000000e+00 f(zj):   0.0000000000000000e+00 pn(zj):                     -nan
zj:   0.0000000000000000e+00 f(zj):   0.0000000000000000e+00 pn(zj):                     -nan
zj:   0.0000000000000000e+00 f(zj):   0.0000000000000000e+00 pn(zj):                     -nan
zj:   0.0000000000000000e+00 f(zj):   0.0000000000000000e+00 pn(zj):                     -nan
zj:   0.0000000000000000e+00 f(zj):   0.0000000000000000e+00 pn(zj):                     -nan
zj:   0.0000000000000000e+00 f(zj):   0.0000000000000000e+00 pn(zj):                     -nan
zj:   0.0000000000000000e+00 f(zj):   0.0000000000000000e+00 pn(zj):                     -nan
zj:   0.0000000000000000e+00 f(zj):   0.0000000000000000e+00 pn(zj):                     -nan
zj:   0.0000000000000000e+00 f(zj):   0.0000000000000000e+00 pn(zj):                     -nan
zj:   0.0000000000000000e+00 f(zj):   0.0000000000000000e+00 pn(zj):                     -nan
zj:   0.0000000000000000e+00 f(zj):   0.0000000000000000e+00 pn(zj):                     -nan
zj:   0.0000000000000000e+00 f(zj):   0.0000000000000000e+00 pn(zj):                     -nan
zj:   0.0000000000000000e+00 f(zj):   0.0000000000000000e+00 pn(zj):                     -nan
zj:   0.0000000000000000e+00 f(zj):   0.0000000000000000e+00 pn(zj):                     -nan
zj:   0.0000000000000000e+00 f(zj):   0.0000000000000000e+00 pn(zj):                     -nan
zj:   0.0000000000000000e+00 f(zj):   0.0000000000000000e+00 pn(zj):                     -nan
zj:   0.0000000000000000e+00 f(zj):   0.0000000000000000e+00 pn(zj):                     -nan
zj:   0.0000000000000000e+00 f(zj):   0.0000000000000000e+00 pn(zj):                     -nan
zj:   0.0000000000000000e+00 f(zj):   0.0000000000000000e+00 pn(zj):                     -nan
zj:   0.0000000000000000e+00 f(zj):   0.0000000000000000e+00 pn(zj):                     -nan
zj:   0.0000000000000000e+00 f(zj):   0.0000000000000000e+00 pn(zj):                     -nan
zj:   0.0000000000000000e+00 f(zj):   0.0000000000000000e+00 pn(zj):                     -nan
zj:   0.0000000000000000e+00 f(zj):   0.0000000000000000e+00 pn(zj):                     -nan
zj:   0.0000000000000000e+00 f(zj):   0.0000000000000000e+00 pn(zj):                     -nan
zj:   0.0000000000000000e+00 f(zj):   0.0000000000000000e+00 pn(zj):                     -nan
zj:   0.0000000000000000e+00 f(zj):   0.0000000000000000e+00 pn(zj):                     -nan
zj:   0.0000000000000000e+00 f(zj):   0.0000000000000000e+00 pn(zj):                     -nan
zj:   0.0000000000000000e+00 f(zj):   0.0000000000000000e+00 pn(zj):                     -nan
zj:   0.0000000000000000e+00 f(zj):   0.0000000000000000e+00 pn(zj):                     -nan
zj:   0.0000000000000000e+00 f(zj):   0.0000000000000000e+00 pn(zj):                     -nan
zj:   0.0000000000000000e+00 f(zj):   0.0000000000000000e+00 pn(zj):                     -nan
zj:   0.0000000000000000e+00 f(zj):   0.0000000000000000e+00 pn(zj):                     -nan
zj:   0.0000000000000000e+00 f(zj):   0.0000000000000000e+00 pn(zj):                     -nan
zj:   0.0000000000000000e+00 f(zj):   0.0000000000000000e+00 pn(zj):                     -nan
zj:   0.0000000000000000e+00 f(zj):   0.0000000000000000e+00 pn(zj):                     -nan
zj:   0.0000000000000000e+00 f(zj):   0.0000000000000000e+00 pn(zj):                     -nan
zj:   0.0000000000000000e+00 f(zj):   0.0000000000000000e+00 pn(zj):                     -nan
zj:   0.0000000000000000e+00 f(zj):   0.0000000000000000e+00 pn(zj):                     -nan
zj:   0.0000000000000000e+00 f(zj):   0.0000000000000000e+00 pn(zj):                     -nan
zj:   0.0000000000000000e+00 f(zj):   0.0000000000000000e+00 pn(zj):                     -nan
zj:   0.0000000000000000e+00 f(zj):   0.0000000000000000e+00 pn(zj):                     -nan
zj:   0.0000000000000000e+00 f(zj):   0.0000000000000000e+00 pn(zj):                     -nan
zj:   0.0000000000000000e+00 f(zj):   0.0000000000000000e+00 pn(zj):                     -nan
zj:   0.0000000000000000e+00 f(zj):   0.0000000000000000e+00 pn(zj):                     -nan
zj:   0.0000000000000000e+00 f(zj):   0.0000000000000000e+00 pn(zj):                     -nan
zj:   0.0000000000000000e+00 f(zj):   0.0000000000000000e+00 pn(zj):                     -nan
zj:   0.0000000000000000e+00 f(zj):   0.0000000000000000e+00 pn(zj):                     -nan
zj:   0.0000000000000000e+00 f(zj):   0.0000000000000000e+00 pn(zj):                     -nan
zj:   0.0000000000000000e+00 f(zj):   0.0000000000000000e+00 pn(zj):                     -nan
zj:   0.0000000000000000e+00 f(zj):   0.0000000000000000e+00 pn(zj):                     -nan
zj:   0.0000000000000000e+00 f(zj):   0.0000000000000000e+00 pn(zj):                     -nan
zj:   0.0000000000000000e+00 f(zj):   0.0000000000000000e+00 pn(zj):                     -nan
zj:   0.0000000000000000e+00 f(zj):   0.0000000000000000e+00 pn(zj):                     -nan
zj:   0.0000000000000000e+00 f(zj):   0.0000000000000000e+00 pn(zj):                     -nan
zj:   0.0000000000000000e+00 f(zj):   0.0000000000000000e+00 pn(zj):                     -nan
zj:   0.0000000000000000e+00 f(zj):   0.0000000000000000e+00 pn(zj):                     -nan
zj:   0.0000000000000000e+00 f(zj):   0.0000000000000000e+00 pn(zj):                     -nan
zj:   0.0000000000000000e+00 f(zj):   0.0000000000000000e+00 pn(zj):                     -nan
zj:   0.0000000000000000e+00 f(zj):   0.0000000000000000e+00 pn(zj):                     -nan
zj:   0.0000000000000000e+00 f(zj):   0.0000000000000000e+00 pn(zj):                     -nan
zj:   0.0000000000000000e+00 f(zj):   0.0000000000000000e+00 pn(zj):                     -nan
zj:   0.0000000000000000e+00 f(zj):   0.0000000000000000e+00 pn(zj):                     -nan
zj:   0.0000000000000000e+00 f(zj):   0.0000000000000000e+00 pn(zj):                     -nan
zj:   0.0000000000000000e+00 f(zj):   0.0000000000000000e+00 pn(zj):                     -nan
zj:   0.0000000000000000e+00 f(zj):   0.0000000000000000e+00 pn(zj):                     -nan
zj:   0.0000000000000000e+00 f(zj):   0.0000000000000000e+00 pn(zj):                     -nan
zj:   0.0000000000000000e+00 f(zj):   0.0000000000000000e+00 pn(zj):                     -nan
zj:   0.0000000000000000e+00 f(zj):   0.0000000000000000e+00 pn(zj):                     -nan
zj:   0.0000000000000000e+00 f(zj):   0.0000000000000000e+00 pn(zj):                     -nan
zj:   0.0000000000000000e+00 f(zj):   0.0000000000000000e+00 pn(zj):                     -nan
zj:   0.0000000000000000e+00 f(zj):   0.0000000000000000e+00 pn(zj):                     -nan
zj:   0.0000000000000000e+00 f(zj):   0.0000000000000000e+00 pn(zj):                     -nan
zj:   0.0000000000000000e+00 f(zj):   0.0000000000000000e+00 pn(zj):                     -nan
zj:   0.0000000000000000e+00 f(zj):   0.0000000000000000e+00 pn(zj):                     -nan
zj:   0.0000000000000000e+00 f(zj):   0.0000000000000000e+00 pn(zj):                     -nan
zj:   0.0000000000000000e+00 f(zj):   0.0000000000000000e+00 pn(zj):                     -nan
zj:   0.0000000000000000e+00 f(zj):   0.0000000000000000e+00 pn(zj):                     -nan
zj:   0.0000000000000000e+00 f(zj):   0.0000000000000000e+00 pn(zj):                     -nan
zj:   0.0000000000000000e+00 f(zj):   0.0000000000000000e+00 pn(zj):                     -nan
zj:   0.0000000000000000e+00 f(zj):   0.0000000000000000e+00 pn(zj):                     -nan
zj:   0.0000000000000000e+00 f(zj):   0.0000000000000000e+00 pn(zj):                     -nan
zj:   0.0000000000000000e+00 f(zj):   0.0000000000000000e+00 pn(zj):                     -nan
zj:   0.0000000000000000e+00 f(zj):   0.0000000000000000e+00 pn(zj):                     -nan
zj:   0.0000000000000000e+00 f(zj):   0.0000000000000000e+00 pn(zj):                     -nan
zj:   0.0000000000000000e+00 f(zj):   0.0000000000000000e+00 pn(zj):                     -nan
zj:   0.0000000000000000e+00 f(zj):   0.0000000000000000e+00 pn(zj):                     -nan
zj:   0.0000000000000000e+00 f(zj):   0.0000000000000000e+00 pn(zj):                     -nan
zj:   0.0000000000000000e+00 f(zj):   0.0000000000000000e+00 pn(zj):                     -nan
zj:   0.0000000000000000e+00 f(zj):   0.0000000000000000e+00 pn(zj):                     -nan
zj:   0.0000000000000000e+00 f(zj):   0.0000000000000000e+00 pn(zj):                     -nan
zj:   0.0000000000000000e+00 f(zj):   0.0000000000000000e+00 pn(zj):                     -nan
zj:   0.0000000000000000e+00 f(zj):   0.0000000000000000e+00 pn(zj):                     -nan
zj:   0.0000000000000000e+00 f(zj):   0.0000000000000000e+00 pn(zj):                     -nan
zj:   0.0000000000000000e+00 f(zj):   0.0000000000000000e+00 pn(zj):                     -nan
zj:   0.0000000000000000e+00 f(zj):   0.0000000000000000e+00 pn(zj):                     -nan
zj:   0.0000000000000000e+00 f(zj):   0.0000000000000000e+00 pn(zj):                     -nan
zj:   0.0000000000000000e+00 f(zj):   0.0000000000000000e+00 pn(zj):                     -nan
zj:   0.0000000000000000e+00 f(zj):   0.0000000000000000e+00 pn(zj):                     -nan
zj:   0.0000000000000000e+00 f(zj):   0.0000000000000000e+00 pn(zj):                     -nan
zj:   0.0000000000000000e+00 f(zj):   0.0000000000000000e+00 pn(zj):                     -nan
zj:   0.0000000000000000e+00 f(zj):   0.0000000000000000e+00 pn(zj):                     -nan
zj:   0.0000000000000000e+00 f(zj):   0.0000000000000000e+00 pn(zj):                     -nan
zj:   0.0000000000000000e+00 f(zj):   0.0000000000000000e+00 pn(zj):                     -nan
zj:   0.0000000000000000e+00 f(zj):   0.0000000000000000e+00 pn(zj):                     -nan
zj:   0.0000000000000000e+00 f(zj):   0.0000000000000000e+00 pn(zj):                     -nan
zj:   0.0000000000000000e+00 f(zj):   0.0000000000000000e+00 pn(zj):                     -nan
zj:   0.0000000000000000e+00 f(zj):   0.0000000000000000e+00 pn(zj):                     -nan
zj:   0.0000000000000000e+00 f(zj):   0.0000000000000000e+00 pn(zj):                     -nan
zj:   0.0000000000000000e+00 f(zj):   0.0000000000000000e+00 pn(zj):                     -nan
zj:   0.0000000000000000e+00 f(zj):   0.0000000000000000e+00 pn(zj):                     -nan
zj:   0.0000000000000000e+00 f(zj):   0.0000000000000000e+00 pn(zj):                     -nan
zj:   0.0000000000000000e+00 f(zj):   0.0000000000000000e+00 pn(zj):                     -nan
zj:   0.0000000000000000e+00 f(zj):   0.0000000000000000e+00 pn(zj):                     -nan
zj:   0.0000000000000000e+00 f(zj):   0.0000000000000000e+00 pn(zj):                     -nan
zj:   0.0000000000000000e+00 f(zj):   0.0000000000000000e+00 pn(zj):                     -nan
zj:   0.0000000000000000e+00 f(zj):   0.0000000000000000e+00 pn(zj):                     -nan
zj:   0.0000000000000000e+00 f(zj):   0.0000000000000000e+00 pn(zj):                     -nan
zj:   0.0000000000000000e+00 f(zj):   0.0000000000000000e+00 pn(zj):                     -nan
zj:   0.0000000000000000e+00 f(zj):   0.0000000000000000e+00 pn(zj):                     -nan
zj:   0.0000000000000000e+00 f(zj):   0.0000000000000000e+00 pn(zj):                     -nan
zj:   0.0000000000000000e+00 f(zj):   0.0000000000000000e+00 pn(zj):                     -nan
zj:   0.0000000000000000e+00 f(zj):   0.0000000000000000e+00 pn(zj):                     -nan
zj:   0.0000000000000000e+00 f(zj):   0.0000000000000000e+00 pn(zj):                     -nan
zj:   0.0000000000000000e+00 f(zj):   0.0000000000000000e+00 pn(zj):                     -nan
zj:   0.0000000000000000e+00 f(zj):   0.0000000000000000e+00 pn(zj):                     -nan
zj:   0.0000000000000000e+00 f(zj):   0.0000000000000000e+00 pn(zj):                     -nan
zj:   0.0000000000000000e+00 f(zj):   0.0000000000000000e+00 pn(zj):                     -nan
zj:   0.0000000000000000e+00 f(zj):   0.0000000000000000e+00 pn(zj):                     -nan
zj:   0.0000000000000000e+00 f(zj):   0.0000000000000000e+00 pn(zj):                     -nan
zj:   0.0000000000000000e+00 f(zj):   0.0000000000000000e+00 pn(zj):                     -nan
zj:   0.0000000000000000e+00 f(zj):   0.0000000000000000e+00 pn(zj):                     -nan
zj:   0.0000000000000000e+00 f(zj):   0.0000000000000000e+00 pn(zj):                     -nan
zj:   0.0000000000000000e+00 f(zj):   0.0000000000000000e+00 pn(zj):                     -nan
zj:   0.0000000000000000e+00 f(zj):   0.0000000000000000e+00 pn(zj):                     -nan
zj:   0.0000000000000000e+00 f(zj):   0.0000000000000000e+00 pn(zj):                     -nan
zj:   0.0000000000000000e+00 f(zj):   0.0000000000000000e+00 pn(zj):                     -nan
zj:   0.0000000000000000e+00 f(zj):   0.0000000000000000e+00 pn(zj):                     -nan
zj:   0.0000000000000000e+00 f(zj):   0.0000000000000000e+00 pn(zj):                     -nan
zj:   0.0000000000000000e+00 f(zj):   0.0000000000000000e+00 pn(zj):                     -nan
zj:   0.0000000000000000e+00 f(zj):   0.0000000000000000e+00 pn(zj):                     -nan
zj:   0.0000000000000000e+00 f(zj):   0.0000000000000000e+00 pn(zj):                     -nan
zj:   0.0000000000000000e+00 f(zj):   0.0000000000000000e+00 pn(zj):                     -nan
zj:   0.0000000000000000e+00 f(zj):   0.0000000000000000e+00 pn(zj):                     -nan
zj:   0.0000000000000000e+00 f(zj):   0.0000000000000000e+00 pn(zj):                     -nan
zj:   0.0000000000000000e+00 f(zj):   0.0000000000000000e+00 pn(zj):                     -nan
zj:   0.0000000000000000e+00 f(zj):   0.0000000000000000e+00 pn(zj):                     -nan
zj:   0.0000000000000000e+00 f(zj):   0.0000000000000000e+00 pn(zj):                     -nan
zj:   0.0000000000000000e+00 f(zj):   0.0000000000000000e+00 pn(zj):                     -nan
zj:   0.0000000000000000e+00 f(zj):   0.0000000000000000e+00 pn(zj):                     -nan
zj:   0.0000000000000000e+00 f(zj):   0.0000000000000000e+00 pn(zj):                     -nan
zj:   0.0000000000000000e+00 f(zj):   0.0000000000000000e+00 pn(zj):                     -nan
zj:   0.0000000000000000e+00 f(zj):   0.0000000000000000e+00 pn(zj):                     -nan
zj:   0.0000000000000000e+00 f(zj):   0.0000000000000000e+00 pn(zj):                     -nan
zj:   0.0000000000000000e+00 f(zj):   0.0000000000000000e+00 pn(zj):                     -nan
zj:   0.0000000000000000e+00 f(zj):   0.0000000000000000e+00 pn(zj):                     -nan
zj:   0.0000000000000000e+00 f(zj):   0.0000000000000000e+00 pn(zj):                     -nan
zj:   0.0000000000000000e+00 f(zj):   0.0000000000000000e+00 pn(zj):                     -nan
zj:   0.0000000000000000e+00 f(zj):   0.0000000000000000e+00 pn(zj):                     -nan
zj:   0.0000000000000000e+00 f(zj):   0.0000000000000000e+00 pn(zj):                     -nan
zj:   0.0000000000000000e+00 f(zj):   0.0000000000000000e+00 pn(zj):                     -nan
zj:   0.0000000000000000e+00 f(zj):   0.0000000000000000e+00 pn(zj):                     -nan
zj:   0.0000000000000000e+00 f(zj):   0.0000000000000000e+00 pn(zj):                     -nan
zj:   0.0000000000000000e+00 f(zj):   0.0000000000000000e+00 pn(zj):                     -nan
zj:   0.0000000000000000e+00 f(zj):   0.0000000000000000e+00 pn(zj):                     -nan
zj:   0.0000000000000000e+00 f(zj):   0.0000000000000000e+00 pn(zj):                     -nan
zj:   0.0000000000000000e+00 f(zj):   0.0000000000000000e+00 pn(zj):                     -nan
zj:   0.0000000000000000e+00 f(zj):   0.0000000000000000e+00 pn(zj):                     -nan
zj:   0.0000000000000000e+00 f(zj):   0.0000000000000000e+00 pn(zj):                     -nan
zj:   0.0000000000000000e+00 f(zj):   0.0000000000000000e+00 pn(zj):                     -nan
zj:   0.0000000000000000e+00 f(zj):   0.0000000000000000e+00 pn(zj):                     -nan
zj:   0.0000000000000000e+00 f(zj):   0.0000000000000000e+00 pn(zj):                     -nan
zj:   0.0000000000000000e+00 f(zj):   0.0000000000000000e+00 pn(zj):                     -nan
zj:   0.0000000000000000e+00 f(zj):   0.0000000000000000e+00 pn(zj):                     -nan
zj:   0.0000000000000000e+00 f(zj):   0.0000000000000000e+00 pn(zj):                     -nan
zj:   0.0000000000000000e+00 f(zj):   0.0000000000000000e+00 pn(zj):                     -nan
zj:   0.0000000000000000e+00 f(zj):   0.0000000000000000e+00 pn(zj):                     -nan
zj:   0.0000000000000000e+00 f(zj):   0.0000000000000000e+00 pn(zj):                     -nan
zj:   0.0000000000000000e+00 f(zj):   0.0000000000000000e+00 pn(zj):                     -nan
zj:   0.0000000000000000e+00 f(zj):   0.0000000000000000e+00 pn(zj):                     -nan
zj:   0.0000000000000000e+00 f(zj):   0.0000000000000000e+00 pn(zj):                     -nan
zj:   0.0000000000000000e+00 f(zj):   0.0000000000000000e+00 pn(zj):                     -nan
zj:   0.0000000000000000e+00 f(zj):   0.0000000000000000e+00 pn(zj):                     -nan
zj:   0.0000000000000000e+00 f(zj):   0.0000000000000000e+00 pn(zj):                     -nan
zj:   0.0000000000000000e+00 f(zj):   0.0000000000000000e+00 pn(zj):                     -nan
zj:   0.0000000000000000e+00 f(zj):   0.0000000000000000e+00 pn(zj):                     -nan
zj:   0.0000000000000000e+00 f(zj):   0.0000000000000000e+00 pn(zj):                     -nan
zj:   0.0000000000000000e+00 f(zj):   0.0000000000000000e+00 pn(zj):                     -nan
zj:   0.0000000000000000e+00 f(zj):   0.0000000000000000e+00 pn(zj):                     -nan
zj:   0.0000000000000000e+00 f(zj):   0.0000000000000000e+00 pn(zj):                     -nan
zj:   0.0000000000000000e+00 f(zj):   0.0000000000000000e+00 pn(zj):                     -nan
zj:   0.0000000000000000e+00 f(zj):   0.0000000000000000e+00 pn(zj):                     -nan
zj:   0.0000000000000000e+00 f(zj):   0.0000000000000000e+00 pn(zj):                     -nan
zj:   0.0000000000000000e+00 f(zj):   0.0000000000000000e+00 pn(zj):                     -nan
zj:   0.0000000000000000e+00 f(zj):   0.0000000000000000e+00 pn(zj):                     -nan
zj:   0.0000000000000000e+00 f(zj):   0.0000000000000000e+00 pn(zj):                     -nan
zj:   0.0000000000000000e+00 f(zj):   0.0000000000000000e+00 pn(zj):                     -nan
zj:   0.0000000000000000e+00 f(zj):   0.0000000000000000e+00 pn(zj):                     -nan
zj:   0.0000000000000000e+00 f(zj):   0.0000000000000000e+00 pn(zj):                     -nan
zj:   0.0000000000000000e+00 f(zj):   0.0000000000000000e+00 pn(zj):                     -nan
zj:   0.0000000000000000e+00 f(zj):   0.0000000000000000e+00 pn(zj):                     -nan
zj:   0.0000000000000000e+00 f(zj):   0.0000000000000000e+00 pn(zj):                     -nan
zj:   0.0000000000000000e+00 f(zj):   0.0000000000000000e+00 pn(zj):                     -nan
zj:   0.0000000000000000e+00 f(zj):   0.0000000000000000e+00 pn(zj):                     -nan
zj:   0.0000000000000000e+00 f(zj):   0.0000000000000000e+00 pn(zj):                     -nan
zj:   0.0000000000000000e+00 f(zj):   0.0000000000000000e+00 pn(zj):                     -nan
zj:   0.0000000000000000e+00 f(zj):   0.0000000000000000e+00 pn(zj):                     -nan
zj:   0.0000000000000000e+00 f(zj):   0.0000000000000000e+00 pn(zj):                     -nan
zj:   0.0000000000000000e+00 f(zj):   0.0000000000000000e+00 pn(zj):                     -nan
zj:   0.0000000000000000e+00 f(zj):   0.0000000000000000e+00 pn(zj):                     -nan
zj:   0.0000000000000000e+00 f(zj):   0.0000000000000000e+00 pn(zj):                     -nan
zj:   0.0000000000000000e+00 f(zj):   0.0000000000000000e+00 pn(zj):                     -nan
zj:   0.0000000000000000e+00 f(zj):   0.0000000000000000e+00 pn(zj):                     -nan
zj:   0.0000000000000000e+00 f(zj):   0.0000000000000000e+00 pn(zj):                     -nan
zj:   0.0000000000000000e+00 f(zj):   0.0000000000000000e+00 pn(zj):                     -nan
zj:   0.0000000000000000e+00 f(zj):   0.0000000000000000e+00 pn(zj):                     -nan
zj:   0.0000000000000000e+00 f(zj):   0.0000000000000000e+00 pn(zj):                     -nan
zj:   0.0000000000000000e+00 f(zj):   0.0000000000000000e+00 pn(zj):                     -nan
zj:   0.0000000000000000e+00 f(zj):   0.0000000000000000e+00 pn(zj):                     -nan
zj:   0.0000000000000000e+00 f(zj):   0.0000000000000000e+00 pn(zj):                     -nan
zj:   0.0000000000000000e+00 f(zj):   0.0000000000000000e+00 pn(zj):                     -nan
zj:   0.0000000000000000e+00 f(zj):   0.0000000000000000e+00 pn(zj):                     -nan
zj:   0.0000000000000000e+00 f(zj):   0.0000000000000000e+00 pn(zj):                     -nan
zj:   0.0000000000000000e+00 f(zj):   0.0000000000000000e+00 pn(zj):                     -nan
zj:   0.0000000000000000e+00 f(zj):   0.0000000000000000e+00 pn(zj):                     -nan
zj:   0.0000000000000000e+00 f(zj):   0.0000000000000000e+00 pn(zj):                     -nan
zj:   0.0000000000000000e+00 f(zj):   0.0000000000000000e+00 pn(zj):                     -nan
zj:   0.0000000000000000e+00 f(zj):   0.0000000000000000e+00 pn(zj):                     -nan
zj:   0.0000000000000000e+00 f(zj):   0.0000000000000000e+00 pn(zj):                     -nan
zj:   0.0000000000000000e+00 f(zj):   0.0000000000000000e+00 pn(zj):                     -nan
zj:   0.0000000000000000e+00 f(zj):   0.0000000000000000e+00 pn(zj):                     -nan
zj:   0.0000000000000000e+00 f(zj):   0.0000000000000000e+00 pn(zj):                     -nan
zj:   0.0000000000000000e+00 f(zj):   0.0000000000000000e+00 pn(zj):                     -nan
zj:   0.0000000000000000e+00 f(zj):   0.0000000000000000e+00 pn(zj):                     -nan
zj:   0.0000000000000000e+00 f(zj):   0.0000000000000000e+00 pn(zj):                     -nan
zj:   0.0000000000000000e+00 f(zj):   0.0000000000000000e+00 pn(zj):                     -nan
zj:   0.0000000000000000e+00 f(zj):   0.0000000000000000e+00 pn(zj):                     -nan
zj:   0.0000000000000000e+00 f(zj):   0.0000000000000000e+00 pn(zj):                     -nan
zj:   0.0000000000000000e+00 f(zj):   0.0000000000000000e+00 pn(zj):                     -nan
zj:   0.0000000000000000e+00 f(zj):   0.0000000000000000e+00 pn(zj):                     -nan
zj:   0.0000000000000000e+00 f(zj):   0.0000000000000000e+00 pn(zj):                     -nan
zj:   0.0000000000000000e+00 f(zj):   0.0000000000000000e+00 pn(zj):                     -nan
zj:   0.0000000000000000e+00 f(zj):   0.0000000000000000e+00 pn(zj):                     -nan
zj:   0.0000000000000000e+00 f(zj):   0.0000000000000000e+00 pn(zj):                     -nan
zj:   0.0000000000000000e+00 f(zj):   0.0000000000000000e+00 pn(zj):                     -nan
zj:   0.0000000000000000e+00 f(zj):   0.0000000000000000e+00 pn(zj):                     -nan
zj:   0.0000000000000000e+00 f(zj):   0.0000000000000000e+00 pn(zj):                     -nan
zj:   0.0000000000000000e+00 f(zj):   0.0000000000000000e+00 pn(zj):                     -nan
zj:   0.0000000000000000e+00 f(zj):   0.0000000000000000e+00 pn(zj):                     -nan
zj:   0.0000000000000000e+00 f(zj):   0.0000000000000000e+00 pn(zj):                     -nan
zj:   0.0000000000000000e+00 f(zj):   0.0000000000000000e+00 pn(zj):                     -nan
zj:   0.0000000000000000e+00 f(zj):   0.0000000000000000e+00 pn(zj):                     -nan
zj:   0.0000000000000000e+00 f(zj):   0.0000000000000000e+00 pn(zj):                     -nan
zj:   0.0000000000000000e+00 f(zj):   0.0000000000000000e+00 pn(zj):                     -nan
zj:   0.0000000000000000e+00 f(zj):   0.0000000000000000e+00 pn(zj):                     -nan
zj:   0.0000000000000000e+00 f(zj):   0.0000000000000000e+00 pn(zj):                     -nan
zj:   0.0000000000000000e+00 f(zj):   0.0000000000000000e+00 pn(zj):                     -nan
zj:   0.0000000000000000e+00 f(zj):   0.0000000000000000e+00 pn(zj):                     -nan
zj:   0.0000000000000000e+00 f(zj):   0.0000000000000000e+00 pn(zj):                     -nan
zj:   0.0000000000000000e+00 f(zj):   0.0000000000000000e+00 pn(zj):                     -nan
zj:   0.0000000000000000e+00 f(zj):   0.0000000000000000e+00 pn(zj):                     -nan
zj:   0.0000000000000000e+00 f(zj):   0.0000000000000000e+00 pn(zj):                     -nan
zj:   0.0000000000000000e+00 f(zj):   0.0000000000000000e+00 pn(zj):                     -nan
zj:   0.0000000000000000e+00 f(zj):   0.0000000000000000e+00 pn(zj):                     -nan
zj:   0.0000000000000000e+00 f(zj):   0.0000000000000000e+00 pn(zj):                     -nan
zj:   0.0000000000000000e+00 f(zj):   0.0000000000000000e+00 pn(zj):                     -nan
zj:   0.0000000000000000e+00 f(zj):   0.0000000000000000e+00 pn(zj):                     -nan
zj:   0.0000000000000000e+00 f(zj):   0.0000000000000000e+00 pn(zj):                     -nan
zj:   0.0000000000000000e+00 f(zj):   0.0000000000000000e+00 pn(zj):                     -nan
zj:   0.0000000000000000e+00 f(zj):   0.0000000000000000e+00 pn(zj):                     -nan
zj:   0.0000000000000000e+00 f(zj):   0.0000000000000000e+00 pn(zj):                     -nan
zj:   0.0000000000000000e+00 f(zj):   0.0000000000000000e+00 pn(zj):                     -nan
zj:   0.0000000000000000e+00 f(zj):   0.0000000000000000e+00 pn(zj):                     -nan
zj:   0.0000000000000000e+00 f(zj):   0.0000000000000000e+00 pn(zj):                     -nan
zj:   0.0000000000000000e+00 f(zj):   0.0000000000000000e+00 pn(zj):                     -nan
zj:   0.0000000000000000e+00 f(zj):   0.0000000000000000e+00 pn(zj):                     -nan
zj:   0.0000000000000000e+00 f(zj):   0.0000000000000000e+00 pn(zj):                     -nan
zj:   0.0000000000000000e+00 f(zj):   0.0000000000000000e+00 pn(zj):                     -nan
zj:   0.0000000000000000e+00 f(zj):   0.0000000000000000e+00 pn(zj):                     -nan
zj:   0.0000000000000000e+00 f(zj):   0.0000000000000000e+00 pn(zj):                     -nan
zj:   0.0000000000000000e+00 f(zj):   0.0000000000000000e+00 pn(zj):                     -nan
zj:   0.0000000000000000e+00 f(zj):   0.0000000000000000e+00 pn(zj):                     -nan
zj:   0.0000000000000000e+00 f(zj):   0.0000000000000000e+00 pn(zj):                     -nan
zj:   0.0000000000000000e+00 f(zj):   0.0000000000000000e+00 pn(zj):                     -nan
zj:   0.0000000000000000e+00 f(zj):   0.0000000000000000e+00 pn(zj):                     -nan
zj:   0.0000000000000000e+00 f(zj):   0.0000000000000000e+00 pn(zj):                     -nan
zj:   0.0000000000000000e+00 f(zj):   0.0000000000000000e+00 pn(zj):                     -nan
zj:   0.0000000000000000e+00 f(zj):   0.0000000000000000e+00 pn(zj):                     -nan
zj:   0.0000000000000000e+00 f(zj):   0.0000000000000000e+00 pn(zj):                     -nan
zj:   0.0000000000000000e+00 f(zj):   0.0000000000000000e+00 pn(zj):                     -nan
zj:   0.0000000000000000e+00 f(zj):   0.0000000000000000e+00 pn(zj):                     -nan
zj:   0.0000000000000000e+00 f(zj):   0.0000000000000000e+00 pn(zj):                     -nan
zj:   0.0000000000000000e+00 f(zj):   0.0000000000000000e+00 pn(zj):                     -nan
zj:   0.0000000000000000e+00 f(zj):   0.0000000000000000e+00 pn(zj):                     -nan
zj:   0.0000000000000000e+00 f(zj):   0.0000000000000000e+00 pn(zj):                     -nan
zj:   0.0000000000000000e+00 f(zj):   0.0000000000000000e+00 pn(zj):                     -nan
zj:   0.0000000000000000e+00 f(zj):   0.0000000000000000e+00 pn(zj):                     -nan
zj:   0.0000000000000000e+00 f(zj):   0.0000000000000000e+00 pn(zj):                     -nan
zj:   0.0000000000000000e+00 f(zj):   0.0000000000000000e+00 pn(zj):                     -nan
zj:   0.0000000000000000e+00 f(zj):   0.0000000000000000e+00 pn(zj):                     -nan
zj:   0.0000000000000000e+00 f(zj):   0.0000000000000000e+00 pn(zj):                     -nan
zj:   0.0000000000000000e+00 f(zj):   0.0000000000000000e+00 pn(zj):                     -nan
zj:   0.0000000000000000e+00 f(zj):   0.0000000000000000e+00 pn(zj):                     -nan
zj:   0.0000000000000000e+00 f(zj):   0.0000000000000000e+00 pn(zj):                     -nan
zj:   0.0000000000000000e+00 f(zj):   0.0000000000000000e+00 pn(zj):                     -nan
zj:   0.0000000000000000e+00 f(zj):   0.0000000000000000e+00 pn(zj):                     -nan
zj:   0.0000000000000000e+00 f(zj):   0.0000000000000000e+00 pn(zj):                     -nan
zj:   0.0000000000000000e+00 f(zj):   0.0000000000000000e+00 pn(zj):                     -nan
zj:   0.0000000000000000e+00 f(zj):   0.0000000000000000e+00 pn(zj):                     -nan
zj:   0.0000000000000000e+00 f(zj):   0.0000000000000000e+00 pn(zj):                     -nan
zj:   0.0000000000000000e+00 f(zj):   0.0000000000000000e+00 pn(zj):                     -nan
zj:   0.0000000000000000e+00 f(zj):   0.0000000000000000e+00 pn(zj):                     -nan
zj:   0.0000000000000000e+00 f(zj):   0.0000000000000000e+00 pn(zj):                     -nan
zj:   0.0000000000000000e+00 f(zj):   0.0000000000000000e+00 pn(zj):                     -nan
zj:   0.0000000000000000e+00 f(zj):   0.0000000000000000e+00 pn(zj):                     -nan
zj:   0.0000000000000000e+00 f(zj):   0.0000000000000000e+00 pn(zj):                     -nan
zj:   0.0000000000000000e+00 f(zj):   0.0000000000000000e+00 pn(zj):                     -nan
zj:   0.0000000000000000e+00 f(zj):   0.0000000000000000e+00 pn(zj):                     -nan
zj:   0.0000000000000000e+00 f(zj):   0.0000000000000000e+00 pn(zj):                     -nan
zj:   0.0000000000000000e+00 f(zj):   0.0000000000000000e+00 pn(zj):                     -nan
zj:   0.0000000000000000e+00 f(zj):   0.0000000000000000e+00 pn(zj):                     -nan
zj:   0.0000000000000000e+00 f(zj):   0.0000000000000000e+00 pn(zj):                     -nan
zj:   0.0000000000000000e+00 f(zj):   0.0000000000000000e+00 pn(zj):                     -nan
zj:   0.0000000000000000e+00 f(zj):   0.0000000000000000e+00 pn(zj):                     -nan
zj:   0.0000000000000000e+00 f(zj):   0.0000000000000000e+00 pn(zj):                     -nan
zj:   0.0000000000000000e+00 f(zj):   0.0000000000000000e+00 pn(zj):                     -nan
zj:   0.0000000000000000e+00 f(zj):   0.0000000000000000e+00 pn(zj):                     -nan
zj:   0.0000000000000000e+00 f(zj):   0.0000000000000000e+00 pn(zj):                     -nan
zj:   0.0000000000000000e+00 f(zj):   0.0000000000000000e+00 pn(zj):                     -nan
zj:   0.0000000000000000e+00 f(zj):   0.0000000000000000e+00 pn(zj):                     -nan
zj:   0.0000000000000000e+00 f(zj):   0.0000000000000000e+00 pn(zj):                     -nan
zj:   0.0000000000000000e+00 f(zj):   0.0000000000000000e+00 pn(zj):                     -nan
zj:   0.0000000000000000e+00 f(zj):   0.0000000000000000e+00 pn(zj):                     -nan
zj:   0.0000000000000000e+00 f(zj):   0.0000000000000000e+00 pn(zj):                     -nan
zj:   0.0000000000000000e+00 f(zj):   0.0000000000000000e+00 pn(zj):                     -nan
zj:   0.0000000000000000e+00 f(zj):   0.0000000000000000e+00 pn(zj):                     -nan
zj:   0.0000000000000000e+00 f(zj):   0.0000000000000000e+00 pn(zj):                     -nan
zj:   0.0000000000000000e+00 f(zj):   0.0000000000000000e+00 pn(zj):                     -nan
zj:   0.0000000000000000e+00 f(zj):   0.0000000000000000e+00 pn(zj):                     -nan
zj:   0.0000000000000000e+00 f(zj):   0.0000000000000000e+00 pn(zj):                     -nan
zj:   0.0000000000000000e+00 f(zj):   0.0000000000000000e+00 pn(zj):                     -nan
zj:   0.0000000000000000e+00 f(zj):   0.0000000000000000e+00 pn(zj):                     -nan
zj:   0.0000000000000000e+00 f(zj):   0.0000000000000000e+00 pn(zj):                     -nan
zj:   0.0000000000000000e+00 f(zj):   0.0000000000000000e+00 pn(zj):                     -nan
zj:   0.0000000000000000e+00 f(zj):   0.0000000000000000e+00 pn(zj):                     -nan
zj:   0.0000000000000000e+00 f(zj):   0.0000000000000000e+00 pn(zj):                     -nan
zj:   0.0000000000000000e+00 f(zj):   0.0000000000000000e+00 pn(zj):                     -nan
zj:   0.0000000000000000e+00 f(zj):   0.0000000000000000e+00 pn(zj):                     -nan
zj:   0.0000000000000000e+00 f(zj):   0.0000000000000000e+00 pn(zj):                     -nan
zj:   0.0000000000000000e+00 f(zj):   0.0000000000000000e+00 pn(zj):                     -nan
zj:   0.0000000000000000e+00 f(zj):   0.0000000000000000e+00 pn(zj):                     -nan
zj:   0.0000000000000000e+00 f(zj):   0.0000000000000000e+00 pn(zj):                     -nan
zj:   0.0000000000000000e+00 f(zj):   0.0000000000000000e+00 pn(zj):                     -nan
zj:   0.0000000000000000e+00 f(zj):   0.0000000000000000e+00 pn(zj):                     -nan
zj:   0.0000000000000000e+00 f(zj):   0.0000000000000000e+00 pn(zj):                     -nan
zj:   0.0000000000000000e+00 f(zj):   0.0000000000000000e+00 pn(zj):                     -nan
zj:   0.0000000000000000e+00 f(zj):   0.0000000000000000e+00 pn(zj):                     -nan
zj:   0.0000000000000000e+00 f(zj):   0.0000000000000000e+00 pn(zj):                     -nan
zj:   0.0000000000000000e+00 f(zj):   0.0000000000000000e+00 pn(zj):                     -nan
zj:   0.0000000000000000e+00 f(zj):   0.0000000000000000e+00 pn(zj):                     -nan
zj:   0.0000000000000000e+00 f(zj):   0.0000000000000000e+00 pn(zj):                     -nan
zj:   0.0000000000000000e+00 f(zj):   0.0000000000000000e+00 pn(zj):                     -nan
zj:   0.0000000000000000e+00 f(zj):   0.0000000000000000e+00 pn(zj):                     -nan
zj:   0.0000000000000000e+00 f(zj):   0.0000000000000000e+00 pn(zj):                     -nan
zj:   0.0000000000000000e+00 f(zj):   0.0000000000000000e+00 pn(zj):                     -nan
zj:   0.0000000000000000e+00 f(zj):   0.0000000000000000e+00 pn(zj):                     -nan
zj:   0.0000000000000000e+00 f(zj):   0.0000000000000000e+00 pn(zj):                     -nan
