  1.0000000000000000e+00   1.4199999999999999e+01
  1.0038038038038037e+00   1.4182156377515783e+01
  1.0076076076076075e+00   1.4164454746337533e+01
  1.0114114114114112e+00   1.4146894932279878e+01
  1.0152152152152150e+00   1.4129476761157443e+01
  1.0190190190190187e+00   1.4112200058784859e+01
  1.0228228228228224e+00   1.4095064650976751e+01
  1.0266266266266262e+00   1.4078070363547749e+01
  1.0304304304304299e+00   1.4061217022312480e+01
  1.0342342342342337e+00   1.4044504453085572e+01
  1.0380380380380374e+00   1.4027932481681653e+01
  1.0418418418418411e+00   1.4011500933915350e+01
  1.0456456456456449e+00   1.3995209635601292e+01
  1.0494494494494486e+00   1.3979058412554105e+01
  1.0532532532532524e+00   1.3963047090588418e+01
  1.0570570570570561e+00   1.3947175495518861e+01
  1.0608608608608598e+00   1.3931443453160059e+01
  1.0646646646646636e+00   1.3915850789326640e+01
  1.0684684684684673e+00   1.3900397329833233e+01
  1.0722722722722711e+00   1.3885082900494464e+01
  1.0760760760760748e+00   1.3869907327124963e+01
  1.0798798798798785e+00   1.3854870435539357e+01
  1.0836836836836823e+00   1.3839972051552275e+01
  1.0874874874874860e+00   1.3825212000978341e+01
  1.0912912912912898e+00   1.3810590109632189e+01
  1.0950950950950935e+00   1.3796106203328440e+01
  1.0988988988988972e+00   1.3781760107881727e+01
  1.1027027027027010e+00   1.3767551649106675e+01
  1.1065065065065047e+00   1.3753480652817915e+01
  1.1103103103103085e+00   1.3739546944830071e+01
  1.1141141141141122e+00   1.3725750350957773e+01
  1.1179179179179159e+00   1.3712090697015647e+01
  1.1217217217217197e+00   1.3698567808818323e+01
  1.1255255255255234e+00   1.3685181512180428e+01
  1.1293293293293272e+00   1.3671931632916591e+01
  1.1331331331331309e+00   1.3658817996841437e+01
  1.1369369369369347e+00   1.3645840429769597e+01
  1.1407407407407384e+00   1.3632998757515697e+01
  1.1445445445445421e+00   1.3620292805894366e+01
  1.1483483483483459e+00   1.3607722400720229e+01
  1.1521521521521496e+00   1.3595287367807916e+01
  1.1559559559559534e+00   1.3582987532972057e+01
  1.1597597597597571e+00   1.3570822722027277e+01
  1.1635635635635608e+00   1.3558792760788203e+01
  1.1673673673673646e+00   1.3546897475069464e+01
  1.1711711711711683e+00   1.3535136690685690e+01
  1.1749749749749721e+00   1.3523510233451507e+01
  1.1787787787787758e+00   1.3512017929181541e+01
  1.1825825825825795e+00   1.3500659603690423e+01
  1.1863863863863833e+00   1.3489435082792779e+01
  1.1901901901901870e+00   1.3478344192303236e+01
  1.1939939939939908e+00   1.3467386758036426e+01
  1.1977977977977945e+00   1.3456562605806972e+01
  1.2016016016015982e+00   1.3445871561429504e+01
  1.2054054054054020e+00   1.3435313450718651e+01
  1.2092092092092057e+00   1.3424888099489038e+01
  1.2130130130130095e+00   1.3414595333555296e+01
  1.2168168168168132e+00   1.3404434978732048e+01
  1.2206206206206169e+00   1.3394406860833929e+01
  1.2244244244244207e+00   1.3384510805675561e+01
  1.2282282282282244e+00   1.3374746639071573e+01
  1.2320320320320282e+00   1.3365114186836594e+01
  1.2358358358358319e+00   1.3355613274785251e+01
  1.2396396396396356e+00   1.3346243728732173e+01
  1.2434434434434394e+00   1.3337005374491987e+01
  1.2472472472472431e+00   1.3327898037879320e+01
  1.2510510510510469e+00   1.3318921544708802e+01
  1.2548548548548506e+00   1.3310075720795059e+01
  1.2586586586586543e+00   1.3301360391952720e+01
  1.2624624624624581e+00   1.3292775383996410e+01
  1.2662662662662618e+00   1.3284320522740762e+01
  1.2700700700700656e+00   1.3275995634000399e+01
  1.2738738738738693e+00   1.3267800543589951e+01
  1.2776776776776730e+00   1.3259735077324047e+01
  1.2814814814814768e+00   1.3251799061017312e+01
  1.2852852852852805e+00   1.3243992320484375e+01
  1.2890890890890843e+00   1.3236314681539866e+01
  1.2928928928928880e+00   1.3228765969998410e+01
  1.2966966966966917e+00   1.3221346011674635e+01
  1.3005005005004955e+00   1.3214054632383171e+01
  1.3043043043042992e+00   1.3206891657938643e+01
  1.3081081081081030e+00   1.3199856914155681e+01
  1.3119119119119067e+00   1.3192950226848913e+01
  1.3157157157157104e+00   1.3186171421832965e+01
  1.3195195195195142e+00   1.3179520324922466e+01
  1.3233233233233179e+00   1.3172996761932044e+01
  1.3271271271271217e+00   1.3166600558676327e+01
  1.3309309309309254e+00   1.3160331540969942e+01
  1.3347347347347291e+00   1.3154189534627516e+01
  1.3385385385385329e+00   1.3148174365463680e+01
  1.3423423423423366e+00   1.3142285859293057e+01
  1.3461461461461404e+00   1.3136523841930281e+01
  1.3499499499499441e+00   1.3130888139189976e+01
  1.3537537537537478e+00   1.3125378576886767e+01
  1.3575575575575516e+00   1.3119994980835289e+01
  1.3613613613613553e+00   1.3114737176850165e+01
  1.3651651651651591e+00   1.3109604990746023e+01
  1.3689689689689628e+00   1.3104598248337492e+01
  1.3727727727727665e+00   1.3099716775439202e+01
  1.3765765765765703e+00   1.3094960397865774e+01
  1.3803803803803740e+00   1.3090328941431844e+01
  1.3841841841841778e+00   1.3085822231952035e+01
  1.3879879879879815e+00   1.3081440095240975e+01
  1.3917917917917852e+00   1.3077182357113294e+01
  1.3955955955955890e+00   1.3073048843383619e+01
  1.3993993993993927e+00   1.3069039379866576e+01
  1.4032032032031965e+00   1.3065153792376794e+01
  1.4070070070070002e+00   1.3061391906728904e+01
  1.4108108108108040e+00   1.3057753548737528e+01
  1.4146146146146077e+00   1.3054238544217299e+01
  1.4184184184184114e+00   1.3050846718982839e+01
  1.4222222222222152e+00   1.3047577898848784e+01
  1.4260260260260189e+00   1.3044431909629754e+01
  1.4298298298298227e+00   1.3041408577140382e+01
  1.4336336336336264e+00   1.3038507727195293e+01
  1.4374374374374301e+00   1.3035729185609117e+01
  1.4412412412412339e+00   1.3033072778196480e+01
  1.4450450450450376e+00   1.3030538330772011e+01
  1.4488488488488414e+00   1.3028125669150338e+01
  1.4526526526526451e+00   1.3025834619146087e+01
  1.4564564564564488e+00   1.3023665006573887e+01
  1.4602602602602526e+00   1.3021616657248366e+01
  1.4640640640640563e+00   1.3019689396984152e+01
  1.4678678678678601e+00   1.3017883051595872e+01
  1.4716716716716638e+00   1.3016197446898156e+01
  1.4754754754754675e+00   1.3014632408705628e+01
  1.4792792792792713e+00   1.3013187762832921e+01
  1.4830830830830750e+00   1.3011863335094658e+01
  1.4868868868868788e+00   1.3010658951305468e+01
  1.4906906906906825e+00   1.3009574437279980e+01
  1.4944944944944862e+00   1.3008609618832823e+01
  1.4982982982982900e+00   1.3007764321778621e+01
  1.5021021021020937e+00   1.3007038371932007e+01
  1.5059059059058975e+00   1.3006431595107603e+01
  1.5097097097097012e+00   1.3005943817120041e+01
  1.5135135135135049e+00   1.3005574863783949e+01
  1.5173173173173087e+00   1.3005324560913952e+01
  1.5211211211211124e+00   1.3005192734324680e+01
  1.5249249249249162e+00   1.3005179209830759e+01
  1.5287287287287199e+00   1.3005283813246818e+01
  1.5325325325325236e+00   1.3005506370387486e+01
  1.5363363363363274e+00   1.3005846707067390e+01
  1.5401401401401311e+00   1.3006304649101157e+01
  1.5439439439439349e+00   1.3006880022303415e+01
  1.5477477477477386e+00   1.3007572652488792e+01
  1.5515515515515423e+00   1.3008382365471915e+01
  1.5553553553553461e+00   1.3009308987067415e+01
  1.5591591591591498e+00   1.3010352343089917e+01
  1.5629629629629536e+00   1.3011512259354049e+01
  1.5667667667667573e+00   1.3012788561674439e+01
  1.5705705705705610e+00   1.3014181075865716e+01
  1.5743743743743648e+00   1.3015689627742509e+01
  1.5781781781781685e+00   1.3017314043119441e+01
  1.5819819819819723e+00   1.3019054147811143e+01
  1.5857857857857760e+00   1.3020909767632244e+01
  1.5895895895895797e+00   1.3022880728397370e+01
  1.5933933933933835e+00   1.3024966855921148e+01
  1.5971971971971872e+00   1.3027167976018209e+01
  1.6010010010009910e+00   1.3029483914503178e+01
  1.6048048048047947e+00   1.3031914497190684e+01
  1.6086086086085984e+00   1.3034459549895354e+01
  1.6124124124124022e+00   1.3037118898431817e+01
  1.6162162162162059e+00   1.3039892368614701e+01
  1.6200200200200097e+00   1.3042779786258631e+01
  1.6238238238238134e+00   1.3045780977178239e+01
  1.6276276276276171e+00   1.3048895767188149e+01
  1.6314314314314209e+00   1.3052123982102993e+01
  1.6352352352352246e+00   1.3055465447737395e+01
  1.6390390390390284e+00   1.3058919989905984e+01
  1.6428428428428321e+00   1.3062487434423389e+01
  1.6466466466466358e+00   1.3066167607104237e+01
  1.6504504504504396e+00   1.3069960333763156e+01
  1.6542542542542433e+00   1.3073865440214773e+01
  1.6580580580580471e+00   1.3077882752273718e+01
  1.6618618618618508e+00   1.3082012095754616e+01
  1.6656656656656545e+00   1.3086253296472096e+01
  1.6694694694694583e+00   1.3090606180240787e+01
  1.6732732732732620e+00   1.3095070572875315e+01
  1.6770770770770658e+00   1.3099646300190308e+01
  1.6808808808808695e+00   1.3104333188000396e+01
  1.6846846846846733e+00   1.3109131062120206e+01
  1.6884884884884770e+00   1.3114039748364364e+01
  1.6922922922922807e+00   1.3119059072547499e+01
  1.6960960960960845e+00   1.3124188860484239e+01
  1.6998998998998882e+00   1.3129428937989212e+01
  1.7037037037036920e+00   1.3134779130877046e+01
  1.7075075075074957e+00   1.3140239264962368e+01
  1.7113113113112994e+00   1.3145809166059806e+01
  1.7151151151151032e+00   1.3151488659983990e+01
  1.7189189189189069e+00   1.3157277572549544e+01
  1.7227227227227107e+00   1.3163175729571098e+01
  1.7265265265265144e+00   1.3169182956863279e+01
  1.7303303303303181e+00   1.3175299080240716e+01
  1.7341341341341219e+00   1.3181523925518038e+01
  1.7379379379379256e+00   1.3187857318509868e+01
  1.7417417417417294e+00   1.3194299085030840e+01
  1.7455455455455331e+00   1.3200849050895577e+01
  1.7493493493493368e+00   1.3207507041918710e+01
  1.7531531531531406e+00   1.3214272883914864e+01
  1.7569569569569443e+00   1.3221146402698670e+01
  1.7607607607607481e+00   1.3228127424084754e+01
  1.7645645645645518e+00   1.3235215773887742e+01
  1.7683683683683555e+00   1.3242411277922265e+01
  1.7721721721721593e+00   1.3249713762002951e+01
  1.7759759759759630e+00   1.3257123051944424e+01
  1.7797797797797668e+00   1.3264638973561317e+01
  1.7835835835835705e+00   1.3272261352668254e+01
  1.7873873873873742e+00   1.3279990015079864e+01
  1.7911911911911780e+00   1.3287824786610775e+01
  1.7949949949949817e+00   1.3295765493075615e+01
  1.7987987987987855e+00   1.3303811960289011e+01
  1.8026026026025892e+00   1.3311964014065591e+01
  1.8064064064063929e+00   1.3320221480219985e+01
  1.8102102102101967e+00   1.3328584184566818e+01
  1.8140140140140004e+00   1.3337051952920719e+01
  1.8178178178178042e+00   1.3345624611096316e+01
  1.8216216216216079e+00   1.3354301984908236e+01
  1.8254254254254116e+00   1.3363083900171107e+01
  1.8292292292292154e+00   1.3371970182699560e+01
  1.8330330330330191e+00   1.3380960658308217e+01
  1.8368368368368229e+00   1.3390055152811710e+01
  1.8406406406406266e+00   1.3399253492024666e+01
  1.8444444444444303e+00   1.3408555501761713e+01
  1.8482482482482341e+00   1.3417961007837478e+01
  1.8520520520520378e+00   1.3427469836066589e+01
  1.8558558558558416e+00   1.3437081812263676e+01
  1.8596596596596453e+00   1.3446796762243363e+01
  1.8634634634634490e+00   1.3456614511820280e+01
  1.8672672672672528e+00   1.3466534886809056e+01
  1.8710710710710565e+00   1.3476557713024317e+01
  1.8748748748748603e+00   1.3486682816280691e+01
  1.8786786786786640e+00   1.3496910022392806e+01
  1.8824824824824677e+00   1.3507239157175290e+01
  1.8862862862862715e+00   1.3517670046442770e+01
  1.8900900900900752e+00   1.3528202516009877e+01
  1.8938938938938790e+00   1.3538836391691236e+01
  1.8976976976976827e+00   1.3549571499301475e+01
  1.9015015015014864e+00   1.3560407664655221e+01
  1.9053053053052902e+00   1.3571344713567104e+01
  1.9091091091090939e+00   1.3582382471851751e+01
  1.9129129129128977e+00   1.3593520765323790e+01
  1.9167167167167014e+00   1.3604759419797849e+01
  1.9205205205205051e+00   1.3616098261088554e+01
  1.9243243243243089e+00   1.3627537115010536e+01
  1.9281281281281126e+00   1.3639075807378420e+01
  1.9319319319319164e+00   1.3650714164006835e+01
  1.9357357357357201e+00   1.3662452010710409e+01
  1.9395395395395238e+00   1.3674289173303769e+01
  1.9433433433433276e+00   1.3686225477601544e+01
  1.9471471471471313e+00   1.3698260749418361e+01
  1.9509509509509351e+00   1.3710394814568849e+01
  1.9547547547547388e+00   1.3722627498867634e+01
  1.9585585585585426e+00   1.3734958628129347e+01
  1.9623623623623463e+00   1.3747388028168611e+01
  1.9661661661661500e+00   1.3759915524800057e+01
  1.9699699699699538e+00   1.3772540943838314e+01
  1.9737737737737575e+00   1.3785264111098007e+01
  1.9775775775775613e+00   1.3798084852393766e+01
  1.9813813813813650e+00   1.3811002993540216e+01
  1.9851851851851687e+00   1.3824018360351987e+01
  1.9889889889889725e+00   1.3837130778643708e+01
  1.9927927927927762e+00   1.3850340074230003e+01
  1.9965965965965800e+00   1.3863646072925505e+01
  2.0004004004003839e+00   1.3877048600544837e+01
  2.0042042042041879e+00   1.3890547482902631e+01
  2.0080080080079918e+00   1.3904142545813512e+01
  2.0118118118117958e+00   1.3917833615092109e+01
  2.0156156156155998e+00   1.3931620516553050e+01
  2.0194194194194037e+00   1.3945503076010962e+01
  2.0232232232232077e+00   1.3959481119280472e+01
  2.0270270270270117e+00   1.3973554472176209e+01
  2.0308308308308156e+00   1.3987722960512802e+01
  2.0346346346346196e+00   1.4001986410104877e+01
  2.0384384384384235e+00   1.4016344646767061e+01
  2.0422422422422275e+00   1.4030797496313985e+01
  2.0460460460460315e+00   1.4045344784560275e+01
  2.0498498498498354e+00   1.4059986337320558e+01
  2.0536536536536394e+00   1.4074721980409464e+01
  2.0574574574574434e+00   1.4089551539641619e+01
  2.0612612612612473e+00   1.4104474840831651e+01
  2.0650650650650513e+00   1.4119491709794190e+01
  2.0688688688688552e+00   1.4134601972343861e+01
  2.0726726726726592e+00   1.4149805454295294e+01
  2.0764764764764632e+00   1.4165101981463113e+01
  2.0802802802802671e+00   1.4180491379661952e+01
  2.0840840840840711e+00   1.4195973474706435e+01
  2.0878878878878750e+00   1.4211548092411189e+01
  2.0916916916916790e+00   1.4227215058590843e+01
  2.0954954954954830e+00   1.4242974199060027e+01
  2.0992992992992869e+00   1.4258825339633365e+01
  2.1031031031030909e+00   1.4274768306125488e+01
  2.1069069069068949e+00   1.4290802924351022e+01
  2.1107107107106988e+00   1.4306929020124596e+01
  2.1145145145145028e+00   1.4323146419260835e+01
  2.1183183183183067e+00   1.4339454947574371e+01
  2.1221221221221107e+00   1.4355854430879830e+01
  2.1259259259259147e+00   1.4372344694991840e+01
  2.1297297297297186e+00   1.4388925565725028e+01
  2.1335335335335226e+00   1.4405596868894023e+01
  2.1373373373373266e+00   1.4422358430313452e+01
  2.1411411411411305e+00   1.4439210075797941e+01
  2.1449449449449345e+00   1.4456151631162122e+01
  2.1487487487487384e+00   1.4473182922220621e+01
  2.1525525525525424e+00   1.4490303774788066e+01
  2.1563563563563464e+00   1.4507514014679083e+01
  2.1601601601601503e+00   1.4524813467708302e+01
  2.1639639639639543e+00   1.4542201959690351e+01
  2.1677677677677583e+00   1.4559679316439855e+01
  2.1715715715715622e+00   1.4577245363771445e+01
  2.1753753753753662e+00   1.4594899927499748e+01
  2.1791791791791701e+00   1.4612642833439391e+01
  2.1829829829829741e+00   1.4630473907405001e+01
  2.1867867867867781e+00   1.4648392975211209e+01
  2.1905905905905820e+00   1.4666399862672641e+01
  2.1943943943943860e+00   1.4684494395603926e+01
  2.1981981981981900e+00   1.4702676399819689e+01
  2.2020020020019939e+00   1.4720945701134559e+01
  2.2058058058057979e+00   1.4739302125363166e+01
  2.2096096096096018e+00   1.4757745498320133e+01
  2.2134134134134058e+00   1.4776275645820094e+01
  2.2172172172172098e+00   1.4794892393677674e+01
  2.2210210210210137e+00   1.4813595567707500e+01
  2.2248248248248177e+00   1.4832384993724201e+01
  2.2286286286286217e+00   1.4851260497542404e+01
  2.2324324324324256e+00   1.4870221904976736e+01
  2.2362362362362296e+00   1.4889269041841828e+01
  2.2400400400400335e+00   1.4908401733952307e+01
  2.2438438438438375e+00   1.4927619807122797e+01
  2.2476476476476415e+00   1.4946923087167930e+01
  2.2514514514514454e+00   1.4966311399902331e+01
  2.2552552552552494e+00   1.4985784571140631e+01
  2.2590590590590534e+00   1.5005342426697455e+01
  2.2628628628628573e+00   1.5024984792387434e+01
  2.2666666666666613e+00   1.5044711494025192e+01
  2.2704704704704652e+00   1.5064522357425359e+01
  2.2742742742742692e+00   1.5084417208402561e+01
  2.2780780780780732e+00   1.5104395872771430e+01
  2.2818818818818771e+00   1.5124458176346590e+01
  2.2856856856856811e+00   1.5144603944942670e+01
  2.2894894894894851e+00   1.5164833004374298e+01
  2.2932932932932890e+00   1.5185145180456100e+01
  2.2970970970970930e+00   1.5205540299002708e+01
  2.3009009009008969e+00   1.5226018185828746e+01
  2.3047047047047009e+00   1.5246578666748844e+01
  2.3085085085085049e+00   1.5267221567577629e+01
  2.3123123123123088e+00   1.5287946714129728e+01
  2.3161161161161128e+00   1.5308753932219769e+01
  2.3199199199199168e+00   1.5329643047662383e+01
  2.3237237237237207e+00   1.5350613886272193e+01
  2.3275275275275247e+00   1.5371666273863831e+01
  2.3313313313313286e+00   1.5392800036251922e+01
  2.3351351351351326e+00   1.5414014999251096e+01
  2.3389389389389366e+00   1.5435310988675978e+01
  2.3427427427427405e+00   1.5456687830341199e+01
  2.3465465465465445e+00   1.5478145350061386e+01
  2.3503503503503484e+00   1.5499683373651164e+01
  2.3541541541541524e+00   1.5521301726925165e+01
  2.3579579579579564e+00   1.5543000235698015e+01
  2.3617617617617603e+00   1.5564778725784340e+01
  2.3655655655655643e+00   1.5586637022998771e+01
  2.3693693693693683e+00   1.5608574953155934e+01
  2.3731731731731722e+00   1.5630592342070457e+01
  2.3769769769769762e+00   1.5652689015556970e+01
  2.3807807807807801e+00   1.5674864799430097e+01
  2.3845845845845841e+00   1.5697119519504469e+01
  2.3883883883883881e+00   1.5719453001594712e+01
  2.3921921921921920e+00   1.5741865071515456e+01
  2.3959959959959960e+00   1.5764355555081325e+01
  2.3997997997998000e+00   1.5786924278106950e+01
  2.4036036036036039e+00   1.5809571066406958e+01
  2.4074074074074079e+00   1.5832295745795976e+01
  2.4112112112112118e+00   1.5855098142088634e+01
  2.4150150150150158e+00   1.5877978081099560e+01
  2.4188188188188198e+00   1.5900935388643378e+01
  2.4226226226226237e+00   1.5923969890534718e+01
  2.4264264264264277e+00   1.5947081412588210e+01
  2.4302302302302317e+00   1.5970269780618478e+01
  2.4340340340340356e+00   1.5993534820440152e+01
  2.4378378378378396e+00   1.6016876357867861e+01
  2.4416416416416435e+00   1.6040294218716230e+01
  2.4454454454454475e+00   1.6063788228799890e+01
  2.4492492492492515e+00   1.6087358213933463e+01
  2.4530530530530554e+00   1.6111003999931587e+01
  2.4568568568568594e+00   1.6134725412608880e+01
  2.4606606606606634e+00   1.6158522277779973e+01
  2.4644644644644673e+00   1.6182394421259495e+01
  2.4682682682682713e+00   1.6206341668862073e+01
  2.4720720720720752e+00   1.6230363846402337e+01
  2.4758758758758792e+00   1.6254460779694913e+01
  2.4796796796796832e+00   1.6278632294554427e+01
  2.4834834834834871e+00   1.6302878216795509e+01
  2.4872872872872911e+00   1.6327198372232786e+01
  2.4910910910910951e+00   1.6351592586680887e+01
  2.4948948948948990e+00   1.6376060685954439e+01
  2.4986986986987030e+00   1.6400602495868071e+01
  2.5025025025025069e+00   1.6425217842236410e+01
  2.5063063063063109e+00   1.6449906550874083e+01
  2.5101101101101149e+00   1.6474668447595718e+01
  2.5139139139139188e+00   1.6499503358215943e+01
  2.5177177177177228e+00   1.6524411108549387e+01
  2.5215215215215268e+00   1.6549391524410677e+01
  2.5253253253253307e+00   1.6574444431614442e+01
  2.5291291291291347e+00   1.6599569655975305e+01
  2.5329329329329386e+00   1.6624767023307900e+01
  2.5367367367367426e+00   1.6650036359426853e+01
  2.5405405405405466e+00   1.6675377490146790e+01
  2.5443443443443505e+00   1.6700790241282341e+01
  2.5481481481481545e+00   1.6726274438648133e+01
  2.5519519519519585e+00   1.6751829908058792e+01
  2.5557557557557624e+00   1.6777456475328950e+01
  2.5595595595595664e+00   1.6803153966273232e+01
  2.5633633633633703e+00   1.6828922206706263e+01
  2.5671671671671743e+00   1.6854761022442677e+01
  2.5709709709709783e+00   1.6880670239297100e+01
  2.5747747747747822e+00   1.6906649683084158e+01
  2.5785785785785862e+00   1.6932699179618478e+01
  2.5823823823823902e+00   1.6958818554714689e+01
  2.5861861861861941e+00   1.6985007634187422e+01
  2.5899899899899981e+00   1.7011266243851299e+01
  2.5937937937938020e+00   1.7037594209520954e+01
  2.5975975975976060e+00   1.7063991357011012e+01
  2.6014014014014100e+00   1.7090457512136098e+01
  2.6052052052052139e+00   1.7116992500710843e+01
  2.6090090090090179e+00   1.7143596148549875e+01
  2.6128128128128218e+00   1.7170268281467823e+01
  2.6166166166166258e+00   1.7197008725279311e+01
  2.6204204204204298e+00   1.7223817305798967e+01
  2.6242242242242337e+00   1.7250693848841426e+01
  2.6280280280280377e+00   1.7277638180221306e+01
  2.6318318318318417e+00   1.7304650125753241e+01
  2.6356356356356456e+00   1.7331729511251854e+01
  2.6394394394394496e+00   1.7358876162531782e+01
  2.6432432432432535e+00   1.7386089905407644e+01
  2.6470470470470575e+00   1.7413370565694070e+01
  2.6508508508508615e+00   1.7440717969205689e+01
  2.6546546546546654e+00   1.7468131941757129e+01
  2.6584584584584694e+00   1.7495612309163015e+01
  2.6622622622622734e+00   1.7523158897237980e+01
  2.6660660660660773e+00   1.7550771531796649e+01
  2.6698698698698813e+00   1.7578450038653646e+01
  2.6736736736736852e+00   1.7606194243623605e+01
  2.6774774774774892e+00   1.7634003972521153e+01
  2.6812812812812932e+00   1.7661879051160913e+01
  2.6850850850850971e+00   1.7689819305357517e+01
  2.6888888888889011e+00   1.7717824560925592e+01
  2.6926926926927051e+00   1.7745894643679769e+01
  2.6964964964965090e+00   1.7774029379434669e+01
  2.7003003003003130e+00   1.7802228594004927e+01
  2.7041041041041169e+00   1.7830492113205164e+01
  2.7079079079079209e+00   1.7858819762850011e+01
  2.7117117117117249e+00   1.7887211368754098e+01
  2.7155155155155288e+00   1.7915666756732051e+01
  2.7193193193193328e+00   1.7944185752598496e+01
  2.7231231231231368e+00   1.7972768182168060e+01
  2.7269269269269407e+00   1.8001413871255380e+01
  2.7307307307307447e+00   1.8030122645675071e+01
  2.7345345345345486e+00   1.8058894331241770e+01
  2.7383383383383526e+00   1.8087728753770101e+01
  2.7421421421421566e+00   1.8116625739074696e+01
  2.7459459459459605e+00   1.8145585112970174e+01
  2.7497497497497645e+00   1.8174606701271173e+01
  2.7535535535535685e+00   1.8203690329792316e+01
  2.7573573573573724e+00   1.8232835824348228e+01
  2.7611611611611764e+00   1.8262043010753541e+01
  2.7649649649649803e+00   1.8291311714822882e+01
  2.7687687687687843e+00   1.8320641762370879e+01
  2.7725725725725883e+00   1.8350032979212159e+01
  2.7763763763763922e+00   1.8379485191161351e+01
  2.7801801801801962e+00   1.8408998224033081e+01
  2.7839839839840002e+00   1.8438571903641979e+01
  2.7877877877878041e+00   1.8468206055802668e+01
  2.7915915915916081e+00   1.8497900506329785e+01
  2.7953953953954120e+00   1.8527655081037949e+01
  2.7991991991992160e+00   1.8557469605741794e+01
  2.8030030030030200e+00   1.8587343906255942e+01
  2.8068068068068239e+00   1.8617277808395023e+01
  2.8106106106106279e+00   1.8647271137973672e+01
  2.8144144144144319e+00   1.8677323720806505e+01
  2.8182182182182358e+00   1.8707435382708159e+01
  2.8220220220220398e+00   1.8737605949493258e+01
  2.8258258258258437e+00   1.8767835246976425e+01
  2.8296296296296477e+00   1.8798123100972298e+01
  2.8334334334334517e+00   1.8828469337295498e+01
  2.8372372372372556e+00   1.8858873781760657e+01
  2.8410410410410596e+00   1.8889336260182397e+01
  2.8448448448448636e+00   1.8919856598375354e+01
  2.8486486486486675e+00   1.8950434622154148e+01
  2.8524524524524715e+00   1.8981070157333409e+01
  2.8562562562562754e+00   1.9011763029727767e+01
  2.8600600600600794e+00   1.9042513065151851e+01
  2.8638638638638834e+00   1.9073320089420285e+01
  2.8676676676676873e+00   1.9104183928347698e+01
  2.8714714714714913e+00   1.9135104407748717e+01
  2.8752752752752953e+00   1.9166081353437974e+01
  2.8790790790790992e+00   1.9197114591230090e+01
  2.8828828828829032e+00   1.9228203946939701e+01
  2.8866866866867071e+00   1.9259349246381426e+01
  2.8904904904905111e+00   1.9290550315369902e+01
  2.8942942942943151e+00   1.9321806979719749e+01
  2.8980980980981190e+00   1.9353119065245600e+01
  2.9019019019019230e+00   1.9384486397762082e+01
  2.9057057057057269e+00   1.9415908803083816e+01
  2.9095095095095309e+00   1.9447386107025441e+01
  2.9133133133133349e+00   1.9478918135401578e+01
  2.9171171171171388e+00   1.9510504714026858e+01
  2.9209209209209428e+00   1.9542145668715904e+01
  2.9247247247247468e+00   1.9573840825283348e+01
  2.9285285285285507e+00   1.9605590009543818e+01
  2.9323323323323547e+00   1.9637393047311939e+01
  2.9361361361361586e+00   1.9669249764402345e+01
  2.9399399399399626e+00   1.9701159986629655e+01
  2.9437437437437666e+00   1.9733123539808503e+01
  2.9475475475475705e+00   1.9765140249753511e+01
  2.9513513513513745e+00   1.9797209942279316e+01
  2.9551551551551785e+00   1.9829332443200538e+01
  2.9589589589589824e+00   1.9861507578331807e+01
  2.9627627627627864e+00   1.9893735173487755e+01
  2.9665665665665903e+00   1.9926015054483003e+01
  2.9703703703703943e+00   1.9958347047132182e+01
  2.9741741741741983e+00   1.9990730977249921e+01
  2.9779779779780022e+00   2.0023166670650845e+01
  2.9817817817818062e+00   2.0055653953149587e+01
  2.9855855855856102e+00   2.0088192650560767e+01
  2.9893893893894141e+00   2.0120782588699022e+01
  2.9931931931932181e+00   2.0153423593378971e+01
  2.9969969969970220e+00   2.0186115490415247e+01
  3.0008008008008260e+00   2.0218858105622477e+01
  3.0046046046046300e+00   2.0251651264815290e+01
  3.0084084084084339e+00   2.0284494793808310e+01
  3.0122122122122379e+00   2.0317388518416170e+01
  3.0160160160160419e+00   2.0350332264453492e+01
  3.0198198198198458e+00   2.0383325857734910e+01
  3.0236236236236498e+00   2.0416369124075047e+01
  3.0274274274274537e+00   2.0449461889288536e+01
  3.0312312312312577e+00   2.0482603979189996e+01
  3.0350350350350617e+00   2.0515795219594064e+01
  3.0388388388388656e+00   2.0549035436315364e+01
  3.0426426426426696e+00   2.0582324455168521e+01
  3.0464464464464736e+00   2.0615662101968169e+01
  3.0502502502502775e+00   2.0649048202528931e+01
  3.0540540540540815e+00   2.0682482582665436e+01
  3.0578578578578854e+00   2.0715965068192315e+01
  3.0616616616616894e+00   2.0749495484924189e+01
  3.0654654654654934e+00   2.0783073658675697e+01
  3.0692692692692973e+00   2.0816699415261454e+01
  3.0730730730731013e+00   2.0850372580496096e+01
  3.0768768768769053e+00   2.0884092980194247e+01
  3.0806806806807092e+00   2.0917860440170536e+01
  3.0844844844845132e+00   2.0951674786239593e+01
  3.0882882882883171e+00   2.0985535844216045e+01
  3.0920920920921211e+00   2.1019443439914518e+01
  3.0958958958959251e+00   2.1053397399149638e+01
  3.0996996996997290e+00   2.1087397547736039e+01
  3.1035035035035330e+00   2.1121443711488343e+01
  3.1073073073073370e+00   2.1155535716221181e+01
  3.1111111111111409e+00   2.1189673387749181e+01
  3.1149149149149449e+00   2.1223856551886968e+01
  3.1187187187187488e+00   2.1258085034449174e+01
  3.1225225225225528e+00   2.1292358661250425e+01
  3.1263263263263568e+00   2.1326677258105345e+01
  3.1301301301301607e+00   2.1361040650828567e+01
  3.1339339339339647e+00   2.1395448665234717e+01
  3.1377377377377687e+00   2.1429901127138425e+01
  3.1415415415415726e+00   2.1464397862354318e+01
  3.1453453453453766e+00   2.1498938696697017e+01
  3.1491491491491805e+00   2.1533523455981161e+01
  3.1529529529529845e+00   2.1568151966021368e+01
  3.1567567567567885e+00   2.1602824052632272e+01
  3.1605605605605924e+00   2.1637539541628499e+01
  3.1643643643643964e+00   2.1672298258824675e+01
  3.1681681681682003e+00   2.1707100030035434e+01
  3.1719719719720043e+00   2.1741944681075395e+01
  3.1757757757758083e+00   2.1776832037759192e+01
  3.1795795795796122e+00   2.1811761925901454e+01
  3.1833833833834162e+00   2.1846734171316804e+01
  3.1871871871872202e+00   2.1881748599819872e+01
  3.1909909909910241e+00   2.1916805037225284e+01
  3.1947947947948281e+00   2.1951903309347671e+01
  3.1985985985986320e+00   2.1987043242001658e+01
  3.2024024024024360e+00   2.2022224661001879e+01
  3.2062062062062400e+00   2.2057447392162949e+01
  3.2100100100100439e+00   2.2092711261299510e+01
  3.2138138138138479e+00   2.2128016094226183e+01
  3.2176176176176519e+00   2.2163361716757596e+01
  3.2214214214214558e+00   2.2198747954708377e+01
  3.2252252252252598e+00   2.2234174633893154e+01
  3.2290290290290637e+00   2.2269641580126553e+01
  3.2328328328328677e+00   2.2305148619223210e+01
  3.2366366366366717e+00   2.2340695576997742e+01
  3.2404404404404756e+00   2.2376282279264785e+01
  3.2442442442442796e+00   2.2411908551838959e+01
  3.2480480480480836e+00   2.2447574220534900e+01
  3.2518518518518875e+00   2.2483279111167228e+01
  3.2556556556556915e+00   2.2519023049550579e+01
  3.2594594594594954e+00   2.2554805861499577e+01
  3.2632632632632994e+00   2.2590627372828848e+01
  3.2670670670671034e+00   2.2626487409353022e+01
  3.2708708708709073e+00   2.2662385796886724e+01
  3.2746746746747113e+00   2.2698322361244589e+01
  3.2784784784785153e+00   2.2734296928241235e+01
  3.2822822822823192e+00   2.2770309323691301e+01
  3.2860860860861232e+00   2.2806359373409403e+01
  3.2898898898899271e+00   2.2842446903210174e+01
  3.2936936936937311e+00   2.2878571738908249e+01
  3.2974974974975351e+00   2.2914733706318245e+01
  3.3013013013013390e+00   2.2950932631254794e+01
  3.3051051051051430e+00   2.2987168339532523e+01
  3.3089089089089470e+00   2.3023440656966059e+01
  3.3127127127127509e+00   2.3059749409370035e+01
  3.3165165165165549e+00   2.3096094422559077e+01
  3.3203203203203588e+00   2.3132475522347811e+01
  3.3241241241241628e+00   2.3168892534550860e+01
  3.3279279279279668e+00   2.3205345284982862e+01
  3.3317317317317707e+00   2.3241833599458435e+01
  3.3355355355355747e+00   2.3278357303792216e+01
  3.3393393393393787e+00   2.3314916223798825e+01
  3.3431431431431826e+00   2.3351510185292895e+01
  3.3469469469469866e+00   2.3388139014089052e+01
  3.3507507507507905e+00   2.3424802536001927e+01
  3.3545545545545945e+00   2.3461500576846142e+01
  3.3583583583583985e+00   2.3498232962436326e+01
  3.3621621621622024e+00   2.3534999518587110e+01
  3.3659659659660064e+00   2.3571800071113120e+01
  3.3697697697698104e+00   2.3608634445828983e+01
  3.3735735735736143e+00   2.3645502468549331e+01
  3.3773773773774183e+00   2.3682403965088788e+01
  3.3811811811812222e+00   2.3719338761261980e+01
  3.3849849849850262e+00   2.3756306682883540e+01
  3.3887887887888302e+00   2.3793307555768095e+01
  3.3925925925926341e+00   2.3830341205730271e+01
  3.3963963963964381e+00   2.3867407458584694e+01
  3.4002002002002421e+00   2.3904506140145990e+01
  3.4040040040040460e+00   2.3941637076228798e+01
  3.4078078078078500e+00   2.3978800092647734e+01
  3.4116116116116539e+00   2.4015995015217431e+01
  3.4154154154154579e+00   2.4053221669752517e+01
  3.4192192192192619e+00   2.4090479882067619e+01
  3.4230230230230658e+00   2.4127769477977363e+01
  3.4268268268268698e+00   2.4165090283296379e+01
  3.4306306306306737e+00   2.4202442123839297e+01
  3.4344344344344777e+00   2.4239824825420744e+01
  3.4382382382382817e+00   2.4277238213855348e+01
  3.4420420420420856e+00   2.4314682114957726e+01
  3.4458458458458896e+00   2.4352156354542522e+01
  3.4496496496496936e+00   2.4389660758424355e+01
  3.4534534534534975e+00   2.4427195152417852e+01
  3.4572572572573015e+00   2.4464759362337645e+01
  3.4610610610611054e+00   2.4502353213998362e+01
  3.4648648648649094e+00   2.4539976533214631e+01
  3.4686686686687134e+00   2.4577629145801076e+01
  3.4724724724725173e+00   2.4615310877572323e+01
  3.4762762762763213e+00   2.4653021554343006e+01
  3.4800800800801253e+00   2.4690761001927754e+01
  3.4838838838839292e+00   2.4728529046141187e+01
  3.4876876876877332e+00   2.4766325512797938e+01
  3.4914914914915371e+00   2.4804150227712636e+01
  3.4952952952953411e+00   2.4842003016699906e+01
  3.4990990990991451e+00   2.4879883705574375e+01
  3.5029029029029490e+00   2.4917792120150672e+01
  3.5067067067067530e+00   2.4955728086243425e+01
  3.5105105105105570e+00   2.4993691429667265e+01
  3.5143143143143609e+00   2.5031681976236818e+01
  3.5181181181181649e+00   2.5069699551766710e+01
  3.5219219219219688e+00   2.5107743982071568e+01
  3.5257257257257728e+00   2.5145815092966025e+01
  3.5295295295295768e+00   2.5183912710264700e+01
  3.5333333333333807e+00   2.5222036659782230e+01
  3.5371371371371847e+00   2.5260186767333238e+01
  3.5409409409409887e+00   2.5298362858732354e+01
  3.5447447447447926e+00   2.5336564759794204e+01
  3.5485485485485966e+00   2.5374792296333418e+01
  3.5523523523524005e+00   2.5413045294164618e+01
  3.5561561561562045e+00   2.5451323579102443e+01
  3.5599599599600085e+00   2.5489626976961510e+01
  3.5637637637638124e+00   2.5527955313556447e+01
  3.5675675675676164e+00   2.5566308414701894e+01
  3.5713713713714204e+00   2.5604686106212466e+01
  3.5751751751752243e+00   2.5643088213902793e+01
  3.5789789789790283e+00   2.5681514563587509e+01
  3.5827827827828322e+00   2.5719964981081240e+01
  3.5865865865866362e+00   2.5758439292198609e+01
  3.5903903903904402e+00   2.5796937322754246e+01
  3.5941941941942441e+00   2.5835458898562784e+01
  3.5979979979980481e+00   2.5874003845438843e+01
  3.6018018018018521e+00   2.5912571989197055e+01
  3.6056056056056560e+00   2.5951163155652047e+01
  3.6094094094094600e+00   2.5989777170618446e+01
  3.6132132132132639e+00   2.6028413859910884e+01
  3.6170170170170679e+00   2.6067073049343982e+01
  3.6208208208208719e+00   2.6105754564732372e+01
  3.6246246246246758e+00   2.6144458231890685e+01
  3.6284284284284798e+00   2.6183183876633542e+01
  3.6322322322322838e+00   2.6221931324775575e+01
  3.6360360360360877e+00   2.6260700402131413e+01
  3.6398398398398917e+00   2.6299490934515681e+01
  3.6436436436436956e+00   2.6338302747743001e+01
  3.6474474474474996e+00   2.6377135667628011e+01
  3.6512512512513036e+00   2.6415989519985338e+01
  3.6550550550551075e+00   2.6454864130629609e+01
  3.6588588588589115e+00   2.6493759325375446e+01
  3.6626626626627155e+00   2.6532674930037484e+01
  3.6664664664665194e+00   2.6571610770430340e+01
  3.6702702702703234e+00   2.6610566672368659e+01
  3.6740740740741273e+00   2.6649542461667053e+01
  3.6778778778779313e+00   2.6688537964140160e+01
  3.6816816816817353e+00   2.6727553005602601e+01
  3.6854854854855392e+00   2.6766587411869008e+01
  3.6892892892893432e+00   2.6805641008754009e+01
  3.6930930930931472e+00   2.6844713622072227e+01
  3.6968968968969511e+00   2.6883805077638296e+01
  3.7007007007007551e+00   2.6922915201266839e+01
  3.7045045045045590e+00   2.6962043818772486e+01
  3.7083083083083630e+00   2.7001190755969869e+01
  3.7121121121121670e+00   2.7040355838673612e+01
  3.7159159159159709e+00   2.7079538892698338e+01
  3.7197197197197749e+00   2.7118739743858679e+01
  3.7235235235235788e+00   2.7157958217969266e+01
  3.7273273273273828e+00   2.7197194140844722e+01
  3.7311311311311868e+00   2.7236447338299676e+01
  3.7349349349349907e+00   2.7275717636148762e+01
  3.7387387387387947e+00   2.7315004860206599e+01
  3.7425425425425987e+00   2.7354308836287814e+01
  3.7463463463464026e+00   2.7393629390207050e+01
  3.7501501501502066e+00   2.7432966347778915e+01
  3.7539539539540105e+00   2.7472319534818048e+01
  3.7577577577578145e+00   2.7511688777139078e+01
  3.7615615615616185e+00   2.7551073900556627e+01
  3.7653653653654224e+00   2.7590474730885326e+01
  3.7691691691692264e+00   2.7629891093939801e+01
  3.7729729729730304e+00   2.7669322815534684e+01
  3.7767767767768343e+00   2.7708769721484597e+01
  3.7805805805806383e+00   2.7748231637604171e+01
  3.7843843843844422e+00   2.7787708389708037e+01
  3.7881881881882462e+00   2.7827199803610817e+01
  3.7919919919920502e+00   2.7866705705127139e+01
  3.7957957957958541e+00   2.7906225920071634e+01
  3.7995995995996581e+00   2.7945760274258930e+01
  3.8034034034034621e+00   2.7985308593503657e+01
  3.8072072072072660e+00   2.8024870703620437e+01
  3.8110110110110700e+00   2.8064446430423896e+01
  3.8148148148148739e+00   2.8104035599728672e+01
  3.8186186186186779e+00   2.8143638037349390e+01
  3.8224224224224819e+00   2.8183253569100664e+01
  3.8262262262262858e+00   2.8222882020797144e+01
  3.8300300300300898e+00   2.8262523218253442e+01
  3.8338338338338938e+00   2.8302176987284192e+01
  3.8376376376376977e+00   2.8341843153704019e+01
  3.8414414414415017e+00   2.8381521543327551e+01
  3.8452452452453056e+00   2.8421211981969421e+01
  3.8490490490491096e+00   2.8460914295444248e+01
  3.8528528528529136e+00   2.8500628309566668e+01
  3.8566566566567175e+00   2.8540353850151305e+01
  3.8604604604605215e+00   2.8580090743012789e+01
  3.8642642642643255e+00   2.8619838813965742e+01
  3.8680680680681294e+00   2.8659597888824798e+01
  3.8718718718719334e+00   2.8699367793404583e+01
  3.8756756756757373e+00   2.8739148353519724e+01
  3.8794794794795413e+00   2.8778939394984853e+01
  3.8832832832833453e+00   2.8818740743614590e+01
  3.8870870870871492e+00   2.8858552225223573e+01
  3.8908908908909532e+00   2.8898373665626416e+01
  3.8946946946947572e+00   2.8938204890637763e+01
  3.8984984984985611e+00   2.8978045726072232e+01
  3.9023023023023651e+00   2.9017895997744446e+01
  3.9061061061061690e+00   2.9057755531469049e+01
  3.9099099099099730e+00   2.9097624153060657e+01
  3.9137137137137770e+00   2.9137501688333892e+01
  3.9175175175175809e+00   2.9177387963103396e+01
  3.9213213213213849e+00   2.9217282803183792e+01
  3.9251251251251889e+00   2.9257186034389704e+01
  3.9289289289289928e+00   2.9297097482535769e+01
  3.9327327327327968e+00   2.9337016973436601e+01
  3.9365365365366007e+00   2.9376944332906838e+01
  3.9403403403404047e+00   2.9416879386761103e+01
  3.9441441441442087e+00   2.9456821960814029e+01
  3.9479479479480126e+00   2.9496771880880239e+01
  3.9517517517518166e+00   2.9536728972774362e+01
  3.9555555555556206e+00   2.9576693062311026e+01
  3.9593593593594245e+00   2.9616663975304860e+01
  3.9631631631632285e+00   2.9656641537570490e+01
  3.9669669669670324e+00   2.9696625574922550e+01
  3.9707707707708364e+00   2.9736615913175658e+01
  3.9745745745746404e+00   2.9776612378144446e+01
  3.9783783783784443e+00   2.9816614795643545e+01
  3.9821821821822483e+00   2.9856622991487580e+01
  3.9859859859860522e+00   2.9896636791491176e+01
  3.9897897897898562e+00   2.9936656021468970e+01
  3.9935935935936602e+00   2.9976680507235578e+01
  3.9973973973974641e+00   3.0016710074605633e+01
  4.0012012012012681e+00   3.0056744549393770e+01
  4.0050050050050716e+00   3.0096783757414602e+01
  4.0088088088088751e+00   3.0136827524482761e+01
  4.0126126126126787e+00   3.0176875676412884e+01
  4.0164164164164822e+00   3.0216928039019596e+01
  4.0202202202202857e+00   3.0256984438117517e+01
  4.0240240240240892e+00   3.0297044699521280e+01
  4.0278278278278927e+00   3.0337108649045518e+01
  4.0316316316316962e+00   3.0377176112504852e+01
  4.0354354354354998e+00   3.0417246915713914e+01
  4.0392392392393033e+00   3.0457320884487327e+01
  4.0430430430431068e+00   3.0497397844639721e+01
  4.0468468468469103e+00   3.0537477621985730e+01
  4.0506506506507138e+00   3.0577560042339972e+01
  4.0544544544545174e+00   3.0617644931517081e+01
  4.0582582582583209e+00   3.0657732115331680e+01
  4.0620620620621244e+00   3.0697821419598405e+01
  4.0658658658659279e+00   3.0737912670131873e+01
  4.0696696696697314e+00   3.0778005692746721e+01
  4.0734734734735349e+00   3.0818100313257570e+01
  4.0772772772773385e+00   3.0858196357479059e+01
  4.0810810810811420e+00   3.0898293651225799e+01
  4.0848848848849455e+00   3.0938392020312431e+01
  4.0886886886887490e+00   3.0978491290553581e+01
  4.0924924924925525e+00   3.1018591287763869e+01
  4.0962962962963561e+00   3.1058691837757934e+01
  4.1001001001001596e+00   3.1098792766350396e+01
  4.1039039039039631e+00   3.1138893899355882e+01
  4.1077077077077666e+00   3.1178995062589028e+01
  4.1115115115115701e+00   3.1219096081864453e+01
  4.1153153153153736e+00   3.1259196782996792e+01
  4.1191191191191772e+00   3.1299296991800666e+01
  4.1229229229229807e+00   3.1339396534090710e+01
  4.1267267267267842e+00   3.1379495235681546e+01
  4.1305305305305877e+00   3.1419592922387800e+01
  4.1343343343343912e+00   3.1459689420024112e+01
  4.1381381381381948e+00   3.1499784554405100e+01
  4.1419419419419983e+00   3.1539878151345388e+01
  4.1457457457458018e+00   3.1579970036659613e+01
  4.1495495495496053e+00   3.1620060036162400e+01
  4.1533533533534088e+00   3.1660147975668369e+01
  4.1571571571572123e+00   3.1700233680992167e+01
  4.1609609609610159e+00   3.1740316977948400e+01
  4.1647647647648194e+00   3.1780397692351709e+01
  4.1685685685686229e+00   3.1820475650016718e+01
  4.1723723723724264e+00   3.1860550676758059e+01
  4.1761761761762299e+00   3.1900622598390349e+01
  4.1799799799800335e+00   3.1940691240728224e+01
  4.1837837837838370e+00   3.1980756429586318e+01
  4.1875875875876405e+00   3.2020817990779250e+01
  4.1913913913914440e+00   3.2060875750121639e+01
  4.1951951951952475e+00   3.2100929533428129e+01
  4.1989989989990510e+00   3.2140979166513347e+01
  4.2028028028028546e+00   3.2181024475191911e+01
  4.2066066066066581e+00   3.2221065285278456e+01
  4.2104104104104616e+00   3.2261101422587615e+01
  4.2142142142142651e+00   3.2301132712933992e+01
  4.2180180180180686e+00   3.2341158982132242e+01
  4.2218218218218722e+00   3.2381180055996978e+01
  4.2256256256256757e+00   3.2421195760342840e+01
  4.2294294294294792e+00   3.2461205920984440e+01
  4.2332332332332827e+00   3.2501210363736412e+01
  4.2370370370370862e+00   3.2541208914413389e+01
  4.2408408408408897e+00   3.2581201398829990e+01
  4.2446446446446933e+00   3.2621187642800862e+01
  4.2484484484484968e+00   3.2661167472140605e+01
  4.2522522522523003e+00   3.2701140712663864e+01
  4.2560560560561038e+00   3.2741107190185268e+01
  4.2598598598599073e+00   3.2781066730519441e+01
  4.2636636636637109e+00   3.2821019159480997e+01
  4.2674674674675144e+00   3.2860964302884597e+01
  4.2712712712713179e+00   3.2900901986544838e+01
  4.2750750750751214e+00   3.2940832036276362e+01
  4.2788788788789249e+00   3.2980754277893794e+01
  4.2826826826827284e+00   3.3020668537211762e+01
  4.2864864864865320e+00   3.3060574640044891e+01
  4.2902902902903355e+00   3.3100472412207807e+01
  4.2940940940941390e+00   3.3140361679515145e+01
  4.2978978978979425e+00   3.3180242267781537e+01
  4.3017017017017460e+00   3.3220114002821589e+01
  4.3055055055055496e+00   3.3259976710449962e+01
  4.3093093093093531e+00   3.3299830216481254e+01
  4.3131131131131566e+00   3.3339674346730106e+01
  4.3169169169169601e+00   3.3379508927011145e+01
  4.3207207207207636e+00   3.3419333783138995e+01
  4.3245245245245671e+00   3.3459148740928285e+01
  4.3283283283283707e+00   3.3498953626193654e+01
  4.3321321321321742e+00   3.3538748264749714e+01
  4.3359359359359777e+00   3.3578532482411106e+01
  4.3397397397397812e+00   3.3618306104992442e+01
  4.3435435435435847e+00   3.3658068958308363e+01
  4.3473473473473883e+00   3.3697820868173494e+01
  4.3511511511511918e+00   3.3737561660402463e+01
  4.3549549549549953e+00   3.3777291160809895e+01
  4.3587587587587988e+00   3.3817009195210417e+01
  4.3625625625626023e+00   3.3856715589418656e+01
  4.3663663663664058e+00   3.3896410169249251e+01
  4.3701701701702094e+00   3.3936092760516814e+01
  4.3739739739740129e+00   3.3975763189035987e+01
  4.3777777777778164e+00   3.4015421280621389e+01
  4.3815815815816199e+00   3.4055066861087653e+01
  4.3853853853854234e+00   3.4094699756249398e+01
  4.3891891891892270e+00   3.4134319791921271e+01
  4.3929929929930305e+00   3.4173926793917872e+01
  4.3967967967968340e+00   3.4213520588053854e+01
  4.4006006006006375e+00   3.4253101000143829e+01
  4.4044044044044410e+00   3.4292667856002424e+01
  4.4082082082082445e+00   3.4332220981444287e+01
  4.4120120120120481e+00   3.4371760202284023e+01
  4.4158158158158516e+00   3.4411285344336278e+01
  4.4196196196196551e+00   3.4450796233415659e+01
  4.4234234234234586e+00   3.4490292695336819e+01
  4.4272272272272621e+00   3.4529774555914358e+01
  4.4310310310310657e+00   3.4569241640962929e+01
  4.4348348348348692e+00   3.4608693776297144e+01
  4.4386386386386727e+00   3.4648130787731638e+01
  4.4424424424424762e+00   3.4687552501081036e+01
  4.4462462462462797e+00   3.4726958742159965e+01
  4.4500500500500833e+00   3.4766349336783058e+01
  4.4538538538538868e+00   3.4805724110764942e+01
  4.4576576576576903e+00   3.4845082889920235e+01
  4.4614614614614938e+00   3.4884425500063571e+01
  4.4652652652652973e+00   3.4923751767009577e+01
  4.4690690690691008e+00   3.4963061516572893e+01
  4.4728728728729044e+00   3.5002354574568130e+01
  4.4766766766767079e+00   3.5041630766809931e+01
  4.4804804804805114e+00   3.5080889919112906e+01
  4.4842842842843149e+00   3.5120131857291689e+01
  4.4880880880881184e+00   3.5159356407160921e+01
  4.4918918918919220e+00   3.5198563394535213e+01
  4.4956956956957255e+00   3.5237752645229200e+01
  4.4994994994995290e+00   3.5276923985057515e+01
  4.5033033033033325e+00   3.5316077239834776e+01
  4.5071071071071360e+00   3.5355212235375618e+01
  4.5109109109109395e+00   3.5394328797494659e+01
  4.5147147147147431e+00   3.5433426752006540e+01
  4.5185185185185466e+00   3.5472505924725880e+01
  4.5223223223223501e+00   3.5511566141467313e+01
  4.5261261261261536e+00   3.5550607228045450e+01
  4.5299299299299571e+00   3.5589629010274948e+01
  4.5337337337337607e+00   3.5628631313970409e+01
  4.5375375375375642e+00   3.5667613964946483e+01
  4.5413413413413677e+00   3.5706576789017774e+01
  4.5451451451451712e+00   3.5745519611998922e+01
  4.5489489489489747e+00   3.5784442259704562e+01
  4.5527527527527782e+00   3.5823344557949305e+01
  4.5565565565565818e+00   3.5862226332547792e+01
  4.5603603603603853e+00   3.5901087409314648e+01
  4.5641641641641888e+00   3.5939927614064501e+01
  4.5679679679679923e+00   3.5978746772611970e+01
  4.5717717717717958e+00   3.6017544710771702e+01
  4.5755755755755994e+00   3.6056321254358309e+01
  4.5793793793794029e+00   3.6095076229186418e+01
  4.5831831831832064e+00   3.6133809461070662e+01
  4.5869869869870099e+00   3.6172520775825674e+01
  4.5907907907908134e+00   3.6211209999266075e+01
  4.5945945945946169e+00   3.6249876957206489e+01
  4.5983983983984205e+00   3.6288521475461550e+01
  4.6022022022022240e+00   3.6327143379845893e+01
  4.6060060060060275e+00   3.6365742496174136e+01
  4.6098098098098310e+00   3.6404318650260905e+01
  4.6136136136136345e+00   3.6442871667920834e+01
  4.6174174174174381e+00   3.6481401374968542e+01
  4.6212212212212416e+00   3.6519907597218676e+01
  4.6250250250250451e+00   3.6558390160485843e+01
  4.6288288288288486e+00   3.6596848890584674e+01
  4.6326326326326521e+00   3.6635283613329811e+01
  4.6364364364364556e+00   3.6673694154535866e+01
  4.6402402402402592e+00   3.6712080340017479e+01
  4.6440440440440627e+00   3.6750441995589270e+01
  4.6478478478478662e+00   3.6788778947065865e+01
  4.6516516516516697e+00   3.6827091020261904e+01
  4.6554554554554732e+00   3.6865378040991999e+01
  4.6592592592592768e+00   3.6903639835070791e+01
  4.6630630630630803e+00   3.6941876228312900e+01
  4.6668668668668838e+00   3.6980087046532958e+01
  4.6706706706706873e+00   3.7018272115545585e+01
  4.6744744744744908e+00   3.7056431261165429e+01
  4.6782782782782943e+00   3.7094564309207087e+01
  4.6820820820820979e+00   3.7132671085485214e+01
  4.6858858858859014e+00   3.7170751415814422e+01
  4.6896896896897049e+00   3.7208805126009352e+01
  4.6934934934935084e+00   3.7246832041884616e+01
  4.6972972972973119e+00   3.7284831989254855e+01
  4.7011011011011155e+00   3.7322804793934694e+01
  4.7049049049049190e+00   3.7360750281738753e+01
  4.7087087087087225e+00   3.7398668278481665e+01
  4.7125125125125260e+00   3.7436558609978064e+01
  4.7163163163163295e+00   3.7474421102042569e+01
  4.7201201201201330e+00   3.7512255580489807e+01
  4.7239239239239366e+00   3.7550061871134417e+01
  4.7277277277277401e+00   3.7587839799791013e+01
  4.7315315315315436e+00   3.7625589192274234e+01
  4.7353353353353471e+00   3.7663309874398706e+01
  4.7391391391391506e+00   3.7701001671979050e+01
  4.7429429429429542e+00   3.7738664410829898e+01
  4.7467467467467577e+00   3.7776297916765884e+01
  4.7505505505505612e+00   3.7813902015601627e+01
  4.7543543543543647e+00   3.7851476533151754e+01
  4.7581581581581682e+00   3.7889021295230897e+01
  4.7619619619619717e+00   3.7926536127653691e+01
  4.7657657657657753e+00   3.7964020856234740e+01
  4.7695695695695788e+00   3.8001475306788706e+01
  4.7733733733733823e+00   3.8038899305130187e+01
  4.7771771771771858e+00   3.8076292677073823e+01
  4.7809809809809893e+00   3.8113655248434242e+01
  4.7847847847847929e+00   3.8150986845026083e+01
  4.7885885885885964e+00   3.8188287292663944e+01
  4.7923923923923999e+00   3.8225556417162480e+01
  4.7961961961962034e+00   3.8262794044336317e+01
