zj:   0.0000000000000000e+00 f(zj):   1.0000000000000000e+00 pn(zj):   8.1028140884697208e+00
zj:   1.0000000000000000e+00 f(zj):   3.8461538461538464e-02 pn(zj):   8.0739653389652641e+00
zj:   2.0000000000000000e+00 f(zj):   9.9009900990099011e-03 pn(zj):   8.0452036333361896e+00
zj:   3.0000000000000000e+00 f(zj):   4.4247787610619468e-03 pn(zj):   8.0165287536708885e+00
zj:   4.0000000000000000e+00 f(zj):   2.4937655860349127e-03 pn(zj):   7.9879404824984066e+00
zj:   5.0000000000000000e+00 f(zj):   1.5974440894568689e-03 pn(zj):   7.9594386027877357e+00
zj:   6.0000000000000000e+00 f(zj):   1.1098779134295228e-03 pn(zj):   7.9310228979471278e+00
zj:   7.0000000000000000e+00 f(zj):   8.1566068515497557e-04 pn(zj):   7.9026931518233994e+00
zj:   8.0000000000000000e+00 f(zj):   6.2460961898813238e-04 pn(zj):   7.8744491487012516e+00
zj:   9.0000000000000000e+00 f(zj):   4.9358341559723590e-04 pn(zj):   7.8462906733025779e+00
zj:   1.0000000000000000e+00 f(zj):  2.0861577729517742e-314 pn(zj):   7.8182175107857645e+00
zj:  -9.6153846153846156e-01 f(zj):  4.6600754517968203e-310 pn(zj):   7.7902294467450233e+00
zj:   4.6648895658796652e-01 f(zj):  4.6600754517968203e-310 pn(zj):   7.7623262672096809e+00
zj:  -1.5164892935855875e-01 f(zj):  4.6600754517968203e-310 pn(zj):   7.7345077586435185e+00
zj:   3.7098101553737203e-02 f(zj):  4.6600754517968203e-310 pn(zj):   7.7067737079440706e+00
zj:  -7.2777150409375421e-03 f(zj):  4.6600754518664836e-310 pn(zj):   7.6791239024419369e+00
zj:   1.1919190870304040e-03 f(zj):  4.6600754519991896e-310 pn(zj):   7.6515581299001161e+00
zj:  -1.6756184931602183e-04 f(zj):  4.6600754517968203e-310 pn(zj):   7.6240761785133095e+00
zj:   2.0635675401466635e-05 f(zj):  4.6600754519991896e-310 pn(zj):   7.5966778369072436e+00
zj:   4.9358341559723590e-04 f(zj):   0.0000000000000000e+00 pn(zj):   7.5693628941379885e+00
zj:   1.0000000000000000e+00 f(zj):   0.0000000000000000e+00 pn(zj):   7.5421311396912740e+00
zj:   3.8461538461538464e-02 f(zj):   0.0000000000000000e+00 pn(zj):   7.5149823634818205e+00
zj:   9.9009900990099011e-03 f(zj):   0.0000000000000000e+00 pn(zj):   7.4879163558526498e+00
zj:   4.4247787610619468e-03 f(zj):  6.9022473694135514e-310 pn(zj):   7.4609329075744091e+00
zj:   2.4937655860349127e-03 f(zj):  1.4821969375237396e-323 pn(zj):   7.4340318098446945e+00
zj:   1.5974440894568689e-03 f(zj):   0.0000000000000000e+00 pn(zj):   7.4072128542873816e+00
zj:   1.1098779134295228e-03 f(zj):   0.0000000000000000e+00 pn(zj):   7.3804758329519391e+00
zj:   8.1566068515497557e-04 f(zj):  4.6600754517841722e-310 pn(zj):   7.3538205383127604e+00
zj:   6.2460961898813238e-04 f(zj):                     -nan pn(zj):   7.3272467632684819e+00
zj:   4.9358341559723590e-04 f(zj):   0.0000000000000000e+00 pn(zj):   7.3007543011413256e+00
zj:  2.0861577729517742e-314 f(zj):  4.6600754517849627e-310 pn(zj):   7.2743429456764099e+00
zj:  4.6600754517968203e-310 f(zj):   0.0000000000000000e+00 pn(zj):   7.2480124910410835e+00
zj:  4.6600754517968203e-310 f(zj):   0.0000000000000000e+00 pn(zj):   7.2217627318242599e+00
zj:  4.6600754517968203e-310 f(zj):   0.0000000000000000e+00 pn(zj):   7.1955934630357392e+00
zj:  4.6600754517968203e-310 f(zj):  2.1219957904712067e-314 pn(zj):   7.1695044801055463e+00
zj:  4.6600754519593679e-310 f(zj):   0.0000000000000000e+00 pn(zj):   7.1434955788832557e+00
zj:  4.6600754519991896e-310 f(zj):   0.0000000000000000e+00 pn(zj):   7.1175665556373220e+00
zj:  4.6600754517968203e-310 f(zj):  6.9022473696016916e-310 pn(zj):   7.0917172070544234e+00
zj:  4.6600754519991896e-310 f(zj):   0.0000000000000000e+00 pn(zj):   7.0659473302387887e+00
zj:   0.0000000000000000e+00 f(zj):   0.0000000000000000e+00 pn(zj):   7.0402567227115265e+00
zj:   0.0000000000000000e+00 f(zj):   0.0000000000000000e+00 pn(zj):   7.0146451824099723e+00
zj:   0.0000000000000000e+00 f(zj):   0.0000000000000000e+00 pn(zj):   6.9891125076870146e+00
zj:   0.0000000000000000e+00 f(zj):   0.0000000000000000e+00 pn(zj):   6.9636584973104378e+00
zj:  6.9022473694135514e-310 f(zj):   0.0000000000000000e+00 pn(zj):   6.9382829504622556e+00
zj:  1.4821969375237396e-323 f(zj):   0.0000000000000000e+00 pn(zj):   6.9129856667380496e+00
zj:   0.0000000000000000e+00 f(zj):   0.0000000000000000e+00 pn(zj):   6.8877664461463119e+00
zj:   0.0000000000000000e+00 f(zj):   0.0000000000000000e+00 pn(zj):   6.8626250891077847e+00
zj:  4.6600754517841722e-310 f(zj):   0.0000000000000000e+00 pn(zj):   6.8375613964547988e+00
zj:                     -nan f(zj):   0.0000000000000000e+00 pn(zj):   6.8125751694306071e+00
zj:   0.0000000000000000e+00 f(zj):   0.0000000000000000e+00 pn(zj):   6.7876662096887479e+00
zj:  4.6600754517849627e-310 f(zj):   0.0000000000000000e+00 pn(zj):   6.7628343192923674e+00
zj:   0.0000000000000000e+00 f(zj):   0.0000000000000000e+00 pn(zj):   6.7380793007135740e+00
zj:   0.0000000000000000e+00 f(zj):   0.0000000000000000e+00 pn(zj):   6.7134009568327766e+00
zj:   0.0000000000000000e+00 f(zj):   0.0000000000000000e+00 pn(zj):   6.6887990909380344e+00
zj:  2.1219957904712067e-314 f(zj):   0.0000000000000000e+00 pn(zj):   6.6642735067244061e+00
zj:   0.0000000000000000e+00 f(zj):   0.0000000000000000e+00 pn(zj):   6.6398240082932851e+00
zj:   0.0000000000000000e+00 f(zj):   0.0000000000000000e+00 pn(zj):   6.6154504001517571e+00
zj:  6.9022473696016916e-310 f(zj):   0.0000000000000000e+00 pn(zj):   6.5911524872119474e+00
zj:   0.0000000000000000e+00 f(zj):   0.0000000000000000e+00 pn(zj):   6.5669300747903661e+00
zj:   0.0000000000000000e+00 f(zj):   0.0000000000000000e+00 pn(zj):   6.5427829686072627e+00
zj:   0.0000000000000000e+00 f(zj):   0.0000000000000000e+00 pn(zj):   6.5187109747859662e+00
zj:   0.0000000000000000e+00 f(zj):   0.0000000000000000e+00 pn(zj):   6.4947138998522513e+00
zj:   0.0000000000000000e+00 f(zj):   0.0000000000000000e+00 pn(zj):   6.4707915507336846e+00
zj:   0.0000000000000000e+00 f(zj):   0.0000000000000000e+00 pn(zj):   6.4469437347589684e+00
zj:   0.0000000000000000e+00 f(zj):   0.0000000000000000e+00 pn(zj):   6.4231702596573097e+00
zj:   0.0000000000000000e+00 f(zj):   0.0000000000000000e+00 pn(zj):   6.3994709335577609e+00
zj:   0.0000000000000000e+00 f(zj):   0.0000000000000000e+00 pn(zj):   6.3758455649885857e+00
zj:   0.0000000000000000e+00 f(zj):   0.0000000000000000e+00 pn(zj):   6.3522939628766117e+00
zj:   0.0000000000000000e+00 f(zj):  6.9022473695352892e-310 pn(zj):   6.3288159365465786e+00
zj:   0.0000000000000000e+00 f(zj):  2.0320920013450470e-320 pn(zj):   6.3054112957205088e+00
zj:   0.0000000000000000e+00 f(zj):  1.2566263866505099e+232 pn(zj):   6.2820798505170581e+00
zj:   0.0000000000000000e+00 f(zj):  6.0513972685449602e-154 pn(zj):   6.2588214114508762e+00
zj:   0.0000000000000000e+00 f(zj):   5.3542391195073353e-38 pn(zj):   6.2356357894319627e+00
zj:   0.0000000000000000e+00 f(zj):   6.7551075138573394e-67 pn(zj):   6.2125227957650377e+00
zj:   0.0000000000000000e+00 f(zj):  1.3160769791189311e-259 pn(zj):   6.1894822421488929e+00
zj:   0.0000000000000000e+00 f(zj):   2.4049233009873923e-57 pn(zj):   6.1665139406757579e+00
zj:   0.0000000000000000e+00 f(zj):   8.6201081902837584e-43 pn(zj):   6.1436177038306585e+00
zj:   0.0000000000000000e+00 f(zj):  3.6022070660008418e+179 pn(zj):   6.1207933444907887e+00
zj:   0.0000000000000000e+00 f(zj):  2.7680679110017750e+280 pn(zj):   6.0980406759248673e+00
zj:   0.0000000000000000e+00 f(zj):   3.2424566200750214e-86 pn(zj):   6.0753595117925068e+00
zj:   0.0000000000000000e+00 f(zj):   1.3980432860952889e-76 pn(zj):   6.0527496661435762e+00
zj:   0.0000000000000000e+00 f(zj):   1.3980432860952889e-76 pn(zj):   6.0302109534175692e+00
zj:   0.0000000000000000e+00 f(zj):  6.1799880953825233e-114 pn(zj):   6.0077431884429755e+00
zj:   0.0000000000000000e+00 f(zj):   5.5167545954350761e-48 pn(zj):   5.9853461864366393e+00
zj:   0.0000000000000000e+00 f(zj):   1.4519055059987668e-47 pn(zj):   5.9630197630031336e+00
zj:   0.0000000000000000e+00 f(zj):   3.8881362323679165e-33 pn(zj):   5.9407637341341317e+00
zj:   0.0000000000000000e+00 f(zj):  8.1642195725457929e+204 pn(zj):   5.9185779162077763e+00
zj:   0.0000000000000000e+00 f(zj):   1.3973685027430247e-76 pn(zj):   5.8964621259880428e+00
zj:  6.9022473695352892e-310 f(zj):   1.3980432860952889e-76 pn(zj):   5.8744161806241229e+00
zj:  2.0320920013450470e-320 f(zj):   1.2560341674005117e-71 pn(zj):   5.8524398976497896e+00
zj:   1.3980432860952889e-76 f(zj):   6.7478630148947945e-67 pn(zj):   5.8305330949827745e+00
zj:  8.5981866496259928e+183 f(zj):  8.1642195725457962e+204 pn(zj):   5.8086955909241356e+00
zj:  6.0136181703254192e-154 f(zj):   7.1173007606090267e-67 pn(zj):   5.7869272041576370e+00
zj:   6.5240116887800852e-38 f(zj):   3.0574845451997796e-57 pn(zj):   5.7652277537491239e+00
zj:   6.0089197122600416e-67 f(zj):   3.5727967852164970e-62 pn(zj):   5.7435970591458991e+00
zj:  1.2584540443852792e+232 f(zj):  3.5230863936820271e-109 pn(zj):   5.7220349401760977e+00
zj:  6.0513972685449602e-154 f(zj):   1.8981261985501422e-52 pn(zj):   5.7005412170480616e+00
zj:   1.3829482009002348e-47 f(zj):   3.6978352861750965e-57 pn(zj):   5.6791157103497305e+00
zj:   2.0916474589270800e-76 f(zj):   5.2074667826563355e-90 pn(zj):   5.6577582410480050e+00
zj:  1.3160769791565666e-259 f(zj):  8.2012590046497898e+204 pn(zj):   5.6364686304881388e+00
zj:   2.9092546637178184e-33 f(zj):   4.4385963515295159e-38 pn(zj):   5.6152467003931115e+00
zj:   4.2755762429175899e-33 f(zj):   1.1308869985487302e-42 pn(zj):   5.5940922728630138e+00
zj:  2.9538575766521679e+179 f(zj):  3.6022194327476486e+179 pn(zj):   5.5730051703744303e+00
zj:  2.7680678906888502e+280 f(zj):  1.9701896698966844e-153 pn(zj):   5.5519852157798200e+00
zj:   3.4435330884136163e-86 f(zj):   2.0919768665584544e-76 pn(zj):   5.5310322323068952e+00
zj:   5.3485037281915189e-38 f(zj):   2.6297840772757568e-52 pn(zj):   5.5101460435580218e+00
zj:   4.6645091318312648e-33 f(zj):   1.5858569847775027e-47 pn(zj):   5.4893264735095837e+00
zj:  6.1799881683249009e-114 f(zj):  1.9512347655568931e-153 pn(zj):   5.4685733465113859e+00
zj:   8.4178994681321351e-53 f(zj):   6.8190330277106018e-38 pn(zj):   5.4478864872860271e+00
zj:   1.2560341674005117e-71 f(zj):   4.0177055354556431e-57 pn(zj):   5.4272657209282951e+00
zj:   6.7478630148947945e-67 f(zj):   9.9446567195261083e-43 pn(zj):   5.4067108729045588e+00
zj:  8.1642195725457962e+204 f(zj):   1.6039704617400945e-28 pn(zj):   5.3862217690521446e+00
zj:   7.1173007606090267e-67 f(zj):   1.6598245352869074e-76 pn(zj):   5.3657982355787315e+00
zj:   3.0574845451997796e-57 f(zj):   7.4067892062642107e-38 pn(zj):   5.3454400990617463e+00
zj:   3.5727967852164970e-62 f(zj):   1.1829540022363228e-76 pn(zj):   5.3251471864477500e+00
zj:  3.5230863936820271e-109 f(zj):   2.3694867739090460e-38 pn(zj):   5.3049193250518281e+00
zj:   1.8981261985501422e-52 f(zj):   1.5203199547844981e-47 pn(zj):   5.2847563425569835e+00
zj:   3.6978352861750965e-57 f(zj):   9.3559042493993428e-67 pn(zj):   5.2646580670135315e+00
zj:   5.2074667826563355e-90 f(zj):  8.6044759419628624e+183 pn(zj):   5.2446243268384922e+00
zj:  8.2012590046497898e+204 f(zj):   2.3694862040991260e-38 pn(zj):   5.2246549508149878e+00
zj:   4.4385963515295159e-38 f(zj):   2.6301855116423435e-52 pn(zj):   5.2047497680916308e+00
zj:   1.1308869985487302e-42 f(zj):   1.7253251678662597e-47 pn(zj):   5.1849086081819298e+00
zj:  3.6022194327476486e+179 f(zj):  1.2578393227536395e+232 pn(zj):   5.1651313009636777e+00
zj:  1.9701896698966844e-153 f(zj):  6.0513972685449602e-154 pn(zj):   5.1454176766783526e+00
zj:   2.0919768665584544e-76 f(zj):   4.2793172994279783e-33 pn(zj):   5.1257675659305173e+00
zj:   2.6297840772757568e-52 f(zj):   1.1430635694466548e-71 pn(zj):   5.1061807996872144e+00
zj:   1.5858569847775027e-47 f(zj):  1.3160769791189305e-259 pn(zj):   5.0866572092773712e+00
zj:  1.9512347655568931e-153 f(zj):   1.3045549096312291e-76 pn(zj):   5.0671966263911949e+00
zj:   6.8190330277106018e-38 f(zj):   2.0029229827524660e-76 pn(zj):   5.0477988830795759e+00
zj:   4.0177055354556431e-57 f(zj):  2.9538402828466039e+179 pn(zj):   5.0284638117534888e+00
zj:   9.9446567195261083e-43 f(zj):  2.7680679178429828e+280 pn(zj):   5.0091912451833975e+00
zj:   1.6039704617400945e-28 f(zj):   4.6499918984451855e-86 pn(zj):   4.9899810164986560e+00
zj:   1.6598245352869074e-76 f(zj):   1.5866034551223832e-47 pn(zj):   4.9708329591869092e+00
zj:   7.4067892062642107e-38 f(zj):   9.9530523007040073e-43 pn(zj):   4.9517469070935043e+00
zj:   1.1829540022363228e-76 f(zj):  6.1799881803794778e-114 pn(zj):   4.9327226944208959e+00
zj:   2.7388593738646175e-57 f(zj):   8.4178994681321351e-53 pn(zj):   4.9137601557280419e+00
zj:   1.6039704617400945e-28 f(zj):   8.6039433864976764e-67 pn(zj):   4.8948591259298215e+00
zj:   7.1303409826996859e-67 f(zj):   5.6423774731986518e-38 pn(zj):   4.8760194402964387e+00
zj:   7.4940793580768295e-67 f(zj):   3.5391605796261871e-57 pn(zj):   4.8572409344528316e+00
zj:   1.1829566403797340e-76 f(zj):  6.1799881803794778e-114 pn(zj):   4.8385234443780787e+00
zj:  6.0136196164698546e-154 f(zj):   1.2844695233355919e-57 pn(zj):   4.8198668064048089e+00
zj:   4.0867477578814462e-33 f(zj):   1.4267159482823317e-71 pn(zj):   4.8012708572186158e+00
zj:   1.2566991658205059e-71 f(zj):   1.0311941031983895e-71 pn(zj):   4.7827354338574661e+00
zj:  8.6127505400490649e+183 f(zj):  8.1642195725457918e+204 pn(zj):   4.7642603737111084e+00
zj:  6.0136181703254192e-154 f(zj):   4.1763551663924768e-62 pn(zj):   4.7458455145204930e+00
zj:   4.8571167738070689e-33 f(zj):   1.2466371681544754e-47 pn(zj):   4.7274906943771766e+00
zj:   4.1801388043438595e-62 f(zj):   5.2093994811263891e-90 pn(zj):   4.7091957517227474e+00
zj:  1.2575419968605398e+232 f(zj):  3.5230863936828762e-109 pn(zj):   4.6909605253482258e+00
zj:  6.0513972685449602e-154 f(zj):   3.5335572156825139e-57 pn(zj):   4.6727848543934885e+00
zj:   1.5874063529108218e-47 f(zj):   1.0875667102828268e-71 pn(zj):   4.6546685783466870e+00
zj:   2.0896207214328162e-76 f(zj):   5.2084256485536740e-90 pn(zj):   4.6366115370436578e+00
zj:  1.3160769791754215e-259 f(zj):  8.2012590046517814e+204 pn(zj):   4.6186135706673408e+00
zj:   3.4435330884255147e-86 f(zj):   4.4380223796785284e-38 pn(zj):   4.6006745197472023e+00
zj:   1.3813424581344138e-47 f(zj):   1.7448512947565173e-76 pn(zj):   4.5827942251586506e+00
zj:   2.1114205953125310e-52 f(zj):  3.7636643232127021e+179 pn(zj):   4.5649725281224551e+00
zj:  2.7680679448120284e+280 f(zj):  1.9701896698966844e-153 pn(zj):   4.5472092702041671e+00
zj:   4.8510683667837804e-86 f(zj):   1.7465314422500654e-76 pn(zj):   4.5295042933135408e+00
zj:   5.6423774731986518e-38 f(zj):   1.5866118156055085e-47 pn(zj):   4.5118574397039586e+00
zj:   3.5391605796261871e-57 f(zj):   9.9446567200452794e-43 pn(zj):   4.4942685519718495e+00
zj:  6.1799881803794778e-114 f(zj):  1.9512347655568931e-153 pn(zj):   4.4767374730561098e+00
zj:   1.2844695233355919e-57 f(zj):   1.4262711652804196e-71 pn(zj):   4.4592640462375330e+00
zj:   1.4267159482823317e-71 f(zj):   1.2461026437764097e-47 pn(zj):   4.4418481151382316e+00
zj:   1.0311941031983895e-71 f(zj):   9.4962411043443756e-43 pn(zj):   4.4244895237210669e+00
zj:  8.1642195725457918e+204 f(zj):   1.6039704617400945e-28 pn(zj):   4.4071881162890634e+00
zj:   4.1763551663924768e-62 f(zj):   9.5151327107294751e-43 pn(zj):   4.3899437374848453e+00
zj:   1.2466371681544754e-47 f(zj):   2.1093862728516333e-52 pn(zj):   4.3727562322900626e+00
zj:   5.2093994811263891e-90 f(zj):   1.1829546533621818e-76 pn(zj):   4.3556254460248196e+00
zj:  3.5230863936828762e-109 f(zj):  6.0136196164698546e-154 pn(zj):   4.3385512243470972e+00
zj:   3.5335572156825139e-57 f(zj):   1.4521654985979798e-47 pn(zj):   4.3215334132521912e+00
zj:   1.0875667102828268e-71 f(zj):   5.6453197728641478e-62 pn(zj):   4.3045718590721371e+00
zj:   5.2084256485536740e-90 f(zj):  8.6106919913073944e+183 pn(zj):   4.2876664084751441e+00
zj:  8.2012590046517814e+204 f(zj):   5.5168899802936380e-48 pn(zj):   4.2708169084650232e+00
zj:   4.4380223796785284e-38 f(zj):   1.3707820922423524e-71 pn(zj):   4.2540232063806203e+00
zj:   1.7448512947565173e-76 f(zj):   1.0405032582803168e-42 pn(zj):   4.2372851498952526e+00
zj:  3.7636643232127021e+179 f(zj):  1.2578405026402284e+232 pn(zj):   4.2206025870161401e+00
zj:  1.9701896698966844e-153 f(zj):  6.0513972685449602e-154 pn(zj):   4.2039753660838377e+00
zj:   1.7465314422500654e-76 f(zj):   7.8707616928318558e-67 pn(zj):   4.1874033357716733e+00
zj:   1.5866118156055085e-47 f(zj):   2.0913021968373328e-76 pn(zj):   4.1708863450851830e+00
zj:   9.9446567200452794e-43 f(zj):  1.3160769791380823e-259 pn(zj):   4.1544242433615466e+00
zj:  1.9512347655568931e-153 f(zj):   1.3045549096312291e-76 pn(zj):   4.1380168802690278e+00
zj:   1.4262711652804196e-71 f(zj):   1.1776798427442742e-47 pn(zj):   4.1216641058064045e+00
zj:   1.2461026437764097e-47 f(zj):  3.5990461933583862e+179 pn(zj):   4.1053657703024165e+00
zj:   9.4962411043443756e-43 f(zj):  2.7680679178429828e+280 pn(zj):   4.0891217244152029e+00
zj:   4.9048361559287254e-62 f(zj):   3.4435330884136163e-86 pn(zj):   4.0729318191317336e+00
zj:  1.9512347655568931e-153 f(zj):   7.8722274929679181e-67 pn(zj):   4.0567959057672578e+00
zj:   1.1097885113041658e-47 f(zj):   2.3194210662174888e-52 pn(zj):   4.0407138359647483e+00
zj:   3.5059595546777993e-33 f(zj):  2.7879706610862393e+179 pn(zj):   4.0246854616943342e+00
zj:   2.0896051552790696e-76 f(zj):  2.7680679110808128e+280 pn(zj):   4.0087106352527506e+00
zj:   1.6039704617400945e-28 f(zj):   4.6499918984451855e-86 pn(zj):   3.9927892092627784e+00
zj:   4.6584788332082530e-33 f(zj):   3.8933848029408698e-33 pn(zj):   3.9769210366726901e+00
zj:   1.1434997194676333e-71 f(zj):   1.3692344840775077e-71 pn(zj):   3.9611059707556961e+00
zj:   1.1829566325676783e-76 f(zj):  6.1799881803794778e-114 pn(zj):   3.9453438651093844e+00
zj:  6.0136196164698546e-154 f(zj):   1.2844695233355919e-57 pn(zj):   3.9296345736551719e+00
zj:   1.3150547245686057e-47 f(zj):   4.0874971698790709e-33 pn(zj):   3.9139779506377508e+00
zj:   8.6125972858833989e-67 f(zj):   9.5046846086111557e-43 pn(zj):   3.8983738506245365e+00
zj:  8.6023848556489711e+183 f(zj):  8.1642195725457951e+204 pn(zj):   3.8828221285051101e+00
zj:  6.0136181703254192e-154 f(zj):   1.4837315060687120e-76 pn(zj):   3.8673226394906757e+00
zj:   4.6691605864895872e-62 f(zj):   4.1791967674054160e-62 pn(zj):   3.8518752391135029e+00
zj:   1.2564737483931441e-71 f(zj):   5.2084406442616000e-90 pn(zj):   3.8364797832263839e+00
zj:  1.2584552288623016e+232 f(zj):  3.5230863936828752e-109 pn(zj):   3.8211361280020752e+00
zj:  6.0513972685449602e-154 f(zj):   1.0855751319193805e-71 pn(zj):   3.8058441299327592e+00
zj:   6.1248459004445431e-62 f(zj):   8.2387673567824398e-67 pn(zj):   3.7906036458294894e+00
zj:   7.7127332232475860e-43 f(zj):   5.2084519097174472e-90 pn(zj):   3.7754145328216469e+00
zj:  1.3160769791187826e-259 f(zj):  8.2012590046500727e+204 pn(zj):   3.7602766483563927e+00
zj:   2.9073738727565028e-33 f(zj):   1.3042175590337488e-76 pn(zj):   3.7451898501981211e+00
zj:   2.3194210662174888e-52 f(zj):   2.0066126778663158e-52 pn(zj):   3.7301539964279185e+00
zj:  2.7879706610862393e+179 f(zj):  3.1153050177871756e+179 pn(zj):   3.7151689454430166e+00
zj:  2.7680679110808128e+280 f(zj):  1.9701896698966844e-153 pn(zj):   3.7002345559562451e+00
zj:   4.6499918984451855e-86 f(zj):   4.0807203530185890e-33 pn(zj):   3.6853506869954948e+00
zj:   3.8933848029408698e-33 f(zj):   1.0408501564332872e-42 pn(zj):   3.6705171979031737e+00
zj:   1.3692344840775077e-71 f(zj):   4.6617495783968525e-62 pn(zj):   3.6557339483356643e+00
zj:  6.1799881803794778e-114 f(zj):  1.9512347655568931e-153 pn(zj):   3.6410007982627817e+00
zj:   1.2844695233355919e-57 f(zj):   1.1307111626413364e-42 pn(zj):   3.6263176079672346e+00
zj:   4.0874971698790709e-33 f(zj):   8.2416651744337739e-67 pn(zj):   3.6116842380440883e+00
zj:   9.5046846086111557e-43 f(zj):   4.4666299022952200e-33 pn(zj):   3.5971005494002219e+00
zj:  8.1642195725457951e+204 f(zj):   1.6039704617400945e-28 pn(zj):   3.5825664032537912e+00
zj:   1.4837315060687120e-76 f(zj):   2.8975482281390450e-57 pn(zj):   3.5680816611336907e+00
zj:   4.1791967674054160e-62 f(zj):   4.2740686715482401e-33 pn(zj):   3.5536461848790184e+00
zj:   5.2084406442616000e-90 f(zj):   1.1829520255338364e-76 pn(zj):   3.5392598366385410e+00
zj:  3.5230863936828752e-109 f(zj):  6.0136196164698546e-154 pn(zj):   3.5249224788701539e+00
zj:   1.0855751319193805e-71 f(zj):   1.6925920022861093e-52 pn(zj):   3.5106339743403470e+00
zj:   8.2387673567824398e-67 f(zj):   1.1100568115440207e-47 pn(zj):   3.4963941861236743e+00
zj:   5.2084519097174472e-90 f(zj):  8.6106919913103022e+183 pn(zj):   3.4822029776022192e+00
zj:  8.2012590046500727e+204 f(zj):   2.9907120509989371e-67 pn(zj):   3.4680602124650584e+00
zj:   1.3042175590337488e-76 f(zj):   4.4704056614567416e-33 pn(zj):   3.4539657547077325e+00
zj:   2.0066126778663158e-52 f(zj):   6.3870622533303482e-67 pn(zj):   3.4399194686317141e+00
zj:  3.1153050177871756e+179 f(zj):  1.2566358938124657e+232 pn(zj):   3.4259212188438788e+00
zj:  1.9701896698966844e-153 f(zj):  6.0513972685449602e-154 pn(zj):   3.4119708702559715e+00
zj:   4.0807203530185890e-33 f(zj):   1.3141762949680077e-71 pn(zj):   3.3980682880840769e+00
zj:   1.0408501564332872e-42 f(zj):   8.1646587135674014e-43 pn(zj):   3.3842133378480947e+00
zj:   8.6095777112523925e-43 f(zj):  1.3160769791185614e-259 pn(zj):   3.3704058853712091e+00
zj:  3.7611464611550763e+179 f(zj):   3.4435330884255147e-86 pn(zj):   3.3566457967793593e+00
zj:  1.9701896698966844e-153 f(zj):  6.0513972685449602e-154 pn(zj):   3.3429329385007160e+00
zj:   2.6297840151896444e-52 f(zj):   3.5385358088426171e-57 pn(zj):   3.3292671772651543e+00
zj:   7.8620567673354907e-67 f(zj):   6.1295937718752015e-62 pn(zj):   3.3156483801037275e+00
zj:   4.9048361412702870e-62 f(zj):  1.3160769790624403e-259 pn(zj):   3.3020764143481420e+00
zj:  1.9512347655568931e-153 f(zj):   2.9073738727565028e-33 pn(zj):   3.2885511476302325e+00
zj:   7.2695724232228835e-43 f(zj):   4.2778391154154838e-33 pn(zj):   3.2750724478814424e+00
zj:   2.5257790782026037e-52 f(zj):  3.2748726900161409e+179 pn(zj):   3.2616401833322968e+00
zj:   4.0822021073174955e-33 f(zj):  2.7680679110808128e+280 pn(zj):   3.2482542225118807e+00
zj:   1.6039704617400945e-28 f(zj):   1.3045549096286740e-76 pn(zj):   3.2349144342473206e+00
zj:   2.0035845155246531e-76 f(zj):   6.5228637450789163e-38 pn(zj):   3.2216206876632598e+00
zj:   8.6131153562066003e-43 f(zj):  2.9481542051860126e+179 pn(zj):   3.2083728521813413e+00
zj:   1.1829513794851577e-76 f(zj):  6.1799881440273540e-114 pn(zj):   3.1951707975196864e+00
zj:   1.9599935210783821e-62 f(zj):   1.9599449513787718e-62 pn(zj):   3.1820143936923744e+00
zj:   3.5372814636318617e-57 f(zj):   3.5052101197654326e-33 pn(zj):   3.1689035110089296e+00
zj:   1.5866086834270039e-47 f(zj):   1.1779377186829149e-47 pn(zj):   3.1558380200737988e+00
zj:  8.6169163841469005e+183 f(zj):  8.1642195725457862e+204 pn(zj):   3.1428177917858351e+00
zj:  6.0136181703254192e-154 f(zj):   8.2271870297530786e-67 pn(zj):   3.1298426973377831e+00
zj:   4.6691605864895872e-62 f(zj):   1.1994327187035512e-71 pn(zj):   3.1169126082157628e+00
zj:   1.2003187895973535e-71 f(zj):   5.2046016406771452e-90 pn(zj):   3.1040273961987563e+00
zj:  1.2584552288625835e+232 f(zj):  3.5230863936822706e-109 pn(zj):   3.0911869333580890e+00
zj:  6.0513972685449602e-154 f(zj):   5.1486864667336774e-62 pn(zj):   3.0783910920569206e+00
zj:   3.5385358088426171e-57 f(zj):   7.1083194471773451e-38 pn(zj):   3.0656397449497290e+00
zj:   6.1295937718752015e-62 f(zj):   5.2017364108557916e-90 pn(zj):   3.0529327649817999e+00
zj:  1.3160769790624403e-259 f(zj):  8.2012590046514985e+204 pn(zj):   3.0402700253887160e+00
zj:   2.9073738727565028e-33 f(zj):   3.6705712921592427e-62 pn(zj):   3.0276513996958410e+00
zj:   4.2778391154154838e-33 f(zj):   1.0399764002178243e-42 pn(zj):   3.0150767617178156e+00
zj:  3.2748726900161409e+179 f(zj):  3.1127747698497785e+179 pn(zj):   3.0025459855580432e+00
zj:  2.7680679110808128e+280 f(zj):  1.9701896698966844e-153 pn(zj):   2.9900589456081832e+00
zj:   1.3045549096286740e-76 f(zj):   1.5728012912445980e-76 pn(zj):   2.9776155165476426e+00
zj:   6.5228637450789163e-38 f(zj):   2.0045799237033572e-52 pn(zj):   2.9652155733430661e+00
zj:  2.9481542051860126e+179 f(zj):   9.9446567725637782e-43 pn(zj):   2.9528589912478296e+00
zj:  6.1799881440273540e-114 f(zj):  1.9512347655568931e-153 pn(zj):   2.9405456458015382e+00
zj:   1.9599449513787718e-62 f(zj):   2.6305917127399712e-52 pn(zj):   2.9282754128295130e+00
zj:   3.5052101197654326e-33 f(zj):   2.4242290149727775e-52 pn(zj):   2.9160481684422899e+00
zj:   1.1779377186829149e-47 f(zj):   8.2260272366250612e-67 pn(zj):   2.9038637890351175e+00
zj:  8.1642195725457862e+204 f(zj):   1.6039704617400945e-28 pn(zj):   2.8917221512874480e+00
zj:   8.2271870297530786e-67 f(zj):   1.7957558236699626e-52 pn(zj):   2.8796231321624366e+00
zj:   1.1994327187035512e-71 f(zj):   1.4844155294480265e-76 pn(zj):   2.8675666089064400e+00
zj:   5.2046016406771452e-90 f(zj):   1.1829540099073902e-76 pn(zj):   2.8555524590485120e+00
zj:  3.5230863936822706e-109 f(zj):  6.0136196164698546e-154 pn(zj):   2.8435805603999045e+00
zj:   5.1486864667336774e-62 f(zj):   1.3150547245686057e-47 pn(zj):   2.8316507910535638e+00
zj:   7.1083194471773451e-38 f(zj):   5.3450733841030155e-38 pn(zj):   2.8197630293836351e+00
zj:   5.2017364108557916e-90 f(zj):  8.6023848556470426e+183 pn(zj):   2.8079171540449583e+00
zj:  8.2012590046514985e+204 f(zj):   4.5634644332869523e-72 pn(zj):   2.7961130439725728e+00
zj:   3.6705712921592427e-62 f(zj):   4.2785649602187619e-33 pn(zj):   2.7843505783812192e+00
zj:   1.0399764002178243e-42 f(zj):   1.7448420960713406e-76 pn(zj):   2.7726296367648366e+00
zj:   1.9192495627847813e-76 f(zj):  1.2593613761258211e+232 pn(zj):   2.7609500988960747e+00
zj:   5.2065042737744572e-90 f(zj):  6.0513972685449602e-154 pn(zj):   2.7493118448257912e+00
zj:  8.2012590046512156e+204 f(zj):   5.5168899802936380e-48 pn(zj):   2.7377147548825551e+00
zj:   6.7701331115364892e-43 f(zj):   8.6140516774650127e-67 pn(zj):   2.7261587096721600e+00
zj:   1.3145253999792491e-47 f(zj):   1.9192548441989763e-76 pn(zj):   2.7146435900771206e+00
zj:  3.6003075782172026e+179 f(zj):  1.2578452405494439e+232 pn(zj):   2.7031692772561842e+00
zj:  1.9701896698966844e-153 f(zj):  6.0513972685449602e-154 pn(zj):   2.6917356526438372e+00
zj:   9.3443355305015071e-67 f(zj):   1.0880088819941928e-71 pn(zj):   2.6803425979498101e+00
zj:   3.8577692287480932e-57 f(zj):   9.5046913971215298e-43 pn(zj):   2.6689899951585900e+00
zj:   1.5858569601960957e-47 f(zj):  1.3160769790429211e-259 pn(zj):   2.6576777265289264e+00
zj:  1.9512347655568931e-153 f(zj):   5.6044695813549769e-67 pn(zj):   2.6464056745933413e+00
zj:   1.3153230530699021e-47 f(zj):   2.5789565955970237e-57 pn(zj):   2.6351737221576403e+00
zj:   6.2289632001683584e-38 f(zj):  3.5996694076999723e+179 pn(zj):   2.6239817523004225e+00
zj:   7.1201827275280181e-67 f(zj):  2.7680679177110115e+280 pn(zj):   2.6128296483725930e+00
zj:   1.6039704617400945e-28 f(zj):   4.2478389617679958e-86 pn(zj):   2.6017172939968747e+00
zj:   1.9185722261628846e-76 f(zj):   7.4125245809535795e-38 pn(zj):   2.5906445730673195e+00
zj:   4.6645296451825230e-33 f(zj):   2.0899567437776507e-76 pn(zj):   2.5796113697488230e+00
zj:   1.1829553200107914e-76 f(zj):  6.1799881923867819e-114 pn(zj):   2.5686175684766397e+00
zj:  6.0136196164698546e-154 f(zj):   2.9906386587200498e-67 pn(zj):   2.5576630539558947e+00
zj:   2.5820607631616549e-57 f(zj):   9.0545175032576483e-43 pn(zj):   2.5467477111611028e+00
zj:   2.1093926328464581e-52 f(zj):   2.2141973767484035e-52 pn(zj):   2.5358714253356798e+00
zj:  8.5982596536469141e+183 f(zj):  8.1642195725457873e+204 pn(zj):   2.5250340819914618e+00
zj:   5.5168899802936380e-48 f(zj):   1.0394501700761660e-42 pn(zj):   2.5142355669082241e+00
zj:   8.6140516774650127e-67 f(zj):   1.7949449403506808e-52 pn(zj):   2.5034757661331941e+00
zj:   1.9192548441989763e-76 f(zj):   5.2027028111536637e-90 pn(zj):   2.4927545659805741e+00
zj:  1.2578452405494439e+232 f(zj):  3.5230863936823911e-109 pn(zj):   2.4820718530310577e+00
zj:  6.0513972685449602e-154 f(zj):   1.2553742963485144e-71 pn(zj):   2.4714275141313515e+00
zj:   1.0880088819941928e-71 f(zj):   3.6984697136170769e-57 pn(zj):   2.4608214363936938e+00
zj:   9.5046913971215298e-43 f(zj):   5.2074705277127938e-90 pn(zj):   2.4502535071953746e+00
zj:  1.3160769790429211e-259 f(zj):  8.2012590046514996e+204 pn(zj):   2.4397236141782610e+00
zj:   5.6044695813549769e-67 f(zj):   6.7701331115364892e-43 pn(zj):   2.4292316452483158e+00
zj:   2.5789565955970237e-57 f(zj):   3.1230304919945280e-33 pn(zj):   2.4187774885751203e+00
zj:  3.5996694076999723e+179 f(zj):  2.6239732240013982e+179 pn(zj):   2.4083610325914009e+00
zj:  2.7680679177110115e+280 f(zj):  1.9701896698966844e-153 pn(zj):   2.3979821659925493e+00
zj:   4.2478389617679958e-86 f(zj):   2.1081627098331183e-52 pn(zj):   2.3876407777361504e+00
zj:   7.4125245809535795e-38 f(zj):   4.4726890705777787e-33 pn(zj):   2.3773367570415038e+00
zj:   2.0899567437776507e-76 f(zj):   9.0478255959676142e-43 pn(zj):   2.3670699933891548e+00
zj:  6.1799881923867819e-114 f(zj):  1.9512347655568931e-153 pn(zj):   2.3568403765204158e+00
zj:   2.9906386587200498e-67 f(zj):   9.3443355305015071e-67 pn(zj):   2.3466477964368977e+00
zj:   9.0545175032576483e-43 f(zj):   7.4033230247901612e-38 pn(zj):   2.3364921434000330e+00
zj:   2.2141973767484035e-52 f(zj):   1.5858569602756886e-47 pn(zj):   2.3263733079306084e+00
zj:  8.1642195725457873e+204 f(zj):   1.6039704617400945e-28 pn(zj):   2.3162911808082942e+00
zj:   1.0394501700761660e-42 f(zj):   2.7425951287291671e-57 pn(zj):   2.3062456530711684e+00
zj:   1.7949449403506808e-52 f(zj):   7.2591174769402871e-43 pn(zj):   2.2962366160152525e+00
zj:   5.2027028111536637e-90 f(zj):   1.1829546507780751e-76 pn(zj):   2.2862639611940399e+00
zj:  3.5230863936823911e-109 f(zj):   1.9599935210783821e-62 pn(zj):   2.2763275804180281e+00
zj:   1.2553742963485144e-71 f(zj):   2.4209695051916137e-52 pn(zj):   2.2664273657542502e+00
zj:   3.6984697136170769e-57 f(zj):   6.0074876503568545e-67 pn(zj):   2.2565632095258081e+00
zj:   1.3131869580751050e-47 f(zj):  8.6169163841469061e+183 pn(zj):   2.2467350043114056e+00
zj:   5.2094032114938845e-90 f(zj):   1.1829546636269783e-76 pn(zj):   2.2369426429448818e+00
zj:  3.5230863936828757e-109 f(zj):  6.0136196164698546e-154 pn(zj):   2.2271860185147467e+00
zj:   1.3973764093914821e-76 f(zj):   3.9389736240080224e-62 pn(zj):   2.2174650243637153e+00
zj:   3.9399121549286682e-62 f(zj):   7.1117677447842039e-38 pn(zj):   2.2077795540882463e+00
zj:   5.2055604627384512e-90 f(zj):  8.5982596536483577e+183 pn(zj):   2.1981295015380722e+00
zj:  8.2012590046514996e+204 f(zj):  6.0136181703254192e-154 pn(zj):   2.1885147608157434e+00
zj:   5.6001228542662884e-67 f(zj):   3.3810862773051015e-57 pn(zj):   2.1789352262761597e+00
zj:   3.1192542280513167e-33 f(zj):   1.1305318923463054e-42 pn(zj):   2.1693907925261153e+00
zj:  2.7911142304507806e+179 f(zj):  1.2584540443849979e+232 pn(zj):   2.1598813544238302e+00
zj:  1.9701896698966844e-153 f(zj):  6.0513972685449602e-154 pn(zj):   2.1504068070784950e+00
zj:   1.0862393007343305e-71 f(zj):   4.0164585109559543e-57 pn(zj):   2.1409670458498082e+00
zj:   2.4209775019850274e-52 f(zj):   5.9374213028380344e-38 pn(zj):   2.1315619663475180e+00
zj:   9.0478255688207147e-43 f(zj):  1.3160769791564939e-259 pn(zj):   2.1221914644309647e+00
zj:  1.9512347655568931e-153 f(zj):   1.5764983660643473e-52 pn(zj):   2.1128554362086192e+00
zj:   1.4269309954814022e-71 f(zj):   6.1257918640386510e-62 pn(zj):   2.1035537780376288e+00
zj:   4.2763109271560824e-33 f(zj):  3.7617747574397192e+179 pn(zj):   2.0942863865233576e+00
zj:   5.8807660669965439e-62 f(zj):  2.7680679515217591e+280 pn(zj):   2.0850531585189342e+00
zj:   1.6039704617400945e-28 f(zj):   1.3045549096286740e-76 pn(zj):   2.0758539911247906e+00
zj:   1.3818675857861028e-47 f(zj):   1.1776798427442742e-47 pn(zj):   2.0666887816882111e+00
zj:   1.0868999744294956e-71 f(zj):  3.5990461933583862e+179 pn(zj):   2.0575574278028768e+00
zj:   1.1829546636269783e-76 f(zj):  6.1799881440273540e-114 pn(zj):   2.0484598273084114e+00
zj:  6.0136196164698546e-154 f(zj):   2.9906386587200498e-67 pn(zj):   2.0393958782899277e+00
zj:   3.9389736240080224e-62 f(zj):   1.9189135559224404e-76 pn(zj):   2.0303654790775756e+00
zj:   7.1117677447842039e-38 f(zj):   1.3832102286911698e-47 pn(zj):   2.0213685282460885e+00
zj:  8.5982596536483577e+183 f(zj):  8.1642195725457940e+204 pn(zj):   2.0124049246143354e+00
zj:  6.0136181703254192e-154 f(zj):   3.6940178148644911e-33 pn(zj):   2.0034745672448651e+00
zj:   3.3810862773051015e-57 f(zj):   6.1229357467206390e-62 pn(zj):   1.9945773554434603e+00
zj:   1.1305318923463054e-42 f(zj):   5.2017177864475255e-90 pn(zj):   1.9857131887586850e+00
zj:  1.2584540443849979e+232 f(zj):  3.5230863936827556e-109 pn(zj):   1.9768819669814364e+00
zj:  6.0513972685449602e-154 f(zj):   6.1210326038994808e-62 pn(zj):   1.9680835901444982e+00
zj:   4.0164585109559543e-57 f(zj):   1.7441726512000265e-76 pn(zj):   1.9593179585220890e+00
zj:   5.9374213028380344e-38 f(zj):   5.2045941203913740e-90 pn(zj):   1.9505849726294180e+00
zj:  1.3160769791564939e-259 f(zj):  8.2012590046500738e+204 pn(zj):   1.9418845332222374e+00
zj:   1.5764983660643473e-52 f(zj):   5.6001228542662884e-67 pn(zj):   1.9332165412963966e+00
zj:   6.1257918640386510e-62 f(zj):   2.8975652639327642e-57 pn(zj):   1.9245808980873957e+00
zj:  3.7617747574397192e+179 f(zj):  3.1133981003540749e+179 pn(zj):   1.9159775050699426e+00
zj:  2.7680679515217591e+280 f(zj):  1.9701896698966844e-153 pn(zj):   1.9074062639575062e+00
zj:   1.3045549096286740e-76 f(zj):   4.8533610348705704e-33 pn(zj):   1.8988670767018752e+00
zj:   1.1776798427442742e-47 f(zj):   5.3553914775036898e-38 pn(zj):   1.8903598454927120e+00
zj:  3.5990461933583862e+179 f(zj):   8.2260271709058478e-67 pn(zj):   1.8818844727571140e+00
zj:  6.1799881440273540e-114 f(zj):  1.9512347655568931e-153 pn(zj):   1.8734408611591691e+00
zj:   2.9906386587200498e-67 f(zj):   7.7092296836992700e-43 pn(zj):   1.8650289135995139e+00
zj:   1.9189135559224404e-76 f(zj):   3.8577740715615390e-57 pn(zj):   1.8566485332148959e+00
zj:   1.3832102286911698e-47 f(zj):   5.6357095345860044e-38 pn(zj):   1.8482996233777296e+00
zj:  8.1642195725457940e+204 f(zj):   1.6039704617400945e-28 pn(zj):   1.8399820876956601e+00
zj:   3.6940178148644911e-33 f(zj):   7.2625453758720374e-43 pn(zj):   1.8316958300111228e+00
zj:   4.5633524455567166e-72 f(zj):   4.7619090682864823e-38 pn(zj):   1.8234407544009053e+00
zj:   6.2370211390041000e-38 f(zj):   1.1829526895787806e-76 pn(zj):   1.8152167651757087e+00
zj:   6.7478460128697535e-67 f(zj):   1.5858569724151107e-47 pn(zj):   1.8070237668797122e+00
zj:  8.1642195725457951e+204 f(zj):   1.6039704617400945e-28 pn(zj):   1.7988616642901345e+00
zj:   1.4492274473630465e-47 f(zj):   1.7977949688701816e-52 pn(zj):   1.7907303624168005e+00
zj:   2.2137926939918625e-52 f(zj):   7.7162706278605642e-43 pn(zj):   1.7826297665017026e+00
zj:   5.2065267021599558e-90 f(zj):   1.1829553302358046e-76 pn(zj):   1.7745597820185683e+00
zj:  3.5230863936822715e-109 f(zj):  6.0136196164698546e-154 pn(zj):   1.7665203146724253e+00
zj:   1.5860730005197669e-47 f(zj):   1.3834806495745103e-47 pn(zj):   1.7585112703991674e+00
zj:   8.9806087636176089e-67 f(zj):   2.4246448180628618e-52 pn(zj):   1.7505325553651221e+00
zj:   5.2036354010835227e-90 f(zj):  8.6127586445716529e+183 pn(zj):   1.7425840759666176e+00
zj:  8.2012590046517814e+204 f(zj):  6.0136181703254192e-154 pn(zj):   1.7346657388295510e+00
zj:   4.4363004641255661e-38 f(zj):   1.4519013543368389e-47 pn(zj):   1.7267774508089577e+00
zj:   3.3798367746485737e-57 f(zj):   9.7392594893071406e-72 pn(zj):   1.7189191189885795e+00
zj:  3.1133956462586450e+179 f(zj):  1.2587537171432676e+232 pn(zj):   1.7110906506804353e+00
zj:  1.9701896698966844e-153 f(zj):  6.0513972685449602e-154 pn(zj):   1.7032919534243913e+00
zj:   2.0035897613282050e-76 f(zj):   6.0146927294362480e-67 pn(zj):   1.6955229349877323e+00
zj:   2.5789565765687972e-57 f(zj):   1.1307111600523025e-42 pn(zj):   1.6877835033647326e+00
zj:   5.6357093767346578e-38 f(zj):  1.3160769790429928e-259 pn(zj):   1.6800735667762290e+00
zj:  1.9512347655568931e-153 f(zj):   8.5517419149093275e-72 pn(zj):   1.6723930336691930e+00
zj:   3.5089481457454370e-33 f(zj):   8.6082900013933841e-67 pn(zj):   1.6647418127163043e+00
zj:   6.8201901148898893e-38 f(zj):  2.7892369830425508e+179 pn(zj):   1.6571198128155256e+00
zj:   1.5858569724151107e-47 f(zj):  2.7680679177110115e+280 pn(zj):   1.6495269430896751e+00
zj:   1.6039704617400945e-28 f(zj):   3.4435330884136163e-86 pn(zj):   1.6419631128860037e+00
zj:   1.7977949688701816e-52 f(zj):   1.3813424581344138e-47 pn(zj):   1.6344282317757699e+00
zj:   7.7162706278605642e-43 f(zj):   2.1114205953125310e-52 pn(zj):   1.6269222095538149e+00
zj:   1.1829553302358046e-76 f(zj):  6.1799881922922362e-114 pn(zj):   1.6194449562381419e+00
zj:  6.0136196164698546e-154 f(zj):   4.5633524455567166e-72 pn(zj):   1.6119963820694909e+00
zj:   1.3834806495745103e-47 f(zj):   1.1776788272918073e-47 pn(zj):   1.6045763975109186e+00
zj:   2.4246448180628618e-52 f(zj):   3.0574846306591683e-57 pn(zj):   1.5971849132473759e+00
zj:  8.6127586445716529e+183 f(zj):  8.1642195725457918e+204 pn(zj):   1.5898218401852875e+00
zj:  6.0136181703254192e-154 f(zj):   3.2149291099946518e-57 pn(zj):   1.5824870894521315e+00
zj:   1.4519013543368389e-47 f(zj):   5.6405609194419184e-62 pn(zj):   1.5751805723960193e+00
zj:   9.7392594893071406e-72 f(zj):   5.2055679383325163e-90 pn(zj):   1.5679022005852774e+00
zj:  1.2587537171432676e+232 f(zj):  3.5230863936828752e-109 pn(zj):   1.5606518858080280e+00
zj:  6.0513972685449602e-154 f(zj):   4.4643897926193855e-33 pn(zj):   1.5534295400717713e+00
zj:   6.0146927294362480e-67 f(zj):   7.1152115764391197e-38 pn(zj):   1.5462350756029675e+00
zj:   1.1307111600523025e-42 f(zj):   5.2065080775219734e-90 pn(zj):   1.5390684048466212e+00
zj:  1.3160769790429928e-259 f(zj):  8.2012590046500727e+204 pn(zj):   1.5319294404658643e+00
zj:   8.5517419149093275e-72 f(zj):   6.7692572999962862e-43 pn(zj):   1.5248180953415402e+00
zj:   8.6082900013933841e-67 f(zj):   8.2344206754722450e-67 pn(zj):   1.5177342825717890e+00
zj:  2.7892369830425508e+179 f(zj):  3.4344107115038582e+179 pn(zj):   1.5106779154716323e+00
zj:  2.7680679177110115e+280 f(zj):  1.9701896698966844e-153 pn(zj):   1.5036489075725608e+00
zj:   3.4435330884136163e-86 f(zj):   8.6060675426227864e-43 pn(zj):   1.4966471726221182e+00
zj:   1.3813424581344138e-47 f(zj):   1.4275959906857727e-71 pn(zj):   1.4896726245834917e+00
zj:   2.1114205953125310e-52 f(zj):   7.8551066216447127e-67 pn(zj):   1.4827251776350965e+00
zj:  6.1799881922922362e-114 f(zj):  1.9512347655568931e-153 pn(zj):   1.4758047461701662e+00
zj:   4.5633524455567166e-72 f(zj):   8.2315623662146023e-67 pn(zj):   1.4689112447963411e+00
zj:   4.8510683667837804e-86 f(zj):   1.9189214369133861e-76 pn(zj):   1.4620445883352566e+00
zj:   1.3134531741044199e-47 f(zj):   4.9048360979155619e-62 pn(zj):   1.4552046918221349e+00
zj:   4.4213373957748014e-62 f(zj):   9.0478258097875707e-43 pn(zj):   1.4483914705053742e+00
zj:  6.1799881803794778e-114 f(zj):  1.9512347655568931e-153 pn(zj):   1.4416048398461405e+00
zj:   4.5633524455567166e-72 f(zj):   5.9328294579593127e-38 pn(zj):   1.4348447155179593e+00
zj:   6.3769708314760589e-67 f(zj):   1.7982171884017884e-52 pn(zj):   1.4281110134063066e+00
zj:   1.1432820948462216e-71 f(zj):   8.2260273250614552e-67 pn(zj):   1.4214036496082041e+00
zj:  8.1642195725457873e+204 f(zj):   1.6039704617400945e-28 pn(zj):   1.4147225404318098e+00
zj:   2.5245602067537340e-52 f(zj):   2.2137831287050875e-52 pn(zj):   1.4080676023960144e+00
zj:   9.9600792937549417e-43 f(zj):   8.9734150925660034e-67 pn(zj):   1.4014387522300338e+00
zj:   5.2045867178895746e-90 f(zj):   1.1829566377453577e-76 pn(zj):   1.3948359068730054e+00
zj:  3.5230863936827561e-109 f(zj):  6.0136196164698546e-154 pn(zj):   1.3882589834735835e+00
zj:   1.4251622337585267e-71 f(zj):   8.6095640536310803e-43 pn(zj):   1.3817078993895351e+00
zj:   4.2755673922728793e-33 f(zj):   2.0902954323969275e-76 pn(zj):   1.3751825721873363e+00
zj:   5.2017327677551506e-90 f(zj):  8.6023848556489635e+183 pn(zj):   1.3686829196417714e+00
zj:  8.2012590046512156e+204 f(zj):  6.0136181703254192e-154 pn(zj):   1.3622088597355280e+00
zj:   2.4049233005016952e-57 f(zj):   1.9022141972446811e-52 pn(zj):   1.3557603106587981e+00
zj:   7.1140412113445732e-38 f(zj):   9.5134495932252741e-43 pn(zj):   1.3493371908088749e+00
zj:  3.6003124668944643e+179 f(zj):  1.2575408123836577e+232 pn(zj):   1.3429394187897539e+00
zj:  1.9701896698966844e-153 f(zj):  6.0513972685449602e-154 pn(zj):   1.3365669134117317e+00
zj:   3.0574918187639495e-57 f(zj):   3.7015500251368670e-33 pn(zj):   1.3302195936910082e+00
zj:   2.5795667617524313e-57 f(zj):   5.1505932318266830e-62 pn(zj):   1.3238973788492858e+00
zj:   9.0478258097875707e-43 f(zj):  1.3160769790431424e-259 pn(zj):   1.3176001883133732e+00
zj:  1.9512347655568931e-153 f(zj):   8.5495310557592233e-72 pn(zj):   1.3113279417147861e+00
zj:   5.9328294579593127e-38 f(zj):   2.0892847043971096e-76 pn(zj):   1.3050805588893506e+00
zj:   1.7982171884017884e-52 f(zj):  3.9251315026233283e+179 pn(zj):   1.2988579598768075e+00
zj:   8.2260273250614552e-67 f(zj):  2.7680679177373239e+280 pn(zj):   1.2926600649204145e+00
zj:   1.6039704617400945e-28 f(zj):   2.9073738727508045e-33 pn(zj):   1.2864867944665521e+00
zj:   2.2137831287050875e-52 f(zj):   2.3194210662174888e-52 pn(zj):   1.2803380691643285e+00
zj:   8.9734150925660034e-67 f(zj):  2.7879706610862393e+179 pn(zj):   1.2742138098651845e+00
zj:   1.1829566377453577e-76 f(zj):  6.1799881319255043e-114 pn(zj):   1.2681139376225004e+00
zj:  6.0136196164698546e-154 f(zj):   4.5633524455567166e-72 pn(zj):   1.2620383736912024e+00
zj:   8.6095640536310803e-43 f(zj):   5.9328160580481078e-38 pn(zj):   1.2559870395273700e+00
zj:   2.0902954323969275e-76 f(zj):   1.7438353060335068e-76 pn(zj):   1.2499598567878438e+00
zj:  8.6023848556489635e+183 f(zj):  8.1642195725457918e+204 pn(zj):   1.2439567473298341e+00
zj:  6.0136181703254192e-154 f(zj):   1.4492274473630465e-47 pn(zj):   1.2379776332105290e+00
zj:   1.9022141972446811e-52 f(zj):   2.2137926939918625e-52 pn(zj):   1.2320224366867047e+00
zj:   9.5134495932252741e-43 f(zj):   5.2065267021599558e-90 pn(zj):   1.2260910802143359e+00
zj:  1.2575408123836577e+232 f(zj):  3.5230863936822715e-109 pn(zj):   1.2201834864482046e+00
zj:  6.0513972685449602e-154 f(zj):   6.1210400223117822e-62 pn(zj):   1.2142995782415134e+00
zj:   3.7015500251368670e-33 f(zj):   4.4696651113159723e-33 pn(zj):   1.2084392786454956e+00
zj:   5.1505932318266830e-62 f(zj):   5.2074705278851340e-90 pn(zj):   1.2026025109090281e+00
zj:  1.3160769790431424e-259 f(zj):  8.2012590046517814e+204 pn(zj):   1.1967891984782442e+00
zj:   8.5495310557592233e-72 f(zj):   2.4049233005016952e-57 pn(zj):   1.1909992649961461e+00
zj:   2.0892847043971096e-76 f(zj):   1.7973967151467581e-52 pn(zj):   1.1852326343022201e+00
zj:  3.9251315026233283e+179 f(zj):  3.1159406763541286e+179 pn(zj):   1.1794892304320497e+00
zj:  2.7680679177373239e+280 f(zj):  1.9701896698966844e-153 pn(zj):   1.1737689776169313e+00
zj:  1.3160769790618482e-259 f(zj):   4.2785736848117670e-33 pn(zj):   1.1680718002834898e+00
zj:   3.6696217361257817e-62 f(zj):   1.5876736050710051e-47 pn(zj):   1.1623976230532933e+00
zj:   4.4726802312769233e-33 f(zj):   4.4270385181870366e-62 pn(zj):   1.1567463707424717e+00
zj:  2.9532145754258816e+179 f(zj):  3.1121515068237823e+179 pn(zj):   1.1511179683613322e+00
zj:  2.7680679516539359e+280 f(zj):  1.9701896698966844e-153 pn(zj):   1.1455123411139776e+00
zj:   4.0467624934294009e-86 f(zj):   1.2463646632820750e-47 pn(zj):   1.1399294143979244e+00
zj:   6.5240116190596824e-38 f(zj):   1.5871390520334014e-47 pn(zj):   1.1343691138037215e+00
zj:   2.0046084165484954e-76 f(zj):   4.6617495780557187e-62 pn(zj):   1.1288313651145694e+00
zj:  6.1799881318302603e-114 f(zj):  1.9512347655568931e-153 pn(zj):   1.1233160943059401e+00
zj:   4.5633524455567166e-72 f(zj):   2.0032550465032921e-76 pn(zj):   1.1178232275451974e+00
zj:   5.0592041186643607e-38 f(zj):   1.0848186219714415e-42 pn(zj):   1.1123526911912183e+00
zj:   4.6615028391534529e-33 f(zj):   8.2260272591664705e-67 pn(zj):   1.1069044117940128e+00
zj:  8.1642195725457951e+204 f(zj):   1.6039704617400945e-28 pn(zj):   1.1014783160943482e+00
zj:   1.5176491798926918e-47 f(zj):   1.4500230818151385e-47 pn(zj):   1.0960743310233698e+00
zj:   1.2564789198945995e-71 f(zj):   3.6941160528167258e-57 pn(zj):   1.0906923837022242e+00
zj:   5.2074668851834224e-90 f(zj):   1.1829553122896115e-76 pn(zj):   1.0853324014416841e+00
zj:  3.5230863936822711e-109 f(zj):   2.9907127702001680e-67 pn(zj):   1.0799943117417705e+00
zj:   6.2243710384245885e-38 f(zj):   2.1081611479558973e-52 pn(zj):   1.0746780422913789e+00
zj:   1.8298596360823682e-76 f(zj):   1.3707786141210815e-71 pn(zj):   1.0693835209679037e+00
zj:   5.2017289052002686e-90 f(zj):  8.6169163841469061e+183 pn(zj):   1.0641106758368644e+00
zj:  8.2012590046514974e+204 f(zj):   1.9599930497426634e-62 pn(zj):   1.0588594351515308e+00
zj:   8.5440039061584201e-72 f(zj):   1.7965762601960471e-52 pn(zj):   1.0536297273525514e+00
zj:   4.4270385181870366e-62 f(zj):   8.9820744975982336e-67 pn(zj):   1.0484214810675796e+00
zj:  3.1121515068237823e+179 f(zj):  1.2593637404174179e+232 pn(zj):   1.0432346251109010e+00
zj:  1.9701896698966844e-153 f(zj):  6.0513972685449602e-154 pn(zj):   1.0380690884830635e+00
zj:   1.2463646632820750e-47 f(zj):   9.7304504956455953e-72 pn(zj):   1.0329248003705045e+00
zj:   1.5871390520334014e-47 f(zj):   4.1839371327532389e-62 pn(zj):   1.0278016901451819e+00
zj:   4.6617495780557187e-62 f(zj):  1.3160769790429933e-259 pn(zj):   1.0226996873642020e+00
zj:  1.9512347655568931e-153 f(zj):   6.7701331129036050e-43 pn(zj):   1.0176187217694526e+00
zj:   2.0032550465032921e-76 f(zj):   1.2012074579832587e-71 pn(zj):   1.0125587232872313e+00
zj:   1.0848186219714415e-42 f(zj):  4.0859457777411290e+179 pn(zj):   1.0075196220278795e+00
zj:   8.2260272591664705e-67 f(zj):  2.7680678908736493e+280 pn(zj):   1.0025013482854124e+00
zj:   1.6039704617400945e-28 f(zj):   2.9073738727508045e-33 pn(zj):   9.9750383253715302e-01
zj:   1.4500230818151385e-47 f(zj):   4.2778391154154838e-33 pn(zj):   9.9252700544336503e-01
zj:   3.6941160528167258e-57 f(zj):  3.2748726900161409e+179 pn(zj):   9.8757079784688595e-01
zj:   1.1829553122896115e-76 f(zj):  6.1799881319255043e-114 pn(zj):   9.8263514077276159e-01
zj:   2.9907127702001680e-67 f(zj):   4.5633524455567166e-72 pn(zj):   9.7771996542788098e-01
zj:   2.1081611479558973e-52 f(zj):   4.4222832580018792e-62 pn(zj):   9.7282520320061128e-01
zj:   1.3707786141210815e-71 f(zj):   1.0413749483964960e-42 pn(zj):   9.6795078566043369e-01
zj:  8.6169163841469061e+183 f(zj):  8.1642195725457929e+204 pn(zj):   9.6309664455757971e-01
zj:   1.9599930497426634e-62 f(zj):   2.5776996381376996e-57 pn(zj):   9.5826271182266809e-01
zj:   1.7965762601960471e-52 f(zj):   3.0624727000226576e-57 pn(zj):   9.5344891956634170e-01
zj:   8.9820744975982336e-67 f(zj):   5.2093806372647566e-90 pn(zj):   9.4865520007890614e-01
zj:  1.2593637404174179e+232 f(zj):  3.5230863936827561e-109 pn(zj):   9.4388148582996712e-01
zj:  6.0513972685449602e-154 f(zj):   2.8963107277681613e-57 pn(zj):   9.3912770946807056e-01
zj:   9.7304504956455953e-72 f(zj):   7.1260395370436389e-67 pn(zj):   9.3439380382034076e-01
zj:   4.1839371327532389e-62 f(zj):   5.2007702002947220e-90 pn(zj):   9.2967970189212146e-01
zj:  1.3160769790429933e-259 f(zj):  8.2012590046514974e+204 pn(zj):   9.2498533686661544e-01
zj:  1.2578393227536401e+232 f(zj):   8.5440039061584201e-72 pn(zj):   9.2031064210452584e-01
zj:  6.0513972685449602e-154 f(zj):   2.7407549645955154e-57 pn(zj):   9.1565555114369790e-01
zj:   2.5290464659324433e-52 f(zj):   2.1102114634683509e-52 pn(zj):   9.1101999769876041e-01
zj:   1.2571413376898540e-71 f(zj):   5.2046053420694717e-90 pn(zj):   9.0640391566076894e-01
zj:  1.3973781873060194e-259 f(zj):  8.2012590046514985e+204 pn(zj):   9.0180723909684835e-01
zj:   5.5993984010708339e-67 f(zj):   8.5528473427588368e-72 pn(zj):   8.9722990224983634e-01
zj:   6.7507891534808127e-67 f(zj):   9.7392940681112040e-72 pn(zj):   8.9267183953792817e-01
zj:  2.7860587776469469e+179 f(zj):  2.6296742671964713e+179 pn(zj):   8.8813298555432041e-01
zj:  2.7680679042659157e+280 f(zj):  1.9701896699140502e-153 pn(zj):   8.8361327506685672e-01
zj:   4.8510683667837804e-86 f(zj):   2.1759797353397086e-76 pn(zj):   8.7911264301767322e-01
zj:   2.1763105071370853e-76 f(zj):   7.1303806472475205e-67 pn(zj):   8.7463102452284469e-01
zj:   9.1666730132681953e-72 f(zj):   7.8551065775132114e-67 pn(zj):   8.7016835487203115e-01
zj:  6.1799881199175020e-114 f(zj):  1.9512347655568931e-153 pn(zj):   8.6572456952812493e-01
zj:   1.5528283712684925e-33 f(zj):   6.0060047165737954e-67 pn(zj):   8.6129960412689899e-01
zj:   3.5347922762885759e-57 f(zj):   6.5251416433822489e-38 pn(zj):   8.5689339447665436e-01
zj:   6.2289811012767472e-38 f(zj):   7.8551067099060114e-67 pn(zj):   8.5250587655786936e-01
zj:  8.1642243567575218e+204 f(zj):   1.6039704617400945e-28 pn(zj):   8.4813698652284841e-01
zj:   1.1992099119843867e-71 f(zj):   1.4847397324359652e-76 pn(zj):   8.4378666069537211e-01
zj:   3.3804736424894279e-57 f(zj):   7.4090762834162022e-38 pn(zj):   8.3945483557034772e-01
zj:   8.3185742696943631e-72 f(zj):   1.2693130521673662e-76 pn(zj):   8.3514144781345900e-01
zj:  3.5230863936825126e-109 f(zj):  6.0136196164698559e-154 pn(zj):   8.3084643426081861e-01
zj:   3.6928591141997304e-57 f(zj):   1.1428407730728448e-71 pn(zj):   8.2656973191861927e-01
zj:   2.1102114634683509e-52 f(zj):   2.5290528634103642e-52 pn(zj):   8.2231127796278591e-01
zj:   5.2046053420694717e-90 f(zj):  8.6003182023851919e+183 pn(zj):   8.1807100973862923e-01
zj:  8.2012590046514985e+204 f(zj):  6.0136181703254192e-154 pn(zj):   8.1384886476049778e-01
zj:   8.5528473427588368e-72 f(zj):   1.6925839870910498e-52 pn(zj):   8.0964478071143320e-01
zj:   9.7392940681112040e-72 f(zj):   9.0685234584240885e-43 pn(zj):   8.0545869544282356e-01
zj:  2.6296742671964713e+179 f(zj):  1.2566370562004721e+232 pn(zj):   8.0129054697405844e-01
zj:  1.9701896699140502e-153 f(zj):  6.0513972685449602e-154 pn(zj):   7.9714027349218464e-01
zj:   2.1759797353397086e-76 f(zj):   3.9389624961655922e-62 pn(zj):   7.9300781335156123e-01
zj:   7.1303806472475205e-67 f(zj):   1.5866097316177585e-47 pn(zj):   7.8889310507351695e-01
zj:   7.8551065775132114e-67 f(zj):  1.3973781873063900e-259 pn(zj):   7.8479608734600603e-01
zj:  1.9512347655568931e-153 f(zj):   3.6696217361257817e-62 pn(zj):   7.8071669902326613e-01
zj:   6.0060047165737954e-67 f(zj):   1.0848186379871090e-42 pn(zj):   7.7665487912547648e-01
zj:   6.5251416433822489e-38 f(zj):  3.2780211480575010e+179 pn(zj):   7.7261056683841534e-01
zj:   7.8551067099060114e-67 f(zj):  2.7680679516539359e+280 pn(zj):   7.6858370151311983e-01
zj:   1.6039704617400945e-28 f(zj):   5.6044695813440024e-67 pn(zj):   7.6457422266554476e-01
zj:   1.4847397324359652e-76 f(zj):   2.5789565955970237e-57 pn(zj):   7.6058206997622235e-01
zj:   7.4090762834162022e-38 f(zj):  3.4394982590286774e+179 pn(zj):   7.5660718328992338e-01
zj:   1.2693130521673662e-76 f(zj):  6.1799881437911730e-114 pn(zj):   7.5264950261531738e-01
zj:  6.0136196164698559e-154 f(zj):   1.5528283712684925e-33 pn(zj):   7.4870896812463406e-01
zj:   1.1428407730728448e-71 f(zj):   4.4279620959158262e-62 pn(zj):   7.4478552015332555e-01
zj:   2.5290528634103642e-52 f(zj):   5.8836622764646292e-62 pn(zj):   7.4087909919972872e-01
zj:  8.6003182023851919e+183 f(zj):  8.1642243567575229e+204 pn(zj):   7.3698964592472749e-01
zj:  6.0136181703254192e-154 f(zj):   4.0792155586854465e-33 pn(zj):   7.3311710115141704e-01
zj:   1.6925839870910498e-52 f(zj):   1.4844102841068729e-76 pn(zj):   7.2926140586476729e-01
zj:   9.0685234584240885e-43 f(zj):   5.2093919174053164e-90 pn(zj):   7.2542250121128693e-01
zj:  1.2566370562004721e+232 f(zj):  3.5230863936828762e-109 pn(zj):   7.2160032849868905e-01
zj:  8.6023606932237227e+183 f(zj):   2.2113519646574493e-52 pn(zj):   7.1779482919555593e-01
zj:   1.9599930497426634e-62 f(zj):   8.1629139863251712e-43 pn(zj):   7.1400594493100522e-01
zj:   5.4012577174684763e-62 f(zj):   1.1301801913191643e-42 pn(zj):   7.1023361749435598e-01
zj:   1.5887437753636587e-47 f(zj):   5.2045979245949725e-90 pn(zj):   7.0647778883479584e-01
zj:  1.2593554491124348e+232 f(zj):  3.5230863936822711e-109 pn(zj):   7.0273840106104846e-01
zj:  6.0513972685449602e-154 f(zj):   1.1755405172444651e-47 pn(zj):   6.9901539644104072e-01
zj:   1.4000687161305768e-76 f(zj):   5.4012911002681223e-62 pn(zj):   6.9530871740157196e-01
zj:   6.5297602883621624e-38 f(zj):   5.2026728336230828e-90 pn(zj):   6.9161830652798206e-01
zj:  1.3973781873246536e-259 f(zj):  8.2012590046503568e+204 pn(zj):   6.8794410656382143e-01
zj:   1.0338421603614537e-47 f(zj):   8.5506364836087327e-72 pn(zj):   6.8428606041052020e-01
zj:   6.1286182503168730e-62 f(zj):   3.8911484592858295e-33 pn(zj):   6.8064411112705892e-01
zj:  3.7598628838118411e+179 f(zj):  2.9494179764340440e+179 pn(zj):   6.7701820192963913e-01
zj:  2.7680679111600561e+280 f(zj):  1.9701896699140502e-153 pn(zj):   6.7340827619135513e-01
zj:   3.6446095567522111e-86 f(zj):   6.3754934026472831e-67 pn(zj):   6.6981427744186539e-01
zj:   1.7237215048981020e-47 f(zj):   6.5251594926283144e-38 pn(zj):   6.6623614936706455e-01
zj:   6.1267339881954941e-62 f(zj):   8.2260271928420507e-67 pn(zj):   6.6267383580875694e-01
zj:  6.1799881198229563e-114 f(zj):  1.9512347655568931e-153 pn(zj):   6.5912728076432914e-01
zj:   3.6154602916643315e-43 f(zj):   9.1688576260263951e-72 pn(zj):   6.5559642838642418e-01
zj:   8.9777618408918488e-67 f(zj):   0.0000000000000000e+00 pn(zj):   6.5208122298261562e-01
zj:   4.0844820155693236e-33 f(zj):  6.3043270474988900e-319 pn(zj):   6.4858160901508222e-01
zj:  8.1642243567575207e+204 f(zj):   0.0000000000000000e+00 pn(zj):   6.4509753110028323e-01
zj:   2.6289602989659770e-52 f(zj):   0.0000000000000000e+00 pn(zj):   6.4162893400863408e-01
zj:   1.1301801913191643e-42 f(zj):   0.0000000000000000e+00 pn(zj):   6.3817576266418252e-01
zj:   5.2045979245949725e-90 f(zj):   0.0000000000000000e+00 pn(zj):   6.3473796214428546e-01
zj:  3.5230863936822711e-109 f(zj):   0.0000000000000000e+00 pn(zj):   6.3131547767928575e-01
zj:   1.1755405172444651e-47 f(zj):   0.0000000000000000e+00 pn(zj):   6.2790825465219036e-01
zj:   5.4012911002681223e-62 f(zj):   0.0000000000000000e+00 pn(zj):   6.2451623859834815e-01
zj:   5.2026728336230828e-90 f(zj):   0.0000000000000000e+00 pn(zj):   6.2113937520512841e-01
zj:  8.2012590046503568e+204 f(zj):   0.0000000000000000e+00 pn(zj):   6.1777761031160039e-01
zj:   8.5506364836087327e-72 f(zj):   0.0000000000000000e+00 pn(zj):   6.1443088990821226e-01
zj:   3.8911484592858295e-33 f(zj):   0.0000000000000000e+00 pn(zj):   6.1109916013647192e-01
zj:  2.9494179764340440e+179 f(zj):   0.0000000000000000e+00 pn(zj):   6.0778236728862678e-01
zj:  1.9701896699140502e-153 f(zj):   0.0000000000000000e+00 pn(zj):   6.0448045780734549e-01
zj:   6.3754934026472831e-67 f(zj):   0.0000000000000000e+00 pn(zj):   6.0119337828539887e-01
zj:   6.5251594926283144e-38 f(zj):   0.0000000000000000e+00 pn(zj):   5.9792107546534223e-01
zj:   8.2260271928420507e-67 f(zj):   0.0000000000000000e+00 pn(zj):   5.9466349623919768e-01
zj:  1.9512347655568931e-153 f(zj):   0.0000000000000000e+00 pn(zj):   5.9142058764813754e-01
zj:   9.1688576260263951e-72 f(zj):   0.0000000000000000e+00 pn(zj):   5.8819229688216668e-01
zj:   0.0000000000000000e+00 f(zj):   0.0000000000000000e+00 pn(zj):   5.8497857127980812e-01
zj:  6.3043270474988900e-319 f(zj):   0.0000000000000000e+00 pn(zj):   5.8177935832778560e-01
zj:   0.0000000000000000e+00 f(zj):   0.0000000000000000e+00 pn(zj):   5.7859460566070975e-01
zj:   0.0000000000000000e+00 f(zj):   0.0000000000000000e+00 pn(zj):   5.7542426106076272e-01
zj:   0.0000000000000000e+00 f(zj):   0.0000000000000000e+00 pn(zj):   5.7226827245738476e-01
zj:   0.0000000000000000e+00 f(zj):   0.0000000000000000e+00 pn(zj):   5.6912658792695936e-01
zj:   0.0000000000000000e+00 f(zj):   0.0000000000000000e+00 pn(zj):   5.6599915569250137e-01
zj:   0.0000000000000000e+00 f(zj):   0.0000000000000000e+00 pn(zj):   5.6288592412334315e-01
zj:   0.0000000000000000e+00 f(zj):   0.0000000000000000e+00 pn(zj):   5.5978684173482285e-01
zj:   0.0000000000000000e+00 f(zj):   0.0000000000000000e+00 pn(zj):   5.5670185718797272e-01
zj:   0.0000000000000000e+00 f(zj):   0.0000000000000000e+00 pn(zj):   5.5363091928920727e-01
zj:   0.0000000000000000e+00 f(zj):   0.0000000000000000e+00 pn(zj):   5.5057397699001287e-01
zj:   0.0000000000000000e+00 f(zj):   0.0000000000000000e+00 pn(zj):   5.4753097938663720e-01
zj:   0.0000000000000000e+00 f(zj):   0.0000000000000000e+00 pn(zj):   5.4450187571977937e-01
zj:   0.0000000000000000e+00 f(zj):   0.0000000000000000e+00 pn(zj):   5.4148661537428078e-01
zj:   0.0000000000000000e+00 f(zj):   0.0000000000000000e+00 pn(zj):   5.3848514787881552e-01
zj:   0.0000000000000000e+00 f(zj):   0.0000000000000000e+00 pn(zj):   5.3549742290558267e-01
zj:   0.0000000000000000e+00 f(zj):   0.0000000000000000e+00 pn(zj):   5.3252339026999729e-01
zj:   0.0000000000000000e+00 f(zj):   0.0000000000000000e+00 pn(zj):   5.2956299993038414e-01
zj:   0.0000000000000000e+00 f(zj):   0.0000000000000000e+00 pn(zj):   5.2661620198766967e-01
zj:   0.0000000000000000e+00 f(zj):   0.0000000000000000e+00 pn(zj):   5.2368294668507542e-01
zj:   0.0000000000000000e+00 f(zj):   0.0000000000000000e+00 pn(zj):   5.2076318440781266e-01
zj:   0.0000000000000000e+00 f(zj):   0.0000000000000000e+00 pn(zj):   5.1785686568277600e-01
zj:   0.0000000000000000e+00 f(zj):   0.0000000000000000e+00 pn(zj):   5.1496394117823852e-01
zj:   0.0000000000000000e+00 f(zj):   0.0000000000000000e+00 pn(zj):   5.1208436170354665e-01
zj:   0.0000000000000000e+00 f(zj):   0.0000000000000000e+00 pn(zj):   5.0921807820881693e-01
zj:   0.0000000000000000e+00 f(zj):   0.0000000000000000e+00 pn(zj):   5.0636504178463082e-01
zj:   0.0000000000000000e+00 f(zj):   0.0000000000000000e+00 pn(zj):   5.0352520366173237e-01
zj:   0.0000000000000000e+00 f(zj):   0.0000000000000000e+00 pn(zj):   5.0069851521072528e-01
zj:   0.0000000000000000e+00 f(zj):   0.0000000000000000e+00 pn(zj):   4.9788492794176997e-01
zj:   0.0000000000000000e+00 f(zj):   0.0000000000000000e+00 pn(zj):   4.9508439350428191e-01
zj:   0.0000000000000000e+00 f(zj):   0.0000000000000000e+00 pn(zj):   4.9229686368663095e-01
zj:   0.0000000000000000e+00 f(zj):   0.0000000000000000e+00 pn(zj):   4.8952229041583883e-01
zj:   0.0000000000000000e+00 f(zj):   0.0000000000000000e+00 pn(zj):   4.8676062575727974e-01
zj:   0.0000000000000000e+00 f(zj):   0.0000000000000000e+00 pn(zj):   4.8401182191438019e-01
zj:   0.0000000000000000e+00 f(zj):   0.0000000000000000e+00 pn(zj):   4.8127583122831896e-01
zj:   0.0000000000000000e+00 f(zj):   0.0000000000000000e+00 pn(zj):   4.7855260617772799e-01
zj:   0.0000000000000000e+00 f(zj):   0.0000000000000000e+00 pn(zj):   4.7584209937839439e-01
zj:   0.0000000000000000e+00 f(zj):   0.0000000000000000e+00 pn(zj):   4.7314426358296113e-01
zj:   0.0000000000000000e+00 f(zj):   0.0000000000000000e+00 pn(zj):   4.7045905168063062e-01
zj:   0.0000000000000000e+00 f(zj):   0.0000000000000000e+00 pn(zj):   4.6778641669686594e-01
zj:   0.0000000000000000e+00 f(zj):   0.0000000000000000e+00 pn(zj):   4.6512631179309505e-01
zj:   0.0000000000000000e+00 f(zj):   0.0000000000000000e+00 pn(zj):   4.6247869026641442e-01
zj:   0.0000000000000000e+00 f(zj):   0.0000000000000000e+00 pn(zj):   4.5984350554929210e-01
zj:   0.0000000000000000e+00 f(zj):   0.0000000000000000e+00 pn(zj):   4.5722071120927377e-01
zj:   0.0000000000000000e+00 f(zj):   0.0000000000000000e+00 pn(zj):   4.5461026094868628e-01
zj:   0.0000000000000000e+00 f(zj):   0.0000000000000000e+00 pn(zj):   4.5201210860434426e-01
zj:   0.0000000000000000e+00 f(zj):   0.0000000000000000e+00 pn(zj):   4.4942620814725553e-01
zj:   0.0000000000000000e+00 f(zj):   0.0000000000000000e+00 pn(zj):   4.4685251368232703e-01
zj:   0.0000000000000000e+00 f(zj):   0.0000000000000000e+00 pn(zj):   4.4429097944807272e-01
zj:   0.0000000000000000e+00 f(zj):   0.0000000000000000e+00 pn(zj):   4.4174155981632002e-01
zj:   0.0000000000000000e+00 f(zj):   0.0000000000000000e+00 pn(zj):   4.3920420929191784e-01
zj:   0.0000000000000000e+00 f(zj):   0.0000000000000000e+00 pn(zj):   4.3667888251244469e-01
zj:   0.0000000000000000e+00 f(zj):   0.0000000000000000e+00 pn(zj):   4.3416553424791771e-01
zj:   0.0000000000000000e+00 f(zj):   0.0000000000000000e+00 pn(zj):   4.3166411940050109e-01
zj:   0.0000000000000000e+00 f(zj):   0.0000000000000000e+00 pn(zj):   4.2917459300421656e-01
zj:   0.0000000000000000e+00 f(zj):   0.0000000000000000e+00 pn(zj):   4.2669691022465217e-01
zj:   0.0000000000000000e+00 f(zj):   0.0000000000000000e+00 pn(zj):   4.2423102635867416e-01
zj:   0.0000000000000000e+00 f(zj):   0.0000000000000000e+00 pn(zj):   4.2177689683413699e-01
zj:   0.0000000000000000e+00 f(zj):   0.0000000000000000e+00 pn(zj):   4.1933447720959471e-01
zj:   0.0000000000000000e+00 f(zj):   0.0000000000000000e+00 pn(zj):   4.1690372317401303e-01
zj:   0.0000000000000000e+00 f(zj):   0.0000000000000000e+00 pn(zj):   4.1448459054648212e-01
zj:   0.0000000000000000e+00 f(zj):   0.0000000000000000e+00 pn(zj):   4.1207703527592821e-01
zj:   0.0000000000000000e+00 f(zj):   0.0000000000000000e+00 pn(zj):   4.0968101344082786e-01
zj:   0.0000000000000000e+00 f(zj):   0.0000000000000000e+00 pn(zj):   4.0729648124892059e-01
zj:   0.0000000000000000e+00 f(zj):   0.0000000000000000e+00 pn(zj):   4.0492339503692365e-01
zj:   0.0000000000000000e+00 f(zj):   0.0000000000000000e+00 pn(zj):   4.0256171127024676e-01
zj:   0.0000000000000000e+00 f(zj):   0.0000000000000000e+00 pn(zj):   4.0021138654270649e-01
zj:   0.0000000000000000e+00 f(zj):   0.0000000000000000e+00 pn(zj):   3.9787237757624161e-01
zj:   0.0000000000000000e+00 f(zj):   0.0000000000000000e+00 pn(zj):   3.9554464122062960e-01
zj:   0.0000000000000000e+00 f(zj):   0.0000000000000000e+00 pn(zj):   3.9322813445320270e-01
zj:   0.0000000000000000e+00 f(zj):   0.0000000000000000e+00 pn(zj):   3.9092281437856446e-01
zj:   0.0000000000000000e+00 f(zj):   0.0000000000000000e+00 pn(zj):   3.8862863822830718e-01
zj:   0.0000000000000000e+00 f(zj):   0.0000000000000000e+00 pn(zj):   3.8634556336072956e-01
zj:   0.0000000000000000e+00 f(zj):   0.0000000000000000e+00 pn(zj):   3.8407354726055465e-01
zj:   0.0000000000000000e+00 f(zj):   0.0000000000000000e+00 pn(zj):   3.8181254753864879e-01
zj:   0.0000000000000000e+00 f(zj):   0.0000000000000000e+00 pn(zj):   3.7956252193174012e-01
zj:   0.0000000000000000e+00 f(zj):   0.0000000000000000e+00 pn(zj):   3.7732342830213816e-01
zj:   0.0000000000000000e+00 f(zj):   0.0000000000000000e+00 pn(zj):   3.7509522463745415e-01
zj:   0.0000000000000000e+00 f(zj):   0.0000000000000000e+00 pn(zj):   3.7287786905032083e-01
zj:   0.0000000000000000e+00 f(zj):   0.0000000000000000e+00 pn(zj):   3.7067131977811330e-01
zj:   0.0000000000000000e+00 f(zj):   0.0000000000000000e+00 pn(zj):   3.6847553518267062e-01
zj:   0.0000000000000000e+00 f(zj):   0.0000000000000000e+00 pn(zj):   3.6629047375001689e-01
zj:   0.0000000000000000e+00 f(zj):   0.0000000000000000e+00 pn(zj):   3.6411609409008383e-01
zj:   0.0000000000000000e+00 f(zj):   0.0000000000000000e+00 pn(zj):   3.6195235493643307e-01
zj:   0.0000000000000000e+00 f(zj):   0.0000000000000000e+00 pn(zj):   3.5979921514597935e-01
zj:   0.0000000000000000e+00 f(zj):   0.0000000000000000e+00 pn(zj):   3.5765663369871381e-01
zj:   0.0000000000000000e+00 f(zj):   0.0000000000000000e+00 pn(zj):   3.5552456969742763e-01
zj:   0.0000000000000000e+00 f(zj):   0.0000000000000000e+00 pn(zj):   3.5340298236743650e-01
zj:   0.0000000000000000e+00 f(zj):   0.0000000000000000e+00 pn(zj):   3.5129183105630568e-01
zj:   0.0000000000000000e+00 f(zj):   0.0000000000000000e+00 pn(zj):   3.4919107523357518e-01
zj:   0.0000000000000000e+00 f(zj):   0.0000000000000000e+00 pn(zj):   3.4710067449048421e-01
zj:   0.0000000000000000e+00 f(zj):   0.0000000000000000e+00 pn(zj):   3.4502058853969886e-01
zj:   0.0000000000000000e+00 f(zj):   0.0000000000000000e+00 pn(zj):   3.4295077721503775e-01
zj:   0.0000000000000000e+00 f(zj):   0.0000000000000000e+00 pn(zj):   3.4089120047119892e-01
zj:   0.0000000000000000e+00 f(zj):   0.0000000000000000e+00 pn(zj):   3.3884181838348748e-01
zj:   0.0000000000000000e+00 f(zj):   0.0000000000000000e+00 pn(zj):   3.3680259114754296e-01
zj:   0.0000000000000000e+00 f(zj):   0.0000000000000000e+00 pn(zj):   3.3477347907906829e-01
zj:   0.0000000000000000e+00 f(zj):   0.0000000000000000e+00 pn(zj):   3.3275444261355813e-01
zj:   0.0000000000000000e+00 f(zj):   0.0000000000000000e+00 pn(zj):   3.3074544230602743e-01
zj:   0.0000000000000000e+00 f(zj):   0.0000000000000000e+00 pn(zj):   3.2874643883074151e-01
zj:   0.0000000000000000e+00 f(zj):   0.0000000000000000e+00 pn(zj):   3.2675739298094619e-01
zj:   0.0000000000000000e+00 f(zj):   0.0000000000000000e+00 pn(zj):   3.2477826566859802e-01
zj:   0.0000000000000000e+00 f(zj):   0.0000000000000000e+00 pn(zj):   3.2280901792409489e-01
zj:   0.0000000000000000e+00 f(zj):   0.0000000000000000e+00 pn(zj):   3.2084961089600739e-01
zj:   0.0000000000000000e+00 f(zj):   0.0000000000000000e+00 pn(zj):   3.1890000585081069e-01
zj:   0.0000000000000000e+00 f(zj):   0.0000000000000000e+00 pn(zj):   3.1696016417261696e-01
zj:   0.0000000000000000e+00 f(zj):   0.0000000000000000e+00 pn(zj):   3.1503004736290685e-01
zj:   0.0000000000000000e+00 f(zj):   0.0000000000000000e+00 pn(zj):   3.1310961704026397e-01
zj:   0.0000000000000000e+00 f(zj):   0.0000000000000000e+00 pn(zj):   3.1119883494010669e-01
zj:   0.0000000000000000e+00 f(zj):   0.0000000000000000e+00 pn(zj):   3.0929766291442362e-01
zj:   0.0000000000000000e+00 f(zj):   0.0000000000000000e+00 pn(zj):   3.0740606293150674e-01
zj:   0.0000000000000000e+00 f(zj):   0.0000000000000000e+00 pn(zj):   3.0552399707568689e-01
zj:   0.0000000000000000e+00 f(zj):   0.0000000000000000e+00 pn(zj):   3.0365142754706775e-01
zj:   0.0000000000000000e+00 f(zj):   0.0000000000000000e+00 pn(zj):   3.0178831666126305e-01
zj:   0.0000000000000000e+00 f(zj):   0.0000000000000000e+00 pn(zj):   2.9993462684913108e-01
zj:   0.0000000000000000e+00 f(zj):   0.0000000000000000e+00 pn(zj):   2.9809032065651231e-01
zj:   0.0000000000000000e+00 f(zj):   0.0000000000000000e+00 pn(zj):   2.9625536074396519e-01
zj:   0.0000000000000000e+00 f(zj):   0.0000000000000000e+00 pn(zj):   2.9442970988650430e-01
zj:   0.0000000000000000e+00 f(zj):   0.0000000000000000e+00 pn(zj):   2.9261333097333708e-01
zj:   0.0000000000000000e+00 f(zj):   0.0000000000000000e+00 pn(zj):   2.9080618700760319e-01
zj:   0.0000000000000000e+00 f(zj):   0.0000000000000000e+00 pn(zj):   2.8900824110611223e-01
zj:   0.0000000000000000e+00 f(zj):   0.0000000000000000e+00 pn(zj):   2.8721945649908276e-01
zj:   0.0000000000000000e+00 f(zj):   0.0000000000000000e+00 pn(zj):   2.8543979652988183e-01
zj:   0.0000000000000000e+00 f(zj):   0.0000000000000000e+00 pn(zj):   2.8366922465476518e-01
zj:   0.0000000000000000e+00 f(zj):   0.0000000000000000e+00 pn(zj):   2.8190770444261681e-01
zj:   0.0000000000000000e+00 f(zj):   0.0000000000000000e+00 pn(zj):   2.8015519957468993e-01
zj:   0.0000000000000000e+00 f(zj):   0.0000000000000000e+00 pn(zj):   2.7841167384434862e-01
zj:   0.0000000000000000e+00 f(zj):   0.0000000000000000e+00 pn(zj):   2.7667709115680816e-01
zj:   0.0000000000000000e+00 f(zj):   0.0000000000000000e+00 pn(zj):   2.7495141552887792e-01
zj:   0.0000000000000000e+00 f(zj):   0.0000000000000000e+00 pn(zj):   2.7323461108870384e-01
zj:   0.0000000000000000e+00 f(zj):   0.0000000000000000e+00 pn(zj):   2.7152664207550992e-01
zj:   0.0000000000000000e+00 f(zj):   0.0000000000000000e+00 pn(zj):   2.6982747283934339e-01
zj:   0.0000000000000000e+00 f(zj):   0.0000000000000000e+00 pn(zj):   2.6813706784081615e-01
zj:   0.0000000000000000e+00 f(zj):   0.0000000000000000e+00 pn(zj):   2.6645539165085053e-01
zj:   0.0000000000000000e+00 f(zj):   0.0000000000000000e+00 pn(zj):   2.6478240895042349e-01
zj:   0.0000000000000000e+00 f(zj):   0.0000000000000000e+00 pn(zj):   2.6311808453031005e-01
zj:   0.0000000000000000e+00 f(zj):   0.0000000000000000e+00 pn(zj):   2.6146238329083049e-01
zj:   0.0000000000000000e+00 f(zj):   0.0000000000000000e+00 pn(zj):   2.5981527024159523e-01
zj:   0.0000000000000000e+00 f(zj):   0.0000000000000000e+00 pn(zj):   2.5817671050125035e-01
zj:   0.0000000000000000e+00 f(zj):   0.0000000000000000e+00 pn(zj):   2.5654666929722514e-01
zj:   0.0000000000000000e+00 f(zj):   0.0000000000000000e+00 pn(zj):   2.5492511196547885e-01
zj:   0.0000000000000000e+00 f(zj):   0.0000000000000000e+00 pn(zj):   2.5331200395024756e-01
zj:   0.0000000000000000e+00 f(zj):   0.0000000000000000e+00 pn(zj):   2.5170731080379227e-01
zj:   0.0000000000000000e+00 f(zj):   0.0000000000000000e+00 pn(zj):   2.5011099818614724e-01
zj:   0.0000000000000000e+00 f(zj):   0.0000000000000000e+00 pn(zj):   2.4852303186486846e-01
zj:   0.0000000000000000e+00 f(zj):   0.0000000000000000e+00 pn(zj):   2.4694337771478281e-01
zj:   0.0000000000000000e+00 f(zj):   0.0000000000000000e+00 pn(zj):   2.4537200171773732e-01
zj:   0.0000000000000000e+00 f(zj):   0.0000000000000000e+00 pn(zj):   2.4380886996234907e-01
zj:   0.0000000000000000e+00 f(zj):   0.0000000000000000e+00 pn(zj):   2.4225394864375549e-01
zj:   0.0000000000000000e+00 f(zj):   0.0000000000000000e+00 pn(zj):   2.4070720406336532e-01
zj:   0.0000000000000000e+00 f(zj):   0.0000000000000000e+00 pn(zj):   2.3916860262860917e-01
zj:   0.0000000000000000e+00 f(zj):   0.0000000000000000e+00 pn(zj):   2.3763811085269160e-01
zj:   0.0000000000000000e+00 f(zj):   0.0000000000000000e+00 pn(zj):   2.3611569535434251e-01
zj:   0.0000000000000000e+00 f(zj):   0.0000000000000000e+00 pn(zj):   2.3460132285756985e-01
zj:   0.0000000000000000e+00 f(zj):   0.0000000000000000e+00 pn(zj):   2.3309496019141207e-01
zj:   0.0000000000000000e+00 f(zj):   0.0000000000000000e+00 pn(zj):   2.3159657428969160e-01
zj:   0.0000000000000000e+00 f(zj):   0.0000000000000000e+00 pn(zj):   2.3010613219076825e-01
zj:   0.0000000000000000e+00 f(zj):   0.0000000000000000e+00 pn(zj):   2.2862360103729329e-01
zj:   0.0000000000000000e+00 f(zj):   0.0000000000000000e+00 pn(zj):   2.2714894807596320e-01
zj:   0.0000000000000000e+00 f(zj):   0.0000000000000000e+00 pn(zj):   2.2568214065727554e-01
zj:   0.0000000000000000e+00 f(zj):   0.0000000000000000e+00 pn(zj):   2.2422314623528339e-01
zj:   0.0000000000000000e+00 f(zj):   0.0000000000000000e+00 pn(zj):   2.2277193236735082e-01
zj:   0.0000000000000000e+00 f(zj):   0.0000000000000000e+00 pn(zj):   2.2132846671390960e-01
zj:   0.0000000000000000e+00 f(zj):   0.0000000000000000e+00 pn(zj):   2.1989271703821500e-01
zj:   0.0000000000000000e+00 f(zj):   0.0000000000000000e+00 pn(zj):   2.1846465120610292e-01
zj:   0.0000000000000000e+00 f(zj):   0.0000000000000000e+00 pn(zj):   2.1704423718574695e-01
zj:   0.0000000000000000e+00 f(zj):   0.0000000000000000e+00 pn(zj):   2.1563144304741610e-01
zj:   0.0000000000000000e+00 f(zj):   0.0000000000000000e+00 pn(zj):   2.1422623696323273e-01
zj:   0.0000000000000000e+00 f(zj):   0.0000000000000000e+00 pn(zj):   2.1282858720693132e-01
zj:   0.0000000000000000e+00 f(zj):   0.0000000000000000e+00 pn(zj):   2.1143846215361672e-01
zj:   0.0000000000000000e+00 f(zj):   0.0000000000000000e+00 pn(zj):   2.1005583027952379e-01
zj:   0.0000000000000000e+00 f(zj):   0.0000000000000000e+00 pn(zj):   2.0868066016177722e-01
zj:   0.0000000000000000e+00 f(zj):   0.0000000000000000e+00 pn(zj):   2.0731292047815109e-01
zj:   0.0000000000000000e+00 f(zj):   0.0000000000000000e+00 pn(zj):   2.0595258000682959e-01
zj:   0.0000000000000000e+00 f(zj):   0.0000000000000000e+00 pn(zj):   2.0459960762616780e-01
zj:   0.0000000000000000e+00 f(zj):   0.0000000000000000e+00 pn(zj):   2.0325397231445330e-01
zj:   0.0000000000000000e+00 f(zj):   0.0000000000000000e+00 pn(zj):   2.0191564314966748e-01
zj:   0.0000000000000000e+00 f(zj):   0.0000000000000000e+00 pn(zj):   2.0058458930924705e-01
zj:   0.0000000000000000e+00 f(zj):   0.0000000000000000e+00 pn(zj):   1.9926078006984782e-01
zj:   0.0000000000000000e+00 f(zj):   0.0000000000000000e+00 pn(zj):   1.9794418480710663e-01
zj:   0.0000000000000000e+00 f(zj):   0.0000000000000000e+00 pn(zj):   1.9663477299540466e-01
zj:   0.0000000000000000e+00 f(zj):   0.0000000000000000e+00 pn(zj):   1.9533251420763098e-01
zj:   0.0000000000000000e+00 f(zj):   0.0000000000000000e+00 pn(zj):   1.9403737811494737e-01
zj:   0.0000000000000000e+00 f(zj):   0.0000000000000000e+00 pn(zj):   1.9274933448655196e-01
zj:   0.0000000000000000e+00 f(zj):   0.0000000000000000e+00 pn(zj):   1.9146835318944433e-01
zj:   0.0000000000000000e+00 f(zj):   0.0000000000000000e+00 pn(zj):   1.9019440418819100e-01
zj:   0.0000000000000000e+00 f(zj):   0.0000000000000000e+00 pn(zj):   1.8892745754469054e-01
zj:   0.0000000000000000e+00 f(zj):   0.0000000000000000e+00 pn(zj):   1.8766748341793993e-01
zj:   0.0000000000000000e+00 f(zj):   0.0000000000000000e+00 pn(zj):   1.8641445206380125e-01
zj:   0.0000000000000000e+00 f(zj):   0.0000000000000000e+00 pn(zj):   1.8516833383476794e-01
zj:   0.0000000000000000e+00 f(zj):   0.0000000000000000e+00 pn(zj):   1.8392909917973277e-01
zj:   0.0000000000000000e+00 f(zj):   0.0000000000000000e+00 pn(zj):   1.8269671864375425e-01
zj:   0.0000000000000000e+00 f(zj):   0.0000000000000000e+00 pn(zj):   1.8147116286782605e-01
zj:   0.0000000000000000e+00 f(zj):   0.0000000000000000e+00 pn(zj):   1.8025240258864428e-01
zj:   0.0000000000000000e+00 f(zj):   0.0000000000000000e+00 pn(zj):   1.7904040863837711e-01
zj:   0.0000000000000000e+00 f(zj):   0.0000000000000000e+00 pn(zj):   1.7783515194443356e-01
zj:   0.0000000000000000e+00 f(zj):   0.0000000000000000e+00 pn(zj):   1.7663660352923261e-01
zj:   0.0000000000000000e+00 f(zj):   0.0000000000000000e+00 pn(zj):   1.7544473450997444e-01
zj:   0.0000000000000000e+00 f(zj):   0.0000000000000000e+00 pn(zj):   1.7425951609840928e-01
zj:   0.0000000000000000e+00 f(zj):   0.0000000000000000e+00 pn(zj):   1.7308091960060967e-01
zj:   0.0000000000000000e+00 f(zj):   0.0000000000000000e+00 pn(zj):   1.7190891641674000e-01
zj:   0.0000000000000000e+00 f(zj):   0.0000000000000000e+00 pn(zj):   1.7074347804082957e-01
zj:   0.0000000000000000e+00 f(zj):   0.0000000000000000e+00 pn(zj):   1.6958457606054389e-01
zj:   0.0000000000000000e+00 f(zj):   0.0000000000000000e+00 pn(zj):   1.6843218215695632e-01
zj:   0.0000000000000000e+00 f(zj):   0.0000000000000000e+00 pn(zj):   1.6728626810432190e-01
zj:   0.0000000000000000e+00 f(zj):   0.0000000000000000e+00 pn(zj):   1.6614680576984975e-01
zj:   0.0000000000000000e+00 f(zj):   0.0000000000000000e+00 pn(zj):   1.6501376711347693e-01
zj:   0.0000000000000000e+00 f(zj):   0.0000000000000000e+00 pn(zj):   1.6388712418764184e-01
zj:   0.0000000000000000e+00 f(zj):   0.0000000000000000e+00 pn(zj):   1.6276684913705908e-01
zj:   0.0000000000000000e+00 f(zj):   0.0000000000000000e+00 pn(zj):   1.6165291419849348e-01
zj:   0.0000000000000000e+00 f(zj):   0.0000000000000000e+00 pn(zj):   1.6054529170053566e-01
zj:   0.0000000000000000e+00 f(zj):   0.0000000000000000e+00 pn(zj):   1.5944395406337719e-01
zj:   0.0000000000000000e+00 f(zj):   0.0000000000000000e+00 pn(zj):   1.5834887379858587e-01
zj:   0.0000000000000000e+00 f(zj):   0.0000000000000000e+00 pn(zj):   1.5726002350888346e-01
zj:   0.0000000000000000e+00 f(zj):   0.0000000000000000e+00 pn(zj):   1.5617737588792036e-01
zj:   0.0000000000000000e+00 f(zj):   0.0000000000000000e+00 pn(zj):   1.5510090372005381e-01
zj:   0.0000000000000000e+00 f(zj):   0.0000000000000000e+00 pn(zj):   1.5403057988012481e-01
zj:   0.0000000000000000e+00 f(zj):   0.0000000000000000e+00 pn(zj):   1.5296637733323581e-01
zj:   0.0000000000000000e+00 f(zj):   0.0000000000000000e+00 pn(zj):   1.5190826913452926e-01
zj:   0.0000000000000000e+00 f(zj):   0.0000000000000000e+00 pn(zj):   1.5085622842896518e-01
zj:   0.0000000000000000e+00 f(zj):   0.0000000000000000e+00 pn(zj):   1.4981022845110104e-01
zj:   0.0000000000000000e+00 f(zj):   0.0000000000000000e+00 pn(zj):   1.4877024252487037e-01
zj:   0.0000000000000000e+00 f(zj):   0.0000000000000000e+00 pn(zj):   1.4773624406336261e-01
zj:   0.0000000000000000e+00 f(zj):   0.0000000000000000e+00 pn(zj):   1.4670820656860317e-01
zj:   0.0000000000000000e+00 f(zj):   0.0000000000000000e+00 pn(zj):   1.4568610363133350e-01
zj:   0.0000000000000000e+00 f(zj):   0.0000000000000000e+00 pn(zj):   1.4466990893079257e-01
zj:   0.0000000000000000e+00 f(zj):   0.0000000000000000e+00 pn(zj):   1.4365959623449687e-01
zj:   0.0000000000000000e+00 f(zj):   0.0000000000000000e+00 pn(zj):   1.4265513939802366e-01
zj:   0.0000000000000000e+00 f(zj):   0.0000000000000000e+00 pn(zj):   1.4165651236479071e-01
zj:   0.0000000000000000e+00 f(zj):   0.0000000000000000e+00 pn(zj):   1.4066368916584060e-01
zj:   0.0000000000000000e+00 f(zj):   0.0000000000000000e+00 pn(zj):   1.3967664391962231e-01
zj:   0.0000000000000000e+00 f(zj):   0.0000000000000000e+00 pn(zj):   1.3869535083177453e-01
zj:   0.0000000000000000e+00 f(zj):   0.0000000000000000e+00 pn(zj):   1.3771978419490860e-01
zj:   0.0000000000000000e+00 f(zj):   0.0000000000000000e+00 pn(zj):   1.3674991838839345e-01
zj:   0.0000000000000000e+00 f(zj):   0.0000000000000000e+00 pn(zj):   1.3578572787813858e-01
zj:   0.0000000000000000e+00 f(zj):   0.0000000000000000e+00 pn(zj):   1.3482718721637954e-01
zj:   0.0000000000000000e+00 f(zj):   0.0000000000000000e+00 pn(zj):   1.3387427104146199e-01
zj:   0.0000000000000000e+00 f(zj):   0.0000000000000000e+00 pn(zj):   1.3292695407762789e-01
zj:   0.0000000000000000e+00 f(zj):   0.0000000000000000e+00 pn(zj):   1.3198521113480033e-01
zj:   0.0000000000000000e+00 f(zj):   0.0000000000000000e+00 pn(zj):   1.3104901710837047e-01
zj:   0.0000000000000000e+00 f(zj):   0.0000000000000000e+00 pn(zj):   1.3011834697898295e-01
zj:   0.0000000000000000e+00 f(zj):   0.0000000000000000e+00 pn(zj):   1.2919317581232381e-01
zj:   0.0000000000000000e+00 f(zj):   0.0000000000000000e+00 pn(zj):   1.2827347875890660e-01
zj:   0.0000000000000000e+00 f(zj):   0.0000000000000000e+00 pn(zj):   1.2735923105386082e-01
zj:   0.0000000000000000e+00 f(zj):   0.0000000000000000e+00 pn(zj):   1.2645040801671914e-01
zj:   0.0000000000000000e+00 f(zj):   0.0000000000000000e+00 pn(zj):   1.2554698505120598e-01
zj:   0.0000000000000000e+00 f(zj):   0.0000000000000000e+00 pn(zj):   1.2464893764502671e-01
zj:   0.0000000000000000e+00 f(zj):   0.0000000000000000e+00 pn(zj):   1.2375624136965546e-01
zj:   0.0000000000000000e+00 f(zj):   0.0000000000000000e+00 pn(zj):   1.2286887188012563e-01
zj:   0.0000000000000000e+00 f(zj):   0.0000000000000000e+00 pn(zj):   1.2198680491481906e-01
zj:   0.0000000000000000e+00 f(zj):   0.0000000000000000e+00 pn(zj):   1.2111001629525653e-01
zj:   0.0000000000000000e+00 f(zj):   0.0000000000000000e+00 pn(zj):   1.2023848192588826e-01
zj:   0.0000000000000000e+00 f(zj):   0.0000000000000000e+00 pn(zj):   1.1937217779388420e-01
zj:   0.0000000000000000e+00 f(zj):   0.0000000000000000e+00 pn(zj):   1.1851107996892607e-01
zj:   0.0000000000000000e+00 f(zj):   0.0000000000000000e+00 pn(zj):   1.1765516460299863e-01
zj:   0.0000000000000000e+00 f(zj):   0.0000000000000000e+00 pn(zj):   1.1680440793018154e-01
zj:   0.0000000000000000e+00 f(zj):   0.0000000000000000e+00 pn(zj):   1.1595878626644207e-01
zj:   0.0000000000000000e+00 f(zj):   0.0000000000000000e+00 pn(zj):   1.1511827600942726e-01
zj:   0.0000000000000000e+00 f(zj):   0.0000000000000000e+00 pn(zj):   1.1428285363825774e-01
zj:   0.0000000000000000e+00 f(zj):   0.0000000000000000e+00 pn(zj):   1.1345249571332061e-01
zj:   0.0000000000000000e+00 f(zj):   0.0000000000000000e+00 pn(zj):   1.1262717887606355e-01
zj:   0.0000000000000000e+00 f(zj):   0.0000000000000000e+00 pn(zj):   1.1180687984878901e-01
zj:   0.0000000000000000e+00 f(zj):   0.0000000000000000e+00 pn(zj):   1.1099157543444793e-01
zj:   0.0000000000000000e+00 f(zj):   0.0000000000000000e+00 pn(zj):   1.1018124251643657e-01
zj:   0.0000000000000000e+00 f(zj):   0.0000000000000000e+00 pn(zj):   1.0937585805838979e-01
zj:   0.0000000000000000e+00 f(zj):   0.0000000000000000e+00 pn(zj):   1.0857539910397773e-01
zj:   0.0000000000000000e+00 f(zj):   0.0000000000000000e+00 pn(zj):   1.0777984277670183e-01
zj:   0.0000000000000000e+00 f(zj):   0.0000000000000000e+00 pn(zj):   1.0698916627969046e-01
zj:   0.0000000000000000e+00 f(zj):   0.0000000000000000e+00 pn(zj):   1.0620334689549660e-01
zj:   0.0000000000000000e+00 f(zj):   0.0000000000000000e+00 pn(zj):   1.0542236198589439e-01
zj:   0.0000000000000000e+00 f(zj):   0.0000000000000000e+00 pn(zj):   1.0464618899167655e-01
zj:   0.0000000000000000e+00 f(zj):   0.0000000000000000e+00 pn(zj):   1.0387480543245287e-01
zj:   0.0000000000000000e+00 f(zj):   0.0000000000000000e+00 pn(zj):   1.0310818890644691e-01
zj:   0.0000000000000000e+00 f(zj):   0.0000000000000000e+00 pn(zj):   1.0234631709029651e-01
zj:   0.0000000000000000e+00 f(zj):   0.0000000000000000e+00 pn(zj):   1.0158916773885096e-01
zj:   0.0000000000000000e+00 f(zj):   0.0000000000000000e+00 pn(zj):   1.0083671868497146e-01
zj:   0.0000000000000000e+00 f(zj):   0.0000000000000000e+00 pn(zj):   1.0008894783932998e-01
zj:   0.0000000000000000e+00 f(zj):   0.0000000000000000e+00 pn(zj):   9.9345833190209509e-02
zj:   0.0000000000000000e+00 f(zj):   0.0000000000000000e+00 pn(zj):   9.8607352803304238e-02
zj:   0.0000000000000000e+00 f(zj):   0.0000000000000000e+00 pn(zj):   9.7873484821521251e-02
zj:   0.0000000000000000e+00 f(zj):   0.0000000000000000e+00 pn(zj):   9.7144207464779475e-02
zj:   0.0000000000000000e+00 f(zj):   0.0000000000000000e+00 pn(zj):   9.6419499029813283e-02
zj:   0.0000000000000000e+00 f(zj):   0.0000000000000000e+00 pn(zj):   9.5699337889972869e-02
zj:   0.0000000000000000e+00 f(zj):   0.0000000000000000e+00 pn(zj):   9.4983702495027411e-02
zj:   0.0000000000000000e+00 f(zj):   0.0000000000000000e+00 pn(zj):   9.4272571370965896e-02
zj:   0.0000000000000000e+00 f(zj):   0.0000000000000000e+00 pn(zj):   9.3565923119802386e-02
zj:   0.0000000000000000e+00 f(zj):   0.0000000000000000e+00 pn(zj):   9.2863736419376730e-02
zj:   0.0000000000000000e+00 f(zj):   0.0000000000000000e+00 pn(zj):   9.2165990023159727e-02
zj:   0.0000000000000000e+00 f(zj):   0.0000000000000000e+00 pn(zj):   9.1472662760056278e-02
zj:   0.0000000000000000e+00 f(zj):   0.0000000000000000e+00 pn(zj):   9.0783733534210320e-02
zj:   0.0000000000000000e+00 f(zj):   0.0000000000000000e+00 pn(zj):   9.0099181324808653e-02
zj:   0.0000000000000000e+00 f(zj):   0.0000000000000000e+00 pn(zj):   8.9418985185886313e-02
zj:   0.0000000000000000e+00 f(zj):   0.0000000000000000e+00 pn(zj):   8.8743124246131955e-02
zj:   0.0000000000000000e+00 f(zj):   0.0000000000000000e+00 pn(zj):   8.8071577708693005e-02
zj:   0.0000000000000000e+00 f(zj):   0.0000000000000000e+00 pn(zj):   8.7404324850982373e-02
zj:   0.0000000000000000e+00 f(zj):   0.0000000000000000e+00 pn(zj):   8.6741345024484717e-02
zj:   0.0000000000000000e+00 f(zj):   0.0000000000000000e+00 pn(zj):   8.6082617654562599e-02
zj:   0.0000000000000000e+00 f(zj):   0.0000000000000000e+00 pn(zj):   8.5428122240263638e-02
zj:   0.0000000000000000e+00 f(zj):   0.0000000000000000e+00 pn(zj):   8.4777838354128998e-02
zj:   0.0000000000000000e+00 f(zj):   0.0000000000000000e+00 pn(zj):   8.4131745641999545e-02
zj:   0.0000000000000000e+00 f(zj):   0.0000000000000000e+00 pn(zj):   8.3489823822825548e-02
zj:   0.0000000000000000e+00 f(zj):   0.0000000000000000e+00 pn(zj):   8.2852052688473732e-02
zj:   0.0000000000000000e+00 f(zj):   0.0000000000000000e+00 pn(zj):   8.2218412103537197e-02
zj:   0.0000000000000000e+00 f(zj):   0.0000000000000000e+00 pn(zj):   8.1588882005143915e-02
zj:   0.0000000000000000e+00 f(zj):   0.0000000000000000e+00 pn(zj):   8.0963442402766650e-02
zj:   0.0000000000000000e+00 f(zj):   0.0000000000000000e+00 pn(zj):   8.0342073378032564e-02
zj:   0.0000000000000000e+00 f(zj):   0.0000000000000000e+00 pn(zj):   7.9724755084533250e-02
zj:   0.0000000000000000e+00 f(zj):   0.0000000000000000e+00 pn(zj):   7.9111467747636222e-02
zj:   0.0000000000000000e+00 f(zj):   0.0000000000000000e+00 pn(zj):   7.8502191664294507e-02
zj:   0.0000000000000000e+00 f(zj):   0.0000000000000000e+00 pn(zj):   7.7896907202858690e-02
zj:   0.0000000000000000e+00 f(zj):   0.0000000000000000e+00 pn(zj):   7.7295594802888723e-02
zj:   0.0000000000000000e+00 f(zj):   0.0000000000000000e+00 pn(zj):   7.6698234974965196e-02
zj:   0.0000000000000000e+00 f(zj):   0.0000000000000000e+00 pn(zj):   7.6104808300501814e-02
zj:   0.0000000000000000e+00 f(zj):   0.0000000000000000e+00 pn(zj):   7.5515295431558327e-02
zj:   0.0000000000000000e+00 f(zj):   0.0000000000000000e+00 pn(zj):   7.4929677090653790e-02
zj:   0.0000000000000000e+00 f(zj):   0.0000000000000000e+00 pn(zj):   7.4347934070578381e-02
zj:   0.0000000000000000e+00 f(zj):   0.0000000000000000e+00 pn(zj):   7.3770047234208991e-02
zj:   0.0000000000000000e+00 f(zj):   0.0000000000000000e+00 pn(zj):   7.3195997514322153e-02
zj:   0.0000000000000000e+00 f(zj):   0.0000000000000000e+00 pn(zj):   7.2625765913408191e-02
zj:   0.0000000000000000e+00 f(zj):   0.0000000000000000e+00 pn(zj):   7.2059333503486700e-02
zj:   0.0000000000000000e+00 f(zj):   0.0000000000000000e+00 pn(zj):   7.1496681425921360e-02
zj:   0.0000000000000000e+00 f(zj):   0.0000000000000000e+00 pn(zj):   7.0937790891234420e-02
zj:   0.0000000000000000e+00 f(zj):   0.0000000000000000e+00 pn(zj):   7.0382643178923843e-02
zj:   0.0000000000000000e+00 f(zj):   0.0000000000000000e+00 pn(zj):   6.9831219637278008e-02
zj:   0.0000000000000000e+00 f(zj):   0.0000000000000000e+00 pn(zj):   6.9283501683193638e-02
zj:   0.0000000000000000e+00 f(zj):   0.0000000000000000e+00 pn(zj):   6.8739470801990610e-02
zj:   0.0000000000000000e+00 f(zj):   0.0000000000000000e+00 pn(zj):   6.8199108547230658e-02
zj:   0.0000000000000000e+00 f(zj):   0.0000000000000000e+00 pn(zj):   6.7662396540534075e-02
zj:   0.0000000000000000e+00 f(zj):   0.0000000000000000e+00 pn(zj):   6.7129316471397638e-02
zj:   0.0000000000000000e+00 f(zj):   0.0000000000000000e+00 pn(zj):   6.6599850097012303e-02
zj:   0.0000000000000000e+00 f(zj):   0.0000000000000000e+00 pn(zj):   6.6073979242082692e-02
zj:   0.0000000000000000e+00 f(zj):   0.0000000000000000e+00 pn(zj):   6.5551685798644233e-02
zj:   0.0000000000000000e+00 f(zj):   0.0000000000000000e+00 pn(zj):   6.5032951725883859e-02
zj:   0.0000000000000000e+00 f(zj):   0.0000000000000000e+00 pn(zj):   6.4517759049958157e-02
zj:   0.0000000000000000e+00 f(zj):   0.0000000000000000e+00 pn(zj):   6.4006089863814619e-02
zj:   0.0000000000000000e+00 f(zj):   0.0000000000000000e+00 pn(zj):   6.3497926327009790e-02
zj:   0.0000000000000000e+00 f(zj):   0.0000000000000000e+00 pn(zj):   6.2993250665531741e-02
zj:   0.0000000000000000e+00 f(zj):   0.0000000000000000e+00 pn(zj):   6.2492045171619437e-02
zj:   0.0000000000000000e+00 f(zj):   0.0000000000000000e+00 pn(zj):   6.1994292203584100e-02
zj:   0.0000000000000000e+00 f(zj):   0.0000000000000000e+00 pn(zj):   6.1499974185631578e-02
zj:   0.0000000000000000e+00 f(zj):   0.0000000000000000e+00 pn(zj):   6.1009073607682818e-02
zj:   0.0000000000000000e+00 f(zj):   0.0000000000000000e+00 pn(zj):   6.0521573025196895e-02
zj:   0.0000000000000000e+00 f(zj):   0.0000000000000000e+00 pn(zj):   6.0037455058993272e-02
zj:   0.0000000000000000e+00 f(zj):   0.0000000000000000e+00 pn(zj):   5.9556702395074268e-02
zj:   0.0000000000000000e+00 f(zj):   0.0000000000000000e+00 pn(zj):   5.9079297784448759e-02
zj:   0.0000000000000000e+00 f(zj):   0.0000000000000000e+00 pn(zj):   5.8605224042954318e-02
zj:   0.0000000000000000e+00 f(zj):   0.0000000000000000e+00 pn(zj):   5.8134464051083357e-02
zj:   0.0000000000000000e+00 f(zj):   0.0000000000000000e+00 pn(zj):   5.7667000753804598e-02
zj:   0.0000000000000000e+00 f(zj):   0.0000000000000000e+00 pn(zj):   5.7202817160389441e-02
zj:   0.0000000000000000e+00 f(zj):   0.0000000000000000e+00 pn(zj):   5.6741896344235765e-02
zj:   0.0000000000000000e+00 f(zj):   0.0000000000000000e+00 pn(zj):   5.6284221442693405e-02
zj:   0.0000000000000000e+00 f(zj):   0.0000000000000000e+00 pn(zj):   5.5829775656889513e-02
zj:   0.0000000000000000e+00 f(zj):   0.0000000000000000e+00 pn(zj):   5.5378542251554030e-02
zj:   0.0000000000000000e+00 f(zj):   0.0000000000000000e+00 pn(zj):   5.4930504554846604e-02
zj:   0.0000000000000000e+00 f(zj):   0.0000000000000000e+00 pn(zj):   5.4485645958182061e-02
zj:   0.0000000000000000e+00 f(zj):   0.0000000000000000e+00 pn(zj):   5.4043949916057321e-02
zj:   0.0000000000000000e+00 f(zj):   0.0000000000000000e+00 pn(zj):   5.3605399945878984e-02
zj:   0.0000000000000000e+00 f(zj):   0.0000000000000000e+00 pn(zj):   5.3169979627790687e-02
zj:   0.0000000000000000e+00 f(zj):   0.0000000000000000e+00 pn(zj):   5.2737672604500130e-02
zj:   0.0000000000000000e+00 f(zj):   0.0000000000000000e+00 pn(zj):   5.2308462581107773e-02
zj:   0.0000000000000000e+00 f(zj):   0.0000000000000000e+00 pn(zj):   5.1882333324934859e-02
zj:   0.0000000000000000e+00 f(zj):   0.0000000000000000e+00 pn(zj):   5.1459268665352775e-02
zj:   0.0000000000000000e+00 f(zj):   0.0000000000000000e+00 pn(zj):   5.1039252493611409e-02
zj:   0.0000000000000000e+00 f(zj):   0.0000000000000000e+00 pn(zj):   5.0622268762668177e-02
zj:   0.0000000000000000e+00 f(zj):   0.0000000000000000e+00 pn(zj):   5.0208301487018936e-02
zj:   0.0000000000000000e+00 f(zj):   0.0000000000000000e+00 pn(zj):   4.9797334742527122e-02
zj:   0.0000000000000000e+00 f(zj):   0.0000000000000000e+00 pn(zj):   4.9389352666254216e-02
zj:   0.0000000000000000e+00 f(zj):   0.0000000000000000e+00 pn(zj):   4.8984339456290216e-02
zj:   0.0000000000000000e+00 f(zj):   0.0000000000000000e+00 pn(zj):   4.8582279371584880e-02
zj:   0.0000000000000000e+00 f(zj):   0.0000000000000000e+00 pn(zj):   4.8183156731779753e-02
zj:   0.0000000000000000e+00 f(zj):   0.0000000000000000e+00 pn(zj):   4.7786955917037743e-02
zj:   0.0000000000000000e+00 f(zj):   0.0000000000000000e+00 pn(zj):   4.7393661367877371e-02
zj:   0.0000000000000000e+00 f(zj):   0.0000000000000000e+00 pn(zj):   4.7003257585003344e-02
zj:   0.0000000000000000e+00 f(zj):   0.0000000000000000e+00 pn(zj):   4.6615729129140471e-02
zj:   0.0000000000000000e+00 f(zj):   0.0000000000000000e+00 pn(zj):   4.6231060620865461e-02
zj:   0.0000000000000000e+00 f(zj):   0.0000000000000000e+00 pn(zj):   4.5849236740440724e-02
zj:   0.0000000000000000e+00 f(zj):   0.0000000000000000e+00 pn(zj):   4.5470242227647617e-02
zj:   0.0000000000000000e+00 f(zj):   0.0000000000000000e+00 pn(zj):   4.5094061881620906e-02
zj:   0.0000000000000000e+00 f(zj):   0.0000000000000000e+00 pn(zj):   4.4720680560682124e-02
zj:   0.0000000000000000e+00 f(zj):   0.0000000000000000e+00 pn(zj):   4.4350083182174704e-02
zj:   0.0000000000000000e+00 f(zj):   0.0000000000000000e+00 pn(zj):   4.3982254722298664e-02
zj:   0.0000000000000000e+00 f(zj):   0.0000000000000000e+00 pn(zj):   4.3617180215945628e-02
zj:   0.0000000000000000e+00 f(zj):   0.0000000000000000e+00 pn(zj):   4.3254844756534405e-02
zj:   0.0000000000000000e+00 f(zj):   0.0000000000000000e+00 pn(zj):   4.2895233495846341e-02
zj:   0.0000000000000000e+00 f(zj):   0.0000000000000000e+00 pn(zj):   4.2538331643862448e-02
zj:   0.0000000000000000e+00 f(zj):   0.0000000000000000e+00 pn(zj):   4.2184124468598427e-02
zj:   0.0000000000000000e+00 f(zj):   0.0000000000000000e+00 pn(zj):   4.1832597295942908e-02
zj:   0.0000000000000000e+00 f(zj):   0.0000000000000000e+00 pn(zj):   4.1483735509492914e-02
zj:   0.0000000000000000e+00 f(zj):   0.0000000000000000e+00 pn(zj):   4.1137524550392546e-02
zj:   0.0000000000000000e+00 f(zj):   0.0000000000000000e+00 pn(zj):   4.0793949917169892e-02
zj:   0.0000000000000000e+00 f(zj):   0.0000000000000000e+00 pn(zj):   4.0452997165575599e-02
zj:   0.0000000000000000e+00 f(zj):   0.0000000000000000e+00 pn(zj):   4.0114651908420229e-02
zj:   0.0000000000000000e+00 f(zj):   0.0000000000000000e+00 pn(zj):   3.9778899815414270e-02
zj:   0.0000000000000000e+00 f(zj):   0.0000000000000000e+00 pn(zj):   3.9445726613005383e-02
zj:   0.0000000000000000e+00 f(zj):   0.0000000000000000e+00 pn(zj):   3.9115118084219302e-02
zj:   0.0000000000000000e+00 f(zj):   0.0000000000000000e+00 pn(zj):   3.8787060068498302e-02
zj:   0.0000000000000000e+00 f(zj):   0.0000000000000000e+00 pn(zj):   3.8461538461541434e-02
