zj:   0.0000000000000000e+00 f(zj):   1.0000000000000000e+00 pn(zj):   3.8044099508657472e+00
zj:   1.0000000000000000e+00 f(zj):   3.8461538461538464e-02 pn(zj):   3.7963491127446836e+00
zj:   2.0000000000000000e+00 f(zj):   9.9009900990099011e-03 pn(zj):   3.7882993004380507e+00
zj:   3.0000000000000000e+00 f(zj):   4.4247787610619468e-03 pn(zj):   3.7802605066448174e+00
zj:   4.0000000000000000e+00 f(zj):   2.4937655860349127e-03 pn(zj):   3.7722327240639548e+00
zj:  2.4209216646221081e-322 f(zj):  2.3764557564963959e-321 pn(zj):   3.7642159453944322e+00
zj:   1.0000000000000000e+00 f(zj):  2.0861577729517742e-314 pn(zj):   3.7562101633352207e+00
zj:  -9.6153846153846156e-01 f(zj):  4.6872680152596561e-310 pn(zj):   3.7482153705852892e+00
zj:   4.6648895658796652e-01 f(zj):  4.6872680152596561e-310 pn(zj):   3.7402315598436098e+00
zj:  -1.5164892935855875e-01 f(zj):  4.6872680152596561e-310 pn(zj):   3.7322587238091516e+00
zj:   2.4937655860349127e-03 f(zj):  4.6872680152596561e-310 pn(zj):   3.7242968551808846e+00
zj:  2.4209216646221081e-322 f(zj):  4.6872680153107425e-310 pn(zj):   3.7163459466577797e+00
zj:   1.0000000000000000e+00 f(zj):  4.6872680154620254e-310 pn(zj):   3.7084059909388056e+00
zj:   3.8461538461538464e-02 f(zj):  4.6872680152596561e-310 pn(zj):   3.7004769807229345e+00
zj:   9.9009900990099011e-03 f(zj):  4.6872680154620254e-310 pn(zj):   3.6925589087091359e+00
zj:   4.4247787610619468e-03 f(zj):   0.0000000000000000e+00 pn(zj):   3.6846517675963795e+00
zj:   2.4937655860349127e-03 f(zj):   0.0000000000000000e+00 pn(zj):   3.6767555500836360e+00
zj:  2.3764557564963959e-321 f(zj):   0.0000000000000000e+00 pn(zj):   3.6688702488698746e+00
zj:  2.0861577729517742e-314 f(zj):   0.0000000000000000e+00 pn(zj):   3.6609958566540670e+00
zj:  4.6872680152596561e-310 f(zj):  6.9065612585382653e-310 pn(zj):   3.6531323661351824e+00
zj:  4.6872680152596561e-310 f(zj):  1.4821969375237396e-323 pn(zj):   3.6452797700121913e+00
zj:  4.6872680152596561e-310 f(zj):   0.0000000000000000e+00 pn(zj):   3.6374380609840635e+00
zj:  4.6872680152596561e-310 f(zj):   0.0000000000000000e+00 pn(zj):   3.6296072317497701e+00
zj:  4.6872680153664731e-310 f(zj):  4.6872680152470080e-310 pn(zj):   3.6217872750082809e+00
zj:  4.6872680154620254e-310 f(zj):                     -nan pn(zj):   3.6139781834585656e+00
zj:  4.6872680152596561e-310 f(zj):   0.0000000000000000e+00 pn(zj):   3.6061799497995946e+00
zj:  4.6872680154620254e-310 f(zj):  4.6872680152477985e-310 pn(zj):   3.5983925667303382e+00
zj:   0.0000000000000000e+00 f(zj):   0.0000000000000000e+00 pn(zj):   3.5906160269497671e+00
zj:   0.0000000000000000e+00 f(zj):   0.0000000000000000e+00 pn(zj):   3.5828503231568507e+00
zj:   0.0000000000000000e+00 f(zj):   0.0000000000000000e+00 pn(zj):   3.5750954480505595e+00
zj:   0.0000000000000000e+00 f(zj):  2.1219957904712067e-314 pn(zj):   3.5673513943298638e+00
zj:  6.9065612585382653e-310 f(zj):   0.0000000000000000e+00 pn(zj):   3.5596181546937338e+00
zj:  1.4821969375237396e-323 f(zj):   0.0000000000000000e+00 pn(zj):   3.5518957218411398e+00
zj:   0.0000000000000000e+00 f(zj):  6.9065612587264055e-310 pn(zj):   3.5441840884710514e+00
zj:   0.0000000000000000e+00 f(zj):   0.0000000000000000e+00 pn(zj):   3.5364832472824399e+00
zj:  4.6872680152470080e-310 f(zj):   0.0000000000000000e+00 pn(zj):   3.5287931909742740e+00
zj:                     -nan f(zj):   0.0000000000000000e+00 pn(zj):   3.5211139122455251e+00
zj:   0.0000000000000000e+00 f(zj):   0.0000000000000000e+00 pn(zj):   3.5134454037951635e+00
zj:  4.6872680152477985e-310 f(zj):   0.0000000000000000e+00 pn(zj):   3.5057876583221579e+00
zj:   0.0000000000000000e+00 f(zj):   0.0000000000000000e+00 pn(zj):   3.4981406685254801e+00
zj:   0.0000000000000000e+00 f(zj):   0.0000000000000000e+00 pn(zj):   3.4905044271040997e+00
zj:   0.0000000000000000e+00 f(zj):   0.0000000000000000e+00 pn(zj):   3.4828789267569866e+00
zj:  2.1219957904712067e-314 f(zj):   0.0000000000000000e+00 pn(zj):   3.4752641601831118e+00
zj:   0.0000000000000000e+00 f(zj):   0.0000000000000000e+00 pn(zj):   3.4676601200814448e+00
zj:   0.0000000000000000e+00 f(zj):   0.0000000000000000e+00 pn(zj):   3.4600667991509564e+00
zj:  6.9065612587264055e-310 f(zj):   0.0000000000000000e+00 pn(zj):   3.4524841900906154e+00
zj:   0.0000000000000000e+00 f(zj):   0.0000000000000000e+00 pn(zj):   3.4449122855993939e+00
zj:   0.0000000000000000e+00 f(zj):   0.0000000000000000e+00 pn(zj):   3.4373510783762606e+00
zj:   0.0000000000000000e+00 f(zj):   0.0000000000000000e+00 pn(zj):   3.4298005611201869e+00
zj:   0.0000000000000000e+00 f(zj):   0.0000000000000000e+00 pn(zj):   3.4222607265301415e+00
zj:   0.0000000000000000e+00 f(zj):   0.0000000000000000e+00 pn(zj):   3.4147315673050960e+00
zj:   0.0000000000000000e+00 f(zj):   0.0000000000000000e+00 pn(zj):   3.4072130761440205e+00
zj:   0.0000000000000000e+00 f(zj):   0.0000000000000000e+00 pn(zj):   3.3997052457458841e+00
zj:   0.0000000000000000e+00 f(zj):   0.0000000000000000e+00 pn(zj):   3.3922080688096581e+00
zj:   0.0000000000000000e+00 f(zj):   0.0000000000000000e+00 pn(zj):   3.3847215380343121e+00
zj:   0.0000000000000000e+00 f(zj):   0.0000000000000000e+00 pn(zj):   3.3772456461188165e+00
zj:   0.0000000000000000e+00 f(zj):   0.0000000000000000e+00 pn(zj):   3.3697803857621413e+00
zj:   0.0000000000000000e+00 f(zj):   0.0000000000000000e+00 pn(zj):   3.3623257496632566e+00
zj:   0.0000000000000000e+00 f(zj):   0.0000000000000000e+00 pn(zj):   3.3548817305211336e+00
zj:   0.0000000000000000e+00 f(zj):   0.0000000000000000e+00 pn(zj):   3.3474483210347414e+00
zj:   0.0000000000000000e+00 f(zj):   0.0000000000000000e+00 pn(zj):   3.3400255139030506e+00
zj:   0.0000000000000000e+00 f(zj):   0.0000000000000000e+00 pn(zj):   3.3326133018250310e+00
zj:   0.0000000000000000e+00 f(zj):   0.0000000000000000e+00 pn(zj):   3.3252116774996536e+00
zj:   0.0000000000000000e+00 f(zj):   0.0000000000000000e+00 pn(zj):   3.3178206336258880e+00
zj:   0.0000000000000000e+00 f(zj):  6.9065612586600031e-310 pn(zj):   3.3104401629027045e+00
zj:   0.0000000000000000e+00 f(zj):  2.0320920013450470e-320 pn(zj):   3.3030702580290732e+00
zj:   0.0000000000000000e+00 f(zj):  1.2566263866505099e+232 pn(zj):   3.2957109117039645e+00
zj:   0.0000000000000000e+00 f(zj):  6.0513972685449602e-154 pn(zj):   3.2883621166263488e+00
zj:   0.0000000000000000e+00 f(zj):   1.5200578820684342e-47 pn(zj):   3.2810238654951953e+00
zj:   0.0000000000000000e+00 f(zj):   2.7432222736666329e-57 pn(zj):   3.2736961510094758e+00
zj:   0.0000000000000000e+00 f(zj):  1.3160769791567145e-259 pn(zj):   3.2663789658681597e+00
zj:   0.0000000000000000e+00 f(zj):   3.2424566200869199e-86 pn(zj):   3.2590723027702166e+00
zj:   0.0000000000000000e+00 f(zj):   1.3980432860952889e-76 pn(zj):   3.2517761544146171e+00
zj:   0.0000000000000000e+00 f(zj):   1.3980432860952889e-76 pn(zj):   3.2444905135003315e+00
zj:   0.0000000000000000e+00 f(zj):  2.7680678906616326e+280 pn(zj):   3.2372153727263302e+00
zj:   0.0000000000000000e+00 f(zj):   3.2424566200750214e-86 pn(zj):   3.2299507247915833e+00
zj:  6.9065612586600031e-310 f(zj):   1.3980432860952889e-76 pn(zj):   3.2226965623950612e+00
zj:  2.0320920013450470e-320 f(zj):   1.3980432860952889e-76 pn(zj):   3.2154528782357330e+00
zj:  1.2566263866505099e+232 f(zj):  6.1799880953825233e-114 pn(zj):   3.2082196650125705e+00
zj:  6.0513972685449602e-154 f(zj):   1.9599449513787718e-62 pn(zj):   3.2009969154245428e+00
zj:   1.5200578820684342e-47 f(zj):   9.9600585531024179e-43 pn(zj):   3.1937846221706203e+00
zj:   2.7432222736666329e-57 f(zj):   1.4521633982662906e-47 pn(zj):   3.1865827779497735e+00
zj:  1.3160769791567145e-259 f(zj):  8.1642195725457907e+204 pn(zj):   3.1793913754609719e+00
zj:   3.2424566200869199e-86 f(zj):   1.1100474310829940e-47 pn(zj):   3.1722104074031865e+00
zj:   1.3980432860952889e-76 f(zj):   8.6126141101764271e-67 pn(zj):   3.1650398664753876e+00
zj:   1.3980432860952889e-76 f(zj):   3.5728060436300339e-62 pn(zj):   3.1578797453765439e+00
zj:  2.7680678906616326e+280 f(zj):  3.5230863936820267e-109 pn(zj):   3.1507300368056277e+00
zj:   3.2424566200750214e-86 f(zj):   1.3973685027430247e-76 pn(zj):   3.1435907334616080e+00
zj:   1.3980432860952889e-76 f(zj):   1.3980432860952889e-76 pn(zj):   3.1364618280434549e+00
zj:   5.3485037281915189e-38 f(zj):   1.2108942892349278e-99 pn(zj):   3.1293433132501387e+00
zj:   4.6645091318312648e-33 f(zj):   5.2094106146790348e-90 pn(zj):   3.1222351817806300e+00
zj:  2.7680679314197621e+280 f(zj):  3.5230863936829958e-109 pn(zj):   3.1151374263338991e+00
zj:   3.4435330884136163e-86 f(zj):   1.0289762740598581e-71 pn(zj):   3.1080500396089157e+00
zj:   5.3485037281915189e-38 f(zj):   9.3544384058243831e-67 pn(zj):   3.1009730143046497e+00
zj:   4.6645091318312648e-33 f(zj):   5.2084480768800106e-90 pn(zj):   3.0939063431200720e+00
zj:  6.1799881683249009e-114 f(zj):  8.2012590046520733e+204 pn(zj):   3.0868500187541530e+00
zj:   1.9599449513787718e-62 f(zj):   8.5462147653085243e-72 pn(zj):   3.0798040339058619e+00
zj:   5.0580740763449992e-38 f(zj):   4.1810884043033666e-62 pn(zj):   3.0727683812741695e+00
zj:   3.3779771625136003e-57 f(zj):  3.7636642940016433e+179 pn(zj):   3.0657430535580463e+00
zj:  8.1642195725457962e+204 f(zj):  1.9701896698966844e-153 pn(zj):   3.0587280434564619e+00
zj:   3.0556296423427782e-57 f(zj):   2.1102066468280272e-52 pn(zj):   3.0517233436683870e+00
zj:   1.3694538291855225e-71 f(zj):   1.0877851917744993e-71 pn(zj):   3.0447289468927909e+00
zj:   5.2094106146790348e-90 f(zj):   4.6617496505586276e-62 pn(zj):   3.0377448458286449e+00
zj:  3.5230863936829958e-109 f(zj):  1.9512347655568931e-153 pn(zj):   3.0307710331749185e+00
zj:   1.0289762740598581e-71 f(zj):   4.0127222331986601e-57 pn(zj):   3.0238075016305825e+00
zj:   9.3544384058243831e-67 f(zj):   4.4704173360429666e-33 pn(zj):   3.0168542438946062e+00
zj:   5.2084480768800106e-90 f(zj):   2.1743562883737396e-76 pn(zj):   3.0099112526659608e+00
zj:  8.2012590046520733e+204 f(zj):   1.6039704617400945e-28 pn(zj):   3.0029785206436159e+00
zj:   8.5462147653085243e-72 f(zj):   6.7478290763014541e-67 pn(zj):   2.9960560405265415e+00
zj:   4.1810884043033666e-62 f(zj):   6.8155937332451297e-38 pn(zj):   2.9891438050137085e+00
zj:  3.7636642940016433e+179 f(zj):   1.1829506974640955e-76 pn(zj):   2.9822418068040868e+00
zj:  1.9701896698966844e-153 f(zj):   2.9907127702001680e-67 pn(zj):   2.9753500385966465e+00
zj:   2.1102066468280272e-52 f(zj):   4.4704056614567416e-33 pn(zj):   2.9684684930903575e+00
zj:   1.0877851917744993e-71 f(zj):   8.2402672038015739e-67 pn(zj):   2.9615971629841900e+00
zj:   4.6617496505586276e-62 f(zj):  8.5982517002678191e+183 pn(zj):   2.9547360409771146e+00
zj:  1.9512347655568931e-153 f(zj):   1.9599930497426634e-62 pn(zj):   2.9478851197681020e+00
zj:   4.0127222331986601e-57 f(zj):   5.4012577174684763e-62 pn(zj):   2.9410443920561216e+00
zj:   4.4704173360429666e-33 f(zj):   2.6334481887685979e-52 pn(zj):   2.9342138505401438e+00
zj:   2.1743562883737396e-76 f(zj):  1.2593554491124365e+232 pn(zj):   2.9273934879191383e+00
zj:   1.6039704617400945e-28 f(zj):  6.0513972685449602e-154 pn(zj):   2.9205832968920760e+00
zj:   6.7478290763014541e-67 f(zj):   4.1829800556886256e-62 pn(zj):   2.9137832701579272e+00
zj:   6.8155937332451297e-38 f(zj):   5.6423729364275209e-38 pn(zj):   2.9069934004156615e+00
zj:   1.1829506974640955e-76 f(zj):  1.3160769790245838e-259 pn(zj):   2.9002136803642493e+00
zj:   2.9907127702001680e-67 f(zj):   3.8456860251027045e-86 pn(zj):   2.8934441027026616e+00
zj:   4.4704056614567416e-33 f(zj):   4.7607521558629941e-38 pn(zj):   2.8866846601298670e+00
zj:   8.2402672038015739e-67 f(zj):   5.3946330752265382e-62 pn(zj):   2.8799353453448369e+00
zj:  8.5982517002678191e+183 f(zj):  2.7680679314461768e+280 pn(zj):   2.8731961510465411e+00
zj:   1.9599930497426634e-62 f(zj):   3.4435330884136163e-86 pn(zj):   2.8664670699339498e+00
zj:   5.4012577174684763e-62 f(zj):   8.1664446554670781e-43 pn(zj):   2.8597480947060339e+00
zj:   2.6334481887685979e-52 f(zj):   1.3701179708540599e-71 pn(zj):   2.8530392180617614e+00
zj:  1.2593554491124365e+232 f(zj):  6.1799881078156523e-114 pn(zj):   2.8463404327001056e+00
zj:  6.0513972685449602e-154 f(zj):   1.9599449513787718e-62 pn(zj):   2.8396517313200347e+00
zj:   4.1829800556886256e-62 f(zj):   1.3997300789467444e-76 pn(zj):   2.8329731066205195e+00
zj:   5.6423729364275209e-38 f(zj):   1.7982187256326988e-52 pn(zj):   2.8263045513005292e+00
zj:  1.3160769790245838e-259 f(zj):  8.1642195725457940e+204 pn(zj):   2.8196460580590359e+00
zj:   3.8456860251027045e-86 f(zj):   3.0556296423427782e-57 pn(zj):   2.8129976195950084e+00
zj:  6.0513972685449602e-154 f(zj):   1.3694538291855225e-71 pn(zj):   2.8063592286074166e+00
zj:   4.8525853231723430e-33 f(zj):   9.3500973831058958e-67 pn(zj):   2.7997308777952323e+00
zj:   1.8328945020799754e-76 f(zj):   1.1771431976268221e-47 pn(zj):   2.7931125598574242e+00
zj:  1.3160769790812938e-259 f(zj):  8.1642195725457929e+204 pn(zj):   2.7865042674929632e+00
zj:   1.3045549096312291e-76 f(zj):   2.5245602067537340e-52 pn(zj):   2.7799059934008188e+00
zj:   6.5228637450789163e-38 f(zj):   1.0864604103571932e-71 pn(zj):   2.7733177302799623e+00
zj:  2.9481542051860126e+179 f(zj):   5.2007626658932859e-90 pn(zj):   2.7667394708293633e+00
zj:  2.7680679178429828e+280 f(zj):  3.5230863936823907e-109 pn(zj):   2.7601712077479919e+00
zj:   3.4435330884136163e-86 f(zj):   2.0025438147734077e-52 pn(zj):   2.7536129337348187e+00
zj:   8.9762902268901817e-67 f(zj):   1.0877869326071824e-71 pn(zj):   2.7470646414888131e+00
zj:   1.8997640283031288e-52 f(zj):   5.2084406885525847e-90 pn(zj):   2.7405263237089459e+00
zj:  6.1799881078156523e-114 f(zj):  8.2012590046514996e+204 pn(zj):   2.7339979730941870e+00
zj:   2.9906386587200498e-67 f(zj):   6.7701331115364892e-43 pn(zj):   2.7274795823435074e+00
zj:   9.3500973831058958e-67 f(zj):   1.0411977388136574e-42 pn(zj):   2.7209711441558766e+00
zj:   1.1771431976268221e-47 f(zj):  3.1115035012479957e+179 pn(zj):   2.7144726512302650e+00
zj:  8.1642195725457929e+204 f(zj):  1.9701896698966844e-153 pn(zj):   2.7079840962656423e+00
zj:   2.5245602067537340e-52 f(zj):   5.3485216292937395e-38 pn(zj):   2.7015054719609788e+00
zj:   1.0864604103571932e-71 f(zj):   4.4658975487404825e-33 pn(zj):   2.6950367710152454e+00
zj:   5.2007626658932859e-90 f(zj):   1.5858569643380730e-47 pn(zj):   2.6885779861274122e+00
zj:  3.5230863936823907e-109 f(zj):  1.9512347655568931e-153 pn(zj):   2.6821291099964486e+00
zj:   2.0025438147734077e-52 f(zj):   1.3139560659613498e-71 pn(zj):   2.6756901353213256e+00
zj:   1.0877869326071824e-71 f(zj):   1.2461005637720731e-47 pn(zj):   2.6692610548010127e+00
zj:   5.2084406885525847e-90 f(zj):   9.0478255952359740e-43 pn(zj):   2.6628418611344808e+00
zj:  8.2012590046514996e+204 f(zj):   1.6039704617400945e-28 pn(zj):   2.6564325470206995e+00
zj:   6.7701331115364892e-43 f(zj):   6.1295603296434462e-62 pn(zj):   2.6500331051586397e+00
zj:   1.0411977388136574e-42 f(zj):   2.5290480777898816e-52 pn(zj):   2.6436435282472708e+00
zj:  3.1115035012479957e+179 f(zj):   1.1829520255238223e-76 pn(zj):   2.6372638089855633e+00
zj:  1.9701896698966844e-153 f(zj):   4.5634655307009399e-72 pn(zj):   2.6308939400724878e+00
zj:   5.3485216292937395e-38 f(zj):   4.2785649602187619e-33 pn(zj):   2.6245339142070141e+00
zj:   4.4658975487404825e-33 f(zj):   6.1248237612346525e-62 pn(zj):   2.6181837240881123e+00
zj:   1.5858569643380730e-47 f(zj):  8.6169002070073407e+183 pn(zj):   2.6118433624147528e+00
zj:  1.9512347655568931e-153 f(zj):   2.3694862040991260e-38 pn(zj):   2.6055128218859056e+00
zj:   1.3139560659613498e-71 f(zj):   2.6301855116423435e-52 pn(zj):   2.5991920952005412e+00
zj:   1.2461005637720731e-47 f(zj):   9.3530064762225821e-67 pn(zj):   2.5928811750576295e+00
zj:   9.0478255952359740e-43 f(zj):  1.2578393227536414e+232 pn(zj):   2.5865800541561410e+00
zj:   1.6039704617400945e-28 f(zj):  6.0513972685449602e-154 pn(zj):   2.5802887251950457e+00
zj:   6.1295603296434462e-62 f(zj):   1.8318863940458946e-76 pn(zj):   2.5740071808733140e+00
zj:   2.5290480777898816e-52 f(zj):   3.5097093818799020e-33 pn(zj):   2.5677354138899160e+00
zj:   1.1829520255238223e-76 f(zj):  1.3160769790430682e-259 pn(zj):   2.5614734169438211e+00
zj:   4.5634655307009399e-72 f(zj):   3.4435330884255147e-86 pn(zj):   2.5552211827340008e+00
zj:   4.2785649602187619e-33 f(zj):   2.1766544720824564e-76 pn(zj):   2.5489787039594249e+00
zj:   6.1248237612346525e-62 f(zj):   1.4260474986364902e-71 pn(zj):   2.5427459733190632e+00
zj:  8.6169002070073407e+183 f(zj):  2.7680679314197621e+280 pn(zj):   2.5365229835118859e+00
zj:   2.3694862040991260e-38 f(zj):   3.6446095567522111e-86 pn(zj):   2.5303097272368635e+00
zj:   2.6301855116423435e-52 f(zj):   1.5707745896640123e-76 pn(zj):   2.5241061971929666e+00
zj:   9.3530064762225821e-67 f(zj):   1.7445113192685798e-76 pn(zj):   2.5179123860791641e+00
zj:  1.2578393227536414e+232 f(zj):  6.1799881198229563e-114 pn(zj):   2.5117282865944275e+00
zj:  6.0513972685449602e-154 f(zj):   2.9906386587200498e-67 pn(zj):   2.5055538914377262e+00
zj:  6.0136181703254192e-154 f(zj):   4.0807322344193090e-33 pn(zj):   2.4993891933080308e+00
zj:   5.6458033680942310e-38 f(zj):   4.4232254251174842e-62 pn(zj):   2.4932341849043116e+00
zj:   2.5789395987538941e-57 f(zj):   2.1753024557264589e-76 pn(zj):   2.4870888589255387e+00
zj:  1.2587560860979493e+232 f(zj):  6.1799881318302603e-114 pn(zj):   2.4809532080706820e+00
zj:  6.0513972685449602e-154 f(zj):   2.9906386587200498e-67 pn(zj):   2.4748272250387116e+00
zj:   2.2141941716522511e-52 f(zj):   1.4273749048103963e-71 pn(zj):   2.4687109025285983e+00
zj:   1.0403246588598274e-42 f(zj):   1.6571388850066268e-76 pn(zj):   2.4626042332393121e+00
zj:  1.3160769790432888e-259 f(zj):  8.1642195725457951e+204 pn(zj):   2.4565072098698231e+00
zj:   1.3045549096312291e-76 f(zj):   3.5335572156825139e-57 pn(zj):   2.4504198251191012e+00
zj:   2.0029229827524660e-76 f(zj):   2.0909648412754761e-76 pn(zj):   2.4443420716861173e+00
zj:  2.9538402828466039e+179 f(zj):   5.2007551605241787e-90 pn(zj):   2.4382739422698405e+00
zj:  2.7680679178429828e+280 f(zj):  3.5230863936829958e-109 pn(zj):   2.4322154295692426e+00
zj:   4.0467624934294009e-86 f(zj):   7.4853571192144429e-67 pn(zj):   2.4261665262832919e+00
zj:   4.4232254251174842e-62 f(zj):   1.1996572623801619e-71 pn(zj):   2.4201272251109600e+00
zj:   2.1753024557264589e-76 f(zj):   5.2026840844484664e-90 pn(zj):   2.4140975187512166e+00
zj:  6.1799881318302603e-114 f(zj):  8.2012590046500738e+204 pn(zj):   2.4080773999030320e+00
zj:   2.9906386587200498e-67 f(zj):   2.4052344512655883e-57 pn(zj):   2.4020668612653764e+00
zj:   1.4273749048103963e-71 f(zj):   3.8540402527132164e-57 pn(zj):   2.3960658955372196e+00
zj:   1.6571388850066268e-76 f(zj):  3.5971367541627150e+179 pn(zj):   2.3900744954175326e+00
zj:  8.1642195725457951e+204 f(zj):  1.9701896698966844e-153 pn(zj):   2.3840926536052849e+00
zj:   3.5335572156825139e-57 f(zj):   4.6637655509816021e-33 pn(zj):   2.3781203627994469e+00
zj:   2.0909648412754761e-76 f(zj):   5.1572513871568568e-62 pn(zj):   2.3721576156989892e+00
zj:   5.2007551605241787e-90 f(zj):   9.4962411040315800e-43 pn(zj):   2.3662044050028812e+00
zj:  3.5230863936829958e-109 f(zj):  1.9512347655568931e-153 pn(zj):   2.3602607234100939e+00
zj:   7.4853571192144429e-67 f(zj):   5.1572252631585127e-62 pn(zj):   2.3543265636195967e+00
zj:   1.1996572623801619e-71 f(zj):   1.2463657358801209e-47 pn(zj):   2.3484019183303606e+00
zj:   5.2026840844484664e-90 f(zj):   1.5858569847773165e-47 pn(zj):   2.3424867802413551e+00
zj:  8.2012590046500738e+204 f(zj):   1.6039704617400945e-28 pn(zj):   2.3365811420515517e+00
zj:   2.4052344512655883e-57 f(zj):   1.0853372690704381e-42 pn(zj):   2.3306849964599188e+00
zj:   3.8540402527132164e-57 f(zj):   9.3544554735706603e-67 pn(zj):   2.3247983361654274e+00
zj:  3.5971367541627150e+179 f(zj):   1.1829553302658875e-76 pn(zj):   2.3189211538670476e+00
zj:  1.9701896698966844e-153 f(zj):   4.5634655307009399e-72 pn(zj):   2.3130534422637501e+00
zj:   4.6637655509816021e-33 f(zj):   1.9179094167762282e-76 pn(zj):   2.3071951940545041e+00
zj:   5.1572513871568568e-62 f(zj):   3.8949042096555085e-33 pn(zj):   2.3013464019382814e+00
zj:   9.4962411040315800e-43 f(zj):  8.6023606932237265e+183 pn(zj):   2.2955070586140502e+00
zj:  1.9512347655568931e-153 f(zj):   5.5168899802936380e-48 pn(zj):   2.2896771567807823e+00
zj:   5.1572252631585127e-62 f(zj):   1.3707820922423524e-71 pn(zj):   2.2838566891374468e+00
zj:   1.2463657358801209e-47 f(zj):   1.9168881156729357e-76 pn(zj):   2.2780456483830149e+00
zj:   1.5858569847773165e-47 f(zj):  1.2578405026402270e+232 pn(zj):   2.2722440272164564e+00
zj:   1.6039704617400945e-28 f(zj):  6.0513972685449602e-154 pn(zj):   2.2664518183367406e+00
zj:   1.0853372690704381e-42 f(zj):   2.6297872384701810e-52 pn(zj):   2.2606690144428390e+00
zj:   9.3544554735706603e-67 f(zj):   1.1095149746510490e-47 pn(zj):   2.2548956082337215e+00
zj:   1.1829553302658875e-76 f(zj):  1.3160769790051371e-259 pn(zj):   2.2491315924083581e+00
zj:   4.5634655307009399e-72 f(zj):   1.3045549096312291e-76 pn(zj):   2.2433769596657189e+00
zj:   1.9179094167762282e-76 f(zj):   6.5228637450789163e-38 pn(zj):   2.2376317027047739e+00
zj:   3.8949042096555085e-33 f(zj):  2.9481542051860126e+179 pn(zj):   2.2318958142244938e+00
zj:  8.6023606932237265e+183 f(zj):  2.7680679178429828e+280 pn(zj):   2.2261692869238479e+00
zj:   1.1829566454770229e-76 f(zj):   3.6446095567522111e-86 pn(zj):   2.2204521135018078e+00
zj:  6.0136196164698546e-154 f(zj):   2.3198273232760172e-52 pn(zj):   2.2147442866573428e+00
zj:   1.4521654985979798e-47 f(zj):   1.1776798427442742e-47 pn(zj):   2.2090457990894232e+00
zj:   6.0147322602034247e-67 f(zj):  3.5990461933583862e+179 pn(zj):   2.2033566434970195e+00
zj:  8.6106919913117382e+183 f(zj):  2.7680679178429828e+280 pn(zj):   2.1976768125791013e+00
zj:  6.0136181703254192e-154 f(zj):   3.6446095567522111e-86 pn(zj):   2.1920062990346394e+00
zj:   3.1222664094098637e-33 f(zj):   7.1274658951913265e-67 pn(zj):   2.1863450955626038e+00
zj:   1.0298641500688891e-71 f(zj):   8.6024435395622039e-67 pn(zj):   2.1806931948619646e+00
zj:  1.2584552288621591e+232 f(zj):  6.1799881198229563e-114 pn(zj):   2.1750505896316916e+00
zj:  6.0513972685449602e-154 f(zj):   2.9906386587200498e-67 pn(zj):   2.1694172725707563e+00
zj:   2.1077533100328016e-52 f(zj):   7.4940679941744245e-67 pn(zj):   2.1637932363781269e+00
zj:   5.0511908456027019e-38 f(zj):   7.4926191080635747e-67 pn(zj):   2.1581784737527760e+00
zj:  1.3160769791569352e-259 f(zj):  8.1642195725457951e+204 pn(zj):   2.1525729773936715e+00
zj:   1.3045549096312291e-76 f(zj):   2.1069359415260950e-52 pn(zj):   2.1469767399997854e+00
zj:   1.1776798427442742e-47 f(zj):   2.5290464847952054e-52 pn(zj):   2.1413897542700866e+00
zj:  3.5990461933583862e+179 f(zj):   5.2084556407140461e-90 pn(zj):   2.1358120129035458e+00
zj:  2.7680679178429828e+280 f(zj):  3.5230863936828752e-109 pn(zj):   2.1302435085991336e+00
zj:   3.6446095567522111e-86 f(zj):   7.7039744378697219e-43 pn(zj):   2.1246842340558194e+00
zj:   7.1274658951913265e-67 f(zj):   8.1629482514811615e-43 pn(zj):   2.1191341819725746e+00
zj:   8.6024435395622039e-67 f(zj):   5.2026840697032619e-90 pn(zj):   2.1135933450483675e+00
zj:  6.1799881198229563e-114 f(zj):  8.2012590046514974e+204 pn(zj):   2.1080617159821697e+00
zj:   2.9906386587200498e-67 f(zj):   5.6001228542662884e-67 pn(zj):   2.1025392874729514e+00
zj:   7.4940679941744245e-67 f(zj):   4.8563586142116547e-33 pn(zj):   2.0970260522196824e+00
zj:   7.4926191080635747e-67 f(zj):  2.9500437613358330e+179 pn(zj):   2.0915220029213328e+00
zj:  8.1642195725457951e+204 f(zj):  1.9701896698966844e-153 pn(zj):   2.0860271322768731e+00
zj:   2.1069359415260950e-52 f(zj):   9.0544693670690317e-43 pn(zj):   2.0805414329852736e+00
zj:   2.5290464847952054e-52 f(zj):   3.9370412145389160e-62 pn(zj):   2.0750648977455040e+00
zj:   5.2084556407140461e-90 f(zj):   9.9446567729785429e-43 pn(zj):   2.0695975192565350e+00
zj:  3.5230863936828752e-109 f(zj):  1.9512347655568931e-153 pn(zj):   2.0641392902173363e+00
zj:   7.7039744378697219e-43 f(zj):   2.5845573091990112e-57 pn(zj):   2.0586902033268788e+00
zj:   8.1629482514811615e-43 f(zj):   5.8845932437414107e-62 pn(zj):   2.0532502512841324e+00
zj:   5.2026840697032619e-90 f(zj):   4.4666299022498564e-33 pn(zj):   2.0478194267880667e+00
zj:  8.2012590046514974e+204 f(zj):   1.6039704617400945e-28 pn(zj):   2.0423977225376522e+00
zj:   5.6001228542662884e-67 f(zj):   3.9370337371475087e-62 pn(zj):   2.0369851312318596e+00
zj:   4.8563586142116547e-33 f(zj):   3.8903814609712794e-33 pn(zj):   2.0315816455696591e+00
zj:  2.9500437613358330e+179 f(zj):   1.1829540150446197e-76 pn(zj):   2.0261872582500198e+00
zj:  1.9701896698966844e-153 f(zj):   2.3694867739090460e-38 pn(zj):   2.0208019619719133e+00
zj:   9.0544693670690317e-43 f(zj):   3.3171221843333622e-33 pn(zj):   2.0154257494343089e+00
zj:   3.9370412145389160e-62 f(zj):   5.6469556554117178e-38 pn(zj):   2.0100586133361773e+00
zj:   9.9446567729785429e-43 f(zj):  8.6044759419628511e+183 pn(zj):   2.0047005463764886e+00
zj:  1.9512347655568931e-153 f(zj):   2.9907120509989371e-67 pn(zj):   1.9993515412542124e+00
zj:   2.5845573091990112e-57 f(zj):   4.4704056614567416e-33 pn(zj):   1.9940115906683193e+00
zj:   5.8845932437414107e-62 f(zj):   8.9849666993215556e-67 pn(zj):   1.9886806873177796e+00
zj:   4.4666299022498564e-33 f(zj):  1.2566358938124657e+232 pn(zj):   1.9833588239015638e+00
zj:   1.6039704617400945e-28 f(zj):  6.0513972685449602e-154 pn(zj):   1.9780459931186414e+00
zj:   3.9370337371475087e-62 f(zj):   9.9618717825733146e-43 pn(zj):   1.9727421876679831e+00
zj:   3.8903814609712794e-33 f(zj):   1.4271555224093590e-71 pn(zj):   1.9674474002485589e+00
zj:   1.1829540150446197e-76 f(zj):  1.3160769790618474e-259 pn(zj):   1.9621616235593393e+00
zj:   4.0822021073185451e-33 f(zj):   1.3045549096312291e-76 pn(zj):   1.9568848502992937e+00
zj:   1.6039704617400945e-28 f(zj):  6.0513972685449602e-154 pn(zj):   1.9516170731673932e+00
zj:   8.2431027615801378e-67 f(zj):   7.1151937266456521e-38 pn(zj):   1.9463582848626073e+00
zj:   2.2133817010739010e-52 f(zj):   9.3558872256971879e-67 pn(zj):   1.9411084780839070e+00
zj:   1.1829526972901025e-76 f(zj):  1.3160769791377132e-259 pn(zj):   1.9358676455302617e+00
zj:  6.0136196164698546e-154 f(zj):   3.4435330884255147e-86 pn(zj):   1.9306357799006419e+00
zj:   6.0074595059437729e-67 f(zj):   1.3813424581344138e-47 pn(zj):   1.9254128738940182e+00
zj:   3.3804614976569759e-57 f(zj):   2.1114205953125310e-52 pn(zj):   1.9201989202093599e+00
zj:  8.6044352998641760e+183 f(zj):  2.7680679448120284e+280 pn(zj):   1.9149939115456380e+00
zj:  6.0136181703254192e-154 f(zj):   1.3045549096286740e-76 pn(zj):   1.9097978406018223e+00
zj:   3.3786018570342850e-57 f(zj):   6.5228637450789163e-38 pn(zj):   1.9046107000768830e+00
zj:   6.7478574437888226e-67 f(zj):  2.9481542051860126e+179 pn(zj):   1.8994324826697908e+00
zj:  1.2584540443848570e+232 f(zj):  6.1799881440273540e-114 pn(zj):   1.8942631810795152e+00
zj:  6.0513972685449602e-154 f(zj):   4.5633524455567166e-72 pn(zj):   1.8891027880050268e+00
zj:   7.1151937266456521e-38 f(zj):   2.0029203471833429e-76 pn(zj):   1.8839512961452956e+00
zj:   9.3558872256971879e-67 f(zj):   6.1257955443232310e-62 pn(zj):   1.8788086981992920e+00
zj:  1.3160769791377132e-259 f(zj):  8.1642195725457884e+204 pn(zj):   1.8736749868659859e+00
zj:   3.4435330884255147e-86 f(zj):   2.8963277438255617e-57 pn(zj):   1.8685501548443477e+00
zj:   1.3813424581344138e-47 f(zj):   1.7969936502524570e-52 pn(zj):   1.8634341948333477e+00
zj:   2.1114205953125310e-52 f(zj):   5.2084480910521657e-90 pn(zj):   1.8583270995319561e+00
zj:  2.7680679448120284e+280 f(zj):  3.5230863936828762e-109 pn(zj):   1.8532288616391426e+00
zj:   1.3045549096286740e-76 f(zj):   9.7238346151832416e-72 pn(zj):   1.8481394738538781e+00
zj:   6.5228637450789163e-38 f(zj):   1.5187225398589084e-47 pn(zj):   1.8430589288751325e+00
zj:  2.9481542051860126e+179 f(zj):   5.2017177426719970e-90 pn(zj):   1.8379872194018758e+00
zj:  6.1799881440273540e-114 f(zj):  8.2012590046517814e+204 pn(zj):   1.8329243381330782e+00
zj:   4.5633524455567166e-72 f(zj):   2.9073738721693310e-33 pn(zj):   1.8278702777677100e+00
zj:   2.0029203471833429e-76 f(zj):   3.8546722967310336e-57 pn(zj):   1.8228250310047418e+00
zj:   6.1257955443232310e-62 f(zj):  3.1146619490065219e+179 pn(zj):   1.8177885905431435e+00
zj:  8.1642195725457884e+204 f(zj):  1.9701896698966844e-153 pn(zj):   1.8127609490818850e+00
zj:   2.8963277438255617e-57 f(zj):   4.6653585631343058e-62 pn(zj):   1.8077420993199369e+00
zj:   1.7969936502524570e-52 f(zj):   5.6367514635843247e-62 pn(zj):   1.8027320339562694e+00
zj:   5.2084480910521657e-90 f(zj):   7.8551065110133707e-67 pn(zj):   1.7977307456898521e+00
zj:  3.5230863936828762e-109 f(zj):  1.9512347655568931e-153 pn(zj):   1.7927382272196559e+00
zj:   9.7238346151832416e-72 f(zj):   6.2324158595863579e-38 pn(zj):   1.7877544712446509e+00
zj:   1.5187225398589084e-47 f(zj):   1.1305339343281446e-42 pn(zj):   1.7827794704638069e+00
zj:   5.2017177426719970e-90 f(zj):   9.9446568267494939e-43 pn(zj):   1.7778132175760946e+00
zj:  8.2012590046517814e+204 f(zj):   1.6039704617400945e-28 pn(zj):   1.7728557052804836e+00
zj:   2.9073738721693310e-33 f(zj):   1.1446016741092916e-71 pn(zj):   1.7679069262759446e+00
zj:   3.8546722967310336e-57 f(zj):   4.7665097938180228e-38 pn(zj):   1.7629668732614474e+00
zj:  3.1146619490065219e+179 f(zj):   1.1829507154505038e-76 pn(zj):   1.7580355389359628e+00
zj:  1.9701896698966844e-153 f(zj):  6.0136196164698546e-154 pn(zj):   1.7531129159984604e+00
zj:   4.6653585631343058e-62 f(zj):   7.8722049419421272e-67 pn(zj):   1.7481989971479104e+00
zj:   5.6367514635843247e-62 f(zj):   1.4844168420554969e-76 pn(zj):   1.7432937750832835e+00
zj:   7.8551065110133707e-67 f(zj):  8.6106919913098059e+183 pn(zj):   1.7383972425035497e+00
zj:  1.9512347655568931e-153 f(zj):   4.5634644332869523e-72 pn(zj):   1.7335093921076790e+00
zj:   6.2324158595863579e-38 f(zj):   4.2785649602187619e-33 pn(zj):   1.7286302165946417e+00
zj:   1.1305339343281446e-42 f(zj):   4.1849014536239951e-62 pn(zj):   1.7237597086634078e+00
zj:   9.9446568267494939e-43 f(zj):  1.2593613761258208e+232 pn(zj):   1.7188978610129482e+00
zj:   4.9048361992832320e-62 f(zj):  6.0513972685449602e-154 pn(zj):   1.7140446663422320e+00
zj:  1.9512347655568931e-153 f(zj):   5.5168899802936380e-48 pn(zj):   1.7092001173502303e+00
zj:   1.3153230530699021e-47 f(zj):   8.6140516774650127e-67 pn(zj):   1.7043642067359128e+00
zj:   6.2289632001683584e-38 f(zj):   1.9192548441989763e-76 pn(zj):   1.6995369271982501e+00
zj:   7.1201827281322125e-67 f(zj):  1.2578452405494439e+232 pn(zj):   1.6947182714362121e+00
zj:   1.6039704617400945e-28 f(zj):  6.0513972685449602e-154 pn(zj):   1.6899082321487693e+00
zj:   5.0591950262307140e-38 f(zj):   2.5814263736281830e-57 pn(zj):   1.6851068020348914e+00
zj:   9.1644794267228784e-72 f(zj):   6.7522041694895919e-67 pn(zj):   1.6803139737935489e+00
zj:   1.1829520358392407e-76 f(zj):  1.3160769790051357e-259 pn(zj):   1.6755297401237121e+00
zj:  6.0136196164698546e-154 f(zj):   2.9073738727565028e-33 pn(zj):   1.6707540937243510e+00
zj:   1.3150547245686057e-47 f(zj):   2.3194210662174888e-52 pn(zj):   1.6659870272944359e+00
zj:   4.4241934559869849e-62 f(zj):  2.7879706610862393e+179 pn(zj):   1.6612285335329369e+00
zj:  8.6023848556470332e+183 f(zj):  2.7680679110808128e+280 pn(zj):   1.6564786051388243e+00
zj:   5.5168899802936380e-48 f(zj):   4.2478389617679958e-86 pn(zj):   1.6517372348110682e+00
zj:   8.6140516774650127e-67 f(zj):   7.4125245809535795e-38 pn(zj):   1.6470044152486389e+00
zj:   1.9192548441989763e-76 f(zj):   2.0899567437776507e-76 pn(zj):   1.6422801391505066e+00
zj:  1.2578452405494439e+232 f(zj):  6.1799881923867819e-114 pn(zj):   1.6375643992156415e+00
zj:  6.0513972685449602e-154 f(zj):   4.5633524455567166e-72 pn(zj):   1.6328571881430136e+00
zj:   2.5814263736281830e-57 f(zj):   9.1622340557100953e-72 pn(zj):   1.6281584986315933e+00
zj:   6.7522041694895919e-67 f(zj):   1.6578030692151500e-76 pn(zj):   1.6234683233803509e+00
zj:  1.3160769790051357e-259 f(zj):  8.1642195725457895e+204 pn(zj):   1.6187866550882561e+00
zj:   2.9073738727565028e-33 f(zj):   1.0855742683025250e-71 pn(zj):   1.6141134864542797e+00
zj:   2.3194210662174888e-52 f(zj):   1.6588151099021643e-76 pn(zj):   1.6094488101773916e+00
zj:  2.7879706610862393e+179 f(zj):   5.2017176696931467e-90 pn(zj):   1.6047926189565618e+00
zj:  2.7680679110808128e+280 f(zj):  3.5230863936828752e-109 pn(zj):   1.6001449054907610e+00
zj:   4.2478389617679958e-86 f(zj):   1.2553742963485144e-71 pn(zj):   1.5955056624789590e+00
zj:   7.4125245809535795e-38 f(zj):   3.6984697136170769e-57 pn(zj):   1.5908748826201262e+00
zj:   2.0899567437776507e-76 f(zj):   5.2074705277127938e-90 pn(zj):   1.5862525586132326e+00
zj:  6.1799881923867819e-114 f(zj):  8.2012590046514996e+204 pn(zj):   1.5816386831572489e+00
zj:   4.5633524455567166e-72 f(zj):   6.7692572999962862e-43 pn(zj):   1.5770332489511443e+00
zj:   9.1622340557100953e-72 f(zj):   1.1081827603821484e-47 pn(zj):   1.5724362486938901e+00
zj:   1.6578030692151500e-76 f(zj):  3.9219508818155573e+179 pn(zj):   1.5678476750844559e+00
zj:  8.1642195725457895e+204 f(zj):  1.9701896698966844e-153 pn(zj):   1.5632675208218119e+00
zj:   1.0855742683025250e-71 f(zj):   4.6599951530307058e-33 pn(zj):   1.5586957786049283e+00
zj:   1.6588151099021643e-76 f(zj):   6.5216842545773761e-38 pn(zj):   1.5541324411327757e+00
zj:   5.2017176696931467e-90 f(zj):   5.6357094473483017e-38 pn(zj):   1.5495775011043238e+00
zj:  3.5230863936828752e-109 f(zj):  1.9512347655568931e-153 pn(zj):   1.5450309512185429e+00
zj:   1.2553742963485144e-71 f(zj):   9.3443355305015071e-67 pn(zj):   1.5404927841744036e+00
zj:   3.6984697136170769e-57 f(zj):   7.4033230247901612e-38 pn(zj):   1.5359629926708755e+00
zj:   5.2074705277127938e-90 f(zj):   1.5858569602756886e-47 pn(zj):   1.5314415694069292e+00
zj:  8.2012590046514996e+204 f(zj):   1.6039704617400945e-28 pn(zj):   1.5269285070815348e+00
zj:   6.7692572999962862e-43 f(zj):   4.8555856915158231e-33 pn(zj):   1.5224237983936624e+00
zj:   1.1081827603821484e-47 f(zj):   3.3156059001594217e-33 pn(zj):   1.5179274360422825e+00
zj:  3.9219508818155573e+179 f(zj):   1.1829513563714187e-76 pn(zj):   1.5134394127263648e+00
zj:  1.9701896698966844e-153 f(zj):  6.0136196164698546e-154 pn(zj):   1.5089597211448798e+00
zj:   4.6599951530307058e-33 f(zj):   8.9733640656770658e-67 pn(zj):   1.5044883539967979e+00
zj:   6.5216842545773761e-38 f(zj):   1.0298624026203595e-71 pn(zj):   1.5000253039810889e+00
zj:   3.9380092592742586e-62 f(zj):  8.6127586445716510e+183 pn(zj):   1.4955705637967232e+00
zj:  4.0878575547173866e+179 f(zj):   1.1829520229501611e-76 pn(zj):   1.4911241261426709e+00
zj:  1.9701896698966844e-153 f(zj):   1.2845013539739285e-57 pn(zj):   1.4866859837179023e+00
zj:   2.0899606712420268e-76 f(zj):   2.4230166720524254e-52 pn(zj):   1.4822561292213874e+00
zj:   3.6953655364464716e-57 f(zj):   1.6558353612983323e-47 pn(zj):   1.4778345553520968e+00
zj:   8.2260272593398712e-67 f(zj):  8.6169163841469061e+183 pn(zj):   1.4734212548090002e+00
zj:  1.9512347655568931e-153 f(zj):  6.0136181703254192e-154 pn(zj):   1.4690162202910684e+00
zj:   2.4217820193559504e-52 f(zj):   7.8722049419421272e-67 pn(zj):   1.4646194444972709e+00
zj:   1.1779429552236963e-47 f(zj):   1.1760720402860955e-47 pn(zj):   1.4602309201265784e+00
zj:   5.8807660669388448e-62 f(zj):  1.2584540443848548e+232 pn(zj):   1.4558506398779609e+00
zj:   1.6039704617400945e-28 f(zj):  6.0513972685449602e-154 pn(zj):   1.4514785964503887e+00
zj:   2.6314026146569931e-52 f(zj):   6.3769707423497689e-67 pn(zj):   1.4471147825428319e+00
zj:   4.4681663100110696e-33 f(zj):   1.2455597343186259e-47 pn(zj):   1.4427591908542607e+00
zj:   1.1829520229501611e-76 f(zj):  1.3160769791753485e-259 pn(zj):   1.4384118140836453e+00
zj:   1.2845013539739285e-57 f(zj):   2.9073738727565028e-33 pn(zj):   1.4340726449299559e+00
zj:   2.4230166720524254e-52 f(zj):   4.2778391154154838e-33 pn(zj):   1.4297416760921628e+00
zj:   1.6558353612983323e-47 f(zj):  3.2748726900161409e+179 pn(zj):   1.4254189002692361e+00
zj:  8.6169163841469061e+183 f(zj):  2.7680679110808128e+280 pn(zj):   1.4211043101601462e+00
zj:  6.0136181703254192e-154 f(zj):   3.4435330884136163e-86 pn(zj):   1.4167978984638627e+00
zj:   7.8722049419421272e-67 f(zj):   2.0037531027057271e-52 pn(zj):   1.4124996578793565e+00
zj:   1.1760720402860955e-47 f(zj):   2.5261996171290499e-52 pn(zj):   1.4082095811055975e+00
zj:  1.2584540443848548e+232 f(zj):  6.1799881803322050e-114 pn(zj):   1.4039276608415556e+00
zj:  6.0513972685449602e-154 f(zj):   4.5633524455567166e-72 pn(zj):   1.3996538897862016e+00
zj:   6.3769707423497689e-67 f(zj):   4.0867419148938929e-33 pn(zj):   1.3953882606385055e+00
zj:   1.2455597343186259e-47 f(zj):   6.0176300113552634e-67 pn(zj):   1.3911307660974372e+00
zj:  1.3160769791753485e-259 f(zj):  8.1642195725457895e+204 pn(zj):   1.3868813988619673e+00
zj:   2.9073738727565028e-33 f(zj):   4.7550075840518149e-38 pn(zj):   1.3826401516310654e+00
zj:   4.2778391154154838e-33 f(zj):   6.3856471271264290e-67 pn(zj):   1.3784070171037024e+00
zj:  3.2748726900161409e+179 f(zj):   5.2084443310241370e-90 pn(zj):   1.3741819879788479e+00
zj:  2.7680679110808128e+280 f(zj):  3.5230863936827556e-109 pn(zj):   1.3699650569554727e+00
zj:   3.4435330884136163e-86 f(zj):   7.4853457996155943e-67 pn(zj):   1.3657562167325465e+00
zj:   2.0037531027057271e-52 f(zj):   1.5731360470903729e-76 pn(zj):   1.3615554600090396e+00
zj:   2.5261996171290499e-52 f(zj):   5.2046053566418877e-90 pn(zj):   1.3573627794839225e+00
zj:  6.1799881803322050e-114 f(zj):  8.2012590046500727e+204 pn(zj):   1.3531781678561652e+00
zj:   4.5633524455567166e-72 f(zj):   2.4049233005016952e-57 pn(zj):   1.3490016178247375e+00
zj:   4.0867419148938929e-33 f(zj):   3.5036967051372085e-33 pn(zj):   1.3448331220886103e+00
zj:   6.0176300113552634e-67 f(zj):  3.2767721583256894e+179 pn(zj):   1.3406726733467533e+00
zj:  8.1642195725457895e+204 f(zj):  1.9701896698966844e-153 pn(zj):   1.3365202642981369e+00
zj:   4.7550075840518149e-38 f(zj):   5.1591429227950161e-62 pn(zj):   1.3323758876417313e+00
zj:   6.3856471271264290e-67 f(zj):   1.3824104955320171e-47 pn(zj):   1.3282395360765067e+00
zj:   5.2084443310241370e-90 f(zj):   9.4962412373557788e-43 pn(zj):   1.3241112023014332e+00
zj:  3.5230863936827556e-109 f(zj):  1.9512347655568931e-153 pn(zj):   1.3199908790154808e+00
zj:   7.4853457996155943e-67 f(zj):   6.2324293115042332e-38 pn(zj):   1.3158785589176203e+00
zj:   1.5731360470903729e-76 f(zj):   7.4044575507174915e-38 pn(zj):   1.3117742347068213e+00
zj:   5.2046053566418877e-90 f(zj):   9.0478256486916680e-43 pn(zj):   1.3076778990820543e+00
zj:  8.2012590046500727e+204 f(zj):   1.6039704617400945e-28 pn(zj):   1.3035895447422896e+00
zj:   2.4049233005016952e-57 f(zj):   1.0404957155392793e-42 pn(zj):   1.2995091643864969e+00
zj:   3.5036967051372085e-33 f(zj):   2.0053923942818098e-52 pn(zj):   1.2954367507136471e+00
zj:   7.5012898547138458e-67 f(zj):   1.1829559840658275e-76 pn(zj):   1.2913722964227099e+00
zj:   5.2084555382438862e-90 f(zj):   1.5858569684479387e-47 pn(zj):   1.2873157942126556e+00
zj:  8.2012590046500727e+204 f(zj):   1.6039704617400945e-28 pn(zj):   1.2832672367824542e+00
zj:   5.5993983999399822e-67 f(zj):   1.4260440439175535e-71 pn(zj):   1.2792266168310764e+00
zj:   1.8322210883612510e-76 f(zj):   7.4969770869493696e-67 pn(zj):   1.2751939270574919e+00
zj:  2.7904909384407552e+179 f(zj):   1.1829566505843258e-76 pn(zj):   1.2711691601606714e+00
zj:  1.9701896698966844e-153 f(zj):  6.0136196164698546e-154 pn(zj):   1.2671523088395846e+00
zj:   6.3754990626194308e-67 f(zj):   2.2137990538400765e-52 pn(zj):   1.2631433657932021e+00
zj:   4.1848903553799029e-62 f(zj):   7.1117452894558102e-38 pn(zj):   1.2591423237204937e+00
zj:   9.9446567998114169e-43 f(zj):  8.5982596536469123e+183 pn(zj):   1.2551491753204298e+00
zj:  1.9512347655568931e-153 f(zj):  6.0136181703254192e-154 pn(zj):   1.2511639132919807e+00
zj:   3.5089481457454370e-33 f(zj):   1.4519013543368389e-47 pn(zj):   1.2471865303341165e+00
zj:   2.3165662767983562e-52 f(zj):   6.1295826152217607e-62 pn(zj):   1.2432170191458074e+00
zj:   1.5858569684479387e-47 f(zj):  1.2587537171432698e+232 pn(zj):   1.2392553724260236e+00
zj:   1.6039704617400945e-28 f(zj):  6.0513972685449602e-154 pn(zj):   1.2353015828737350e+00
zj:   1.4260440439175535e-71 f(zj):   1.0875701477640258e-71 pn(zj):   1.2313556431879125e+00
zj:   7.4969770869493696e-67 f(zj):   1.2447589409095726e-47 pn(zj):   1.2274175460675256e+00
zj:   1.1829566505843258e-76 f(zj):  1.3160769791189311e-259 pn(zj):   1.2234872842115450e+00
zj:  6.0136196164698546e-154 f(zj):   5.6044695813549769e-67 pn(zj):   1.2195648503189407e+00
zj:   2.2137990538400765e-52 f(zj):   2.5789565955970237e-57 pn(zj):   1.2156502370886826e+00
zj:   7.1117452894558102e-38 f(zj):  3.7598751825897338e+179 pn(zj):   1.2117434372197413e+00
zj:  8.5982596536469123e+183 f(zj):  2.7680679177110115e+280 pn(zj):   1.2078444434110869e+00
zj:  6.0136181703254192e-154 f(zj):   3.4435330884136163e-86 pn(zj):   1.2039532483616897e+00
zj:   1.4519013543368389e-47 f(zj):   1.3813424581344138e-47 pn(zj):   1.2000698447705196e+00
zj:   6.1295826152217607e-62 f(zj):   2.1114205953125310e-52 pn(zj):   1.1961942253365470e+00
zj:  1.2587537171432698e+232 f(zj):  6.1799881922922362e-114 pn(zj):   1.1923263827587420e+00
zj:  6.0513972685449602e-154 f(zj):   4.5633524455567166e-72 pn(zj):   1.1884663097360748e+00
zj:   1.0875701477640258e-71 f(zj):   8.6096993361846944e-67 pn(zj):   1.1846139989675157e+00
zj:   1.2447589409095726e-47 f(zj):   3.3779747698898836e-57 pn(zj):   1.1807694431520350e+00
zj:  1.3160769791189311e-259 f(zj):  8.1642195725457884e+204 pn(zj):   1.1769326349886025e+00
zj:   5.6044695813549769e-67 f(zj):   4.0792155586854465e-33 pn(zj):   1.1731035671761889e+00
zj:   2.5789565955970237e-57 f(zj):   4.8578574158292303e-33 pn(zj):   1.1692822324137639e+00
zj:  3.7598751825897338e+179 f(zj):   5.2026765940524940e-90 pn(zj):   1.1654686234002980e+00
zj:  2.7680679177110115e+280 f(zj):  3.5230863936828762e-109 pn(zj):   1.1616627328347615e+00
zj:   3.4435330884136163e-86 f(zj):   7.4853401398161701e-67 pn(zj):   1.1578645534161243e+00
zj:   1.3813424581344138e-47 f(zj):   3.6985290049241429e-33 pn(zj):   1.1540740778433567e+00
zj:   2.1114205953125310e-52 f(zj):   5.2055567172261391e-90 pn(zj):   1.1502912988154290e+00
zj:  6.1799881922922362e-114 f(zj):  8.2012590046497898e+204 pn(zj):   1.1465162090313112e+00
zj:   4.5633524455567166e-72 f(zj):   5.5993983999399822e-67 pn(zj):   1.1427488011899738e+00
zj:   8.6096993361846944e-67 f(zj):   1.1776767146130960e-47 pn(zj):   1.1389890679903867e+00
zj:   3.3779747698898836e-57 f(zj):  3.2761364902100230e+179 pn(zj):   1.1352370021315201e+00
zj:  8.1642195725457884e+204 f(zj):  1.9701896698966844e-153 pn(zj):   1.1314925963123446e+00
zj:   4.0792155586854465e-33 f(zj):   6.7507833825261124e-67 pn(zj):   1.1277558432318300e+00
zj:   4.8578574158292303e-33 f(zj):   1.2564798070993642e-71 pn(zj):   1.1240267355889464e+00
zj:   5.2026765940524940e-90 f(zj):   1.5858569479609620e-47 pn(zj):   1.1203052660826645e+00
zj:  3.5230863936828762e-109 f(zj):  1.9512347655568931e-153 pn(zj):   1.1165914274119539e+00
zj:   7.4853401398161701e-67 f(zj):   4.2800812563615381e-33 pn(zj):   1.1128852122757853e+00
zj:   3.6985290049241429e-33 f(zj):   3.8949012594403689e-33 pn(zj):   1.1091866133731287e+00
zj:   3.8881127911331406e-33 f(zj):   9.9446567467745499e-43 pn(zj):   1.1054956234029543e+00
zj:   5.2093881862953142e-90 f(zj):   4.6617496213536196e-62 pn(zj):   1.1018122350642321e+00
zj:  3.5230863936823907e-109 f(zj):  1.9512347655568931e-153 pn(zj):   1.0981364410559327e+00
zj:   4.6569886645298632e-33 f(zj):   1.3824136073489967e-47 pn(zj):   1.0944682340770260e+00
zj:   4.0158337691424672e-57 f(zj):   3.6984697421788342e-57 pn(zj):   1.0908076068264823e+00
zj:   5.2094106877157015e-90 f(zj):   4.9048361996217154e-62 pn(zj):   1.0871545520032717e+00
zj:  8.2012590046503557e+204 f(zj):   1.6039704617400945e-28 pn(zj):   1.0835090623063646e+00
zj:   8.5440039061584201e-72 f(zj):   1.6905352766774558e-52 pn(zj):   1.0798711304347308e+00
zj:   4.1839482600886950e-62 f(zj):   1.7445047458376945e-76 pn(zj):   1.0762407490873411e+00
zj:  3.7636618208111428e+179 f(zj):   1.1829526844415508e-76 pn(zj):   1.0726179109631653e+00
zj:  1.9701896698966844e-153 f(zj):  6.0136196164698546e-154 pn(zj):   1.0690026087611735e+00
zj:   1.3707811914633713e-71 f(zj):   7.1117676747869048e-38 pn(zj):   1.0653948351803362e+00
zj:   4.6653550135950911e-62 f(zj):   1.0871288396566462e-71 pn(zj):   1.0617945829196234e+00
zj:   4.6617496213536196e-62 f(zj):  8.5982596536469085e+183 pn(zj):   1.0582018446780053e+00
zj:  1.9512347655568931e-153 f(zj):  6.0136181703254192e-154 pn(zj):   1.0546166131544521e+00
zj:   1.3824136073489967e-47 f(zj):   3.8933819103005278e-33 pn(zj):   1.0510388810479343e+00
zj:   3.6984697421788342e-57 f(zj):   1.2564771993945110e-71 pn(zj):   1.0474686410574217e+00
zj:   4.9048361996217154e-62 f(zj):  1.2572399551482957e+232 pn(zj):   1.0439058858818846e+00
zj:   1.6039704617400945e-28 f(zj):  6.0513972685449602e-154 pn(zj):   1.0403506082202933e+00
zj:   1.6905352766774558e-52 f(zj):   1.3692266911789506e-71 pn(zj):   1.0368028007716179e+00
zj:   1.7445047458376945e-76 f(zj):   7.4969262151649993e-67 pn(zj):   1.0332624562348287e+00
zj:   1.1829526844415508e-76 f(zj):  1.3160769790240645e-259 pn(zj):   1.0297295673088958e+00
zj:  6.0136196164698546e-154 f(zj):   1.5764983660643473e-52 pn(zj):   1.0262041266927893e+00
zj:   7.1117676747869048e-38 f(zj):   6.1257918640386510e-62 pn(zj):   1.0226861270854797e+00
zj:   1.0871288396566462e-71 f(zj):  3.7586138266021739e+179 pn(zj):   1.0191755611859370e+00
zj:  8.5982596536469085e+183 f(zj):  2.7680679515217591e+280 pn(zj):   1.0156724216931314e+00
zj:  6.0136181703254192e-154 f(zj):   2.9073738727508045e-33 pn(zj):   1.0121767013060330e+00
zj:   3.8933819103005278e-33 f(zj):   2.3194210662174888e-52 pn(zj):   1.0086883927236123e+00
zj:   1.2564771993945110e-71 f(zj):  2.7879706610862393e+179 pn(zj):   1.0052074886448392e+00
zj:  1.2572399551482957e+232 f(zj):  6.1799881319255043e-114 pn(zj):   1.0017339817686841e+00
zj:  6.0513972685449602e-154 f(zj):   4.5633524455567166e-72 pn(zj):   9.9826786479411700e-01
zj:   1.3692266911789506e-71 f(zj):   3.5366592286833117e-57 pn(zj):   9.9480913042010821e-01
zj:   7.4969262151649993e-67 f(zj):   7.1303806247917955e-67 pn(zj):   9.9135777134562797e-01
zj:  1.3160769790240645e-259 f(zj):  8.1642195725457940e+204 pn(zj):   9.8791378026964638e-01
zj:   1.5764983660643473e-52 f(zj):   2.3157504637777812e-52 pn(zj):   9.8447714989113377e-01
zj:   6.1257918640386510e-62 f(zj):   2.1102067091577967e-52 pn(zj):   9.8104787290906015e-01
zj:  3.7586138266021739e+179 f(zj):   5.2026803100759502e-90 pn(zj):   9.7762594202239583e-01
zj:  2.7680679515217591e+280 f(zj):  3.5230863936823907e-109 pn(zj):   9.7421134993011105e-01
zj:   2.9073738727508045e-33 f(zj):   5.6366238630134447e-38 pn(zj):   9.7080408933117601e-01
zj:   2.3194210662174888e-52 f(zj):   5.6367700527434079e-62 pn(zj):   9.6740415292456072e-01
zj:  2.7879706610862393e+179 f(zj):   5.2074856266340500e-90 pn(zj):   9.6401153340923562e-01
zj:  6.1799881319255043e-114 f(zj):  8.2012590046514974e+204 pn(zj):   9.6062622348417070e-01
zj:   4.5633524455567166e-72 f(zj):   1.3037115335324738e-76 pn(zj):   9.5724821584833630e-01
zj:   3.5366592286833117e-57 f(zj):   3.0581263506971803e-57 pn(zj):   9.5387750320070253e-01
zj:   7.1303806247917955e-67 f(zj):  2.6277623162793170e+179 pn(zj):   9.5051407824023970e-01
zj:  8.1642195725457940e+204 f(zj):  1.9701896698966844e-153 pn(zj):   9.4715793366591783e-01
zj:   2.3157504637777812e-52 f(zj):   6.2278106319710870e-38 pn(zj):   9.4380906217670735e-01
zj:   1.5528283712684925e-33 f(zj):   7.4897326325511332e-67 pn(zj):   9.4046745647157826e-01
zj:   1.1100495276409835e-47 f(zj):   3.5379111147286494e-57 pn(zj):   9.3713310924950077e-01
zj:   5.6367738057557428e-62 f(zj):  3.5977872718018504e+179 pn(zj):   9.3380601320944523e-01
zj:  8.1642243567575229e+204 f(zj):  1.9701896699140502e-153 pn(zj):   9.3048616105038173e-01
zj:   2.2113408130140714e-52 f(zj):   1.3983819439279460e-76 pn(zj):   9.2717354547128039e-01
zj:   6.3856303242510949e-67 f(zj):   1.7455233651237288e-76 pn(zj):   9.2386815917111154e-01
zj:   5.2055530303490880e-90 f(zj):   9.0478257022534158e-43 pn(zj):   9.2056999484884539e-01
zj:  3.5230863936823907e-109 f(zj):  1.9512347655568931e-153 pn(zj):   9.1727904520345205e-01
zj:   5.9305243556495316e-38 f(zj):   4.4681632910496150e-33 pn(zj):   9.1399530293390174e-01
zj:   1.9001734341342704e-52 f(zj):   5.3530955200345496e-38 pn(zj):   9.1071876073916458e-01
zj:   5.2026802657834055e-90 f(zj):   9.4962411847345033e-43 pn(zj):   9.0744941131821100e-01
zj:  8.2012590046514996e+204 f(zj):   1.6039704617400945e-28 pn(zj):   9.0418724737001088e-01
zj:   2.4074125066128397e-57 f(zj):   1.3130691683352567e-71 pn(zj):   9.0093226159353468e-01
zj:   3.5379111147286494e-57 f(zj):   3.8896437691649582e-33 pn(zj):   8.9768444668775249e-01
zj:  3.5977872718018504e+179 f(zj):   1.2693170132126953e-76 pn(zj):   8.9444379535163454e-01
zj:  1.9701896699140502e-153 f(zj):  6.0136196164698559e-154 pn(zj):   8.9121030028415094e-01
zj:   1.3983819439279460e-76 f(zj):   5.6434169504471058e-62 pn(zj):   8.8798395418427201e-01
zj:   1.7455233651237288e-76 f(zj):   3.6972227366695705e-57 pn(zj):   8.8476474975096786e-01
zj:   9.0478257022534158e-43 f(zj):  8.6023848556508977e+183 pn(zj):   8.8155267968320872e-01
zj:  1.9512347655568931e-153 f(zj):   1.9599930497426634e-62 pn(zj):   8.7834773667996480e-01
zj:   4.4681632910496150e-33 f(zj):   8.6126255410087800e-67 pn(zj):   8.7514991344020632e-01
zj:   5.3530955200345496e-38 f(zj):   1.8325518344591629e-76 pn(zj):   8.7195920266290339e-01
zj:   9.4962411847345033e-43 f(zj):  1.2593637404174181e+232 pn(zj):   8.6877559704702634e-01
zj:   1.6039704617400945e-28 f(zj):  6.0513972685449602e-154 pn(zj):   8.6559908929154517e-01
zj:   1.3130691683352567e-71 f(zj):   1.1097853628451956e-47 pn(zj):   8.6242967209543020e-01
zj:   3.8896437691649582e-33 f(zj):   3.2217721675623822e-57 pn(zj):   8.5926733815765166e-01
zj:   1.2693170132126953e-76 f(zj):  1.3973781872869427e-259 pn(zj):   8.5611208017717966e-01
zj:  6.0136196164698559e-154 f(zj):   8.5517419149093275e-72 pn(zj):   8.5296389085298441e-01
zj:   5.6434169504471058e-62 f(zj):   1.4505639034157680e-47 pn(zj):   8.4982276288403624e-01
zj:   3.6972227366695705e-57 f(zj):  4.0840437684593847e+179 pn(zj):   8.4668868896930527e-01
zj:  8.6023848556508977e+183 f(zj):  2.7680679177110115e+280 pn(zj):   8.4356166180776149e-01
zj:   1.9599930497426634e-62 f(zj):   2.9073738727508045e-33 pn(zj):   8.4044167409837545e-01
zj:   8.6126255410087800e-67 f(zj):   4.2778391154154838e-33 pn(zj):   8.3732871854011703e-01
zj:   1.8325518344591629e-76 f(zj):  2.9481516449294637e+179 pn(zj):   8.3422278783195669e-01
zj:  1.2593637404174181e+232 f(zj):  6.1799881319255043e-114 pn(zj):   8.3112387467286453e-01
zj:  6.0513972685449602e-154 f(zj):   1.5528283712684925e-33 pn(zj):   8.2803197176181065e-01
zj:   1.1097853628451956e-47 f(zj):   1.1776788108349189e-47 pn(zj):   8.2494707179776539e-01
zj:   3.2217721675623822e-57 f(zj):   7.7215047830704647e-43 pn(zj):   8.2186916747969885e-01
zj:  1.3973781872869427e-259 f(zj):  8.1642243567575207e+204 pn(zj):   8.1879825150658125e-01
zj:   8.5517419149093275e-72 f(zj):   1.0289771376767136e-71 pn(zj):   8.1573431657738282e-01
zj:   1.4505639034157680e-47 f(zj):   1.6574762353609153e-76 pn(zj):   8.1267735539107377e-01
zj:  4.0840437684593847e+179 f(zj):   5.2045904482005912e-90 pn(zj):   8.0962736064662422e-01
zj:  2.7680679177110115e+280 f(zj):  3.5230863936822706e-109 pn(zj):   8.0658432504300437e-01
zj:   2.9073738727508045e-33 f(zj):   3.6940178148644911e-33 pn(zj):   8.0354824127918445e-01
zj:   4.2778391154154838e-33 f(zj):   3.6985554192886184e-33 pn(zj):   8.0051910205413468e-01
zj:  2.9481516449294637e+179 f(zj):   5.2007739022605453e-90 pn(zj):   7.9749690006682528e-01
zj:  6.1799881319255043e-114 f(zj):  8.2012590046512156e+204 pn(zj):   7.9448162801622635e-01
zj:   1.5528283712684925e-33 f(zj):   5.6051940345504313e-67 pn(zj):   7.9147327860130823e-01
zj:   4.2478389617679958e-86 f(zj):   3.3779820150073514e-57 pn(zj):   7.8847184452104091e-01
zj:   3.9389736386673459e-62 f(zj):   1.8301890746408799e-76 pn(zj):   7.8547731847439484e-01
zj:   4.1810920556654845e-62 f(zj):   5.2045904191122310e-90 pn(zj):   7.8248969316034001e-01
zj:  6.1799881803794778e-114 f(zj):  8.2012590046514985e+204 pn(zj):   7.7950896127784663e-01
zj:   3.6154602916643315e-43 f(zj):   4.4397442952314908e-38 pn(zj):   7.7653511552588506e-01
zj:   8.1611896518596420e-43 f(zj):   2.1093941886972295e-52 pn(zj):   7.7356814860342538e-01
zj:   8.9719321142304732e-67 f(zj):  2.7917473574443292e+179 pn(zj):   7.7060805320943782e-01
zj:  8.1642243567575207e+204 f(zj):  1.9701896699140502e-153 pn(zj):   7.6765482204289248e-01
zj:   2.8963180203641901e-57 f(zj):   4.6607680404318468e-33 pn(zj):   7.6470844780275971e-01
zj:   7.7180428041912390e-43 f(zj):   9.9601133715062284e-43 pn(zj):   7.6176892318800959e-01
zj:   5.2084406886101857e-90 f(zj):   8.2260273254062246e-67 pn(zj):   7.5883624089761237e-01
zj:  3.5230863936827561e-109 f(zj):  1.9512347655568931e-153 pn(zj):   7.5591039363053825e-01
zj:   8.6008191395929205e-43 f(zj):   9.1689180792062807e-72 pn(zj):   7.5299137408575745e-01
zj:   1.8301890746408799e-76 f(zj):   0.0000000000000000e+00 pn(zj):   7.5007917496224019e-01
zj:   5.2045904191122310e-90 f(zj):  6.3090700776989660e-319 pn(zj):   7.4717378895895648e-01
zj:  8.2012590046514985e+204 f(zj):   0.0000000000000000e+00 pn(zj):   7.4427520877487674e-01
zj:   4.4397442952314908e-38 f(zj):   0.0000000000000000e+00 pn(zj):   7.4138342710897098e-01
zj:   2.1093941886972295e-52 f(zj):   0.0000000000000000e+00 pn(zj):   7.3849843666020965e-01
zj:  2.7917473574443292e+179 f(zj):   0.0000000000000000e+00 pn(zj):   7.3562023012756272e-01
zj:  1.9701896699140502e-153 f(zj):   0.0000000000000000e+00 pn(zj):   7.3274880021000044e-01
zj:   4.6607680404318468e-33 f(zj):   0.0000000000000000e+00 pn(zj):   7.2988413960649301e-01
zj:   9.9601133715062284e-43 f(zj):   0.0000000000000000e+00 pn(zj):   7.2702624101601065e-01
zj:   8.2260273254062246e-67 f(zj):   0.0000000000000000e+00 pn(zj):   7.2417509713752359e-01
zj:  1.9512347655568931e-153 f(zj):   0.0000000000000000e+00 pn(zj):   7.2133070067000182e-01
zj:   9.1689180792062807e-72 f(zj):   0.0000000000000000e+00 pn(zj):   7.1849304431241590e-01
zj:   0.0000000000000000e+00 f(zj):   0.0000000000000000e+00 pn(zj):   7.1566212076373581e-01
zj:  6.3090700776989660e-319 f(zj):   0.0000000000000000e+00 pn(zj):   7.1283792272293167e-01
zj:   0.0000000000000000e+00 f(zj):   0.0000000000000000e+00 pn(zj):   7.1002044288897381e-01
zj:   0.0000000000000000e+00 f(zj):   0.0000000000000000e+00 pn(zj):   7.0720967396083245e-01
zj:   0.0000000000000000e+00 f(zj):   0.0000000000000000e+00 pn(zj):   7.0440560863747770e-01
zj:   0.0000000000000000e+00 f(zj):   0.0000000000000000e+00 pn(zj):   7.0160823961787977e-01
zj:   0.0000000000000000e+00 f(zj):   0.0000000000000000e+00 pn(zj):   6.9881755960100889e-01
zj:   0.0000000000000000e+00 f(zj):   0.0000000000000000e+00 pn(zj):   6.9603356128583527e-01
zj:   0.0000000000000000e+00 f(zj):   0.0000000000000000e+00 pn(zj):   6.9325623737132902e-01
zj:   0.0000000000000000e+00 f(zj):   0.0000000000000000e+00 pn(zj):   6.9048558055646048e-01
zj:   0.0000000000000000e+00 f(zj):   0.0000000000000000e+00 pn(zj):   6.8772158354019974e-01
zj:   0.0000000000000000e+00 f(zj):   0.0000000000000000e+00 pn(zj):   6.8496423902151693e-01
zj:   0.0000000000000000e+00 f(zj):   0.0000000000000000e+00 pn(zj):   6.8221353969938237e-01
zj:   0.0000000000000000e+00 f(zj):   0.0000000000000000e+00 pn(zj):   6.7946947827276627e-01
zj:   0.0000000000000000e+00 f(zj):   0.0000000000000000e+00 pn(zj):   6.7673204744063875e-01
zj:   0.0000000000000000e+00 f(zj):   0.0000000000000000e+00 pn(zj):   6.7400123990197003e-01
zj:   0.0000000000000000e+00 f(zj):   0.0000000000000000e+00 pn(zj):   6.7127704835573032e-01
zj:   0.0000000000000000e+00 f(zj):   0.0000000000000000e+00 pn(zj):   6.6855946550088974e-01
zj:   0.0000000000000000e+00 f(zj):   0.0000000000000000e+00 pn(zj):   6.6584848403641872e-01
zj:   0.0000000000000000e+00 f(zj):   0.0000000000000000e+00 pn(zj):   6.6314409666128715e-01
zj:   0.0000000000000000e+00 f(zj):   0.0000000000000000e+00 pn(zj):   6.6044629607446548e-01
zj:   0.0000000000000000e+00 f(zj):   0.0000000000000000e+00 pn(zj):   6.5775507497492369e-01
zj:   0.0000000000000000e+00 f(zj):   0.0000000000000000e+00 pn(zj):   6.5507042606163224e-01
zj:   0.0000000000000000e+00 f(zj):   0.0000000000000000e+00 pn(zj):   6.5239234203356111e-01
zj:   0.0000000000000000e+00 f(zj):   0.0000000000000000e+00 pn(zj):   6.4972081558968053e-01
zj:   0.0000000000000000e+00 f(zj):   0.0000000000000000e+00 pn(zj):   6.4705583942896083e-01
zj:   0.0000000000000000e+00 f(zj):   0.0000000000000000e+00 pn(zj):   6.4439740625037212e-01
zj:   0.0000000000000000e+00 f(zj):   0.0000000000000000e+00 pn(zj):   6.4174550875288450e-01
zj:   0.0000000000000000e+00 f(zj):   0.0000000000000000e+00 pn(zj):   6.3910013963546819e-01
zj:   0.0000000000000000e+00 f(zj):   0.0000000000000000e+00 pn(zj):   6.3646129159709353e-01
zj:   0.0000000000000000e+00 f(zj):   0.0000000000000000e+00 pn(zj):   6.3382895733673061e-01
zj:   0.0000000000000000e+00 f(zj):   0.0000000000000000e+00 pn(zj):   6.3120312955334956e-01
zj:   0.0000000000000000e+00 f(zj):   0.0000000000000000e+00 pn(zj):   6.2858380094592081e-01
zj:   0.0000000000000000e+00 f(zj):   0.0000000000000000e+00 pn(zj):   6.2597096421341436e-01
zj:   0.0000000000000000e+00 f(zj):   0.0000000000000000e+00 pn(zj):   6.2336461205480054e-01
zj:   0.0000000000000000e+00 f(zj):   0.0000000000000000e+00 pn(zj):   6.2076473716904945e-01
zj:   0.0000000000000000e+00 f(zj):   0.0000000000000000e+00 pn(zj):   6.1817133225513121e-01
zj:   0.0000000000000000e+00 f(zj):   0.0000000000000000e+00 pn(zj):   6.1558439001201615e-01
zj:   0.0000000000000000e+00 f(zj):   0.0000000000000000e+00 pn(zj):   6.1300390313867448e-01
zj:   0.0000000000000000e+00 f(zj):   0.0000000000000000e+00 pn(zj):   6.1042986433407642e-01
zj:   0.0000000000000000e+00 f(zj):   0.0000000000000000e+00 pn(zj):   6.0786226629719198e-01
zj:   0.0000000000000000e+00 f(zj):   0.0000000000000000e+00 pn(zj):   6.0530110172699148e-01
zj:   0.0000000000000000e+00 f(zj):   0.0000000000000000e+00 pn(zj):   6.0274636332244513e-01
zj:   0.0000000000000000e+00 f(zj):   0.0000000000000000e+00 pn(zj):   6.0019804378252317e-01
zj:   0.0000000000000000e+00 f(zj):   0.0000000000000000e+00 pn(zj):   5.9765613580619570e-01
zj:   0.0000000000000000e+00 f(zj):   0.0000000000000000e+00 pn(zj):   5.9512063209243293e-01
zj:   0.0000000000000000e+00 f(zj):   0.0000000000000000e+00 pn(zj):   5.9259152534020521e-01
zj:   0.0000000000000000e+00 f(zj):   0.0000000000000000e+00 pn(zj):   5.9006880824848240e-01
zj:   0.0000000000000000e+00 f(zj):   0.0000000000000000e+00 pn(zj):   5.8755247351623496e-01
zj:   0.0000000000000000e+00 f(zj):   0.0000000000000000e+00 pn(zj):   5.8504251384243311e-01
zj:   0.0000000000000000e+00 f(zj):   0.0000000000000000e+00 pn(zj):   5.8253892192604684e-01
zj:   0.0000000000000000e+00 f(zj):   0.0000000000000000e+00 pn(zj):   5.8004169046604659e-01
zj:   0.0000000000000000e+00 f(zj):   0.0000000000000000e+00 pn(zj):   5.7755081216140236e-01
zj:   0.0000000000000000e+00 f(zj):   0.0000000000000000e+00 pn(zj):   5.7506627971108459e-01
zj:   0.0000000000000000e+00 f(zj):   0.0000000000000000e+00 pn(zj):   5.7258808581406329e-01
zj:   0.0000000000000000e+00 f(zj):   0.0000000000000000e+00 pn(zj):   5.7011622316930854e-01
zj:   0.0000000000000000e+00 f(zj):   0.0000000000000000e+00 pn(zj):   5.6765068447579070e-01
zj:   0.0000000000000000e+00 f(zj):   0.0000000000000000e+00 pn(zj):   5.6519146243248009e-01
zj:   0.0000000000000000e+00 f(zj):   0.0000000000000000e+00 pn(zj):   5.6273854973834658e-01
zj:   0.0000000000000000e+00 f(zj):   0.0000000000000000e+00 pn(zj):   5.6029193909236064e-01
zj:   0.0000000000000000e+00 f(zj):   0.0000000000000000e+00 pn(zj):   5.5785162319349246e-01
zj:   0.0000000000000000e+00 f(zj):   0.0000000000000000e+00 pn(zj):   5.5541759474071206e-01
zj:   0.0000000000000000e+00 f(zj):   0.0000000000000000e+00 pn(zj):   5.5298984643298987e-01
zj:   0.0000000000000000e+00 f(zj):   0.0000000000000000e+00 pn(zj):   5.5056837096929589e-01
zj:   0.0000000000000000e+00 f(zj):   0.0000000000000000e+00 pn(zj):   5.4815316104860035e-01
zj:   0.0000000000000000e+00 f(zj):   0.0000000000000000e+00 pn(zj):   5.4574420936987345e-01
zj:   0.0000000000000000e+00 f(zj):   0.0000000000000000e+00 pn(zj):   5.4334150863208541e-01
zj:   0.0000000000000000e+00 f(zj):   0.0000000000000000e+00 pn(zj):   5.4094505153420647e-01
zj:   0.0000000000000000e+00 f(zj):   0.0000000000000000e+00 pn(zj):   5.3855483077520683e-01
zj:   0.0000000000000000e+00 f(zj):   0.0000000000000000e+00 pn(zj):   5.3617083905405649e-01
zj:   0.0000000000000000e+00 f(zj):   0.0000000000000000e+00 pn(zj):   5.3379306906972590e-01
zj:   0.0000000000000000e+00 f(zj):   0.0000000000000000e+00 pn(zj):   5.3142151352118527e-01
zj:   0.0000000000000000e+00 f(zj):   0.0000000000000000e+00 pn(zj):   5.2905616510740461e-01
zj:   0.0000000000000000e+00 f(zj):   0.0000000000000000e+00 pn(zj):   5.2669701652735412e-01
zj:   0.0000000000000000e+00 f(zj):   0.0000000000000000e+00 pn(zj):   5.2434406048000404e-01
zj:   0.0000000000000000e+00 f(zj):   0.0000000000000000e+00 pn(zj):   5.2199728966432468e-01
zj:   0.0000000000000000e+00 f(zj):   0.0000000000000000e+00 pn(zj):   5.1965669677928616e-01
zj:   0.0000000000000000e+00 f(zj):   0.0000000000000000e+00 pn(zj):   5.1732227452385871e-01
zj:   0.0000000000000000e+00 f(zj):   0.0000000000000000e+00 pn(zj):   5.1499401559701252e-01
zj:   0.0000000000000000e+00 f(zj):   0.0000000000000000e+00 pn(zj):   5.1267191269771772e-01
zj:   0.0000000000000000e+00 f(zj):   0.0000000000000000e+00 pn(zj):   5.1035595852494442e-01
zj:   0.0000000000000000e+00 f(zj):   0.0000000000000000e+00 pn(zj):   5.0804614577766305e-01
zj:   0.0000000000000000e+00 f(zj):   0.0000000000000000e+00 pn(zj):   5.0574246715484361e-01
zj:   0.0000000000000000e+00 f(zj):   0.0000000000000000e+00 pn(zj):   5.0344491535545655e-01
zj:   0.0000000000000000e+00 f(zj):   0.0000000000000000e+00 pn(zj):   5.0115348307847185e-01
zj:   0.0000000000000000e+00 f(zj):   0.0000000000000000e+00 pn(zj):   4.9886816302285963e-01
zj:   0.0000000000000000e+00 f(zj):   0.0000000000000000e+00 pn(zj):   4.9658894788759034e-01
zj:   0.0000000000000000e+00 f(zj):   0.0000000000000000e+00 pn(zj):   4.9431583037163407e-01
zj:   0.0000000000000000e+00 f(zj):   0.0000000000000000e+00 pn(zj):   4.9204880317396094e-01
zj:   0.0000000000000000e+00 f(zj):   0.0000000000000000e+00 pn(zj):   4.8978785899354116e-01
zj:   0.0000000000000000e+00 f(zj):   0.0000000000000000e+00 pn(zj):   4.8753299052934507e-01
zj:   0.0000000000000000e+00 f(zj):   0.0000000000000000e+00 pn(zj):   4.8528419048034277e-01
zj:   0.0000000000000000e+00 f(zj):   0.0000000000000000e+00 pn(zj):   4.8304145154550437e-01
zj:   0.0000000000000000e+00 f(zj):   0.0000000000000000e+00 pn(zj):   4.8080476642380021e-01
zj:   0.0000000000000000e+00 f(zj):   0.0000000000000000e+00 pn(zj):   4.7857412781420050e-01
zj:   0.0000000000000000e+00 f(zj):   0.0000000000000000e+00 pn(zj):   4.7634952841567535e-01
zj:   0.0000000000000000e+00 f(zj):   0.0000000000000000e+00 pn(zj):   4.7413096092719498e-01
zj:   0.0000000000000000e+00 f(zj):   0.0000000000000000e+00 pn(zj):   4.7191841804772949e-01
zj:   0.0000000000000000e+00 f(zj):   0.0000000000000000e+00 pn(zj):   4.6971189247624923e-01
zj:   0.0000000000000000e+00 f(zj):   0.0000000000000000e+00 pn(zj):   4.6751137691172440e-01
zj:   0.0000000000000000e+00 f(zj):   0.0000000000000000e+00 pn(zj):   4.6531686405312511e-01
zj:   0.0000000000000000e+00 f(zj):   0.0000000000000000e+00 pn(zj):   4.6312834659942148e-01
zj:   0.0000000000000000e+00 f(zj):   0.0000000000000000e+00 pn(zj):   4.6094581724958406e-01
zj:   0.0000000000000000e+00 f(zj):   0.0000000000000000e+00 pn(zj):   4.5876926870258250e-01
zj:   0.0000000000000000e+00 f(zj):   0.0000000000000000e+00 pn(zj):   4.5659869365738748e-01
zj:   0.0000000000000000e+00 f(zj):   0.0000000000000000e+00 pn(zj):   4.5443408481296899e-01
zj:   0.0000000000000000e+00 f(zj):   0.0000000000000000e+00 pn(zj):   4.5227543486829724e-01
zj:   0.0000000000000000e+00 f(zj):   0.0000000000000000e+00 pn(zj):   4.5012273652234236e-01
zj:   0.0000000000000000e+00 f(zj):   0.0000000000000000e+00 pn(zj):   4.4797598247407477e-01
zj:   0.0000000000000000e+00 f(zj):   0.0000000000000000e+00 pn(zj):   4.4583516542246449e-01
zj:   0.0000000000000000e+00 f(zj):   0.0000000000000000e+00 pn(zj):   4.4370027806648171e-01
zj:   0.0000000000000000e+00 f(zj):   0.0000000000000000e+00 pn(zj):   4.4157131310509667e-01
zj:   0.0000000000000000e+00 f(zj):   0.0000000000000000e+00 pn(zj):   4.3944826323727948e-01
zj:   0.0000000000000000e+00 f(zj):   0.0000000000000000e+00 pn(zj):   4.3733112116200057e-01
zj:   0.0000000000000000e+00 f(zj):   0.0000000000000000e+00 pn(zj):   4.3521987957822983e-01
zj:   0.0000000000000000e+00 f(zj):   0.0000000000000000e+00 pn(zj):   4.3311453118493770e-01
zj:   0.0000000000000000e+00 f(zj):   0.0000000000000000e+00 pn(zj):   4.3101506868109440e-01
zj:   0.0000000000000000e+00 f(zj):   0.0000000000000000e+00 pn(zj):   4.2892148476566994e-01
zj:   0.0000000000000000e+00 f(zj):   0.0000000000000000e+00 pn(zj):   4.2683377213763452e-01
zj:   0.0000000000000000e+00 f(zj):   0.0000000000000000e+00 pn(zj):   4.2475192349595847e-01
zj:   0.0000000000000000e+00 f(zj):   0.0000000000000000e+00 pn(zj):   4.2267593153961192e-01
zj:   0.0000000000000000e+00 f(zj):   0.0000000000000000e+00 pn(zj):   4.2060578896756506e-01
zj:   0.0000000000000000e+00 f(zj):   0.0000000000000000e+00 pn(zj):   4.1854148847878814e-01
zj:   0.0000000000000000e+00 f(zj):   0.0000000000000000e+00 pn(zj):   4.1648302277225135e-01
zj:   0.0000000000000000e+00 f(zj):   0.0000000000000000e+00 pn(zj):   4.1443038454692482e-01
zj:   0.0000000000000000e+00 f(zj):   0.0000000000000000e+00 pn(zj):   4.1238356650177876e-01
zj:   0.0000000000000000e+00 f(zj):   0.0000000000000000e+00 pn(zj):   4.1034256133578351e-01
zj:   0.0000000000000000e+00 f(zj):   0.0000000000000000e+00 pn(zj):   4.0830736174790894e-01
zj:   0.0000000000000000e+00 f(zj):   0.0000000000000000e+00 pn(zj):   4.0627796043712561e-01
zj:   0.0000000000000000e+00 f(zj):   0.0000000000000000e+00 pn(zj):   4.0425435010240351e-01
zj:   0.0000000000000000e+00 f(zj):   0.0000000000000000e+00 pn(zj):   4.0223652344271299e-01
zj:   0.0000000000000000e+00 f(zj):   0.0000000000000000e+00 pn(zj):   4.0022447315702414e-01
zj:   0.0000000000000000e+00 f(zj):   0.0000000000000000e+00 pn(zj):   3.9821819194430697e-01
zj:   0.0000000000000000e+00 f(zj):   0.0000000000000000e+00 pn(zj):   3.9621767250353213e-01
zj:   0.0000000000000000e+00 f(zj):   0.0000000000000000e+00 pn(zj):   3.9422290753366940e-01
zj:   0.0000000000000000e+00 f(zj):   0.0000000000000000e+00 pn(zj):   3.9223388973368933e-01
zj:   0.0000000000000000e+00 f(zj):   0.0000000000000000e+00 pn(zj):   3.9025061180256171e-01
zj:   0.0000000000000000e+00 f(zj):   0.0000000000000000e+00 pn(zj):   3.8827306643925696e-01
zj:   0.0000000000000000e+00 f(zj):   0.0000000000000000e+00 pn(zj):   3.8630124634274543e-01
zj:   0.0000000000000000e+00 f(zj):   0.0000000000000000e+00 pn(zj):   3.8433514421199710e-01
zj:   0.0000000000000000e+00 f(zj):   0.0000000000000000e+00 pn(zj):   3.8237475274598209e-01
zj:   0.0000000000000000e+00 f(zj):   0.0000000000000000e+00 pn(zj):   3.8042006464367095e-01
zj:   0.0000000000000000e+00 f(zj):   0.0000000000000000e+00 pn(zj):   3.7847107260403345e-01
zj:   0.0000000000000000e+00 f(zj):   0.0000000000000000e+00 pn(zj):   3.7652776932604015e-01
zj:   0.0000000000000000e+00 f(zj):   0.0000000000000000e+00 pn(zj):   3.7459014750866104e-01
zj:   0.0000000000000000e+00 f(zj):   0.0000000000000000e+00 pn(zj):   3.7265819985086635e-01
zj:   0.0000000000000000e+00 f(zj):   0.0000000000000000e+00 pn(zj):   3.7073191905162628e-01
zj:   0.0000000000000000e+00 f(zj):   0.0000000000000000e+00 pn(zj):   3.6881129780991107e-01
zj:   0.0000000000000000e+00 f(zj):   0.0000000000000000e+00 pn(zj):   3.6689632882469103e-01
zj:   0.0000000000000000e+00 f(zj):   0.0000000000000000e+00 pn(zj):   3.6498700479493595e-01
zj:   0.0000000000000000e+00 f(zj):   0.0000000000000000e+00 pn(zj):   3.6308331841961650e-01
zj:   0.0000000000000000e+00 f(zj):   0.0000000000000000e+00 pn(zj):   3.6118526239770266e-01
zj:   0.0000000000000000e+00 f(zj):   0.0000000000000000e+00 pn(zj):   3.5929282942816454e-01
zj:   0.0000000000000000e+00 f(zj):   0.0000000000000000e+00 pn(zj):   3.5740601220997248e-01
zj:   0.0000000000000000e+00 f(zj):   0.0000000000000000e+00 pn(zj):   3.5552480344209669e-01
zj:   0.0000000000000000e+00 f(zj):   0.0000000000000000e+00 pn(zj):   3.5364919582350729e-01
zj:   0.0000000000000000e+00 f(zj):   0.0000000000000000e+00 pn(zj):   3.5177918205317449e-01
zj:   0.0000000000000000e+00 f(zj):   0.0000000000000000e+00 pn(zj):   3.4991475483006840e-01
zj:   0.0000000000000000e+00 f(zj):   0.0000000000000000e+00 pn(zj):   3.4805590685315946e-01
zj:   0.0000000000000000e+00 f(zj):   0.0000000000000000e+00 pn(zj):   3.4620263082141767e-01
zj:   0.0000000000000000e+00 f(zj):   0.0000000000000000e+00 pn(zj):   3.4435491943381324e-01
zj:   0.0000000000000000e+00 f(zj):   0.0000000000000000e+00 pn(zj):   3.4251276538931652e-01
zj:   0.0000000000000000e+00 f(zj):   0.0000000000000000e+00 pn(zj):   3.4067616138689749e-01
zj:   0.0000000000000000e+00 f(zj):   0.0000000000000000e+00 pn(zj):   3.3884510012552660e-01
zj:   0.0000000000000000e+00 f(zj):   0.0000000000000000e+00 pn(zj):   3.3701957430417373e-01
zj:   0.0000000000000000e+00 f(zj):   0.0000000000000000e+00 pn(zj):   3.3519957662180933e-01
zj:   0.0000000000000000e+00 f(zj):   0.0000000000000000e+00 pn(zj):   3.3338509977740349e-01
zj:   0.0000000000000000e+00 f(zj):   0.0000000000000000e+00 pn(zj):   3.3157613646992645e-01
zj:   0.0000000000000000e+00 f(zj):   0.0000000000000000e+00 pn(zj):   3.2977267939834842e-01
zj:   0.0000000000000000e+00 f(zj):   0.0000000000000000e+00 pn(zj):   3.2797472126163951e-01
zj:   0.0000000000000000e+00 f(zj):   0.0000000000000000e+00 pn(zj):   3.2618225475876994e-01
zj:   0.0000000000000000e+00 f(zj):   0.0000000000000000e+00 pn(zj):   3.2439527258871004e-01
zj:   0.0000000000000000e+00 f(zj):   0.0000000000000000e+00 pn(zj):   3.2261376745042980e-01
zj:   0.0000000000000000e+00 f(zj):   0.0000000000000000e+00 pn(zj):   3.2083773204289956e-01
zj:   0.0000000000000000e+00 f(zj):   0.0000000000000000e+00 pn(zj):   3.1906715906508953e-01
zj:   0.0000000000000000e+00 f(zj):   0.0000000000000000e+00 pn(zj):   3.1730204121596972e-01
zj:   0.0000000000000000e+00 f(zj):   0.0000000000000000e+00 pn(zj):   3.1554237119451067e-01
zj:   0.0000000000000000e+00 f(zj):   0.0000000000000000e+00 pn(zj):   3.1378814169968228e-01
zj:   0.0000000000000000e+00 f(zj):   0.0000000000000000e+00 pn(zj):   3.1203934543045475e-01
zj:   0.0000000000000000e+00 f(zj):   0.0000000000000000e+00 pn(zj):   3.1029597508579843e-01
zj:   0.0000000000000000e+00 f(zj):   0.0000000000000000e+00 pn(zj):   3.0855802336468341e-01
zj:   0.0000000000000000e+00 f(zj):   0.0000000000000000e+00 pn(zj):   3.0682548296608003e-01
zj:   0.0000000000000000e+00 f(zj):   0.0000000000000000e+00 pn(zj):   3.0509834658895829e-01
zj:   0.0000000000000000e+00 f(zj):   0.0000000000000000e+00 pn(zj):   3.0337660693228852e-01
zj:   0.0000000000000000e+00 f(zj):   0.0000000000000000e+00 pn(zj):   3.0166025669504082e-01
zj:   0.0000000000000000e+00 f(zj):   0.0000000000000000e+00 pn(zj):   2.9994928857618552e-01
zj:   0.0000000000000000e+00 f(zj):   0.0000000000000000e+00 pn(zj):   2.9824369527469263e-01
zj:   0.0000000000000000e+00 f(zj):   0.0000000000000000e+00 pn(zj):   2.9654346948953259e-01
zj:   0.0000000000000000e+00 f(zj):   0.0000000000000000e+00 pn(zj):   2.9484860391967549e-01
zj:   0.0000000000000000e+00 f(zj):   0.0000000000000000e+00 pn(zj):   2.9315909126409145e-01
zj:   0.0000000000000000e+00 f(zj):   0.0000000000000000e+00 pn(zj):   2.9147492422175070e-01
zj:   0.0000000000000000e+00 f(zj):   0.0000000000000000e+00 pn(zj):   2.8979609549162355e-01
zj:   0.0000000000000000e+00 f(zj):   0.0000000000000000e+00 pn(zj):   2.8812259777268001e-01
zj:   0.0000000000000000e+00 f(zj):   0.0000000000000000e+00 pn(zj):   2.8645442376389030e-01
zj:   0.0000000000000000e+00 f(zj):   0.0000000000000000e+00 pn(zj):   2.8479156616422496e-01
zj:   0.0000000000000000e+00 f(zj):   0.0000000000000000e+00 pn(zj):   2.8313401767265367e-01
zj:   0.0000000000000000e+00 f(zj):   0.0000000000000000e+00 pn(zj):   2.8148177098814697e-01
zj:   0.0000000000000000e+00 f(zj):   0.0000000000000000e+00 pn(zj):   2.7983481880967498e-01
zj:   0.0000000000000000e+00 f(zj):   0.0000000000000000e+00 pn(zj):   2.7819315383620780e-01
zj:   0.0000000000000000e+00 f(zj):   0.0000000000000000e+00 pn(zj):   2.7655676876671587e-01
zj:   0.0000000000000000e+00 f(zj):   0.0000000000000000e+00 pn(zj):   2.7492565630016907e-01
zj:   0.0000000000000000e+00 f(zj):   0.0000000000000000e+00 pn(zj):   2.7329980913553775e-01
zj:   0.0000000000000000e+00 f(zj):   0.0000000000000000e+00 pn(zj):   2.7167921997179212e-01
zj:   0.0000000000000000e+00 f(zj):   0.0000000000000000e+00 pn(zj):   2.7006388150790250e-01
zj:   0.0000000000000000e+00 f(zj):   0.0000000000000000e+00 pn(zj):   2.6845378644283879e-01
zj:   0.0000000000000000e+00 f(zj):   0.0000000000000000e+00 pn(zj):   2.6684892747557143e-01
zj:   0.0000000000000000e+00 f(zj):   0.0000000000000000e+00 pn(zj):   2.6524929730507052e-01
zj:   0.0000000000000000e+00 f(zj):   0.0000000000000000e+00 pn(zj):   2.6365488863030628e-01
zj:   0.0000000000000000e+00 f(zj):   0.0000000000000000e+00 pn(zj):   2.6206569415024894e-01
zj:   0.0000000000000000e+00 f(zj):   0.0000000000000000e+00 pn(zj):   2.6048170656386849e-01
zj:   0.0000000000000000e+00 f(zj):   0.0000000000000000e+00 pn(zj):   2.5890291857013559e-01
zj:   0.0000000000000000e+00 f(zj):   0.0000000000000000e+00 pn(zj):   2.5732932286801991e-01
zj:   0.0000000000000000e+00 f(zj):   0.0000000000000000e+00 pn(zj):   2.5576091215649199e-01
zj:   0.0000000000000000e+00 f(zj):   0.0000000000000000e+00 pn(zj):   2.5419767913452185e-01
zj:   0.0000000000000000e+00 f(zj):   0.0000000000000000e+00 pn(zj):   2.5263961650107980e-01
zj:   0.0000000000000000e+00 f(zj):   0.0000000000000000e+00 pn(zj):   2.5108671695513596e-01
zj:   0.0000000000000000e+00 f(zj):   0.0000000000000000e+00 pn(zj):   2.4953897319566054e-01
zj:   0.0000000000000000e+00 f(zj):   0.0000000000000000e+00 pn(zj):   2.4799637792162388e-01
zj:   0.0000000000000000e+00 f(zj):   0.0000000000000000e+00 pn(zj):   2.4645892383199586e-01
zj:   0.0000000000000000e+00 f(zj):   0.0000000000000000e+00 pn(zj):   2.4492660362574703e-01
zj:   0.0000000000000000e+00 f(zj):   0.0000000000000000e+00 pn(zj):   2.4339941000184739e-01
zj:   0.0000000000000000e+00 f(zj):   0.0000000000000000e+00 pn(zj):   2.4187733565926717e-01
zj:   0.0000000000000000e+00 f(zj):   0.0000000000000000e+00 pn(zj):   2.4036037329697657e-01
zj:   0.0000000000000000e+00 f(zj):   0.0000000000000000e+00 pn(zj):   2.3884851561394571e-01
zj:   0.0000000000000000e+00 f(zj):   0.0000000000000000e+00 pn(zj):   2.3734175530914503e-01
zj:   0.0000000000000000e+00 f(zj):   0.0000000000000000e+00 pn(zj):   2.3584008508154453e-01
zj:   0.0000000000000000e+00 f(zj):   0.0000000000000000e+00 pn(zj):   2.3434349763011431e-01
zj:   0.0000000000000000e+00 f(zj):   0.0000000000000000e+00 pn(zj):   2.3285198565382470e-01
zj:   0.0000000000000000e+00 f(zj):   0.0000000000000000e+00 pn(zj):   2.3136554185164604e-01
zj:   0.0000000000000000e+00 f(zj):   0.0000000000000000e+00 pn(zj):   2.2988415892254821e-01
zj:   0.0000000000000000e+00 f(zj):   0.0000000000000000e+00 pn(zj):   2.2840782956550165e-01
zj:   0.0000000000000000e+00 f(zj):   0.0000000000000000e+00 pn(zj):   2.2693654647947659e-01
zj:   0.0000000000000000e+00 f(zj):   0.0000000000000000e+00 pn(zj):   2.2547030236344312e-01
zj:   0.0000000000000000e+00 f(zj):   0.0000000000000000e+00 pn(zj):   2.2400908991637125e-01
zj:   0.0000000000000000e+00 f(zj):   0.0000000000000000e+00 pn(zj):   2.2255290183723153e-01
zj:   0.0000000000000000e+00 f(zj):   0.0000000000000000e+00 pn(zj):   2.2110173082499396e-01
zj:   0.0000000000000000e+00 f(zj):   0.0000000000000000e+00 pn(zj):   2.1965556957862886e-01
zj:   0.0000000000000000e+00 f(zj):   0.0000000000000000e+00 pn(zj):   2.1821441079710613e-01
zj:   0.0000000000000000e+00 f(zj):   0.0000000000000000e+00 pn(zj):   2.1677824717939642e-01
zj:   0.0000000000000000e+00 f(zj):   0.0000000000000000e+00 pn(zj):   2.1534707142446963e-01
zj:   0.0000000000000000e+00 f(zj):   0.0000000000000000e+00 pn(zj):   2.1392087623129585e-01
zj:   0.0000000000000000e+00 f(zj):   0.0000000000000000e+00 pn(zj):   2.1249965429884554e-01
zj:   0.0000000000000000e+00 f(zj):   0.0000000000000000e+00 pn(zj):   2.1108339832608880e-01
zj:   0.0000000000000000e+00 f(zj):   0.0000000000000000e+00 pn(zj):   2.0967210101199574e-01
zj:   0.0000000000000000e+00 f(zj):   0.0000000000000000e+00 pn(zj):   2.0826575505553668e-01
zj:   0.0000000000000000e+00 f(zj):   0.0000000000000000e+00 pn(zj):   2.0686435315568197e-01
zj:   0.0000000000000000e+00 f(zj):   0.0000000000000000e+00 pn(zj):   2.0546788801140137e-01
zj:   0.0000000000000000e+00 f(zj):   0.0000000000000000e+00 pn(zj):   2.0407635232166543e-01
zj:   0.0000000000000000e+00 f(zj):   0.0000000000000000e+00 pn(zj):   2.0268973878544416e-01
zj:   0.0000000000000000e+00 f(zj):   0.0000000000000000e+00 pn(zj):   2.0130804010170789e-01
zj:   0.0000000000000000e+00 f(zj):   0.0000000000000000e+00 pn(zj):   1.9993124896942682e-01
zj:   0.0000000000000000e+00 f(zj):   0.0000000000000000e+00 pn(zj):   1.9855935808757108e-01
zj:   0.0000000000000000e+00 f(zj):   0.0000000000000000e+00 pn(zj):   1.9719236015511077e-01
zj:   0.0000000000000000e+00 f(zj):   0.0000000000000000e+00 pn(zj):   1.9583024787101622e-01
zj:   0.0000000000000000e+00 f(zj):   0.0000000000000000e+00 pn(zj):   1.9447301393425764e-01
zj:   0.0000000000000000e+00 f(zj):   0.0000000000000000e+00 pn(zj):   1.9312065104380527e-01
zj:   0.0000000000000000e+00 f(zj):   0.0000000000000000e+00 pn(zj):   1.9177315189862909e-01
zj:   0.0000000000000000e+00 f(zj):   0.0000000000000000e+00 pn(zj):   1.9043050919769955e-01
zj:   0.0000000000000000e+00 f(zj):   0.0000000000000000e+00 pn(zj):   1.8909271563998653e-01
zj:   0.0000000000000000e+00 f(zj):   0.0000000000000000e+00 pn(zj):   1.8775976392446070e-01
zj:   0.0000000000000000e+00 f(zj):   0.0000000000000000e+00 pn(zj):   1.8643164675009183e-01
zj:   0.0000000000000000e+00 f(zj):   0.0000000000000000e+00 pn(zj):   1.8510835681585025e-01
zj:   0.0000000000000000e+00 f(zj):   0.0000000000000000e+00 pn(zj):   1.8378988682070618e-01
zj:   0.0000000000000000e+00 f(zj):   0.0000000000000000e+00 pn(zj):   1.8247622946362996e-01
zj:   0.0000000000000000e+00 f(zj):   0.0000000000000000e+00 pn(zj):   1.8116737744359146e-01
zj:   0.0000000000000000e+00 f(zj):   0.0000000000000000e+00 pn(zj):   1.7986332345956113e-01
zj:   0.0000000000000000e+00 f(zj):   0.0000000000000000e+00 pn(zj):   1.7856406021050919e-01
zj:   0.0000000000000000e+00 f(zj):   0.0000000000000000e+00 pn(zj):   1.7726958039540563e-01
zj:   0.0000000000000000e+00 f(zj):   0.0000000000000000e+00 pn(zj):   1.7597987671322080e-01
zj:   0.0000000000000000e+00 f(zj):   0.0000000000000000e+00 pn(zj):   1.7469494186292478e-01
zj:   0.0000000000000000e+00 f(zj):   0.0000000000000000e+00 pn(zj):   1.7341476854348792e-01
zj:   0.0000000000000000e+00 f(zj):   0.0000000000000000e+00 pn(zj):   1.7213934945388043e-01
zj:   0.0000000000000000e+00 f(zj):   0.0000000000000000e+00 pn(zj):   1.7086867729307220e-01
zj:   0.0000000000000000e+00 f(zj):   0.0000000000000000e+00 pn(zj):   1.6960274476003390e-01
zj:   0.0000000000000000e+00 f(zj):   0.0000000000000000e+00 pn(zj):   1.6834154455373540e-01
zj:   0.0000000000000000e+00 f(zj):   0.0000000000000000e+00 pn(zj):   1.6708506937314682e-01
zj:   0.0000000000000000e+00 f(zj):   0.0000000000000000e+00 pn(zj):   1.6583331191723860e-01
zj:   0.0000000000000000e+00 f(zj):   0.0000000000000000e+00 pn(zj):   1.6458626488498096e-01
zj:   0.0000000000000000e+00 f(zj):   0.0000000000000000e+00 pn(zj):   1.6334392097534389e-01
zj:   0.0000000000000000e+00 f(zj):   0.0000000000000000e+00 pn(zj):   1.6210627288729762e-01
zj:   0.0000000000000000e+00 f(zj):   0.0000000000000000e+00 pn(zj):   1.6087331331981258e-01
zj:   0.0000000000000000e+00 f(zj):   0.0000000000000000e+00 pn(zj):   1.5964503497185867e-01
zj:   0.0000000000000000e+00 f(zj):   0.0000000000000000e+00 pn(zj):   1.5842143054240621e-01
zj:   0.0000000000000000e+00 f(zj):   0.0000000000000000e+00 pn(zj):   1.5720249273042541e-01
zj:   0.0000000000000000e+00 f(zj):   0.0000000000000000e+00 pn(zj):   1.5598821423488651e-01
zj:   0.0000000000000000e+00 f(zj):   0.0000000000000000e+00 pn(zj):   1.5477858775475961e-01
zj:   0.0000000000000000e+00 f(zj):   0.0000000000000000e+00 pn(zj):   1.5357360598901482e-01
zj:   0.0000000000000000e+00 f(zj):   0.0000000000000000e+00 pn(zj):   1.5237326163662268e-01
zj:   0.0000000000000000e+00 f(zj):   0.0000000000000000e+00 pn(zj):   1.5117754739655309e-01
zj:   0.0000000000000000e+00 f(zj):   0.0000000000000000e+00 pn(zj):   1.4998645596777627e-01
zj:   0.0000000000000000e+00 f(zj):   0.0000000000000000e+00 pn(zj):   1.4879998004926265e-01
zj:   0.0000000000000000e+00 f(zj):   0.0000000000000000e+00 pn(zj):   1.4761811233998223e-01
zj:   0.0000000000000000e+00 f(zj):   0.0000000000000000e+00 pn(zj):   1.4644084553890502e-01
zj:   0.0000000000000000e+00 f(zj):   0.0000000000000000e+00 pn(zj):   1.4526817234500156e-01
zj:   0.0000000000000000e+00 f(zj):   0.0000000000000000e+00 pn(zj):   1.4410008545724207e-01
zj:   0.0000000000000000e+00 f(zj):   0.0000000000000000e+00 pn(zj):   1.4293657757459632e-01
zj:   0.0000000000000000e+00 f(zj):   0.0000000000000000e+00 pn(zj):   1.4177764139603488e-01
zj:   0.0000000000000000e+00 f(zj):   0.0000000000000000e+00 pn(zj):   1.4062326962052807e-01
zj:   0.0000000000000000e+00 f(zj):   0.0000000000000000e+00 pn(zj):   1.3947345494704566e-01
zj:   0.0000000000000000e+00 f(zj):   0.0000000000000000e+00 pn(zj):   1.3832819007455810e-01
zj:   0.0000000000000000e+00 f(zj):   0.0000000000000000e+00 pn(zj):   1.3718746770203549e-01
zj:   0.0000000000000000e+00 f(zj):   0.0000000000000000e+00 pn(zj):   1.3605128052844817e-01
zj:   0.0000000000000000e+00 f(zj):   0.0000000000000000e+00 pn(zj):   1.3491962125276613e-01
zj:   0.0000000000000000e+00 f(zj):   0.0000000000000000e+00 pn(zj):   1.3379248257395981e-01
zj:   0.0000000000000000e+00 f(zj):   0.0000000000000000e+00 pn(zj):   1.3266985719099911e-01
zj:   0.0000000000000000e+00 f(zj):   0.0000000000000000e+00 pn(zj):   1.3155173780285456e-01
zj:   0.0000000000000000e+00 f(zj):   0.0000000000000000e+00 pn(zj):   1.3043811710849618e-01
zj:   0.0000000000000000e+00 f(zj):   0.0000000000000000e+00 pn(zj):   1.2932898780689395e-01
zj:   0.0000000000000000e+00 f(zj):   0.0000000000000000e+00 pn(zj):   1.2822434259701865e-01
zj:   0.0000000000000000e+00 f(zj):   0.0000000000000000e+00 pn(zj):   1.2712417417783983e-01
zj:   0.0000000000000000e+00 f(zj):   0.0000000000000000e+00 pn(zj):   1.2602847524832828e-01
zj:   0.0000000000000000e+00 f(zj):   0.0000000000000000e+00 pn(zj):   1.2493723850745364e-01
zj:   0.0000000000000000e+00 f(zj):   0.0000000000000000e+00 pn(zj):   1.2385045665418637e-01
zj:   0.0000000000000000e+00 f(zj):   0.0000000000000000e+00 pn(zj):   1.2276812238749690e-01
zj:   0.0000000000000000e+00 f(zj):   0.0000000000000000e+00 pn(zj):   1.2169022840635502e-01
zj:   0.0000000000000000e+00 f(zj):   0.0000000000000000e+00 pn(zj):   1.2061676740973115e-01
zj:   0.0000000000000000e+00 f(zj):   0.0000000000000000e+00 pn(zj):   1.1954773209659542e-01
zj:   0.0000000000000000e+00 f(zj):   0.0000000000000000e+00 pn(zj):   1.1848311516591803e-01
zj:   0.0000000000000000e+00 f(zj):   0.0000000000000000e+00 pn(zj):   1.1742290931666910e-01
zj:   0.0000000000000000e+00 f(zj):   0.0000000000000000e+00 pn(zj):   1.1636710724781907e-01
zj:   0.0000000000000000e+00 f(zj):   0.0000000000000000e+00 pn(zj):   1.1531570165833793e-01
zj:   0.0000000000000000e+00 f(zj):   0.0000000000000000e+00 pn(zj):   1.1426868524719602e-01
zj:   0.0000000000000000e+00 f(zj):   0.0000000000000000e+00 pn(zj):   1.1322605071336322e-01
zj:   0.0000000000000000e+00 f(zj):   0.0000000000000000e+00 pn(zj):   1.1218779075581020e-01
zj:   0.0000000000000000e+00 f(zj):   0.0000000000000000e+00 pn(zj):   1.1115389807350684e-01
zj:   0.0000000000000000e+00 f(zj):   0.0000000000000000e+00 pn(zj):   1.1012436536542336e-01
zj:   0.0000000000000000e+00 f(zj):   0.0000000000000000e+00 pn(zj):   1.0909918533053009e-01
zj:   0.0000000000000000e+00 f(zj):   0.0000000000000000e+00 pn(zj):   1.0807835066779703e-01
zj:   0.0000000000000000e+00 f(zj):   0.0000000000000000e+00 pn(zj):   1.0706185407619462e-01
zj:   0.0000000000000000e+00 f(zj):   0.0000000000000000e+00 pn(zj):   1.0604968825469285e-01
zj:   0.0000000000000000e+00 f(zj):   0.0000000000000000e+00 pn(zj):   1.0504184590226195e-01
zj:   0.0000000000000000e+00 f(zj):   0.0000000000000000e+00 pn(zj):   1.0403831971787214e-01
zj:   0.0000000000000000e+00 f(zj):   0.0000000000000000e+00 pn(zj):   1.0303910240049374e-01
zj:   0.0000000000000000e+00 f(zj):   0.0000000000000000e+00 pn(zj):   1.0204418664909698e-01
zj:   0.0000000000000000e+00 f(zj):   0.0000000000000000e+00 pn(zj):   1.0105356516265174e-01
zj:   0.0000000000000000e+00 f(zj):   0.0000000000000000e+00 pn(zj):   1.0006723064012846e-01
zj:   0.0000000000000000e+00 f(zj):   0.0000000000000000e+00 pn(zj):   9.9085175780497137e-02
zj:   0.0000000000000000e+00 f(zj):   0.0000000000000000e+00 pn(zj):   9.8107393282728217e-02
zj:   0.0000000000000000e+00 f(zj):   0.0000000000000000e+00 pn(zj):   9.7133875845791806e-02
zj:   0.0000000000000000e+00 f(zj):   0.0000000000000000e+00 pn(zj):   9.6164616168658235e-02
zj:   0.0000000000000000e+00 f(zj):   0.0000000000000000e+00 pn(zj):   9.5199606950297389e-02
zj:   0.0000000000000000e+00 f(zj):   0.0000000000000000e+00 pn(zj):   9.4238840889679598e-02
zj:   0.0000000000000000e+00 f(zj):   0.0000000000000000e+00 pn(zj):   9.3282310685775194e-02
zj:   0.0000000000000000e+00 f(zj):   0.0000000000000000e+00 pn(zj):   9.2330009037554062e-02
zj:   0.0000000000000000e+00 f(zj):   0.0000000000000000e+00 pn(zj):   9.1381928643986865e-02
zj:   0.0000000000000000e+00 f(zj):   0.0000000000000000e+00 pn(zj):   9.0438062204043379e-02
zj:   0.0000000000000000e+00 f(zj):   0.0000000000000000e+00 pn(zj):   8.9498402416693934e-02
zj:   0.0000000000000000e+00 f(zj):   0.0000000000000000e+00 pn(zj):   8.8562941980908971e-02
zj:   0.0000000000000000e+00 f(zj):   0.0000000000000000e+00 pn(zj):   8.7631673595658377e-02
zj:   0.0000000000000000e+00 f(zj):   0.0000000000000000e+00 pn(zj):   8.6704589959912370e-02
zj:   0.0000000000000000e+00 f(zj):   0.0000000000000000e+00 pn(zj):   8.5781683772641282e-02
zj:   0.0000000000000000e+00 f(zj):   0.0000000000000000e+00 pn(zj):   8.4862947732815219e-02
zj:   0.0000000000000000e+00 f(zj):   0.0000000000000000e+00 pn(zj):   8.3948374539404402e-02
zj:   0.0000000000000000e+00 f(zj):   0.0000000000000000e+00 pn(zj):   8.3037956891379050e-02
zj:   0.0000000000000000e+00 f(zj):   0.0000000000000000e+00 pn(zj):   8.2131687487709382e-02
zj:   0.0000000000000000e+00 f(zj):   0.0000000000000000e+00 pn(zj):   8.1229559027365617e-02
zj:   0.0000000000000000e+00 f(zj):   0.0000000000000000e+00 pn(zj):   8.0331564209317641e-02
zj:   0.0000000000000000e+00 f(zj):   0.0000000000000000e+00 pn(zj):   7.9437695732536118e-02
zj:   0.0000000000000000e+00 f(zj):   0.0000000000000000e+00 pn(zj):   7.8547946295991156e-02
zj:   0.0000000000000000e+00 f(zj):   0.0000000000000000e+00 pn(zj):   7.7662308598652530e-02
zj:   0.0000000000000000e+00 f(zj):   0.0000000000000000e+00 pn(zj):   7.6780775339490903e-02
zj:   0.0000000000000000e+00 f(zj):   0.0000000000000000e+00 pn(zj):   7.5903339217476273e-02
zj:   0.0000000000000000e+00 f(zj):   0.0000000000000000e+00 pn(zj):   7.5029992931578970e-02
zj:   0.0000000000000000e+00 f(zj):   0.0000000000000000e+00 pn(zj):   7.4160729180768881e-02
zj:   0.0000000000000000e+00 f(zj):   0.0000000000000000e+00 pn(zj):   7.3295540664016445e-02
zj:   0.0000000000000000e+00 f(zj):   0.0000000000000000e+00 pn(zj):   7.2434420080292106e-02
zj:   0.0000000000000000e+00 f(zj):   0.0000000000000000e+00 pn(zj):   7.1577360128565526e-02
zj:   0.0000000000000000e+00 f(zj):   0.0000000000000000e+00 pn(zj):   7.0724353507807258e-02
zj:   0.0000000000000000e+00 f(zj):   0.0000000000000000e+00 pn(zj):   6.9875392916987300e-02
zj:   0.0000000000000000e+00 f(zj):   0.0000000000000000e+00 pn(zj):   6.9030471055075981e-02
zj:   0.0000000000000000e+00 f(zj):   0.0000000000000000e+00 pn(zj):   6.8189580621043522e-02
zj:   0.0000000000000000e+00 f(zj):   0.0000000000000000e+00 pn(zj):   6.7352714313860029e-02
zj:   0.0000000000000000e+00 f(zj):   0.0000000000000000e+00 pn(zj):   6.6519864832495834e-02
zj:   0.0000000000000000e+00 f(zj):   0.0000000000000000e+00 pn(zj):   6.5691024875920712e-02
zj:   0.0000000000000000e+00 f(zj):   0.0000000000000000e+00 pn(zj):   6.4866187143105547e-02
zj:   0.0000000000000000e+00 f(zj):   0.0000000000000000e+00 pn(zj):   6.4045344333020116e-02
zj:   0.0000000000000000e+00 f(zj):   0.0000000000000000e+00 pn(zj):   6.3228489144634414e-02
zj:   0.0000000000000000e+00 f(zj):   0.0000000000000000e+00 pn(zj):   6.2415614276919218e-02
zj:   0.0000000000000000e+00 f(zj):   0.0000000000000000e+00 pn(zj):   6.1606712428844079e-02
zj:   0.0000000000000000e+00 f(zj):   0.0000000000000000e+00 pn(zj):   6.0801776299379773e-02
zj:   0.0000000000000000e+00 f(zj):   0.0000000000000000e+00 pn(zj):   6.0000798587496185e-02
zj:   0.0000000000000000e+00 f(zj):   0.0000000000000000e+00 pn(zj):   5.9203771992163534e-02
zj:   0.0000000000000000e+00 f(zj):   0.0000000000000000e+00 pn(zj):   5.8410689212352040e-02
zj:   0.0000000000000000e+00 f(zj):   0.0000000000000000e+00 pn(zj):   5.7621542947032034e-02
zj:   0.0000000000000000e+00 f(zj):   0.0000000000000000e+00 pn(zj):   5.6836325895173401e-02
zj:   0.0000000000000000e+00 f(zj):   0.0000000000000000e+00 pn(zj):   5.6055030755746693e-02
zj:   0.0000000000000000e+00 f(zj):   0.0000000000000000e+00 pn(zj):   5.5277650227721797e-02
zj:   0.0000000000000000e+00 f(zj):   0.0000000000000000e+00 pn(zj):   5.4504177010069155e-02
zj:   0.0000000000000000e+00 f(zj):   0.0000000000000000e+00 pn(zj):   5.3734603801758873e-02
zj:   0.0000000000000000e+00 f(zj):   0.0000000000000000e+00 pn(zj):   5.2968923301761062e-02
zj:   0.0000000000000000e+00 f(zj):   0.0000000000000000e+00 pn(zj):   5.2207128209046050e-02
zj:   0.0000000000000000e+00 f(zj):   0.0000000000000000e+00 pn(zj):   5.1449211222583946e-02
zj:   0.0000000000000000e+00 f(zj):   0.0000000000000000e+00 pn(zj):   5.0695165041344969e-02
zj:   0.0000000000000000e+00 f(zj):   0.0000000000000000e+00 pn(zj):   4.9944982364299451e-02
zj:   0.0000000000000000e+00 f(zj):   0.0000000000000000e+00 pn(zj):   4.9198655890417387e-02
zj:   0.0000000000000000e+00 f(zj):   0.0000000000000000e+00 pn(zj):   4.8456178318669108e-02
zj:   0.0000000000000000e+00 f(zj):   0.0000000000000000e+00 pn(zj):   4.7717542348024722e-02
zj:   0.0000000000000000e+00 f(zj):   0.0000000000000000e+00 pn(zj):   4.6982740677454449e-02
zj:   0.0000000000000000e+00 f(zj):   0.0000000000000000e+00 pn(zj):   4.6251766005928507e-02
zj:   0.0000000000000000e+00 f(zj):   0.0000000000000000e+00 pn(zj):   4.5524611032417006e-02
zj:   0.0000000000000000e+00 f(zj):   0.0000000000000000e+00 pn(zj):   4.4801268455890386e-02
zj:   0.0000000000000000e+00 f(zj):   0.0000000000000000e+00 pn(zj):   4.4081730975318534e-02
zj:   0.0000000000000000e+00 f(zj):   0.0000000000000000e+00 pn(zj):   4.3365991289671890e-02
zj:   0.0000000000000000e+00 f(zj):   0.0000000000000000e+00 pn(zj):   4.2654042097920564e-02
zj:   0.0000000000000000e+00 f(zj):   0.0000000000000000e+00 pn(zj):   4.1945876099034662e-02
zj:   0.0000000000000000e+00 f(zj):   0.0000000000000000e+00 pn(zj):   4.1241485991984517e-02
zj:   0.0000000000000000e+00 f(zj):   0.0000000000000000e+00 pn(zj):   4.0540864475740346e-02
zj:   0.0000000000000000e+00 f(zj):   0.0000000000000000e+00 pn(zj):   3.9844004249272147e-02
zj:   0.0000000000000000e+00 f(zj):   0.0000000000000000e+00 pn(zj):   3.9150898011550361e-02
zj:   0.0000000000000000e+00 f(zj):   0.0000000000000000e+00 pn(zj):   3.8461538461544875e-02
