zj:   0.0000000000000000e+00 f(zj):   1.0000000000000000e+00 pn(zj):   4.6947643881554395e+00
zj:   1.0000000000000000e+00 f(zj):   3.8461538461538464e-02 pn(zj):   4.6829952275164386e+00
zj:   2.0000000000000000e+00 f(zj):   9.9009900990099011e-03 pn(zj):   4.6712474831141684e+00
zj:   3.0000000000000000e+00 f(zj):   4.4247787610619468e-03 pn(zj):   4.6595211298084394e+00
zj:   4.0000000000000000e+00 f(zj):   2.4937655860349127e-03 pn(zj):   4.6478161424733591e+00
zj:   5.0000000000000000e+00 f(zj):   1.5974440894568689e-03 pn(zj):   4.6361324959973409e+00
zj:   1.0000000000000000e+00 f(zj):  2.0861577729517742e-314 pn(zj):   4.6244701652831015e+00
zj:  -9.6153846153846156e-01 f(zj):  4.6759281155772393e-310 pn(zj):   4.6128291252476590e+00
zj:   4.6648895658796652e-01 f(zj):  4.6759281155772393e-310 pn(zj):   4.6012093508223346e+00
zj:  -1.5164892935855875e-01 f(zj):  4.6759281155772393e-310 pn(zj):   4.5896108169527530e+00
zj:   3.7098101553737203e-02 f(zj):  4.6759281155772393e-310 pn(zj):   4.5780334985988400e+00
zj:   1.5974440894568689e-03 f(zj):  4.6759281156283257e-310 pn(zj):   4.5664773707348267e+00
zj:   1.0000000000000000e+00 f(zj):  4.6759281157796086e-310 pn(zj):   4.5549424083492447e+00
zj:   3.8461538461538464e-02 f(zj):  4.6759281155772393e-310 pn(zj):   4.5434285864449286e+00
zj:   9.9009900990099011e-03 f(zj):  4.6759281157796086e-310 pn(zj):   4.5319358800390184e+00
zj:   4.4247787610619468e-03 f(zj):   0.0000000000000000e+00 pn(zj):   4.5204642641629533e+00
zj:   2.4937655860349127e-03 f(zj):   0.0000000000000000e+00 pn(zj):   4.5090137138624788e+00
zj:   1.5974440894568689e-03 f(zj):   0.0000000000000000e+00 pn(zj):   4.4975842041976399e+00
zj:  2.0861577729517742e-314 f(zj):   0.0000000000000000e+00 pn(zj):   4.4861757102427866e+00
zj:  4.6759281155772393e-310 f(zj):  6.9488479886985508e-310 pn(zj):   4.4747882070865703e+00
zj:  4.6759281155772393e-310 f(zj):  1.4821969375237396e-323 pn(zj):   4.4634216698319475e+00
zj:  4.6759281155772393e-310 f(zj):   0.0000000000000000e+00 pn(zj):   4.4520760735961744e+00
zj:  4.6759281155772393e-310 f(zj):   0.0000000000000000e+00 pn(zj):   4.4407513935108112e+00
zj:  4.6759281156840563e-310 f(zj):  4.6759281155645913e-310 pn(zj):   4.4294476047217222e+00
zj:  4.6759281157796086e-310 f(zj):                     -nan pn(zj):   4.4181646823890741e+00
zj:  4.6759281155772393e-310 f(zj):   0.0000000000000000e+00 pn(zj):   4.4069026016873334e+00
zj:  4.6759281157796086e-310 f(zj):  4.6759281155653818e-310 pn(zj):   4.3956613378052740e+00
zj:   0.0000000000000000e+00 f(zj):   0.0000000000000000e+00 pn(zj):   4.3844408659459706e+00
zj:   0.0000000000000000e+00 f(zj):   0.0000000000000000e+00 pn(zj):   4.3732411613267974e+00
zj:   0.0000000000000000e+00 f(zj):   0.0000000000000000e+00 pn(zj):   4.3620621991794373e+00
zj:   0.0000000000000000e+00 f(zj):  2.1219957904712067e-314 pn(zj):   4.3509039547498727e+00
zj:  6.9488479886985508e-310 f(zj):   0.0000000000000000e+00 pn(zj):   4.3397664032983894e+00
zj:  1.4821969375237396e-323 f(zj):   0.0000000000000000e+00 pn(zj):   4.3286495200995745e+00
zj:   0.0000000000000000e+00 f(zj):  6.9488479888866910e-310 pn(zj):   4.3175532804423202e+00
zj:   0.0000000000000000e+00 f(zj):   0.0000000000000000e+00 pn(zj):   4.3064776596298211e+00
zj:  4.6759281155645913e-310 f(zj):   0.0000000000000000e+00 pn(zj):   4.2954226329795731e+00
zj:                     -nan f(zj):   0.0000000000000000e+00 pn(zj):   4.2843881758233771e+00
zj:   0.0000000000000000e+00 f(zj):   0.0000000000000000e+00 pn(zj):   4.2733742635073337e+00
zj:  4.6759281155653818e-310 f(zj):   0.0000000000000000e+00 pn(zj):   4.2623808713918496e+00
zj:   0.0000000000000000e+00 f(zj):   0.0000000000000000e+00 pn(zj):   4.2514079748516318e+00
zj:   0.0000000000000000e+00 f(zj):   0.0000000000000000e+00 pn(zj):   4.2404555492756906e+00
zj:   0.0000000000000000e+00 f(zj):   0.0000000000000000e+00 pn(zj):   4.2295235700673421e+00
zj:  2.1219957904712067e-314 f(zj):   0.0000000000000000e+00 pn(zj):   4.2186120126442006e+00
zj:   0.0000000000000000e+00 f(zj):   0.0000000000000000e+00 pn(zj):   4.2077208524381868e+00
zj:   0.0000000000000000e+00 f(zj):   0.0000000000000000e+00 pn(zj):   4.1968500648955214e+00
zj:  6.9488479888866910e-310 f(zj):   0.0000000000000000e+00 pn(zj):   4.1859996254767307e+00
zj:   0.0000000000000000e+00 f(zj):   0.0000000000000000e+00 pn(zj):   4.1751695096566399e+00
zj:   0.0000000000000000e+00 f(zj):   0.0000000000000000e+00 pn(zj):   4.1643596929243820e+00
zj:   0.0000000000000000e+00 f(zj):   0.0000000000000000e+00 pn(zj):   4.1535701507833878e+00
zj:   0.0000000000000000e+00 f(zj):   0.0000000000000000e+00 pn(zj):   4.1428008587513947e+00
zj:   0.0000000000000000e+00 f(zj):   0.0000000000000000e+00 pn(zj):   4.1320517923604418e+00
zj:   0.0000000000000000e+00 f(zj):   0.0000000000000000e+00 pn(zj):   4.1213229271568697e+00
zj:   0.0000000000000000e+00 f(zj):   0.0000000000000000e+00 pn(zj):   4.1106142387013236e+00
zj:   0.0000000000000000e+00 f(zj):   0.0000000000000000e+00 pn(zj):   4.0999257025687506e+00
zj:   0.0000000000000000e+00 f(zj):   0.0000000000000000e+00 pn(zj):   4.0892572943483998e+00
zj:   0.0000000000000000e+00 f(zj):   0.0000000000000000e+00 pn(zj):   4.0786089896438256e+00
zj:   0.0000000000000000e+00 f(zj):   0.0000000000000000e+00 pn(zj):   4.0679807640728818e+00
zj:   0.0000000000000000e+00 f(zj):   0.0000000000000000e+00 pn(zj):   4.0573725932677274e+00
zj:   0.0000000000000000e+00 f(zj):   0.0000000000000000e+00 pn(zj):   4.0467844528748245e+00
zj:   0.0000000000000000e+00 f(zj):   0.0000000000000000e+00 pn(zj):   4.0362163185549349e+00
zj:   0.0000000000000000e+00 f(zj):   0.0000000000000000e+00 pn(zj):   4.0256681659831273e+00
zj:   0.0000000000000000e+00 f(zj):   0.0000000000000000e+00 pn(zj):   4.0151399708487716e+00
zj:   0.0000000000000000e+00 f(zj):   0.0000000000000000e+00 pn(zj):   4.0046317088555377e+00
zj:   0.0000000000000000e+00 f(zj):   0.0000000000000000e+00 pn(zj):   3.9941433557214032e+00
zj:   0.0000000000000000e+00 f(zj):  6.9488479888202886e-310 pn(zj):   3.9836748871786449e+00
zj:   0.0000000000000000e+00 f(zj):  2.0320920013450470e-320 pn(zj):   3.9732262789738435e+00
zj:   0.0000000000000000e+00 f(zj):  1.2566263866505099e+232 pn(zj):   3.9627975068678833e+00
zj:   0.0000000000000000e+00 f(zj):  6.0513972685449602e-154 pn(zj):   3.9523885466359499e+00
zj:   0.0000000000000000e+00 f(zj):   8.6111369022669060e-67 pn(zj):   3.9419993740675325e+00
zj:   0.0000000000000000e+00 f(zj):   1.3696723209425046e-71 pn(zj):   3.9316299649664233e+00
zj:   0.0000000000000000e+00 f(zj):  1.3160769791568636e-259 pn(zj):   3.9212802951507162e+00
zj:   0.0000000000000000e+00 f(zj):   3.2424566200869199e-86 pn(zj):   3.9109503404528101e+00
zj:   0.0000000000000000e+00 f(zj):   1.3980432860952889e-76 pn(zj):   3.9006400767194038e+00
zj:   0.0000000000000000e+00 f(zj):   1.3980432860952889e-76 pn(zj):   3.8903494798115021e+00
zj:   0.0000000000000000e+00 f(zj):  2.7680678906616326e+280 pn(zj):   3.8800785256044095e+00
zj:   0.0000000000000000e+00 f(zj):   3.2424566200750214e-86 pn(zj):   3.8698271899877361e+00
zj:  6.9488479888202886e-310 f(zj):   1.3980432860952889e-76 pn(zj):   3.8595954488653912e+00
zj:  2.0320920013450470e-320 f(zj):   1.3980432860952889e-76 pn(zj):   3.8493832781555910e+00
zj:  1.2566263866505099e+232 f(zj):  6.1799880953825233e-114 pn(zj):   3.8391906537908520e+00
zj:  6.0513972685449602e-154 f(zj):   1.2844695233355919e-57 pn(zj):   3.8290175517179939e+00
zj:   8.6111369022669060e-67 f(zj):   1.3997406110305413e-76 pn(zj):   3.8188639478981394e+00
zj:   1.3696723209425046e-71 f(zj):   1.0305274145872312e-71 pn(zj):   3.8087298183067144e+00
zj:  1.3160769791568636e-259 f(zj):  8.1642195725457907e+204 pn(zj):   3.7986151389334473e+00
zj:   3.2424566200869199e-86 f(zj):   5.9431117643325606e-38 pn(zj):   3.7885198857823683e+00
zj:   1.3980432860952889e-76 f(zj):   7.1175030671314913e-38 pn(zj):   3.7784440348718120e+00
zj:   1.3980432860952889e-76 f(zj):   3.5727967418913961e-62 pn(zj):   3.7683875622344143e+00
zj:  2.7680678906616326e+280 f(zj):  3.5230863936820267e-109 pn(zj):   3.7583504439171156e+00
zj:   3.2424566200750214e-86 f(zj):   1.3973685027430247e-76 pn(zj):   3.7483326559811578e+00
zj:   1.3980432860952889e-76 f(zj):   1.3980432860952889e-76 pn(zj):   3.7383341745020857e+00
zj:   5.3485037281915189e-38 f(zj):   1.2108942892349278e-99 pn(zj):   3.7283549755697476e+00
zj:   4.6645091318312648e-33 f(zj):   5.2094106146790348e-90 pn(zj):   3.7183950352882937e+00
zj:  2.7680679314197621e+280 f(zj):  3.5230863936829958e-109 pn(zj):   3.7084543297761776e+00
zj:   3.4435330884136163e-86 f(zj):   1.0289762740598581e-71 pn(zj):   3.6985328351661559e+00
zj:   5.3485037281915189e-38 f(zj):   9.3544384058243831e-67 pn(zj):   3.6886305276052864e+00
zj:   4.6645091318312648e-33 f(zj):   5.2084480768800106e-90 pn(zj):   3.6787473832549327e+00
zj:  6.1799881683249009e-114 f(zj):  8.2012590046520733e+204 pn(zj):   3.6688833782907584e+00
zj:   1.9599449513787718e-62 f(zj):   6.7710089230766922e-43 pn(zj):   3.6590384889027310e+00
zj:   1.1432795005695940e-71 f(zj):   2.4246416132349678e-52 pn(zj):   3.6492126912951206e+00
zj:   2.5253727837090357e-52 f(zj):  3.6009432078763417e+179 pn(zj):   3.6394059616865011e+00
zj:  8.1642195725457940e+204 f(zj):  1.9701896698966844e-153 pn(zj):   3.6296182763097478e+00
zj:   3.0556296423427782e-57 f(zj):   2.1102066468280272e-52 pn(zj):   3.6198496114120382e+00
zj:   1.3694538291855225e-71 f(zj):   1.0877851917744993e-71 pn(zj):   3.6100999432548551e+00
zj:   5.2094106146790348e-90 f(zj):   4.6617496505586276e-62 pn(zj):   3.6003692481139820e+00
zj:  3.5230863936829958e-109 f(zj):  1.9512347655568931e-153 pn(zj):   3.5906575022795071e+00
zj:   1.0289762740598581e-71 f(zj):   4.0127222331986601e-57 pn(zj):   3.5809646820558183e+00
zj:   9.3544384058243831e-67 f(zj):   4.4704173360429666e-33 pn(zj):   3.5712907637616098e+00
zj:   5.2084480768800106e-90 f(zj):   2.1743562883737396e-76 pn(zj):   3.5616357237298764e+00
zj:  8.2012590046520733e+204 f(zj):   1.6039704617400945e-28 pn(zj):   3.5519995383079159e+00
zj:   6.7710089230766922e-43 f(zj):   5.0591950612631756e-38 pn(zj):   3.5423821838573293e+00
zj:   2.4246416132349678e-52 f(zj):   5.3507951312351145e-38 pn(zj):   3.5327836367540213e+00
zj:  3.6009432078763417e+179 f(zj):   1.1829553174571991e-76 pn(zj):   3.5232038733881978e+00
zj:  1.9701896698966844e-153 f(zj):   2.9907127702001680e-67 pn(zj):   3.5136428701643689e+00
zj:   2.1102066468280272e-52 f(zj):   4.4704056614567416e-33 pn(zj):   3.5041006035013451e+00
zj:   1.0877851917744993e-71 f(zj):   8.2402672038015739e-67 pn(zj):   3.4945770498322428e+00
zj:   4.6617496505586276e-62 f(zj):  8.5982517002678191e+183 pn(zj):   3.4850721856044795e+00
zj:  1.9512347655568931e-153 f(zj):   1.9599930497426634e-62 pn(zj):   3.4755859872797750e+00
zj:   4.0127222331986601e-57 f(zj):   5.4012577174684763e-62 pn(zj):   3.4661184313341535e+00
zj:   4.4704173360429666e-33 f(zj):   2.6334481887685979e-52 pn(zj):   3.4566694942579415e+00
zj:   2.1743562883737396e-76 f(zj):  1.2593554491124365e+232 pn(zj):   3.4472391525557673e+00
zj:   1.6039704617400945e-28 f(zj):  6.0513972685449602e-154 pn(zj):   3.4378273827465624e+00
zj:   5.0591950612631756e-38 f(zj):   2.1110128071981500e-52 pn(zj):   3.4284341613635618e+00
zj:   5.3507951312351145e-38 f(zj):   1.2573632905425125e-71 pn(zj):   3.4190594649543025e+00
zj:   1.1829553174571991e-76 f(zj):  1.3160769791190795e-259 pn(zj):   3.4097032700806249e+00
zj:   2.9907127702001680e-67 f(zj):   3.8456860251027045e-86 pn(zj):   3.4003655533186721e+00
zj:   4.4704056614567416e-33 f(zj):   4.7607521558629941e-38 pn(zj):   3.3910462912588897e+00
zj:   8.2402672038015739e-67 f(zj):   5.3946330752265382e-62 pn(zj):   3.3817454605060253e+00
zj:  8.5982517002678191e+183 f(zj):  2.7680679314461768e+280 pn(zj):   3.3724630376791320e+00
zj:   1.9599930497426634e-62 f(zj):   3.4435330884136163e-86 pn(zj):   3.3631989994115621e+00
zj:   5.4012577174684763e-62 f(zj):   8.1664446554670781e-43 pn(zj):   3.3539533223509737e+00
zj:   2.6334481887685979e-52 f(zj):   1.3701179708540599e-71 pn(zj):   3.3447259831593263e+00
zj:  1.2593554491124365e+232 f(zj):  6.1799881078156523e-114 pn(zj):   3.3355169585128821e+00
zj:  6.0513972685449602e-154 f(zj):   1.9599449513787718e-62 pn(zj):   3.3263262251022065e+00
zj:   2.1110128071981500e-52 f(zj):   5.3485083525440669e-38 pn(zj):   3.3171537596321681e+00
zj:   1.2573632905425125e-71 f(zj):   2.2125724103829515e-52 pn(zj):   3.3079995388219370e+00
zj:  1.3160769791190795e-259 f(zj):  8.1642195725457962e+204 pn(zj):   3.2988635394049872e+00
zj:   3.8456860251027045e-86 f(zj):   3.0556296423427782e-57 pn(zj):   3.2897457381290960e+00
zj:  6.0513972685449602e-154 f(zj):   1.3694538291855225e-71 pn(zj):   3.2806461117563406e+00
zj:   3.6997191876396816e-57 f(zj):   1.2566991388981095e-71 pn(zj):   3.2715646370631051e+00
zj:   2.1759745157382335e-76 f(zj):   1.7445100118286945e-76 pn(zj):   3.2625012908400737e+00
zj:  1.3160769790054332e-259 f(zj):  8.1642195725457929e+204 pn(zj):   3.2534560498922342e+00
zj:   1.3045549096312291e-76 f(zj):   4.2718026756524160e-33 pn(zj):   3.2444288910388766e+00
zj:   6.5228637450789163e-38 f(zj):   1.5887427353138534e-47 pn(zj):   3.2354197911135945e+00
zj:  2.9481542051860126e+179 f(zj):   5.2065080778097259e-90 pn(zj):   3.2264287269642837e+00
zj:  2.7680679178429828e+280 f(zj):  3.5230863936828757e-109 pn(zj):   3.2174556754531438e+00
zj:   3.4435330884136163e-86 f(zj):   1.8981261985501422e-52 pn(zj):   3.2085006134566756e+00
zj:   8.9762902268901817e-67 f(zj):   7.1117319596733940e-38 pn(zj):   3.1995635178656840e+00
zj:   1.8997640283031288e-52 f(zj):   5.2055791158930813e-90 pn(zj):   3.1906443655852765e+00
zj:  6.1799881078156523e-114 f(zj):  8.2012590046497898e+204 pn(zj):   3.1817431335348632e+00
zj:   1.9599449513787718e-62 f(zj):   5.6008473085925945e-67 pn(zj):   3.1728597986481550e+00
zj:   1.2566991388981095e-71 f(zj):   8.6148395567214934e-43 pn(zj):   3.1639943378731701e+00
zj:   1.7445100118286945e-76 f(zj):  2.7892146652631680e+179 pn(zj):   3.1551467281722263e+00
zj:  8.1642195725457929e+204 f(zj):  1.9701896698966844e-153 pn(zj):   3.1463169465219436e+00
zj:   4.2718026756524160e-33 f(zj):   4.0859748127219231e-33 pn(zj):   3.1375049699132469e+00
zj:   1.5887427353138534e-47 f(zj):   5.6469735921697065e-38 pn(zj):   3.1287107753513634e+00
zj:   5.2065080778097259e-90 f(zj):   1.5858569683842758e-47 pn(zj):   3.1199343398558224e+00
zj:  3.5230863936828757e-109 f(zj):  1.9512347655568931e-153 pn(zj):   3.1111756404604560e+00
zj:   1.8981261985501422e-52 f(zj):   2.1093925767885126e-52 pn(zj):   3.1024346542133996e+00
zj:   7.1117319596733940e-38 f(zj):   5.3542300112025769e-38 pn(zj):   3.0937113581770905e+00
zj:   5.2055791158930813e-90 f(zj):   1.5858569684005811e-47 pn(zj):   3.0850057294282713e+00
zj:  8.2012590046497898e+204 f(zj):   1.6039704617400945e-28 pn(zj):   3.0763177450579846e+00
zj:   5.6008473085925945e-67 f(zj):   8.2329604452290349e-67 pn(zj):   3.0676473821715762e+00
zj:   8.6148395567214934e-43 f(zj):   3.8534300959790481e-57 pn(zj):   3.0589946178886955e+00
zj:  2.7892146652631680e+179 f(zj):   1.1829553174370117e-76 pn(zj):   3.0503594293432958e+00
zj:  1.9701896698966844e-153 f(zj):   4.5634655307009399e-72 pn(zj):   3.0417417936836304e+00
zj:   4.0859748127219231e-33 f(zj):   4.2785649602187619e-33 pn(zj):   3.0331416880722575e+00
zj:   5.6469735921697065e-38 f(zj):   4.6682183899470099e-62 pn(zj):   3.0245590896860373e+00
zj:   1.5858569683842758e-47 f(zj):  8.6169002070073294e+183 pn(zj):   3.0159939757161327e+00
zj:  1.9512347655568931e-153 f(zj):   2.3694862040991260e-38 pn(zj):   3.0074463233680109e+00
zj:   2.1093925767885126e-52 f(zj):   2.6301855116423435e-52 pn(zj):   2.9989161098614390e+00
zj:   5.3542300112025769e-38 f(zj):   9.3530064762225821e-67 pn(zj):   2.9904033124304896e+00
zj:   1.5858569684005811e-47 f(zj):  1.2578393227536414e+232 pn(zj):   2.9819079083235369e+00
zj:   1.6039704617400945e-28 f(zj):  6.0513972685449602e-154 pn(zj):   2.9734298748032586e+00
zj:   8.2329604452290349e-67 f(zj):   2.1089815838963797e-52 pn(zj):   2.9649691891466325e+00
zj:   3.8534300959790481e-57 f(zj):   6.7594770779008042e-67 pn(zj):   2.9565258286449438e+00
zj:   1.1829553174370117e-76 f(zj):  1.3160769790431412e-259 pn(zj):   2.9480997706037768e+00
zj:   4.5634655307009399e-72 f(zj):   3.4435330884255147e-86 pn(zj):   2.9396909923430208e+00
zj:   4.2785649602187619e-33 f(zj):   2.1766544720824564e-76 pn(zj):   2.9312994711968656e+00
zj:   4.6682183899470099e-62 f(zj):   1.4260474986364902e-71 pn(zj):   2.9229251845138067e+00
zj:  8.6169002070073294e+183 f(zj):  2.7680679314197621e+280 pn(zj):   2.9145681096566394e+00
zj:   2.3694862040991260e-38 f(zj):   4.0467624934294009e-86 pn(zj):   2.9062282240024637e+00
zj:   2.6301855116423435e-52 f(zj):   9.9530522740811761e-43 pn(zj):   2.8979055049426821e+00
zj:   9.3530064762225821e-67 f(zj):   1.9165560312302368e-76 pn(zj):   2.8895999298830000e+00
zj:  1.2578393227536414e+232 f(zj):  6.1799881318302603e-114 pn(zj):   2.8813114762434249e+00
zj:  6.0513972685449602e-154 f(zj):   1.9599449513787718e-62 pn(zj):   2.8730401214582675e+00
zj:  6.0136181703254192e-154 f(zj):   7.1105973805123312e-38 pn(zj):   2.8647858429761408e+00
zj:   3.2217940740592899e-57 f(zj):   5.6469915985120511e-38 pn(zj):   2.8565486182599624e+00
zj:   1.0412025283452119e-42 f(zj):   6.3798345569017204e-67 pn(zj):   2.8483284247869509e+00
zj:  1.2572399551484347e+232 f(zj):  6.1799881923395090e-114 pn(zj):   2.8401252400486277e+00
zj:  6.0513972685449602e-154 f(zj):   2.9906386587200498e-67 pn(zj):   2.8319390415508177e+00
zj:   2.5808186667881670e-57 f(zj):   6.2358777322111717e-38 pn(zj):   2.8237698068136483e+00
zj:   8.9791823174639850e-67 f(zj):   1.7438353214957377e-76 pn(zj):   2.8156175133715502e+00
zj:  1.3160769791001504e-259 f(zj):  8.1642195725457951e+204 pn(zj):   2.8074821387732567e+00
zj:   1.3045549096312291e-76 f(zj):   6.7435102292775343e-67 pn(zj):   2.7993636605818031e+00
zj:   2.0029229827524660e-76 f(zj):   1.7458515014100996e-76 pn(zj):   2.7912620563745278e+00
zj:  2.9538402828466039e+179 f(zj):   5.2094144622621231e-90 pn(zj):   2.7831773037430731e+00
zj:  2.7680679178429828e+280 f(zj):  3.5230863936828757e-109 pn(zj):   2.7751093802933831e+00
zj:   4.6499918984451855e-86 f(zj):   3.5335572156825139e-57 pn(zj):   2.7670582636457040e+00
zj:   5.6469915985120511e-38 f(zj):   2.5290480530687425e-52 pn(zj):   2.7590239314345868e+00
zj:   6.3798345569017204e-67 f(zj):   5.2017139969873447e-90 pn(zj):   2.7510063613088835e+00
zj:  6.1799881923395090e-114 f(zj):  8.2012590046517814e+204 pn(zj):   2.7430055309317503e+00
zj:   2.9906386587200498e-67 f(zj):   4.4368744359765536e-38 pn(zj):   2.7350214179806440e+00
zj:   6.2358777322111717e-38 f(zj):   5.0580919780710702e-38 pn(zj):   2.7270540001473269e+00
zj:   1.7438353214957377e-76 f(zj):  3.2736014408492263e+179 pn(zj):   2.7191032551378624e+00
zj:  8.1642195725457951e+204 f(zj):  1.9701896698966844e-153 pn(zj):   2.7111691606726174e+00
zj:   6.7435102292775343e-67 f(zj):   6.3812663977145884e-67 pn(zj):   2.7032516944862612e+00
zj:   1.7458515014100996e-76 f(zj):   2.1089863633421847e-52 pn(zj):   2.6953508343277663e+00
zj:   5.2094144622621231e-90 f(zj):   7.4841860949222802e-67 pn(zj):   2.6874665579604073e+00
zj:  3.5230863936828757e-109 f(zj):  1.9512347655568931e-153 pn(zj):   2.6795988431617621e+00
zj:   3.5335572156825139e-57 f(zj):   7.4102060976073269e-38 pn(zj):   2.6717476677237109e+00
zj:   2.5290480530687425e-52 f(zj):   9.1821661984524728e-72 pn(zj):   2.6639130094524379e+00
zj:   5.2017139969873447e-90 f(zj):   9.9446566923779869e-43 pn(zj):   2.6560948461684295e+00
zj:  8.2012590046517814e+204 f(zj):   1.6039704617400945e-28 pn(zj):   2.6482931557064742e+00
zj:   4.4368744359765536e-38 f(zj):   5.9419637505656353e-38 pn(zj):   2.6405079159156633e+00
zj:   5.0580919780710702e-38 f(zj):   6.8190107121742338e-38 pn(zj):   2.6327391046593922e+00
zj:  3.2736014408492263e+179 f(zj):   1.1829566274706649e-76 pn(zj):   2.6249866998153584e+00
zj:  1.9701896698966844e-153 f(zj):   4.5634655307009399e-72 pn(zj):   2.6172506792755614e+00
zj:   6.3812663977145884e-67 f(zj):   4.8533405671272098e-33 pn(zj):   2.6095310209463047e+00
zj:   2.1089863633421847e-52 f(zj):   3.0593709346504835e-57 pn(zj):   2.6018277027481940e+00
zj:   7.4841860949222802e-67 f(zj):  8.6023606932237340e+183 pn(zj):   2.5941407026161381e+00
zj:  1.9512347655568931e-153 f(zj):   5.5168899802936380e-48 pn(zj):   2.5864699984993482e+00
zj:   7.4102060976073269e-38 f(zj):   1.3707820922423524e-71 pn(zj):   2.5788155683613381e+00
zj:   9.1821661984524728e-72 f(zj):   3.1215287750914658e-33 pn(zj):   2.5711773901799249e+00
zj:   9.9446566923779869e-43 f(zj):  1.2578405026402262e+232 pn(zj):   2.5635554419472291e+00
zj:   1.6039704617400945e-28 f(zj):  6.0513972685449602e-154 pn(zj):   2.5559497016696726e+00
zj:   5.9419637505656353e-38 f(zj):   6.3754936231347387e-67 pn(zj):   2.5483601473679807e+00
zj:   6.8190107121742338e-38 f(zj):   1.6560953253021049e-47 pn(zj):   2.5407867570771820e+00
zj:   1.1829566274706649e-76 f(zj):  1.3160769791380069e-259 pn(zj):   2.5332295088466070e+00
zj:   4.5634655307009399e-72 f(zj):   1.3045549096312291e-76 pn(zj):   2.5256883807398900e+00
zj:   4.8533405671272098e-33 f(zj):   6.5228637450789163e-38 pn(zj):   2.5181633508349672e+00
zj:   3.0593709346504835e-57 f(zj):  2.9481542051860126e+179 pn(zj):   2.5106543972240778e+00
zj:  8.6023606932237340e+183 f(zj):  2.7680679178429828e+280 pn(zj):   2.5031614980137644e+00
zj:   1.1829533433388977e-76 f(zj):   3.6446095567522111e-86 pn(zj):   2.4956846313248717e+00
zj:  6.0136196164698546e-154 f(zj):   2.3198273232760172e-52 pn(zj):   2.4882237752925476e+00
zj:   5.1591282307511925e-62 f(zj):   1.1776798427442742e-47 pn(zj):   2.4807789080662417e+00
zj:   4.6645120473399171e-33 f(zj):  3.5990461933583862e+179 pn(zj):   2.4733500078097093e+00
zj:  8.6106919913107815e+183 f(zj):  2.7680679178429828e+280 pn(zj):   2.4659370527010047e+00
zj:  6.0136181703254192e-154 f(zj):   3.6446095567522111e-86 pn(zj):   2.4585400209324870e+00
zj:   3.1222664094098637e-33 f(zj):   7.1274658951913265e-67 pn(zj):   2.4511588907108193e+00
zj:   1.0298641500688891e-71 f(zj):   8.6024435395622039e-67 pn(zj):   2.4437936402569647e+00
zj:  1.2584552288621591e+232 f(zj):  6.1799881198229563e-114 pn(zj):   2.4364442478061914e+00
zj:  6.0513972685449602e-154 f(zj):   2.9906386587200498e-67 pn(zj):   2.4291106916080683e+00
zj:   6.5263164565719901e-38 f(zj):   8.6078194336142716e-43 pn(zj):   2.4217929499264699e+00
zj:   5.9350984929189181e-38 f(zj):   9.0614898375410712e-43 pn(zj):   2.4144910010395710e+00
zj:  1.3160769791375647e-259 f(zj):  8.1642195725457929e+204 pn(zj):   2.4072048232398502e+00
zj:   1.3045549096312291e-76 f(zj):   1.7937276994298103e-52 pn(zj):   2.3999343948340885e+00
zj:   1.1776798427442742e-47 f(zj):   7.2643245303152181e-43 pn(zj):   2.3926796941433706e+00
zj:  3.5990461933583862e+179 f(zj):   5.2055530301760763e-90 pn(zj):   2.3854406995030835e+00
zj:  2.7680679178429828e+280 f(zj):  3.5230863936822711e-109 pn(zj):   2.3782173892629164e+00
zj:   3.6446095567522111e-86 f(zj):   7.7039744378697219e-43 pn(zj):   2.3710097417868612e+00
zj:   7.1274658951913265e-67 f(zj):   8.1629482514811615e-43 pn(zj):   2.3638177354532148e+00
zj:   8.6024435395622039e-67 f(zj):   5.2026840697032619e-90 pn(zj):   2.3566413486545734e+00
zj:  6.1799881198229563e-114 f(zj):  8.2012590046514974e+204 pn(zj):   2.3494805597978390e+00
zj:   2.9906386587200498e-67 f(zj):   2.4052344512655883e-57 pn(zj):   2.3423353473042154e+00
zj:   8.6078194336142716e-43 f(zj):   4.7676622741553604e-38 pn(zj):   2.3352056896092082e+00
zj:   9.0614898375410712e-43 f(zj):  3.7592346163991878e+179 pn(zj):   2.3280915651626279e+00
zj:  8.1642195725457929e+204 f(zj):  1.9701896698966844e-153 pn(zj):   2.3209929524285857e+00
zj:   1.7937276994298103e-52 f(zj):   2.1102066468280272e-52 pn(zj):   2.3139098298854961e+00
zj:   7.2643245303152181e-43 f(zj):   3.6977972595117368e-33 pn(zj):   2.3068421760260778e+00
zj:   5.2055530301760763e-90 f(zj):   4.6617495493037165e-62 pn(zj):   2.2997899693573509e+00
zj:  3.5230863936822711e-109 f(zj):  1.9512347655568931e-153 pn(zj):   2.2927531884006376e+00
zj:   7.7039744378697219e-43 f(zj):   2.5845573091990112e-57 pn(zj):   2.2857318116915657e+00
zj:   8.1629482514811615e-43 f(zj):   5.8845932437414107e-62 pn(zj):   2.2787258177800624e+00
zj:   5.2026840697032619e-90 f(zj):   4.4666299022498564e-33 pn(zj):   2.2717351852303604e+00
zj:  8.2012590046514974e+204 f(zj):   1.6039704617400945e-28 pn(zj):   2.2647598926209942e+00
zj:   2.4052344512655883e-57 f(zj):   5.6405385907368166e-62 pn(zj):   2.2577999185448001e+00
zj:   4.7676622741553604e-38 f(zj):   2.0912982228425217e-76 pn(zj):   2.2508552416089187e+00
zj:  3.7592346163991878e+179 f(zj):   1.1829526972600982e-76 pn(zj):   2.2439258404347933e+00
zj:  1.9701896698966844e-153 f(zj):   2.3694867739090460e-38 pn(zj):   2.2370116936581681e+00
zj:   2.1102066468280272e-52 f(zj):   3.3171221843333622e-33 pn(zj):   2.2301127799290930e+00
zj:   3.6977972595117368e-33 f(zj):   1.3705532067349069e-71 pn(zj):   2.2232290779119186e+00
zj:   4.6617495493037165e-62 f(zj):  8.6044759419628567e+183 pn(zj):   2.2163605662852985e+00
zj:  1.9512347655568931e-153 f(zj):   2.9907120509989371e-67 pn(zj):   2.2095072237421904e+00
zj:   2.5845573091990112e-57 f(zj):   4.4704056614567416e-33 pn(zj):   2.2026690289898534e+00
zj:   5.8845932437414107e-62 f(zj):   8.9849666993215556e-67 pn(zj):   2.1958459607498497e+00
zj:   4.4666299022498564e-33 f(zj):  1.2566358938124657e+232 pn(zj):   2.1890379977580445e+00
zj:   1.6039704617400945e-28 f(zj):  6.0513972685449602e-154 pn(zj):   2.1822451187646061e+00
zj:   5.6405385907368166e-62 f(zj):   6.1276909195180243e-62 pn(zj):   2.1754673025340052e+00
zj:   2.0912982228425217e-76 f(zj):   1.4844142064650892e-76 pn(zj):   2.1687045278450152e+00
zj:   1.1829526972600982e-76 f(zj):  1.3160769791377845e-259 pn(zj):   2.1619567734907128e+00
zj:   4.0822021073628639e-33 f(zj):   1.3045549096312291e-76 pn(zj):   2.1552240182784770e+00
zj:   1.6039704617400945e-28 f(zj):  6.0513972685449602e-154 pn(zj):   2.1485062410299891e+00
zj:   1.2560289786480455e-71 f(zj):   6.7536642865058259e-67 pn(zj):   2.1418034205812351e+00
zj:   3.8903902886583517e-33 f(zj):   3.8577692475895564e-57 pn(zj):   2.1351155357825022e+00
zj:   1.1829559736905563e-76 f(zj):  1.3160769790055065e-259 pn(zj):   2.1284425654983798e+00
zj:  6.0136196164698546e-154 f(zj):   3.4435330884255147e-86 pn(zj):   2.1217844886077626e+00
zj:   6.0074595059437729e-67 f(zj):   1.3813424581344138e-47 pn(zj):   2.1151412840038448e+00
zj:   1.6555670489349889e-47 f(zj):   2.1114205953125310e-52 pn(zj):   2.1085129305941273e+00
zj:  8.6044352998680367e+183 f(zj):  2.7680679448120284e+280 pn(zj):   2.1018994073004098e+00
zj:  6.0136181703254192e-154 f(zj):   1.3045549096286740e-76 pn(zj):   2.0953006930587970e+00
zj:   3.3786018570342850e-57 f(zj):   6.5228637450789163e-38 pn(zj):   2.0887167668196964e+00
zj:   6.7478574437888226e-67 f(zj):  2.9481542051860126e+179 pn(zj):   2.0821476075478174e+00
zj:  1.2584540443848570e+232 f(zj):  6.1799881440273540e-114 pn(zj):   2.0755931942221739e+00
zj:  6.0513972685449602e-154 f(zj):   2.9906386587200498e-67 pn(zj):   2.0690535058360808e+00
zj:   6.7536642865058259e-67 f(zj):   8.2301023587957248e-67 pn(zj):   2.0625285213971560e+00
zj:   3.8577692475895564e-57 f(zj):   4.6652819845252192e-33 pn(zj):   2.0560182199273207e+00
zj:  1.3160769790055065e-259 f(zj):  8.1642195725457873e+204 pn(zj):   2.0495225804627992e+00
zj:   3.4435330884255147e-86 f(zj):   1.8981261985501422e-52 pn(zj):   2.0430415820541179e+00
zj:   1.3813424581344138e-47 f(zj):   1.6569065837481027e-47 pn(zj):   2.0365752037661067e+00
zj:   2.1114205953125310e-52 f(zj):   5.2055641929925470e-90 pn(zj):   2.0301234246778979e+00
zj:  2.7680679448120284e+280 f(zj):  3.5230863936821505e-109 pn(zj):   2.0236862238829256e+00
zj:   1.3045549096286740e-76 f(zj):   2.4201585214495798e-52 pn(zj):   2.0172635804889287e+00
zj:   6.5228637450789163e-38 f(zj):   2.3198257178836403e-52 pn(zj):   2.0108554736179478e+00
zj:  2.9481542051860126e+179 f(zj):   5.2093993934583554e-90 pn(zj):   2.0044618824063267e+00
zj:  6.1799881440273540e-114 f(zj):  8.2012590046514996e+204 pn(zj):   1.9980827860047106e+00
zj:   2.9906386587200498e-67 f(zj):   8.5451093357334722e-72 pn(zj):   1.9917181635780494e+00
zj:   8.2301023587957248e-67 f(zj):   1.5721200120190809e-76 pn(zj):   1.9853679943055946e+00
zj:   4.6652819845252192e-33 f(zj):  2.7892220947613745e+179 pn(zj):   1.9790322573809014e+00
zj:  8.1642195725457873e+204 f(zj):  1.9701896698966844e-153 pn(zj):   1.9727109320118266e+00
zj:   1.8981261985501422e-52 f(zj):   3.9437176697500632e-62 pn(zj):   1.9664039974205310e+00
zj:   1.6569065837481027e-47 f(zj):   6.2335863987514131e-38 pn(zj):   1.9601114328434774e+00
zj:   5.2055641929925470e-90 f(zj):   4.6617496358995269e-62 pn(zj):   1.9538332175314315e+00
zj:  3.5230863936821505e-109 f(zj):  1.9512347655568931e-153 pn(zj):   1.9475693307494626e+00
zj:   2.4201585214495798e-52 f(zj):   1.0406777123050528e-42 pn(zj):   1.9413197517769414e+00
zj:   2.3198257178836403e-52 f(zj):   4.6622668645653199e-33 pn(zj):   1.9350844599075425e+00
zj:   5.2093993934583554e-90 f(zj):   9.4962411844216949e-43 pn(zj):   1.9288634344492432e+00
zj:  8.2012590046514996e+204 f(zj):   1.6039704617400945e-28 pn(zj):   1.9226566547243227e+00
zj:   8.5451093357334722e-72 f(zj):   2.0037498973644003e-52 pn(zj):   1.9164641000693643e+00
zj:   1.5721200120190809e-76 f(zj):   6.8201631573419876e-38 pn(zj):   1.9102857498352532e+00
zj:  2.7892220947613745e+179 f(zj):   1.1829520203561955e-76 pn(zj):   1.9041215833871774e+00
zj:  1.9701896698966844e-153 f(zj):  6.0136196164698546e-154 pn(zj):   1.8979715801046284e+00
zj:   3.9437176697500632e-62 f(zj):   2.2158287026946713e-52 pn(zj):   1.8918357193813993e+00
zj:   6.2335863987514131e-38 f(zj):   2.2121693581782444e-52 pn(zj):   1.8857139806255874e+00
zj:   4.6617496358995269e-62 f(zj):  8.6106919913088474e+183 pn(zj):   1.8796063432595917e+00
zj:  1.9512347655568931e-153 f(zj):   4.5634644332869523e-72 pn(zj):   1.8735127867201147e+00
zj:   1.0406777123050528e-42 f(zj):   4.2785649602187619e-33 pn(zj):   1.8674332904581612e+00
zj:   4.6622668645653199e-33 f(zj):   1.1089856093265192e-47 pn(zj):   1.8613678339390392e+00
zj:   9.4962411844216949e-43 f(zj):  1.2593613761258217e+232 pn(zj):   1.8553163966423591e+00
zj:   4.9048361993398317e-62 f(zj):  6.0513972685449602e-154 pn(zj):   1.8492789580620346e+00
zj:  1.9512347655568931e-153 f(zj):   5.5168899802936380e-48 pn(zj):   1.8432554977062816e+00
zj:   1.3153230530699021e-47 f(zj):   8.6140516774650127e-67 pn(zj):   1.8372459950976192e+00
zj:   6.2289632001683584e-38 f(zj):   1.9192548441989763e-76 pn(zj):   1.8312504297728691e+00
zj:   7.1201827280461882e-67 f(zj):  1.2578452405494439e+232 pn(zj):   1.8252687812831561e+00
zj:   1.6039704617400945e-28 f(zj):  6.0513972685449602e-154 pn(zj):   1.8193010291939073e+00
zj:   2.2154144548220871e-52 f(zj):   8.1716789701031935e-43 pn(zj):   1.8133471530848531e+00
zj:   3.5385455326004462e-57 f(zj):   1.5727908004839863e-76 pn(zj):   1.8074071325500265e+00
zj:   1.1829513795354662e-76 f(zj):  1.3160769791188566e-259 pn(zj):   1.8014809471977631e+00
zj:  6.0136196164698546e-154 f(zj):   2.9073738727565028e-33 pn(zj):   1.7955685766507015e+00
zj:   1.3150547245686057e-47 f(zj):   2.3194210662174888e-52 pn(zj):   1.7896700005457831e+00
zj:   5.8883914708414790e-62 f(zj):  2.7879706610862393e+179 pn(zj):   1.7837851985342521e+00
zj:  8.6023848556504127e+183 f(zj):  2.7680679110808128e+280 pn(zj):   1.7779141502816553e+00
zj:   5.5168899802936380e-48 f(zj):   4.2478389617679958e-86 pn(zj):   1.7720568354678430e+00
zj:   8.6140516774650127e-67 f(zj):   7.4125245809535795e-38 pn(zj):   1.7662132337869669e+00
zj:   1.9192548441989763e-76 f(zj):   2.0899567437776507e-76 pn(zj):   1.7603833249474827e+00
zj:  1.2578452405494439e+232 f(zj):  6.1799881923867819e-114 pn(zj):   1.7545670886721489e+00
zj:  6.0513972685449602e-154 f(zj):   4.5633524455567166e-72 pn(zj):   1.7487645046980262e+00
zj:   8.1716789701031935e-43 f(zj):   3.3785970238288417e-57 pn(zj):   1.7429755527764783e+00
zj:   1.5727908004839863e-76 f(zj):   1.3694529555405044e-71 pn(zj):   1.7372002126731716e+00
zj:  1.3160769791188566e-259 f(zj):  8.1642195725457929e+204 pn(zj):   1.7314384641680753e+00
zj:   2.9073738727565028e-33 f(zj):   1.0855742683025250e-71 pn(zj):   1.7256902870554620e+00
zj:   2.3194210662174888e-52 f(zj):   1.6588151099021643e-76 pn(zj):   1.7199556611439064e+00
zj:  2.7879706610862393e+179 f(zj):   5.2017176696931467e-90 pn(zj):   1.7142345662562866e+00
zj:  2.7680679110808128e+280 f(zj):  3.5230863936828752e-109 pn(zj):   1.7085269822297822e+00
zj:   4.2478389617679958e-86 f(zj):   1.2553742963485144e-71 pn(zj):   1.7028328889158773e+00
zj:   7.4125245809535795e-38 f(zj):   3.6984697136170769e-57 pn(zj):   1.6971522661803575e+00
zj:   2.0899567437776507e-76 f(zj):   5.2074705277127938e-90 pn(zj):   1.6914850939033124e+00
zj:  6.1799881923867819e-114 f(zj):  8.2012590046514996e+204 pn(zj):   1.6858313519791326e+00
zj:   4.5633524455567166e-72 f(zj):   4.4363004641255661e-38 pn(zj):   1.6801910203165136e+00
zj:   3.3785970238288417e-57 f(zj):   2.6334529430554132e-52 pn(zj):   1.6745640788384524e+00
zj:   1.3694529555405044e-71 f(zj):  2.9538403022458010e+179 pn(zj):   1.6689505074822490e+00
zj:  8.1642195725457929e+204 f(zj):  1.9701896698966844e-153 pn(zj):   1.6633502861995062e+00
zj:   1.0855742683025250e-71 f(zj):   4.6599951530307058e-33 pn(zj):   1.6577633949561297e+00
zj:   1.6588151099021643e-76 f(zj):   6.5216842545773761e-38 pn(zj):   1.6521898137323285e+00
zj:   5.2017176696931467e-90 f(zj):   5.6357094473483017e-38 pn(zj):   1.6466295225226131e+00
zj:  3.5230863936828752e-109 f(zj):  1.9512347655568931e-153 pn(zj):   1.6410825013357979e+00
zj:   1.2553742963485144e-71 f(zj):   9.3443355305015071e-67 pn(zj):   1.6355487301950000e+00
zj:   3.6984697136170769e-57 f(zj):   7.4033230247901612e-38 pn(zj):   1.6300281891376387e+00
zj:   5.2074705277127938e-90 f(zj):   1.5858569602756886e-47 pn(zj):   1.6245208582154367e+00
zj:  8.2012590046514996e+204 f(zj):   1.6039704617400945e-28 pn(zj):   1.6190267174944193e+00
zj:   4.4363004641255661e-38 f(zj):   1.0877825939516142e-71 pn(zj):   1.6135457470549142e+00
zj:   2.6334529430554132e-52 f(zj):   1.0413742721767466e-42 pn(zj):   1.6080779269915524e+00
zj:  2.9538403022458010e+179 f(zj):   1.1829513795457164e-76 pn(zj):   1.6026232374132676e+00
zj:  1.9701896698966844e-153 f(zj):  6.0136196164698546e-154 pn(zj):   1.5971816584432963e+00
zj:   4.6599951530307058e-33 f(zj):   8.9733640656770658e-67 pn(zj):   1.5917531702191781e+00
zj:   6.5216842545773761e-38 f(zj):   5.0580739715900050e-38 pn(zj):   1.5863377528927540e+00
zj:   7.8693353132664979e-67 f(zj):  8.6127586445702131e+183 pn(zj):   1.5809353866301699e+00
zj:  2.6265034719768269e+179 f(zj):   1.1829566506444128e-76 pn(zj):   1.5755460516118729e+00
zj:  1.9701896698966844e-153 f(zj):   2.9907127702001680e-67 pn(zj):   1.5701697280326132e+00
zj:   6.1286478082757849e-62 f(zj):   3.0568744549716788e-57 pn(zj):   1.5648063961014449e+00
zj:   1.5187183554120812e-47 f(zj):   1.2466340646360697e-47 pn(zj):   1.5594560360417231e+00
zj:   9.9446568267499065e-43 f(zj):  8.6169163841469118e+183 pn(zj):   1.5541186280911070e+00
zj:  1.9512347655568931e-153 f(zj):  6.0136181703254192e-154 pn(zj):   1.5487941525015583e+00
zj:   2.4217820193559504e-52 f(zj):   1.4521654985979798e-47 pn(zj):   1.5434825895393411e+00
zj:   6.0147209405188918e-67 f(zj):   1.1435014433148187e-71 pn(zj):   1.5381839194850229e+00
zj:   5.8807660669958815e-62 f(zj):  1.2584540443853492e+232 pn(zj):   1.5328981226334735e+00
zj:   1.6039704617400945e-28 f(zj):  6.0513972685449602e-154 pn(zj):   1.5276251792938660e+00
zj:   2.0906208914488491e-76 f(zj):   3.3786091969231172e-57 pn(zj):   1.5223650697896756e+00
zj:   5.3993882777378912e-62 f(zj):   5.0523432387007291e-38 pn(zj):   1.5171177744586810e+00
zj:   1.1829566506444128e-76 f(zj):  1.3160769791754963e-259 pn(zj):   1.5118832736529630e+00
zj:   2.9907127702001680e-67 f(zj):   2.9073738727565028e-33 pn(zj):   1.5066615477389060e+00
zj:   3.0568744549716788e-57 f(zj):   4.2778391154154838e-33 pn(zj):   1.5014525770971967e+00
zj:   1.2466340646360697e-47 f(zj):  3.2748726900161409e+179 pn(zj):   1.4962563421228243e+00
zj:  8.6169163841469118e+183 f(zj):  2.7680679110808128e+280 pn(zj):   1.4910728232250818e+00
zj:  6.0136181703254192e-154 f(zj):   3.6446095567522111e-86 pn(zj):   1.4859020008275639e+00
zj:   1.4521654985979798e-47 f(zj):   1.0401474598111550e-42 pn(zj):   1.4807438553681687e+00
zj:   1.1435014433148187e-71 f(zj):   2.0909621902828447e-76 pn(zj):   1.4755983672990969e+00
zj:  1.2584540443853492e+232 f(zj):  6.1799881803794778e-114 pn(zj):   1.4704655170868519e+00
zj:  6.0513972685449602e-154 f(zj):   4.5633524455567166e-72 pn(zj):   1.4653452852122406e+00
zj:   3.3786091969231172e-57 f(zj):   1.1305311921236713e-42 pn(zj):   1.4602376521703717e+00
zj:   5.0523432387007291e-38 f(zj):   4.1839333507618422e-62 pn(zj):   1.4551425984706570e+00
zj:  1.3160769791754963e-259 f(zj):  8.1642195725457884e+204 pn(zj):   1.4500601046368118e+00
zj:   2.9073738727565028e-33 f(zj):   6.3726065936070650e-67 pn(zj):   1.4449901512068533e+00
zj:   4.2778391154154838e-33 f(zj):   8.9719605462245903e-67 pn(zj):   1.4399327187331019e+00
zj:  3.2748726900161409e+179 f(zj):   5.2093957358415600e-90 pn(zj):   1.4348877877821806e+00
zj:  2.7680679110808128e+280 f(zj):  3.5230863936822711e-109 pn(zj):   1.4298553389350153e+00
zj:   3.6446095567522111e-86 f(zj):   1.6893196417580117e-52 pn(zj):   1.4248353527868352e+00
zj:   1.0401474598111550e-42 f(zj):   3.8918860708268270e-33 pn(zj):   1.4198278099471711e+00
zj:   2.0909621902828447e-76 f(zj):   5.2084518952001731e-90 pn(zj):   1.4148326910398579e+00
zj:  6.1799881803794778e-114 f(zj):  8.2012590046514985e+204 pn(zj):   1.4098499767030326e+00
zj:   4.5633524455567166e-72 f(zj):   1.5760905342167910e-52 pn(zj):   1.4048796475891345e+00
zj:   1.1305311921236713e-42 f(zj):   1.7242570897655935e-47 pn(zj):   1.3999216843649074e+00
zj:   4.1839333507618422e-62 f(zj):  4.0853150368344344e+179 pn(zj):   1.3949760677113960e+00
zj:  8.1642195725457884e+204 f(zj):  1.9701896698966844e-153 pn(zj):   1.3900427783239488e+00
zj:   6.3726065936070650e-67 f(zj):   1.0848165612271062e-42 pn(zj):   1.3851217969122169e+00
zj:   8.9719605462245903e-67 f(zj):   6.3812948516526924e-67 pn(zj):   1.3802131042001544e+00
zj:   5.2093957358415600e-90 f(zj):   9.0478256218616504e-43 pn(zj):   1.3753166809260176e+00
zj:  3.5230863936822711e-109 f(zj):  1.9512347655568931e-153 pn(zj):   1.3704325078423665e+00
zj:   1.6893196417580117e-52 f(zj):   1.5192518520372656e-47 pn(zj):   1.3655605657160628e+00
zj:   3.8918860708268270e-33 f(zj):   1.3145201959534738e-47 pn(zj):   1.3607008353282717e+00
zj:   5.2084518952001731e-90 f(zj):   9.0478257563343092e-43 pn(zj):   1.3558532974744615e+00
zj:  8.2012590046514985e+204 f(zj):   1.6039704617400945e-28 pn(zj):   1.3510179329644023e+00
zj:   1.5760905342167910e-52 f(zj):   4.0844613973764025e-33 pn(zj):   1.3461947226221680e+00
zj:   1.7242570897655935e-47 f(zj):   2.5826757722427942e-57 pn(zj):   1.3413836472861349e+00
zj:   6.7565735126228933e-67 f(zj):   1.1829513640627889e-76 pn(zj):   1.3365846878089818e+00
zj:   5.2026840992490395e-90 f(zj):   1.5858569847775039e-47 pn(zj):   1.3317978250576905e+00
zj:  8.2012590046514985e+204 f(zj):   1.6039704617400945e-28 pn(zj):   1.3270230399135459e+00
zj:   3.6696217353846667e-62 f(zj):   1.3137120816004365e-47 pn(zj):   1.3222603132721353e+00
zj:   9.0632482762742567e-43 f(zj):   2.0913087960064773e-76 pn(zj):   1.3175096260433490e+00
zj:  4.0853125347362663e+179 f(zj):   1.1829559711872340e-76 pn(zj):   1.3127709591513799e+00
zj:  1.9701896698966844e-153 f(zj):  6.0136196164698546e-154 pn(zj):   1.3080442935347241e+00
zj:   2.3186101514152585e-52 f(zj):   3.8571468701340312e-57 pn(zj):   1.3033296101461800e+00
zj:   6.7550962163650649e-67 f(zj):   3.9437028912269355e-62 pn(zj):   1.2986268899528493e+00
zj:   9.9446566659664108e-43 f(zj):  8.5982596536483671e+183 pn(zj):   1.2939361139361361e+00
zj:  1.9512347655568931e-153 f(zj):  6.0136181703254192e-154 pn(zj):   1.2892572630917472e+00
zj:   3.5089481457454370e-33 f(zj):   1.4519013543368389e-47 pn(zj):   1.2845903184296925e+00
zj:   8.2300966546927651e-67 f(zj):   1.8322224267264599e-76 pn(zj):   1.2799352609742849e+00
zj:   1.5858569847775039e-47 f(zj):  1.2587537171434097e+232 pn(zj):   1.2752920717641396e+00
zj:   1.6039704617400945e-28 f(zj):  6.0513972685449602e-154 pn(zj):   1.2706607318521750e+00
zj:   1.3137120816004365e-47 f(zj):   4.4666528379847634e-33 pn(zj):   1.2660412223056117e+00
zj:   2.0913087960064773e-76 f(zj):   1.5879398455548424e-47 pn(zj):   1.2614335242059740e+00
zj:   1.1829559711872340e-76 f(zj):  1.3160769790996337e-259 pn(zj):   1.2568376186490882e+00
zj:  6.0136196164698546e-154 f(zj):   5.6044695813549769e-67 pn(zj):   1.2522534867450836e+00
zj:   3.8571468701340312e-57 f(zj):   2.5789565955970237e-57 pn(zj):   1.2476811096183926e+00
zj:   3.9437028912269355e-62 f(zj):  3.4394982590286774e+179 pn(zj):   1.2431204684077501e+00
zj:  8.5982596536483671e+183 f(zj):  2.7680679177110115e+280 pn(zj):   1.2385715442661942e+00
zj:  6.0136181703254192e-154 f(zj):   3.4435330884136163e-86 pn(zj):   1.2340343183610649e+00
zj:   1.4519013543368389e-47 f(zj):   1.3813424581344138e-47 pn(zj):   1.2295087718740061e+00
zj:   1.8322224267264599e-76 f(zj):   2.1114205953125310e-52 pn(zj):   1.2249948860009634e+00
zj:  1.2587537171434097e+232 f(zj):  6.1799881922922362e-114 pn(zj):   1.2204926419521864e+00
zj:  6.0513972685449602e-154 f(zj):   4.5633524455567166e-72 pn(zj):   1.2160020209522264e+00
zj:   4.4666528379847634e-33 f(zj):   1.6578030794898424e-76 pn(zj):   1.2115230042399383e+00
zj:   1.5879398455548424e-47 f(zj):   2.1097940548160140e-52 pn(zj):   1.2070555730684793e+00
zj:  1.3160769790996337e-259 f(zj):  8.1642195725457962e+204 pn(zj):   1.2025997087053095e+00
zj:   5.6044695813549769e-67 f(zj):   1.5176491798926918e-47 pn(zj):   1.1981553924321919e+00
zj:   2.5789565955970237e-57 f(zj):   5.1534493347692579e-62 pn(zj):   1.1937226055451924e+00
zj:  3.4394982590286774e+179 f(zj):   5.2074855825709966e-90 pn(zj):   1.1893013293546795e+00
zj:  2.7680679177110115e+280 f(zj):  3.5230863936822711e-109 pn(zj):   1.1848915451853241e+00
zj:   3.4435330884136163e-86 f(zj):   1.0855742683025250e-71 pn(zj):   1.1804932343761010e+00
zj:   1.3813424581344138e-47 f(zj):   1.1782050032467688e-47 pn(zj):   1.1761063782802865e+00
zj:   2.1114205953125310e-52 f(zj):   5.2055679239302002e-90 pn(zj):   1.1717309582654609e+00
zj:  6.1799881922922362e-114 f(zj):  8.2012590046514974e+204 pn(zj):   1.1673669557135065e+00
zj:   4.5633524455567166e-72 f(zj):   3.6696217353846667e-62 pn(zj):   1.1630143520206087e+00
zj:   1.6578030794898424e-76 f(zj):   4.1810773056049420e-62 pn(zj):   1.1586731285972554e+00
zj:   2.1097940548160140e-52 f(zj):  3.1134029889564488e+179 pn(zj):   1.1543432668682376e+00
zj:  8.1642195725457962e+204 f(zj):  1.9701896698966844e-153 pn(zj):   1.1500247482726489e+00
zj:   1.5176491798926918e-47 f(zj):   7.1260054458481907e-67 pn(zj):   1.1457175542638862e+00
zj:   5.1534493347692579e-62 f(zj):   3.6953582628414357e-57 pn(zj):   1.1414216663096486e+00
zj:   5.2074855825709966e-90 f(zj):   4.9048361704739668e-62 pn(zj):   1.1371370658919382e+00
zj:  3.5230863936822711e-109 f(zj):  1.9512347655568931e-153 pn(zj):   1.1328637345070598e+00
zj:   1.0855742683025250e-71 f(zj):   4.1867745303357106e-62 pn(zj):   1.1286016536656212e+00
zj:   1.1782050032467688e-47 f(zj):   1.1076503078364782e-47 pn(zj):   1.1243508048925328e+00
zj:   7.1173121479215064e-67 f(zj):   1.5858569602916183e-47 pn(zj):   1.1201111697270081e+00
zj:   5.2084518806281974e-90 f(zj):   9.9446566930035972e-43 pn(zj):   1.1158827297225629e+00
zj:  3.5230863936828752e-109 f(zj):  1.9512347655568931e-153 pn(zj):   1.1116654664470162e+00
zj:   1.4837315060687120e-76 f(zj):   6.2358686584550720e-38 pn(zj):   1.1074593614824897e+00
zj:   6.8144233512523018e-38 f(zj):   1.4260457883493616e-71 pn(zj):   1.1032643964254081e+00
zj:   5.2026990511823413e-90 f(zj):   9.0478256493172864e-43 pn(zj):   1.0990805528864982e+00
zj:  8.2012590046514974e+204 f(zj):   1.6039704617400945e-28 pn(zj):   1.0949078124907903e+00
zj:   8.5440039061584201e-72 f(zj):   1.5711013768064489e-76 pn(zj):   1.0907461568776173e+00
zj:   2.5839131300687542e-57 f(zj):   8.6140686565181801e-67 pn(zj):   1.0865955677006149e+00
zj:  3.9219557896658778e+179 f(zj):   1.1829513769113013e-76 pn(zj):   1.0824560266277217e+00
zj:  1.9701896698966844e-153 f(zj):  6.0136196164698546e-154 pn(zj):   1.0783275153411784e+00
zj:   5.6377009913769485e-62 f(zj):   1.2001028718098826e-71 pn(zj):   1.0742100155375296e+00
zj:   1.0314134685211190e-71 f(zj):   3.3163581818374654e-33 pn(zj):   1.0701035089276218e+00
zj:   9.9446566930035972e-43 f(zj):  8.5982596536478803e+183 pn(zj):   1.0660079772366047e+00
zj:  1.9512347655568931e-153 f(zj):  6.0136181703254192e-154 pn(zj):   1.0619234022039310e+00
zj:   6.2358686584550720e-38 f(zj):   1.4513657410965700e-47 pn(zj):   1.0578497655833556e+00
zj:   1.4260457883493616e-71 f(zj):   4.0829626314560507e-33 pn(zj):   1.0537870491429369e+00
zj:   9.0478256493172864e-43 f(zj):  1.2575408123833066e+232 pn(zj):   1.0497352346650353e+00
zj:   1.6039704617400945e-28 f(zj):  6.0513972685449602e-154 pn(zj):   1.0456943039463147e+00
zj:   1.5711013768064489e-76 f(zj):   7.1140277061934874e-38 pn(zj):   1.0416642387977415e+00
zj:   8.6140686565181801e-67 f(zj):   1.8997672392337274e-52 pn(zj):   1.0376450210445849e+00
zj:   1.1829513769113013e-76 f(zj):  1.3160769791754961e-259 pn(zj):   1.0336366325264168e+00
zj:  6.0136196164698546e-154 f(zj):   1.5764983660643473e-52 pn(zj):   1.0296390550971120e+00
zj:   1.2001028718098826e-71 f(zj):   6.1257918640386510e-62 pn(zj):   1.0256522706248483e+00
zj:   3.3163581818374654e-33 f(zj):  2.9513224978926503e+179 pn(zj):   1.0216762609921060e+00
zj:  8.5982596536478803e+183 f(zj):  2.7680679515217591e+280 pn(zj):   1.0177110080956684e+00
zj:  6.0136181703254192e-154 f(zj):   2.9073738727508045e-33 pn(zj):   1.0137564938466213e+00
zj:   1.4513657410965700e-47 f(zj):   2.3194210662174888e-52 pn(zj):   1.0098127001703536e+00
zj:   4.0829626314560507e-33 f(zj):  2.7879706610862393e+179 pn(zj):   1.0058796090065569e+00
zj:  1.2575408123833066e+232 f(zj):  6.1799881319255043e-114 pn(zj):   1.0019572023092254e+00
zj:  6.0513972685449602e-154 f(zj):   4.5633524455567166e-72 pn(zj):   9.9804546204665667e-01
zj:   7.1140277061934874e-38 f(zj):   3.3792290297145736e-57 pn(zj):   9.9414437020145030e-01
zj:   1.8997672392337274e-52 f(zj):   1.1760741080240610e-47 pn(zj):   9.9025390877050934e-01
zj:  1.3160769791754961e-259 f(zj):  8.1642195725457884e+204 pn(zj):   9.8637405976503911e-01
zj:   1.5764983660643473e-52 f(zj):   5.9304974507190166e-38 pn(zj):   9.8250480521054817e-01
zj:   6.1257918640386510e-62 f(zj):   1.9162199934831013e-76 pn(zj):   9.7864612714684762e-01
zj:  2.9513224978926503e+179 f(zj):   5.2007588768914224e-90 pn(zj):   9.7479800762805147e-01
zj:  2.7680679515217591e+280 f(zj):  3.5230863936827556e-109 pn(zj):   9.7096042872257637e-01
zj:   2.9073738727508045e-33 f(zj):   4.4194379914777769e-62 pn(zj):   9.6713337251314202e-01
zj:   2.3194210662174888e-52 f(zj):   3.8565343681819759e-57 pn(zj):   9.6331682109677064e-01
zj:  2.7879706610862393e+179 f(zj):   5.2007589642721379e-90 pn(zj):   9.5951075658478735e-01
zj:  6.1799881319255043e-114 f(zj):  8.2012590046517814e+204 pn(zj):   9.5571516110282018e-01
zj:   4.5633524455567166e-72 f(zj):   8.5440039061584201e-72 pn(zj):   9.5193001679079980e-01
zj:   3.3792290297145736e-57 f(zj):   1.2564806606487291e-71 pn(zj):   9.4815530580295992e-01
zj:   1.1760741080240610e-47 f(zj):  3.7643098554094422e+179 pn(zj):   9.4439101030783668e-01
zj:  8.1642195725457884e+204 f(zj):  1.9701896698966844e-153 pn(zj):   9.4063711248826920e-01
zj:   5.9304974507190166e-38 f(zj):   3.2168131643893696e-57 pn(zj):   9.3689359454139953e-01
zj:   1.5528283712684925e-33 f(zj):   7.8620568554230540e-67 pn(zj):   9.3316043867867238e-01
zj:   4.0829891720479085e-33 f(zj):   1.6558322250577543e-47 pn(zj):   9.2943762712583511e-01
zj:   2.6334497382509728e-52 f(zj):  3.9225865016631323e+179 pn(zj):   9.2572514212293822e-01
zj:  8.1642243567575207e+204 f(zj):  1.9701896699140502e-153 pn(zj):   9.2202296592433475e-01
zj:   2.2113408130140714e-52 f(zj):   3.5089452071440846e-33 pn(zj):   9.1833108079868053e-01
zj:   6.3856303242510949e-67 f(zj):   9.0527316685809749e-43 pn(zj):   9.1464946902893440e-01
zj:   5.2055530303490880e-90 f(zj):   4.6617496073164395e-62 pn(zj):   9.1097811291235775e-01
zj:  3.5230863936823907e-109 f(zj):  1.9512347655568931e-153 pn(zj):   9.0731699476051486e-01
zj:   1.6544989092442717e-47 f(zj):   6.2324293115042332e-38 pn(zj):   9.0366609689927291e-01
zj:   3.3786116375435376e-57 f(zj):   9.5011675704611965e-43 pn(zj):   9.0002540166880174e-01
zj:   5.2007664256933791e-90 f(zj):   9.0478256489012998e-43 pn(zj):   8.9639489142357409e-01
zj:  8.2012590046514996e+204 f(zj):   1.6039704617400945e-28 pn(zj):   8.9277454853236538e-01
zj:   3.6734199624829707e-62 f(zj):   4.0139572164651726e-57 pn(zj):   8.8916435537825400e-01
zj:   1.6558322250577543e-47 f(zj):   1.8993593642406055e-52 pn(zj):   8.8556429435862072e-01
zj:  3.9225865016631323e+179 f(zj):   1.2693130444961812e-76 pn(zj):   8.8197434788514983e-01
zj:  1.9701896699140502e-153 f(zj):  6.0136196164698559e-154 pn(zj):   8.7839449838382766e-01
zj:   3.5089452071440846e-33 f(zj):   3.8911308041803907e-33 pn(zj):   8.7482472829494373e-01
zj:   9.0527316685809749e-43 f(zj):   1.1294829605423806e-42 pn(zj):   8.7126502007309048e-01
zj:   4.6617496073164395e-62 f(zj):  8.6023767511283022e+183 pn(zj):   8.6771535618716289e-01
zj:  1.9512347655568931e-153 f(zj):   1.9599930497426634e-62 pn(zj):   8.6417571912035873e-01
zj:   6.2324293115042332e-38 f(zj):   2.3198304846163916e-52 pn(zj):   8.6064609137017867e-01
zj:   9.5011675704611965e-43 f(zj):   7.1187780585988052e-67 pn(zj):   8.5712645544842614e-01
zj:   9.0478256489012998e-43 f(zj):  1.2593637404174179e+232 pn(zj):   8.5361679388120748e-01
zj:   1.6039704617400945e-28 f(zj):  6.0513972685449602e-154 pn(zj):   8.5011708920893170e-01
zj:   4.0139572164651726e-57 f(zj):   1.9018031670379963e-52 pn(zj):   8.4662732398631046e-01
zj:   1.8993593642406055e-52 f(zj):   6.1248273691292828e-62 pn(zj):   8.4314748078235868e-01
zj:   1.2693130444961812e-76 f(zj):  1.3973781872680147e-259 pn(zj):   8.3967754218039359e-01
zj:  6.0136196164698559e-154 f(zj):   8.5517419149093275e-72 pn(zj):   8.3621749077803553e-01
zj:   3.8911308041803907e-33 f(zj):   1.4505639034157680e-47 pn(zj):   8.3276730918720732e-01
zj:   1.1294829605423806e-42 f(zj):  3.7585965329850148e+179 pn(zj):   8.2932698003413496e-01
zj:  8.6023767511283022e+183 f(zj):  2.7680679177110115e+280 pn(zj):   8.2589648595934706e-01
zj:   1.9599930497426634e-62 f(zj):   2.9073738727508045e-33 pn(zj):   8.2247580961767497e-01
zj:   2.3198304846163916e-52 f(zj):   4.2778391154154838e-33 pn(zj):   8.1906493367825295e-01
zj:   7.1187780585988052e-67 f(zj):  2.9481516449294637e+179 pn(zj):   8.1566384082451782e-01
zj:  1.2593637404174179e+232 f(zj):  6.1799881319255043e-114 pn(zj):   8.1227251375420961e-01
zj:  6.0513972685449602e-154 f(zj):   1.5528283712684925e-33 pn(zj):   8.0889093517937083e-01
zj:   1.9018031670379963e-52 f(zj):   1.7239856370040129e-47 pn(zj):   8.0551908782634685e-01
zj:   6.1248273691292828e-62 f(zj):   9.0579933000213096e-43 pn(zj):   8.0215695443578583e-01
zj:  1.3973781872680147e-259 f(zj):  8.1642243567575229e+204 pn(zj):   7.9880451776263883e-01
zj:   8.5517419149093275e-72 f(zj):   1.0289771376767136e-71 pn(zj):   7.9546176057615969e-01
zj:   1.4505639034157680e-47 f(zj):   1.6574762353609153e-76 pn(zj):   7.9212866565990481e-01
zj:  3.7585965329850148e+179 f(zj):   5.2045904482005912e-90 pn(zj):   7.8880521581173357e-01
zj:  2.7680679177110115e+280 f(zj):  3.5230863936822706e-109 pn(zj):   7.8549139384380839e-01
zj:   2.9073738727508045e-33 f(zj):   1.8291808838219756e-76 pn(zj):   7.8218718258259390e-01
zj:   4.2778391154154838e-33 f(zj):   1.3124093518284808e-71 pn(zj):   7.7889256486885816e-01
zj:  2.9481516449294637e+179 f(zj):   5.2065193134889657e-90 pn(zj):   7.7560752355767149e-01
zj:  6.1799881319255043e-114 f(zj):  8.2012590046503557e+204 pn(zj):   7.7233204151840740e-01
zj:   1.5528283712684925e-33 f(zj):   8.5528473427588368e-72 pn(zj):   7.6906610163474198e-01
zj:   4.8510683667837804e-86 f(zj):   7.2730687741736217e-43 pn(zj):   7.6580968680465422e-01
zj:   3.0612281537918332e-57 f(zj):   1.1441672987362316e-71 pn(zj):   7.6256277994042576e-01
zj:   6.5240161555581923e-38 f(zj):   5.2074667973443993e-90 pn(zj):   7.5932536396864125e-01
zj:  6.1799881199175020e-114 f(zj):  8.2012590046503568e+204 pn(zj):   7.5609742183018802e-01
zj:   3.6154602916643315e-43 f(zj):   1.0337085219173438e-47 pn(zj):   7.5287893648025617e-01
zj:   1.4864369804812305e-76 f(zj):   6.5297469229322824e-38 pn(zj):   7.4966989088833869e-01
zj:   3.3133635871540412e-33 f(zj):  2.9494155516636266e+179 pn(zj):   7.4647026803823113e-01
zj:  8.1642243567575263e+204 f(zj):  1.9701896699140502e-153 pn(zj):   7.4328005092803229e-01
zj:   2.5245602067537340e-52 f(zj):   6.3841642151925363e-67 pn(zj):   7.4009922257014327e-01
zj:   9.9600792937549417e-43 f(zj):   1.4271538052961572e-71 pn(zj):   7.3692776599126830e-01
zj:   5.2045867178895746e-90 f(zj):   9.4962411306523752e-43 pn(zj):   7.3376566423241418e-01
zj:  3.5230863936827561e-109 f(zj):  1.9512347655568931e-153 pn(zj):   7.3061290034889081e-01
zj:   8.1524310001196104e-43 f(zj):   1.1434988254883177e-71 pn(zj):   7.2746945741031044e-01
zj:   1.1441672987362316e-71 f(zj):   0.0000000000000000e+00 pn(zj):   7.2433531850058863e-01
zj:   5.2074667973443993e-90 f(zj):  6.3090700776989660e-319 pn(zj):   7.2121046671794320e-01
zj:  8.2012590046503568e+204 f(zj):   0.0000000000000000e+00 pn(zj):   7.1809488517489539e-01
zj:   1.0337085219173438e-47 f(zj):   0.0000000000000000e+00 pn(zj):   7.1498855699826858e-01
zj:   6.5297469229322824e-38 f(zj):   0.0000000000000000e+00 pn(zj):   7.1189146532918945e-01
zj:  2.9494155516636266e+179 f(zj):   0.0000000000000000e+00 pn(zj):   7.0880359332308718e-01
zj:  1.9701896699140502e-153 f(zj):   0.0000000000000000e+00 pn(zj):   7.0572492414969390e-01
zj:   6.3841642151925363e-67 f(zj):   0.0000000000000000e+00 pn(zj):   7.0265544099304433e-01
zj:   1.4271538052961572e-71 f(zj):   0.0000000000000000e+00 pn(zj):   6.9959512705147642e-01
zj:   9.4962411306523752e-43 f(zj):   0.0000000000000000e+00 pn(zj):   6.9654396553763054e-01
zj:  1.9512347655568931e-153 f(zj):   0.0000000000000000e+00 pn(zj):   6.9350193967844986e-01
zj:   1.1434988254883177e-71 f(zj):   0.0000000000000000e+00 pn(zj):   6.9046903271518045e-01
zj:   0.0000000000000000e+00 f(zj):   0.0000000000000000e+00 pn(zj):   6.8744522790337137e-01
zj:  6.3090700776989660e-319 f(zj):   0.0000000000000000e+00 pn(zj):   6.8443050851287413e-01
zj:   0.0000000000000000e+00 f(zj):   0.0000000000000000e+00 pn(zj):   6.8142485782784301e-01
zj:   0.0000000000000000e+00 f(zj):   0.0000000000000000e+00 pn(zj):   6.7842825914673544e-01
zj:   0.0000000000000000e+00 f(zj):   0.0000000000000000e+00 pn(zj):   6.7544069578231158e-01
zj:   0.0000000000000000e+00 f(zj):   0.0000000000000000e+00 pn(zj):   6.7246215106163409e-01
zj:   0.0000000000000000e+00 f(zj):   0.0000000000000000e+00 pn(zj):   6.6949260832606861e-01
zj:   0.0000000000000000e+00 f(zj):   0.0000000000000000e+00 pn(zj):   6.6653205093128376e-01
zj:   0.0000000000000000e+00 f(zj):   0.0000000000000000e+00 pn(zj):   6.6358046224725054e-01
zj:   0.0000000000000000e+00 f(zj):   0.0000000000000000e+00 pn(zj):   6.6063782565824303e-01
zj:   0.0000000000000000e+00 f(zj):   0.0000000000000000e+00 pn(zj):   6.5770412456283811e-01
zj:   0.0000000000000000e+00 f(zj):   0.0000000000000000e+00 pn(zj):   6.5477934237391555e-01
zj:   0.0000000000000000e+00 f(zj):   0.0000000000000000e+00 pn(zj):   6.5186346251865745e-01
zj:   0.0000000000000000e+00 f(zj):   0.0000000000000000e+00 pn(zj):   6.4895646843854915e-01
zj:   0.0000000000000000e+00 f(zj):   0.0000000000000000e+00 pn(zj):   6.4605834358937875e-01
zj:   0.0000000000000000e+00 f(zj):   0.0000000000000000e+00 pn(zj):   6.4316907144123703e-01
zj:   0.0000000000000000e+00 f(zj):   0.0000000000000000e+00 pn(zj):   6.4028863547851755e-01
zj:   0.0000000000000000e+00 f(zj):   0.0000000000000000e+00 pn(zj):   6.3741701919991667e-01
zj:   0.0000000000000000e+00 f(zj):   0.0000000000000000e+00 pn(zj):   6.3455420611843349e-01
zj:   0.0000000000000000e+00 f(zj):   0.0000000000000000e+00 pn(zj):   6.3170017976137038e-01
zj:   0.0000000000000000e+00 f(zj):   0.0000000000000000e+00 pn(zj):   6.2885492367033180e-01
zj:   0.0000000000000000e+00 f(zj):   0.0000000000000000e+00 pn(zj):   6.2601842140122532e-01
zj:   0.0000000000000000e+00 f(zj):   0.0000000000000000e+00 pn(zj):   6.2319065652426153e-01
zj:   0.0000000000000000e+00 f(zj):   0.0000000000000000e+00 pn(zj):   6.2037161262395335e-01
zj:   0.0000000000000000e+00 f(zj):   0.0000000000000000e+00 pn(zj):   6.1756127329911703e-01
zj:   0.0000000000000000e+00 f(zj):   0.0000000000000000e+00 pn(zj):   6.1475962216287106e-01
zj:   0.0000000000000000e+00 f(zj):   0.0000000000000000e+00 pn(zj):   6.1196664284263735e-01
zj:   0.0000000000000000e+00 f(zj):   0.0000000000000000e+00 pn(zj):   6.0918231898013997e-01
zj:   0.0000000000000000e+00 f(zj):   0.0000000000000000e+00 pn(zj):   6.0640663423140628e-01
zj:   0.0000000000000000e+00 f(zj):   0.0000000000000000e+00 pn(zj):   6.0363957226676590e-01
zj:   0.0000000000000000e+00 f(zj):   0.0000000000000000e+00 pn(zj):   6.0088111677085199e-01
zj:   0.0000000000000000e+00 f(zj):   0.0000000000000000e+00 pn(zj):   5.9813125144259982e-01
zj:   0.0000000000000000e+00 f(zj):   0.0000000000000000e+00 pn(zj):   5.9538995999524791e-01
zj:   0.0000000000000000e+00 f(zj):   0.0000000000000000e+00 pn(zj):   5.9265722615633720e-01
zj:   0.0000000000000000e+00 f(zj):   0.0000000000000000e+00 pn(zj):   5.8993303366771199e-01
zj:   0.0000000000000000e+00 f(zj):   0.0000000000000000e+00 pn(zj):   5.8721736628551857e-01
zj:   0.0000000000000000e+00 f(zj):   0.0000000000000000e+00 pn(zj):   5.8451020778020668e-01
zj:   0.0000000000000000e+00 f(zj):   0.0000000000000000e+00 pn(zj):   5.8181154193652873e-01
zj:   0.0000000000000000e+00 f(zj):   0.0000000000000000e+00 pn(zj):   5.7912135255353969e-01
zj:   0.0000000000000000e+00 f(zj):   0.0000000000000000e+00 pn(zj):   5.7643962344459765e-01
zj:   0.0000000000000000e+00 f(zj):   0.0000000000000000e+00 pn(zj):   5.7376633843736324e-01
zj:   0.0000000000000000e+00 f(zj):   0.0000000000000000e+00 pn(zj):   5.7110148137379979e-01
zj:   0.0000000000000000e+00 f(zj):   0.0000000000000000e+00 pn(zj):   5.6844503611017383e-01
zj:   0.0000000000000000e+00 f(zj):   0.0000000000000000e+00 pn(zj):   5.6579698651705446e-01
zj:   0.0000000000000000e+00 f(zj):   0.0000000000000000e+00 pn(zj):   5.6315731647931355e-01
zj:   0.0000000000000000e+00 f(zj):   0.0000000000000000e+00 pn(zj):   5.6052600989612567e-01
zj:   0.0000000000000000e+00 f(zj):   0.0000000000000000e+00 pn(zj):   5.5790305068096857e-01
zj:   0.0000000000000000e+00 f(zj):   0.0000000000000000e+00 pn(zj):   5.5528842276162216e-01
zj:   0.0000000000000000e+00 f(zj):   0.0000000000000000e+00 pn(zj):   5.5268211008016999e-01
zj:   0.0000000000000000e+00 f(zj):   0.0000000000000000e+00 pn(zj):   5.5008409659299762e-01
zj:   0.0000000000000000e+00 f(zj):   0.0000000000000000e+00 pn(zj):   5.4749436627079384e-01
zj:   0.0000000000000000e+00 f(zj):   0.0000000000000000e+00 pn(zj):   5.4491290309855012e-01
zj:   0.0000000000000000e+00 f(zj):   0.0000000000000000e+00 pn(zj):   5.4233969107556068e-01
zj:   0.0000000000000000e+00 f(zj):   0.0000000000000000e+00 pn(zj):   5.3977471421542256e-01
zj:   0.0000000000000000e+00 f(zj):   0.0000000000000000e+00 pn(zj):   5.3721795654603577e-01
zj:   0.0000000000000000e+00 f(zj):   0.0000000000000000e+00 pn(zj):   5.3466940210960301e-01
zj:   0.0000000000000000e+00 f(zj):   0.0000000000000000e+00 pn(zj):   5.3212903496262953e-01
zj:   0.0000000000000000e+00 f(zj):   0.0000000000000000e+00 pn(zj):   5.2959683917592371e-01
zj:   0.0000000000000000e+00 f(zj):   0.0000000000000000e+00 pn(zj):   5.2707279883459668e-01
zj:   0.0000000000000000e+00 f(zj):   0.0000000000000000e+00 pn(zj):   5.2455689803806205e-01
zj:   0.0000000000000000e+00 f(zj):   0.0000000000000000e+00 pn(zj):   5.2204912090003663e-01
zj:   0.0000000000000000e+00 f(zj):   0.0000000000000000e+00 pn(zj):   5.1954945154853971e-01
zj:   0.0000000000000000e+00 f(zj):   0.0000000000000000e+00 pn(zj):   5.1705787412589377e-01
zj:   0.0000000000000000e+00 f(zj):   0.0000000000000000e+00 pn(zj):   5.1457437278872376e-01
zj:   0.0000000000000000e+00 f(zj):   0.0000000000000000e+00 pn(zj):   5.1209893170795739e-01
zj:   0.0000000000000000e+00 f(zj):   0.0000000000000000e+00 pn(zj):   5.0963153506882541e-01
zj:   0.0000000000000000e+00 f(zj):   0.0000000000000000e+00 pn(zj):   5.0717216707086132e-01
zj:   0.0000000000000000e+00 f(zj):   0.0000000000000000e+00 pn(zj):   5.0472081192790097e-01
zj:   0.0000000000000000e+00 f(zj):   0.0000000000000000e+00 pn(zj):   5.0227745386808376e-01
zj:   0.0000000000000000e+00 f(zj):   0.0000000000000000e+00 pn(zj):   4.9984207713385143e-01
zj:   0.0000000000000000e+00 f(zj):   0.0000000000000000e+00 pn(zj):   4.9741466598194850e-01
zj:   0.0000000000000000e+00 f(zj):   0.0000000000000000e+00 pn(zj):   4.9499520468342240e-01
zj:   0.0000000000000000e+00 f(zj):   0.0000000000000000e+00 pn(zj):   4.9258367752362320e-01
zj:   0.0000000000000000e+00 f(zj):   0.0000000000000000e+00 pn(zj):   4.9018006880220399e-01
zj:   0.0000000000000000e+00 f(zj):   0.0000000000000000e+00 pn(zj):   4.8778436283312088e-01
zj:   0.0000000000000000e+00 f(zj):   0.0000000000000000e+00 pn(zj):   4.8539654394463205e-01
zj:   0.0000000000000000e+00 f(zj):   0.0000000000000000e+00 pn(zj):   4.8301659647929895e-01
zj:   0.0000000000000000e+00 f(zj):   0.0000000000000000e+00 pn(zj):   4.8064450479398590e-01
zj:   0.0000000000000000e+00 f(zj):   0.0000000000000000e+00 pn(zj):   4.7828025325985990e-01
zj:   0.0000000000000000e+00 f(zj):   0.0000000000000000e+00 pn(zj):   4.7592382626239060e-01
zj:   0.0000000000000000e+00 f(zj):   0.0000000000000000e+00 pn(zj):   4.7357520820135046e-01
zj:   0.0000000000000000e+00 f(zj):   0.0000000000000000e+00 pn(zj):   4.7123438349081526e-01
zj:   0.0000000000000000e+00 f(zj):   0.0000000000000000e+00 pn(zj):   4.6890133655916277e-01
zj:   0.0000000000000000e+00 f(zj):   0.0000000000000000e+00 pn(zj):   4.6657605184907402e-01
zj:   0.0000000000000000e+00 f(zj):   0.0000000000000000e+00 pn(zj):   4.6425851381753303e-01
zj:   0.0000000000000000e+00 f(zj):   0.0000000000000000e+00 pn(zj):   4.6194870693582601e-01
zj:   0.0000000000000000e+00 f(zj):   0.0000000000000000e+00 pn(zj):   4.5964661568954257e-01
zj:   0.0000000000000000e+00 f(zj):   0.0000000000000000e+00 pn(zj):   4.5735222457857461e-01
zj:   0.0000000000000000e+00 f(zj):   0.0000000000000000e+00 pn(zj):   4.5506551811711737e-01
zj:   0.0000000000000000e+00 f(zj):   0.0000000000000000e+00 pn(zj):   4.5278648083366846e-01
zj:   0.0000000000000000e+00 f(zj):   0.0000000000000000e+00 pn(zj):   4.5051509727102834e-01
zj:   0.0000000000000000e+00 f(zj):   0.0000000000000000e+00 pn(zj):   4.4825135198630039e-01
zj:   0.0000000000000000e+00 f(zj):   0.0000000000000000e+00 pn(zj):   4.4599522955089077e-01
zj:   0.0000000000000000e+00 f(zj):   0.0000000000000000e+00 pn(zj):   4.4374671455050829e-01
zj:   0.0000000000000000e+00 f(zj):   0.0000000000000000e+00 pn(zj):   4.4150579158516490e-01
zj:   0.0000000000000000e+00 f(zj):   0.0000000000000000e+00 pn(zj):   4.3927244526917497e-01
zj:   0.0000000000000000e+00 f(zj):   0.0000000000000000e+00 pn(zj):   4.3704666023115579e-01
zj:   0.0000000000000000e+00 f(zj):   0.0000000000000000e+00 pn(zj):   4.3482842111402753e-01
zj:   0.0000000000000000e+00 f(zj):   0.0000000000000000e+00 pn(zj):   4.3261771257501314e-01
zj:   0.0000000000000000e+00 f(zj):   0.0000000000000000e+00 pn(zj):   4.3041451928563834e-01
zj:   0.0000000000000000e+00 f(zj):   0.0000000000000000e+00 pn(zj):   4.2821882593173133e-01
zj:   0.0000000000000000e+00 f(zj):   0.0000000000000000e+00 pn(zj):   4.2603061721342372e-01
zj:   0.0000000000000000e+00 f(zj):   0.0000000000000000e+00 pn(zj):   4.2384987784514971e-01
zj:   0.0000000000000000e+00 f(zj):   0.0000000000000000e+00 pn(zj):   4.2167659255564582e-01
zj:   0.0000000000000000e+00 f(zj):   0.0000000000000000e+00 pn(zj):   4.1951074608795191e-01
zj:   0.0000000000000000e+00 f(zj):   0.0000000000000000e+00 pn(zj):   4.1735232319941051e-01
zj:   0.0000000000000000e+00 f(zj):   0.0000000000000000e+00 pn(zj):   4.1520130866166693e-01
zj:   0.0000000000000000e+00 f(zj):   0.0000000000000000e+00 pn(zj):   4.1305768726066916e-01
zj:   0.0000000000000000e+00 f(zj):   0.0000000000000000e+00 pn(zj):   4.1092144379666806e-01
zj:   0.0000000000000000e+00 f(zj):   0.0000000000000000e+00 pn(zj):   4.0879256308421730e-01
zj:   0.0000000000000000e+00 f(zj):   0.0000000000000000e+00 pn(zj):   4.0667102995217352e-01
zj:   0.0000000000000000e+00 f(zj):   0.0000000000000000e+00 pn(zj):   4.0455682924369574e-01
zj:   0.0000000000000000e+00 f(zj):   0.0000000000000000e+00 pn(zj):   4.0244994581624605e-01
zj:   0.0000000000000000e+00 f(zj):   0.0000000000000000e+00 pn(zj):   4.0035036454158945e-01
zj:   0.0000000000000000e+00 f(zj):   0.0000000000000000e+00 pn(zj):   3.9825807030579352e-01
zj:   0.0000000000000000e+00 f(zj):   0.0000000000000000e+00 pn(zj):   3.9617304800922870e-01
zj:   0.0000000000000000e+00 f(zj):   0.0000000000000000e+00 pn(zj):   3.9409528256656823e-01
zj:   0.0000000000000000e+00 f(zj):   0.0000000000000000e+00 pn(zj):   3.9202475890678812e-01
zj:   0.0000000000000000e+00 f(zj):   0.0000000000000000e+00 pn(zj):   3.8996146197316739e-01
zj:   0.0000000000000000e+00 f(zj):   0.0000000000000000e+00 pn(zj):   3.8790537672328740e-01
zj:   0.0000000000000000e+00 f(zj):   0.0000000000000000e+00 pn(zj):   3.8585648812903273e-01
zj:   0.0000000000000000e+00 f(zj):   0.0000000000000000e+00 pn(zj):   3.8381478117659062e-01
zj:   0.0000000000000000e+00 f(zj):   0.0000000000000000e+00 pn(zj):   3.8178024086645101e-01
zj:   0.0000000000000000e+00 f(zj):   0.0000000000000000e+00 pn(zj):   3.7975285221340693e-01
zj:   0.0000000000000000e+00 f(zj):   0.0000000000000000e+00 pn(zj):   3.7773260024655353e-01
zj:   0.0000000000000000e+00 f(zj):   0.0000000000000000e+00 pn(zj):   3.7571947000928974e-01
zj:   0.0000000000000000e+00 f(zj):   0.0000000000000000e+00 pn(zj):   3.7371344655931649e-01
zj:   0.0000000000000000e+00 f(zj):   0.0000000000000000e+00 pn(zj):   3.7171451496863783e-01
zj:   0.0000000000000000e+00 f(zj):   0.0000000000000000e+00 pn(zj):   3.6972266032356060e-01
zj:   0.0000000000000000e+00 f(zj):   0.0000000000000000e+00 pn(zj):   3.6773786772469441e-01
zj:   0.0000000000000000e+00 f(zj):   0.0000000000000000e+00 pn(zj):   3.6576012228695154e-01
zj:   0.0000000000000000e+00 f(zj):   0.0000000000000000e+00 pn(zj):   3.6378940913954727e-01
zj:   0.0000000000000000e+00 f(zj):   0.0000000000000000e+00 pn(zj):   3.6182571342599967e-01
zj:   0.0000000000000000e+00 f(zj):   0.0000000000000000e+00 pn(zj):   3.5986902030412937e-01
zj:   0.0000000000000000e+00 f(zj):   0.0000000000000000e+00 pn(zj):   3.5791931494606000e-01
zj:   0.0000000000000000e+00 f(zj):   0.0000000000000000e+00 pn(zj):   3.5597658253821796e-01
zj:   0.0000000000000000e+00 f(zj):   0.0000000000000000e+00 pn(zj):   3.5404080828133233e-01
zj:   0.0000000000000000e+00 f(zj):   0.0000000000000000e+00 pn(zj):   3.5211197739043532e-01
zj:   0.0000000000000000e+00 f(zj):   0.0000000000000000e+00 pn(zj):   3.5019007509486133e-01
zj:   0.0000000000000000e+00 f(zj):   0.0000000000000000e+00 pn(zj):   3.4827508663824835e-01
zj:   0.0000000000000000e+00 f(zj):   0.0000000000000000e+00 pn(zj):   3.4636699727853637e-01
zj:   0.0000000000000000e+00 f(zj):   0.0000000000000000e+00 pn(zj):   3.4446579228796870e-01
zj:   0.0000000000000000e+00 f(zj):   0.0000000000000000e+00 pn(zj):   3.4257145695309132e-01
zj:   0.0000000000000000e+00 f(zj):   0.0000000000000000e+00 pn(zj):   3.4068397657475291e-01
zj:   0.0000000000000000e+00 f(zj):   0.0000000000000000e+00 pn(zj):   3.3880333646810512e-01
zj:   0.0000000000000000e+00 f(zj):   0.0000000000000000e+00 pn(zj):   3.3692952196260195e-01
zj:   0.0000000000000000e+00 f(zj):   0.0000000000000000e+00 pn(zj):   3.3506251840200107e-01
zj:   0.0000000000000000e+00 f(zj):   0.0000000000000000e+00 pn(zj):   3.3320231114436205e-01
zj:   0.0000000000000000e+00 f(zj):   0.0000000000000000e+00 pn(zj):   3.3134888556204767e-01
zj:   0.0000000000000000e+00 f(zj):   0.0000000000000000e+00 pn(zj):   3.2950222704172349e-01
zj:   0.0000000000000000e+00 f(zj):   0.0000000000000000e+00 pn(zj):   3.2766232098435799e-01
zj:   0.0000000000000000e+00 f(zj):   0.0000000000000000e+00 pn(zj):   3.2582915280522196e-01
zj:   0.0000000000000000e+00 f(zj):   0.0000000000000000e+00 pn(zj):   3.2400270793388963e-01
zj:   0.0000000000000000e+00 f(zj):   0.0000000000000000e+00 pn(zj):   3.2218297181423750e-01
zj:   0.0000000000000000e+00 f(zj):   0.0000000000000000e+00 pn(zj):   3.2036992990444513e-01
zj:   0.0000000000000000e+00 f(zj):   0.0000000000000000e+00 pn(zj):   3.1856356767699490e-01
zj:   0.0000000000000000e+00 f(zj):   0.0000000000000000e+00 pn(zj):   3.1676387061867173e-01
zj:   0.0000000000000000e+00 f(zj):   0.0000000000000000e+00 pn(zj):   3.1497082423056377e-01
zj:   0.0000000000000000e+00 f(zj):   0.0000000000000000e+00 pn(zj):   3.1318441402806163e-01
zj:   0.0000000000000000e+00 f(zj):   0.0000000000000000e+00 pn(zj):   3.1140462554085868e-01
zj:   0.0000000000000000e+00 f(zj):   0.0000000000000000e+00 pn(zj):   3.0963144431295120e-01
zj:   0.0000000000000000e+00 f(zj):   0.0000000000000000e+00 pn(zj):   3.0786485590263857e-01
zj:   0.0000000000000000e+00 f(zj):   0.0000000000000000e+00 pn(zj):   3.0610484588252240e-01
zj:   0.0000000000000000e+00 f(zj):   0.0000000000000000e+00 pn(zj):   3.0435139983950743e-01
zj:   0.0000000000000000e+00 f(zj):   0.0000000000000000e+00 pn(zj):   3.0260450337480116e-01
zj:   0.0000000000000000e+00 f(zj):   0.0000000000000000e+00 pn(zj):   3.0086414210391366e-01
zj:   0.0000000000000000e+00 f(zj):   0.0000000000000000e+00 pn(zj):   2.9913030165665844e-01
zj:   0.0000000000000000e+00 f(zj):   0.0000000000000000e+00 pn(zj):   2.9740296767715091e-01
zj:   0.0000000000000000e+00 f(zj):   0.0000000000000000e+00 pn(zj):   2.9568212582380982e-01
zj:   0.0000000000000000e+00 f(zj):   0.0000000000000000e+00 pn(zj):   2.9396776176935679e-01
zj:   0.0000000000000000e+00 f(zj):   0.0000000000000000e+00 pn(zj):   2.9225986120081604e-01
zj:   0.0000000000000000e+00 f(zj):   0.0000000000000000e+00 pn(zj):   2.9055840981951453e-01
zj:   0.0000000000000000e+00 f(zj):   0.0000000000000000e+00 pn(zj):   2.8886339334108213e-01
zj:   0.0000000000000000e+00 f(zj):   0.0000000000000000e+00 pn(zj):   2.8717479749545149e-01
zj:   0.0000000000000000e+00 f(zj):   0.0000000000000000e+00 pn(zj):   2.8549260802685794e-01
zj:   0.0000000000000000e+00 f(zj):   0.0000000000000000e+00 pn(zj):   2.8381681069383990e-01
zj:   0.0000000000000000e+00 f(zj):   0.0000000000000000e+00 pn(zj):   2.8214739126923838e-01
zj:   0.0000000000000000e+00 f(zj):   0.0000000000000000e+00 pn(zj):   2.8048433554019714e-01
zj:   0.0000000000000000e+00 f(zj):   0.0000000000000000e+00 pn(zj):   2.7882762930816263e-01
zj:   0.0000000000000000e+00 f(zj):   0.0000000000000000e+00 pn(zj):   2.7717725838888463e-01
zj:   0.0000000000000000e+00 f(zj):   0.0000000000000000e+00 pn(zj):   2.7553320861241515e-01
zj:   0.0000000000000000e+00 f(zj):   0.0000000000000000e+00 pn(zj):   2.7389546582310920e-01
zj:   0.0000000000000000e+00 f(zj):   0.0000000000000000e+00 pn(zj):   2.7226401587962457e-01
zj:   0.0000000000000000e+00 f(zj):   0.0000000000000000e+00 pn(zj):   2.7063884465492194e-01
zj:   0.0000000000000000e+00 f(zj):   0.0000000000000000e+00 pn(zj):   2.6901993803626456e-01
zj:   0.0000000000000000e+00 f(zj):   0.0000000000000000e+00 pn(zj):   2.6740728192521890e-01
zj:   0.0000000000000000e+00 f(zj):   0.0000000000000000e+00 pn(zj):   2.6580086223765376e-01
zj:   0.0000000000000000e+00 f(zj):   0.0000000000000000e+00 pn(zj):   2.6420066490374083e-01
zj:   0.0000000000000000e+00 f(zj):   0.0000000000000000e+00 pn(zj):   2.6260667586795505e-01
zj:   0.0000000000000000e+00 f(zj):   0.0000000000000000e+00 pn(zj):   2.6101888108907345e-01
zj:   0.0000000000000000e+00 f(zj):   0.0000000000000000e+00 pn(zj):   2.5943726654017629e-01
zj:   0.0000000000000000e+00 f(zj):   0.0000000000000000e+00 pn(zj):   2.5786181820864662e-01
zj:   0.0000000000000000e+00 f(zj):   0.0000000000000000e+00 pn(zj):   2.5629252209617026e-01
zj:   0.0000000000000000e+00 f(zj):   0.0000000000000000e+00 pn(zj):   2.5472936421873571e-01
zj:   0.0000000000000000e+00 f(zj):   0.0000000000000000e+00 pn(zj):   2.5317233060663435e-01
zj:   0.0000000000000000e+00 f(zj):   0.0000000000000000e+00 pn(zj):   2.5162140730446025e-01
zj:   0.0000000000000000e+00 f(zj):   0.0000000000000000e+00 pn(zj):   2.5007658037111047e-01
zj:   0.0000000000000000e+00 f(zj):   0.0000000000000000e+00 pn(zj):   2.4853783587978484e-01
zj:   0.0000000000000000e+00 f(zj):   0.0000000000000000e+00 pn(zj):   2.4700515991798566e-01
zj:   0.0000000000000000e+00 f(zj):   0.0000000000000000e+00 pn(zj):   2.4547853858751856e-01
zj:   0.0000000000000000e+00 f(zj):   0.0000000000000000e+00 pn(zj):   2.4395795800449138e-01
zj:   0.0000000000000000e+00 f(zj):   0.0000000000000000e+00 pn(zj):   2.4244340429931532e-01
zj:   0.0000000000000000e+00 f(zj):   0.0000000000000000e+00 pn(zj):   2.4093486361670413e-01
zj:   0.0000000000000000e+00 f(zj):   0.0000000000000000e+00 pn(zj):   2.3943232211567411e-01
zj:   0.0000000000000000e+00 f(zj):   0.0000000000000000e+00 pn(zj):   2.3793576596954469e-01
zj:   0.0000000000000000e+00 f(zj):   0.0000000000000000e+00 pn(zj):   2.3644518136593806e-01
zj:   0.0000000000000000e+00 f(zj):   0.0000000000000000e+00 pn(zj):   2.3496055450677922e-01
zj:   0.0000000000000000e+00 f(zj):   0.0000000000000000e+00 pn(zj):   2.3348187160829559e-01
zj:   0.0000000000000000e+00 f(zj):   0.0000000000000000e+00 pn(zj):   2.3200911890101794e-01
zj:   0.0000000000000000e+00 f(zj):   0.0000000000000000e+00 pn(zj):   2.3054228262977960e-01
zj:   0.0000000000000000e+00 f(zj):   0.0000000000000000e+00 pn(zj):   2.2908134905371658e-01
zj:   0.0000000000000000e+00 f(zj):   0.0000000000000000e+00 pn(zj):   2.2762630444626775e-01
zj:   0.0000000000000000e+00 f(zj):   0.0000000000000000e+00 pn(zj):   2.2617713509517479e-01
zj:   0.0000000000000000e+00 f(zj):   0.0000000000000000e+00 pn(zj):   2.2473382730248237e-01
zj:   0.0000000000000000e+00 f(zj):   0.0000000000000000e+00 pn(zj):   2.2329636738453762e-01
zj:   0.0000000000000000e+00 f(zj):   0.0000000000000000e+00 pn(zj):   2.2186474167199055e-01
zj:   0.0000000000000000e+00 f(zj):   0.0000000000000000e+00 pn(zj):   2.2043893650979440e-01
zj:   0.0000000000000000e+00 f(zj):   0.0000000000000000e+00 pn(zj):   2.1901893825720453e-01
zj:   0.0000000000000000e+00 f(zj):   0.0000000000000000e+00 pn(zj):   2.1760473328777963e-01
zj:   0.0000000000000000e+00 f(zj):   0.0000000000000000e+00 pn(zj):   2.1619630798938072e-01
zj:   0.0000000000000000e+00 f(zj):   0.0000000000000000e+00 pn(zj):   2.1479364876417206e-01
zj:   0.0000000000000000e+00 f(zj):   0.0000000000000000e+00 pn(zj):   2.1339674202862058e-01
zj:   0.0000000000000000e+00 f(zj):   0.0000000000000000e+00 pn(zj):   2.1200557421349575e-01
zj:   0.0000000000000000e+00 f(zj):   0.0000000000000000e+00 pn(zj):   2.1062013176387007e-01
zj:   0.0000000000000000e+00 f(zj):   0.0000000000000000e+00 pn(zj):   2.0924040113911901e-01
zj:   0.0000000000000000e+00 f(zj):   0.0000000000000000e+00 pn(zj):   2.0786636881292020e-01
zj:   0.0000000000000000e+00 f(zj):   0.0000000000000000e+00 pn(zj):   2.0649802127325512e-01
zj:   0.0000000000000000e+00 f(zj):   0.0000000000000000e+00 pn(zj):   2.0513534502240682e-01
zj:   0.0000000000000000e+00 f(zj):   0.0000000000000000e+00 pn(zj):   2.0377832657696204e-01
zj:   0.0000000000000000e+00 f(zj):   0.0000000000000000e+00 pn(zj):   2.0242695246780984e-01
zj:   0.0000000000000000e+00 f(zj):   0.0000000000000000e+00 pn(zj):   2.0108120924014261e-01
zj:   0.0000000000000000e+00 f(zj):   0.0000000000000000e+00 pn(zj):   1.9974108345345476e-01
zj:   0.0000000000000000e+00 f(zj):   0.0000000000000000e+00 pn(zj):   1.9840656168154425e-01
zj:   0.0000000000000000e+00 f(zj):   0.0000000000000000e+00 pn(zj):   1.9707763051251137e-01
zj:   0.0000000000000000e+00 f(zj):   0.0000000000000000e+00 pn(zj):   1.9575427654875910e-01
zj:   0.0000000000000000e+00 f(zj):   0.0000000000000000e+00 pn(zj):   1.9443648640699385e-01
zj:   0.0000000000000000e+00 f(zj):   0.0000000000000000e+00 pn(zj):   1.9312424671822437e-01
zj:   0.0000000000000000e+00 f(zj):   0.0000000000000000e+00 pn(zj):   1.9181754412776209e-01
zj:   0.0000000000000000e+00 f(zj):   0.0000000000000000e+00 pn(zj):   1.9051636529522142e-01
zj:   0.0000000000000000e+00 f(zj):   0.0000000000000000e+00 pn(zj):   1.8922069689451970e-01
zj:   0.0000000000000000e+00 f(zj):   0.0000000000000000e+00 pn(zj):   1.8793052561387702e-01
zj:   0.0000000000000000e+00 f(zj):   0.0000000000000000e+00 pn(zj):   1.8664583815581581e-01
zj:   0.0000000000000000e+00 f(zj):   0.0000000000000000e+00 pn(zj):   1.8536662123716197e-01
zj:   0.0000000000000000e+00 f(zj):   0.0000000000000000e+00 pn(zj):   1.8409286158904392e-01
zj:   0.0000000000000000e+00 f(zj):   0.0000000000000000e+00 pn(zj):   1.8282454595689257e-01
zj:   0.0000000000000000e+00 f(zj):   0.0000000000000000e+00 pn(zj):   1.8156166110044214e-01
zj:   0.0000000000000000e+00 f(zj):   0.0000000000000000e+00 pn(zj):   1.8030419379372931e-01
zj:   0.0000000000000000e+00 f(zj):   0.0000000000000000e+00 pn(zj):   1.7905213082509375e-01
zj:   0.0000000000000000e+00 f(zj):   0.0000000000000000e+00 pn(zj):   1.7780545899717792e-01
zj:   0.0000000000000000e+00 f(zj):   0.0000000000000000e+00 pn(zj):   1.7656416512692652e-01
zj:   0.0000000000000000e+00 f(zj):   0.0000000000000000e+00 pn(zj):   1.7532823604558800e-01
zj:   0.0000000000000000e+00 f(zj):   0.0000000000000000e+00 pn(zj):   1.7409765859871285e-01
zj:   0.0000000000000000e+00 f(zj):   0.0000000000000000e+00 pn(zj):   1.7287241964615485e-01
zj:   0.0000000000000000e+00 f(zj):   0.0000000000000000e+00 pn(zj):   1.7165250606207028e-01
zj:   0.0000000000000000e+00 f(zj):   0.0000000000000000e+00 pn(zj):   1.7043790473491804e-01
zj:   0.0000000000000000e+00 f(zj):   0.0000000000000000e+00 pn(zj):   1.6922860256746031e-01
zj:   0.0000000000000000e+00 f(zj):   0.0000000000000000e+00 pn(zj):   1.6802458647676199e-01
zj:   0.0000000000000000e+00 f(zj):   0.0000000000000000e+00 pn(zj):   1.6682584339419038e-01
zj:   0.0000000000000000e+00 f(zj):   0.0000000000000000e+00 pn(zj):   1.6563236026541572e-01
zj:   0.0000000000000000e+00 f(zj):   0.0000000000000000e+00 pn(zj):   1.6444412405041142e-01
zj:   0.0000000000000000e+00 f(zj):   0.0000000000000000e+00 pn(zj):   1.6326112172345331e-01
zj:   0.0000000000000000e+00 f(zj):   0.0000000000000000e+00 pn(zj):   1.6208334027311988e-01
zj:   0.0000000000000000e+00 f(zj):   0.0000000000000000e+00 pn(zj):   1.6091076670229298e-01
zj:   0.0000000000000000e+00 f(zj):   0.0000000000000000e+00 pn(zj):   1.5974338802815691e-01
zj:   0.0000000000000000e+00 f(zj):   0.0000000000000000e+00 pn(zj):   1.5858119128219850e-01
zj:   0.0000000000000000e+00 f(zj):   0.0000000000000000e+00 pn(zj):   1.5742416351020794e-01
zj:   0.0000000000000000e+00 f(zj):   0.0000000000000000e+00 pn(zj):   1.5627229177227786e-01
zj:   0.0000000000000000e+00 f(zj):   0.0000000000000000e+00 pn(zj):   1.5512556314280368e-01
zj:   0.0000000000000000e+00 f(zj):   0.0000000000000000e+00 pn(zj):   1.5398396471048381e-01
zj:   0.0000000000000000e+00 f(zj):   0.0000000000000000e+00 pn(zj):   1.5284748357831923e-01
zj:   0.0000000000000000e+00 f(zj):   0.0000000000000000e+00 pn(zj):   1.5171610686361392e-01
zj:   0.0000000000000000e+00 f(zj):   0.0000000000000000e+00 pn(zj):   1.5058982169797464e-01
zj:   0.0000000000000000e+00 f(zj):   0.0000000000000000e+00 pn(zj):   1.4946861522731081e-01
zj:   0.0000000000000000e+00 f(zj):   0.0000000000000000e+00 pn(zj):   1.4835247461183454e-01
zj:   0.0000000000000000e+00 f(zj):   0.0000000000000000e+00 pn(zj):   1.4724138702606104e-01
zj:   0.0000000000000000e+00 f(zj):   0.0000000000000000e+00 pn(zj):   1.4613533965880832e-01
zj:   0.0000000000000000e+00 f(zj):   0.0000000000000000e+00 pn(zj):   1.4503431971319691e-01
zj:   0.0000000000000000e+00 f(zj):   0.0000000000000000e+00 pn(zj):   1.4393831440665028e-01
zj:   0.0000000000000000e+00 f(zj):   0.0000000000000000e+00 pn(zj):   1.4284731097089476e-01
zj:   0.0000000000000000e+00 f(zj):   0.0000000000000000e+00 pn(zj):   1.4176129665195936e-01
zj:   0.0000000000000000e+00 f(zj):   0.0000000000000000e+00 pn(zj):   1.4068025871017598e-01
zj:   0.0000000000000000e+00 f(zj):   0.0000000000000000e+00 pn(zj):   1.3960418442017919e-01
zj:   0.0000000000000000e+00 f(zj):   0.0000000000000000e+00 pn(zj):   1.3853306107090646e-01
zj:   0.0000000000000000e+00 f(zj):   0.0000000000000000e+00 pn(zj):   1.3746687596559826e-01
zj:   0.0000000000000000e+00 f(zj):   0.0000000000000000e+00 pn(zj):   1.3640561642179716e-01
zj:   0.0000000000000000e+00 f(zj):   0.0000000000000000e+00 pn(zj):   1.3534926977134953e-01
zj:   0.0000000000000000e+00 f(zj):   0.0000000000000000e+00 pn(zj):   1.3429782336040363e-01
zj:   0.0000000000000000e+00 f(zj):   0.0000000000000000e+00 pn(zj):   1.3325126454941105e-01
zj:   0.0000000000000000e+00 f(zj):   0.0000000000000000e+00 pn(zj):   1.3220958071312583e-01
zj:   0.0000000000000000e+00 f(zj):   0.0000000000000000e+00 pn(zj):   1.3117275924060545e-01
zj:   0.0000000000000000e+00 f(zj):   0.0000000000000000e+00 pn(zj):   1.3014078753520930e-01
zj:   0.0000000000000000e+00 f(zj):   0.0000000000000000e+00 pn(zj):   1.2911365301459998e-01
zj:   0.0000000000000000e+00 f(zj):   0.0000000000000000e+00 pn(zj):   1.2809134311074333e-01
zj:   0.0000000000000000e+00 f(zj):   0.0000000000000000e+00 pn(zj):   1.2707384526990695e-01
zj:   0.0000000000000000e+00 f(zj):   0.0000000000000000e+00 pn(zj):   1.2606114695266257e-01
zj:   0.0000000000000000e+00 f(zj):   0.0000000000000000e+00 pn(zj):   1.2505323563388338e-01
zj:   0.0000000000000000e+00 f(zj):   0.0000000000000000e+00 pn(zj):   1.2405009880274631e-01
zj:   0.0000000000000000e+00 f(zj):   0.0000000000000000e+00 pn(zj):   1.2305172396273056e-01
zj:   0.0000000000000000e+00 f(zj):   0.0000000000000000e+00 pn(zj):   1.2205809863161843e-01
zj:   0.0000000000000000e+00 f(zj):   0.0000000000000000e+00 pn(zj):   1.2106921034149487e-01
zj:   0.0000000000000000e+00 f(zj):   0.0000000000000000e+00 pn(zj):   1.2008504663874786e-01
zj:   0.0000000000000000e+00 f(zj):   0.0000000000000000e+00 pn(zj):   1.1910559508406771e-01
zj:   0.0000000000000000e+00 f(zj):   0.0000000000000000e+00 pn(zj):   1.1813084325244794e-01
zj:   0.0000000000000000e+00 f(zj):   0.0000000000000000e+00 pn(zj):   1.1716077873318453e-01
zj:   0.0000000000000000e+00 f(zj):   0.0000000000000000e+00 pn(zj):   1.1619538912987670e-01
zj:   0.0000000000000000e+00 f(zj):   0.0000000000000000e+00 pn(zj):   1.1523466206042632e-01
zj:   0.0000000000000000e+00 f(zj):   0.0000000000000000e+00 pn(zj):   1.1427858515703759e-01
zj:   0.0000000000000000e+00 f(zj):   0.0000000000000000e+00 pn(zj):   1.1332714606621819e-01
zj:   0.0000000000000000e+00 f(zj):   0.0000000000000000e+00 pn(zj):   1.1238033244877810e-01
zj:   0.0000000000000000e+00 f(zj):   0.0000000000000000e+00 pn(zj):   1.1143813197983010e-01
zj:   0.0000000000000000e+00 f(zj):   0.0000000000000000e+00 pn(zj):   1.1050053234879031e-01
zj:   0.0000000000000000e+00 f(zj):   0.0000000000000000e+00 pn(zj):   1.0956752125937697e-01
zj:   0.0000000000000000e+00 f(zj):   0.0000000000000000e+00 pn(zj):   1.0863908642961162e-01
zj:   0.0000000000000000e+00 f(zj):   0.0000000000000000e+00 pn(zj):   1.0771521559181851e-01
zj:   0.0000000000000000e+00 f(zj):   0.0000000000000000e+00 pn(zj):   1.0679589649262433e-01
zj:   0.0000000000000000e+00 f(zj):   0.0000000000000000e+00 pn(zj):   1.0588111689295887e-01
zj:   0.0000000000000000e+00 f(zj):   0.0000000000000000e+00 pn(zj):   1.0497086456805460e-01
zj:   0.0000000000000000e+00 f(zj):   0.0000000000000000e+00 pn(zj):   1.0406512730744699e-01
zj:   0.0000000000000000e+00 f(zj):   0.0000000000000000e+00 pn(zj):   1.0316389291497419e-01
zj:   0.0000000000000000e+00 f(zj):   0.0000000000000000e+00 pn(zj):   1.0226714920877700e-01
zj:   0.0000000000000000e+00 f(zj):   0.0000000000000000e+00 pn(zj):   1.0137488402129913e-01
zj:   0.0000000000000000e+00 f(zj):   0.0000000000000000e+00 pn(zj):   1.0048708519928706e-01
zj:   0.0000000000000000e+00 f(zj):   0.0000000000000000e+00 pn(zj):   9.9603740603790181e-02
zj:   0.0000000000000000e+00 f(zj):   0.0000000000000000e+00 pn(zj):   9.8724838110160529e-02
zj:   0.0000000000000000e+00 f(zj):   0.0000000000000000e+00 pn(zj):   9.7850365608053269e-02
zj:   0.0000000000000000e+00 f(zj):   0.0000000000000000e+00 pn(zj):   9.6980311001425679e-02
zj:   0.0000000000000000e+00 f(zj):   0.0000000000000000e+00 pn(zj):   9.6114662208538593e-02
zj:   0.0000000000000000e+00 f(zj):   0.0000000000000000e+00 pn(zj):   9.5253407161954962e-02
zj:   0.0000000000000000e+00 f(zj):   0.0000000000000000e+00 pn(zj):   9.4396533808541294e-02
zj:   0.0000000000000000e+00 f(zj):   0.0000000000000000e+00 pn(zj):   9.3544030109465992e-02
zj:   0.0000000000000000e+00 f(zj):   0.0000000000000000e+00 pn(zj):   9.2695884040201126e-02
zj:   0.0000000000000000e+00 f(zj):   0.0000000000000000e+00 pn(zj):   9.1852083590520994e-02
zj:   0.0000000000000000e+00 f(zj):   0.0000000000000000e+00 pn(zj):   9.1012616764502896e-02
zj:   0.0000000000000000e+00 f(zj):   0.0000000000000000e+00 pn(zj):   9.0177471580527135e-02
zj:   0.0000000000000000e+00 f(zj):   0.0000000000000000e+00 pn(zj):   8.9346636071276020e-02
zj:   0.0000000000000000e+00 f(zj):   0.0000000000000000e+00 pn(zj):   8.8520098283735749e-02
zj:   0.0000000000000000e+00 f(zj):   0.0000000000000000e+00 pn(zj):   8.7697846279194525e-02
zj:   0.0000000000000000e+00 f(zj):   0.0000000000000000e+00 pn(zj):   8.6879868133243665e-02
zj:   0.0000000000000000e+00 f(zj):   0.0000000000000000e+00 pn(zj):   8.6066151935777158e-02
zj:   0.0000000000000000e+00 f(zj):   0.0000000000000000e+00 pn(zj):   8.5256685790991882e-02
zj:   0.0000000000000000e+00 f(zj):   0.0000000000000000e+00 pn(zj):   8.4451457817387499e-02
zj:   0.0000000000000000e+00 f(zj):   0.0000000000000000e+00 pn(zj):   8.3650456147766561e-02
zj:   0.0000000000000000e+00 f(zj):   0.0000000000000000e+00 pn(zj):   8.2853668929233959e-02
zj:   0.0000000000000000e+00 f(zj):   0.0000000000000000e+00 pn(zj):   8.2061084323198141e-02
zj:   0.0000000000000000e+00 f(zj):   0.0000000000000000e+00 pn(zj):   8.1272690505369671e-02
zj:   0.0000000000000000e+00 f(zj):   0.0000000000000000e+00 pn(zj):   8.0488475665762338e-02
zj:   0.0000000000000000e+00 f(zj):   0.0000000000000000e+00 pn(zj):   7.9708428008692378e-02
zj:   0.0000000000000000e+00 f(zj):   0.0000000000000000e+00 pn(zj):   7.8932535752779032e-02
zj:   0.0000000000000000e+00 f(zj):   0.0000000000000000e+00 pn(zj):   7.8160787130944653e-02
zj:   0.0000000000000000e+00 f(zj):   0.0000000000000000e+00 pn(zj):   7.7393170390413490e-02
zj:   0.0000000000000000e+00 f(zj):   0.0000000000000000e+00 pn(zj):   7.6629673792713571e-02
zj:   0.0000000000000000e+00 f(zj):   0.0000000000000000e+00 pn(zj):   7.5870285613675148e-02
zj:   0.0000000000000000e+00 f(zj):   0.0000000000000000e+00 pn(zj):   7.5114994143431590e-02
zj:   0.0000000000000000e+00 f(zj):   0.0000000000000000e+00 pn(zj):   7.4363787686418603e-02
zj:   0.0000000000000000e+00 f(zj):   0.0000000000000000e+00 pn(zj):   7.3616654561375006e-02
zj:   0.0000000000000000e+00 f(zj):   0.0000000000000000e+00 pn(zj):   7.2873583101342621e-02
zj:   0.0000000000000000e+00 f(zj):   0.0000000000000000e+00 pn(zj):   7.2134561653665830e-02
zj:   0.0000000000000000e+00 f(zj):   0.0000000000000000e+00 pn(zj):   7.1399578579991796e-02
zj:   0.0000000000000000e+00 f(zj):   0.0000000000000000e+00 pn(zj):   7.0668622256270130e-02
zj:   0.0000000000000000e+00 f(zj):   0.0000000000000000e+00 pn(zj):   6.9941681072753892e-02
zj:   0.0000000000000000e+00 f(zj):   0.0000000000000000e+00 pn(zj):   6.9218743433998808e-02
zj:   0.0000000000000000e+00 f(zj):   0.0000000000000000e+00 pn(zj):   6.8499797758863168e-02
zj:   0.0000000000000000e+00 f(zj):   0.0000000000000000e+00 pn(zj):   6.7784832480507706e-02
zj:   0.0000000000000000e+00 f(zj):   0.0000000000000000e+00 pn(zj):   6.7073836046397051e-02
zj:   0.0000000000000000e+00 f(zj):   0.0000000000000000e+00 pn(zj):   6.6366796918297388e-02
zj:   0.0000000000000000e+00 f(zj):   0.0000000000000000e+00 pn(zj):   6.5663703572278687e-02
zj:   0.0000000000000000e+00 f(zj):   0.0000000000000000e+00 pn(zj):   6.4964544498713139e-02
zj:   0.0000000000000000e+00 f(zj):   0.0000000000000000e+00 pn(zj):   6.4269308202275832e-02
zj:   0.0000000000000000e+00 f(zj):   0.0000000000000000e+00 pn(zj):   6.3577983201944743e-02
zj:   0.0000000000000000e+00 f(zj):   0.0000000000000000e+00 pn(zj):   6.2890558031000632e-02
zj:   0.0000000000000000e+00 f(zj):   0.0000000000000000e+00 pn(zj):   6.2207021237027038e-02
zj:   0.0000000000000000e+00 f(zj):   0.0000000000000000e+00 pn(zj):   6.1527361381910173e-02
zj:   0.0000000000000000e+00 f(zj):   0.0000000000000000e+00 pn(zj):   6.0851567041839361e-02
zj:   0.0000000000000000e+00 f(zj):   0.0000000000000000e+00 pn(zj):   6.0179626807306597e-02
zj:   0.0000000000000000e+00 f(zj):   0.0000000000000000e+00 pn(zj):   5.9511529283106213e-02
zj:   0.0000000000000000e+00 f(zj):   0.0000000000000000e+00 pn(zj):   5.8847263088336099e-02
zj:   0.0000000000000000e+00 f(zj):   0.0000000000000000e+00 pn(zj):   5.8186816856396373e-02
zj:   0.0000000000000000e+00 f(zj):   0.0000000000000000e+00 pn(zj):   5.7530179234990042e-02
zj:   0.0000000000000000e+00 f(zj):   0.0000000000000000e+00 pn(zj):   5.6877338886123452e-02
zj:   0.0000000000000000e+00 f(zj):   0.0000000000000000e+00 pn(zj):   5.6228284486104840e-02
zj:   0.0000000000000000e+00 f(zj):   0.0000000000000000e+00 pn(zj):   5.5583004725546004e-02
zj:   0.0000000000000000e+00 f(zj):   0.0000000000000000e+00 pn(zj):   5.4941488309361075e-02
zj:   0.0000000000000000e+00 f(zj):   0.0000000000000000e+00 pn(zj):   5.4303723956767413e-02
zj:   0.0000000000000000e+00 f(zj):   0.0000000000000000e+00 pn(zj):   5.3669700401284492e-02
zj:   0.0000000000000000e+00 f(zj):   0.0000000000000000e+00 pn(zj):   5.3039406390735122e-02
zj:   0.0000000000000000e+00 f(zj):   0.0000000000000000e+00 pn(zj):   5.2412830687244893e-02
zj:   0.0000000000000000e+00 f(zj):   0.0000000000000000e+00 pn(zj):   5.1789962067242179e-02
zj:   0.0000000000000000e+00 f(zj):   0.0000000000000000e+00 pn(zj):   5.1170789321457799e-02
zj:   0.0000000000000000e+00 f(zj):   0.0000000000000000e+00 pn(zj):   5.0555301254925800e-02
zj:   0.0000000000000000e+00 f(zj):   0.0000000000000000e+00 pn(zj):   4.9943486686982896e-02
zj:   0.0000000000000000e+00 f(zj):   0.0000000000000000e+00 pn(zj):   4.9335334451268253e-02
zj:   0.0000000000000000e+00 f(zj):   0.0000000000000000e+00 pn(zj):   4.8730833395724482e-02
zj:   0.0000000000000000e+00 f(zj):   0.0000000000000000e+00 pn(zj):   4.8129972382596420e-02
zj:   0.0000000000000000e+00 f(zj):   0.0000000000000000e+00 pn(zj):   4.7532740288432129e-02
zj:   0.0000000000000000e+00 f(zj):   0.0000000000000000e+00 pn(zj):   4.6939126004082010e-02
zj:   0.0000000000000000e+00 f(zj):   0.0000000000000000e+00 pn(zj):   4.6349118434699688e-02
zj:   0.0000000000000000e+00 f(zj):   0.0000000000000000e+00 pn(zj):   4.5762706499741346e-02
zj:   0.0000000000000000e+00 f(zj):   0.0000000000000000e+00 pn(zj):   4.5179879132965839e-02
zj:   0.0000000000000000e+00 f(zj):   0.0000000000000000e+00 pn(zj):   4.4600625282435358e-02
zj:   0.0000000000000000e+00 f(zj):   0.0000000000000000e+00 pn(zj):   4.4024933910514208e-02
zj:   0.0000000000000000e+00 f(zj):   0.0000000000000000e+00 pn(zj):   4.3452793993870142e-02
zj:   0.0000000000000000e+00 f(zj):   0.0000000000000000e+00 pn(zj):   4.2884194523473140e-02
zj:   0.0000000000000000e+00 f(zj):   0.0000000000000000e+00 pn(zj):   4.2319124504596184e-02
zj:   0.0000000000000000e+00 f(zj):   0.0000000000000000e+00 pn(zj):   4.1757572956815370e-02
zj:   0.0000000000000000e+00 f(zj):   0.0000000000000000e+00 pn(zj):   4.1199528914009131e-02
zj:   0.0000000000000000e+00 f(zj):   0.0000000000000000e+00 pn(zj):   4.0644981424358684e-02
zj:   0.0000000000000000e+00 f(zj):   0.0000000000000000e+00 pn(zj):   4.0093919550348689e-02
zj:   0.0000000000000000e+00 f(zj):   0.0000000000000000e+00 pn(zj):   3.9546332368765702e-02
zj:   0.0000000000000000e+00 f(zj):   0.0000000000000000e+00 pn(zj):   3.9002208970699836e-02
zj:   0.0000000000000000e+00 f(zj):   0.0000000000000000e+00 pn(zj):   3.8461538461543432e-02
