zj:   0.0000000000000000e+00 f(zj):   1.0000000000000000e+00 pn(zj):   9.7332019411385566e+00
zj:   1.0000000000000000e+00 f(zj):   3.8461538461538464e-02 pn(zj):   9.6949792009190290e+00
zj:   2.0000000000000000e+00 f(zj):   9.9009900990099011e-03 pn(zj):   9.6568874073940876e+00
zj:   3.0000000000000000e+00 f(zj):   4.4247787610619468e-03 pn(zj):   9.6189261743056669e+00
zj:   4.0000000000000000e+00 f(zj):   2.4937655860349127e-03 pn(zj):   9.5810951163624711e+00
zj:   5.0000000000000000e+00 f(zj):   1.5974440894568689e-03 pn(zj):   9.5433938492379866e+00
zj:   6.0000000000000000e+00 f(zj):   1.1098779134295228e-03 pn(zj):   9.5058219895684548e+00
zj:   7.0000000000000000e+00 f(zj):   8.1566068515497557e-04 pn(zj):   9.4683791549508491e+00
zj:   8.0000000000000000e+00 f(zj):   6.2460961898813238e-04 pn(zj):   9.4310649639408997e+00
zj:   9.0000000000000000e+00 f(zj):   4.9358341559723590e-04 pn(zj):   9.3938790360510787e+00
zj:   1.0000000000000000e+01 f(zj):   3.9984006397441024e-04 pn(zj):   9.3568209917486023e+00
zj:   1.1000000000000000e+01 f(zj):   3.3046926635822867e-04 pn(zj):   9.3198904524534356e+00
zj:   1.0000000000000000e+00 f(zj):  2.0861577729517742e-314 pn(zj):   9.2830870405362980e+00
zj:  -9.6153846153846156e-01 f(zj):  4.6690599528693403e-310 pn(zj):   9.2464103793166839e+00
zj:   4.6648895658796652e-01 f(zj):  4.6690599528693403e-310 pn(zj):   9.2098600930608896e+00
zj:  -1.5164892935855875e-01 f(zj):  4.6690599528693403e-310 pn(zj):   9.1734358069799899e+00
zj:   3.7098101553737203e-02 f(zj):  4.6690599528693403e-310 pn(zj):   9.1371371472279090e+00
zj:  -7.2777150409375421e-03 f(zj):  4.6690599529482920e-310 pn(zj):   9.1009637408994255e+00
zj:   1.1919190870304040e-03 f(zj):  4.6690599530717096e-310 pn(zj):   9.0649152160281972e+00
zj:  -1.6756184931602183e-04 f(zj):  4.6690599528693403e-310 pn(zj):   9.0289912015847982e+00
zj:   2.0635675401466635e-05 f(zj):  4.6690599530717096e-310 pn(zj):   8.9931913274747508e+00
zj:  -2.2611627900902145e-06 f(zj):   0.0000000000000000e+00 pn(zj):   8.9575152245365803e+00
zj:   2.2317490614001837e-07 f(zj):   0.0000000000000000e+00 pn(zj):   8.9219625245398468e+00
zj:   3.3046926635822867e-04 f(zj):   0.0000000000000000e+00 pn(zj):   8.8865328601831770e+00
zj:   1.0000000000000000e+00 f(zj):   0.0000000000000000e+00 pn(zj):   8.8512258650923386e+00
zj:   3.8461538461538464e-02 f(zj):  6.9443976818293265e-310 pn(zj):   8.8160411738182738e+00
zj:   9.9009900990099011e-03 f(zj):  1.4821969375237396e-323 pn(zj):   8.7809784218351759e+00
zj:   4.4247787610619468e-03 f(zj):   0.0000000000000000e+00 pn(zj):   8.7460372455385240e+00
zj:   2.4937655860349127e-03 f(zj):   0.0000000000000000e+00 pn(zj):   8.7112172822431582e+00
zj:   1.5974440894568689e-03 f(zj):  4.6690599528566923e-310 pn(zj):   8.6765181701813461e+00
zj:   1.1098779134295228e-03 f(zj):                     -nan pn(zj):   8.6419395485008508e+00
zj:   8.1566068515497557e-04 f(zj):   0.0000000000000000e+00 pn(zj):   8.6074810572629978e+00
zj:   6.2460961898813238e-04 f(zj):  4.6690599528574828e-310 pn(zj):   8.5731423374407605e+00
zj:   4.9358341559723590e-04 f(zj):   0.0000000000000000e+00 pn(zj):   8.5389230309168322e+00
zj:   3.9984006397441024e-04 f(zj):   0.0000000000000000e+00 pn(zj):   8.5048227804817120e+00
zj:   3.3046926635822867e-04 f(zj):   0.0000000000000000e+00 pn(zj):   8.4708412298317857e+00
zj:  2.0861577729517742e-314 f(zj):  2.1219957904712067e-314 pn(zj):   8.4369780235674092e+00
zj:  4.6690599528693403e-310 f(zj):   0.0000000000000000e+00 pn(zj):   8.4032328071910261e+00
zj:  4.6690599528693403e-310 f(zj):   0.0000000000000000e+00 pn(zj):   8.3696052271052324e+00
zj:  4.6690599528693403e-310 f(zj):  6.9443976820174667e-310 pn(zj):   8.3360949306108889e+00
zj:  4.6690599528693403e-310 f(zj):   0.0000000000000000e+00 pn(zj):   8.3027015659052239e+00
zj:  4.6690599530597532e-310 f(zj):   0.0000000000000000e+00 pn(zj):   8.2694247820799411e+00
zj:  4.6690599530717096e-310 f(zj):   0.0000000000000000e+00 pn(zj):   8.2362642291193211e+00
zj:  4.6690599528693403e-310 f(zj):   0.0000000000000000e+00 pn(zj):   8.2032195578983345e+00
zj:  4.6690599530717096e-310 f(zj):   0.0000000000000000e+00 pn(zj):   8.1702904201807485e+00
zj:   0.0000000000000000e+00 f(zj):   0.0000000000000000e+00 pn(zj):   8.1374764686172654e+00
zj:   0.0000000000000000e+00 f(zj):   0.0000000000000000e+00 pn(zj):   8.1047773567436323e+00
zj:   0.0000000000000000e+00 f(zj):   0.0000000000000000e+00 pn(zj):   8.0721927389787602e+00
zj:   0.0000000000000000e+00 f(zj):   0.0000000000000000e+00 pn(zj):   8.0397222706228533e+00
zj:  6.9443976818293265e-310 f(zj):   0.0000000000000000e+00 pn(zj):   8.0073656078555580e+00
zj:  1.4821969375237396e-323 f(zj):   0.0000000000000000e+00 pn(zj):   7.9751224077340686e+00
zj:   0.0000000000000000e+00 f(zj):   0.0000000000000000e+00 pn(zj):   7.9429923281912851e+00
zj:   0.0000000000000000e+00 f(zj):   0.0000000000000000e+00 pn(zj):   7.9109750280339446e+00
zj:  4.6690599528566923e-310 f(zj):   0.0000000000000000e+00 pn(zj):   7.8790701669407701e+00
zj:                     -nan f(zj):   0.0000000000000000e+00 pn(zj):   7.8472774054606171e+00
zj:   0.0000000000000000e+00 f(zj):   0.0000000000000000e+00 pn(zj):   7.8155964050106137e+00
zj:  4.6690599528574828e-310 f(zj):   0.0000000000000000e+00 pn(zj):   7.7840268278743299e+00
zj:   0.0000000000000000e+00 f(zj):   0.0000000000000000e+00 pn(zj):   7.7525683371999223e+00
zj:   0.0000000000000000e+00 f(zj):   0.0000000000000000e+00 pn(zj):   7.7212205969982994e+00
zj:   0.0000000000000000e+00 f(zj):   0.0000000000000000e+00 pn(zj):   7.6899832721412826e+00
zj:  2.1219957904712067e-314 f(zj):   0.0000000000000000e+00 pn(zj):   7.6588560283597671e+00
zj:   0.0000000000000000e+00 f(zj):   0.0000000000000000e+00 pn(zj):   7.6278385322419036e+00
zj:   0.0000000000000000e+00 f(zj):   0.0000000000000000e+00 pn(zj):   7.5969304512312590e+00
zj:  6.9443976820174667e-310 f(zj):   0.0000000000000000e+00 pn(zj):   7.5661314536249957e+00
zj:   0.0000000000000000e+00 f(zj):   0.0000000000000000e+00 pn(zj):   7.5354412085720508e+00
zj:   0.0000000000000000e+00 f(zj):   0.0000000000000000e+00 pn(zj):   7.5048593860713213e+00
zj:   0.0000000000000000e+00 f(zj):   0.0000000000000000e+00 pn(zj):   7.4743856569698384e+00
zj:   0.0000000000000000e+00 f(zj):   0.0000000000000000e+00 pn(zj):   7.4440196929609721e+00
zj:   0.0000000000000000e+00 f(zj):   0.0000000000000000e+00 pn(zj):   7.4137611665826011e+00
zj:   0.0000000000000000e+00 f(zj):   0.0000000000000000e+00 pn(zj):   7.3836097512153280e+00
zj:   0.0000000000000000e+00 f(zj):  6.9443976819510643e-310 pn(zj):   7.3535651210806670e+00
zj:   0.0000000000000000e+00 f(zj):  2.0320920013450470e-320 pn(zj):   7.3236269512392358e+00
zj:   0.0000000000000000e+00 f(zj):  1.2566263866505099e+232 pn(zj):   7.2937949175889800e+00
zj:   0.0000000000000000e+00 f(zj):  6.0513972685449602e-154 pn(zj):   7.2640686968633599e+00
zj:   0.0000000000000000e+00 f(zj):   1.0300809009268334e-71 pn(zj):   7.2344479666295793e+00
zj:   0.0000000000000000e+00 f(zj):   5.8884100746013091e-62 pn(zj):   7.2049324052867760e+00
zj:   0.0000000000000000e+00 f(zj):  1.3160769790999277e-259 pn(zj):   7.1755216920642555e+00
zj:   0.0000000000000000e+00 f(zj):   1.0333076074194353e-47 pn(zj):   7.1462155070197051e+00
zj:   0.0000000000000000e+00 f(zj):   5.1591541516728260e-62 pn(zj):   7.1170135310374203e+00
zj:   0.0000000000000000e+00 f(zj):  3.6021996460140526e+179 pn(zj):   7.0879154458265141e+00
zj:   0.0000000000000000e+00 f(zj):  2.7680678906888502e+280 pn(zj):   7.0589209339191656e+00
zj:   0.0000000000000000e+00 f(zj):   3.2424566200750214e-86 pn(zj):   7.0300296786688437e+00
zj:   0.0000000000000000e+00 f(zj):   1.3980432860952889e-76 pn(zj):   7.0012413642485409e+00
zj:   0.0000000000000000e+00 f(zj):   1.3980432860952889e-76 pn(zj):   6.9725556756490068e+00
zj:   0.0000000000000000e+00 f(zj):  6.1799880953825233e-114 pn(zj):   6.9439722986769921e+00
zj:   0.0000000000000000e+00 f(zj):   2.3694280567451363e-38 pn(zj):   6.9154909199535011e+00
zj:   0.0000000000000000e+00 f(zj):   2.5845402459973187e-57 pn(zj):   6.8871112269120296e+00
zj:   0.0000000000000000e+00 f(zj):   5.9408248814386993e-38 pn(zj):   6.8588329077968089e+00
zj:   0.0000000000000000e+00 f(zj):  8.1642195725457918e+204 pn(zj):   6.8306556516610737e+00
zj:   0.0000000000000000e+00 f(zj):  6.1799881437911730e-114 pn(zj):   6.8025791483653100e+00
zj:   0.0000000000000000e+00 f(zj):   5.5167545954350761e-48 pn(zj):   6.7746030885755122e+00
zj:   0.0000000000000000e+00 f(zj):   1.4511005363147635e-47 pn(zj):   6.7467271637614505e+00
zj:   0.0000000000000000e+00 f(zj):   5.6367515504622433e-62 pn(zj):   6.7189510661949283e+00
zj:   0.0000000000000000e+00 f(zj):  8.1642195725457940e+204 pn(zj):   6.6912744889480624e+00
zj:  6.9443976819510643e-310 f(zj):   1.3973685027430247e-76 pn(zj):   6.6636971258915469e+00
zj:  2.0320920013450470e-320 f(zj):   1.3980432860952889e-76 pn(zj):   6.6362186716929177e+00
zj:   1.3980432860952889e-76 f(zj):   1.2108942892349278e-99 pn(zj):   6.6088388218148530e+00
zj:  8.5981866496259928e+183 f(zj):  3.5230863936820262e-109 pn(zj):   6.5815572725134350e+00
zj:  6.0136181703254192e-154 f(zj):   4.4666381781129475e-33 pn(zj):   6.5543737208364385e+00
zj:   2.9025315030213617e-57 f(zj):   4.4681603869804777e-33 pn(zj):   6.5272878646216217e+00
zj:   4.2793260698529279e-33 f(zj):   8.3185656841921848e-72 pn(zj):   6.5002994024949992e+00
zj:  1.2590557588555859e+232 f(zj):  8.2012590046506386e+204 pn(zj):   6.4734080338691600e+00
zj:  6.0513972685449602e-154 f(zj):   4.4391703233805033e-38 pn(zj):   6.4466134589415454e+00
zj:   5.8874494043013811e-62 f(zj):   5.9339775593806153e-38 pn(zj):   6.4199153786927434e+00
zj:   6.5308993157571457e-38 f(zj):  2.6239608769170818e+179 pn(zj):   6.3933134948848052e+00
zj:  1.3160769791759380e-259 f(zj):  1.9701896698966844e-153 pn(zj):   6.3668075100595418e+00
zj:   3.2424566200869199e-86 f(zj):   1.3980432757989120e-76 pn(zj):   6.3403971275368276e+00
zj:   1.3980432860952889e-76 f(zj):   1.3980432860952889e-76 pn(zj):   6.3140820514129175e+00
zj:   1.3980432860952889e-76 f(zj):   1.3964263764857459e-76 pn(zj):   6.2878619865587506e+00
zj:  2.7680678906616326e+280 f(zj):  1.9512347655568931e-153 pn(zj):   6.2617366386182782e+00
zj:   8.5517419148925818e-72 f(zj):   9.9513345955207990e-43 pn(zj):   6.2357057140067793e+00
zj:   8.6082900013933841e-67 f(zj):   2.0049845876690235e-52 pn(zj):   6.2097689199091706e+00
zj:  3.9213374830973627e+179 f(zj):   5.9295829823688670e-38 pn(zj):   6.1839259642783464e+00
zj:  6.1799881437911730e-114 f(zj):   1.6039704617400945e-28 pn(zj):   6.1581765558335073e+00
zj:   5.5167545954350761e-48 f(zj):   3.6984503133909094e-57 pn(zj):   6.1325204040584769e+00
zj:   1.4511005363147635e-47 f(zj):   9.5152010285857180e-43 pn(zj):   6.1069572192000487e+00
zj:   5.6367515504622433e-62 f(zj):   1.1829520203662498e-76 pn(zj):   6.0814867122663117e+00
zj:  8.1642195725457940e+204 f(zj):  6.0136196164698546e-154 pn(zj):   6.0561085950250026e+00
zj:   1.3973685027430247e-76 f(zj):   1.3980432860951318e-76 pn(zj):   6.0308225800018453e+00
zj:   1.3980432860952889e-76 f(zj):   1.3980432860952889e-76 pn(zj):   6.0056283804788828e+00
zj:   1.2108942892349278e-99 f(zj):  8.5981866496259928e+183 pn(zj):   5.9805257104928433e+00
zj:  3.5230863936820262e-109 f(zj):  6.0136181703254192e-154 pn(zj):   5.9555142848334821e+00
zj:   4.4666381781129475e-33 f(zj):   1.3983819800222769e-76 pn(zj):   5.9305938190419436e+00
zj:   4.4681603869804777e-33 f(zj):   1.5876736050393295e-47 pn(zj):   5.9057640294091058e+00
zj:   8.3185656841921848e-72 f(zj):  1.2587537171431273e+232 pn(zj):   5.8810246329739497e+00
zj:  8.2012590046506386e+204 f(zj):  6.0513972685449602e-154 pn(zj):   5.8563753475219231e+00
zj:   4.4391703233805033e-38 f(zj):   8.6097107433556230e-67 pn(zj):   5.8318158915833038e+00
zj:   5.9339775593806153e-38 f(zj):   2.7419947153035365e-57 pn(zj):   5.8073459844315627e+00
zj:  2.6239608769170818e+179 f(zj):  1.3160769790996325e-259 pn(zj):   5.7829653460817481e+00
zj:  1.9701896698966844e-153 f(zj):   3.2424566200869199e-86 pn(zj):   5.7586736972888497e+00
zj:   1.3980432757989120e-76 f(zj):   1.3980432860952889e-76 pn(zj):   5.7344707595461815e+00
zj:   1.3980432860952889e-76 f(zj):   1.3980432860952889e-76 pn(zj):   5.7103562550837594e+00
zj:   1.3964263764857459e-76 f(zj):  2.7680678906616326e+280 pn(zj):   5.6863299068666810e+00
zj:  1.9512347655568931e-153 f(zj):   4.2478389617679958e-86 pn(zj):   5.6623914385935237e+00
zj:   9.9513336328100218e-43 f(zj):   2.2125708236354101e-52 pn(zj):   5.6385405746947219e+00
zj:   4.1830096864889488e-62 f(zj):   4.6682072916452074e-62 pn(zj):   5.6147770403309618e+00
zj:   1.4871064254327413e-76 f(zj):  6.1799881198702292e-114 pn(zj):   5.5911005613915767e+00
zj:   4.9048361846793984e-62 f(zj):  2.7680679314197621e+280 pn(zj):   5.5675108644929479e+00
zj:  1.9512347655568931e-153 f(zj):   8.5495310557424777e-72 pn(zj):   5.5440076769768991e+00
zj:   1.8993513737895631e-52 f(zj):   3.3111096229236664e-33 pn(zj):   5.5205907269091048e+00
zj:   2.0057970210551410e-52 f(zj):  2.9538427366399729e+179 pn(zj):   5.4972597430774899e+00
zj:   7.8551065330359313e-67 f(zj):  6.1799881438382626e-114 pn(zj):   5.4740144549906455e+00
zj:   1.6039704617400945e-28 f(zj):   8.4178994681321351e-53 pn(zj):   5.4508545928762420e+00
zj:   5.6457943280048061e-38 f(zj):   1.6901322250336549e-52 pn(zj):   5.4277798876794279e+00
zj:   4.2763285706922239e-33 f(zj):   1.5879409059323135e-47 pn(zj):   5.4047900710612664e+00
zj:   1.1829566300142034e-76 f(zj):  8.1642195725457940e+204 pn(zj):   5.3818848753971480e+00
zj:  6.0136196164698546e-154 f(zj):   2.1746289438004963e-76 pn(zj):   5.3590640337752129e+00
zj:   3.1177496180603700e-33 f(zj):   1.3834743933757498e-47 pn(zj):   5.3363272799947756e+00
zj:   4.0177152876269949e-57 f(zj):   5.2046166950212243e-90 pn(zj):   5.3136743485647520e+00
zj:  8.6023848556509090e+183 f(zj):  3.5230863936822711e-109 pn(zj):   5.2911049747020984e+00
zj:  6.0136181703254192e-154 f(zj):   6.5285629822748313e-38 pn(zj):   5.2686188943302437e+00
zj:   7.2626139078618529e-43 f(zj):   1.1428373321657364e-71 pn(zj):   5.2462158440775157e+00
zj:   1.5724587108732270e-76 f(zj):   5.0807374105267010e-67 pn(zj):   5.2238955612755920e+00
zj:  1.2572399551481540e+232 f(zj):  8.2012590046495058e+204 pn(zj):   5.2016577839579465e+00
zj:  6.0513972685449602e-154 f(zj):   1.5769061972752908e-52 pn(zj):   5.1795022508582784e+00
zj:   1.0404977817334234e-42 f(zj):   3.5397682388405757e-57 pn(zj):   5.1574287014089784e+00
zj:   3.1200064755133297e-33 f(zj):  4.0872145826635350e+179 pn(zj):   5.1354368757395621e+00
zj:  1.3160769791564933e-259 f(zj):  1.9701896698966844e-153 pn(zj):   5.1135265146751383e+00
zj:   3.4435330884255147e-86 f(zj):   4.4222833156186253e-62 pn(zj):   5.0916973597348640e+00
zj:   7.4969261270781068e-67 f(zj):   6.5262985380166170e-38 pn(zj):   5.0699491531303913e+00
zj:   4.1820527689232694e-62 f(zj):   5.1515138825338372e-62 pn(zj):   5.0482816377643402e+00
zj:  2.7680679314197621e+280 f(zj):  1.9512347655568931e-153 pn(zj):   5.0266945572287653e+00
zj:   8.5495310557424777e-72 f(zj):   2.6314137482147329e-52 pn(zj):   5.0051876558036135e+00
zj:   3.3111096229236664e-33 f(zj):   7.4984034225553118e-67 pn(zj):   4.9837606784552069e+00
zj:  2.9538427366399729e+179 f(zj):   8.5969478964315205e-67 pn(zj):   4.9624133708346996e+00
zj:  6.1799881438382626e-114 f(zj):   1.6039704617400945e-28 pn(zj):   4.9411454792765674e+00
zj:   8.4178994681321351e-53 f(zj):   3.2192781275000338e-57 pn(zj):   4.9199567507970841e+00
zj:   1.6901322250336549e-52 f(zj):   1.1305353135266506e-42 pn(zj):   4.8988469330927966e+00
zj:   1.5879409059323135e-47 f(zj):   1.1829513795758785e-76 pn(zj):   4.8778157745390125e+00
zj:  8.1642195725457940e+204 f(zj):  6.0136196164698546e-154 pn(zj):   4.8568630241882857e+00
zj:   2.1746289438004963e-76 f(zj):   1.1998826799523234e-71 pn(zj):   4.8359884317689152e+00
zj:   1.3834743933757498e-47 f(zj):   1.4521717588443762e-47 pn(zj):   4.8151917476834178e+00
zj:   5.2046166950212243e-90 f(zj):  8.6023767511249226e+183 pn(zj):   4.7944727230070399e+00
zj:  3.5230863936822711e-109 f(zj):  6.0136181703254192e-154 pn(zj):   4.7738311094862489e+00
zj:   6.5285629822748313e-38 f(zj):   3.1184959767067655e-33 pn(zj):   4.7532666595372355e+00
zj:   1.1428373321657364e-71 f(zj):   1.5189846204447810e-47 pn(zj):   4.7327791262444112e+00
zj:   5.0807374105267010e-67 f(zj):  1.2575396279061433e+232 pn(zj):   4.7123682633589201e+00
zj:  8.2012590046495058e+204 f(zj):  6.0513972685449602e-154 pn(zj):   4.6920338252971483e+00
zj:   1.5769061972752908e-52 f(zj):   4.0807116169464876e-33 pn(zj):   4.6717755671392274e+00
zj:   3.5397682388405757e-57 f(zj):   1.4256113889788465e-71 pn(zj):   4.6515932446275539e+00
zj:  4.0872145826635350e+179 f(zj):  1.3160769791567134e-259 pn(zj):   4.6314866141653059e+00
zj:  1.9701896698966844e-153 f(zj):   3.6446095567641096e-86 pn(zj):   4.6114554328149602e+00
zj:  8.2012590046512167e+204 f(zj):   6.0147436461266904e-67 pn(zj):   4.5914994582968172e+00
zj:   1.0333076072108300e-47 f(zj):   1.4857557165960362e-76 pn(zj):   4.5716184489875165e+00
zj:   7.1231360818741770e-67 f(zj):   2.4242417658582504e-52 pn(zj):   4.5518121639185782e+00
zj:  2.9481542051855721e+179 f(zj):  1.3160769791000750e-259 pn(zj):   4.5320803627749218e+00
zj:  1.9701896698966844e-153 f(zj):   4.6499918984570840e-86 pn(zj):   4.5124228058934026e+00
zj:   1.8993482124028462e-52 f(zj):   4.7641959169034579e-38 pn(zj):   4.4928392542613480e+00
zj:   6.3827493977343642e-67 f(zj):   2.0049378757975391e-76 pn(zj):   4.4733294695150887e+00
zj:   2.5801676225112322e-57 f(zj):  2.7680679381555173e+280 pn(zj):   4.4538932139385103e+00
zj:  1.9512347655568931e-153 f(zj):   3.6446095567522111e-86 pn(zj):   4.4345302504615898e+00
zj:   9.0544693670690317e-43 f(zj):   1.5868749036622069e-47 pn(zj):   4.4152403426589384e+00
zj:   1.2447631170563902e-47 f(zj):   2.5820511157775503e-57 pn(zj):   4.3960232547483544e+00
zj:   9.9446566923808401e-43 f(zj):  6.1799881198229563e-114 pn(zj):   4.3768787515893770e+00
zj:   1.6039704617400945e-28 f(zj):   1.2844695233355919e-57 pn(zj):   4.3578065986818331e+00
zj:   1.4267073117830947e-71 f(zj):   1.0296456347502460e-71 pn(zj):   4.3388065621643994e+00
zj:   3.5089599699286925e-33 f(zj):   6.8201855083267245e-38 pn(zj):   4.3198784088131532e+00
zj:   1.1829520332352618e-76 f(zj):  8.1642195725457884e+204 pn(zj):   4.3010219060401482e+00
zj:  6.0136196164698546e-154 f(zj):   5.9431116942676373e-38 pn(zj):   4.2822368218919653e+00
zj:   7.2643312387445944e-43 f(zj):   5.0569081260272528e-38 pn(zj):   4.2635229250482833e+00
zj:   5.8798380268537258e-62 f(zj):   7.7525900429833097e-72 pn(zj):   4.2448799848204528e+00
zj:  8.6127424355240409e+183 f(zj):  3.5230863936831187e-109 pn(zj):   4.2263077711500614e+00
zj:  6.0136181703254192e-154 f(zj):   1.1768665284437224e-47 pn(zj):   4.2078060546075147e+00
zj:   2.2150178189848309e-52 f(zj):   1.4874503955262980e-76 pn(zj):   4.1893746063906088e+00
zj:   3.9408728102296639e-62 f(zj):   5.4516552289006124e-67 pn(zj):   4.1710131983231111e+00
zj:  1.2584540443849267e+232 f(zj):  8.2012590046520688e+204 pn(zj):   4.1527216028533465e+00
zj:  6.0513972685449602e-154 f(zj):   1.5767022815106658e-52 pn(zj):   4.1344995930527793e+00
zj:   1.2560367615057731e-71 f(zj):   8.2344207854113375e-67 pn(zj):   4.1163469426145953e+00
zj:   2.4242417658582504e-52 f(zj):  3.9213201892546510e+179 pn(zj):   4.0982634258523039e+00
zj:  1.3160769791000750e-259 f(zj):  1.9701896698966844e-153 pn(zj):   4.0802488176983225e+00
zj:   4.6499918984570840e-86 f(zj):   5.0511999188049713e-38 pn(zj):   4.0623028937025758e+00
zj:   4.7641959169034579e-38 f(zj):   1.5205945436270990e-47 pn(zj):   4.0444254300310867e+00
zj:   2.0049378757975391e-76 f(zj):   5.1515138827038514e-62 pn(zj):   4.0266162034645863e+00
zj:  2.7680679381555173e+280 f(zj):  1.9512347655568931e-153 pn(zj):   4.0088749913971133e+00
zj:   3.6446095567522111e-86 f(zj):   4.8541045350923070e-33 pn(zj):   3.9912015718346172e+00
zj:   1.5868749036622069e-47 f(zj):   9.5081947773353548e-43 pn(zj):   3.9735957233935673e+00
zj:   2.5820511157775503e-57 f(zj):   1.6542797245873011e-47 pn(zj):   3.9560572252995652e+00
zj:  6.1799881198229563e-114 f(zj):   1.6039704617400945e-28 pn(zj):   3.9385858573859571e+00
zj:   1.2844695233355919e-57 f(zj):   6.3827041179517525e-67 pn(zj):   3.9211814000924514e+00
zj:   1.0296456347502460e-71 f(zj):   4.6622463393307011e-33 pn(zj):   3.9038436344637351e+00
zj:   6.8201855083267245e-38 f(zj):   1.1829546559056422e-76 pn(zj):   3.8865723421480904e+00
zj:  8.1642195725457884e+204 f(zj):  6.0136196164698546e-154 pn(zj):   3.8693673053960280e+00
zj:   5.9431116942676373e-38 f(zj):   5.9362734820212270e-38 pn(zj):   3.8522283070589065e+00
zj:   5.0569081260272528e-38 f(zj):   3.8546528402749049e-57 pn(zj):   3.8351551305875602e+00
zj:   7.7525900429833097e-72 f(zj):  8.6023767511254114e+183 pn(zj):   3.8181475600309334e+00
zj:  3.5230863936831187e-109 f(zj):  6.0136181703254192e-154 pn(zj):   3.8012053800347139e+00
zj:   1.1768665284437224e-47 f(zj):   2.6301887102962224e-52 pn(zj):   3.7843283758399653e+00
zj:   1.4874503955262980e-76 f(zj):   2.1089736621922196e-52 pn(zj):   3.7675163332817707e+00
zj:   5.4516552289006124e-67 f(zj):  1.2590557588560089e+232 pn(zj):   3.7507690387878676e+00
zj:  8.2012590046520688e+204 f(zj):  6.0513972685449602e-154 pn(zj):   3.7340862793772982e+00
zj:  3.5230863936825103e-109 f(zj):   5.8817668425217397e-62 pn(zj):   3.7174678426590515e+00
zj:   1.1992099119843867e-71 f(zj):   4.1839333655325983e-62 pn(zj):   3.7009135168307110e+00
zj:   3.3804736424894279e-57 f(zj):   4.0822191887654962e-33 pn(zj):   3.6844230906771087e+00
zj:   8.3185742696943631e-72 f(zj):  1.2572399551480836e+232 pn(zj):   3.6679963535689781e+00
zj:  8.2012590046506430e+204 f(zj):  6.0513972685449602e-154 pn(zj):   3.6516330954616092e+00
zj:   6.7710089230766922e-43 f(zj):   1.4256036197477302e-71 pn(zj):   3.6353331068935062e+00
zj:   4.4674140280643276e-33 f(zj):   7.2643655304230878e-43 pn(zj):   3.6190961789850506e+00
zj:  2.9532268842044793e+179 f(zj):  1.3160769790050612e-259 pn(zj):   3.6029221034371641e+00
zj:  1.9701896698966844e-153 f(zj):   3.8456860251027045e-86 pn(zj):   3.5868106725299747e+00
zj:   4.7607476713655062e-38 f(zj):   3.5366737755604316e-57 pn(zj):   3.5707616791214836e+00
zj:   1.9022125981490062e-52 f(zj):   4.4674081624307422e-33 pn(zj):   3.5547749166462372e+00
zj:   3.1184848186943312e-33 f(zj):  2.7680679381291026e+280 pn(zj):   3.5388501791140019e+00
zj:  1.9512347655568931e-153 f(zj):   4.0467624934294009e-86 pn(zj):   3.5229872611084381e+00
zj:   7.7215389409969073e-43 f(zj):   5.0615043848541934e-38 pn(zj):   3.5071859577857789e+00
zj:   1.0305248068692509e-71 f(zj):   8.2431368107187972e-67 pn(zj):   3.4914460648735113e+00
zj:   8.2260272815341563e-67 f(zj):  6.1799881318302603e-114 pn(zj):   3.4757673786690568e+00
zj:   1.6039704617400945e-28 f(zj):   1.9599449513787718e-62 pn(zj):   3.4601496960384646e+00
zj:   7.7197190265856561e-43 f(zj):   1.6578083352670228e-76 pn(zj):   3.4445928144150879e+00
zj:   2.3173819398083333e-52 f(zj):   4.7584742403160538e-38 pn(zj):   3.4290965317982853e+00
zj:   1.1829539944946049e-76 f(zj):  8.1642195725457940e+204 pn(zj):   3.4136606467521080e+00
zj:  6.0136196164698546e-154 f(zj):   1.0855803136205136e-71 pn(zj):   3.3982849584039960e+00
zj:   3.1192718947241199e-33 f(zj):   1.7250547592811546e-47 pn(zj):   3.3829692664434794e+00
zj:   5.6435433533843949e-38 f(zj):   5.2017215024716523e-90 pn(zj):   3.3677133711208720e+00
zj:  8.6003182023885771e+183 f(zj):  3.5230863936822715e-109 pn(zj):   3.3525170732459788e+00
zj:  6.0136181703254192e-154 f(zj):   9.5046228920641391e-43 pn(zj):   3.3373801741868023e+00
zj:   4.6729588713744441e-62 f(zj):   2.7413676091300341e-57 pn(zj):   3.3223024758682445e+00
zj:   4.0822191887654962e-33 f(zj):   5.0807515711647377e-67 pn(zj):   3.3072837807708217e+00
zj:  1.2572399551480836e+232 f(zj):  8.2012590046500705e+204 pn(zj):   3.2923238919293758e+00
zj:  6.0513972685449602e-154 f(zj):   1.0331739689753253e-47 pn(zj):   3.2774226129317867e+00
zj:   1.4256036197477302e-71 f(zj):   5.1534457418722039e-62 pn(zj):   3.2625797479176910e+00
zj:   7.2643655304230878e-43 f(zj):  2.7911315533540361e+179 pn(zj):   3.2477951015772044e+00
zj:  1.3160769790050612e-259 f(zj):  1.9701896698966844e-153 pn(zj):   3.2330684791496380e+00
zj:   3.8456860251027045e-86 f(zj):   1.8993482124028462e-52 pn(zj):   3.2183996864222251e+00
zj:   3.5366737755604316e-57 f(zj):   1.1089866696879357e-47 pn(zj):   3.2037885297288509e+00
zj:   4.4674081624307422e-33 f(zj):   2.5801676222511548e-57 pn(zj):   3.1892348159487764e+00
zj:  2.7680679381291026e+280 f(zj):  1.9512347655568931e-153 pn(zj):   3.1747383525053743e+00
zj:   4.0467624934294009e-86 f(zj):   3.6962867032641880e-33 pn(zj):   3.1602989473648591e+00
zj:   5.0615043848541934e-38 f(zj):   3.8911367390500340e-33 pn(zj):   3.1459164090350256e+00
zj:   8.2431368107187972e-67 f(zj):   3.3760961380940313e-57 pn(zj):   3.1315905465639884e+00
zj:  6.1799881318302603e-114 f(zj):   1.6039704617400945e-28 pn(zj):   3.1173211695389185e+00
zj:   1.9599449513787718e-62 f(zj):   1.2005364173539340e-71 pn(zj):   3.1031080880847921e+00
zj:   1.6578083352670228e-76 f(zj):   1.3826808918822387e-47 pn(zj):   3.0889511128631328e+00
zj:   4.7584742403160538e-38 f(zj):   1.1829520383726862e-76 pn(zj):   3.0748500550707596e+00
zj:  8.1642195725457940e+204 f(zj):  6.0136196164698546e-154 pn(zj):   3.0608047264385392e+00
zj:   1.0855803136205136e-71 f(zj):   4.7572993917514489e-38 pn(zj):   3.0468149392301362e+00
zj:   1.7250547592811546e-47 f(zj):   4.2778331461982684e-33 pn(zj):   3.0328805062407715e+00
zj:   5.2017215024716523e-90 f(zj):  8.6044434043872488e+183 pn(zj):   3.0190012407959772e+00
zj:   1.0413763382967474e-42 f(zj):  6.0136181703254192e-154 pn(zj):   3.0051769567503550e+00
zj:  8.1642195725457884e+204 f(zj):   3.9408579298239372e-62 pn(zj):   2.9914074684863436e+00
zj:   2.5776923455416709e-57 f(zj):   5.6434095901616086e-62 pn(zj):   2.9776925909129766e+00
zj:   8.9762789513347781e-67 f(zj):   9.9513279403448577e-43 pn(zj):   2.9640321394646532e+00
zj:   5.2046128767568770e-90 f(zj):  8.6127505400509840e+183 pn(zj):   2.9504259300999069e+00
zj:  3.5230863936822701e-109 f(zj):  6.0136181703254192e-154 pn(zj):   2.9368737793001771e+00
zj:   4.1782212158461761e-62 f(zj):   3.1207588379049354e-33 pn(zj):   2.9233755040685807e+00
zj:   7.1173516787736637e-67 f(zj):   1.9165586615318624e-76 pn(zj):   2.9099309219286891e+00
zj:   8.3185744211712839e-72 f(zj):  1.2572399551482954e+232 pn(zj):   2.8965398509233085e+00
zj:  8.2012590046506430e+204 f(zj):  6.0513972685449602e-154 pn(zj):   2.8832021096132574e+00
zj:   1.3040488838666572e-76 f(zj):   4.2785855656735029e-33 pn(zj):   2.8699175170761526e+00
zj:   1.4521696707149594e-47 f(zj):   3.5037054642620668e-33 pn(zj):   2.8566858929051921e+00
zj:  2.6271365990831533e+179 f(zj):  1.3160769791190056e-259 pn(zj):   2.8435070572079422e+00
zj:  1.9701896698966844e-153 f(zj):   4.8510683667956789e-86 pn(zj):   2.8303808306051308e+00
zj:   1.0303071651694736e-71 f(zj):   2.6330482853611918e-52 pn(zj):   2.8173070342294353e+00
zj:   9.5081740633060780e-43 f(zj):   1.3705592621735069e-71 pn(zj):   2.8042854897242817e+00
zj:   2.5801676224002498e-57 f(zj):  2.7680679381555173e+280 pn(zj):   2.7913160192426352e+00
zj:  1.9512347655568931e-153 f(zj):   5.0521448351223753e-86 pn(zj):   2.7783984454458039e+00
zj:   4.7619268818765020e-38 f(zj):   4.0170783912256902e-57 pn(zj):   2.7655325915022395e+00
zj:   4.4289449490655768e-62 f(zj):   1.0406777283528590e-42 pn(zj):   2.7527182810863406e+00
zj:   8.2260271708184781e-67 f(zj):  6.1799881318775332e-114 pn(zj):   2.7399553383772544e+00
zj:   1.6039704617400945e-28 f(zj):   2.9906386587200498e-67 pn(zj):   2.7272435880576928e+00
zj:   1.4275916486961297e-71 f(zj):   1.0300809077793164e-71 pn(zj):   2.7145828553127345e+00
zj:   5.9419996604168048e-38 f(zj):   5.1562869500338205e-62 pn(zj):   2.7019729658286442e+00
zj:   1.1829546585195975e-76 f(zj):  8.1642195725457884e+204 pn(zj):   2.6894137457916818e+00
zj:  6.0136196164698546e-154 f(zj):   1.5700984627186281e-76 pn(zj):   2.6769050218869248e+00
zj:   9.3515689534932368e-67 f(zj):   9.9618649673381817e-43 pn(zj):   2.6644466212970830e+00
zj:   9.9513279403448577e-43 f(zj):   5.2007776914349748e-90 pn(zj):   2.6520383717013232e+00
zj:  8.6127505400509840e+183 f(zj):  3.5230863936820305e-109 pn(zj):   2.6396801012740934e+00
zj:  6.0136181703254192e-154 f(zj):   6.3841531150387651e-67 pn(zj):   2.6273716386839436e+00
zj:   3.1207588379049354e-33 f(zj):   1.6901370289826749e-52 pn(zj):   2.6151128130923613e+00
zj:   1.9165586615318624e-76 f(zj):   7.7525857587009788e-72 pn(zj):   2.6029034541525995e+00
zj:  1.2572399551482954e+232 f(zj):  8.2012590046503612e+204 pn(zj):   2.5907433920085046e+00
zj:  6.0513972685449602e-154 f(zj):   2.9077500303615941e-33 pn(zj):   2.5786324572933603e+00
zj:   4.2785855656735029e-33 f(zj):   1.6601710950050344e-76 pn(zj):   2.5665704811287173e+00
zj:   3.5037054642620668e-33 f(zj):  4.0865715238838800e+179 pn(zj):   2.5545572951232360e+00
zj:  1.3160769791190056e-259 f(zj):  1.9701896698966844e-153 pn(zj):   2.5425927313715277e+00
zj:   4.8510683667956789e-86 f(zj):   4.7607476713655062e-38 pn(zj):   2.5306766224529995e+00
zj:   2.6330482853611918e-52 f(zj):   6.7580167174306149e-67 pn(zj):   2.5188088014306986e+00
zj:   1.3705592621735069e-71 f(zj):   3.1184848186046522e-33 pn(zj):   2.5069891018501624e+00
zj:  2.7680679381555173e+280 f(zj):  1.9512347655568931e-153 pn(zj):   2.4952173577382659e+00
zj:   5.0521448351223753e-86 f(zj):   1.2564737347672471e-71 pn(zj):   2.4834934036020790e+00
zj:   4.0170783912256902e-57 f(zj):   3.3767325217343907e-57 pn(zj):   2.4718170744277179e+00
zj:   1.0406777283528590e-42 f(zj):   3.3760961380953324e-57 pn(zj):   2.4601882056792039e+00
zj:  6.1799881318775332e-114 f(zj):   1.6039704617400945e-28 pn(zj):   2.4486066332973211e+00
zj:   2.9906386587200498e-67 f(zj):   1.3153157445048071e-47 pn(zj):   2.4370721936984792e+00
zj:   1.0300809077793164e-71 f(zj):   1.6601737562727513e-76 pn(zj):   2.4255847237735777e+00
zj:   5.1562869500338205e-62 f(zj):   1.1829513744079374e-76 pn(zj):   2.4141440608868701e+00
zj:   3.6959878568904869e-57 f(zj):  6.0136196164698546e-154 pn(zj):   2.4027500428748341e+00
zj:  6.1799881683249009e-114 f(zj):   1.0298667408532063e-71 pn(zj):   2.3914025080450392e+00
zj:   2.9906386587200498e-67 f(zj):   1.4262651332060672e-71 pn(zj):   2.3801012951750193e+00
zj:   1.7448407680211946e-76 f(zj):   2.5839131300310837e-57 pn(zj):   2.3688462435111504e+00
zj:   2.0052818356151482e-76 f(zj):   1.1829520384026127e-76 pn(zj):   2.3576371927675259e+00
zj:  8.1642195725457873e+204 f(zj):  6.0136196164698546e-154 pn(zj):   2.3464739831248318e+00
zj:   4.2718026756524160e-33 f(zj):   5.6458033680942310e-38 pn(zj):   2.3353564552292339e+00
zj:   6.5263120256517173e-38 f(zj):   2.5789395987538941e-57 pn(zj):   2.3242844501912545e+00
zj:   5.2094032263511649e-90 f(zj):  8.6127586445731134e+183 pn(zj):   2.3132578095846652e+00
zj:  3.5230863936828757e-109 f(zj):  6.0136181703254192e-154 pn(zj):   2.3022763754453668e+00
zj:   4.1782212158461761e-62 f(zj):   2.3173850885803772e-52 pn(zj):   2.2913399902702842e+00
zj:   1.3829398405288817e-47 f(zj):   1.1092476737580026e-47 pn(zj):   2.2804484970162568e+00
zj:   8.3185916094353990e-72 f(zj):  1.2569379134354146e+232 pn(zj):   2.2696017390989303e+00
zj:  8.2012590046506430e+204 f(zj):  6.0513972685449602e-154 pn(zj):   2.2587995603916560e+00
zj:   2.4052344512655883e-57 f(zj):   1.4844155292467862e-76 pn(zj):   2.2480418052243873e+00
zj:   7.4882327635947698e-67 f(zj):   1.8322145098829518e-76 pn(zj):   2.2373283183825805e+00
zj:  2.7885889870147394e+179 f(zj):  1.3160769790624392e-259 pn(zj):   2.2266589451060961e+00
zj:  1.9701896698966844e-153 f(zj):   3.4435330884255147e-86 pn(zj):   2.2160335310881054e+00
zj:   7.4125199736388103e-38 f(zj):   1.5866076516612146e-47 pn(zj):   2.2054519224739950e+00
zj:   3.8896262288090529e-33 f(zj):   1.3837416494387547e-47 pn(zj):   2.1949139658602785e+00
zj:   2.7388593739006914e-57 f(zj):  2.7680679314197621e+280 pn(zj):   2.1844195082935038e+00
zj:  1.9512347655568931e-153 f(zj):   3.6446095567522111e-86 pn(zj):   2.1739683972691690e+00
zj:   7.4044529262900810e-38 f(zj):   4.1810810583362794e-62 pn(zj):   2.1635604807306370e+00
zj:   5.1581711979493300e-62 f(zj):   8.6183152999242099e-43 pn(zj):   2.1531956070680502e+00
zj:   1.3117901318219648e-71 f(zj):  6.1799881803322050e-114 pn(zj):   2.1428736251172555e+00
zj:   1.6039704617400945e-28 f(zj):   2.9906386587200498e-67 pn(zj):   2.1325943841587192e+00
zj:   1.4262651332060672e-71 f(zj):   8.2359149729778448e-67 pn(zj):   2.1223577339164548e+00
zj:   2.5839131300310837e-57 f(zj):   1.8301903872072701e-76 pn(zj):   2.1121635245569474e+00
zj:   1.1829520384026127e-76 f(zj):  8.1642195725457907e+204 pn(zj):   2.1020116066880821e+00
zj:  6.0136196164698546e-154 f(zj):   1.3973711382925105e-76 pn(zj):   2.0919018313580726e+00
zj:   5.6458033680942310e-38 f(zj):   1.4505680756277730e-47 pn(zj):   2.0818340500543933e+00
zj:   2.5789395987538941e-57 f(zj):   5.2026990071199524e-90 pn(zj):   2.0718081147027148e+00
zj:  8.6127586445731134e+183 f(zj):  3.5230863936827556e-109 pn(zj):   2.0618238776658391e+00
zj:  6.0136181703254192e-154 f(zj):   5.0488766876023010e-38 pn(zj):   2.0518811917426349e+00
zj:   2.3173850885803772e-52 f(zj):   3.8552751229239908e-57 pn(zj):   2.0419799101669844e+00
zj:   1.1092476737580026e-47 f(zj):   5.2074705280550151e-90 pn(zj):   2.0321198866067181e+00
zj:  1.2569379134354146e+232 f(zj):  8.2012590046512156e+204 pn(zj):   2.0223009751625654e+00
zj:  6.0513972685449602e-154 f(zj):   3.6700965137719547e-62 pn(zj):   2.0125230303670962e+00
zj:   1.4844155292467862e-76 f(zj):   9.3443243218852112e-67 pn(zj):   2.0027859071836724e+00
zj:   1.8322145098829518e-76 f(zj):  4.0859432659428456e+179 pn(zj):   1.9930894610053982e+00
zj:  1.3160769790624392e-259 f(zj):  1.9701896698966844e-153 pn(zj):   1.9834335476540699e+00
zj:   3.4435330884255147e-86 f(zj):   1.0303071651694736e-71 pn(zj):   1.9738180233791343e+00
zj:   1.5866076516612146e-47 f(zj):   9.5081740633060780e-43 pn(zj):   1.9642427448566429e+00
zj:   1.3837416494387547e-47 f(zj):   2.5801676223630128e-57 pn(zj):   1.9547075691882112e+00
zj:  2.7680679314197621e+280 f(zj):  1.9512347655568931e-153 pn(zj):   1.9452123538999804e+00
zj:   3.6446095567522111e-86 f(zj):   1.2564737347672471e-71 pn(zj):   1.9357569569415776e+00
zj:   4.1810810583362794e-62 f(zj):   7.4090627778540766e-38 pn(zj):   1.9263412366850838e+00
zj:   8.6183152999242099e-43 f(zj):   3.3760961382429785e-57 pn(zj):   1.9169650519239996e+00
zj:   4.8510835834020289e-33 f(zj):   1.6039704617400945e-28 pn(zj):   1.9076282618722118e+00
zj:  2.7680679110540079e+280 f(zj):   1.3821348622571120e-47 pn(zj):   1.8983307261629681e+00
zj:   3.8456860250908060e-86 f(zj):   1.0311889078967365e-71 pn(zj):   1.8890723048478475e+00
zj:   4.1839592720770052e-62 f(zj):   9.5046503973268683e-43 pn(zj):   1.8798528583957357e+00
zj:   2.5282387684786953e-52 f(zj):   9.0478255685079079e-43 pn(zj):   1.8706722476918025e+00
zj:  6.1799881803322050e-114 f(zj):   1.6039704617400945e-28 pn(zj):   1.8615303340364808e+00
zj:   4.5633524455567166e-72 f(zj):   7.4113316715772639e-38 pn(zj):   1.8524269791444461e+00
zj:   1.8318877067339570e-76 f(zj):   1.1776725587775767e-47 pn(zj):   1.8433620451436026e+00
zj:   4.8578573469522551e-33 f(zj):   1.1829513769719769e-76 pn(zj):   1.8343353945740641e+00
zj:  8.1642195725457929e+204 f(zj):  6.0136196164698546e-154 pn(zj):   1.8253468903871446e+00
zj:   2.5245602067537340e-52 f(zj):   1.6566351148644332e-47 pn(zj):   1.8163963959443454e+00
zj:   3.0618528389289492e-57 f(zj):   2.0889486305762259e-76 pn(zj):   1.8074837750163457e+00
zj:   5.2094106290237419e-90 f(zj):  8.6107000958299936e+183 pn(zj):   1.7986088917819980e+00
zj:  3.5230863936823907e-109 f(zj):  6.0136181703254192e-154 pn(zj):   1.7897716108273194e+00
zj:   1.9155399338234342e-76 f(zj):   7.1094359665541110e-38 pn(zj):   1.7809717971444914e+00
zj:   7.7180083793997939e-43 f(zj):   5.6424785937934581e-62 pn(zj):   1.7722093161308585e+00
zj:   5.2055605208008703e-90 f(zj):  1.2569379134356261e+232 pn(zj):   1.7634840335879276e+00
zj:  8.2012590046517803e+204 f(zj):  6.0513972685449602e-154 pn(zj):   1.7547958157203720e+00
zj:   2.9073738721693310e-33 f(zj):   7.2748753220459419e-43 pn(zj):   1.7461445291350359e+00
zj:   1.2562587010227086e-71 f(zj):   6.8190376165576329e-38 pn(zj):   1.7375300408399412e+00
zj:  3.9213176482457509e+179 f(zj):  1.3160769791001498e-259 pn(zj):   1.7289522182432973e+00
zj:  1.9701896698966844e-153 f(zj):   4.0467624934412994e-86 pn(zj):   1.7204109291525094e+00
zj:   1.1097885113041658e-47 f(zj):   8.1716858396334047e-43 pn(zj):   1.7119060417731939e+00
zj:   1.7451767851383578e-76 f(zj):   7.8591534228800228e-67 pn(zj):   1.7034374247081914e+00
zj:   2.0896051552995675e-76 f(zj):  2.7680679043446673e+280 pn(zj):   1.6950049469565838e+00
zj:  1.9512347655568931e-153 f(zj):   5.0521448351223753e-86 pn(zj):   1.6866084779127126e+00
zj:   1.0311889078967365e-71 f(zj):   3.6955344560242965e-33 pn(zj):   1.6782478873652007e+00
zj:   9.5046503973268683e-43 f(zj):   5.8855613896182568e-62 pn(zj):   1.6699230454959721e+00
zj:   9.0478255685079079e-43 f(zj):  6.1799881318775332e-114 pn(zj):   1.6616338228792791e+00
zj:   1.6039704617400945e-28 f(zj):   4.5633524455567166e-72 pn(zj):   1.6533800904807274e+00
zj:   7.4113316715772639e-38 f(zj):   5.3508177097931940e-38 pn(zj):   1.6451617196563044e+00
zj:   1.1776725587775767e-47 f(zj):   2.0062080822085357e-52 pn(zj):   1.6369785821514096e+00
zj:   1.1829513769719769e-76 f(zj):  8.1642195725457940e+204 pn(zj):   1.6288305500998863e+00
zj:  6.0136196164698546e-154 f(zj):   7.8562664146843365e-67 pn(zj):   1.6207174960230568e+00
zj:   1.6566351148644332e-47 f(zj):   3.8571591004629611e-57 pn(zj):   1.6126392928287563e+00
zj:   2.0889486305762259e-76 f(zj):   5.2036466518517569e-90 pn(zj):   1.6045958138103731e+00
zj:  8.6107000958299936e+183 f(zj):  3.5230863936822706e-109 pn(zj):   1.5965869326458872e+00
zj:  6.0136181703254192e-154 f(zj):   2.5777117924644142e-57 pn(zj):   1.5886125233969124e+00
zj:   7.1094359665541110e-38 f(zj):   2.5278245832027988e-52 pn(zj):   1.5806724605077398e+00
zj:   5.6424785937934581e-62 f(zj):   5.2094068549376415e-90 pn(zj):   1.5727666188043830e+00
zj:  1.2569379134356261e+232 f(zj):  8.2012590046503568e+204 pn(zj):   1.5648948734936261e+00
zj:  6.0513972685449602e-154 f(zj):   4.4363004641255661e-38 pn(zj):   1.5570571001620739e+00
zj:   7.2748753220459419e-43 f(zj):   9.0562349152601393e-43 pn(zj):   1.5492531747752007e+00
zj:   6.8190376165576329e-38 f(zj):  3.4356770429718829e+179 pn(zj):   1.5414829736764060e+00
zj:  1.3160769791001498e-259 f(zj):  1.9701896698966844e-153 pn(zj):   1.5337463735860684e+00
zj:   4.0467624934412994e-86 f(zj):   7.4125199736388103e-38 pn(zj):   1.5260432516006026e+00
zj:   8.1716858396334047e-43 f(zj):   6.7507551283564725e-67 pn(zj):   1.5183734851915183e+00
zj:   8.6183222485908141e-43 f(zj):   2.7388593735675873e-57 pn(zj):   1.5107369522044818e+00
zj:   1.7982076051525398e-52 f(zj):  1.9512347655568931e-153 pn(zj):   1.5031335308583769e+00
zj:  1.3160769790623652e-259 f(zj):   3.6955368894855717e-33 pn(zj):   1.4955630997443707e+00
zj:   4.8510683667956789e-86 f(zj):   7.2695724232228835e-43 pn(zj):   1.4880255378249800e+00
zj:   2.8988025460531062e-57 f(zj):   4.4270125539719214e-62 pn(zj):   1.4805207244331386e+00
zj:   1.1428416199147895e-71 f(zj):   4.0822021072285131e-33 pn(zj):   1.4730485392712687e+00
zj:  2.7680679110540079e+280 f(zj):  1.9512347655568931e-153 pn(zj):   1.4656088624103516e+00
zj:   3.6446095567522111e-86 f(zj):   2.2158350128794447e-52 pn(zj):   1.4582015742890024e+00
zj:   8.6201013220096938e-43 f(zj):   2.5270153113266498e-52 pn(zj):   1.4508265557125462e+00
zj:   5.6443628559734230e-62 f(zj):   4.6617496358999708e-62 pn(zj):   1.4434836878520934e+00
zj:  6.1799881803322050e-114 f(zj):   1.6039704617400945e-28 pn(zj):   1.4361728522436223e+00
zj:   4.5633524455567166e-72 f(zj):   2.6314026146569931e-52 pn(zj):   1.4288939307870585e+00
zj:   4.2755761969555244e-33 f(zj):   3.6997215996997959e-57 pn(zj):   1.4216468057453577e+00
zj:   1.3698934000706673e-71 f(zj):   1.1829553097157937e-76 pn(zj):   1.4144313597435920e+00
zj:  8.1642195725457951e+204 f(zj):  6.0136196164698546e-154 pn(zj):   1.4072474757680362e+00
zj:   4.4643897926193855e-33 f(zj):   6.5205408830208393e-38 pn(zj):   1.4000950371652561e+00
zj:   1.1992168245045043e-71 f(zj):   9.9583686976152857e-43 pn(zj):   1.3929739276411994e+00
zj:   5.2084555819633745e-90 f(zj):  8.6107000958343450e+183 pn(zj):   1.3858840312602883e+00
zj:  3.5230863936822706e-109 f(zj):  6.0136181703254192e-154 pn(zj):   1.3788252324445132e+00
zj:   1.2011996683519638e-71 f(zj):   8.6082901119343188e-67 pn(zj):   1.3717974159725286e+00
zj:   2.2142037427957021e-52 f(zj):   7.1105883771012814e-38 pn(zj):   1.3648004669787519e+00
zj:   8.3185700024100465e-72 f(zj):  1.2575408123835173e+232 pn(zj):   1.3578342709524622e+00
zj:  8.2012590046503579e+204 f(zj):  6.0513972685449602e-154 pn(zj):   1.3508987137369024e+00
zj:   1.5760905342167910e-52 f(zj):   6.0161868280498884e-67 pn(zj):   1.3439936815283815e+00
zj:   1.6588190632062838e-76 f(zj):   3.8896409108751751e-33 pn(zj):   1.3371190608753813e+00
zj:  4.0865887790055955e+179 f(zj):  1.3160769790049892e-259 pn(zj):   1.3302747386776619e+00
zj:  1.9701896698966844e-153 f(zj):   3.6446095567641096e-86 pn(zj):   1.3234606021853714e+00
zj:   7.2695724232228835e-43 f(zj):   3.3767253051411551e-57 pn(zj):   1.3166765389981561e+00
zj:   4.4270125539719214e-62 f(zj):   8.2300796091411051e-67 pn(zj):   1.3099224370642730e+00
zj:   4.0822021072285131e-33 f(zj):  2.7680679381291026e+280 pn(zj):   1.3031981846797041e+00
zj:  1.9512347655568931e-153 f(zj):   4.0467624934294009e-86 pn(zj):   1.2965036704872719e+00
zj:   2.2158350128794447e-52 f(zj):   2.2129722392601215e-52 pn(zj):   1.2898387834757576e+00
zj:   2.5270153113266498e-52 f(zj):   2.7395103519701913e-57 pn(zj):   1.2832034129790211e+00
zj:   4.6617496358999708e-62 f(zj):  6.1799881198702292e-114 pn(zj):   1.2765974486751208e+00
zj:   1.6039704617400945e-28 f(zj):   4.5633524455567166e-72 pn(zj):   1.2700207805854391e+00
zj:   2.6314026146569931e-52 f(zj):   7.2625932208742439e-43 pn(zj):   1.2634732990738051e+00
zj:   3.6997215996997959e-57 f(zj):   5.6400769966117191e-38 pn(zj):   1.2569548948456231e+00
zj:   1.1829553097157937e-76 f(zj):  8.1642195725457929e+204 pn(zj):   1.2504654589469997e+00
zj:  6.0136196164698546e-154 f(zj):   2.7370015366549161e-57 pn(zj):   1.2440048827638748e+00
zj:   6.5205408830208393e-38 f(zj):   4.8518476203812555e-33 pn(zj):   1.2375730580211541e+00
zj:   9.9583686976152857e-43 f(zj):   5.2055792332769864e-90 pn(zj):   1.2311698767818418e+00
zj:  8.6107000958343450e+183 f(zj):  3.5230863936821505e-109 pn(zj):   1.2247952314461772e+00
zj:  6.0136181703254192e-154 f(zj):   4.7550165523619866e-38 pn(zj):   1.2184490147507716e+00
zj:   8.6082901119343188e-67 f(zj):   8.6010002016701168e-67 pn(zj):   1.2121311197677476e+00
zj:   7.1105883771012814e-38 f(zj):   5.2017214294356449e-90 pn(zj):   1.2058414399038795e+00
zj:  1.2575408123835173e+232 f(zj):  8.2012590046503557e+204 pn(zj):   1.1995798688997370e+00
zj:  6.0513972685449602e-154 f(zj):   2.4049233005016952e-57 pn(zj):   1.1933463008288290e+00
zj:   6.0161868280498884e-67 f(zj):   3.6993048310168456e-33 pn(zj):   1.1871406300967489e+00
zj:   2.5808235383105883e-57 f(zj):  3.7636717236130657e+179 pn(zj):   1.1809627514403243e+00
zj:   3.8571444392323224e-57 f(zj):  1.9701896698966844e-153 pn(zj):   1.1748125599267656e+00
zj:  1.2575396279062842e+232 f(zj):  8.2012590046503579e+204 pn(zj):   1.1686899509528170e+00
zj:  6.0513972685449602e-154 f(zj):   8.5440039061584201e-72 pn(zj):   1.1625948202439109e+00
zj:   2.7426194284087805e-57 f(zj):   4.0844731533996270e-33 pn(zj):   1.1565270638533216e+00
zj:   9.9653134220312402e-43 f(zj):  3.5996818227150226e+179 pn(zj):   1.1504865781613225e+00
zj:  1.3160769791759391e-259 f(zj):  1.9701896698966844e-153 pn(zj):   1.1444732598743443e+00
zj:   3.6446095567641096e-86 f(zj):   5.1572401577168280e-62 pn(zj):   1.1384870060241354e+00
zj:   5.1534308900493529e-62 f(zj):   8.2301249757138083e-67 pn(zj):   1.1325277139669232e+00
zj:   5.8874492885578404e-62 f(zj):   7.1201827276153997e-67 pn(zj):   1.1265952813825781e+00
zj:  2.7680679381291026e+280 f(zj):  1.9512347655568931e-153 pn(zj):   1.1206896062737786e+00
zj:   6.7710089244305407e-43 f(zj):   1.8993482124028462e-52 pn(zj):   1.1148105869651777e+00
zj:   4.4279657909165505e-62 f(zj):   3.9399121110077421e-62 pn(zj):   1.1089581221025726e+00
zj:  3.7617722068816617e+179 f(zj):   2.5801676225855635e-57 pn(zj):   1.1031321106520751e+00
zj:  6.1799882046311469e-114 f(zj):   1.6039704617400945e-28 pn(zj):   1.0973324518992822e+00
zj:   4.5633524455567166e-72 f(zj):   6.5216753025467240e-38 pn(zj):   1.0915590454484521e+00
zj:   8.1664580994731588e-43 f(zj):   2.6297824905774970e-52 pn(zj):   1.0858117912216778e+00
zj:   2.8994199951974054e-57 f(zj):   1.1829507154605182e-76 pn(zj):   1.0800905894580657e+00
zj:  8.1642195725457895e+204 f(zj):   5.5168913069857425e-48 pn(zj):   1.0743953407129139e+00
zj:   2.5245586136618228e-52 f(zj):   8.6140516774650127e-67 pn(zj):   1.0687259458568932e+00
zj:   9.3472051817260097e-67 f(zj):   1.9192548441989763e-76 pn(zj):   1.0630823060752286e+00
zj:   5.2045941205614853e-90 f(zj):  8.6065263864268356e+183 pn(zj):   1.0574643228668847e+00
zj:  3.5230863936828757e-109 f(zj):  6.0136181703254192e-154 pn(zj):   1.0518718980437503e+00
zj:   2.0056086072346461e-76 f(zj):   3.9351569090051077e-62 pn(zj):   1.0463049337298262e+00
zj:   4.6652732146401342e-33 f(zj):   7.4998522432913987e-67 pn(zj):   1.0407633323604146e+00
zj:   8.3185829734639924e-72 f(zj):  1.2572411396252445e+232 pn(zj):   1.0352469966813089e+00
zj:  8.2012590046503579e+204 f(zj):  6.0513972685449602e-154 pn(zj):   1.0297558297479872e+00
zj:   8.5440039061584201e-72 f(zj):   4.0822279587405997e-33 pn(zj):   1.0242897349248063e+00
zj:   4.0844731533996270e-33 f(zj):   3.6985348363898658e-33 pn(zj):   1.0188486158841967e+00
zj:  3.5996818227150226e+179 f(zj):  1.3160769791753467e-259 pn(zj):   1.0134323766058611e+00
zj:  1.9701896698966844e-153 f(zj):   3.6446095567641096e-86 pn(zj):   1.0080409213759727e+00
zj:   5.1572401577168280e-62 f(zj):   7.5012786229451715e-67 pn(zj):   1.0026741547863764e+00
zj:   8.2301249757138083e-67 f(zj):   1.6934044791613588e-52 pn(zj):   9.9733198173379145e-01
zj:   7.1201827276153997e-67 f(zj):  2.7680679381291026e+280 pn(zj):   9.9201430741901531e-01
zj:  1.9512347655568931e-153 f(zj):   4.0467624934294009e-86 pn(zj):   9.8672103734612926e-01
zj:   1.8993482124028462e-52 f(zj):   1.7957701682086360e-52 pn(zj):   9.8145207732170636e-01
zj:   3.9399121110077421e-62 f(zj):   2.0032577387779478e-76 pn(zj):   9.7620733345402033e-01
zj:   2.5801676225855635e-57 f(zj):  6.1799881318302603e-114 pn(zj):   9.7098671215225585e-01
zj:   1.6039704617400945e-28 f(zj):   4.5633524455567166e-72 pn(zj):   9.6579012012572174e-01
zj:   6.5216753025467240e-38 f(zj):   2.0032564054799430e-76 pn(zj):   9.6061746438306450e-01
zj:   2.6297824905774970e-52 f(zj):   1.0300835020294345e-71 pn(zj):   9.5546865223148403e-01
zj:   1.1829507154605182e-76 f(zj):  8.1642195725457929e+204 pn(zj):   9.5034359127595103e-01
zj:   5.5168913069857425e-48 f(zj):   1.7229237739200617e-47 pn(zj):   9.4524218941842597e-01
zj:   8.6140516774650127e-67 f(zj):   1.5714466444275337e-76 pn(zj):   9.4016435485707972e-01
zj:   1.9192548441989763e-76 f(zj):   5.2026690444475405e-90 pn(zj):   9.3510999608551559e-01
zj:  8.6065263864268356e+183 f(zj):  3.5230863936823911e-109 pn(zj):   9.3007902189199354e-01
zj:  6.0136181703254192e-154 f(zj):   4.8548333980901887e-33 pn(zj):   9.2507134135865510e-01
zj:   3.9351569089971426e-62 f(zj):   1.3128515337394265e-71 pn(zj):   9.2008686386075100e-01
zj:   1.4500303987119221e-47 f(zj):   7.7526116330739668e-72 pn(zj):   9.1512549906586971e-01
zj:   2.7426219356094553e-57 f(zj):  8.2012590046520710e+204 pn(zj):   9.1018715693316765e-01
zj:  8.6023848556499316e+183 f(zj):  3.5230863936828757e-109 pn(zj):   9.0527174771260122e-01
zj:  6.0136181703254192e-154 f(zj):   9.1666211934807950e-72 pn(zj):   9.0037918194416067e-01
zj:   1.2009820371554715e-71 f(zj):   2.3181911807635880e-52 pn(zj):   8.9550937045710477e-01
zj:   7.5012899647386332e-67 f(zj):   5.0807345696146886e-67 pn(zj):   8.9066222436919773e-01
zj:  1.2569379134356261e+232 f(zj):  8.2012590046506375e+204 pn(zj):   8.8583765508594814e-01
zj:  6.0513972685449602e-154 f(zj):   8.5528473427588368e-72 pn(zj):   8.8103557429984813e-01
zj:   1.6550262274795436e-47 f(zj):   4.2770632779785653e-33 pn(zj):   8.7625589398961556e-01
zj:   2.4209743343243990e-52 f(zj):  3.4382270000874967e+179 pn(zj):   8.7149852641943704e-01
zj:  1.3973781872300072e-259 f(zj):  1.9701896699140502e-153 pn(zj):   8.6676338413821241e-01
zj:   3.4435330884255147e-86 f(zj):   5.6412115399876425e-38 pn(zj):   8.6205037997880185e-01
zj:   3.6955285094974292e-33 f(zj):   4.8541046154974253e-33 pn(zj):   8.5735942705727308e-01
zj:   1.0298675842295059e-71 f(zj):   5.8807660672784310e-62 pn(zj):   8.5269043877215145e-01
zj:  2.7680679381026879e+280 f(zj):  1.9512347655568931e-153 pn(zj):   8.4804332880367084e-01
zj:   4.6499918984451855e-86 f(zj):   4.7607476713655062e-38 pn(zj):   8.4341801111302617e-01
zj:   5.3946145727198625e-62 f(zj):   5.3542524676270797e-38 pn(zj):   8.3881439994162821e-01
zj:   6.5274643833730244e-38 f(zj):   3.1184848188745773e-33 pn(zj):   8.3423240981035940e-01
zj:  6.1799881199175020e-114 f(zj):   1.6039704617400945e-28 pn(zj):   8.2967195551883066e-01
zj:   1.5528283712684925e-33 f(zj):   7.8591421455066172e-67 pn(zj):   8.2513295214464122e-01
zj:   3.8918801588258471e-33 f(zj):   6.3856528754438795e-67 pn(zj):   8.2061531504263863e-01
zj:   1.1305359950712127e-42 f(zj):   1.2693137059169981e-76 pn(zj):   8.1611895984418137e-01
zj:  8.1642243567575185e+204 f(zj):   5.5168913069857437e-48 pn(zj):   8.1164380245640211e-01
zj:   3.6928591141997304e-57 f(zj):   1.3692318796665750e-71 pn(zj):   8.0718975906147350e-01
zj:   1.4505691195811506e-47 f(zj):   3.3133576867223661e-33 pn(zj):   8.0275674611587478e-01
zj:   5.2036465932167209e-90 f(zj):  8.6065263864268356e+183 pn(zj):   7.9834468034965989e-01
zj:  3.5230863936828757e-109 f(zj):  6.0136181703254192e-154 pn(zj):   7.9395347876572808e-01
zj:   9.1666211934807950e-72 f(zj):   1.0307493539060346e-71 pn(zj):   7.8958305863909473e-01
zj:   2.3181911807635880e-52 f(zj):   4.4659152269846802e-33 pn(zj):   7.8523333751616486e-01
zj:   5.0807345696146886e-67 f(zj):  1.2572411396251753e+232 pn(zj):   7.8090423321400770e-01
zj:  8.2012590046506375e+204 f(zj):  6.0513972685449602e-154 pn(zj):   7.7659566381963252e-01
zj:   8.5528473427588368e-72 f(zj):   4.4681486201092750e-33 pn(zj):   7.7230754768926690e-01
zj:   4.2770632779785653e-33 f(zj):   1.1771401021058602e-47 pn(zj):   7.6803980344763523e-01
zj:  3.4382270000874967e+179 f(zj):  1.3973781873629524e-259 pn(zj):   7.6379234998723999e-01
zj:  1.9701896699140502e-153 f(zj):   3.4435330884255147e-86 pn(zj):   7.5956510646764386e-01
zj:   5.6412115399876425e-38 f(zj):   3.9370709315417421e-62 pn(zj):   7.5535799231475387e-01
zj:   4.8541046154974253e-33 f(zj):   1.7973967212965641e-52 pn(zj):   7.5117092722010592e-01
zj:   5.8807660672784310e-62 f(zj):  2.7680678976089121e+280 pn(zj):   7.4700383114015267e-01
zj:  1.9512347655568931e-153 f(zj):   3.6446095567522111e-86 pn(zj):   7.4285662429555166e-01
zj:   4.7607476713655062e-38 f(zj):   5.0523566913715191e-38 pn(zj):   7.3872922717045431e-01
zj:   5.3542524676270797e-38 f(zj):   2.0916421776138944e-76 pn(zj):   7.3462156051179894e-01
zj:   3.1184848188745773e-33 f(zj):  6.1799881198229563e-114 pn(zj):   7.3053354532860260e-01
zj:   1.6039704617400945e-28 f(zj):   2.3694280567451363e-38 pn(zj):   7.2646510289125588e-01
zj:   7.8591421455066172e-67 f(zj):   8.6200670301276814e-43 pn(zj):   7.2241615473081888e-01
zj:   6.3856528754438795e-67 f(zj):   9.0527248267188847e-43 pn(zj):   7.1838662263831887e-01
zj:   1.2693137059169981e-76 f(zj):  8.1642243567575252e+204 pn(zj):   7.1437642866404905e-01
zj:   5.5168913069857437e-48 f(zj):   1.8291861549209472e-76 pn(zj):   7.1038549511686921e-01
zj:   1.6039704617400945e-28 f(zj):   9.0632893571902783e-43 pn(zj):   7.0641374456350747e-01
zj:   3.9360842528183653e-62 f(zj):   5.2026802660707133e-90 pn(zj):   7.0246109982786453e-01
zj:   1.1763393167891552e-47 f(zj):   2.1102098889726579e-52 pn(zj):   6.9852748399031750e-01
zj:   1.2693130471102931e-76 f(zj):  8.1642243567575207e+204 pn(zj):   6.9461282038702765e-01
zj:  6.0136196164698559e-154 f(zj):   7.7039744378697219e-43 pn(zj):   6.9071703260924733e-01
zj:   2.0056151914042682e-76 f(zj):   9.9513212047685755e-43 pn(zj):   6.8684004450263014e-01
zj:   3.1177525453182114e-33 f(zj):   5.2026877857278388e-90 pn(zj):   6.8298178016654199e-01
zj:  8.6148009842657134e+183 f(zj):  3.5230863936828752e-109 pn(zj):   6.7914216395337246e-01
zj:  6.0136181703254192e-154 f(zj):   9.7237914343404662e-72 pn(zj):   6.7532112046785020e-01
zj:   4.6599981833354991e-33 f(zj):   4.6645268097610475e-33 pn(zj):   6.7151857456635744e-01
zj:   8.1559483876156042e-43 f(zj):   5.2094069279162763e-90 pn(zj):   6.6773445135624698e-01
zj:  1.2575408123833775e+232 f(zj):  8.2012590046500727e+204 pn(zj):   6.6396867619516065e-01
zj:  6.0513972685449602e-154 f(zj):   2.9092546631306467e-33 pn(zj):   6.6022117469034947e-01
zj:   4.1820490304566008e-62 f(zj):   3.7015500597552614e-33 pn(zj):   6.5649187269799425e-01
zj:   1.8308716973195535e-76 f(zj):  2.6271415264809780e+179 pn(zj):   6.5278069632252911e-01
zj:  1.3973781873628065e-259 f(zj):  1.9701896699140502e-153 pn(zj):   6.4908757191596478e-01
zj:   3.8456860251027045e-86 f(zj):   6.1286255526992928e-62 pn(zj):   6.4541242607721561e-01
zj:   1.9005844394738582e-52 f(zj):   1.4847515669940833e-76 pn(zj):   6.4175518565142542e-01
zj:   5.1562832696358270e-62 f(zj):   1.5858569520713880e-47 pn(zj):   6.3811577772929684e-01
zj:  2.7680679043446673e+280 f(zj):  1.9512347655568931e-153 pn(zj):   6.3449412964642127e-01
zj:   4.2478389617679958e-86 f(zj):   6.7522210376546620e-67 pn(zj):   6.3089016898261052e-01
zj:   1.2444979367755305e-47 f(zj):   0.0000000000000000e+00 pn(zj):   6.2730382356122893e-01
zj:   4.6653771384297786e-62 f(zj):  6.3019555323988520e-319 pn(zj):   6.2373502144852933e-01
zj:  6.1799880958083482e-114 f(zj):   0.0000000000000000e+00 pn(zj):   6.2018369095298764e-01
zj:   3.6154602916643315e-43 f(zj):   0.0000000000000000e+00 pn(zj):   6.1664976062464016e-01
zj:   3.1185107047799671e-33 f(zj):   0.0000000000000000e+00 pn(zj):   6.1313315925442369e-01
zj:   2.1102098889726579e-52 f(zj):   0.0000000000000000e+00 pn(zj):   6.0963381587351395e-01
zj:  8.1642243567575207e+204 f(zj):   0.0000000000000000e+00 pn(zj):   6.0615165975266816e-01
zj:   7.7039744378697219e-43 f(zj):   0.0000000000000000e+00 pn(zj):   6.0268662040156840e-01
zj:   9.9513212047685755e-43 f(zj):   0.0000000000000000e+00 pn(zj):   5.9923862756816482e-01
zj:   5.2026877857278388e-90 f(zj):   0.0000000000000000e+00 pn(zj):   5.9580761123802328e-01
zj:  3.5230863936828752e-109 f(zj):   0.0000000000000000e+00 pn(zj):   5.9239350163367110e-01
zj:   9.7237914343404662e-72 f(zj):   0.0000000000000000e+00 pn(zj):   5.8899622921394679e-01
zj:   4.6645268097610475e-33 f(zj):   0.0000000000000000e+00 pn(zj):   5.8561572467334977e-01
zj:   5.2094069279162763e-90 f(zj):   0.0000000000000000e+00 pn(zj):   5.8225191894139261e-01
zj:  8.2012590046500727e+204 f(zj):   0.0000000000000000e+00 pn(zj):   5.7890474318195273e-01
zj:   2.9092546631306467e-33 f(zj):   0.0000000000000000e+00 pn(zj):   5.7557412879262859e-01
zj:   3.7015500597552614e-33 f(zj):   0.0000000000000000e+00 pn(zj):   5.7226000740409411e-01
zj:  2.6271415264809780e+179 f(zj):   0.0000000000000000e+00 pn(zj):   5.6896231087945659e-01
zj:  1.9701896699140502e-153 f(zj):   0.0000000000000000e+00 pn(zj):   5.6568097131361528e-01
zj:   6.1286255526992928e-62 f(zj):   0.0000000000000000e+00 pn(zj):   5.6241592103262106e-01
zj:   1.4847515669940833e-76 f(zj):   0.0000000000000000e+00 pn(zj):   5.5916709259303887e-01
zj:   1.5858569520713880e-47 f(zj):   0.0000000000000000e+00 pn(zj):   5.5593441878130956e-01
zj:  1.9512347655568931e-153 f(zj):   0.0000000000000000e+00 pn(zj):   5.5271783261311425e-01
zj:   6.7522210376546620e-67 f(zj):   0.0000000000000000e+00 pn(zj):   5.4951726733274109e-01
zj:   0.0000000000000000e+00 f(zj):   0.0000000000000000e+00 pn(zj):   5.4633265641245077e-01
zj:  6.3019555323988520e-319 f(zj):   0.0000000000000000e+00 pn(zj):   5.4316393355184611e-01
zj:   0.0000000000000000e+00 f(zj):   0.0000000000000000e+00 pn(zj):   5.4001103267724138e-01
zj:   0.0000000000000000e+00 f(zj):   0.0000000000000000e+00 pn(zj):   5.3687388794103363e-01
zj:   0.0000000000000000e+00 f(zj):   0.0000000000000000e+00 pn(zj):   5.3375243372107550e-01
zj:   0.0000000000000000e+00 f(zj):   0.0000000000000000e+00 pn(zj):   5.3064660462004842e-01
zj:   0.0000000000000000e+00 f(zj):   0.0000000000000000e+00 pn(zj):   5.2755633546483938e-01
zj:   0.0000000000000000e+00 f(zj):   0.0000000000000000e+00 pn(zj):   5.2448156130591617e-01
zj:   0.0000000000000000e+00 f(zj):   0.0000000000000000e+00 pn(zj):   5.2142221741670647e-01
zj:   0.0000000000000000e+00 f(zj):   0.0000000000000000e+00 pn(zj):   5.1837823929297699e-01
zj:   0.0000000000000000e+00 f(zj):   0.0000000000000000e+00 pn(zj):   5.1534956265221421e-01
zj:   0.0000000000000000e+00 f(zj):   0.0000000000000000e+00 pn(zj):   5.1233612343300727e-01
zj:   0.0000000000000000e+00 f(zj):   0.0000000000000000e+00 pn(zj):   5.0933785779443030e-01
zj:   0.0000000000000000e+00 f(zj):   0.0000000000000000e+00 pn(zj):   5.0635470211542888e-01
zj:   0.0000000000000000e+00 f(zj):   0.0000000000000000e+00 pn(zj):   5.0338659299420496e-01
zj:   0.0000000000000000e+00 f(zj):   0.0000000000000000e+00 pn(zj):   5.0043346724760562e-01
zj:   0.0000000000000000e+00 f(zj):   0.0000000000000000e+00 pn(zj):   4.9749526191051130e-01
zj:   0.0000000000000000e+00 f(zj):   0.0000000000000000e+00 pn(zj):   4.9457191423522673e-01
zj:   0.0000000000000000e+00 f(zj):   0.0000000000000000e+00 pn(zj):   4.9166336169087232e-01
zj:   0.0000000000000000e+00 f(zj):   0.0000000000000000e+00 pn(zj):   4.8876954196277755e-01
zj:   0.0000000000000000e+00 f(zj):   0.0000000000000000e+00 pn(zj):   4.8589039295187508e-01
zj:   0.0000000000000000e+00 f(zj):   0.0000000000000000e+00 pn(zj):   4.8302585277409682e-01
zj:   0.0000000000000000e+00 f(zj):   0.0000000000000000e+00 pn(zj):   4.8017585975977017e-01
zj:   0.0000000000000000e+00 f(zj):   0.0000000000000000e+00 pn(zj):   4.7734035245301831e-01
zj:   0.0000000000000000e+00 f(zj):   0.0000000000000000e+00 pn(zj):   4.7451926961115798e-01
zj:   0.0000000000000000e+00 f(zj):   0.0000000000000000e+00 pn(zj):   4.7171255020410185e-01
zj:   0.0000000000000000e+00 f(zj):   0.0000000000000000e+00 pn(zj):   4.6892013341376027e-01
zj:   0.0000000000000000e+00 f(zj):   0.0000000000000000e+00 pn(zj):   4.6614195863344587e-01
zj:   0.0000000000000000e+00 f(zj):   0.0000000000000000e+00 pn(zj):   4.6337796546727805e-01
zj:   0.0000000000000000e+00 f(zj):   0.0000000000000000e+00 pn(zj):   4.6062809372958913e-01
zj:   0.0000000000000000e+00 f(zj):   0.0000000000000000e+00 pn(zj):   4.5789228344433319e-01
zj:   0.0000000000000000e+00 f(zj):   0.0000000000000000e+00 pn(zj):   4.5517047484449402e-01
zj:   0.0000000000000000e+00 f(zj):   0.0000000000000000e+00 pn(zj):   4.5246260837149643e-01
zj:   0.0000000000000000e+00 f(zj):   0.0000000000000000e+00 pn(zj):   4.4976862467461742e-01
zj:   0.0000000000000000e+00 f(zj):   0.0000000000000000e+00 pn(zj):   4.4708846461039908e-01
zj:   0.0000000000000000e+00 f(zj):   0.0000000000000000e+00 pn(zj):   4.4442206924206373e-01
zj:   0.0000000000000000e+00 f(zj):   0.0000000000000000e+00 pn(zj):   4.4176937983892894e-01
zj:   0.0000000000000000e+00 f(zj):   0.0000000000000000e+00 pn(zj):   4.3913033787582445e-01
zj:   0.0000000000000000e+00 f(zj):   0.0000000000000000e+00 pn(zj):   4.3650488503251073e-01
zj:   0.0000000000000000e+00 f(zj):   0.0000000000000000e+00 pn(zj):   4.3389296319309845e-01
zj:   0.0000000000000000e+00 f(zj):   0.0000000000000000e+00 pn(zj):   4.3129451444546962e-01
zj:   0.0000000000000000e+00 f(zj):   0.0000000000000000e+00 pn(zj):   4.2870948108069951e-01
zj:   0.0000000000000000e+00 f(zj):   0.0000000000000000e+00 pn(zj):   4.2613780559247982e-01
zj:   0.0000000000000000e+00 f(zj):   0.0000000000000000e+00 pn(zj):   4.2357943067654391e-01
zj:   0.0000000000000000e+00 f(zj):   0.0000000000000000e+00 pn(zj):   4.2103429923009306e-01
zj:   0.0000000000000000e+00 f(zj):   0.0000000000000000e+00 pn(zj):   4.1850235435122318e-01
zj:   0.0000000000000000e+00 f(zj):   0.0000000000000000e+00 pn(zj):   4.1598353933835386e-01
zj:   0.0000000000000000e+00 f(zj):   0.0000000000000000e+00 pn(zj):   4.1347779768965831e-01
zj:   0.0000000000000000e+00 f(zj):   0.0000000000000000e+00 pn(zj):   4.1098507310249432e-01
zj:   0.0000000000000000e+00 f(zj):   0.0000000000000000e+00 pn(zj):   4.0850530947283714e-01
zj:   0.0000000000000000e+00 f(zj):   0.0000000000000000e+00 pn(zj):   4.0603845089471269e-01
zj:   0.0000000000000000e+00 f(zj):   0.0000000000000000e+00 pn(zj):   4.0358444165963347e-01
zj:   0.0000000000000000e+00 f(zj):   0.0000000000000000e+00 pn(zj):   4.0114322625603405e-01
zj:   0.0000000000000000e+00 f(zj):   0.0000000000000000e+00 pn(zj):   3.9871474936870877e-01
zj:   0.0000000000000000e+00 f(zj):   0.0000000000000000e+00 pn(zj):   3.9629895587825126e-01
zj:   0.0000000000000000e+00 f(zj):   0.0000000000000000e+00 pn(zj):   3.9389579086049387e-01
zj:   0.0000000000000000e+00 f(zj):   0.0000000000000000e+00 pn(zj):   3.9150519958594954e-01
zj:   0.0000000000000000e+00 f(zj):   0.0000000000000000e+00 pn(zj):   3.8912712751925416e-01
zj:   0.0000000000000000e+00 f(zj):   0.0000000000000000e+00 pn(zj):   3.8676152031861055e-01
zj:   0.0000000000000000e+00 f(zj):   0.0000000000000000e+00 pn(zj):   3.8440832383523371e-01
zj:   0.0000000000000000e+00 f(zj):   0.0000000000000000e+00 pn(zj):   3.8206748411279767e-01
zj:   0.0000000000000000e+00 f(zj):   0.0000000000000000e+00 pn(zj):   3.7973894738688208e-01
zj:   0.0000000000000000e+00 f(zj):   0.0000000000000000e+00 pn(zj):   3.7742266008442238e-01
zj:   0.0000000000000000e+00 f(zj):   0.0000000000000000e+00 pn(zj):   3.7511856882315942e-01
zj:   0.0000000000000000e+00 f(zj):   0.0000000000000000e+00 pn(zj):   3.7282662041109094e-01
zj:   0.0000000000000000e+00 f(zj):   0.0000000000000000e+00 pn(zj):   3.7054676184592417e-01
zj:   0.0000000000000000e+00 f(zj):   0.0000000000000000e+00 pn(zj):   3.6827894031453001e-01
zj:   0.0000000000000000e+00 f(zj):   0.0000000000000000e+00 pn(zj):   3.6602310319239850e-01
zj:   0.0000000000000000e+00 f(zj):   0.0000000000000000e+00 pn(zj):   3.6377919804309444e-01
zj:   0.0000000000000000e+00 f(zj):   0.0000000000000000e+00 pn(zj):   3.6154717261771541e-01
zj:   0.0000000000000000e+00 f(zj):   0.0000000000000000e+00 pn(zj):   3.5932697485435106e-01
zj:   0.0000000000000000e+00 f(zj):   0.0000000000000000e+00 pn(zj):   3.5711855287754268e-01
zj:   0.0000000000000000e+00 f(zj):   0.0000000000000000e+00 pn(zj):   3.5492185499774531e-01
zj:   0.0000000000000000e+00 f(zj):   0.0000000000000000e+00 pn(zj):   3.5273682971078912e-01
zj:   0.0000000000000000e+00 f(zj):   0.0000000000000000e+00 pn(zj):   3.5056342569734444e-01
zj:   0.0000000000000000e+00 f(zj):   0.0000000000000000e+00 pn(zj):   3.4840159182238606e-01
zj:   0.0000000000000000e+00 f(zj):   0.0000000000000000e+00 pn(zj):   3.4625127713466008e-01
zj:   0.0000000000000000e+00 f(zj):   0.0000000000000000e+00 pn(zj):   3.4411243086615084e-01
zj:   0.0000000000000000e+00 f(zj):   0.0000000000000000e+00 pn(zj):   3.4198500243154972e-01
zj:   0.0000000000000000e+00 f(zj):   0.0000000000000000e+00 pn(zj):   3.3986894142772572e-01
zj:   0.0000000000000000e+00 f(zj):   0.0000000000000000e+00 pn(zj):   3.3776419763319532e-01
zj:   0.0000000000000000e+00 f(zj):   0.0000000000000000e+00 pn(zj):   3.3567072100759654e-01
zj:   0.0000000000000000e+00 f(zj):   0.0000000000000000e+00 pn(zj):   3.3358846169116041e-01
zj:   0.0000000000000000e+00 f(zj):   0.0000000000000000e+00 pn(zj):   3.3151737000418813e-01
zj:   0.0000000000000000e+00 f(zj):   0.0000000000000000e+00 pn(zj):   3.2945739644652505e-01
zj:   0.0000000000000000e+00 f(zj):   0.0000000000000000e+00 pn(zj):   3.2740849169703867e-01
zj:   0.0000000000000000e+00 f(zj):   0.0000000000000000e+00 pn(zj):   3.2537060661309702e-01
zj:   0.0000000000000000e+00 f(zj):   0.0000000000000000e+00 pn(zj):   3.2334369223004844e-01
zj:   0.0000000000000000e+00 f(zj):   0.0000000000000000e+00 pn(zj):   3.2132769976070163e-01
zj:   0.0000000000000000e+00 f(zj):   0.0000000000000000e+00 pn(zj):   3.1932258059480856e-01
zj:   0.0000000000000000e+00 f(zj):   0.0000000000000000e+00 pn(zj):   3.1732828629854648e-01
zj:   0.0000000000000000e+00 f(zj):   0.0000000000000000e+00 pn(zj):   3.1534476861400373e-01
zj:   0.0000000000000000e+00 f(zj):   0.0000000000000000e+00 pn(zj):   3.1337197945866424e-01
zj:   0.0000000000000000e+00 f(zj):   0.0000000000000000e+00 pn(zj):   3.1140987092489425e-01
zj:   0.0000000000000000e+00 f(zj):   0.0000000000000000e+00 pn(zj):   3.0945839527943098e-01
zj:   0.0000000000000000e+00 f(zj):   0.0000000000000000e+00 pn(zj):   3.0751750496287067e-01
zj:   0.0000000000000000e+00 f(zj):   0.0000000000000000e+00 pn(zj):   3.0558715258916025e-01
zj:   0.0000000000000000e+00 f(zj):   0.0000000000000000e+00 pn(zj):   3.0366729094508738e-01
zj:   0.0000000000000000e+00 f(zj):   0.0000000000000000e+00 pn(zj):   3.0175787298977408e-01
zj:   0.0000000000000000e+00 f(zj):   0.0000000000000000e+00 pn(zj):   2.9985885185416972e-01
zj:   0.0000000000000000e+00 f(zj):   0.0000000000000000e+00 pn(zj):   2.9797018084054705e-01
zj:   0.0000000000000000e+00 f(zj):   0.0000000000000000e+00 pn(zj):   2.9609181342199731e-01
zj:   0.0000000000000000e+00 f(zj):   0.0000000000000000e+00 pn(zj):   2.9422370324192826e-01
zj:   0.0000000000000000e+00 f(zj):   0.0000000000000000e+00 pn(zj):   2.9236580411356228e-01
zj:   0.0000000000000000e+00 f(zj):   0.0000000000000000e+00 pn(zj):   2.9051807001943619e-01
zj:   0.0000000000000000e+00 f(zj):   0.0000000000000000e+00 pn(zj):   2.8868045511090235e-01
zj:   0.0000000000000000e+00 f(zj):   0.0000000000000000e+00 pn(zj):   2.8685291370762955e-01
zj:   0.0000000000000000e+00 f(zj):   0.0000000000000000e+00 pn(zj):   2.8503540029710761e-01
zj:   0.0000000000000000e+00 f(zj):   0.0000000000000000e+00 pn(zj):   2.8322786953415113e-01
zj:   0.0000000000000000e+00 f(zj):   0.0000000000000000e+00 pn(zj):   2.8143027624040373e-01
zj:   0.0000000000000000e+00 f(zj):   0.0000000000000000e+00 pn(zj):   2.7964257540384674e-01
zj:   0.0000000000000000e+00 f(zj):   0.0000000000000000e+00 pn(zj):   2.7786472217830549e-01
zj:   0.0000000000000000e+00 f(zj):   0.0000000000000000e+00 pn(zj):   2.7609667188295839e-01
zj:   0.0000000000000000e+00 f(zj):   0.0000000000000000e+00 pn(zj):   2.7433838000184763e-01
zj:   0.0000000000000000e+00 f(zj):   0.0000000000000000e+00 pn(zj):   2.7258980218338968e-01
zj:   0.0000000000000000e+00 f(zj):   0.0000000000000000e+00 pn(zj):   2.7085089423988773e-01
zj:   0.0000000000000000e+00 f(zj):   0.0000000000000000e+00 pn(zj):   2.6912161214704566e-01
zj:   0.0000000000000000e+00 f(zj):   0.0000000000000000e+00 pn(zj):   2.6740191204348163e-01
zj:   0.0000000000000000e+00 f(zj):   0.0000000000000000e+00 pn(zj):   2.6569175023024494e-01
zj:   0.0000000000000000e+00 f(zj):   0.0000000000000000e+00 pn(zj):   2.6399108317033226e-01
zj:   0.0000000000000000e+00 f(zj):   0.0000000000000000e+00 pn(zj):   2.6229986748820577e-01
zj:   0.0000000000000000e+00 f(zj):   0.0000000000000000e+00 pn(zj):   2.6061805996931220e-01
zj:   0.0000000000000000e+00 f(zj):   0.0000000000000000e+00 pn(zj):   2.5894561755960310e-01
zj:   0.0000000000000000e+00 f(zj):   0.0000000000000000e+00 pn(zj):   2.5728249736505671e-01
zj:   0.0000000000000000e+00 f(zj):   0.0000000000000000e+00 pn(zj):   2.5562865665119949e-01
zj:   0.0000000000000000e+00 f(zj):   0.0000000000000000e+00 pn(zj):   2.5398405284263081e-01
zj:   0.0000000000000000e+00 f(zj):   0.0000000000000000e+00 pn(zj):   2.5234864352254660e-01
zj:   0.0000000000000000e+00 f(zj):   0.0000000000000000e+00 pn(zj):   2.5072238643226663e-01
zj:   0.0000000000000000e+00 f(zj):   0.0000000000000000e+00 pn(zj):   2.4910523947075980e-01
zj:   0.0000000000000000e+00 f(zj):   0.0000000000000000e+00 pn(zj):   2.4749716069417393e-01
zj:   0.0000000000000000e+00 f(zj):   0.0000000000000000e+00 pn(zj):   2.4589810831536341e-01
zj:   0.0000000000000000e+00 f(zj):   0.0000000000000000e+00 pn(zj):   2.4430804070342060e-01
zj:   0.0000000000000000e+00 f(zj):   0.0000000000000000e+00 pn(zj):   2.4272691638320709e-01
zj:   0.0000000000000000e+00 f(zj):   0.0000000000000000e+00 pn(zj):   2.4115469403488565e-01
zj:   0.0000000000000000e+00 f(zj):   0.0000000000000000e+00 pn(zj):   2.3959133249345432e-01
zj:   0.0000000000000000e+00 f(zj):   0.0000000000000000e+00 pn(zj):   2.3803679074828143e-01
zj:   0.0000000000000000e+00 f(zj):   0.0000000000000000e+00 pn(zj):   2.3649102794264032e-01
zj:   0.0000000000000000e+00 f(zj):   0.0000000000000000e+00 pn(zj):   2.3495400337324823e-01
zj:   0.0000000000000000e+00 f(zj):   0.0000000000000000e+00 pn(zj):   2.3342567648980161e-01
zj:   0.0000000000000000e+00 f(zj):   0.0000000000000000e+00 pn(zj):   2.3190600689451779e-01
zj:   0.0000000000000000e+00 f(zj):   0.0000000000000000e+00 pn(zj):   2.3039495434167423e-01
zj:   0.0000000000000000e+00 f(zj):   0.0000000000000000e+00 pn(zj):   2.2889247873714891e-01
zj:   0.0000000000000000e+00 f(zj):   0.0000000000000000e+00 pn(zj):   2.2739854013796434e-01
zj:   0.0000000000000000e+00 f(zj):   0.0000000000000000e+00 pn(zj):   2.2591309875182974e-01
zj:   0.0000000000000000e+00 f(zj):   0.0000000000000000e+00 pn(zj):   2.2443611493668636e-01
zj:   0.0000000000000000e+00 f(zj):   0.0000000000000000e+00 pn(zj):   2.2296754920025252e-01
zj:   0.0000000000000000e+00 f(zj):   0.0000000000000000e+00 pn(zj):   2.2150736219957123e-01
zj:   0.0000000000000000e+00 f(zj):   0.0000000000000000e+00 pn(zj):   2.2005551474055696e-01
zj:   0.0000000000000000e+00 f(zj):   0.0000000000000000e+00 pn(zj):   2.1861196777754532e-01
zj:   0.0000000000000000e+00 f(zj):   0.0000000000000000e+00 pn(zj):   2.1717668241284194e-01
zj:   0.0000000000000000e+00 f(zj):   0.0000000000000000e+00 pn(zj):   2.1574961989627528e-01
zj:   0.0000000000000000e+00 f(zj):   0.0000000000000000e+00 pn(zj):   2.1433074162474697e-01
zj:   0.0000000000000000e+00 f(zj):   0.0000000000000000e+00 pn(zj):   2.1292000914178566e-01
zj:   0.0000000000000000e+00 f(zj):   0.0000000000000000e+00 pn(zj):   2.1151738413710142e-01
zj:   0.0000000000000000e+00 f(zj):   0.0000000000000000e+00 pn(zj):   2.1012282844614083e-01
zj:   0.0000000000000000e+00 f(zj):   0.0000000000000000e+00 pn(zj):   2.0873630404964327e-01
zj:   0.0000000000000000e+00 f(zj):   0.0000000000000000e+00 pn(zj):   2.0735777307319847e-01
zj:   0.0000000000000000e+00 f(zj):   0.0000000000000000e+00 pn(zj):   2.0598719778680452e-01
zj:   0.0000000000000000e+00 f(zj):   0.0000000000000000e+00 pn(zj):   2.0462454060442892e-01
zj:   0.0000000000000000e+00 f(zj):   0.0000000000000000e+00 pn(zj):   2.0326976408356667e-01
zj:   0.0000000000000000e+00 f(zj):   0.0000000000000000e+00 pn(zj):   2.0192283092480401e-01
zj:   0.0000000000000000e+00 f(zj):   0.0000000000000000e+00 pn(zj):   2.0058370397138026e-01
zj:   0.0000000000000000e+00 f(zj):   0.0000000000000000e+00 pn(zj):   1.9925234620875165e-01
zj:   0.0000000000000000e+00 f(zj):   0.0000000000000000e+00 pn(zj):   1.9792872076415613e-01
zj:   0.0000000000000000e+00 f(zj):   0.0000000000000000e+00 pn(zj):   1.9661279090617878e-01
zj:   0.0000000000000000e+00 f(zj):   0.0000000000000000e+00 pn(zj):   1.9530452004431975e-01
zj:   0.0000000000000000e+00 f(zj):   0.0000000000000000e+00 pn(zj):   1.9400387172856115e-01
zj:   0.0000000000000000e+00 f(zj):   0.0000000000000000e+00 pn(zj):   1.9271080964893617e-01
zj:   0.0000000000000000e+00 f(zj):   0.0000000000000000e+00 pn(zj):   1.9142529763509974e-01
zj:   0.0000000000000000e+00 f(zj):   0.0000000000000000e+00 pn(zj):   1.9014729965589849e-01
zj:   0.0000000000000000e+00 f(zj):   0.0000000000000000e+00 pn(zj):   1.8887677981894369e-01
zj:   0.0000000000000000e+00 f(zj):   0.0000000000000000e+00 pn(zj):   1.8761370237018404e-01
zj:   0.0000000000000000e+00 f(zj):   0.0000000000000000e+00 pn(zj):   1.8635803169347964e-01
zj:   0.0000000000000000e+00 f(zj):   0.0000000000000000e+00 pn(zj):   1.8510973231017747e-01
zj:   0.0000000000000000e+00 f(zj):   0.0000000000000000e+00 pn(zj):   1.8386876887868719e-01
zj:   0.0000000000000000e+00 f(zj):   0.0000000000000000e+00 pn(zj):   1.8263510619405854e-01
zj:   0.0000000000000000e+00 f(zj):   0.0000000000000000e+00 pn(zj):   1.8140870918755947e-01
zj:   0.0000000000000000e+00 f(zj):   0.0000000000000000e+00 pn(zj):   1.8018954292625555e-01
zj:   0.0000000000000000e+00 f(zj):   0.0000000000000000e+00 pn(zj):   1.7897757261259040e-01
zj:   0.0000000000000000e+00 f(zj):   0.0000000000000000e+00 pn(zj):   1.7777276358396599e-01
zj:   0.0000000000000000e+00 f(zj):   0.0000000000000000e+00 pn(zj):   1.7657508131232647e-01
zj:   0.0000000000000000e+00 f(zj):   0.0000000000000000e+00 pn(zj):   1.7538449140373968e-01
zj:   0.0000000000000000e+00 f(zj):   0.0000000000000000e+00 pn(zj):   1.7420095959798354e-01
zj:   0.0000000000000000e+00 f(zj):   0.0000000000000000e+00 pn(zj):   1.7302445176812931e-01
zj:   0.0000000000000000e+00 f(zj):   0.0000000000000000e+00 pn(zj):   1.7185493392012929e-01
zj:   0.0000000000000000e+00 f(zj):   0.0000000000000000e+00 pn(zj):   1.7069237219240363e-01
zj:   0.0000000000000000e+00 f(zj):   0.0000000000000000e+00 pn(zj):   1.6953673285542914e-01
zj:   0.0000000000000000e+00 f(zj):   0.0000000000000000e+00 pn(zj):   1.6838798231132779e-01
zj:   0.0000000000000000e+00 f(zj):   0.0000000000000000e+00 pn(zj):   1.6724608709345756e-01
zj:   0.0000000000000000e+00 f(zj):   0.0000000000000000e+00 pn(zj):   1.6611101386600435e-01
zj:   0.0000000000000000e+00 f(zj):   0.0000000000000000e+00 pn(zj):   1.6498272942357306e-01
zj:   0.0000000000000000e+00 f(zj):   0.0000000000000000e+00 pn(zj):   1.6386120069078181e-01
zj:   0.0000000000000000e+00 f(zj):   0.0000000000000000e+00 pn(zj):   1.6274639472185626e-01
zj:   0.0000000000000000e+00 f(zj):   0.0000000000000000e+00 pn(zj):   1.6163827870022451e-01
zj:   0.0000000000000000e+00 f(zj):   0.0000000000000000e+00 pn(zj):   1.6053681993811386e-01
zj:   0.0000000000000000e+00 f(zj):   0.0000000000000000e+00 pn(zj):   1.5944198587614733e-01
zj:   0.0000000000000000e+00 f(zj):   0.0000000000000000e+00 pn(zj):   1.5835374408294312e-01
zj:   0.0000000000000000e+00 f(zj):   0.0000000000000000e+00 pn(zj):   1.5727206225471257e-01
zj:   0.0000000000000000e+00 f(zj):   0.0000000000000000e+00 pn(zj):   1.5619690821486210e-01
zj:   0.0000000000000000e+00 f(zj):   0.0000000000000000e+00 pn(zj):   1.5512824991359198e-01
zj:   0.0000000000000000e+00 f(zj):   0.0000000000000000e+00 pn(zj):   1.5406605542750107e-01
zj:   0.0000000000000000e+00 f(zj):   0.0000000000000000e+00 pn(zj):   1.5301029295918844e-01
zj:   0.0000000000000000e+00 f(zj):   0.0000000000000000e+00 pn(zj):   1.5196093083685791e-01
zj:   0.0000000000000000e+00 f(zj):   0.0000000000000000e+00 pn(zj):   1.5091793751392335e-01
zj:   0.0000000000000000e+00 f(zj):   0.0000000000000000e+00 pn(zj):   1.4988128156861469e-01
zj:   0.0000000000000000e+00 f(zj):   0.0000000000000000e+00 pn(zj):   1.4885093170358465e-01
zj:   0.0000000000000000e+00 f(zj):   0.0000000000000000e+00 pn(zj):   1.4782685674551754e-01
zj:   0.0000000000000000e+00 f(zj):   0.0000000000000000e+00 pn(zj):   1.4680902564473741e-01
zj:   0.0000000000000000e+00 f(zj):   0.0000000000000000e+00 pn(zj):   1.4579740747481851e-01
zj:   0.0000000000000000e+00 f(zj):   0.0000000000000000e+00 pn(zj):   1.4479197143219624e-01
zj:   0.0000000000000000e+00 f(zj):   0.0000000000000000e+00 pn(zj):   1.4379268683577862e-01
zj:   0.0000000000000000e+00 f(zj):   0.0000000000000000e+00 pn(zj):   1.4279952312655941e-01
zj:   0.0000000000000000e+00 f(zj):   0.0000000000000000e+00 pn(zj):   1.4181244986723229e-01
zj:   0.0000000000000000e+00 f(zj):   0.0000000000000000e+00 pn(zj):   1.4083143674180476e-01
zj:   0.0000000000000000e+00 f(zj):   0.0000000000000000e+00 pn(zj):   1.3985645355521470e-01
zj:   0.0000000000000000e+00 f(zj):   0.0000000000000000e+00 pn(zj):   1.3888747023294645e-01
zj:   0.0000000000000000e+00 f(zj):   0.0000000000000000e+00 pn(zj):   1.3792445682064836e-01
zj:   0.0000000000000000e+00 f(zj):   0.0000000000000000e+00 pn(zj):   1.3696738348375193e-01
zj:   0.0000000000000000e+00 f(zj):   0.0000000000000000e+00 pn(zj):   1.3601622050709095e-01
zj:   0.0000000000000000e+00 f(zj):   0.0000000000000000e+00 pn(zj):   1.3507093829452177e-01
zj:   0.0000000000000000e+00 f(zj):   0.0000000000000000e+00 pn(zj):   1.3413150736854507e-01
zj:   0.0000000000000000e+00 f(zj):   0.0000000000000000e+00 pn(zj):   1.3319789836992779e-01
zj:   0.0000000000000000e+00 f(zj):   0.0000000000000000e+00 pn(zj):   1.3227008205732693e-01
zj:   0.0000000000000000e+00 f(zj):   0.0000000000000000e+00 pn(zj):   1.3134802930691314e-01
zj:   0.0000000000000000e+00 f(zj):   0.0000000000000000e+00 pn(zj):   1.3043171111199625e-01
zj:   0.0000000000000000e+00 f(zj):   0.0000000000000000e+00 pn(zj):   1.2952109858265104e-01
zj:   0.0000000000000000e+00 f(zj):   0.0000000000000000e+00 pn(zj):   1.2861616294534484e-01
zj:   0.0000000000000000e+00 f(zj):   0.0000000000000000e+00 pn(zj):   1.2771687554256483e-01
zj:   0.0000000000000000e+00 f(zj):   0.0000000000000000e+00 pn(zj):   1.2682320783244694e-01
zj:   0.0000000000000000e+00 f(zj):   0.0000000000000000e+00 pn(zj):   1.2593513138840617e-01
zj:   0.0000000000000000e+00 f(zj):   0.0000000000000000e+00 pn(zj):   1.2505261789876676e-01
zj:   0.0000000000000000e+00 f(zj):   0.0000000000000000e+00 pn(zj):   1.2417563916639396e-01
zj:   0.0000000000000000e+00 f(zj):   0.0000000000000000e+00 pn(zj):   1.2330416710832692e-01
zj:   0.0000000000000000e+00 f(zj):   0.0000000000000000e+00 pn(zj):   1.2243817375541166e-01
zj:   0.0000000000000000e+00 f(zj):   0.0000000000000000e+00 pn(zj):   1.2157763125193588e-01
zj:   0.0000000000000000e+00 f(zj):   0.0000000000000000e+00 pn(zj):   1.2072251185526373e-01
zj:   0.0000000000000000e+00 f(zj):   0.0000000000000000e+00 pn(zj):   1.1987278793547296e-01
zj:   0.0000000000000000e+00 f(zj):   0.0000000000000000e+00 pn(zj):   1.1902843197499091e-01
zj:   0.0000000000000000e+00 f(zj):   0.0000000000000000e+00 pn(zj):   1.1818941656823345e-01
zj:   0.0000000000000000e+00 f(zj):   0.0000000000000000e+00 pn(zj):   1.1735571442124360e-01
zj:   0.0000000000000000e+00 f(zj):   0.0000000000000000e+00 pn(zj):   1.1652729835133135e-01
zj:   0.0000000000000000e+00 f(zj):   0.0000000000000000e+00 pn(zj):   1.1570414128671436e-01
zj:   0.0000000000000000e+00 f(zj):   0.0000000000000000e+00 pn(zj):   1.1488621626616036e-01
zj:   0.0000000000000000e+00 f(zj):   0.0000000000000000e+00 pn(zj):   1.1407349643862807e-01
zj:   0.0000000000000000e+00 f(zj):   0.0000000000000000e+00 pn(zj):   1.1326595506291259e-01
zj:   0.0000000000000000e+00 f(zj):   0.0000000000000000e+00 pn(zj):   1.1246356550728864e-01
zj:   0.0000000000000000e+00 f(zj):   0.0000000000000000e+00 pn(zj):   1.1166630124915622e-01
zj:   0.0000000000000000e+00 f(zj):   0.0000000000000000e+00 pn(zj):   1.1087413587468620e-01
zj:   0.0000000000000000e+00 f(zj):   0.0000000000000000e+00 pn(zj):   1.1008704307846851e-01
zj:   0.0000000000000000e+00 f(zj):   0.0000000000000000e+00 pn(zj):   1.0930499666315896e-01
zj:   0.0000000000000000e+00 f(zj):   0.0000000000000000e+00 pn(zj):   1.0852797053912877e-01
zj:   0.0000000000000000e+00 f(zj):   0.0000000000000000e+00 pn(zj):   1.0775593872411371e-01
zj:   0.0000000000000000e+00 f(zj):   0.0000000000000000e+00 pn(zj):   1.0698887534286561e-01
zj:   0.0000000000000000e+00 f(zj):   0.0000000000000000e+00 pn(zj):   1.0622675462680298e-01
zj:   0.0000000000000000e+00 f(zj):   0.0000000000000000e+00 pn(zj):   1.0546955091366361e-01
zj:   0.0000000000000000e+00 f(zj):   0.0000000000000000e+00 pn(zj):   1.0471723864715832e-01
zj:   0.0000000000000000e+00 f(zj):   0.0000000000000000e+00 pn(zj):   1.0396979237662451e-01
zj:   0.0000000000000000e+00 f(zj):   0.0000000000000000e+00 pn(zj):   1.0322718675668174e-01
zj:   0.0000000000000000e+00 f(zj):   0.0000000000000000e+00 pn(zj):   1.0248939654688682e-01
zj:   0.0000000000000000e+00 f(zj):   0.0000000000000000e+00 pn(zj):   1.0175639661139158e-01
zj:   0.0000000000000000e+00 f(zj):   0.0000000000000000e+00 pn(zj):   1.0102816191859953e-01
zj:   0.0000000000000000e+00 f(zj):   0.0000000000000000e+00 pn(zj):   1.0030466754082545e-01
zj:   0.0000000000000000e+00 f(zj):   0.0000000000000000e+00 pn(zj):   9.9585888653953791e-02
zj:   0.0000000000000000e+00 f(zj):   0.0000000000000000e+00 pn(zj):   9.8871800537099541e-02
zj:   0.0000000000000000e+00 f(zj):   0.0000000000000000e+00 pn(zj):   9.8162378572268838e-02
zj:   0.0000000000000000e+00 f(zj):   0.0000000000000000e+00 pn(zj):   9.7457598244021670e-02
zj:   0.0000000000000000e+00 f(zj):   0.0000000000000000e+00 pn(zj):   9.6757435139134484e-02
zj:   0.0000000000000000e+00 f(zj):   0.0000000000000000e+00 pn(zj):   9.6061864946263231e-02
zj:   0.0000000000000000e+00 f(zj):   0.0000000000000000e+00 pn(zj):   9.5370863455608745e-02
zj:   0.0000000000000000e+00 f(zj):   0.0000000000000000e+00 pn(zj):   9.4684406558582013e-02
zj:   0.0000000000000000e+00 f(zj):   0.0000000000000000e+00 pn(zj):   9.4002470247470216e-02
zj:   0.0000000000000000e+00 f(zj):   0.0000000000000000e+00 pn(zj):   9.3325030615103999e-02
zj:   0.0000000000000000e+00 f(zj):   0.0000000000000000e+00 pn(zj):   9.2652063854525513e-02
zj:   0.0000000000000000e+00 f(zj):   0.0000000000000000e+00 pn(zj):   9.1983546258657456e-02
zj:   0.0000000000000000e+00 f(zj):   0.0000000000000000e+00 pn(zj):   9.1319454219972229e-02
zj:   0.0000000000000000e+00 f(zj):   0.0000000000000000e+00 pn(zj):   9.0659764230162754e-02
zj:   0.0000000000000000e+00 f(zj):   0.0000000000000000e+00 pn(zj):   9.0004452879814512e-02
zj:   0.0000000000000000e+00 f(zj):   0.0000000000000000e+00 pn(zj):   8.9353496858076809e-02
zj:   0.0000000000000000e+00 f(zj):   0.0000000000000000e+00 pn(zj):   8.8706872952335813e-02
zj:   0.0000000000000000e+00 f(zj):   0.0000000000000000e+00 pn(zj):   8.8064558047889818e-02
zj:   0.0000000000000000e+00 f(zj):   0.0000000000000000e+00 pn(zj):   8.7426529127622610e-02
zj:   0.0000000000000000e+00 f(zj):   0.0000000000000000e+00 pn(zj):   8.6792763271679396e-02
zj:   0.0000000000000000e+00 f(zj):   0.0000000000000000e+00 pn(zj):   8.6163237657144065e-02
zj:   0.0000000000000000e+00 f(zj):   0.0000000000000000e+00 pn(zj):   8.5537929557714998e-02
zj:   0.0000000000000000e+00 f(zj):   0.0000000000000000e+00 pn(zj):   8.4916816343384882e-02
zj:   0.0000000000000000e+00 f(zj):   0.0000000000000000e+00 pn(zj):   8.4299875480117858e-02
zj:   0.0000000000000000e+00 f(zj):   0.0000000000000000e+00 pn(zj):   8.3687084529531219e-02
zj:   0.0000000000000000e+00 f(zj):   0.0000000000000000e+00 pn(zj):   8.3078421148574000e-02
zj:   0.0000000000000000e+00 f(zj):   0.0000000000000000e+00 pn(zj):   8.2473863089210231e-02
zj:   0.0000000000000000e+00 f(zj):   0.0000000000000000e+00 pn(zj):   8.1873388198099750e-02
zj:   0.0000000000000000e+00 f(zj):   0.0000000000000000e+00 pn(zj):   8.1276974416282566e-02
zj:   0.0000000000000000e+00 f(zj):   0.0000000000000000e+00 pn(zj):   8.0684599778861221e-02
zj:   0.0000000000000000e+00 f(zj):   0.0000000000000000e+00 pn(zj):   8.0096242414687602e-02
zj:   0.0000000000000000e+00 f(zj):   0.0000000000000000e+00 pn(zj):   7.9511880546045965e-02
zj:   0.0000000000000000e+00 f(zj):   0.0000000000000000e+00 pn(zj):   7.8931492488341637e-02
zj:   0.0000000000000000e+00 f(zj):   0.0000000000000000e+00 pn(zj):   7.8355056649786592e-02
zj:   0.0000000000000000e+00 f(zj):   0.0000000000000000e+00 pn(zj):   7.7782551531087929e-02
zj:   0.0000000000000000e+00 f(zj):   0.0000000000000000e+00 pn(zj):   7.7213955725137229e-02
zj:   0.0000000000000000e+00 f(zj):   0.0000000000000000e+00 pn(zj):   7.6649247916699581e-02
zj:   0.0000000000000000e+00 f(zj):   0.0000000000000000e+00 pn(zj):   7.6088406882103832e-02
zj:   0.0000000000000000e+00 f(zj):   0.0000000000000000e+00 pn(zj):   7.5531411488933942e-02
zj:   0.0000000000000000e+00 f(zj):   0.0000000000000000e+00 pn(zj):   7.4978240695721787e-02
zj:   0.0000000000000000e+00 f(zj):   0.0000000000000000e+00 pn(zj):   7.4428873551639185e-02
zj:   0.0000000000000000e+00 f(zj):   0.0000000000000000e+00 pn(zj):   7.3883289196191471e-02
zj:   0.0000000000000000e+00 f(zj):   0.0000000000000000e+00 pn(zj):   7.3341466858912407e-02
zj:   0.0000000000000000e+00 f(zj):   0.0000000000000000e+00 pn(zj):   7.2803385859059211e-02
zj:   0.0000000000000000e+00 f(zj):   0.0000000000000000e+00 pn(zj):   7.2269025605308901e-02
zj:   0.0000000000000000e+00 f(zj):   0.0000000000000000e+00 pn(zj):   7.1738365595454323e-02
zj:   0.0000000000000000e+00 f(zj):   0.0000000000000000e+00 pn(zj):   7.1211385416102724e-02
zj:   0.0000000000000000e+00 f(zj):   0.0000000000000000e+00 pn(zj):   7.0688064742373991e-02
zj:   0.0000000000000000e+00 f(zj):   0.0000000000000000e+00 pn(zj):   7.0168383337599116e-02
zj:   0.0000000000000000e+00 f(zj):   0.0000000000000000e+00 pn(zj):   6.9652321053021105e-02
zj:   0.0000000000000000e+00 f(zj):   0.0000000000000000e+00 pn(zj):   6.9139857827495432e-02
zj:   0.0000000000000000e+00 f(zj):   0.0000000000000000e+00 pn(zj):   6.8630973687191954e-02
zj:   0.0000000000000000e+00 f(zj):   0.0000000000000000e+00 pn(zj):   6.8125648745296363e-02
zj:   0.0000000000000000e+00 f(zj):   0.0000000000000000e+00 pn(zj):   6.7623863201714540e-02
zj:   0.0000000000000000e+00 f(zj):   0.0000000000000000e+00 pn(zj):   6.7125597342775345e-02
zj:   0.0000000000000000e+00 f(zj):   0.0000000000000000e+00 pn(zj):   6.6630831540936519e-02
zj:   0.0000000000000000e+00 f(zj):   0.0000000000000000e+00 pn(zj):   6.6139546254489368e-02
zj:   0.0000000000000000e+00 f(zj):   0.0000000000000000e+00 pn(zj):   6.5651722027265325e-02
zj:   0.0000000000000000e+00 f(zj):   0.0000000000000000e+00 pn(zj):   6.5167339488342635e-02
zj:   0.0000000000000000e+00 f(zj):   0.0000000000000000e+00 pn(zj):   6.4686379351755141e-02
zj:   0.0000000000000000e+00 f(zj):   0.0000000000000000e+00 pn(zj):   6.4208822416199740e-02
zj:   0.0000000000000000e+00 f(zj):   0.0000000000000000e+00 pn(zj):   6.3734649564746504e-02
zj:   0.0000000000000000e+00 f(zj):   0.0000000000000000e+00 pn(zj):   6.3263841764548689e-02
zj:   0.0000000000000000e+00 f(zj):   0.0000000000000000e+00 pn(zj):   6.2796380066553303e-02
zj:   0.0000000000000000e+00 f(zj):   0.0000000000000000e+00 pn(zj):   6.2332245605213554e-02
zj:   0.0000000000000000e+00 f(zj):   0.0000000000000000e+00 pn(zj):   6.1871419598200639e-02
zj:   0.0000000000000000e+00 f(zj):   0.0000000000000000e+00 pn(zj):   6.1413883346116971e-02
zj:   0.0000000000000000e+00 f(zj):   0.0000000000000000e+00 pn(zj):   6.0959618232210633e-02
zj:   0.0000000000000000e+00 f(zj):   0.0000000000000000e+00 pn(zj):   6.0508605722089603e-02
zj:   0.0000000000000000e+00 f(zj):   0.0000000000000000e+00 pn(zj):   6.0060827363437541e-02
zj:   0.0000000000000000e+00 f(zj):   0.0000000000000000e+00 pn(zj):   5.9616264785730233e-02
zj:   0.0000000000000000e+00 f(zj):   0.0000000000000000e+00 pn(zj):   5.9174899699952044e-02
zj:   0.0000000000000000e+00 f(zj):   0.0000000000000000e+00 pn(zj):   5.8736713898314363e-02
zj:   0.0000000000000000e+00 f(zj):   0.0000000000000000e+00 pn(zj):   5.8301689253973499e-02
zj:   0.0000000000000000e+00 f(zj):   0.0000000000000000e+00 pn(zj):   5.7869807720750677e-02
zj:   0.0000000000000000e+00 f(zj):   0.0000000000000000e+00 pn(zj):   5.7441051332851045e-02
zj:   0.0000000000000000e+00 f(zj):   0.0000000000000000e+00 pn(zj):   5.7015402204585675e-02
zj:   0.0000000000000000e+00 f(zj):   0.0000000000000000e+00 pn(zj):   5.6592842530091780e-02
zj:   0.0000000000000000e+00 f(zj):   0.0000000000000000e+00 pn(zj):   5.6173354583056612e-02
zj:   0.0000000000000000e+00 f(zj):   0.0000000000000000e+00 pn(zj):   5.5756920716438674e-02
zj:   0.0000000000000000e+00 f(zj):   0.0000000000000000e+00 pn(zj):   5.5343523362192948e-02
zj:   0.0000000000000000e+00 f(zj):   0.0000000000000000e+00 pn(zj):   5.4933145030994446e-02
zj:   0.0000000000000000e+00 f(zj):   0.0000000000000000e+00 pn(zj):   5.4525768311963985e-02
zj:   0.0000000000000000e+00 f(zj):   0.0000000000000000e+00 pn(zj):   5.4121375872393851e-02
zj:   0.0000000000000000e+00 f(zj):   0.0000000000000000e+00 pn(zj):   5.3719950457475241e-02
zj:   0.0000000000000000e+00 f(zj):   0.0000000000000000e+00 pn(zj):   5.3321474890024256e-02
zj:   0.0000000000000000e+00 f(zj):   0.0000000000000000e+00 pn(zj):   5.2925932070211901e-02
zj:   0.0000000000000000e+00 f(zj):   0.0000000000000000e+00 pn(zj):   5.2533304975291184e-02
zj:   0.0000000000000000e+00 f(zj):   0.0000000000000000e+00 pn(zj):   5.2143576659328228e-02
zj:   0.0000000000000000e+00 f(zj):   0.0000000000000000e+00 pn(zj):   5.1756730252932481e-02
zj:   0.0000000000000000e+00 f(zj):   0.0000000000000000e+00 pn(zj):   5.1372748962986492e-02
zj:   0.0000000000000000e+00 f(zj):   0.0000000000000000e+00 pn(zj):   5.0991616072379453e-02
zj:   0.0000000000000000e+00 f(zj):   0.0000000000000000e+00 pn(zj):   5.0613314939738752e-02
zj:   0.0000000000000000e+00 f(zj):   0.0000000000000000e+00 pn(zj):   5.0237828999163847e-02
zj:   0.0000000000000000e+00 f(zj):   0.0000000000000000e+00 pn(zj):   4.9865141759959153e-02
zj:   0.0000000000000000e+00 f(zj):   0.0000000000000000e+00 pn(zj):   4.9495236806370912e-02
zj:   0.0000000000000000e+00 f(zj):   0.0000000000000000e+00 pn(zj):   4.9128097797319858e-02
zj:   0.0000000000000000e+00 f(zj):   0.0000000000000000e+00 pn(zj):   4.8763708466140088e-02
zj:   0.0000000000000000e+00 f(zj):   0.0000000000000000e+00 pn(zj):   4.8402052620313829e-02
zj:   0.0000000000000000e+00 f(zj):   0.0000000000000000e+00 pn(zj):   4.8043114141210430e-02
zj:   0.0000000000000000e+00 f(zj):   0.0000000000000000e+00 pn(zj):   4.7686876983824344e-02
zj:   0.0000000000000000e+00 f(zj):   0.0000000000000000e+00 pn(zj):   4.7333325176513230e-02
zj:   0.0000000000000000e+00 f(zj):   0.0000000000000000e+00 pn(zj):   4.6982442820739378e-02
zj:   0.0000000000000000e+00 f(zj):   0.0000000000000000e+00 pn(zj):   4.6634214090808368e-02
zj:   0.0000000000000000e+00 f(zj):   0.0000000000000000e+00 pn(zj):   4.6288623233611714e-02
zj:   0.0000000000000000e+00 f(zj):   0.0000000000000000e+00 pn(zj):   4.5945654568367966e-02
zj:   0.0000000000000000e+00 f(zj):   0.0000000000000000e+00 pn(zj):   4.5605292486365356e-02
zj:   0.0000000000000000e+00 f(zj):   0.0000000000000000e+00 pn(zj):   4.5267521450705117e-02
zj:   0.0000000000000000e+00 f(zj):   0.0000000000000000e+00 pn(zj):   4.4932325996045352e-02
zj:   0.0000000000000000e+00 f(zj):   0.0000000000000000e+00 pn(zj):   4.4599690728346242e-02
zj:   0.0000000000000000e+00 f(zj):   0.0000000000000000e+00 pn(zj):   4.4269600324614578e-02
zj:   0.0000000000000000e+00 f(zj):   0.0000000000000000e+00 pn(zj):   4.3942039532650523e-02
zj:   0.0000000000000000e+00 f(zj):   0.0000000000000000e+00 pn(zj):   4.3616993170793927e-02
zj:   0.0000000000000000e+00 f(zj):   0.0000000000000000e+00 pn(zj):   4.3294446127672526e-02
zj:   0.0000000000000000e+00 f(zj):   0.0000000000000000e+00 pn(zj):   4.2974383361948698e-02
zj:   0.0000000000000000e+00 f(zj):   0.0000000000000000e+00 pn(zj):   4.2656789902070003e-02
zj:   0.0000000000000000e+00 f(zj):   0.0000000000000000e+00 pn(zj):   4.2341650846017265e-02
zj:   0.0000000000000000e+00 f(zj):   0.0000000000000000e+00 pn(zj):   4.2028951361056222e-02
zj:   0.0000000000000000e+00 f(zj):   0.0000000000000000e+00 pn(zj):   4.1718676683486500e-02
zj:   0.0000000000000000e+00 f(zj):   0.0000000000000000e+00 pn(zj):   4.1410812118395701e-02
zj:   0.0000000000000000e+00 f(zj):   0.0000000000000000e+00 pn(zj):   4.1105343039409270e-02
zj:   0.0000000000000000e+00 f(zj):   0.0000000000000000e+00 pn(zj):   4.0802254888445466e-02
zj:   0.0000000000000000e+00 f(zj):   0.0000000000000000e+00 pn(zj):   4.0501533175467341e-02
zj:   0.0000000000000000e+00 f(zj):   0.0000000000000000e+00 pn(zj):   4.0203163478238491e-02
zj:   0.0000000000000000e+00 f(zj):   0.0000000000000000e+00 pn(zj):   3.9907131442077026e-02
zj:   0.0000000000000000e+00 f(zj):   0.0000000000000000e+00 pn(zj):   3.9613422779612106e-02
zj:   0.0000000000000000e+00 f(zj):   0.0000000000000000e+00 pn(zj):   3.9322023270539130e-02
zj:   0.0000000000000000e+00 f(zj):   0.0000000000000000e+00 pn(zj):   3.9032918761378599e-02
zj:   0.0000000000000000e+00 f(zj):   0.0000000000000000e+00 pn(zj):   3.8746095165231864e-02
zj:   0.0000000000000000e+00 f(zj):   0.0000000000000000e+00 pn(zj):   3.8461538461541100e-02
