zj:   0.0000000000000000e+00 f(zj):   1.0000000000000000e+00 pn(zj):   8.9233448417376593e+00
zj:   1.0000000000000000e+00 f(zj):   3.8461538461538464e-02 pn(zj):   8.8898595489575030e+00
zj:   2.0000000000000000e+00 f(zj):   9.9009900990099011e-03 pn(zj):   8.8564824772234498e+00
zj:   3.0000000000000000e+00 f(zj):   4.4247787610619468e-03 pn(zj):   8.8232133301940898e+00
zj:   4.0000000000000000e+00 f(zj):   2.4937655860349127e-03 pn(zj):   8.7900518122023286e+00
zj:   5.0000000000000000e+00 f(zj):   1.5974440894568689e-03 pn(zj):   8.7569976282541795e+00
zj:   6.0000000000000000e+00 f(zj):   1.1098779134295228e-03 pn(zj):   8.7240504840274955e+00
zj:   7.0000000000000000e+00 f(zj):   8.1566068515497557e-04 pn(zj):   8.6912100858707344e+00
zj:   8.0000000000000000e+00 f(zj):   6.2460961898813238e-04 pn(zj):   8.6584761408017350e+00
zj:   9.0000000000000000e+00 f(zj):   4.9358341559723590e-04 pn(zj):   8.6258483565064665e+00
zj:   1.0000000000000000e+01 f(zj):   3.9984006397441024e-04 pn(zj):   8.5933264413378154e+00
zj:  4.7924367646600915e-322 f(zj):  2.3764557564963959e-321 pn(zj):   8.5609101043143312e+00
zj:   1.0000000000000000e+00 f(zj):  2.0861577729517742e-314 pn(zj):   8.5285990551190132e+00
zj:  -9.6153846153846156e-01 f(zj):  4.6439156505258635e-310 pn(zj):   8.4963930040980777e+00
zj:   4.6648895658796652e-01 f(zj):  4.6439156505258635e-310 pn(zj):   8.4642916622597362e+00
zj:  -1.5164892935855875e-01 f(zj):  4.6439156505258635e-310 pn(zj):   8.4322947412729548e+00
zj:   3.7098101553737203e-02 f(zj):  4.6439156505258635e-310 pn(zj):   8.4004019534662575e+00
zj:  -7.2777150409375421e-03 f(zj):  4.6439156506048152e-310 pn(zj):   8.3686130118264899e+00
zj:   1.1919190870304040e-03 f(zj):  4.6439156507282328e-310 pn(zj):   8.3369276299976001e+00
zj:  -1.6756184931602183e-04 f(zj):  4.6439156505258635e-310 pn(zj):   8.3053455222794277e+00
zj:   2.0635675401466635e-05 f(zj):  4.6439156507282328e-310 pn(zj):   8.2738664036264780e+00
zj:  -2.2611627900902145e-06 f(zj):   0.0000000000000000e+00 pn(zj):   8.2424899896467227e+00
zj:   3.9984006397441024e-04 f(zj):   0.0000000000000000e+00 pn(zj):   8.2112159966003873e+00
zj:  4.7924367646600915e-322 f(zj):   0.0000000000000000e+00 pn(zj):   8.1800441413987173e+00
zj:   1.0000000000000000e+00 f(zj):   0.0000000000000000e+00 pn(zj):   8.1489741416027979e+00
zj:   3.8461538461538464e-02 f(zj):  6.9312091990021762e-310 pn(zj):   8.1180057154223384e+00
zj:   9.9009900990099011e-03 f(zj):  1.4821969375237396e-323 pn(zj):   8.0871385817144663e+00
zj:   4.4247787610619468e-03 f(zj):   0.0000000000000000e+00 pn(zj):   8.0563724599825228e+00
zj:   2.4937655860349127e-03 f(zj):   0.0000000000000000e+00 pn(zj):   8.0257070703748496e+00
zj:   1.5974440894568689e-03 f(zj):  4.6439156505132154e-310 pn(zj):   7.9951421336836210e+00
zj:   1.1098779134295228e-03 f(zj):                     -nan pn(zj):   7.9646773713436207e+00
zj:   8.1566068515497557e-04 f(zj):   0.0000000000000000e+00 pn(zj):   7.9343125054310466e+00
zj:   6.2460961898813238e-04 f(zj):  4.6439156505140059e-310 pn(zj):   7.9040472586623247e+00
zj:   4.9358341559723590e-04 f(zj):   0.0000000000000000e+00 pn(zj):   7.8738813543929158e+00
zj:   3.9984006397441024e-04 f(zj):   0.0000000000000000e+00 pn(zj):   7.8438145166161233e+00
zj:  2.3764557564963959e-321 f(zj):   0.0000000000000000e+00 pn(zj):   7.8138464699618968e+00
zj:  2.0861577729517742e-314 f(zj):  2.1219957904712067e-314 pn(zj):   7.7839769396956520e+00
zj:  4.6439156505258635e-310 f(zj):   0.0000000000000000e+00 pn(zj):   7.7542056517170934e+00
zj:  4.6439156505258635e-310 f(zj):   0.0000000000000000e+00 pn(zj):   7.7245323325590052e+00
zj:  4.6439156505258635e-310 f(zj):  6.9312091991903164e-310 pn(zj):   7.6949567093860933e+00
zj:  4.6439156505258635e-310 f(zj):   0.0000000000000000e+00 pn(zj):   7.6654785099937968e+00
zj:  4.6439156507162764e-310 f(zj):   0.0000000000000000e+00 pn(zj):   7.6360974628070979e+00
zj:  4.6439156507282328e-310 f(zj):   0.0000000000000000e+00 pn(zj):   7.6068132968793662e+00
zj:  4.6439156505258635e-310 f(zj):   0.0000000000000000e+00 pn(zj):   7.5776257418911683e+00
zj:  4.6439156507282328e-310 f(zj):   0.0000000000000000e+00 pn(zj):   7.5485345281490899e+00
zj:   0.0000000000000000e+00 f(zj):   0.0000000000000000e+00 pn(zj):   7.5195393865845785e+00
zj:   0.0000000000000000e+00 f(zj):   0.0000000000000000e+00 pn(zj):   7.4906400487527662e+00
zj:   0.0000000000000000e+00 f(zj):   0.0000000000000000e+00 pn(zj):   7.4618362468312958e+00
zj:   0.0000000000000000e+00 f(zj):   0.0000000000000000e+00 pn(zj):   7.4331277136191600e+00
zj:  6.9312091990021762e-310 f(zj):   0.0000000000000000e+00 pn(zj):   7.4045141825355332e+00
zj:  1.4821969375237396e-323 f(zj):   0.0000000000000000e+00 pn(zj):   7.3759953876186151e+00
zj:   0.0000000000000000e+00 f(zj):   0.0000000000000000e+00 pn(zj):   7.3475710635244607e+00
zj:   0.0000000000000000e+00 f(zj):   0.0000000000000000e+00 pn(zj):   7.3192409455258121e+00
zj:  4.6439156505132154e-310 f(zj):   0.0000000000000000e+00 pn(zj):   7.2910047695109670e+00
zj:                     -nan f(zj):   0.0000000000000000e+00 pn(zj):   7.2628622719825975e+00
zj:   0.0000000000000000e+00 f(zj):   0.0000000000000000e+00 pn(zj):   7.2348131900565997e+00
zj:  4.6439156505140059e-310 f(zj):   0.0000000000000000e+00 pn(zj):   7.2068572614609456e+00
zj:   0.0000000000000000e+00 f(zj):   0.0000000000000000e+00 pn(zj):   7.1789942245345335e+00
zj:   0.0000000000000000e+00 f(zj):   0.0000000000000000e+00 pn(zj):   7.1512238182260290e+00
zj:   0.0000000000000000e+00 f(zj):   0.0000000000000000e+00 pn(zj):   7.1235457820927239e+00
zj:  2.1219957904712067e-314 f(zj):   0.0000000000000000e+00 pn(zj):   7.0959598562993813e+00
zj:   0.0000000000000000e+00 f(zj):   0.0000000000000000e+00 pn(zj):   7.0684657816171024e+00
zj:   0.0000000000000000e+00 f(zj):   0.0000000000000000e+00 pn(zj):   7.0410632994221789e+00
zj:  6.9312091991903164e-310 f(zj):   0.0000000000000000e+00 pn(zj):   7.0137521516949413e+00
zj:   0.0000000000000000e+00 f(zj):   0.0000000000000000e+00 pn(zj):   6.9865320810186304e+00
zj:   0.0000000000000000e+00 f(zj):   0.0000000000000000e+00 pn(zj):   6.9594028305782594e+00
zj:   0.0000000000000000e+00 f(zj):   0.0000000000000000e+00 pn(zj):   6.9323641441594717e+00
zj:   0.0000000000000000e+00 f(zj):   0.0000000000000000e+00 pn(zj):   6.9054157661474065e+00
zj:   0.0000000000000000e+00 f(zj):   0.0000000000000000e+00 pn(zj):   6.8785574415255635e+00
zj:   0.0000000000000000e+00 f(zj):   0.0000000000000000e+00 pn(zj):   6.8517889158746810e+00
zj:   0.0000000000000000e+00 f(zj):  6.9312091991239140e-310 pn(zj):   6.8251099353716027e+00
zj:   0.0000000000000000e+00 f(zj):  2.0320920013450470e-320 pn(zj):   6.7985202467881303e+00
zj:   0.0000000000000000e+00 f(zj):  1.2566263866505099e+232 pn(zj):   6.7720195974899280e+00
zj:   0.0000000000000000e+00 f(zj):  6.0513972685449602e-154 pn(zj):   6.7456077354353763e+00
zj:   0.0000000000000000e+00 f(zj):   8.2402559721209203e-67 pn(zj):   6.7192844091744588e+00
zj:   0.0000000000000000e+00 f(zj):   9.7481632781458896e-72 pn(zj):   6.6930493678476308e+00
zj:   0.0000000000000000e+00 f(zj):  1.3160769790623667e-259 pn(zj):   6.6669023611847065e+00
zj:   0.0000000000000000e+00 f(zj):   1.0333076074194353e-47 pn(zj):   6.6408431395037404e+00
zj:   0.0000000000000000e+00 f(zj):   1.8318824100575891e-76 pn(zj):   6.6148714537099105e+00
zj:   0.0000000000000000e+00 f(zj):  3.9219557609072516e+179 pn(zj):   6.5889870552944005e+00
zj:   0.0000000000000000e+00 f(zj):  2.7680678906888502e+280 pn(zj):   6.5631896963332848e+00
zj:   0.0000000000000000e+00 f(zj):   3.2424566200750214e-86 pn(zj):   6.5374791294864218e+00
zj:   0.0000000000000000e+00 f(zj):   1.3980432860952889e-76 pn(zj):   6.5118551079963485e+00
zj:   0.0000000000000000e+00 f(zj):   1.3980432860952889e-76 pn(zj):   6.4863173856871539e+00
zj:   0.0000000000000000e+00 f(zj):  6.1799880953825233e-114 pn(zj):   6.4608657169633874e+00
zj:   0.0000000000000000e+00 f(zj):   3.6154602916643315e-43 pn(zj):   6.4354998568089536e+00
zj:   0.0000000000000000e+00 f(zj):   2.1089816213805184e-52 pn(zj):   6.4102195607860031e+00
zj:   0.0000000000000000e+00 f(zj):   4.6585111600694232e-33 pn(zj):   6.3850245850338290e+00
zj:   0.0000000000000000e+00 f(zj):  8.1642195725457962e+204 pn(zj):   6.3599146862677696e+00
zj:   0.0000000000000000e+00 f(zj):  6.1799881437911730e-114 pn(zj):   6.3348896217781148e+00
zj:   0.0000000000000000e+00 f(zj):   5.5167545954350761e-48 pn(zj):   6.3099491494290012e+00
zj:   0.0000000000000000e+00 f(zj):   1.3816118227348994e-47 pn(zj):   6.2850930276573198e+00
zj:   0.0000000000000000e+00 f(zj):   4.2785855314152752e-33 pn(zj):   6.2603210154716180e+00
zj:   0.0000000000000000e+00 f(zj):  8.1642195725457929e+204 pn(zj):   6.2356328724510179e+00
zj:  6.9312091991239140e-310 f(zj):   1.3973685027430247e-76 pn(zj):   6.2110283587441160e+00
zj:  2.0320920013450470e-320 f(zj):   1.3980432860952889e-76 pn(zj):   6.1865072350678956e+00
zj:   1.3980432860952889e-76 f(zj):   1.2108942892349278e-99 pn(zj):   6.1620692627066447e+00
zj:  8.5981866496259928e+183 f(zj):  3.5230863936820262e-109 pn(zj):   6.1377142035108623e+00
zj:  6.0136181703254192e-154 f(zj):   4.4666381781129475e-33 pn(zj):   6.1134418198961864e+00
zj:   9.7393199767445267e-72 f(zj):   4.4681603869804777e-33 pn(zj):   6.0892518748422981e+00
zj:   7.5013067891186872e-67 f(zj):   8.3185656841921848e-72 pn(zj):   6.0651441318918415e+00
zj:  1.2575396279060012e+232 f(zj):  8.2012590046506386e+204 pn(zj):   6.0411183551493615e+00
zj:  6.0513972685449602e-154 f(zj):   3.6719956273211067e-62 pn(zj):   6.0171743092802075e+00
zj:   6.0118400799851468e-67 f(zj):   1.0307519515961597e-71 pn(zj):   5.9933117595094600e+00
zj:   5.6423594668568334e-38 f(zj):  3.9232171362941577e+179 pn(zj):   5.9695304716208684e+00
zj:  1.3160769790056530e-259 f(zj):  1.9701896698966844e-153 pn(zj):   5.9458302119557640e+00
zj:   3.2424566200869199e-86 f(zj):   1.3980432757989120e-76 pn(zj):   5.9222107474119969e+00
zj:   1.3980432860952889e-76 f(zj):   1.3980432860952889e-76 pn(zj):   5.8986718454428635e+00
zj:   1.3980432860952889e-76 f(zj):   1.3964263764857459e-76 pn(zj):   5.8752132740560361e+00
zj:  2.7680678906616326e+280 f(zj):  1.9512347655568931e-153 pn(zj):   5.8518348018125028e+00
zj:   8.5517419148925818e-72 f(zj):   9.9513345955207990e-43 pn(zj):   5.8285361978255015e+00
zj:   8.6082900013933841e-67 f(zj):   2.0049845876690235e-52 pn(zj):   5.8053172317594433e+00
zj:  2.9519606007797357e+179 f(zj):   5.9295829823688670e-38 pn(zj):   5.7821776738288717e+00
zj:  6.1799881437911730e-114 f(zj):   1.6039704617400945e-28 pn(zj):   5.7591172947973908e+00
zj:   5.5167545954350761e-48 f(zj):   3.1199918498109172e-33 pn(zj):   5.7361358659766051e+00
zj:   1.3816118227348994e-47 f(zj):   7.5012954924050212e-67 pn(zj):   5.7132331592250685e+00
zj:   4.2785855314152752e-33 f(zj):   1.1829520177822214e-76 pn(zj):   5.6904089469472252e+00
zj:  8.1642195725457929e+204 f(zj):  6.0136196164698546e-154 pn(zj):   5.6676630020923540e+00
zj:   1.3973685027430247e-76 f(zj):   1.3980432860951318e-76 pn(zj):   5.6449950981535277e+00
zj:   1.3980432860952889e-76 f(zj):   1.3980432860952889e-76 pn(zj):   5.6224050091665436e+00
zj:   1.2108942892349278e-99 f(zj):  8.5981866496259928e+183 pn(zj):   5.5998925097088890e+00
zj:  3.5230863936820262e-109 f(zj):  6.0136181703254192e-154 pn(zj):   5.5774573748986924e+00
zj:   4.4666381781129475e-33 f(zj):   9.7414704835245070e-72 pn(zj):   5.5550993803936723e+00
zj:   4.4681603869804777e-33 f(zj):   4.6615028276743717e-33 pn(zj):   5.5328183023900923e+00
zj:   8.3185656841921848e-72 f(zj):  1.2587537171430583e+232 pn(zj):   5.5106139176217237e+00
zj:  8.2012590046506386e+204 f(zj):  6.0513972685449602e-154 pn(zj):   5.4884860033588012e+00
zj:   3.6719956273211067e-62 f(zj):   3.1215258246526275e-33 pn(zj):   5.4664343374069890e+00
zj:   1.0307519515961597e-71 f(zj):   5.6415178946283484e-62 pn(zj):   5.4444586981063283e+00
zj:  3.9232171362941577e+179 f(zj):  1.3160769791570834e-259 pn(zj):   5.4225588643302141e+00
zj:  1.9701896698966844e-153 f(zj):   3.2424566200869199e-86 pn(zj):   5.4007346154843603e+00
zj:   1.3980432757989120e-76 f(zj):   1.3980432860952889e-76 pn(zj):   5.3789857315057565e+00
zj:   1.3980432860952889e-76 f(zj):   1.3980432860952889e-76 pn(zj):   5.3573119928616482e+00
zj:   1.3964263764857459e-76 f(zj):  2.7680678906616326e+280 pn(zj):   5.3357131805484892e+00
zj:  1.9512347655568931e-153 f(zj):   4.0467624934294009e-86 pn(zj):   5.3141890760909369e+00
zj:   9.9513336328100218e-43 f(zj):   5.1553522158207097e-62 pn(zj):   5.2927394615408057e+00
zj:   4.1830096864889488e-62 f(zj):   7.8693070583131522e-67 pn(zj):   5.2713641194760452e+00
zj:   1.4871064254327413e-76 f(zj):  6.1799881318302603e-114 pn(zj):   5.2500628329997241e+00
zj:   4.9048361846793984e-62 f(zj):  2.7680679314197621e+280 pn(zj):   5.2288353857389991e+00
zj:  1.9512347655568931e-153 f(zj):   8.5495310557424777e-72 pn(zj):   5.2076815618441010e+00
zj:   5.1553261497791547e-62 f(zj):   1.0862436526603550e-71 pn(zj):   5.1866011459873054e+00
zj:   1.5734720539322908e-76 f(zj):  3.1102445893149156e+179 pn(zj):   5.1655939233619259e+00
zj:   8.2260272815331442e-67 f(zj):  6.1799881438382626e-114 pn(zj):   5.1446596796812880e+00
zj:   1.6039704617400945e-28 f(zj):   8.4178994681321351e-53 pn(zj):   5.1237982011777259e+00
zj:   9.3457223346524443e-67 f(zj):   5.3519296224699557e-38 pn(zj):   5.1030092746015550e+00
zj:   3.3761175508593776e-57 f(zj):   2.9019311267600789e-57 pn(zj):   5.0822926872200682e+00
zj:   1.1829553225145067e-76 f(zj):  8.1642195725457873e+204 pn(zj):   5.0616482268165317e+00
zj:  6.0136196164698546e-154 f(zj):   2.1746289438004963e-76 pn(zj):   5.0410756816891622e+00
zj:   3.1177496180603700e-33 f(zj):   1.3834743933757498e-47 pn(zj):   5.0205748406501307e+00
zj:   4.0177152876269949e-57 f(zj):   5.2046166950212243e-90 pn(zj):   5.0001454930245499e+00
zj:  8.6023848556509090e+183 f(zj):  3.5230863936822711e-109 pn(zj):   4.9797874286494750e+00
zj:  6.0136181703254192e-154 f(zj):   6.5285629822748313e-38 pn(zj):   4.9595004378729044e+00
zj:   7.2643723734287313e-43 f(zj):   1.1428373321657364e-71 pn(zj):   4.9392843115527656e+00
zj:   1.7957606035311037e-52 f(zj):   5.0807374105267010e-67 pn(zj):   4.9191388410559282e+00
zj:  1.2587560860975238e+232 f(zj):  8.2012590046495058e+204 pn(zj):   4.8990638182571988e+00
zj:  6.0513972685449602e-154 f(zj):   5.6022962172452068e-67 pn(zj):   4.8790590355383312e+00
zj:   1.3131869293995070e-47 f(zj):   2.5266010763148686e-52 pn(zj):   4.8591242857870274e+00
zj:   1.9185801691874165e-76 f(zj):  2.7917696657893956e+179 pn(zj):   4.8392593623959392e+00
zj:  1.3160769790432155e-259 f(zj):  1.9701896698966844e-153 pn(zj):   4.8194640592616818e+00
zj:   3.4435330884255147e-86 f(zj):   4.4222833156186253e-62 pn(zj):   4.7997381707838498e+00
zj:   7.4969261270781068e-67 f(zj):   6.5262985380166170e-38 pn(zj):   4.7800814918640118e+00
zj:   4.1820527689232694e-62 f(zj):   5.1515138825338372e-62 pn(zj):   4.7604938179047398e+00
zj:  2.7680679314197621e+280 f(zj):  1.9512347655568931e-153 pn(zj):   4.7409749448086114e+00
zj:   8.5495310557424777e-72 f(zj):   2.6314137482147329e-52 pn(zj):   4.7215246689772332e+00
zj:   1.0862436526603550e-71 f(zj):   7.4984034225553118e-67 pn(zj):   4.7021427873102493e+00
zj:  3.1102445893149156e+179 f(zj):   8.5969478964315205e-67 pn(zj):   4.6828290972043707e+00
zj:  6.1799881438382626e-114 f(zj):   1.6039704617400945e-28 pn(zj):   4.6635833965523865e+00
zj:   8.4178994681321351e-53 f(zj):   7.2625454560549788e-43 pn(zj):   4.6444054837421902e+00
zj:   5.3519296224699557e-38 f(zj):   3.8540451333986684e-57 pn(zj):   4.6252951576557999e+00
zj:   2.9019311267600789e-57 f(zj):   1.1829507000075170e-76 pn(zj):   4.6062522176683842e+00
zj:  8.1642195725457873e+204 f(zj):  6.0136196164698546e-154 pn(zj):   4.5872764636472905e+00
zj:   2.1746289438004963e-76 f(zj):   1.2452966299480436e-47 pn(zj):   4.5683676959510713e+00
zj:   1.3834743933757498e-47 f(zj):   1.7982171761743451e-52 pn(zj):   4.5495257154285067e+00
zj:   5.2046166950212243e-90 f(zj):  8.6023848556504184e+183 pn(zj):   4.5307503234176449e+00
zj:  3.5230863936822711e-109 f(zj):  6.0136181703254192e-154 pn(zj):   4.5120413217448299e+00
zj:   6.5285629822748313e-38 f(zj):   4.9094096358057145e-62 pn(zj):   4.4933985127237346e+00
zj:   1.1428373321657364e-71 f(zj):   2.0033548359020585e-52 pn(zj):   4.4748216991543934e+00
zj:   5.0807374105267010e-67 f(zj):  1.2569379134352728e+232 pn(zj):   4.4563106843222453e+00
zj:  8.2012590046495058e+204 f(zj):  6.0513972685449602e-154 pn(zj):   4.4378652719971665e+00
zj:   5.6022962172452068e-67 f(zj):   1.9182480487117291e-76 pn(zj):   4.4194852664325106e+00
zj:   2.5266010763148686e-52 f(zj):   5.6443776637057707e-62 pn(zj):   4.4011704723641536e+00
zj:  2.7917696657893956e+179 f(zj):  1.3160769790810720e-259 pn(zj):   4.3829206950095250e+00
zj:  1.9701896698966844e-153 f(zj):   3.4435330884255147e-86 pn(zj):   4.3647357400666689e+00
zj:  8.2012590046512167e+204 f(zj):   1.6909574651670079e-52 pn(zj):   4.3466154137132733e+00
zj:   3.6710460705465307e-62 f(zj):   4.7676352813724006e-38 pn(zj):   4.3285595226057278e+00
zj:   1.7458580850958071e-76 f(zj):   9.5011744127400874e-43 pn(zj):   4.3105678738781643e+00
zj:  4.0878526662658181e+179 f(zj):  1.3160769791569358e-259 pn(zj):   4.2926402751415118e+00
zj:  1.9701896698966844e-153 f(zj):   3.4435330884255147e-86 pn(zj):   4.2747765344825446e+00
zj:   1.8993482124028462e-52 f(zj):   4.7665008953685814e-38 pn(zj):   4.2569764604629388e+00
zj:   6.3827493977343642e-67 f(zj):   1.3124145335950387e-71 pn(zj):   4.2392398621183194e+00
zj:   2.5801676225112322e-57 f(zj):  2.7680679314197621e+280 pn(zj):   4.2215665489573215e+00
zj:  1.9512347655568931e-153 f(zj):   5.0521448351223753e-86 pn(zj):   4.2039563309606534e+00
zj:   3.1245291669319014e-33 f(zj):   1.1435040173107886e-71 pn(zj):   4.1864090185801350e+00
zj:   9.9513348092469845e-43 f(zj):   3.6990774204211588e-57 pn(zj):   4.1689244227377786e+00
zj:   7.8551067105088525e-67 f(zj):  6.1799881318775332e-114 pn(zj):   4.1515023548248404e+00
zj:   1.6039704617400945e-28 f(zj):   1.2844695233355919e-57 pn(zj):   4.1341426267008856e+00
zj:   1.3821348704137426e-47 f(zj):   6.8213199814998205e-38 pn(zj):   4.1168450506928504e+00
zj:   1.3130717425959187e-71 f(zj):   3.5354316321529198e-57 pn(zj):   4.0996094395941123e+00
zj:   1.1829526818876049e-76 f(zj):  8.1642195725457895e+204 pn(zj):   4.0824356066635490e+00
zj:  6.0136196164698546e-154 f(zj):   1.0846366251838093e-42 pn(zj):   4.0653233656246206e+00
zj:   1.3813361857331615e-47 f(zj):   1.2460995075044687e-47 pn(zj):   4.0482725306644252e+00
zj:   5.1562869353178973e-62 f(zj):   7.7525901437938496e-72 pn(zj):   4.0312829164327777e+00
zj:  8.6023848556504109e+183 f(zj):  3.5230863936831187e-109 pn(zj):   4.0143543380412847e+00
zj:  6.0136181703254192e-154 f(zj):   1.1768665284437224e-47 pn(zj):   3.9974866110624117e+00
zj:   2.0058034182903470e-52 f(zj):   1.7982171885477342e-52 pn(zj):   3.9806795515285693e+00
zj:   1.7441739688540431e-76 f(zj):   5.4516778679271081e-67 pn(zj):   3.9639329759311774e+00
zj:  1.2590557588557952e+232 f(zj):  8.2012590046520688e+204 pn(zj):   3.9472467012197545e+00
zj:  6.0513972685449602e-154 f(zj):   5.6015717629189006e-67 pn(zj):   3.9306205448009974e+00
zj:   2.2154208399779825e-52 f(zj):   2.4217804140119174e-52 pn(zj):   3.9140543245378523e+00
zj:   9.5011744127400874e-43 f(zj):  3.9213176771915964e+179 pn(zj):   3.8975478587486112e+00
zj:  1.3160769791569358e-259 f(zj):  1.9701896698966844e-153 pn(zj):   3.8811009662059868e+00
zj:   3.4435330884255147e-86 f(zj):   5.0511999188049713e-38 pn(zj):   3.8647134661362030e+00
zj:   4.7665008953685814e-38 f(zj):   1.5205945436270990e-47 pn(zj):   3.8483851782180816e+00
zj:   1.3124145335950387e-71 f(zj):   5.1515138827038514e-62 pn(zj):   3.8321159225821284e+00
zj:  2.7680679314197621e+280 f(zj):  1.9512347655568931e-153 pn(zj):   3.8159055198096259e+00
zj:   5.0521448351223753e-86 f(zj):   2.0049829260734201e-52 pn(zj):   3.7997537909317263e+00
zj:   1.1435040173107886e-71 f(zj):   1.9005844891121263e-52 pn(zj):   3.7836605574285387e+00
zj:   3.6990774204211588e-57 f(zj):   1.6542797531350738e-47 pn(zj):   3.7676256412282272e+00
zj:  6.1799881318775332e-114 f(zj):   1.6039704617400945e-28 pn(zj):   3.7516488647061097e+00
zj:   1.2844695233355919e-57 f(zj):   3.6953387867608434e-57 pn(zj):   3.7357300506837499e+00
zj:   6.8213199814998205e-38 f(zj):   5.9373944505933298e-38 pn(zj):   3.7198690224280586e+00
zj:   3.5354316321529198e-57 f(zj):   1.1829546610934542e-76 pn(zj):   3.7040656036503887e+00
zj:  8.1642195725457895e+204 f(zj):  6.0136196164698546e-154 pn(zj):   3.6883196185056484e+00
zj:   1.0846366251838093e-42 f(zj):   5.9362734820212270e-38 pn(zj):   3.6726308915913912e+00
zj:   1.2460995075044687e-47 f(zj):   3.8546528402749049e-57 pn(zj):   3.6569992479469251e+00
zj:   7.7525901437938496e-72 f(zj):  8.6023767511254114e+183 pn(zj):   3.6414245130524208e+00
zj:  3.5230863936831187e-109 f(zj):  6.0136181703254192e-154 pn(zj):   3.6259065128280166e+00
zj:   1.1768665284437224e-47 f(zj):   1.3997379754406064e-76 pn(zj):   3.6104450736329241e+00
zj:   1.7982171885477342e-52 f(zj):   6.2358732304717100e-38 pn(zj):   3.5950400222645440e+00
zj:   5.4516778679271081e-67 f(zj):  1.2590557588556543e+232 pn(zj):   3.5796911859575702e+00
zj:  8.2012590046520688e+204 f(zj):  6.0513972685449602e-154 pn(zj):   3.5643983923831084e+00
zj:  3.5230863936825103e-109 f(zj):   1.1305339342862564e-42 pn(zj):   3.5491614696477889e+00
zj:   1.1992099119843867e-71 f(zj):   3.5074523523706158e-33 pn(zj):   3.5339802462928773e+00
zj:   3.3804736424894279e-57 f(zj):   1.2558156688965223e-71 pn(zj):   3.5188545512933982e+00
zj:   8.3185742696943631e-72 f(zj):  1.2575396279064254e+232 pn(zj):   3.5037842140572479e+00
zj:  8.2012590046506430e+204 f(zj):  6.0513972685449602e-154 pn(zj):   3.4887690644243179e+00
zj:   1.5764983657460409e-52 f(zj):   7.4056144448707390e-38 pn(zj):   3.4738089326656136e+00
zj:   9.3472279313813133e-67 f(zj):   5.3553825269150162e-38 pn(zj):   3.4589036494823753e+00
zj:  3.2773855184750194e+179 f(zj):  1.3160769790622930e-259 pn(zj):   3.4440530460052061e+00
zj:  1.9701896698966844e-153 f(zj):   3.8456860251027045e-86 pn(zj):   3.4292569537931947e+00
zj:   4.7607476713655062e-38 f(zj):   3.5366737755604316e-57 pn(zj):   3.4145152048330392e+00
zj:   1.9022125981490062e-52 f(zj):   4.4674081624307422e-33 pn(zj):   3.3998276315381797e+00
zj:   3.1184848186943312e-33 f(zj):  2.7680679381291026e+280 pn(zj):   3.3851940667479257e+00
zj:  1.9512347655568931e-153 f(zj):   3.4435330884136163e-86 pn(zj):   3.3706143437265852e+00
zj:   1.6913557007558903e-52 f(zj):   1.5195181253077478e-47 pn(zj):   3.3560882961625982e+00
zj:   1.6555649608696082e-47 f(zj):   4.4232328295500879e-62 pn(zj):   3.3416157581676686e+00
zj:   7.4841859848124806e-67 f(zj):  6.1799881078156523e-114 pn(zj):   3.3271965642759027e+00
zj:   1.6039704617400945e-28 f(zj):   1.9599449513787718e-62 pn(zj):   3.3128305494429418e+00
zj:   3.8918684258965530e-33 f(zj):   2.1098020636418257e-52 pn(zj):   3.2985175490450978e+00
zj:   3.5404051538986065e-57 f(zj):   7.4056145152088407e-38 pn(zj):   3.2842573988784975e+00
zj:   1.1829566480909784e-76 f(zj):  8.1642195725457884e+204 pn(zj):   3.2700499351582186e+00
zj:  6.0136196164698546e-154 f(zj):   1.0855803136205136e-71 pn(zj):   3.2558949945174338e+00
zj:   3.1192718947241199e-33 f(zj):   1.7250547592811546e-47 pn(zj):   3.2417924140065506e+00
zj:   5.6435433533843949e-38 f(zj):   5.2017215024716523e-90 pn(zj):   3.2277420310923599e+00
zj:  8.6003182023885771e+183 f(zj):  3.5230863936822715e-109 pn(zj):   3.2137436836571771e+00
zj:  6.0136181703254192e-154 f(zj):   9.5046228920641391e-43 pn(zj):   3.1997972099979926e+00
zj:   7.8649885211529045e-67 f(zj):   2.1776625750091099e-76 pn(zj):   3.1859024488256167e+00
zj:   1.2558156688965223e-71 f(zj):   5.0807459332154932e-67 pn(zj):   3.1720592392638332e+00
zj:  1.2575396279064254e+232 f(zj):  8.2012590046500705e+204 pn(zj):   3.1582674208485484e+00
zj:  6.0513972685449602e-154 f(zj):   1.5764983657460409e-52 pn(zj):   3.1445268335269407e+00
zj:   7.4056144448707390e-38 f(zj):   2.7394982641115799e-57 pn(zj):   3.1308373176566211e+00
zj:   5.3553825269150162e-38 f(zj):  4.0872145152222345e+179 pn(zj):   3.1171987140047821e+00
zj:  1.3160769790622930e-259 f(zj):  1.9701896698966844e-153 pn(zj):   3.1036108637473565e+00
zj:   3.8456860251027045e-86 f(zj):   1.8993482124028462e-52 pn(zj):   3.0900736084681752e+00
zj:   3.5366737755604316e-57 f(zj):   1.1089866696879357e-47 pn(zj):   3.0765867901581267e+00
zj:   4.4674081624307422e-33 f(zj):   2.5801676222511548e-57 pn(zj):   3.0631502512143149e+00
zj:  2.7680679381291026e+280 f(zj):  1.9512347655568931e-153 pn(zj):   3.0497638344392257e+00
zj:   3.4435330884136163e-86 f(zj):   3.6962867032641880e-33 pn(zj):   3.0364273830398858e+00
zj:   1.5195181253077478e-47 f(zj):   3.8911367390500340e-33 pn(zj):   3.0231407406270274e+00
zj:   4.4232328295500879e-62 f(zj):   3.3760961380940313e-57 pn(zj):   3.0099037512142592e+00
zj:  6.1799881078156523e-114 f(zj):   1.6039704617400945e-28 pn(zj):   2.9967162592172247e+00
zj:   1.9599449513787718e-62 f(zj):   7.1128663440962541e-38 pn(zj):   2.9835781094527789e+00
zj:   2.1098020636418257e-52 f(zj):   7.4940622466328889e-67 pn(zj):   2.9704891471381538e+00
zj:   7.4056145152088407e-38 f(zj):   1.1829566454466653e-76 pn(zj):   2.9574492178901295e+00
zj:  8.1642195725457884e+204 f(zj):  6.0136196164698546e-154 pn(zj):   2.9444581677242092e+00
zj:   1.0855803136205136e-71 f(zj):   7.4067758765480738e-38 pn(zj):   2.9315158430537887e+00
zj:   1.7250547592811546e-47 f(zj):   2.5826782695401636e-57 pn(zj):   2.9186220906893361e+00
zj:   5.2017215024716523e-90 f(zj):  8.6023767511287815e+183 pn(zj):   2.9057767578375668e+00
zj:   1.5195243692563785e-47 f(zj):  6.0136181703254192e-154 pn(zj):   2.8929796921006190e+00
zj:  8.1642195725457951e+204 f(zj):   2.7419898250115286e-57 pn(zj):   2.8802307414752333e+00
zj:   1.1987702567878589e-71 f(zj):   5.6367738345647869e-62 pn(zj):   2.8675297543519367e+00
zj:   9.3515462477130509e-67 f(zj):   2.5282372065507605e-52 pn(zj):   2.8548765795142192e+00
zj:   5.2055754730775166e-90 f(zj):  8.6003182023895471e+183 pn(zj):   2.8422710661377213e+00
zj:  3.5230863936828752e-109 f(zj):  6.0136181703254192e-154 pn(zj):   2.8297130637894137e+00
zj:   4.1782212158461761e-62 f(zj):   5.6434169504471058e-62 pn(zj):   2.8172024224267882e+00
zj:   7.1173516787736637e-67 f(zj):   6.8190286660373894e-38 pn(zj):   2.8047389923970396e+00
zj:   8.3185744211712839e-72 f(zj):  1.2572399551485067e+232 pn(zj):   2.7923226244362569e+00
zj:  8.2012590046506430e+204 f(zj):  6.0513972685449602e-154 pn(zj):   2.7799531696686111e+00
zj:   4.4368744359765536e-38 f(zj):   7.8693297635768417e-67 pn(zj):   2.7676304796055495e+00
zj:   9.3515802734388907e-67 f(zj):   3.3141041486849229e-33 pn(zj):   2.7553544061449813e+00
zj:  2.6296593981614698e+179 f(zj):  1.3160769791379333e-259 pn(zj):   2.7431248015704792e+00
zj:  1.9701896698966844e-153 f(zj):   5.0521448351342738e-86 pn(zj):   2.7309415185504662e+00
zj:   1.0303071651694736e-71 f(zj):   2.9012966326270054e-57 pn(zj):   2.7188044101374178e+00
zj:   9.5081740633060780e-43 f(zj):   3.1215023263797636e-33 pn(zj):   2.7067133297670569e+00
zj:   2.5801676222885395e-57 f(zj):  2.7680679381555173e+280 pn(zj):   2.6946681312575516e+00
zj:  1.9512347655568931e-153 f(zj):   3.6446095567522111e-86 pn(zj):   2.6826686688087147e+00
zj:   3.3133635182287123e-33 f(zj):   1.5731320733168251e-76 pn(zj):   2.6707147970012084e+00
zj:   9.7282396715524656e-72 f(zj):   1.6925887664403742e-52 pn(zj):   2.6588063707957428e+00
zj:   9.4962412380845754e-43 f(zj):  6.1799881198229563e-114 pn(zj):   2.6469432455322837e+00
zj:   1.6039704617400945e-28 f(zj):   2.9906386587200498e-67 pn(zj):   2.6351252769292524e+00
zj:   2.0916329475989568e-76 f(zj):   2.3194274448817366e-52 pn(zj):   2.6233523210827379e+00
zj:   9.0544969761098352e-43 f(zj):   3.3118501038292591e-33 pn(zj):   2.6116242344657001e+00
zj:   1.1829526818473899e-76 f(zj):  8.1642195725457884e+204 pn(zj):   2.5999408739271805e+00
zj:  6.0136196164698546e-154 f(zj):   1.5700984627186281e-76 pn(zj):   2.5883020966915113e+00
zj:   2.0049471258370960e-76 f(zj):   1.6594950920653132e-76 pn(zj):   2.5767077603575310e+00
zj:   2.5282372065507605e-52 f(zj):   5.2065267020458821e-90 pn(zj):   2.5651577228977906e+00
zj:  8.6003182023895471e+183 f(zj):  3.5230863936820305e-109 pn(zj):   2.5536518426577723e+00
zj:  6.0136181703254192e-154 f(zj):   1.4000647934083880e-76 pn(zj):   2.5421899783551050e+00
zj:   5.6434169504471058e-62 f(zj):   5.6412114706050959e-38 pn(zj):   2.5307719890787763e+00
zj:   6.8190286660373894e-38 f(zj):   7.7525901271232310e-72 pn(zj):   2.5193977342883578e+00
zj:  1.2572399551485067e+232 f(zj):  8.2012590046503612e+204 pn(zj):   2.5080670738132156e+00
zj:  6.0513972685449602e-154 f(zj):   4.4368744359765536e-38 pn(zj):   2.4967798678517390e+00
zj:   7.8693297635768417e-67 f(zj):   1.5181817388264074e-47 pn(zj):   2.4855359769705547e+00
zj:   3.3141041486849229e-33 f(zj):  3.1108679104975202e+179 pn(zj):   2.4743352621037564e+00
zj:  1.3160769791379333e-259 f(zj):  1.9701896698966844e-153 pn(zj):   2.4631775845521244e+00
zj:   5.0521448351342738e-86 f(zj):   4.7607476713655062e-38 pn(zj):   2.4520628059823526e+00
zj:   2.9012966326270054e-57 f(zj):   5.3542524676270797e-38 pn(zj):   2.4409907884262765e+00
zj:   3.1215023263797636e-33 f(zj):   3.1184848186503696e-33 pn(zj):   2.4299613942800975e+00
zj:  2.7680679381555173e+280 f(zj):  1.9512347655568931e-153 pn(zj):   2.4189744863036173e+00
zj:   3.6446095567522111e-86 f(zj):   1.2564737347672471e-71 pn(zj):   2.4080299276194639e+00
zj:   1.5731320733168251e-76 f(zj):   3.3767325217343907e-57 pn(zj):   2.3971275817123274e+00
zj:   1.6925887664403742e-52 f(zj):   3.3760961380953324e-57 pn(zj):   2.3862673124281870e+00
zj:  6.1799881198229563e-114 f(zj):   1.6039704617400945e-28 pn(zj):   2.3754489839735533e+00
zj:   2.9906386587200498e-67 f(zj):   3.5089393746932476e-33 pn(zj):   2.3646724609146967e+00
zj:   2.3194274448817366e-52 f(zj):   6.8178806346853021e-38 pn(zj):   2.3539376081768886e+00
zj:   3.3118501038292591e-33 f(zj):   1.1829553173768472e-76 pn(zj):   2.3432442910436384e+00
zj:   8.6068355439157775e-67 f(zj):  6.0136196164698546e-154 pn(zj):   2.3325923751559299e+00
zj:  6.1799881683249009e-114 f(zj):   1.0298667408532063e-71 pn(zj):   2.3219817265114671e+00
zj:   2.9906386587200498e-67 f(zj):   1.0300791735073985e-71 pn(zj):   2.3114122114639106e+00
zj:   7.4940396733281340e-67 f(zj):   1.2005398855406315e-71 pn(zj):   2.3008836967221256e+00
zj:   5.6458167323633387e-38 f(zj):   1.1829513743980016e-76 pn(zj):   2.2903960493494218e+00
zj:  8.1642195725457907e+204 f(zj):  6.0136196164698546e-154 pn(zj):   2.2799491367628022e+00
zj:   1.9155491582466346e-76 f(zj):   5.6458033680942310e-38 pn(zj):   2.2695428267322066e+00
zj:   3.6985437100395250e-33 f(zj):   2.5789395987538941e-57 pn(zj):   2.2591769873797638e+00
zj:   5.2055717279648036e-90 f(zj):  8.6127586445731134e+183 pn(zj):   2.2488514871790359e+00
zj:  3.5230863936828762e-109 f(zj):  6.0136181703254192e-154 pn(zj):   2.2385661949542719e+00
zj:   4.1782212158461761e-62 f(zj):   4.4658917054817753e-33 pn(zj):   2.2283209798796610e+00
zj:   1.3829398405288817e-47 f(zj):   3.7007859655135399e-33 pn(zj):   2.2181157114785792e+00
zj:   8.3185916094353990e-72 f(zj):  1.2569379134356267e+232 pn(zj):   2.2079502596228511e+00
zj:  8.2012590046506430e+204 f(zj):  6.0513972685449602e-154 pn(zj):   2.1978244945319991e+00
zj:   3.6700965137719547e-62 f(zj):   1.1428355845721965e-71 pn(zj):   2.1877382867725030e+00
zj:   2.4221914628157551e-52 f(zj):   3.7000453580642156e-33 pn(zj):   2.1776915072570588e+00
zj:  4.0884759678236753e+179 f(zj):  1.3160769791185602e-259 pn(zj):   2.1676840272438338e+00
zj:  1.9701896698966844e-153 f(zj):   4.6499918984570840e-86 pn(zj):   2.1577157183357309e+00
zj:   7.4125199736388103e-38 f(zj):   9.9653339489698484e-43 pn(zj):   2.1477864524796484e+00
zj:   3.8896262288090529e-33 f(zj):   1.7445034382972722e-76 pn(zj):   2.1378961019657421e+00
zj:   2.7388593739006914e-57 f(zj):  2.7680679381555173e+280 pn(zj):   2.1280445394266891e+00
zj:  1.9512347655568931e-153 f(zj):   3.4435330884136163e-86 pn(zj):   2.1182316378369563e+00
zj:   7.4044529262900810e-38 f(zj):   7.1186285195130790e-38 pn(zj):   2.1084572705120608e+00
zj:   5.1581711979493300e-62 f(zj):   1.7957685502243807e-52 pn(zj):   2.0987213111078438e+00
zj:   1.3117901318219648e-71 f(zj):  6.1799881078156523e-114 pn(zj):   2.0890236336197336e+00
zj:   1.6039704617400945e-28 f(zj):   2.9906386587200498e-67 pn(zj):   2.0793641123820210e+00
zj:   1.0300791735073985e-71 f(zj):   1.3150589006203966e-47 pn(zj):   2.0697426220671256e+00
zj:   1.2005398855406315e-71 f(zj):   1.8993513988052657e-52 pn(zj):   2.0601590376848717e+00
zj:   1.1829513743980016e-76 f(zj):  8.1642195725457929e+204 pn(zj):   2.0506132345817605e+00
zj:  6.0136196164698546e-154 f(zj):   3.5335572156825139e-57 pn(zj):   2.0411050884402444e+00
zj:   5.6458033680942310e-38 f(zj):   4.4241898042841788e-62 pn(zj):   2.0316344752780044e+00
zj:   2.5789395987538941e-57 f(zj):   5.2074930291907752e-90 pn(zj):   2.0222012714472264e+00
zj:  8.6127586445731134e+183 f(zj):  3.5230863936829958e-109 pn(zj):   2.0128053536338788e+00
zj:  6.0136181703254192e-154 f(zj):   5.0488766876023010e-38 pn(zj):   2.0034465988569945e+00
zj:   4.4658917054817753e-33 f(zj):   4.9141461909219595e-62 pn(zj):   1.9941248844679498e+00
zj:   3.7007859655135399e-33 f(zj):   5.2065079604247028e-90 pn(zj):   1.9848400881497463e+00
zj:  1.2569379134356267e+232 f(zj):  8.2012590046512156e+204 pn(zj):   1.9755920879162958e+00
zj:  6.0513972685449602e-154 f(zj):   5.6001228542662884e-67 pn(zj):   1.9663807621117027e+00
zj:   1.1428355845721965e-71 f(zj):   3.8881304235923694e-33 pn(zj):   1.9572059894095513e+00
zj:   3.7000453580642156e-33 f(zj):  3.9213201411361855e+179 pn(zj):   1.9480676488121911e+00
zj:  1.3160769791185602e-259 f(zj):  1.9701896698966844e-153 pn(zj):   1.9389656196500251e+00
zj:   4.6499918984570840e-86 f(zj):   1.0303071651694736e-71 pn(zj):   1.9298997815808008e+00
zj:   9.9653339489698484e-43 f(zj):   9.5081740633060780e-43 pn(zj):   1.9208700145888979e+00
zj:   1.7445034382972722e-76 f(zj):   2.5801676225103674e-57 pn(zj):   1.9118761989846216e+00
zj:  2.7680679381555173e+280 f(zj):  1.9512347655568931e-153 pn(zj):   1.9029182154034936e+00
zj:   3.4435330884136163e-86 f(zj):   1.2564737347672471e-71 pn(zj):   1.8939959448055483e+00
zj:   7.1186285195130790e-38 f(zj):   7.4090627778540766e-38 pn(zj):   1.8851092684746256e+00
zj:   1.7957685502243807e-52 f(zj):   3.3760961382429785e-57 pn(zj):   1.8762580680176697e+00
zj:   7.2730893810847111e-43 f(zj):   1.6039704617400945e-28 pn(zj):   1.8674422253640230e+00
zj:  2.7680679043182526e+280 f(zj):   4.4673904485797079e-33 pn(zj):   1.8586616227647283e+00
zj:   3.8456860250908060e-86 f(zj):   5.6424599026984864e-62 pn(zj):   1.8499161427918271e+00
zj:   4.1839592720770052e-62 f(zj):   4.4696768089505820e-33 pn(zj):   1.8412056683376588e+00
zj:   2.5282387684786953e-52 f(zj):   4.6617496652161859e-62 pn(zj):   1.8325300826141662e+00
zj:  6.1799881803322050e-114 f(zj):   1.6039704617400945e-28 pn(zj):   1.8238892691521962e+00
zj:   4.5633524455567166e-72 f(zj):   6.2358373207549764e-38 pn(zj):   1.8152831118008055e+00
zj:   2.0906261887499739e-76 f(zj):   1.5871401083015041e-47 pn(zj):   1.8067114947265659e+00
zj:   4.2778331575442296e-33 f(zj):   1.1829526947064263e-76 pn(zj):   1.7981743024128702e+00
zj:  8.1642195725457940e+204 f(zj):  6.0136196164698546e-154 pn(zj):   1.7896714196592427e+00
zj:   8.1524310001196104e-43 f(zj):   1.6566351148644332e-47 pn(zj):   1.7812027315806449e+00
zj:   1.4871077741328094e-76 f(zj):   2.0889486305762259e-76 pn(zj):   1.7727681236067885e+00
zj:   5.2017139388668884e-90 f(zj):  8.6107000958299936e+183 pn(zj):   1.7643674814814465e+00
zj:  3.5230863936823911e-109 f(zj):  6.0136181703254192e-154 pn(zj):   1.7560006912617634e+00
zj:   1.9155399338234342e-76 f(zj):   4.0837208713626763e-33 pn(zj):   1.7476676393175719e+00
zj:   7.7180083793997939e-43 f(zj):   5.9420131475724153e-38 pn(zj):   1.7393682123307073e+00
zj:   5.2055605208008703e-90 f(zj):  1.2572399551481537e+232 pn(zj):   1.7311022972943213e+00
zj:  8.2012590046517803e+204 f(zj):  6.0513972685449602e-154 pn(zj):   1.7228697815122025e+00
zj:   4.4363004641255661e-38 f(zj):   1.4275968508236464e-71 pn(zj):   1.7146705525980921e+00
zj:   1.8997592427077141e-52 f(zj):   5.0615312899196893e-38 pn(zj):   1.7065044984750042e+00
zj:  2.6258628186826390e+179 f(zj):  1.3160769790244339e-259 pn(zj):   1.6983715073745487e+00
zj:  1.9701896698966844e-153 f(zj):   4.0467624934412994e-86 pn(zj):   1.6902714678362494e+00
zj:   1.1097885113041658e-47 f(zj):   8.1716858396334047e-43 pn(zj):   1.6822042687068688e+00
zj:   8.9733810892098708e-67 f(zj):   7.8591534228800228e-67 pn(zj):   1.6741697991397331e+00
zj:   2.0896051552388534e-76 f(zj):  2.7680679043446673e+280 pn(zj):   1.6661679485940559e+00
zj:  1.9512347655568931e-153 f(zj):   4.0467624934294009e-86 pn(zj):   1.6581986068342658e+00
zj:   5.6424599026984864e-62 f(zj):   2.0909701279979319e-76 pn(zj):   1.6502616639293328e+00
zj:   4.4696768089505820e-33 f(zj):   1.5734720488456069e-76 pn(zj):   1.6423570102520979e+00
zj:   4.6617496652161859e-62 f(zj):  6.1799881318302603e-114 pn(zj):   1.6344845364786029e+00
zj:   1.6039704617400945e-28 f(zj):   4.5633524455567166e-72 pn(zj):   1.6266441335874204e+00
zj:   6.2358373207549764e-38 f(zj):   1.4497599818591041e-47 pn(zj):   1.6188356928589871e+00
zj:   1.5871401083015041e-47 f(zj):   6.2335818270857311e-38 pn(zj):   1.6110591058749364e+00
zj:   1.1829526947064263e-76 f(zj):  8.1642195725457951e+204 pn(zj):   1.6033142645174325e+00
zj:  6.0136196164698546e-154 f(zj):   7.8562664146843365e-67 pn(zj):   1.5956010609685070e+00
zj:   1.6566351148644332e-47 f(zj):   3.8571591004629611e-57 pn(zj):   1.5879193877093938e+00
zj:   2.0889486305762259e-76 f(zj):   5.2036466518517569e-90 pn(zj):   1.5802691375198685e+00
zj:  8.6107000958299936e+183 f(zj):  3.5230863936822706e-109 pn(zj):   1.5726502034775867e+00
zj:  6.0136181703254192e-154 f(zj):   1.5176502239414067e-47 pn(zj):   1.5650624789574232e+00
zj:   4.0837208713626763e-33 f(zj):   7.8678808775527002e-67 pn(zj):   1.5575058576308143e+00
zj:   5.9420131475724153e-38 f(zj):   5.2093994808399655e-90 pn(zj):   1.5499802334651001e+00
zj:  1.2572399551481537e+232 f(zj):  8.2012590046500738e+204 pn(zj):   1.5424855007228659e+00
zj:  6.0513972685449602e-154 f(zj):   4.4363004641255661e-38 pn(zj):   1.5350215539612897e+00
zj:   1.4275968508236464e-71 f(zj):   8.9719151794798359e-67 pn(zj):   1.5275882880314853e+00
zj:   5.0615312899196893e-38 f(zj):  2.9519531228614473e+179 pn(zj):   1.5201855980778500e+00
zj:  1.3160769790244339e-259 f(zj):  1.9701896698966844e-153 pn(zj):   1.5128133795374128e+00
zj:   4.0467624934412994e-86 f(zj):   7.4125199736388103e-38 pn(zj):   1.5054715281391831e+00
zj:   8.1716858396334047e-43 f(zj):   6.7507551283564725e-67 pn(zj):   1.4981599399034995e+00
zj:   1.7978125118921853e-52 f(zj):   2.7388593735675873e-57 pn(zj):   1.4908785111413838e+00
zj:   3.0568842069572866e-57 f(zj):  1.9512347655568931e-153 pn(zj):   1.4836271384538904e+00
zj:  1.3160769791002992e-259 f(zj):   3.6955368894855717e-33 pn(zj):   1.4764057187314612e+00
zj:   3.4435330884255147e-86 f(zj):   7.2695724232228835e-43 pn(zj):   1.4692141491532800e+00
zj:   1.1996546817163553e-71 f(zj):   6.0045560515559608e-67 pn(zj):   1.4620523271866275e+00
zj:   5.1581748782909415e-62 f(zj):   4.0822021072292158e-33 pn(zj):   1.4549201505862390e+00
zj:  2.7680679043182526e+280 f(zj):  1.9512347655568931e-153 pn(zj):   1.4478175173936618e+00
zj:   3.6446095567522111e-86 f(zj):   2.2158350128794447e-52 pn(zj):   1.4407443259366128e+00
zj:   8.6201013220096938e-43 f(zj):   2.5270153113266498e-52 pn(zj):   1.4337004748283411e+00
zj:   5.6443628559734230e-62 f(zj):   4.6617496358999708e-62 pn(zj):   1.4266858629669867e+00
zj:  6.1799881803322050e-114 f(zj):   1.6039704617400945e-28 pn(zj):   1.4197003895349447e+00
zj:   4.5633524455567166e-72 f(zj):   1.5876704643848866e-47 pn(zj):   1.4127439539982269e+00
zj:   2.5282371630624831e-52 f(zj):   5.6443480190911177e-62 pn(zj):   1.4058164561058275e+00
zj:   5.8826867258162556e-62 f(zj):   1.1829520178427003e-76 pn(zj):   1.3989177958890879e+00
zj:  8.1642195725457951e+204 f(zj):  6.0136196164698546e-154 pn(zj):   1.3920478736610631e+00
zj:   1.6893196417580117e-52 f(zj):   4.6691605864895872e-62 pn(zj):   1.3852065900158905e+00
zj:   4.2733046003547302e-33 f(zj):   1.2003187895973535e-71 pn(zj):   1.3783938458281577e+00
zj:   5.2065268042861025e-90 f(zj):  8.6107000958333713e+183 pn(zj):   1.3716095422522725e+00
zj:  3.5230863936828757e-109 f(zj):  6.0136181703254192e-154 pn(zj):   1.3648535807218343e+00
zj:   1.2011996683519638e-71 f(zj):   8.6082901119343188e-67 pn(zj):   1.3581258629490054e+00
zj:   2.2142037427957021e-52 f(zj):   7.1105883771012814e-38 pn(zj):   1.3514262909238848e+00
zj:   8.3185700024100465e-72 f(zj):  1.2575408123835173e+232 pn(zj):   1.3447547669138822e+00
zj:  8.2012590046503579e+204 f(zj):  6.0513972685449602e-154 pn(zj):   1.3381111934630936e+00
zj:   2.4049233005016952e-57 f(zj):   1.0314126048646754e-71 pn(zj):   1.3314954733916764e+00
zj:   5.6400949158524162e-38 f(zj):   7.1245624397634621e-67 pn(zj):   1.3249075097952290e+00
zj:  3.2723425192179478e+179 f(zj):  1.3160769790049892e-259 pn(zj):   1.3183472060441670e+00
zj:  1.9701896698966844e-153 f(zj):   3.4435330884255147e-86 pn(zj):   1.3118144657831048e+00
zj:   7.2695724232228835e-43 f(zj):   6.5251506120366727e-38 pn(zj):   1.3053091929302347e+00
zj:   6.0045560515559608e-67 f(zj):   5.1553336838828560e-62 pn(zj):   1.2988312916767097e+00
zj:   4.0822021072292158e-33 f(zj):  2.7680678976089121e+280 pn(zj):   1.2923806664860265e+00
zj:  1.9512347655568931e-153 f(zj):   4.4489154301065906e-86 pn(zj):   1.2859572220934077e+00
zj:   2.2158350128794447e-52 f(zj):   1.6925856113468427e-52 pn(zj):   1.2795608635051887e+00
zj:   2.5270153113266498e-52 f(zj):   4.7642228920365435e-38 pn(zj):   1.2731914959982029e+00
zj:   4.6617496358999708e-62 f(zj):  6.1799881803794778e-114 pn(zj):   1.2668490251191691e+00
zj:   1.6039704617400945e-28 f(zj):   4.5633524455567166e-72 pn(zj):   1.2605333566840784e+00
zj:   1.5876704643848866e-47 f(zj):   4.4260628957160294e-62 pn(zj):   1.2542443967775860e+00
zj:   5.6443480190911177e-62 f(zj):   8.1664377857329814e-43 pn(zj):   1.2479820517523987e+00
zj:   1.1829520178427003e-76 f(zj):  8.1642195725457918e+204 pn(zj):   1.2417462282286686e+00
zj:  6.0136196164698546e-154 f(zj):   1.7937276994298103e-52 pn(zj):   1.2355368330933831e+00
zj:   4.6691605864895872e-62 f(zj):   8.9821028407245001e-67 pn(zj):   1.2293537734997610e+00
zj:   1.2003187895973535e-71 f(zj):   5.2055492121407747e-90 pn(zj):   1.2231969568666448e+00
zj:  8.6107000958333713e+183 f(zj):  3.5230863936822711e-109 pn(zj):   1.2170662908778977e+00
zj:  6.0136181703254192e-154 f(zj):   4.7550165523619866e-38 pn(zj):   1.2109616834818000e+00
zj:   8.6082901119343188e-67 f(zj):   8.6010002016701168e-67 pn(zj):   1.2048830428904458e+00
zj:   7.1105883771012814e-38 f(zj):   5.2084405711686743e-90 pn(zj):   1.1988302775791428e+00
zj:  1.2575408123835173e+232 f(zj):  8.2012590046503557e+204 pn(zj):   1.1928032962858126e+00
zj:  6.0513972685449602e-154 f(zj):   2.4049233005016952e-57 pn(zj):   1.1868020080103898e+00
zj:   1.0314126048646754e-71 f(zj):   1.8301890746605942e-76 pn(zj):   1.1808263220142248e+00
zj:   4.6592370166637575e-33 f(zj):  2.6296643063517434e+179 pn(zj):   1.1748761478194876e+00
zj:   4.0807233836388435e-33 f(zj):  1.9701896698966844e-153 pn(zj):   1.1689513952085704e+00
zj:  1.2584540443849262e+232 f(zj):  8.2012590046503579e+204 pn(zj):   1.1630519742234933e+00
zj:  6.0513972685449602e-154 f(zj):   8.5440039061584201e-72 pn(zj):   1.1571777951653102e+00
zj:   8.9719604130531528e-67 f(zj):   2.6309995879055411e-52 pn(zj):   1.1513287685935165e+00
zj:   7.4896816054901444e-67 f(zj):  3.2723375438138468e+179 pn(zj):   1.1455048053254562e+00
zj:  1.3160769791567140e-259 f(zj):  1.9701896698966844e-153 pn(zj):   1.1397058164357319e+00
zj:   4.0467624934412994e-86 f(zj):   2.1110207415424394e-52 pn(zj):   1.1339317132556148e+00
zj:   9.1777184709691296e-72 f(zj):   3.8941400811086014e-33 pn(zj):   1.1281824073724560e+00
zj:   2.4230150540204085e-52 f(zj):   7.1201827276160665e-67 pn(zj):   1.1224578106290988e+00
zj:  2.7680679110275932e+280 f(zj):  1.9512347655568931e-153 pn(zj):   1.1167578351232919e+00
zj:   1.0330403309464016e-47 f(zj):   1.8993482124028462e-52 pn(zj):   1.1110823932071039e+00
zj:   1.1084500369012620e-47 f(zj):   3.9399121110077421e-62 pn(zj):   1.1054313974863386e+00
zj:  3.2742296404443639e+179 f(zj):   2.5801676225855635e-57 pn(zj):   1.0998047608199519e+00
zj:  6.1799882046311469e-114 f(zj):   1.6039704617400945e-28 pn(zj):   1.0942023963194687e+00
zj:   4.5633524455567166e-72 f(zj):   5.3946033716325513e-62 pn(zj):   1.0886242173484013e+00
zj:   1.2573641373576359e-71 f(zj):   6.7522268745809124e-67 pn(zj):   1.0830701375216694e+00
zj:   1.0853447931546099e-42 f(zj):   1.1829526819077911e-76 pn(zj):   1.0775400707050207e+00
zj:  8.1642195725457929e+204 f(zj):   5.5168913069857425e-48 pn(zj):   1.0720339310144515e+00
zj:   4.7550165523619866e-38 f(zj):   8.6140516774650127e-67 pn(zj):   1.0665516328156310e+00
zj:   1.3150536926438793e-47 f(zj):   1.9192548441989763e-76 pn(zj):   1.0610930907233229e+00
zj:   5.2055567027675736e-90 f(zj):  8.6065263864268356e+183 pn(zj):   1.0556582196008113e+00
zj:  3.5230863936823907e-109 f(zj):  6.0136181703254192e-154 pn(zj):   1.0502469345593264e+00
zj:   2.0056086072346461e-76 f(zj):   3.9351569090051077e-62 pn(zj):   1.0448591509574703e+00
zj:   4.6652732146401342e-33 f(zj):   7.4998522432913987e-67 pn(zj):   1.0394947844006455e+00
zj:   8.3185829734639924e-72 f(zj):  1.2572411396252445e+232 pn(zj):   1.0341537507404832e+00
zj:  8.2012590046503579e+204 f(zj):  6.0513972685449602e-154 pn(zj):   1.0288359660742732e+00
zj:   8.5440039061584201e-72 f(zj):   7.7197668705425681e-43 pn(zj):   1.0235413467443939e+00
zj:   2.6309995879055411e-52 f(zj):   5.1562758082088332e-62 pn(zj):   1.0182698093377456e+00
zj:  3.2723375438138468e+179 f(zj):  1.3160769790428449e-259 pn(zj):   1.0130212706851813e+00
zj:  1.9701896698966844e-153 f(zj):   4.8510683667956789e-86 pn(zj):   1.0077956478609418e+00
zj:   2.1110207415424394e-52 f(zj):   1.1426188370222793e-71 pn(zj):   1.0025928581820900e+00
zj:   3.8941400811086014e-33 f(zj):   5.3507862154712298e-38 pn(zj):   9.9741281920794667e-01
zj:   7.1201827276160665e-67 f(zj):  2.7680679381555173e+280 pn(zj):   9.9225544873952720e-01
zj:  1.9512347655568931e-153 f(zj):   3.6446095567522111e-86 pn(zj):   9.8712066481897931e-01
zj:   1.8993482124028462e-52 f(zj):   6.2370347313926076e-38 pn(zj):   9.8200838572902183e-01
zj:   3.9399121110077421e-62 f(zj):   9.7370832083037608e-72 pn(zj):   9.7691852999238471e-01
zj:   2.5801676225855635e-57 f(zj):  6.1799881198229563e-114 pn(zj):   9.7185101637124949e-01
zj:   1.6039704617400945e-28 f(zj):   4.5633524455567166e-72 pn(zj):   9.6680576386669081e-01
zj:   5.3946033716325513e-62 f(zj):   1.0849903631403669e-42 pn(zj):   9.6178269171811981e-01
zj:   6.7522268745809124e-67 f(zj):   1.1774063345918795e-47 pn(zj):   9.5678171940272760e-01
zj:   1.1829526819077911e-76 f(zj):  8.1642195725457918e+204 pn(zj):   9.5180276663492969e-01
zj:   5.5168913069857425e-48 f(zj):   5.9305243556495316e-38 pn(zj):   9.4684575336581212e-01
zj:   8.6140516774650127e-67 f(zj):   3.3754952208082320e-57 pn(zj):   9.4191059978257796e-01
zj:   1.9192548441989763e-76 f(zj):   5.2046016403893901e-90 pn(zj):   9.3699722630799509e-01
zj:  8.6065263864268356e+183 f(zj):  3.5230863936828762e-109 pn(zj):   9.3210555359984515e-01
zj:  6.0136181703254192e-154 f(zj):   8.6038810602978113e-67 pn(zj):   9.2723550255037268e-01
zj:   3.9351569089971426e-62 f(zj):   1.3696723310891134e-71 pn(zj):   9.2238699428573623e-01
zj:   1.4500303987119221e-47 f(zj):   7.7526203368464232e-72 pn(zj):   9.1755995016545988e-01
zj:   2.7426219356094553e-57 f(zj):  8.2012590046520710e+204 pn(zj):   9.1275429178188594e-01
zj:  8.6023848556499316e+183 f(zj):  3.5230863936828757e-109 pn(zj):   9.0796994095962835e-01
zj:  6.0136181703254192e-154 f(zj):   9.1666211934807950e-72 pn(zj):   9.0320681975502781e-01
zj:   8.6097390206732849e-67 f(zj):   2.3181911807635880e-52 pn(zj):   8.9846485045560653e-01
zj:   9.7481632440134607e-72 f(zj):   5.0807345696146886e-67 pn(zj):   8.9374395557952580e-01
zj:  1.2569379134355547e+232 f(zj):  8.2012590046506375e+204 pn(zj):   8.8904405787504248e-01
zj:  6.0513972685449602e-154 f(zj):   8.5528473427588368e-72 pn(zj):   8.8436508031996852e-01
zj:   1.6558301449900010e-47 f(zj):   7.7232496707866577e-43 pn(zj):   8.7970694612112976e-01
zj:   5.6415252407104081e-62 f(zj):  3.2780311186399399e+179 pn(zj):   8.7506957871382640e-01
zj:  1.3973781872869430e-259 f(zj):  1.9701896699140502e-153 pn(zj):   8.7045290176129497e-01
zj:   3.4435330884255147e-86 f(zj):   5.6412115399876425e-38 pn(zj):   8.6585683915417033e-01
zj:   3.6955285094974292e-33 f(zj):   4.8541046154974253e-33 pn(zj):   8.6128131500994887e-01
zj:   1.0298675842295059e-71 f(zj):   5.8807660672784310e-62 pn(zj):   8.5672625367245359e-01
zj:  2.7680679381026879e+280 f(zj):  1.9512347655568931e-153 pn(zj):   8.5219157971129822e-01
zj:   4.6499918984451855e-86 f(zj):   4.7607476713655062e-38 pn(zj):   8.4767721792135498e-01
zj:   4.6644091222770847e-62 f(zj):   5.3542524676270797e-38 pn(zj):   8.4318309332222041e-01
zj:   7.1202326268804877e-67 f(zj):   3.1184848188745773e-33 pn(zj):   8.3870913115768453e-01
zj:  6.1799881199175020e-114 f(zj):   1.6039704617400945e-28 pn(zj):   8.3425525689519953e-01
zj:   1.5528283712684925e-33 f(zj):   4.4658858961667145e-33 pn(zj):   8.2982139622535023e-01
zj:   2.6334529493994001e-52 f(zj):   4.0874765759500056e-33 pn(zj):   8.2540747506132472e-01
zj:   7.4079148169766390e-38 f(zj):   1.2693156852233465e-76 pn(zj):   8.2101341953838680e-01
zj:  8.1642243567575263e+204 f(zj):   5.5168913069857437e-48 pn(zj):   8.1663915601334891e-01
zj:   3.6928591141997304e-57 f(zj):   1.3692318796665750e-71 pn(zj):   8.1228461106404581e-01
zj:   1.4505691195811506e-47 f(zj):   3.3133576867223661e-33 pn(zj):   8.0794971148880990e-01
zj:   5.2036465932167209e-90 f(zj):  8.6065263864268356e+183 pn(zj):   8.0363438430594669e-01
zj:  3.5230863936828757e-109 f(zj):  6.0136181703254192e-154 pn(zj):   7.9933855675321197e-01
zj:   9.1666211934807950e-72 f(zj):   1.0307493539060346e-71 pn(zj):   7.9506215628728927e-01
zj:   2.3181911807635880e-52 f(zj):   4.4659152269846802e-33 pn(zj):   7.9080511058326897e-01
zj:   5.0807345696146886e-67 f(zj):  1.2572411396251753e+232 pn(zj):   7.8656734753412705e-01
zj:  8.2012590046506375e+204 f(zj):  6.0513972685449602e-154 pn(zj):   7.8234879525020740e-01
zj:   8.5528473427588368e-72 f(zj):   1.1081816917841944e-47 pn(zj):   7.7814938205870132e-01
zj:   7.7232496707866577e-43 f(zj):   6.0118231899695635e-67 pn(zj):   7.7396903650313176e-01
zj:  3.2780311186399399e+179 f(zj):  1.3973781872495293e-259 pn(zj):   7.6980768734283544e-01
zj:  1.9701896699140502e-153 f(zj):   4.8510683667956789e-86 pn(zj):   7.6566526355244846e-01
zj:   5.6412115399876425e-38 f(zj):   6.0176075049808240e-67 pn(zj):   7.6154169432139041e-01
zj:   4.8541046154974253e-33 f(zj):   3.8941371310288602e-33 pn(zj):   7.5743690905335159e-01
zj:   5.8807660672784310e-62 f(zj):  2.7680679381555173e+280 pn(zj):   7.5335083736577968e-01
zj:  1.9512347655568931e-153 f(zj):   3.6446095567522111e-86 pn(zj):   7.4928340908936819e-01
zj:   4.7607476713655062e-38 f(zj):   5.0523566913715191e-38 pn(zj):   7.4523455426754526e-01
zj:   5.3542524676270797e-38 f(zj):   2.0916421776138944e-76 pn(zj):   7.4120420315596403e-01
zj:   3.1184848188745773e-33 f(zj):  6.1799881198229563e-114 pn(zj):   7.3719228622199273e-01
zj:   1.6039704617400945e-28 f(zj):   2.3694280567451363e-38 pn(zj):   7.3319873414420811e-01
zj:   4.4658858961667145e-33 f(zj):   2.5270105071591384e-52 pn(zj):   7.2922347781188690e-01
zj:   4.0874765759500056e-33 f(zj):   2.3165694442158012e-52 pn(zj):   7.2526644832449960e-01
zj:   1.2693156852233465e-76 f(zj):  8.1642243567575207e+204 pn(zj):   7.2132757699120598e-01
zj:   5.5168913069857437e-48 f(zj):   3.6928761302571308e-57 pn(zj):   7.1740679533035012e-01
zj:   1.6039704617400945e-28 f(zj):   1.7448420807486856e-76 pn(zj):   7.1350403506895710e-01
zj:   3.6947165137197605e-57 f(zj):   5.2074631104099660e-90 pn(zj):   7.0961922814223011e-01
zj:   1.6581470290936300e-76 f(zj):   9.1688663975392154e-72 pn(zj):   7.0575230669304934e-01
zj:   1.2693137033333613e-76 f(zj):  8.1642243567575185e+204 pn(zj):   7.0190320307147069e-01
zj:  6.0136196164698559e-154 f(zj):   2.3157456845020478e-52 pn(zj):   6.9807184983422665e-01
zj:   2.0056151914042682e-76 f(zj):   2.1759731928355703e-76 pn(zj):   6.9425817974422699e-01
zj:   3.1177525453182114e-33 f(zj):   5.2007514154114692e-90 pn(zj):   6.9046212577006061e-01
zj:  8.6148009842657134e+183 f(zj):  3.5230863936827556e-109 pn(zj):   6.8668362108549919e-01
zj:  6.0136181703254192e-154 f(zj):   1.1755415612931800e-47 pn(zj):   6.8292259906900021e-01
zj:   7.4998466499034254e-67 f(zj):   2.4246400264390001e-52 pn(zj):   6.7917899330321285e-01
zj:   6.5297379195896439e-38 f(zj):   5.2046053418989113e-90 pn(zj):   6.7545273757448232e-01
zj:  1.2584540443852089e+232 f(zj):  8.2012590046500750e+204 pn(zj):   6.7174376587235796e-01
zj:  6.0513972685449602e-154 f(zj):   1.3047235845350239e-76 pn(zj):   6.6805201238909928e-01
zj:   2.5820534799141178e-57 f(zj):   1.5181838065803649e-47 pn(zj):   6.6437741151918595e-01
zj:   2.6330466797985583e-52 f(zj):  3.2742419779423752e+179 pn(zj):   6.6071989785882579e-01
zj:  1.3973781872300828e-259 f(zj):  1.9701896699140502e-153 pn(zj):   6.5707940620546579e-01
zj:   3.8456860251027045e-86 f(zj):   6.1286255526992928e-62 pn(zj):   6.5345587155730334e-01
zj:   1.2005390219633602e-71 f(zj):   4.6672614151549868e-62 pn(zj):   6.4984922911279763e-01
zj:   1.6925888223504659e-52 f(zj):   1.5858569601959703e-47 pn(zj):   6.4625941427018341e-01
zj:  2.7680679381291026e+280 f(zj):  1.9512347655568931e-153 pn(zj):   6.4268636262698442e-01
zj:   4.2478389617679958e-86 f(zj):   6.7522210376546620e-67 pn(zj):   6.3913000997952829e-01
zj:   9.7348809525049777e-72 f(zj):   0.0000000000000000e+00 pn(zj):   6.3559029232246234e-01
zj:   1.9182494077070744e-76 f(zj):  6.3019555323988520e-319 pn(zj):   6.3206714584826984e-01
zj:  6.1799880958083482e-114 f(zj):   0.0000000000000000e+00 pn(zj):   6.2856050694678767e-01
zj:   3.6154602916643315e-43 f(zj):   0.0000000000000000e+00 pn(zj):   6.2507031220472498e-01
zj:   6.7594373934108577e-67 f(zj):   0.0000000000000000e+00 pn(zj):   6.2159649840518205e-01
zj:   9.1688663975392154e-72 f(zj):   0.0000000000000000e+00 pn(zj):   6.1813900252717058e-01
zj:  8.1642243567575185e+204 f(zj):   0.0000000000000000e+00 pn(zj):   6.1469776174513480e-01
zj:   2.3157456845020478e-52 f(zj):   0.0000000000000000e+00 pn(zj):   6.1127271342847334e-01
zj:   2.1759731928355703e-76 f(zj):   0.0000000000000000e+00 pn(zj):   6.0786379514106248e-01
zj:   5.2007514154114692e-90 f(zj):   0.0000000000000000e+00 pn(zj):   6.0447094464077922e-01
zj:  3.5230863936827556e-109 f(zj):   0.0000000000000000e+00 pn(zj):   6.0109409987902629e-01
zj:   1.1755415612931800e-47 f(zj):   0.0000000000000000e+00 pn(zj):   5.9773319900025768e-01
zj:   2.4246400264390001e-52 f(zj):   0.0000000000000000e+00 pn(zj):   5.9438818034150498e-01
zj:   5.2046053418989113e-90 f(zj):   0.0000000000000000e+00 pn(zj):   5.9105898243190458e-01
zj:  8.2012590046500750e+204 f(zj):   0.0000000000000000e+00 pn(zj):   5.8774554399222578e-01
zj:   1.3047235845350239e-76 f(zj):   0.0000000000000000e+00 pn(zj):   5.8444780393440010e-01
zj:   1.5181838065803649e-47 f(zj):   0.0000000000000000e+00 pn(zj):   5.8116570136105139e-01
zj:  3.2742419779423752e+179 f(zj):   0.0000000000000000e+00 pn(zj):   5.7789917556502568e-01
zj:  1.9701896699140502e-153 f(zj):   0.0000000000000000e+00 pn(zj):   5.7464816602892377e-01
zj:   6.1286255526992928e-62 f(zj):   0.0000000000000000e+00 pn(zj):   5.7141261242463370e-01
zj:   4.6672614151549868e-62 f(zj):   0.0000000000000000e+00 pn(zj):   5.6819245461286416e-01
zj:   1.5858569601959703e-47 f(zj):   0.0000000000000000e+00 pn(zj):   5.6498763264267793e-01
zj:  1.9512347655568931e-153 f(zj):   0.0000000000000000e+00 pn(zj):   5.6179808675102882e-01
zj:   6.7522210376546620e-67 f(zj):   0.0000000000000000e+00 pn(zj):   5.5862375736229586e-01
zj:   0.0000000000000000e+00 f(zj):   0.0000000000000000e+00 pn(zj):   5.5546458508782171e-01
zj:  6.3019555323988520e-319 f(zj):   0.0000000000000000e+00 pn(zj):   5.5232051072544952e-01
zj:   0.0000000000000000e+00 f(zj):   0.0000000000000000e+00 pn(zj):   5.4919147525906231e-01
zj:   0.0000000000000000e+00 f(zj):   0.0000000000000000e+00 pn(zj):   5.4607741985812197e-01
zj:   0.0000000000000000e+00 f(zj):   0.0000000000000000e+00 pn(zj):   5.4297828587720975e-01
zj:   0.0000000000000000e+00 f(zj):   0.0000000000000000e+00 pn(zj):   5.3989401485556798e-01
zj:   0.0000000000000000e+00 f(zj):   0.0000000000000000e+00 pn(zj):   5.3682454851664163e-01
zj:   0.0000000000000000e+00 f(zj):   0.0000000000000000e+00 pn(zj):   5.3376982876762158e-01
zj:   0.0000000000000000e+00 f(zj):   0.0000000000000000e+00 pn(zj):   5.3072979769898909e-01
zj:   0.0000000000000000e+00 f(zj):   0.0000000000000000e+00 pn(zj):   5.2770439758405918e-01
zj:   0.0000000000000000e+00 f(zj):   0.0000000000000000e+00 pn(zj):   5.2469357087852742e-01
zj:   0.0000000000000000e+00 f(zj):   0.0000000000000000e+00 pn(zj):   5.2169726022001572e-01
zj:   0.0000000000000000e+00 f(zj):   0.0000000000000000e+00 pn(zj):   5.1871540842762043e-01
zj:   0.0000000000000000e+00 f(zj):   0.0000000000000000e+00 pn(zj):   5.1574795850145927e-01
zj:   0.0000000000000000e+00 f(zj):   0.0000000000000000e+00 pn(zj):   5.1279485362222144e-01
zj:   0.0000000000000000e+00 f(zj):   0.0000000000000000e+00 pn(zj):   5.0985603715071692e-01
zj:   0.0000000000000000e+00 f(zj):   0.0000000000000000e+00 pn(zj):   5.0693145262742778e-01
zj:   0.0000000000000000e+00 f(zj):   0.0000000000000000e+00 pn(zj):   5.0402104377205892e-01
zj:   0.0000000000000000e+00 f(zj):   0.0000000000000000e+00 pn(zj):   5.0112475448309080e-01
zj:   0.0000000000000000e+00 f(zj):   0.0000000000000000e+00 pn(zj):   4.9824252883733378e-01
zj:   0.0000000000000000e+00 f(zj):   0.0000000000000000e+00 pn(zj):   4.9537431108948049e-01
zj:   0.0000000000000000e+00 f(zj):   0.0000000000000000e+00 pn(zj):   4.9252004567166197e-01
zj:   0.0000000000000000e+00 f(zj):   0.0000000000000000e+00 pn(zj):   4.8967967719300309e-01
zj:   0.0000000000000000e+00 f(zj):   0.0000000000000000e+00 pn(zj):   4.8685315043917965e-01
zj:   0.0000000000000000e+00 f(zj):   0.0000000000000000e+00 pn(zj):   4.8404041037197543e-01
zj:   0.0000000000000000e+00 f(zj):   0.0000000000000000e+00 pn(zj):   4.8124140212884048e-01
zj:   0.0000000000000000e+00 f(zj):   0.0000000000000000e+00 pn(zj):   4.7845607102245058e-01
zj:   0.0000000000000000e+00 f(zj):   0.0000000000000000e+00 pn(zj):   4.7568436254026758e-01
zj:   0.0000000000000000e+00 f(zj):   0.0000000000000000e+00 pn(zj):   4.7292622234409976e-01
zj:   0.0000000000000000e+00 f(zj):   0.0000000000000000e+00 pn(zj):   4.7018159626966372e-01
zj:   0.0000000000000000e+00 f(zj):   0.0000000000000000e+00 pn(zj):   4.6745043032614675e-01
zj:   0.0000000000000000e+00 f(zj):   0.0000000000000000e+00 pn(zj):   4.6473267069577084e-01
zj:   0.0000000000000000e+00 f(zj):   0.0000000000000000e+00 pn(zj):   4.6202826373335615e-01
zj:   0.0000000000000000e+00 f(zj):   0.0000000000000000e+00 pn(zj):   4.5933715596588665e-01
zj:   0.0000000000000000e+00 f(zj):   0.0000000000000000e+00 pn(zj):   4.5665929409207551e-01
zj:   0.0000000000000000e+00 f(zj):   0.0000000000000000e+00 pn(zj):   4.5399462498193244e-01
zj:   0.0000000000000000e+00 f(zj):   0.0000000000000000e+00 pn(zj):   4.5134309567633057e-01
zj:   0.0000000000000000e+00 f(zj):   0.0000000000000000e+00 pn(zj):   4.4870465338657528e-01
zj:   0.0000000000000000e+00 f(zj):   0.0000000000000000e+00 pn(zj):   4.4607924549397349e-01
zj:   0.0000000000000000e+00 f(zj):   0.0000000000000000e+00 pn(zj):   4.4346681954940315e-01
zj:   0.0000000000000000e+00 f(zj):   0.0000000000000000e+00 pn(zj):   4.4086732327288480e-01
zj:   0.0000000000000000e+00 f(zj):   0.0000000000000000e+00 pn(zj):   4.3828070455315260e-01
zj:   0.0000000000000000e+00 f(zj):   0.0000000000000000e+00 pn(zj):   4.3570691144722740e-01
zj:   0.0000000000000000e+00 f(zj):   0.0000000000000000e+00 pn(zj):   4.3314589217998978e-01
zj:   0.0000000000000000e+00 f(zj):   0.0000000000000000e+00 pn(zj):   4.3059759514375440e-01
zj:   0.0000000000000000e+00 f(zj):   0.0000000000000000e+00 pn(zj):   4.2806196889784431e-01
zj:   0.0000000000000000e+00 f(zj):   0.0000000000000000e+00 pn(zj):   4.2553896216816811e-01
zj:   0.0000000000000000e+00 f(zj):   0.0000000000000000e+00 pn(zj):   4.2302852384679512e-01
zj:   0.0000000000000000e+00 f(zj):   0.0000000000000000e+00 pn(zj):   4.2053060299153355e-01
zj:   0.0000000000000000e+00 f(zj):   0.0000000000000000e+00 pn(zj):   4.1804514882550869e-01
zj:   0.0000000000000000e+00 f(zj):   0.0000000000000000e+00 pn(zj):   4.1557211073674205e-01
zj:   0.0000000000000000e+00 f(zj):   0.0000000000000000e+00 pn(zj):   4.1311143827773056e-01
zj:   0.0000000000000000e+00 f(zj):   0.0000000000000000e+00 pn(zj):   4.1066308116502859e-01
zj:   0.0000000000000000e+00 f(zj):   0.0000000000000000e+00 pn(zj):   4.0822698927882795e-01
zj:   0.0000000000000000e+00 f(zj):   0.0000000000000000e+00 pn(zj):   4.0580311266254099e-01
zj:   0.0000000000000000e+00 f(zj):   0.0000000000000000e+00 pn(zj):   4.0339140152238406e-01
zj:   0.0000000000000000e+00 f(zj):   0.0000000000000000e+00 pn(zj):   4.0099180622696051e-01
zj:   0.0000000000000000e+00 f(zj):   0.0000000000000000e+00 pn(zj):   3.9860427730684622e-01
zj:   0.0000000000000000e+00 f(zj):   0.0000000000000000e+00 pn(zj):   3.9622876545417440e-01
zj:   0.0000000000000000e+00 f(zj):   0.0000000000000000e+00 pn(zj):   3.9386522152222259e-01
zj:   0.0000000000000000e+00 f(zj):   0.0000000000000000e+00 pn(zj):   3.9151359652499995e-01
zj:   0.0000000000000000e+00 f(zj):   0.0000000000000000e+00 pn(zj):   3.8917384163683399e-01
zj:   0.0000000000000000e+00 f(zj):   0.0000000000000000e+00 pn(zj):   3.8684590819196074e-01
zj:   0.0000000000000000e+00 f(zj):   0.0000000000000000e+00 pn(zj):   3.8452974768411363e-01
zj:   0.0000000000000000e+00 f(zj):   0.0000000000000000e+00 pn(zj):   3.8222531176611352e-01
zj:   0.0000000000000000e+00 f(zj):   0.0000000000000000e+00 pn(zj):   3.7993255224946076e-01
zj:   0.0000000000000000e+00 f(zj):   0.0000000000000000e+00 pn(zj):   3.7765142110392602e-01
zj:   0.0000000000000000e+00 f(zj):   0.0000000000000000e+00 pn(zj):   3.7538187045714411e-01
zj:   0.0000000000000000e+00 f(zj):   0.0000000000000000e+00 pn(zj):   3.7312385259420666e-01
zj:   0.0000000000000000e+00 f(zj):   0.0000000000000000e+00 pn(zj):   3.7087731995725703e-01
zj:   0.0000000000000000e+00 f(zj):   0.0000000000000000e+00 pn(zj):   3.6864222514508482e-01
zj:   0.0000000000000000e+00 f(zj):   0.0000000000000000e+00 pn(zj):   3.6641852091272220e-01
zj:   0.0000000000000000e+00 f(zj):   0.0000000000000000e+00 pn(zj):   3.6420616017104102e-01
zj:   0.0000000000000000e+00 f(zj):   0.0000000000000000e+00 pn(zj):   3.6200509598634933e-01
zj:   0.0000000000000000e+00 f(zj):   0.0000000000000000e+00 pn(zj):   3.5981528157998999e-01
zj:   0.0000000000000000e+00 f(zj):   0.0000000000000000e+00 pn(zj):   3.5763667032794011e-01
zj:   0.0000000000000000e+00 f(zj):   0.0000000000000000e+00 pn(zj):   3.5546921576041091e-01
zj:   0.0000000000000000e+00 f(zj):   0.0000000000000000e+00 pn(zj):   3.5331287156144764e-01
zj:   0.0000000000000000e+00 f(zj):   0.0000000000000000e+00 pn(zj):   3.5116759156853161e-01
zj:   0.0000000000000000e+00 f(zj):   0.0000000000000000e+00 pn(zj):   3.4903332977218215e-01
zj:   0.0000000000000000e+00 f(zj):   0.0000000000000000e+00 pn(zj):   3.4691004031555972e-01
zj:   0.0000000000000000e+00 f(zj):   0.0000000000000000e+00 pn(zj):   3.4479767749406942e-01
zj:   0.0000000000000000e+00 f(zj):   0.0000000000000000e+00 pn(zj):   3.4269619575496590e-01
zj:   0.0000000000000000e+00 f(zj):   0.0000000000000000e+00 pn(zj):   3.4060554969695855e-01
zj:   0.0000000000000000e+00 f(zj):   0.0000000000000000e+00 pn(zj):   3.3852569406981714e-01
zj:   0.0000000000000000e+00 f(zj):   0.0000000000000000e+00 pn(zj):   3.3645658377397925e-01
zj:   0.0000000000000000e+00 f(zj):   0.0000000000000000e+00 pn(zj):   3.3439817386015758e-01
zj:   0.0000000000000000e+00 f(zj):   0.0000000000000000e+00 pn(zj):   3.3235041952894884e-01
zj:   0.0000000000000000e+00 f(zj):   0.0000000000000000e+00 pn(zj):   3.3031327613044204e-01
zj:   0.0000000000000000e+00 f(zj):   0.0000000000000000e+00 pn(zj):   3.2828669916382947e-01
zj:   0.0000000000000000e+00 f(zj):   0.0000000000000000e+00 pn(zj):   3.2627064427701646e-01
zj:   0.0000000000000000e+00 f(zj):   0.0000000000000000e+00 pn(zj):   3.2426506726623383e-01
zj:   0.0000000000000000e+00 f(zj):   0.0000000000000000e+00 pn(zj):   3.2226992407564958e-01
zj:   0.0000000000000000e+00 f(zj):   0.0000000000000000e+00 pn(zj):   3.2028517079698160e-01
zj:   0.0000000000000000e+00 f(zj):   0.0000000000000000e+00 pn(zj):   3.1831076366911215e-01
zj:   0.0000000000000000e+00 f(zj):   0.0000000000000000e+00 pn(zj):   3.1634665907770243e-01
zj:   0.0000000000000000e+00 f(zj):   0.0000000000000000e+00 pn(zj):   3.1439281355480708e-01
zj:   0.0000000000000000e+00 f(zj):   0.0000000000000000e+00 pn(zj):   3.1244918377849129e-01
zj:   0.0000000000000000e+00 f(zj):   0.0000000000000000e+00 pn(zj):   3.1051572657244675e-01
zj:   0.0000000000000000e+00 f(zj):   0.0000000000000000e+00 pn(zj):   3.0859239890560985e-01
zj:   0.0000000000000000e+00 f(zj):   0.0000000000000000e+00 pn(zj):   3.0667915789178024e-01
zj:   0.0000000000000000e+00 f(zj):   0.0000000000000000e+00 pn(zj):   3.0477596078923896e-01
zj:   0.0000000000000000e+00 f(zj):   0.0000000000000000e+00 pn(zj):   3.0288276500036904e-01
zj:   0.0000000000000000e+00 f(zj):   0.0000000000000000e+00 pn(zj):   3.0099952807127672e-01
zj:   0.0000000000000000e+00 f(zj):   0.0000000000000000e+00 pn(zj):   2.9912620769141118e-01
zj:   0.0000000000000000e+00 f(zj):   0.0000000000000000e+00 pn(zj):   2.9726276169318855e-01
zj:   0.0000000000000000e+00 f(zj):   0.0000000000000000e+00 pn(zj):   2.9540914805161322e-01
zj:   0.0000000000000000e+00 f(zj):   0.0000000000000000e+00 pn(zj):   2.9356532488390275e-01
zj:   0.0000000000000000e+00 f(zj):   0.0000000000000000e+00 pn(zj):   2.9173125044911175e-01
zj:   0.0000000000000000e+00 f(zj):   0.0000000000000000e+00 pn(zj):   2.8990688314775648e-01
zj:   0.0000000000000000e+00 f(zj):   0.0000000000000000e+00 pn(zj):   2.8809218152144178e-01
zj:   0.0000000000000000e+00 f(zj):   0.0000000000000000e+00 pn(zj):   2.8628710425248693e-01
zj:   0.0000000000000000e+00 f(zj):   0.0000000000000000e+00 pn(zj):   2.8449161016355373e-01
zj:   0.0000000000000000e+00 f(zj):   0.0000000000000000e+00 pn(zj):   2.8270565821727389e-01
zj:   0.0000000000000000e+00 f(zj):   0.0000000000000000e+00 pn(zj):   2.8092920751587835e-01
zj:   0.0000000000000000e+00 f(zj):   0.0000000000000000e+00 pn(zj):   2.7916221730082680e-01
zj:   0.0000000000000000e+00 f(zj):   0.0000000000000000e+00 pn(zj):   2.7740464695243860e-01
zj:   0.0000000000000000e+00 f(zj):   0.0000000000000000e+00 pn(zj):   2.7565645598952271e-01
zj:   0.0000000000000000e+00 f(zj):   0.0000000000000000e+00 pn(zj):   2.7391760406901033e-01
zj:   0.0000000000000000e+00 f(zj):   0.0000000000000000e+00 pn(zj):   2.7218805098558796e-01
zj:   0.0000000000000000e+00 f(zj):   0.0000000000000000e+00 pn(zj):   2.7046775667132938e-01
zj:   0.0000000000000000e+00 f(zj):   0.0000000000000000e+00 pn(zj):   2.6875668119533114e-01
zj:   0.0000000000000000e+00 f(zj):   0.0000000000000000e+00 pn(zj):   2.6705478476334599e-01
zj:   0.0000000000000000e+00 f(zj):   0.0000000000000000e+00 pn(zj):   2.6536202771741979e-01
zj:   0.0000000000000000e+00 f(zj):   0.0000000000000000e+00 pn(zj):   2.6367837053552701e-01
zj:   0.0000000000000000e+00 f(zj):   0.0000000000000000e+00 pn(zj):   2.6200377383120765e-01
zj:   0.0000000000000000e+00 f(zj):   0.0000000000000000e+00 pn(zj):   2.6033819835320493e-01
zj:   0.0000000000000000e+00 f(zj):   0.0000000000000000e+00 pn(zj):   2.5868160498510495e-01
zj:   0.0000000000000000e+00 f(zj):   0.0000000000000000e+00 pn(zj):   2.5703395474497370e-01
zj:   0.0000000000000000e+00 f(zj):   0.0000000000000000e+00 pn(zj):   2.5539520878499944e-01
zj:   0.0000000000000000e+00 f(zj):   0.0000000000000000e+00 pn(zj):   2.5376532839113097e-01
zj:   0.0000000000000000e+00 f(zj):   0.0000000000000000e+00 pn(zj):   2.5214427498272096e-01
zj:   0.0000000000000000e+00 f(zj):   0.0000000000000000e+00 pn(zj):   2.5053201011216708e-01
zj:   0.0000000000000000e+00 f(zj):   0.0000000000000000e+00 pn(zj):   2.4892849546455509e-01
zj:   0.0000000000000000e+00 f(zj):   0.0000000000000000e+00 pn(zj):   2.4733369285730189e-01
zj:   0.0000000000000000e+00 f(zj):   0.0000000000000000e+00 pn(zj):   2.4574756423980071e-01
zj:   0.0000000000000000e+00 f(zj):   0.0000000000000000e+00 pn(zj):   2.4417007169306559e-01
zj:   0.0000000000000000e+00 f(zj):   0.0000000000000000e+00 pn(zj):   2.4260117742937670e-01
zj:   0.0000000000000000e+00 f(zj):   0.0000000000000000e+00 pn(zj):   2.4104084379192747e-01
zj:   0.0000000000000000e+00 f(zj):   0.0000000000000000e+00 pn(zj):   2.3948903325447157e-01
zj:   0.0000000000000000e+00 f(zj):   0.0000000000000000e+00 pn(zj):   2.3794570842097063e-01
zj:   0.0000000000000000e+00 f(zj):   0.0000000000000000e+00 pn(zj):   2.3641083202524249e-01
zj:   0.0000000000000000e+00 f(zj):   0.0000000000000000e+00 pn(zj):   2.3488436693061132e-01
zj:   0.0000000000000000e+00 f(zj):   0.0000000000000000e+00 pn(zj):   2.3336627612955707e-01
zj:   0.0000000000000000e+00 f(zj):   0.0000000000000000e+00 pn(zj):   2.3185652274336654e-01
zj:   0.0000000000000000e+00 f(zj):   0.0000000000000000e+00 pn(zj):   2.3035507002178379e-01
zj:   0.0000000000000000e+00 f(zj):   0.0000000000000000e+00 pn(zj):   2.2886188134266394e-01
zj:   0.0000000000000000e+00 f(zj):   0.0000000000000000e+00 pn(zj):   2.2737692021162514e-01
zj:   0.0000000000000000e+00 f(zj):   0.0000000000000000e+00 pn(zj):   2.2590015026170152e-01
zj:   0.0000000000000000e+00 f(zj):   0.0000000000000000e+00 pn(zj):   2.2443153525299875e-01
zj:   0.0000000000000000e+00 f(zj):   0.0000000000000000e+00 pn(zj):   2.2297103907234828e-01
zj:   0.0000000000000000e+00 f(zj):   0.0000000000000000e+00 pn(zj):   2.2151862573296288e-01
zj:   0.0000000000000000e+00 f(zj):   0.0000000000000000e+00 pn(zj):   2.2007425937409364e-01
zj:   0.0000000000000000e+00 f(zj):   0.0000000000000000e+00 pn(zj):   2.1863790426068652e-01
zj:   0.0000000000000000e+00 f(zj):   0.0000000000000000e+00 pn(zj):   2.1720952478304056e-01
zj:   0.0000000000000000e+00 f(zj):   0.0000000000000000e+00 pn(zj):   2.1578908545646591e-01
zj:   0.0000000000000000e+00 f(zj):   0.0000000000000000e+00 pn(zj):   2.1437655092094321e-01
zj:   0.0000000000000000e+00 f(zj):   0.0000000000000000e+00 pn(zj):   2.1297188594078431e-01
zj:   0.0000000000000000e+00 f(zj):   0.0000000000000000e+00 pn(zj):   2.1157505540429145e-01
zj:   0.0000000000000000e+00 f(zj):   0.0000000000000000e+00 pn(zj):   2.1018602432341915e-01
zj:   0.0000000000000000e+00 f(zj):   0.0000000000000000e+00 pn(zj):   2.0880475783343699e-01
zj:   0.0000000000000000e+00 f(zj):   0.0000000000000000e+00 pn(zj):   2.0743122119259116e-01
zj:   0.0000000000000000e+00 f(zj):   0.0000000000000000e+00 pn(zj):   2.0606537978176798e-01
zj:   0.0000000000000000e+00 f(zj):   0.0000000000000000e+00 pn(zj):   2.0470719910415902e-01
zj:   0.0000000000000000e+00 f(zj):   0.0000000000000000e+00 pn(zj):   2.0335664478492443e-01
zj:   0.0000000000000000e+00 f(zj):   0.0000000000000000e+00 pn(zj):   2.0201368257085972e-01
zj:   0.0000000000000000e+00 f(zj):   0.0000000000000000e+00 pn(zj):   2.0067827833006091e-01
zj:   0.0000000000000000e+00 f(zj):   0.0000000000000000e+00 pn(zj):   1.9935039805159205e-01
zj:   0.0000000000000000e+00 f(zj):   0.0000000000000000e+00 pn(zj):   1.9803000784515201e-01
zj:   0.0000000000000000e+00 f(zj):   0.0000000000000000e+00 pn(zj):   1.9671707394074345e-01
zj:   0.0000000000000000e+00 f(zj):   0.0000000000000000e+00 pn(zj):   1.9541156268834148e-01
zj:   0.0000000000000000e+00 f(zj):   0.0000000000000000e+00 pn(zj):   1.9411344055756308e-01
zj:   0.0000000000000000e+00 f(zj):   0.0000000000000000e+00 pn(zj):   1.9282267413733745e-01
zj:   0.0000000000000000e+00 f(zj):   0.0000000000000000e+00 pn(zj):   1.9153923013557683e-01
zj:   0.0000000000000000e+00 f(zj):   0.0000000000000000e+00 pn(zj):   1.9026307537884879e-01
zj:   0.0000000000000000e+00 f(zj):   0.0000000000000000e+00 pn(zj):   1.8899417681204755e-01
zj:   0.0000000000000000e+00 f(zj):   0.0000000000000000e+00 pn(zj):   1.8773250149806753e-01
zj:   0.0000000000000000e+00 f(zj):   0.0000000000000000e+00 pn(zj):   1.8647801661747743e-01
zj:   0.0000000000000000e+00 f(zj):   0.0000000000000000e+00 pn(zj):   1.8523068946819354e-01
zj:   0.0000000000000000e+00 f(zj):   0.0000000000000000e+00 pn(zj):   1.8399048746515589e-01
zj:   0.0000000000000000e+00 f(zj):   0.0000000000000000e+00 pn(zj):   1.8275737814000315e-01
zj:   0.0000000000000000e+00 f(zj):   0.0000000000000000e+00 pn(zj):   1.8153132914074932e-01
zj:   0.0000000000000000e+00 f(zj):   0.0000000000000000e+00 pn(zj):   1.8031230823146083e-01
zj:   0.0000000000000000e+00 f(zj):   0.0000000000000000e+00 pn(zj):   1.7910028329193417e-01
zj:   0.0000000000000000e+00 f(zj):   0.0000000000000000e+00 pn(zj):   1.7789522231737442e-01
zj:   0.0000000000000000e+00 f(zj):   0.0000000000000000e+00 pn(zj):   1.7669709341807427e-01
zj:   0.0000000000000000e+00 f(zj):   0.0000000000000000e+00 pn(zj):   1.7550586481909358e-01
zj:   0.0000000000000000e+00 f(zj):   0.0000000000000000e+00 pn(zj):   1.7432150485994025e-01
zj:   0.0000000000000000e+00 f(zj):   0.0000000000000000e+00 pn(zj):   1.7314398199425052e-01
zj:   0.0000000000000000e+00 f(zj):   0.0000000000000000e+00 pn(zj):   1.7197326478947172e-01
zj:   0.0000000000000000e+00 f(zj):   0.0000000000000000e+00 pn(zj):   1.7080932192654408e-01
zj:   0.0000000000000000e+00 f(zj):   0.0000000000000000e+00 pn(zj):   1.6965212219958381e-01
zj:   0.0000000000000000e+00 f(zj):   0.0000000000000000e+00 pn(zj):   1.6850163451556677e-01
zj:   0.0000000000000000e+00 f(zj):   0.0000000000000000e+00 pn(zj):   1.6735782789401343e-01
zj:   0.0000000000000000e+00 f(zj):   0.0000000000000000e+00 pn(zj):   1.6622067146667341e-01
zj:   0.0000000000000000e+00 f(zj):   0.0000000000000000e+00 pn(zj):   1.6509013447721133e-01
zj:   0.0000000000000000e+00 f(zj):   0.0000000000000000e+00 pn(zj):   1.6396618628089343e-01
zj:   0.0000000000000000e+00 f(zj):   0.0000000000000000e+00 pn(zj):   1.6284879634427418e-01
zj:   0.0000000000000000e+00 f(zj):   0.0000000000000000e+00 pn(zj):   1.6173793424488470e-01
zj:   0.0000000000000000e+00 f(zj):   0.0000000000000000e+00 pn(zj):   1.6063356967092013e-01
zj:   0.0000000000000000e+00 f(zj):   0.0000000000000000e+00 pn(zj):   1.5953567242092981e-01
zj:   0.0000000000000000e+00 f(zj):   0.0000000000000000e+00 pn(zj):   1.5844421240350559e-01
zj:   0.0000000000000000e+00 f(zj):   0.0000000000000000e+00 pn(zj):   1.5735915963697411e-01
zj:   0.0000000000000000e+00 f(zj):   0.0000000000000000e+00 pn(zj):   1.5628048424908547e-01
zj:   0.0000000000000000e+00 f(zj):   0.0000000000000000e+00 pn(zj):   1.5520815647670660e-01
zj:   0.0000000000000000e+00 f(zj):   0.0000000000000000e+00 pn(zj):   1.5414214666551296e-01
zj:   0.0000000000000000e+00 f(zj):   0.0000000000000000e+00 pn(zj):   1.5308242526968163e-01
zj:   0.0000000000000000e+00 f(zj):   0.0000000000000000e+00 pn(zj):   1.5202896285158418e-01
zj:   0.0000000000000000e+00 f(zj):   0.0000000000000000e+00 pn(zj):   1.5098173008148241e-01
zj:   0.0000000000000000e+00 f(zj):   0.0000000000000000e+00 pn(zj):   1.4994069773722152e-01
zj:   0.0000000000000000e+00 f(zj):   0.0000000000000000e+00 pn(zj):   1.4890583670392710e-01
zj:   0.0000000000000000e+00 f(zj):   0.0000000000000000e+00 pn(zj):   1.4787711797370029e-01
zj:   0.0000000000000000e+00 f(zj):   0.0000000000000000e+00 pn(zj):   1.4685451264531535e-01
zj:   0.0000000000000000e+00 f(zj):   0.0000000000000000e+00 pn(zj):   1.4583799192391622e-01
zj:   0.0000000000000000e+00 f(zj):   0.0000000000000000e+00 pn(zj):   1.4482752712071578e-01
zj:   0.0000000000000000e+00 f(zj):   0.0000000000000000e+00 pn(zj):   1.4382308965269386e-01
zj:   0.0000000000000000e+00 f(zj):   0.0000000000000000e+00 pn(zj):   1.4282465104229669e-01
zj:   0.0000000000000000e+00 f(zj):   0.0000000000000000e+00 pn(zj):   1.4183218291713706e-01
zj:   0.0000000000000000e+00 f(zj):   0.0000000000000000e+00 pn(zj):   1.4084565700969531e-01
zj:   0.0000000000000000e+00 f(zj):   0.0000000000000000e+00 pn(zj):   1.3986504515701970e-01
zj:   0.0000000000000000e+00 f(zj):   0.0000000000000000e+00 pn(zj):   1.3889031930042950e-01
zj:   0.0000000000000000e+00 f(zj):   0.0000000000000000e+00 pn(zj):   1.3792145148521706e-01
zj:   0.0000000000000000e+00 f(zj):   0.0000000000000000e+00 pn(zj):   1.3695841386035057e-01
zj:   0.0000000000000000e+00 f(zj):   0.0000000000000000e+00 pn(zj):   1.3600117867817885e-01
zj:   0.0000000000000000e+00 f(zj):   0.0000000000000000e+00 pn(zj):   1.3504971829413492e-01
zj:   0.0000000000000000e+00 f(zj):   0.0000000000000000e+00 pn(zj):   1.3410400516644227e-01
zj:   0.0000000000000000e+00 f(zj):   0.0000000000000000e+00 pn(zj):   1.3316401185581916e-01
zj:   0.0000000000000000e+00 f(zj):   0.0000000000000000e+00 pn(zj):   1.3222971102518599e-01
zj:   0.0000000000000000e+00 f(zj):   0.0000000000000000e+00 pn(zj):   1.3130107543937242e-01
zj:   0.0000000000000000e+00 f(zj):   0.0000000000000000e+00 pn(zj):   1.3037807796482415e-01
zj:   0.0000000000000000e+00 f(zj):   0.0000000000000000e+00 pn(zj):   1.2946069156931217e-01
zj:   0.0000000000000000e+00 f(zj):   0.0000000000000000e+00 pn(zj):   1.2854888932164066e-01
zj:   0.0000000000000000e+00 f(zj):   0.0000000000000000e+00 pn(zj):   1.2764264439135742e-01
zj:   0.0000000000000000e+00 f(zj):   0.0000000000000000e+00 pn(zj):   1.2674193004846368e-01
zj:   0.0000000000000000e+00 f(zj):   0.0000000000000000e+00 pn(zj):   1.2584671966312466e-01
zj:   0.0000000000000000e+00 f(zj):   0.0000000000000000e+00 pn(zj):   1.2495698670538080e-01
zj:   0.0000000000000000e+00 f(zj):   0.0000000000000000e+00 pn(zj):   1.2407270474486087e-01
zj:   0.0000000000000000e+00 f(zj):   0.0000000000000000e+00 pn(zj):   1.2319384745049300e-01
zj:   0.0000000000000000e+00 f(zj):   0.0000000000000000e+00 pn(zj):   1.2232038859021954e-01
zj:   0.0000000000000000e+00 f(zj):   0.0000000000000000e+00 pn(zj):   1.2145230203070911e-01
zj:   0.0000000000000000e+00 f(zj):   0.0000000000000000e+00 pn(zj):   1.2058956173707347e-01
zj:   0.0000000000000000e+00 f(zj):   0.0000000000000000e+00 pn(zj):   1.1973214177258007e-01
zj:   0.0000000000000000e+00 f(zj):   0.0000000000000000e+00 pn(zj):   1.1888001629836964e-01
zj:   0.0000000000000000e+00 f(zj):   0.0000000000000000e+00 pn(zj):   1.1803315957317173e-01
zj:   0.0000000000000000e+00 f(zj):   0.0000000000000000e+00 pn(zj):   1.1719154595302173e-01
zj:   0.0000000000000000e+00 f(zj):   0.0000000000000000e+00 pn(zj):   1.1635514989097873e-01
zj:   0.0000000000000000e+00 f(zj):   0.0000000000000000e+00 pn(zj):   1.1552394593684323e-01
zj:   0.0000000000000000e+00 f(zj):   0.0000000000000000e+00 pn(zj):   1.1469790873687635e-01
zj:   0.0000000000000000e+00 f(zj):   0.0000000000000000e+00 pn(zj):   1.1387701303351871e-01
zj:   0.0000000000000000e+00 f(zj):   0.0000000000000000e+00 pn(zj):   1.1306123366511145e-01
zj:   0.0000000000000000e+00 f(zj):   0.0000000000000000e+00 pn(zj):   1.1225054556561564e-01
zj:   0.0000000000000000e+00 f(zj):   0.0000000000000000e+00 pn(zj):   1.1144492376433401e-01
zj:   0.0000000000000000e+00 f(zj):   0.0000000000000000e+00 pn(zj):   1.1064434338563334e-01
zj:   0.0000000000000000e+00 f(zj):   0.0000000000000000e+00 pn(zj):   1.0984877964866580e-01
zj:   0.0000000000000000e+00 f(zj):   0.0000000000000000e+00 pn(zj):   1.0905820786709297e-01
zj:   0.0000000000000000e+00 f(zj):   0.0000000000000000e+00 pn(zj):   1.0827260344880885e-01
zj:   0.0000000000000000e+00 f(zj):   0.0000000000000000e+00 pn(zj):   1.0749194189566424e-01
zj:   0.0000000000000000e+00 f(zj):   0.0000000000000000e+00 pn(zj):   1.0671619880319227e-01
zj:   0.0000000000000000e+00 f(zj):   0.0000000000000000e+00 pn(zj):   1.0594534986033255e-01
zj:   0.0000000000000000e+00 f(zj):   0.0000000000000000e+00 pn(zj):   1.0517937084915829e-01
zj:   0.0000000000000000e+00 f(zj):   0.0000000000000000e+00 pn(zj):   1.0441823764460278e-01
zj:   0.0000000000000000e+00 f(zj):   0.0000000000000000e+00 pn(zj):   1.0366192621418624e-01
zj:   0.0000000000000000e+00 f(zj):   0.0000000000000000e+00 pn(zj):   1.0291041261774392e-01
zj:   0.0000000000000000e+00 f(zj):   0.0000000000000000e+00 pn(zj):   1.0216367300715423e-01
zj:   0.0000000000000000e+00 f(zj):   0.0000000000000000e+00 pn(zj):   1.0142168362606885e-01
zj:   0.0000000000000000e+00 f(zj):   0.0000000000000000e+00 pn(zj):   1.0068442080964080e-01
zj:   0.0000000000000000e+00 f(zj):   0.0000000000000000e+00 pn(zj):   9.9951860984255569e-02
zj:   0.0000000000000000e+00 f(zj):   0.0000000000000000e+00 pn(zj):   9.9223980667262346e-02
zj:   0.0000000000000000e+00 f(zj):   0.0000000000000000e+00 pn(zj):   9.8500756466704309e-02
zj:   0.0000000000000000e+00 f(zj):   0.0000000000000000e+00 pn(zj):   9.7782165081051531e-02
zj:   0.0000000000000000e+00 f(zj):   0.0000000000000000e+00 pn(zj):   9.7068183298933075e-02
zj:   0.0000000000000000e+00 f(zj):   0.0000000000000000e+00 pn(zj):   9.6358787998870432e-02
zj:   0.0000000000000000e+00 f(zj):   0.0000000000000000e+00 pn(zj):   9.5653956149011288e-02
zj:   0.0000000000000000e+00 f(zj):   0.0000000000000000e+00 pn(zj):   9.4953664806863625e-02
zj:   0.0000000000000000e+00 f(zj):   0.0000000000000000e+00 pn(zj):   9.4257891119031156e-02
zj:   0.0000000000000000e+00 f(zj):   0.0000000000000000e+00 pn(zj):   9.3566612320948095e-02
zj:   0.0000000000000000e+00 f(zj):   0.0000000000000000e+00 pn(zj):   9.2879805736616139e-02
zj:   0.0000000000000000e+00 f(zj):   0.0000000000000000e+00 pn(zj):   9.2197448778340463e-02
zj:   0.0000000000000000e+00 f(zj):   0.0000000000000000e+00 pn(zj):   9.1519518946467371e-02
zj:   0.0000000000000000e+00 f(zj):   0.0000000000000000e+00 pn(zj):   9.0845993829122285e-02
zj:   0.0000000000000000e+00 f(zj):   0.0000000000000000e+00 pn(zj):   9.0176851101947730e-02
zj:   0.0000000000000000e+00 f(zj):   0.0000000000000000e+00 pn(zj):   8.9512068527842215e-02
zj:   0.0000000000000000e+00 f(zj):   0.0000000000000000e+00 pn(zj):   8.8851623956701209e-02
zj:   0.0000000000000000e+00 f(zj):   0.0000000000000000e+00 pn(zj):   8.8195495325155471e-02
zj:   0.0000000000000000e+00 f(zj):   0.0000000000000000e+00 pn(zj):   8.7543660656312916e-02
zj:   0.0000000000000000e+00 f(zj):   0.0000000000000000e+00 pn(zj):   8.6896098059499716e-02
zj:   0.0000000000000000e+00 f(zj):   0.0000000000000000e+00 pn(zj):   8.6252785730002279e-02
zj:   0.0000000000000000e+00 f(zj):   0.0000000000000000e+00 pn(zj):   8.5613701948809462e-02
zj:   0.0000000000000000e+00 f(zj):   0.0000000000000000e+00 pn(zj):   8.4978825082355880e-02
zj:   0.0000000000000000e+00 f(zj):   0.0000000000000000e+00 pn(zj):   8.4348133582265450e-02
zj:   0.0000000000000000e+00 f(zj):   0.0000000000000000e+00 pn(zj):   8.3721605985095593e-02
zj:   0.0000000000000000e+00 f(zj):   0.0000000000000000e+00 pn(zj):   8.3099220912081884e-02
zj:   0.0000000000000000e+00 f(zj):   0.0000000000000000e+00 pn(zj):   8.2480957068883587e-02
zj:   0.0000000000000000e+00 f(zj):   0.0000000000000000e+00 pn(zj):   8.1866793245329861e-02
zj:   0.0000000000000000e+00 f(zj):   0.0000000000000000e+00 pn(zj):   8.1256708315165627e-02
zj:   0.0000000000000000e+00 f(zj):   0.0000000000000000e+00 pn(zj):   8.0650681235798438e-02
zj:   0.0000000000000000e+00 f(zj):   0.0000000000000000e+00 pn(zj):   8.0048691048047127e-02
zj:   0.0000000000000000e+00 f(zj):   0.0000000000000000e+00 pn(zj):   7.9450716875888894e-02
zj:   0.0000000000000000e+00 f(zj):   0.0000000000000000e+00 pn(zj):   7.8856737926208953e-02
zj:   0.0000000000000000e+00 f(zj):   0.0000000000000000e+00 pn(zj):   7.8266733488549289e-02
zj:   0.0000000000000000e+00 f(zj):   0.0000000000000000e+00 pn(zj):   7.7680682934858525e-02
zj:   0.0000000000000000e+00 f(zj):   0.0000000000000000e+00 pn(zj):   7.7098565719242451e-02
zj:   0.0000000000000000e+00 f(zj):   0.0000000000000000e+00 pn(zj):   7.6520361377715340e-02
zj:   0.0000000000000000e+00 f(zj):   0.0000000000000000e+00 pn(zj):   7.5946049527950699e-02
zj:   0.0000000000000000e+00 f(zj):   0.0000000000000000e+00 pn(zj):   7.5375609869034466e-02
zj:   0.0000000000000000e+00 f(zj):   0.0000000000000000e+00 pn(zj):   7.4809022181216878e-02
zj:   0.0000000000000000e+00 f(zj):   0.0000000000000000e+00 pn(zj):   7.4246266325665777e-02
zj:   0.0000000000000000e+00 f(zj):   0.0000000000000000e+00 pn(zj):   7.3687322244220699e-02
zj:   0.0000000000000000e+00 f(zj):   0.0000000000000000e+00 pn(zj):   7.3132169959146842e-02
zj:   0.0000000000000000e+00 f(zj):   0.0000000000000000e+00 pn(zj):   7.2580789572890825e-02
zj:   0.0000000000000000e+00 f(zj):   0.0000000000000000e+00 pn(zj):   7.2033161267834656e-02
zj:   0.0000000000000000e+00 f(zj):   0.0000000000000000e+00 pn(zj):   7.1489265306052929e-02
zj:   0.0000000000000000e+00 f(zj):   0.0000000000000000e+00 pn(zj):   7.0949082029069355e-02
zj:   0.0000000000000000e+00 f(zj):   0.0000000000000000e+00 pn(zj):   7.0412591857612838e-02
zj:   0.0000000000000000e+00 f(zj):   0.0000000000000000e+00 pn(zj):   6.9879775291376345e-02
zj:   0.0000000000000000e+00 f(zj):   0.0000000000000000e+00 pn(zj):   6.9350612908774534e-02
zj:   0.0000000000000000e+00 f(zj):   0.0000000000000000e+00 pn(zj):   6.8825085366702288e-02
zj:   0.0000000000000000e+00 f(zj):   0.0000000000000000e+00 pn(zj):   6.8303173400294459e-02
zj:   0.0000000000000000e+00 f(zj):   0.0000000000000000e+00 pn(zj):   6.7784857822686062e-02
zj:   0.0000000000000000e+00 f(zj):   0.0000000000000000e+00 pn(zj):   6.7270119524771244e-02
zj:   0.0000000000000000e+00 f(zj):   0.0000000000000000e+00 pn(zj):   6.6758939474965695e-02
zj:   0.0000000000000000e+00 f(zj):   0.0000000000000000e+00 pn(zj):   6.6251298718967400e-02
zj:   0.0000000000000000e+00 f(zj):   0.0000000000000000e+00 pn(zj):   6.5747178379519267e-02
zj:   0.0000000000000000e+00 f(zj):   0.0000000000000000e+00 pn(zj):   6.5246559656170433e-02
zj:   0.0000000000000000e+00 f(zj):   0.0000000000000000e+00 pn(zj):   6.4749423825041230e-02
zj:   0.0000000000000000e+00 f(zj):   0.0000000000000000e+00 pn(zj):   6.4255752238585262e-02
zj:   0.0000000000000000e+00 f(zj):   0.0000000000000000e+00 pn(zj):   6.3765526325354149e-02
zj:   0.0000000000000000e+00 f(zj):   0.0000000000000000e+00 pn(zj):   6.3278727589762274e-02
zj:   0.0000000000000000e+00 f(zj):   0.0000000000000000e+00 pn(zj):   6.2795337611852520e-02
zj:   0.0000000000000000e+00 f(zj):   0.0000000000000000e+00 pn(zj):   6.2315338047061242e-02
zj:   0.0000000000000000e+00 f(zj):   0.0000000000000000e+00 pn(zj):   6.1838710625984894e-02
zj:   0.0000000000000000e+00 f(zj):   0.0000000000000000e+00 pn(zj):   6.1365437154147440e-02
zj:   0.0000000000000000e+00 f(zj):   0.0000000000000000e+00 pn(zj):   6.0895499511766871e-02
zj:   0.0000000000000000e+00 f(zj):   0.0000000000000000e+00 pn(zj):   6.0428879653523948e-02
zj:   0.0000000000000000e+00 f(zj):   0.0000000000000000e+00 pn(zj):   5.9965559608330055e-02
zj:   0.0000000000000000e+00 f(zj):   0.0000000000000000e+00 pn(zj):   5.9505521479097157e-02
zj:   0.0000000000000000e+00 f(zj):   0.0000000000000000e+00 pn(zj):   5.9048747442505878e-02
zj:   0.0000000000000000e+00 f(zj):   0.0000000000000000e+00 pn(zj):   5.8595219748777239e-02
zj:   0.0000000000000000e+00 f(zj):   0.0000000000000000e+00 pn(zj):   5.8144920721441395e-02
zj:   0.0000000000000000e+00 f(zj):   0.0000000000000000e+00 pn(zj):   5.7697832757110934e-02
zj:   0.0000000000000000e+00 f(zj):   0.0000000000000000e+00 pn(zj):   5.7253938325251053e-02
zj:   0.0000000000000000e+00 f(zj):   0.0000000000000000e+00 pn(zj):   5.6813219967951523e-02
zj:   0.0000000000000000e+00 f(zj):   0.0000000000000000e+00 pn(zj):   5.6375660299700758e-02
zj:   0.0000000000000000e+00 f(zj):   0.0000000000000000e+00 pn(zj):   5.5941242007157888e-02
zj:   0.0000000000000000e+00 f(zj):   0.0000000000000000e+00 pn(zj):   5.5509947848927155e-02
zj:   0.0000000000000000e+00 f(zj):   0.0000000000000000e+00 pn(zj):   5.5081760655332102e-02
zj:   0.0000000000000000e+00 f(zj):   0.0000000000000000e+00 pn(zj):   5.4656663328189636e-02
zj:   0.0000000000000000e+00 f(zj):   0.0000000000000000e+00 pn(zj):   5.4234638840586769e-02
zj:   0.0000000000000000e+00 f(zj):   0.0000000000000000e+00 pn(zj):   5.3815670236655122e-02
zj:   0.0000000000000000e+00 f(zj):   0.0000000000000000e+00 pn(zj):   5.3399740631348225e-02
zj:   0.0000000000000000e+00 f(zj):   0.0000000000000000e+00 pn(zj):   5.2986833210218132e-02
zj:   0.0000000000000000e+00 f(zj):   0.0000000000000000e+00 pn(zj):   5.2576931229192270e-02
zj:   0.0000000000000000e+00 f(zj):   0.0000000000000000e+00 pn(zj):   5.2170018014352615e-02
zj:   0.0000000000000000e+00 f(zj):   0.0000000000000000e+00 pn(zj):   5.1766076961712648e-02
zj:   0.0000000000000000e+00 f(zj):   0.0000000000000000e+00 pn(zj):   5.1365091536997753e-02
zj:   0.0000000000000000e+00 f(zj):   0.0000000000000000e+00 pn(zj):   5.0967045275423395e-02
zj:   0.0000000000000000e+00 f(zj):   0.0000000000000000e+00 pn(zj):   5.0571921781476514e-02
zj:   0.0000000000000000e+00 f(zj):   0.0000000000000000e+00 pn(zj):   5.0179704728694263e-02
zj:   0.0000000000000000e+00 f(zj):   0.0000000000000000e+00 pn(zj):   4.9790377859446955e-02
zj:   0.0000000000000000e+00 f(zj):   0.0000000000000000e+00 pn(zj):   4.9403924984718128e-02
zj:   0.0000000000000000e+00 f(zj):   0.0000000000000000e+00 pn(zj):   4.9020329983887168e-02
zj:   0.0000000000000000e+00 f(zj):   0.0000000000000000e+00 pn(zj):   4.8639576804512363e-02
zj:   0.0000000000000000e+00 f(zj):   0.0000000000000000e+00 pn(zj):   4.8261649462112421e-02
zj:   0.0000000000000000e+00 f(zj):   0.0000000000000000e+00 pn(zj):   4.7886532039952079e-02
zj:   0.0000000000000000e+00 f(zj):   0.0000000000000000e+00 pn(zj):   4.7514208688824500e-02
zj:   0.0000000000000000e+00 f(zj):   0.0000000000000000e+00 pn(zj):   4.7144663626836891e-02
zj:   0.0000000000000000e+00 f(zj):   0.0000000000000000e+00 pn(zj):   4.6777881139195121e-02
zj:   0.0000000000000000e+00 f(zj):   0.0000000000000000e+00 pn(zj):   4.6413845577988999e-02
zj:   0.0000000000000000e+00 f(zj):   0.0000000000000000e+00 pn(zj):   4.6052541361979227e-02
zj:   0.0000000000000000e+00 f(zj):   0.0000000000000000e+00 pn(zj):   4.5693952976383789e-02
zj:   0.0000000000000000e+00 f(zj):   0.0000000000000000e+00 pn(zj):   4.5338064972664238e-02
zj:   0.0000000000000000e+00 f(zj):   0.0000000000000000e+00 pn(zj):   4.4984861968314416e-02
zj:   0.0000000000000000e+00 f(zj):   0.0000000000000000e+00 pn(zj):   4.4634328646647736e-02
zj:   0.0000000000000000e+00 f(zj):   0.0000000000000000e+00 pn(zj):   4.4286449756586466e-02
zj:   0.0000000000000000e+00 f(zj):   0.0000000000000000e+00 pn(zj):   4.3941210112450002e-02
zj:   0.0000000000000000e+00 f(zj):   0.0000000000000000e+00 pn(zj):   4.3598594593745377e-02
zj:   0.0000000000000000e+00 f(zj):   0.0000000000000000e+00 pn(zj):   4.3258588144956756e-02
zj:   0.0000000000000000e+00 f(zj):   0.0000000000000000e+00 pn(zj):   4.2921175775336495e-02
zj:   0.0000000000000000e+00 f(zj):   0.0000000000000000e+00 pn(zj):   4.2586342558695534e-02
zj:   0.0000000000000000e+00 f(zj):   0.0000000000000000e+00 pn(zj):   4.2254073633195888e-02
zj:   0.0000000000000000e+00 f(zj):   0.0000000000000000e+00 pn(zj):   4.1924354201142155e-02
zj:   0.0000000000000000e+00 f(zj):   0.0000000000000000e+00 pn(zj):   4.1597169528774125e-02
zj:   0.0000000000000000e+00 f(zj):   0.0000000000000000e+00 pn(zj):   4.1272504946060051e-02
zj:   0.0000000000000000e+00 f(zj):   0.0000000000000000e+00 pn(zj):   4.0950345846490266e-02
zj:   0.0000000000000000e+00 f(zj):   0.0000000000000000e+00 pn(zj):   4.0630677686870897e-02
zj:   0.0000000000000000e+00 f(zj):   0.0000000000000000e+00 pn(zj):   4.0313485987118702e-02
zj:   0.0000000000000000e+00 f(zj):   0.0000000000000000e+00 pn(zj):   3.9998756330056229e-02
zj:   0.0000000000000000e+00 f(zj):   0.0000000000000000e+00 pn(zj):   3.9686474361206758e-02
zj:   0.0000000000000000e+00 f(zj):   0.0000000000000000e+00 pn(zj):   3.9376625788591357e-02
zj:   0.0000000000000000e+00 f(zj):   0.0000000000000000e+00 pn(zj):   3.9069196382523819e-02
zj:   0.0000000000000000e+00 f(zj):   0.0000000000000000e+00 pn(zj):   3.8764171975409489e-02
zj:   0.0000000000000000e+00 f(zj):   0.0000000000000000e+00 pn(zj):   3.8461538461541211e-02
