zj:   0.0000000000000000e+00 f(zj):   1.0000000000000000e+00 pn(zj):   5.5680901930679454e+00
zj:   1.0000000000000000e+00 f(zj):   3.8461538461538464e-02 pn(zj):   5.5523354105076175e+00
zj:   2.0000000000000000e+00 f(zj):   9.9009900990099011e-03 pn(zj):   5.5366151405524331e+00
zj:   3.0000000000000000e+00 f(zj):   4.4247787610619468e-03 pn(zj):   5.5209293283429570e+00
zj:   4.0000000000000000e+00 f(zj):   2.4937655860349127e-03 pn(zj):   5.5052779190760948e+00
zj:   5.0000000000000000e+00 f(zj):   1.5974440894568689e-03 pn(zj):   5.4896608580050552e+00
zj:   6.0000000000000000e+00 f(zj):   1.1098779134295228e-03 pn(zj):   5.4740780904393249e+00
zj:  3.2114266979681025e-322 f(zj):  2.3764557564963959e-321 pn(zj):   5.4585295617446432e+00
zj:   1.0000000000000000e+00 f(zj):  2.0861577729517742e-314 pn(zj):   5.4430152173429693e+00
zj:  -9.6153846153846156e-01 f(zj):  4.6496873487062503e-310 pn(zj):   5.4275350027124558e+00
zj:   4.6648895658796652e-01 f(zj):  4.6496873487062503e-310 pn(zj):   5.4120888633874236e+00
zj:  -1.5164892935855875e-01 f(zj):  4.6496873487062503e-310 pn(zj):   5.3966767449583299e+00
zj:   3.7098101553737203e-02 f(zj):  4.6496873487062503e-310 pn(zj):   5.3812985930717412e+00
zj:  -7.2777150409375421e-03 f(zj):  4.6496873487666252e-310 pn(zj):   5.3659543534303058e+00
zj:   1.1098779134295228e-03 f(zj):  4.6496873489086196e-310 pn(zj):   5.3506439717927261e+00
zj:  3.2114266979681025e-322 f(zj):  4.6496873487062503e-310 pn(zj):   5.3353673939737289e+00
zj:   1.0000000000000000e+00 f(zj):  4.6496873489086196e-310 pn(zj):   5.3201245658440390e+00
zj:   3.8461538461538464e-02 f(zj):   0.0000000000000000e+00 pn(zj):   5.3049154333303514e+00
zj:   9.9009900990099011e-03 f(zj):   0.0000000000000000e+00 pn(zj):   5.2897399424153013e+00
zj:   4.4247787610619468e-03 f(zj):   0.0000000000000000e+00 pn(zj):   5.2745980391374356e+00
zj:   2.4937655860349127e-03 f(zj):   0.0000000000000000e+00 pn(zj):   5.2594896695911872e+00
zj:   1.5974440894568689e-03 f(zj):  6.9500936841868179e-310 pn(zj):   5.2444147799268475e+00
zj:   1.1098779134295228e-03 f(zj):  1.4821969375237396e-323 pn(zj):   5.2293733163505349e+00
zj:  2.3764557564963959e-321 f(zj):   0.0000000000000000e+00 pn(zj):   5.2143652251241690e+00
zj:  2.0861577729517742e-314 f(zj):   0.0000000000000000e+00 pn(zj):   5.1993904525654422e+00
zj:  4.6496873487062503e-310 f(zj):  4.6496873486936023e-310 pn(zj):   5.1844489450477900e+00
zj:  4.6496873487062503e-310 f(zj):                     -nan pn(zj):   5.1695406490003677e+00
zj:  4.6496873487062503e-310 f(zj):   0.0000000000000000e+00 pn(zj):   5.1546655109080142e+00
zj:  4.6496873487062503e-310 f(zj):  4.6496873486943928e-310 pn(zj):   5.1398234773112339e+00
zj:  4.6496873488409326e-310 f(zj):   0.0000000000000000e+00 pn(zj):   5.1250144948061580e+00
zj:  4.6496873489086196e-310 f(zj):   0.0000000000000000e+00 pn(zj):   5.1102385100445282e+00
zj:  4.6496873487062503e-310 f(zj):   0.0000000000000000e+00 pn(zj):   5.0954954697336561e+00
zj:  4.6496873489086196e-310 f(zj):  2.1219957904712067e-314 pn(zj):   5.0807853206364033e+00
zj:   0.0000000000000000e+00 f(zj):   0.0000000000000000e+00 pn(zj):   5.0661080095711553e+00
zj:   0.0000000000000000e+00 f(zj):   0.0000000000000000e+00 pn(zj):   5.0514634834117818e+00
zj:   0.0000000000000000e+00 f(zj):  6.9500936843749581e-310 pn(zj):   5.0368516890876229e+00
zj:   0.0000000000000000e+00 f(zj):   0.0000000000000000e+00 pn(zj):   5.0222725735834493e+00
zj:  6.9500936841868179e-310 f(zj):   0.0000000000000000e+00 pn(zj):   5.0077260839394429e+00
zj:  1.4821969375237396e-323 f(zj):   0.0000000000000000e+00 pn(zj):   4.9932121672511647e+00
zj:   0.0000000000000000e+00 f(zj):   0.0000000000000000e+00 pn(zj):   4.9787307706695252e+00
zj:   0.0000000000000000e+00 f(zj):   0.0000000000000000e+00 pn(zj):   4.9642818414007568e+00
zj:  4.6496873486936023e-310 f(zj):   0.0000000000000000e+00 pn(zj):   4.9498653267063908e+00
zj:                     -nan f(zj):   0.0000000000000000e+00 pn(zj):   4.9354811739032254e+00
zj:   0.0000000000000000e+00 f(zj):   0.0000000000000000e+00 pn(zj):   4.9211293303632937e+00
zj:  4.6496873486943928e-310 f(zj):   0.0000000000000000e+00 pn(zj):   4.9068097435138434e+00
zj:   0.0000000000000000e+00 f(zj):   0.0000000000000000e+00 pn(zj):   4.8925223608373027e+00
zj:   0.0000000000000000e+00 f(zj):   0.0000000000000000e+00 pn(zj):   4.8782671298712579e+00
zj:   0.0000000000000000e+00 f(zj):   0.0000000000000000e+00 pn(zj):   4.8640439982084187e+00
zj:  2.1219957904712067e-314 f(zj):   0.0000000000000000e+00 pn(zj):   4.8498529134965942e+00
zj:   0.0000000000000000e+00 f(zj):   0.0000000000000000e+00 pn(zj):   4.8356938234386639e+00
zj:   0.0000000000000000e+00 f(zj):   0.0000000000000000e+00 pn(zj):   4.8215666757925515e+00
zj:  6.9500936843749581e-310 f(zj):   0.0000000000000000e+00 pn(zj):   4.8074714183711924e+00
zj:   0.0000000000000000e+00 f(zj):   0.0000000000000000e+00 pn(zj):   4.7934079990425076e+00
zj:   0.0000000000000000e+00 f(zj):   0.0000000000000000e+00 pn(zj):   4.7793763657293802e+00
zj:   0.0000000000000000e+00 f(zj):   0.0000000000000000e+00 pn(zj):   4.7653764664096201e+00
zj:   0.0000000000000000e+00 f(zj):   0.0000000000000000e+00 pn(zj):   4.7514082491159417e+00
zj:   0.0000000000000000e+00 f(zj):   0.0000000000000000e+00 pn(zj):   4.7374716619359294e+00
zj:   0.0000000000000000e+00 f(zj):   0.0000000000000000e+00 pn(zj):   4.7235666530120151e+00
zj:   0.0000000000000000e+00 f(zj):   0.0000000000000000e+00 pn(zj):   4.7096931705414509e+00
zj:   0.0000000000000000e+00 f(zj):   0.0000000000000000e+00 pn(zj):   4.6958511627762771e+00
zj:   0.0000000000000000e+00 f(zj):   0.0000000000000000e+00 pn(zj):   4.6820405780232903e+00
zj:   0.0000000000000000e+00 f(zj):   0.0000000000000000e+00 pn(zj):   4.6682613646440316e+00
zj:   0.0000000000000000e+00 f(zj):   0.0000000000000000e+00 pn(zj):   4.6545134710547353e+00
zj:   0.0000000000000000e+00 f(zj):   0.0000000000000000e+00 pn(zj):   4.6407968457263209e+00
zj:   0.0000000000000000e+00 f(zj):   0.0000000000000000e+00 pn(zj):   4.6271114371843556e+00
zj:   0.0000000000000000e+00 f(zj):   0.0000000000000000e+00 pn(zj):   4.6134571940090252e+00
zj:   0.0000000000000000e+00 f(zj):  6.9500936843085557e-310 pn(zj):   4.5998340648351110e+00
zj:   0.0000000000000000e+00 f(zj):  2.0320920013450470e-320 pn(zj):   4.5862419983519587e+00
zj:   0.0000000000000000e+00 f(zj):  1.2566263866505099e+232 pn(zj):   4.5726809433034497e+00
zj:   0.0000000000000000e+00 f(zj):  6.0513972685449602e-154 pn(zj):   4.5591508484879739e+00
zj:   0.0000000000000000e+00 f(zj):   6.3769312342977686e-67 pn(zj):   4.5456516627584058e+00
zj:   0.0000000000000000e+00 f(zj):   7.1260224689519190e-67 pn(zj):   4.5321833350220668e+00
zj:   0.0000000000000000e+00 f(zj):  1.3160769791377132e-259 pn(zj):   4.5187458142407060e+00
zj:   0.0000000000000000e+00 f(zj):   1.0333076074194353e-47 pn(zj):   4.5053390494304697e+00
zj:   0.0000000000000000e+00 f(zj):   5.9362644960609221e-38 pn(zj):   4.4919629896618698e+00
zj:   0.0000000000000000e+00 f(zj):  3.9219706102427567e+179 pn(zj):   4.4786175840597604e+00
zj:   0.0000000000000000e+00 f(zj):  2.7680678906888502e+280 pn(zj):   4.4653027818033060e+00
zj:   0.0000000000000000e+00 f(zj):   3.2424566200750214e-86 pn(zj):   4.4520185321259573e+00
zj:   0.0000000000000000e+00 f(zj):   1.3980432860952889e-76 pn(zj):   4.4387647843154205e+00
zj:   0.0000000000000000e+00 f(zj):   1.3980432860952889e-76 pn(zj):   4.4255414877136277e+00
zj:   0.0000000000000000e+00 f(zj):  6.1799880953825233e-114 pn(zj):   4.4123485917167127e+00
zj:   0.0000000000000000e+00 f(zj):   1.2844695233355919e-57 pn(zj):   4.3991860457749796e+00
zj:  6.9500936843085557e-310 f(zj):   1.1294850238334561e-42 pn(zj):   4.3860537993928785e+00
zj:  2.0320920013450470e-320 f(zj):   4.9150957476952107e-62 pn(zj):   4.3729518021289726e+00
zj:  1.2566263866505099e+232 f(zj):  8.1642195725457907e+204 pn(zj):   4.3598800035959133e+00
zj:  6.0513972685449602e-154 f(zj):   1.3973685027430247e-76 pn(zj):   4.3468383534604111e+00
zj:   6.3769312342977686e-67 f(zj):   1.3980432860952889e-76 pn(zj):   4.3338268014432089e+00
zj:   7.1260224689519190e-67 f(zj):   1.2108942892349278e-99 pn(zj):   4.3208452973190523e+00
zj:   9.3486483867961779e-67 f(zj):  3.5230863936820262e-109 pn(zj):   4.3078937909166601e+00
zj:  1.2593660919096667e+232 f(zj):   1.3852239732999455e-76 pn(zj):   4.2949722321187007e+00
zj:  6.0513972685449602e-154 f(zj):   4.0822044482228415e-33 pn(zj):   4.2820805708617620e+00
zj:   3.8534130893065070e-57 f(zj):   2.1756476664817765e-76 pn(zj):   4.2692187571363176e+00
zj:   2.1756397959262315e-76 f(zj):   5.0807544341419881e-67 pn(zj):   4.2563867409867093e+00
zj:  1.3160769790619228e-259 f(zj):  3.5230863936822697e-109 pn(zj):   4.2435844725111114e+00
zj:   5.0521448351342738e-86 f(zj):   5.6366238630134447e-38 pn(zj):   4.2308119018615056e+00
zj:   5.6481171395030137e-38 f(zj):   7.1275054026401471e-67 pn(zj):   4.2180689792436503e+00
zj:   4.4711608937528011e-33 f(zj):   5.2055641935071189e-90 pn(zj):   4.2053556549170557e+00
zj:  2.7680679381555173e+280 f(zj):  8.2012590046512156e+204 pn(zj):   4.1926718791949540e+00
zj:   1.5764983660612583e-52 f(zj):   5.6015717629189006e-67 pn(zj):   4.1800176024442735e+00
zj:   6.1257918640386510e-62 f(zj):   7.1202213298206936e-67 pn(zj):   4.1673927750856041e+00
zj:  2.9519432199095973e+179 f(zj):  3.7585916057368195e+179 pn(zj):   4.1547973475931776e+00
zj:  6.1799882043002384e-114 f(zj):  1.9701896698966844e-153 pn(zj):   4.1422312704948343e+00
zj:   1.2844695233355919e-57 f(zj):   3.6962867032641880e-33 pn(zj):   4.1296944943719982e+00
zj:   8.6201218212797669e-43 f(zj):   3.8911367390500340e-33 pn(zj):   4.1171869698596444e+00
zj:   1.9182454133830424e-76 f(zj):   3.3760961380940313e-57 pn(zj):   4.1047086476462749e+00
zj:  8.1642195725457873e+204 f(zj):  1.9512347655568931e-153 pn(zj):   4.0922594784738884e+00
zj:   4.0822044482228415e-33 f(zj):   6.7579826476528647e-67 pn(zj):   4.0798394131379556e+00
zj:   2.1756476664817765e-76 f(zj):   6.7493346067909023e-67 pn(zj):   4.0674484024873880e+00
zj:   5.0807544341419881e-67 f(zj):   4.6617496069211371e-62 pn(zj):   4.0550863974245051e+00
zj:  3.5230863936822697e-109 f(zj):   1.6039704617400945e-28 pn(zj):   4.0427533489050207e+00
zj:   5.6366238630134447e-38 f(zj):   8.9748016974751107e-67 pn(zj):   4.0304492079380001e+00
zj:   7.1275054026401471e-67 f(zj):   1.6550335480872971e-47 pn(zj):   4.0181739255858382e+00
zj:   5.2055641935071189e-90 f(zj):   1.1829507026418540e-76 pn(zj):   4.0059274529642295e+00
zj:  8.2012590046512156e+204 f(zj):  6.0136196164698546e-154 pn(zj):   3.9937097412421467e+00
zj:   5.6015717629189006e-67 f(zj):   4.1820379758475880e-62 pn(zj):   3.9815207416418037e+00
zj:   7.1202213298206936e-67 f(zj):   1.8318758314793813e-76 pn(zj):   3.9693604054386298e+00
zj:  3.7585916057368195e+179 f(zj):  8.6127505400466496e+183 pn(zj):   3.9572286839612456e+00
zj:  1.9701896698966844e-153 f(zj):  6.0136181703254192e-154 pn(zj):   3.9451255285914311e+00
zj:   3.6962867032641880e-33 f(zj):   9.0632619338918889e-43 pn(zj):   3.9330508907640991e+00
zj:   3.8911367390500340e-33 f(zj):   1.0399770791417009e-42 pn(zj):   3.9210047219672672e+00
zj:   3.3760961380940313e-57 f(zj):  1.2584540443851385e+232 pn(zj):   3.9089869737420275e+00
zj:  1.9512347655568931e-153 f(zj):  6.0513972685449602e-154 pn(zj):   3.8969975976825237e+00
zj:   6.7579826476528647e-67 f(zj):   1.0314125981178231e-71 pn(zj):   3.8850365454359159e+00
zj:   6.7493346067909023e-67 f(zj):   5.3965137009283380e-62 pn(zj):   3.8731037687023591e+00
zj:   4.6617496069211371e-62 f(zj):  1.3160769791190778e-259 pn(zj):   3.8611992192349707e+00
zj:   1.6039704617400945e-28 f(zj):   3.6446095567641096e-86 pn(zj):   3.8493228488398041e+00
zj:   8.9748016974751107e-67 f(zj):   4.4726714038142381e-33 pn(zj):   3.8374746093758216e+00
zj:   1.6550335480872971e-47 f(zj):   1.7957622151465904e-52 pn(zj):   3.8256544527548644e+00
zj:   1.1829507026418540e-76 f(zj):  2.7680679314197621e+280 pn(zj):   3.8138623309416246e+00
zj:  6.0136196164698546e-154 f(zj):   4.2478389617679958e-86 pn(zj):   3.8020981959536195e+00
zj:   4.1820379758475880e-62 f(zj):   4.9113050256618393e-62 pn(zj):   3.7903619998611604e+00
zj:   1.8318758314793813e-76 f(zj):   1.3707820652147937e-71 pn(zj):   3.7786536947873266e+00
zj:  8.6127505400466496e+183 f(zj):  6.1799881803794778e-114 pn(zj):   3.7669732329079366e+00
zj:  6.0136181703254192e-154 f(zj):   1.2844695233355919e-57 pn(zj):   3.7553205664515210e+00
zj:   9.0632619338918889e-43 f(zj):   9.9635824863568655e-43 pn(zj):   3.7436956476992909e+00
zj:   1.0399770791417009e-42 f(zj):   3.1230246493187678e-33 pn(zj):   3.7320984289851160e+00
zj:   2.0029177117141312e-76 f(zj):  8.1642195725457895e+204 pn(zj):   3.7205288626954891e+00
zj:  8.6023686466061860e+183 f(zj):  6.1799881437911730e-114 pn(zj):   3.7089869012695051e+00
zj:  6.0136181703254192e-154 f(zj):   1.9599449513787718e-62 pn(zj):   3.6974724971988291e+00
zj:   2.8975603641072284e-57 f(zj):   7.1106017944669847e-38 pn(zj):   3.6859856030276670e+00
zj:   1.5887427109712216e-47 f(zj):   4.6615087282843647e-33 pn(zj):   3.6745261713527402e+00
zj:  1.2575396279064259e+232 f(zj):  8.1642195725457873e+204 pn(zj):   3.6630941548232565e+00
zj:  6.0513972685449602e-154 f(zj):   6.0132324999700229e-67 pn(zj):   3.6516895061408841e+00
zj:   3.1192542392163230e-33 f(zj):   1.9182428035517063e-76 pn(zj):   3.6403121780597192e+00
zj:   1.2009881060751159e-71 f(zj):   7.7525857924339592e-72 pn(zj):   3.6289621233862599e+00
zj:  1.3160769790054309e-259 f(zj):  3.5230863936823930e-109 pn(zj):   3.6176392949793801e+00
zj:   3.6446095567641096e-86 f(zj):   4.4666381781129475e-33 pn(zj):   3.6063436457502998e+00
zj:   1.3139561030838912e-71 f(zj):   4.4681603869804777e-33 pn(zj):   3.5950751286625562e+00
zj:   6.3798232815207309e-67 f(zj):   8.3185656841921848e-72 pn(zj):   3.5838336967319750e+00
zj:  2.7680679314197621e+280 f(zj):  8.2012590046506386e+204 pn(zj):   3.5726193030266460e+00
zj:   8.5517419148925818e-72 f(zj):   6.7710089230766922e-43 pn(zj):   3.5614319006668929e+00
zj:   8.6082900013933841e-67 f(zj):   9.1821663001867359e-72 pn(zj):   3.5502714428252435e+00
zj:  3.4401289806872758e+179 f(zj):  2.7892147041349822e+179 pn(zj):   3.5391378827264033e+00
zj:  6.1799881437911730e-114 f(zj):  1.9701896698966844e-153 pn(zj):   3.5280311736472281e+00
zj:   1.9599449513787718e-62 f(zj):   1.2564737347672471e-71 pn(zj):   3.5169512689166944e+00
zj:   7.1106017944669847e-38 f(zj):   3.3767325217343907e-57 pn(zj):   3.5058981219158714e+00
zj:   4.6615087282843647e-33 f(zj):   3.3760961380953324e-57 pn(zj):   3.4948716860778957e+00
zj:  8.1642195725457873e+204 f(zj):  1.9512347655568931e-153 pn(zj):   3.4838719148879393e+00
zj:   6.0132324999700229e-67 f(zj):   4.8548656675499398e-33 pn(zj):   3.4728987618831835e+00
zj:   1.9182428035517063e-76 f(zj):   6.8178583019023622e-38 pn(zj):   3.4619521806527906e+00
zj:   7.7525857924339592e-72 f(zj):   8.2260273029532037e-67 pn(zj):   3.4510321248378752e+00
zj:  3.5230863936823930e-109 f(zj):   1.6039704617400945e-28 pn(zj):   3.4401385481314781e+00
zj:   4.4666381781129475e-33 f(zj):   1.1305291472176782e-42 pn(zj):   3.4292714042785351e+00
zj:   4.4681603869804777e-33 f(zj):   3.3156264137347097e-33 pn(zj):   3.4184306470758523e+00
zj:   8.3185656841921848e-72 f(zj):   1.1829513795055020e-76 pn(zj):   3.4076162303720743e+00
zj:  8.2012590046506386e+204 f(zj):  6.0136196164698546e-154 pn(zj):   3.3968281080676599e+00
zj:   6.7710089230766922e-43 f(zj):   1.9179094219837958e-76 pn(zj):   3.3860662341148524e+00
zj:   9.1821663001867359e-72 f(zj):   6.7565338053334737e-67 pn(zj):   3.3753305625176493e+00
zj:  2.7892147041349822e+179 f(zj):  8.6127505400485838e+183 pn(zj):   3.3646210473317772e+00
zj:  1.9701896698966844e-153 f(zj):  6.0136181703254192e-154 pn(zj):   3.3539376426646643e+00
zj:   1.2564737347672471e-71 f(zj):   9.1754816685205056e-72 pn(zj):   3.3432803026754088e+00
zj:   3.3767325217343907e-57 f(zj):   7.4090717113378547e-38 pn(zj):   3.3326489815747542e+00
zj:   3.3760961380953324e-57 f(zj):  1.2590557588558669e+232 pn(zj):   3.3220436336250581e+00
zj:  1.9512347655568931e-153 f(zj):  6.0513972685449602e-154 pn(zj):   3.3114642131402667e+00
zj:   4.8548656675499398e-33 f(zj):   7.4079327705663488e-38 pn(zj):   3.3009106744858889e+00
zj:   6.8178583019023622e-38 f(zj):   1.5871380079531973e-47 pn(zj):   3.2903829720789588e+00
zj:   8.2260273029532037e-67 f(zj):  1.3160769790055062e-259 pn(zj):   3.2798810603880186e+00
zj:   1.6039704617400945e-28 f(zj):   3.4435330884255147e-86 pn(zj):   3.2694048939330851e+00
zj:   1.1305291472176782e-42 f(zj):   1.3128532576918782e-71 pn(zj):   3.2589544272856221e+00
zj:   3.3156264137347097e-33 f(zj):   1.1766034285355372e-47 pn(zj):   3.2485296150685130e+00
zj:   1.1829513795055020e-76 f(zj):  2.7680679381026879e+280 pn(zj):   3.2381304119560301e+00
zj:  6.0136196164698546e-154 f(zj):   4.0467624934294009e-86 pn(zj):   3.2277567726738123e+00
zj:   1.9179094219837958e-76 f(zj):   8.6125858775050816e-67 pn(zj):   3.2174086519988312e+00
zj:   7.7109609111836260e-43 f(zj):   9.0632481698861069e-43 pn(zj):   3.2070860047593652e+00
zj:   4.8518447392205298e-33 f(zj):  6.1799881318302603e-114 pn(zj):   3.1967887858349719e+00
zj:   1.1829520178126969e-76 f(zj):  2.7680679110275932e+280 pn(zj):   3.1865169501564603e+00
zj:  6.0136196164698546e-154 f(zj):   8.5495310557424777e-72 pn(zj):   3.1762704527058614e+00
zj:   1.9192495576967621e-76 f(zj):   1.0862436526603550e-71 pn(zj):   3.1660492485164005e+00
zj:   8.2344659091326234e-67 f(zj):  3.1102445893149156e+179 pn(zj):   3.1558532926724694e+00
zj:  8.6044434043862903e+183 f(zj):  6.1799881438382626e-114 pn(zj):   3.1456825403095987e+00
zj:  6.0136181703254192e-154 f(zj):   1.9599449513787718e-62 pn(zj):   3.1355369466144278e+00
zj:   5.9350985802926708e-38 f(zj):   1.0860440873052591e-42 pn(zj):   3.1254164668246815e+00
zj:   1.4864396572111779e-76 f(zj):   1.3144008456027840e-71 pn(zj):   3.1153210562291349e+00
zj:  1.2575408123838006e+232 f(zj):  8.1642195725457962e+204 pn(zj):   3.1052506701675910e+00
zj:  6.0513972685449602e-154 f(zj):   5.0488766876023010e-38 pn(zj):   3.0952052640308514e+00
zj:   4.7653304253145417e-38 f(zj):   6.8155578775222774e-38 pn(zj):   3.0851847932606864e+00
zj:   6.1276946288369478e-62 f(zj):   5.2094032410961418e-90 pn(zj):   3.0751892133498062e+00
zj:  1.3160769790432160e-259 f(zj):  3.5230863936827556e-109 pn(zj):   3.0652184798418394e+00
zj:   4.0467624934412994e-86 f(zj):   6.5285629822748313e-38 pn(zj):   3.0552725483312968e+00
zj:   5.6405609338750693e-62 f(zj):   6.0060049602075531e-67 pn(zj):   3.0453513744635465e+00
zj:   7.4044753821712317e-38 f(zj):   5.0807402516099127e-67 pn(zj):   3.0354549139347879e+00
zj:  2.7680679110275932e+280 f(zj):  8.2012590046495058e+204 pn(zj):   3.0255831224920198e+00
zj:   8.5495310557424777e-72 f(zj):   8.5462147653085243e-72 pn(zj):   3.0157359559330148e+00
zj:   1.0862436526603550e-71 f(zj):   1.8328957787546885e-76 pn(zj):   3.0059133701062928e+00
zj:  3.1102445893149156e+179 f(zj):  3.1102446088643317e+179 pn(zj):   2.9961153209110867e+00
zj:  6.1799881438382626e-114 f(zj):  1.9701896698966844e-153 pn(zj):   2.9863417642973209e+00
zj:   1.9599449513787718e-62 f(zj):   1.2564737347672471e-71 pn(zj):   2.9765926562655807e+00
zj:   1.0860440873052591e-42 f(zj):   7.4090627778540766e-38 pn(zj):   2.9668679528670845e+00
zj:   1.3144008456027840e-71 f(zj):   3.3760961382429785e-57 pn(zj):   2.9571676102036530e+00
zj:  8.1642195725457962e+204 f(zj):  1.9512347655568931e-153 pn(zj):   2.9474915844276870e+00
zj:   5.0488766876023010e-38 f(zj):   2.6314137482147329e-52 pn(zj):   2.9378398317421324e+00
zj:   6.8155578775222774e-38 f(zj):   7.4984034225553118e-67 pn(zj):   2.9282123084004583e+00
zj:   5.2094032410961418e-90 f(zj):   8.5969478964315205e-67 pn(zj):   2.9186089707066238e+00
zj:  3.5230863936827556e-109 f(zj):   1.6039704617400945e-28 pn(zj):   2.9090297750150542e+00
zj:   6.5285629822748313e-38 f(zj):   1.5868686431284895e-47 pn(zj):   2.8994746777306104e+00
zj:   6.0060049602075531e-67 f(zj):   2.0032563950847620e-76 pn(zj):   2.8899436353085610e+00
zj:   5.0807402516099127e-67 f(zj):   1.1829533356176009e-76 pn(zj):   2.8804366042545544e+00
zj:  8.2012590046495058e+204 f(zj):  6.0136196164698546e-154 pn(zj):   2.8709535411245923e+00
zj:   8.5462147653085243e-72 f(zj):   3.8896437810022504e-33 pn(zj):   2.8614944025249986e+00
zj:   1.8328957787546885e-76 f(zj):   1.5882165226220682e-47 pn(zj):   2.8520591451123938e+00
zj:  3.1102446088643317e+179 f(zj):  8.6106919913078737e+183 pn(zj):   2.8426477255936655e+00
zj:  1.9701896698966844e-153 f(zj):  6.0136181703254192e-154 pn(zj):   2.8332601007259415e+00
zj:   1.2564737347672471e-71 f(zj):   4.9094096358057145e-62 pn(zj):   2.8238962273165615e+00
zj:   7.4090627778540766e-38 f(zj):   2.0033548359020585e-52 pn(zj):   2.8145560622230468e+00
zj:   3.3760961382429785e-57 f(zj):  1.2569379134352728e+232 pn(zj):   2.8052395623530755e+00
zj:  1.9512347655568931e-153 f(zj):  6.0513972685449602e-154 pn(zj):   2.7959466846644538e+00
zj:   2.6314137482147329e-52 f(zj):   2.5826830740373531e-57 pn(zj):   2.7866773861650849e+00
zj:   7.4984034225553118e-67 f(zj):   3.5354243489039468e-57 pn(zj):   2.7774316239129431e+00
zj:   8.5969478964315205e-67 f(zj):  1.3160769790996311e-259 pn(zj):   2.7682093550160474e+00
zj:   1.6039704617400945e-28 f(zj):   4.8510683667956789e-86 pn(zj):   2.7590105366324309e+00
zj:   1.5868686431284895e-47 f(zj):   2.1769931350440604e-76 pn(zj):   2.7498351259701135e+00
zj:   4.2785678071606467e-33 f(zj):   3.0581214509466968e-57 pn(zj):   2.7406830802870736e+00
zj:   3.2161836175607002e-57 f(zj):   2.0052765233357149e-76 pn(zj):   2.7315543568912197e+00
zj:   1.5858569642583540e-47 f(zj):  1.3160769791187838e-259 pn(zj):   2.7224489131403646e+00
zj:   1.6039704617400945e-28 f(zj):   3.8456860251027045e-86 pn(zj):   2.7133667064421942e+00
zj:   3.8933730471861685e-33 f(zj):   1.2564797835639073e-71 pn(zj):   2.7043076942542399e+00
zj:   1.1303567166952002e-42 f(zj):   6.0045898112874732e-67 pn(zj):   2.6952718340838535e+00
zj:   1.1829539996019851e-76 f(zj):  2.7680679381291026e+280 pn(zj):   2.6862590834881761e+00
zj:  6.0136196164698546e-154 f(zj):   3.6446095567522111e-86 pn(zj):   2.6772694000741102e+00
zj:   9.9583618549167473e-43 f(zj):   7.8678863826759828e-67 pn(zj):   2.6683027414982927e+00
zj:   3.5348044118835153e-57 f(zj):   3.8888856327955460e-33 pn(zj):   2.6593590654670676e+00
zj:  8.6044352998670763e+183 f(zj):  6.1799881683249009e-114 pn(zj):   2.6504383297364540e+00
zj:  6.0136181703254192e-154 f(zj):   2.9906386587200498e-67 pn(zj):   2.6415404921121244e+00
zj:   1.0296456481780113e-71 f(zj):   4.9122544956714673e-62 pn(zj):   2.6326655104493701e+00
zj:   4.2778244331715678e-33 f(zj):   3.3118413795911219e-33 pn(zj):   2.6238133426530768e+00
zj:  1.2587549016206442e+232 f(zj):  8.1642195725457940e+204 pn(zj):   2.6149839466776958e+00
zj:  6.0513972685449602e-154 f(zj):   6.2243710384245885e-38 pn(zj):   2.6061772805272172e+00
zj:   6.5205543698353788e-38 f(zj):   7.4969771756431606e-67 pn(zj):   2.5973933022551372e+00
zj:   2.0052765233357149e-76 f(zj):   5.2007664258659460e-90 pn(zj):   2.5886319699644362e+00
zj:  1.3160769791187838e-259 f(zj):  3.5230863936828752e-109 pn(zj):   2.5798932418075458e+00
zj:   3.8456860251027045e-86 f(zj):   1.1768665284437224e-47 pn(zj):   2.5711770759863244e+00
zj:   1.2564797835639073e-71 f(zj):   9.7481549121211468e-72 pn(zj):   2.5624834307520263e+00
zj:   6.0045898112874732e-67 f(zj):   5.4516778460340848e-67 pn(zj):   2.5538122644052743e+00
zj:  2.7680679381291026e+280 f(zj):  8.2012590046520688e+204 pn(zj):   2.5451635352960333e+00
zj:   3.6446095567522111e-86 f(zj):   6.7701331115364892e-43 pn(zj):   2.5365372018235801e+00
zj:   7.8678863826759828e-67 f(zj):   4.1868042910366263e-62 pn(zj):   2.5279332224364754e+00
zj:   3.8888856327955460e-33 f(zj):  3.5990486180157287e+179 pn(zj):   2.5193515556325385e+00
zj:  6.1799881683249009e-114 f(zj):  1.9701896698966844e-153 pn(zj):   2.5107921599588154e+00
zj:   2.9906386587200498e-67 f(zj):   3.6955373027873358e-33 pn(zj):   2.5022549940115528e+00
zj:   4.9122544956714673e-62 f(zj):   1.7458528293788715e-76 pn(zj):   2.4937400164361696e+00
zj:   3.3118413795911219e-33 f(zj):   5.3418358768863355e-38 pn(zj):   2.4852471859272303e+00
zj:  8.1642195725457940e+204 f(zj):  1.9512347655568931e-153 pn(zj):   2.4767764612284138e+00
zj:   6.2243710384245885e-38 f(zj):   1.4508353397830565e-47 pn(zj):   2.4683278011324870e+00
zj:   7.4969771756431606e-67 f(zj):   6.0060274440405884e-67 pn(zj):   2.4599011644812778e+00
zj:   5.2007664258659460e-90 f(zj):   1.6542797449783815e-47 pn(zj):   2.4514965101656458e+00
zj:  3.5230863936828752e-109 f(zj):   1.6039704617400945e-28 pn(zj):   2.4431137971254540e+00
zj:   1.1768665284437224e-47 f(zj):   4.1848680553118394e-62 pn(zj):   2.4347529843495410e+00
zj:   9.7481549121211468e-72 f(zj):   3.2199053105688649e-57 pn(zj):   2.4264140308756925e+00
zj:   5.4516778460340848e-67 f(zj):   1.1829520255940804e-76 pn(zj):   2.4180968957906153e+00
zj:  8.2012590046520688e+204 f(zj):  6.0136196164698546e-154 pn(zj):   2.4098015382299058e+00
zj:   6.7701331115364892e-43 f(zj):   5.6396076827780632e-62 pn(zj):   2.4015279173780257e+00
zj:   4.1868042910366263e-62 f(zj):   1.1776787987115522e-47 pn(zj):   2.3932759924682703e+00
zj:  3.5990486180157287e+179 f(zj):  8.6044352998661139e+183 pn(zj):   2.3850457227827420e+00
zj:  1.9701896698966844e-153 f(zj):  6.0136181703254192e-154 pn(zj):   2.3768370676523229e+00
zj:   3.6955373027873358e-33 f(zj):   4.4689186264836998e-33 pn(zj):   2.3686499864566475e+00
zj:   1.7458528293788715e-76 f(zj):   2.1763184395035378e-76 pn(zj):   2.3604844386240691e+00
zj:   5.3418358768863355e-38 f(zj):  1.2569379134354852e+232 pn(zj):   2.3523403836316414e+00
zj:  1.9512347655568931e-153 f(zj):  6.0513972685449602e-154 pn(zj):   2.3442177810050797e+00
zj:   1.4508351929169116e-47 f(zj):   1.6584777800776957e-76 pn(zj):   2.3361165903187415e+00
zj:   4.7630524046662022e-38 f(zj):   7.4954886045221702e-67 pn(zj):   2.3280367711955927e+00
zj:   1.1784743963632904e-47 f(zj):   7.7109883358442093e-43 pn(zj):   2.3199782833071820e+00
zj:   9.0478257287693984e-43 f(zj):  1.2587560860975233e+232 pn(zj):   2.3119410863736141e+00
zj:  1.9512347655568931e-153 f(zj):  6.0513972685449602e-154 pn(zj):   2.3039251401635181e+00
zj:   3.8565342730373488e-57 f(zj):   3.9427459299050053e-62 pn(zj):   2.2959304044940216e+00
zj:   1.0397964537130743e-42 f(zj):   2.2158270661883616e-52 pn(zj):   2.2879568392307239e+00
zj:   1.5858569765731426e-47 f(zj):  1.3160769791376393e-259 pn(zj):   2.2800044042876642e+00
zj:   1.6039704617400945e-28 f(zj):   3.4435330884255147e-86 pn(zj):   2.2720730596272967e+00
zj:   1.3137120856787518e-47 f(zj):   3.6985495762558712e-33 pn(zj):   2.2641627652604619e+00
zj:   1.0860234202017438e-71 f(zj):   2.5845402744472242e-57 pn(zj):   2.2562734812463567e+00
zj:   1.1829539944848259e-76 f(zj):  2.7680679381026879e+280 pn(zj):   2.2484051676925088e+00
zj:  6.0136196164698546e-154 f(zj):   4.6499918984451855e-86 pn(zj):   2.2405577847547478e+00
zj:   7.8591703801690321e-67 f(zj):   4.6720278750637759e-62 pn(zj):   2.2327312926371752e+00
zj:   1.5727986968165128e-76 f(zj):   6.1229282991614742e-62 pn(zj):   2.2249256515921401e+00
zj:  8.6148090887868559e+183 f(zj):  6.1799881318775332e-114 pn(zj):   2.2171408219202071e+00
zj:  6.0136181703254192e-154 f(zj):   2.9906386587200498e-67 pn(zj):   2.2093767639701305e+00
zj:   7.1128978396514612e-38 f(zj):   8.9821086105493732e-67 pn(zj):   2.2016334381388272e+00
zj:   7.7109883358442093e-43 f(zj):   8.9734036402302641e-67 pn(zj):   2.1939108048713445e+00
zj:  1.2587560860975233e+232 f(zj):  8.1642195725457862e+204 pn(zj):   2.1862088246608367e+00
zj:  6.0513972685449602e-154 f(zj):   2.5777117924644142e-57 pn(zj):   2.1785274580485350e+00
zj:   3.9427459299050053e-62 f(zj):   1.0849931107114543e-42 pn(zj):   2.1708666656237190e+00
zj:   2.2158270661883616e-52 f(zj):   5.2046166950212234e-90 pn(zj):   2.1632264080236876e+00
zj:  1.3160769791376393e-259 f(zj):  3.5230863936823911e-109 pn(zj):   2.1556066459337346e+00
zj:   3.4435330884255147e-86 f(zj):   6.2289496585431542e-38 pn(zj):   2.1480073400871182e+00
zj:   3.6985495762558712e-33 f(zj):   3.1222781184368527e-33 pn(zj):   2.1404284512650311e+00
zj:   2.5845402744472242e-57 f(zj):   5.0807430812073589e-67 pn(zj):   2.1328699402965761e+00
zj:  2.7680679381026879e+280 f(zj):  8.2012590046500705e+204 pn(zj):   2.1253317680587358e+00
zj:   4.6499918984451855e-86 f(zj):   3.6700965137719547e-62 pn(zj):   2.1178138954763450e+00
zj:   4.6720278750637759e-62 f(zj):   1.6550272798596354e-47 pn(zj):   2.1103162835220624e+00
zj:   6.1229282991614742e-62 f(zj):  2.7885840210462798e+179 pn(zj):   2.1028388932163438e+00
zj:  6.1799881318775332e-114 f(zj):  1.9701896698966844e-153 pn(zj):   2.0953816856274106e+00
zj:   2.9906386587200498e-67 f(zj):   4.4222833156186253e-62 pn(zj):   2.0879446218712276e+00
zj:   8.9821086105493732e-67 f(zj):   6.5262985380166170e-38 pn(zj):   2.0805276631114680e+00
zj:   8.9734036402302641e-67 f(zj):   5.1515138825338372e-62 pn(zj):   2.0731307705594908e+00
zj:  8.1642195725457862e+204 f(zj):  1.9512347655568931e-153 pn(zj):   2.0657539054743088e+00
zj:   2.5777117924644142e-57 f(zj):   3.6962867032641880e-33 pn(zj):   2.0583970291625651e+00
zj:   1.0849931107114543e-42 f(zj):   3.8911367390500340e-33 pn(zj):   2.0510601029784992e+00
zj:   5.2046166950212234e-90 f(zj):   3.3760961380940313e-57 pn(zj):   2.0437430883239243e+00
zj:  3.5230863936823911e-109 f(zj):   1.6039704617400945e-28 pn(zj):   2.0364459466481946e+00
zj:   6.2289496585431542e-38 f(zj):   3.9379832939220847e-62 pn(zj):   2.0291686394481818e+00
zj:   3.1222781184368527e-33 f(zj):   1.1760709636586532e-47 pn(zj):   2.0219111282682434e+00
zj:   5.0807430812073589e-67 f(zj):   1.1829513769215508e-76 pn(zj):   2.0146733747001955e+00
zj:  8.2012590046500705e+204 f(zj):  6.0136196164698546e-154 pn(zj):   2.0074553403832871e+00
zj:   3.6700965137719547e-62 f(zj):   3.0599883842017806e-57 pn(zj):   2.0002569870041675e+00
zj:   1.6550272798596354e-47 f(zj):   3.0612256469993285e-57 pn(zj):   1.9930782762968620e+00
zj:  2.7885840210462798e+179 f(zj):  8.6127505400505160e+183 pn(zj):   1.9859191700427430e+00
zj:  1.9701896698966844e-153 f(zj):  6.0136181703254192e-154 pn(zj):   1.9787796300705005e+00
zj:  8.2012590046506430e+204 f(zj):   2.1106081434506040e-52 pn(zj):   1.9716596182561155e+00
zj:   2.9073738721693310e-33 f(zj):   1.3997300842753527e-76 pn(zj):   1.9645590965228319e+00
zj:   1.6591643409001958e-76 f(zj):   4.6729698976278817e-62 pn(zj):   1.9574780268411263e+00
zj:  3.4344106822942712e+179 f(zj):  8.6044352998636854e+183 pn(zj):   1.9504163712286833e+00
zj:  1.9701896698966844e-153 f(zj):  6.0136181703254192e-154 pn(zj):   1.9433740917503646e+00
zj:   1.8993482124028462e-52 f(zj):   1.6595017014482764e-76 pn(zj):   1.9363511505181825e+00
zj:   1.1089866696879357e-47 f(zj):   2.0053955617970580e-52 pn(zj):   1.9293475096912704e+00
zj:   2.5801676222511548e-57 f(zj):  1.2584540443852786e+232 pn(zj):   1.9223631314758571e+00
zj:  1.9512347655568931e-153 f(zj):  6.0513972685449602e-154 pn(zj):   1.9153979781252355e+00
zj:   1.1079123191212928e-47 f(zj):   2.2137959235664342e-52 pn(zj):   1.9084520119397372e+00
zj:   1.8312050891219397e-76 f(zj):   5.3473603738080382e-38 pn(zj):   1.9015251952667029e+00
zj:   7.8551065112724518e-67 f(zj):  1.3160769791754213e-259 pn(zj):   1.8946174905004558e+00
zj:   1.6039704617400945e-28 f(zj):   3.4435330884255147e-86 pn(zj):   1.8877288600822715e+00
zj:   1.3143956568372925e-71 f(zj):   3.0593660447298315e-57 pn(zj):   1.8808592665003510e+00
zj:   1.9022046513586863e-52 f(zj):   6.2369987005074410e-38 pn(zj):   1.8740086722897933e+00
zj:   1.1829540047495436e-76 f(zj):  2.7680679314197621e+280 pn(zj):   1.8671770400325660e+00
zj:  6.0136196164698546e-154 f(zj):   4.0467624934294009e-86 pn(zj):   1.8603643323574781e+00
zj:   5.6396223892574843e-62 f(zj):   4.6652732487643826e-33 pn(zj):   1.8535705119401511e+00
zj:   4.6729698976278817e-62 f(zj):   7.7215391812415255e-43 pn(zj):   1.8467955415029924e+00
zj:  8.6044352998636854e+183 f(zj):  6.1799881198702292e-114 pn(zj):   1.8400393838151650e+00
zj:  6.0136181703254192e-154 f(zj):   4.5633524455567166e-72 pn(zj):   1.8333020016925619e+00
zj:   1.6595017014482764e-76 f(zj):   2.0913035300752473e-76 pn(zj):   1.8265833579977757e+00
zj:   2.0053955617970580e-52 f(zj):   1.2447578968448639e-47 pn(zj):   1.8198834156400721e+00
zj:  1.2584540443852786e+232 f(zj):  8.1642195725457895e+204 pn(zj):   1.8132021375753613e+00
zj:  6.0513972685449602e-154 f(zj):   3.0593466158678817e-57 pn(zj):   1.8065394868061697e+00
zj:   2.2137959235664342e-52 f(zj):   3.5044549103830649e-33 pn(zj):   1.7998954263816125e+00
zj:   5.3473603738080382e-38 f(zj):   7.7525943441992974e-72 pn(zj):   1.7932699193973645e+00
zj:  1.3160769791754213e-259 f(zj):  3.5230863936831187e-109 pn(zj):   1.7866629289956331e+00
zj:   3.4435330884255147e-86 f(zj):   2.5826636930615569e-57 pn(zj):   1.7800744183651291e+00
zj:   3.0593660447298315e-57 f(zj):   1.6574411122682084e-47 pn(zj):   1.7735043507410402e+00
zj:   6.2369987005074410e-38 f(zj):   7.7526030479048365e-72 pn(zj):   1.7669526894050016e+00
zj:  2.7680679314197621e+280 f(zj):  8.2012590046503612e+204 pn(zj):   1.7604193976850677e+00
zj:   4.0467624934294009e-86 f(zj):   2.9073738721693310e-33 pn(zj):   1.7539044389556859e+00
zj:   4.6652732487643826e-33 f(zj):   1.3130760505464568e-71 pn(zj):   1.7474077766376657e+00
zj:   7.7215391812415255e-43 f(zj):  3.1121490723533998e+179 pn(zj):   1.7409293741981533e+00
zj:  6.1799881198702292e-114 f(zj):  1.9701896698966844e-153 pn(zj):   1.7344691951506022e+00
zj:   4.5633524455567166e-72 f(zj):   5.0511999188049713e-38 pn(zj):   1.7280272030547446e+00
zj:   2.0913035300752473e-76 f(zj):   1.5205945436270990e-47 pn(zj):   1.7216033615165645e+00
zj:   1.2447578968448639e-47 f(zj):   5.1515138827038514e-62 pn(zj):   1.7151976341882691e+00
zj:  8.1642195725457895e+204 f(zj):  1.9512347655568931e-153 pn(zj):   1.7088099847682605e+00
zj:   3.0593466158678817e-57 f(zj):   1.2564737347672471e-71 pn(zj):   1.7024403770011081e+00
zj:   3.5044549103830649e-33 f(zj):   3.3767325217343907e-57 pn(zj):   1.6960887746775200e+00
zj:   7.7525943441992974e-72 f(zj):   3.3760961380953324e-57 pn(zj):   1.6897551416343148e+00
zj:  3.5230863936831187e-109 f(zj):   1.6039704617400945e-28 pn(zj):   1.6834394417543950e+00
zj:   2.5826636930615569e-57 f(zj):   4.9160267572462574e-62 pn(zj):   1.6771416389667166e+00
zj:   1.6574411122682084e-47 f(zj):   2.4213868953696619e-52 pn(zj):   1.6708616972462622e+00
zj:   7.7526030479048365e-72 f(zj):   1.1829546611134830e-76 pn(zj):   1.6645995806140141e+00
zj:  8.2012590046503612e+204 f(zj):  6.0136196164698546e-154 pn(zj):   1.6583552531369241e+00
zj:  3.5230863936825103e-109 f(zj):   5.9362734820212270e-38 pn(zj):   1.6521286789278860e+00
zj:   4.1782212158461761e-62 f(zj):   7.8678354205535588e-67 pn(zj):   1.6459198221457085e+00
zj:   1.3829398405288817e-47 f(zj):   9.3544667489503030e-67 pn(zj):   1.6397286469950865e+00
zj:   8.3185916094353990e-72 f(zj):   1.1829507129571170e-76 pn(zj):   1.6335551177265724e+00
zj:  8.2012590046506430e+204 f(zj):  6.0136196164698546e-154 pn(zj):   1.6273991986365490e+00
zj:   1.0329066925043161e-47 f(zj):   1.0298667408532063e-71 pn(zj):   1.6212608540672011e+00
zj:   5.1524924175957634e-62 f(zj):   7.7180085930088967e-43 pn(zj):   1.6151400484064871e+00
zj:  2.7885865234469540e+179 f(zj):  8.6023848556475238e+183 pn(zj):   1.6090367460881103e+00
zj:  1.9701896698966844e-153 f(zj):  6.0136181703254192e-154 pn(zj):   1.6029509115914935e+00
zj:   4.7607476713655062e-38 f(zj):   2.0066190813731565e-52 pn(zj):   1.5968825094417478e+00
zj:   1.9022125981490062e-52 f(zj):   2.2133864741019317e-52 pn(zj):   1.5908315042096453e+00
zj:   3.1184848186943312e-33 f(zj):  1.2587560860979491e+232 pn(zj):   1.5847978605115931e+00
zj:  1.9512347655568931e-153 f(zj):  6.0513972685449602e-154 pn(zj):   1.5787815430096019e+00
zj:   8.2344715029459520e-67 f(zj):   1.4267125004165980e-71 pn(zj):   1.5727825164112605e+00
zj:   1.0294193907353470e-71 f(zj):   9.5081466936746458e-43 pn(zj):   1.5668007454697068e+00
zj:   5.6357093772141528e-38 f(zj):  1.3160769791002226e-259 pn(zj):   1.5608361949835996e+00
zj:   1.6039704617400945e-28 f(zj):   3.4435330884255147e-86 pn(zj):   1.5548888297970902e+00
zj:   7.8678354205535588e-67 f(zj):   3.8590162910442899e-57 pn(zj):   1.5489586147997958e+00
zj:   9.3544667489503030e-67 f(zj):   7.7215392079687536e-43 pn(zj):   1.5430455149267688e+00
zj:   1.1829507129571170e-76 f(zj):  2.7680679381026879e+280 pn(zj):   1.5371494951584723e+00
zj:  6.0136196164698546e-154 f(zj):   5.0521448351223753e-86 pn(zj):   1.5312705205207482e+00
zj:   1.0298667408532063e-71 f(zj):   3.6978474405396258e-57 pn(zj):   1.5254085560847916e+00
zj:   7.7180085930088967e-43 f(zj):   1.6571322961735985e-76 pn(zj):   1.5195635669671228e+00
zj:  8.6023848556475238e+183 f(zj):  6.1799881803794778e-114 pn(zj):   1.5137355183295569e+00
zj:  6.0136181703254192e-154 f(zj):   4.5633524455567166e-72 pn(zj):   1.5079243753791780e+00
zj:   2.0066190813731565e-52 f(zj):   1.6555681173902445e-47 pn(zj):   1.5021301033683110e+00
zj:   2.2133864741019317e-52 f(zj):   1.6550314764463833e-47 pn(zj):   1.4963526675944918e+00
zj:  1.2587560860979491e+232 f(zj):  8.1642195725457918e+204 pn(zj):   1.4905920334004410e+00
zj:  6.0513972685449602e-154 f(zj):   1.0855803136205136e-71 pn(zj):   1.4848481661740345e+00
zj:   1.4267125004165980e-71 f(zj):   4.0127319852981595e-57 pn(zj):   1.4791210313482765e+00
zj:   9.5081466936746458e-43 f(zj):   5.2007852110916477e-90 pn(zj):   1.4734105944012712e+00
zj:  1.3160769791002226e-259 f(zj):  3.5230863936822715e-109 pn(zj):   1.4677168208561935e+00
zj:   3.4435330884255147e-86 f(zj):   5.0488766876023010e-38 pn(zj):   1.4620396762812626e+00
zj:   3.8590162910442899e-57 f(zj):   3.5036995866116471e-33 pn(zj):   1.4563791262897132e+00
zj:   7.7215392079687536e-43 f(zj):   5.2007776032537208e-90 pn(zj):   1.4507351365397669e+00
zj:  2.7680679381026879e+280 f(zj):  8.2012590046512156e+204 pn(zj):   1.4451076727346048e+00
zj:   5.0521448351223753e-86 f(zj):   1.0329066925043161e-47 pn(zj):   1.4394967006223394e+00
zj:   3.6978474405396258e-57 f(zj):   7.7092572397024004e-43 pn(zj):   1.4339021859959860e+00
zj:   1.6571322961735985e-76 f(zj):  3.2736038753942075e+179 pn(zj):   1.4283240946934352e+00
zj:  6.1799881803794778e-114 f(zj):  1.9701896698966844e-153 pn(zj):   1.4227623925974247e+00
zj:   4.5633524455567166e-72 f(zj):   1.8993482124028462e-52 pn(zj):   1.4172170456355104e+00
zj:   1.6555681173902445e-47 f(zj):   1.1089866696879357e-47 pn(zj):   1.4116880197800401e+00
zj:   1.6550314764463833e-47 f(zj):   2.5801676222511548e-57 pn(zj):   1.4061752810481227e+00
zj:  8.1642195725457918e+204 f(zj):  1.9512347655568931e-153 pn(zj):   1.4006787955016033e+00
zj:   1.0855803136205136e-71 f(zj):   1.2564737347672471e-71 pn(zj):   1.3951985292470324e+00
zj:   4.0127319852981595e-57 f(zj):   7.4090627778540766e-38 pn(zj):   1.3897344484356395e+00
zj:   5.2007852110916477e-90 f(zj):   3.3760961382429785e-57 pn(zj):   1.3842865192633043e+00
zj:   2.5808089244850520e-57 f(zj):   1.6039704617400945e-28 pn(zj):   1.3788547079705289e+00
zj:  8.1642195725457895e+204 f(zj):   8.1663828586338974e-43 pn(zj):   1.3734389808424090e+00
zj:   6.2243755225796743e-38 f(zj):   5.3993622410149755e-62 pn(zj):   1.3680393042086072e+00
zj:   3.2174379915191102e-57 f(zj):   4.6701287040112837e-62 pn(zj):   1.3626556444433235e+00
zj:   5.2007589350116633e-90 f(zj):   4.9048361270641948e-62 pn(zj):   1.3572879679652683e+00
zj:  3.5230863936828757e-109 f(zj):   1.6039704617400945e-28 pn(zj):   1.3519362412376332e+00
zj:   1.9155399338234342e-76 f(zj):   5.6395890194731541e-62 pn(zj):   1.3466004307680639e+00
zj:   7.7180083793997939e-43 f(zj):   3.8534277318427580e-57 pn(zj):   1.3412805031086321e+00
zj:   5.2055605208008703e-90 f(zj):   1.1829507205978649e-76 pn(zj):   1.3359764248558061e+00
zj:  8.2012590046517803e+204 f(zj):  6.0136196164698546e-154 pn(zj):   1.3306881626504250e+00
zj:   3.6696217353846667e-62 f(zj):   2.4221946053651658e-52 pn(zj):   1.3254156831776678e+00
zj:   7.2713446276384974e-43 f(zj):   9.9653614515070523e-43 pn(zj):   1.3201589531670281e+00
zj:  4.0878427631621302e+179 f(zj):  8.6148090887873427e+183 pn(zj):   1.3149179393922841e+00
zj:  1.9701896698966844e-153 f(zj):  6.0136181703254192e-154 pn(zj):   1.3096926086714709e+00
zj:   1.0303071651694736e-71 f(zj):   8.2344717459724857e-67 pn(zj):   1.3044829278668533e+00
zj:   9.5081740633060780e-43 f(zj):   1.1301808674449070e-42 pn(zj):   1.2992888638848965e+00
zj:   2.5801676224374867e-57 f(zj):  1.2572399551482240e+232 pn(zj):   1.2941103836762391e+00
zj:  1.9512347655568931e-153 f(zj):  6.0513972685449602e-154 pn(zj):   1.2889474542356638e+00
zj:   5.3993622410149755e-62 f(zj):   3.9427607667293870e-62 pn(zj):   1.2838000426020708e+00
zj:   4.6701287040112837e-62 f(zj):   1.6550283237650985e-47 pn(zj):   1.2786681158584481e+00
zj:   4.9048361270641948e-62 f(zj):  1.3160769790433622e-259 pn(zj):   1.2735516411318448e+00
zj:   1.6039704617400945e-28 f(zj):   3.8456860251027045e-86 pn(zj):   1.2684505855933423e+00
zj:   5.6395890194731541e-62 f(zj):   4.8563527370523915e-33 pn(zj):   1.2633649164580261e+00
zj:   3.8534277318427580e-57 f(zj):   6.0060049596890470e-67 pn(zj):   1.2582946009849585e+00
zj:   1.1829507205978649e-76 f(zj):  2.7680679381291026e+280 pn(zj):   1.2532396064771494e+00
zj:  6.0136196164698546e-154 f(zj):   4.0467624934294009e-86 pn(zj):   1.2481999002815292e+00
zj:   2.4221946053651658e-52 f(zj):   2.0052765283229621e-76 pn(zj):   1.2431754497889198e+00
zj:   9.9653614515070523e-43 f(zj):   8.6183289842707222e-43 pn(zj):   1.2381662224340080e+00
zj:  8.6148090887873427e+183 f(zj):  6.1799881198702292e-114 pn(zj):   1.2331721856953153e+00
zj:  6.0136181703254192e-154 f(zj):   4.5633524455567166e-72 pn(zj):   1.2281933070951716e+00
zj:   8.2344717459724857e-67 f(zj):   1.4511005445188757e-47 pn(zj):   1.2232295541996863e+00
zj:   1.1301808674449070e-42 f(zj):   4.4241749386503117e-62 pn(zj):   1.2182808946187205e+00
zj:  1.2572399551482240e+232 f(zj):  8.1642195725457918e+204 pn(zj):   1.2133472960058584e+00
zj:  6.0513972685449602e-154 f(zj):   1.5700984627186281e-76 pn(zj):   1.2084287260583801e+00
zj:   3.9427607667293870e-62 f(zj):   1.8308756661067961e-76 pn(zj):   1.2035251525172330e+00
zj:   1.6550283237650985e-47 f(zj):   5.2036391172773057e-90 pn(zj):   1.1986365431670030e+00
zj:  1.3160769790433622e-259 f(zj):  3.5230863936820305e-109 pn(zj):   1.1937628658358881e+00
zj:   3.8456860251027045e-86 f(zj):   2.1746289438004963e-76 pn(zj):   1.1889040883956685e+00
zj:   4.8563527370523915e-33 f(zj):   2.0032511343413077e-76 pn(zj):   1.1840601787616802e+00
zj:   6.0060049596890470e-67 f(zj):   5.2084369428112373e-90 pn(zj):   1.1792311048927855e+00
zj:  2.7680679381291026e+280 f(zj):  8.2012590046500738e+204 pn(zj):   1.1744168347913457e+00
zj:   4.0467624934294009e-86 f(zj):   3.6696217353846667e-62 pn(zj):   1.1696173365031926e+00
zj:   2.0052765283229621e-76 f(zj):   9.9653615316920328e-43 pn(zj):   1.1648325781176008e+00
zj:   8.6183289842707222e-43 f(zj):  3.1153099161262257e+179 pn(zj):   1.1600625277672594e+00
zj:  6.1799881198702292e-114 f(zj):  1.9701896698966844e-153 pn(zj):   1.1553071536282442e+00
zj:   4.5633524455567166e-72 f(zj):   4.7607476713655062e-38 pn(zj):   1.1505664239199889e+00
zj:   1.4511005445188757e-47 f(zj):   5.3542524676270797e-38 pn(zj):   1.1458403069052578e+00
zj:   4.4241749386503117e-62 f(zj):   3.1184848188745773e-33 pn(zj):   1.1411287708901174e+00
zj:   5.6434132557888530e-62 f(zj):  1.9512347655568931e-153 pn(zj):   1.1364317842239080e+00
zj:  6.1799881318302603e-114 f(zj):   3.6955368894855717e-33 pn(zj):   1.1317493152992162e+00
zj:   4.5633524455567166e-72 f(zj):   7.4125199736388103e-38 pn(zj):   1.1270813325518463e+00
zj:   1.0849889946743948e-42 f(zj):   6.0089422188928926e-67 pn(zj):   1.1224278044607925e+00
zj:   7.7092231355366971e-43 f(zj):   2.7388593736781424e-57 pn(zj):   1.1177886995482114e+00
zj:  8.1642195725457907e+204 f(zj):  1.9512347655568931e-153 pn(zj):   1.1131639863793921e+00
zj:   3.5335572156825139e-57 f(zj):   2.2158350128794447e-52 pn(zj):   1.1085536335627300e+00
zj:   9.5099051856543110e-43 f(zj):   2.5270153113266498e-52 pn(zj):   1.1039576097496981e+00
zj:   5.2007626808106117e-90 f(zj):   4.6617496358999708e-62 pn(zj):   1.0993758836348184e+00
zj:  3.5230863936822711e-109 f(zj):   1.6039704617400945e-28 pn(zj):   1.0948084239556346e+00
zj:   1.2011996683519638e-71 f(zj):   1.0862349925465413e-71 pn(zj):   1.0902551994926832e+00
zj:   2.2142037427957021e-52 f(zj):   3.5066912543512947e-33 pn(zj):   1.0857161790694663e+00
zj:   8.3185700024100465e-72 f(zj):   1.1829520306612478e-76 pn(zj):   1.0811913315524226e+00
zj:  8.2012590046503579e+204 f(zj):  6.0136196164698546e-154 pn(zj):   1.0766806258509005e+00
zj:   8.5440039061584201e-72 f(zj):   7.8635171059541455e-67 pn(zj):   1.0721840309171282e+00
zj:   3.8577667693585198e-57 f(zj):   1.3137384581820294e-71 pn(zj):   1.0677015157461880e+00
zj:  2.6290237881272296e+179 f(zj):  8.6023929601725346e+183 pn(zj):   1.0632330493759856e+00
zj:  1.9701896698966844e-153 f(zj):  6.0136181703254192e-154 pn(zj):   1.0587786008872244e+00
zj:   7.4125199736388103e-38 f(zj):   3.3141011754643154e-33 pn(zj):   1.0543381394033757e+00
zj:   6.0089422188928926e-67 f(zj):   1.3707769003683094e-71 pn(zj):   1.0499116340906518e+00
zj:   2.7388593736781424e-57 f(zj):  1.2590557588555834e+232 pn(zj):   1.0454990541579765e+00
zj:  1.9512347655568931e-153 f(zj):  6.0513972685449602e-154 pn(zj):   1.0411003688569589e+00
zj:   2.2158350128794447e-52 f(zj):   4.7653393761079480e-38 pn(zj):   1.0367155474818637e+00
zj:   2.5270153113266498e-52 f(zj):   5.0569305467337246e-38 pn(zj):   1.0323445593695837e+00
zj:   4.6617496358999708e-62 f(zj):  1.3160769790622182e-259 pn(zj):   1.0279873738996121e+00
zj:   1.6039704617400945e-28 f(zj):   3.4435330884255147e-86 pn(zj):   1.0236439604940135e+00
zj:   1.0862349925465413e-71 f(zj):   4.8571198043801882e-33 pn(zj):   1.0193142886173969e+00
zj:   3.5066912543512947e-33 f(zj):   5.9431341516551258e-38 pn(zj):   1.0149983277768866e+00
zj:   1.1829520306612478e-76 f(zj):  2.7680679042918379e+280 pn(zj):   1.0106960475220950e+00
zj:  6.0136196164698546e-154 f(zj):   4.4489154301065906e-86 pn(zj):   1.0064074174450937e+00
zj:   7.8635171059541455e-67 f(zj):   1.0298632932251373e-71 pn(zj):   1.0021324071803861e+00
zj:   1.3137384581820294e-71 f(zj):   1.2469034088133681e-47 pn(zj):   9.9787098640487881e-01
zj:  8.6023929601725346e+183 f(zj):  6.1799881803794778e-114 pn(zj):   9.9362312483785387e-01
zj:  6.0136181703254192e-154 f(zj):   4.5633524455567166e-72 pn(zj):   9.8938879224094067e-01
zj:   3.3141011754643154e-33 f(zj):   6.8167237576371849e-38 pn(zj):   9.8516795841808757e-01
zj:   1.3707769003683094e-71 f(zj):   9.3529782213569475e-67 pn(zj):   9.8096059321553408e-01
zj:  1.2590557588555834e+232 f(zj):  8.1642195725457918e+204 pn(zj):   9.7676666652178268e-01
zj:  6.0513972685449602e-154 f(zj):   2.0019095260228361e-76 pn(zj):   9.7258614826757084e-01
zj:   4.7653393761079480e-38 f(zj):   2.2133800893368758e-52 pn(zj):   9.6841900842584261e-01
zj:   5.0569305467337246e-38 f(zj):   5.2017365278985925e-90 pn(zj):   9.6426521701172097e-01
zj:  1.3160769790622182e-259 f(zj):  3.5230863936823911e-109 pn(zj):   9.6012474408247950e-01
zj:   3.4435330884255147e-86 f(zj):   5.6348558261104284e-62 pn(zj):   9.5599755973751444e-01
zj:   4.8571198043801882e-33 f(zj):   1.3147864406906188e-47 pn(zj):   9.5188363411831611e-01
zj:   5.9431341516551258e-38 f(zj):   5.2045941497090067e-90 pn(zj):   9.4778293740844177e-01
zj:  2.7680679042918379e+280 f(zj):  8.2012590046514985e+204 pn(zj):   9.4369543983348647e-01
zj:   4.4489154301065906e-86 f(zj):   8.5440039061584201e-72 pn(zj):   9.3962111166105566e-01
zj:   1.0298632932251373e-71 f(zj):   4.8556151602660489e-33 pn(zj):   9.3555992320073711e-01
zj:   1.2469034088133681e-47 f(zj):  3.2729558408340895e+179 pn(zj):   9.3151184480407223e-01
zj:   1.3703347183914743e-71 f(zj):  1.9701896698966844e-153 pn(zj):   9.2747684686452869e-01
zj:  2.7680679381026879e+280 f(zj):  8.2012590046503579e+204 pn(zj):   9.2345489981747175e-01
zj:   5.6008473097124718e-67 f(zj):   5.6051940345504313e-67 pn(zj):   9.1944597414013685e-01
zj:   1.7461954457651642e-76 f(zj):   6.5251640643637545e-38 pn(zj):   9.1545004035160060e-01
zj:  3.4401289130199838e+179 f(zj):  4.0865912425348990e+179 pn(zj):   9.1146706901275376e-01
zj:  6.1799882046311469e-114 f(zj):  1.9701896699140502e-153 pn(zj):   9.0749703072627208e-01
zj:   1.5528283712684925e-33 f(zj):   1.1097885113041658e-47 pn(zj):   9.0353989613658903e-01
zj:   3.8540329790712249e-57 f(zj):   1.2444906366076491e-47 pn(zj):   8.9959563592986747e-01
zj:   6.7565338713144775e-67 f(zj):   2.0896051552995700e-76 pn(zj):   8.9566422083397124e-01
zj:  8.1642243567575207e+204 f(zj):  1.9512347655568931e-153 pn(zj):   8.9174562161843762e-01
zj:   8.6008054550376049e-43 f(zj):   1.8993482124028462e-52 pn(zj):   8.8783980909444893e-01
zj:   5.8808098676176451e-62 f(zj):   3.9399121110077421e-62 pn(zj):   8.8394675411480428e-01
zj:   5.2036428771343363e-90 f(zj):   2.5801676225855635e-57 pn(zj):   8.8006642757389186e-01
zj:  3.5230863936821505e-109 f(zj):   1.6039704617400945e-28 pn(zj):   8.7619880040766074e-01
zj:   2.0056086072346461e-76 f(zj):   3.0581020697857012e-57 pn(zj):   8.7234384359359241e-01
zj:   4.6652732146401342e-33 f(zj):   7.7215460776000879e-43 pn(zj):   8.6850152815067350e-01
zj:   8.3185829734639924e-72 f(zj):   1.2693156954482810e-76 pn(zj):   8.6467182513936680e-01
zj:  8.2012590046503579e+204 f(zj):  6.0136196164698559e-154 pn(zj):   8.6085470566158362e-01
zj:   5.6051940345504313e-67 f(zj):   9.0667307820929112e-43 pn(zj):   8.5705014086065590e-01
zj:   6.5251640643637545e-38 f(zj):   9.0562280732956897e-43 pn(zj):   8.5325810192130758e-01
zj:  4.0865912425348990e+179 f(zj):  8.6127586445730983e+183 pn(zj):   8.4947856006962708e-01
zj:  1.9701896699140502e-153 f(zj):  6.0136181703254192e-154 pn(zj):   8.4571148657303863e-01
zj:   1.1097885113041658e-47 f(zj):   4.0133518463527429e-57 pn(zj):   8.4195685274027499e-01
zj:   1.2444906366076491e-47 f(zj):   4.9075067698106488e-62 pn(zj):   8.3821462992134821e-01
zj:   2.0896051552995700e-76 f(zj):  1.2587560860975941e+232 pn(zj):   8.3448478950752292e-01
zj:  1.9512347655568931e-153 f(zj):  6.0513972685449602e-154 pn(zj):   8.3076730293128698e-01
zj:   1.8993482124028462e-52 f(zj):   2.1093957815708286e-52 pn(zj):   8.2706214166632419e-01
zj:   3.9399121110077421e-62 f(zj):   4.1782433997746916e-62 pn(zj):   8.2336927722748610e-01
zj:   2.5801676225855635e-57 f(zj):  1.3973781873252443e-259 pn(zj):   8.1968868117076321e-01
zj:   1.6039704617400945e-28 f(zj):   3.4435330884255147e-86 pn(zj):   8.1602032509325828e-01
zj:   3.0581020697857012e-57 f(zj):   3.2193048298554710e-57 pn(zj):   8.1236418063315663e-01
zj:   7.7215460776000879e-43 f(zj):   7.4969318752251993e-67 pn(zj):   8.0872021946969941e-01
zj:   1.2693156954482810e-76 f(zj):  2.7680679314197621e+280 pn(zj):   8.0508841332315484e-01
zj:  6.0136196164698559e-154 f(zj):   4.4489154301065906e-86 pn(zj):   8.0146873395478979e-01
zj:   9.0667307820929112e-43 f(zj):   1.1087193810617587e-47 pn(zj):   7.9786115316684270e-01
zj:   9.0562280732956897e-43 f(zj):   2.1098004395561937e-52 pn(zj):   7.9426564280249456e-01
zj:  8.6127586445730983e+183 f(zj):  6.1799881923395090e-114 pn(zj):   7.9068217474584146e-01
zj:  6.0136181703254192e-154 f(zj):   1.5528283712684925e-33 pn(zj):   7.8711072092186596e-01
zj:   4.0133518463527429e-57 f(zj):   2.5789468627513593e-57 pn(zj):   7.8355125329640962e-01
zj:   4.9075067698106488e-62 f(zj):   1.1076502751777828e-47 pn(zj):   7.8000374387614413e-01
zj:  1.2587560860975941e+232 f(zj):  8.1642243567575174e+204 pn(zj):   7.7646816470854385e-01
zj:  6.0513972685449602e-154 f(zj):   1.7448368092060111e-76 pn(zj):   7.7294448788185788e-01
zj:   2.1093957815708286e-52 f(zj):   9.1688579980435048e-72 pn(zj):   7.6943268552508104e-01
zj:   4.1782433997746916e-62 f(zj):   7.7526202865076915e-72 pn(zj):   7.6593272980792682e-01
zj:  1.3973781873252443e-259 f(zj):  3.5230863936831187e-109 pn(zj):   7.6244459294079858e-01
zj:   3.4435330884255147e-86 f(zj):   1.6550241473141621e-47 pn(zj):   7.5896824717476186e-01
zj:   3.2193048298554710e-57 f(zj):   5.1524886648093782e-62 pn(zj):   7.5550366480151621e-01
zj:   3.9399084161790079e-62 f(zj):   7.7525858431041977e-72 pn(zj):   7.5205081815336694e-01
zj:   1.1994327321448015e-71 f(zj):  8.2012590046520710e+204 pn(zj):   7.4860967960319713e-01
zj:  1.3973781872490853e-259 f(zj):  3.5230863936821505e-109 pn(zj):   7.4518022156443975e-01
zj:   3.8456860251027045e-86 f(zj):   9.1666211934807950e-72 pn(zj):   7.4176241649104924e-01
zj:   1.1443823427464457e-71 f(zj):   2.3181911807635880e-52 pn(zj):   7.3835623687747343e-01
zj:   4.4658917746728171e-33 f(zj):   5.0807345696146886e-67 pn(zj):   7.3496165525862600e-01
zj:  2.7680679043446673e+280 f(zj):  8.2012590046506375e+204 pn(zj):   7.3157864420985774e-01
zj:   4.6499918984451855e-86 f(zj):   2.4067902050850535e-57 pn(zj):   7.2820717634692844e-01
zj:   3.8565392012771567e-57 f(zj):   1.7253262322271456e-47 pn(zj):   7.2484722432597970e-01
zj:   1.0413735879488179e-42 f(zj):  3.1108802961138431e+179 pn(zj):   7.2149876084350573e-01
zj:  6.1799881199175020e-114 f(zj):  1.9701896699140502e-153 pn(zj):   7.1816175863632581e-01
zj:   3.6154602916643315e-43 f(zj):   8.6166253102763766e-43 pn(zj):   7.1483619048155622e-01
zj:   1.3690099200276341e-71 f(zj):   2.1766505291338535e-76 pn(zj):   7.1152202919658225e-01
zj:   4.2778214257825784e-33 f(zj):   4.0822021072733560e-33 pn(zj):   7.0821924763902966e-01
zj:  8.1642243567575218e+204 f(zj):  1.9512347655568931e-153 pn(zj):   7.0492781870673715e-01
zj:   3.3088318259870440e-33 f(zj):   4.7607476713655062e-38 pn(zj):   7.0164771533772741e-01
zj:   1.0300869463105099e-71 f(zj):   0.0000000000000000e+00 pn(zj):   6.9837891051018053e-01
zj:   5.2055491535635595e-90 f(zj):  6.3066985625989280e-319 pn(zj):   6.9512137724240430e-01
zj:  3.5230863936821505e-109 f(zj):   0.0000000000000000e+00 pn(zj):   6.9187508859280722e-01
zj:   9.1666211934807950e-72 f(zj):   0.0000000000000000e+00 pn(zj):   6.8864001765986971e-01
zj:   2.3181911807635880e-52 f(zj):   0.0000000000000000e+00 pn(zj):   6.8541613758211628e-01
zj:   5.0807345696146886e-67 f(zj):   0.0000000000000000e+00 pn(zj):   6.8220342153808811e-01
zj:  8.2012590046506375e+204 f(zj):   0.0000000000000000e+00 pn(zj):   6.7900184274631359e-01
zj:   2.4067902050850535e-57 f(zj):   0.0000000000000000e+00 pn(zj):   6.7581137446528161e-01
zj:   1.7253262322271456e-47 f(zj):   0.0000000000000000e+00 pn(zj):   6.7263198999341256e-01
zj:  3.1108802961138431e+179 f(zj):   0.0000000000000000e+00 pn(zj):   6.6946366266903046e-01
zj:  1.9701896699140502e-153 f(zj):   0.0000000000000000e+00 pn(zj):   6.6630636587033498e-01
zj:   8.6166253102763766e-43 f(zj):   0.0000000000000000e+00 pn(zj):   6.6316007301537372e-01
zj:   2.1766505291338535e-76 f(zj):   0.0000000000000000e+00 pn(zj):   6.6002475756201329e-01
zj:   4.0822021072733560e-33 f(zj):   0.0000000000000000e+00 pn(zj):   6.5690039300791170e-01
zj:  1.9512347655568931e-153 f(zj):   0.0000000000000000e+00 pn(zj):   6.5378695289049049e-01
zj:   4.7607476713655062e-38 f(zj):   0.0000000000000000e+00 pn(zj):   6.5068441078690620e-01
zj:   0.0000000000000000e+00 f(zj):   0.0000000000000000e+00 pn(zj):   6.4759274031402270e-01
zj:  6.3066985625989280e-319 f(zj):   0.0000000000000000e+00 pn(zj):   6.4451191512838224e-01
zj:   0.0000000000000000e+00 f(zj):   0.0000000000000000e+00 pn(zj):   6.4144190892617914e-01
zj:   0.0000000000000000e+00 f(zj):   0.0000000000000000e+00 pn(zj):   6.3838269544322923e-01
zj:   0.0000000000000000e+00 f(zj):   0.0000000000000000e+00 pn(zj):   6.3533424845494424e-01
zj:   0.0000000000000000e+00 f(zj):   0.0000000000000000e+00 pn(zj):   6.3229654177630201e-01
zj:   0.0000000000000000e+00 f(zj):   0.0000000000000000e+00 pn(zj):   6.2926954926181888e-01
zj:   0.0000000000000000e+00 f(zj):   0.0000000000000000e+00 pn(zj):   6.2625324480552202e-01
zj:   0.0000000000000000e+00 f(zj):   0.0000000000000000e+00 pn(zj):   6.2324760234092080e-01
zj:   0.0000000000000000e+00 f(zj):   0.0000000000000000e+00 pn(zj):   6.2025259584097914e-01
zj:   0.0000000000000000e+00 f(zj):   0.0000000000000000e+00 pn(zj):   6.1726819931808674e-01
zj:   0.0000000000000000e+00 f(zj):   0.0000000000000000e+00 pn(zj):   6.1429438682403203e-01
zj:   0.0000000000000000e+00 f(zj):   0.0000000000000000e+00 pn(zj):   6.1133113244997306e-01
zj:   0.0000000000000000e+00 f(zj):   0.0000000000000000e+00 pn(zj):   6.0837841032641027e-01
zj:   0.0000000000000000e+00 f(zj):   0.0000000000000000e+00 pn(zj):   6.0543619462315745e-01
zj:   0.0000000000000000e+00 f(zj):   0.0000000000000000e+00 pn(zj):   6.0250445954931453e-01
zj:   0.0000000000000000e+00 f(zj):   0.0000000000000000e+00 pn(zj):   5.9958317935323946e-01
zj:   0.0000000000000000e+00 f(zj):   0.0000000000000000e+00 pn(zj):   5.9667232832251926e-01
zj:   0.0000000000000000e+00 f(zj):   0.0000000000000000e+00 pn(zj):   5.9377188078394272e-01
zj:   0.0000000000000000e+00 f(zj):   0.0000000000000000e+00 pn(zj):   5.9088181110347215e-01
zj:   0.0000000000000000e+00 f(zj):   0.0000000000000000e+00 pn(zj):   5.8800209368621514e-01
zj:   0.0000000000000000e+00 f(zj):   0.0000000000000000e+00 pn(zj):   5.8513270297639686e-01
zj:   0.0000000000000000e+00 f(zj):   0.0000000000000000e+00 pn(zj):   5.8227361345733097e-01
zj:   0.0000000000000000e+00 f(zj):   0.0000000000000000e+00 pn(zj):   5.7942479965139326e-01
zj:   0.0000000000000000e+00 f(zj):   0.0000000000000000e+00 pn(zj):   5.7658623611999182e-01
zj:   0.0000000000000000e+00 f(zj):   0.0000000000000000e+00 pn(zj):   5.7375789746353956e-01
zj:   0.0000000000000000e+00 f(zj):   0.0000000000000000e+00 pn(zj):   5.7093975832142696e-01
zj:   0.0000000000000000e+00 f(zj):   0.0000000000000000e+00 pn(zj):   5.6813179337199271e-01
zj:   0.0000000000000000e+00 f(zj):   0.0000000000000000e+00 pn(zj):   5.6533397733249635e-01
zj:   0.0000000000000000e+00 f(zj):   0.0000000000000000e+00 pn(zj):   5.6254628495908987e-01
zj:   0.0000000000000000e+00 f(zj):   0.0000000000000000e+00 pn(zj):   5.5976869104679017e-01
zj:   0.0000000000000000e+00 f(zj):   0.0000000000000000e+00 pn(zj):   5.5700117042944997e-01
zj:   0.0000000000000000e+00 f(zj):   0.0000000000000000e+00 pn(zj):   5.5424369797973094e-01
zj:   0.0000000000000000e+00 f(zj):   0.0000000000000000e+00 pn(zj):   5.5149624860907465e-01
zj:   0.0000000000000000e+00 f(zj):   0.0000000000000000e+00 pn(zj):   5.4875879726767485e-01
zj:   0.0000000000000000e+00 f(zj):   0.0000000000000000e+00 pn(zj):   5.4603131894444934e-01
zj:   0.0000000000000000e+00 f(zj):   0.0000000000000000e+00 pn(zj):   5.4331378866701208e-01
zj:   0.0000000000000000e+00 f(zj):   0.0000000000000000e+00 pn(zj):   5.4060618150164497e-01
zj:   0.0000000000000000e+00 f(zj):   0.0000000000000000e+00 pn(zj):   5.3790847255326923e-01
zj:   0.0000000000000000e+00 f(zj):   0.0000000000000000e+00 pn(zj):   5.3522063696541844e-01
zj:   0.0000000000000000e+00 f(zj):   0.0000000000000000e+00 pn(zj):   5.3254264992020972e-01
zj:   0.0000000000000000e+00 f(zj):   0.0000000000000000e+00 pn(zj):   5.2987448663831516e-01
zj:   0.0000000000000000e+00 f(zj):   0.0000000000000000e+00 pn(zj):   5.2721612237893511e-01
zj:   0.0000000000000000e+00 f(zj):   0.0000000000000000e+00 pn(zj):   5.2456753243976872e-01
zj:   0.0000000000000000e+00 f(zj):   0.0000000000000000e+00 pn(zj):   5.2192869215698678e-01
zj:   0.0000000000000000e+00 f(zj):   0.0000000000000000e+00 pn(zj):   5.1929957690520301e-01
zj:   0.0000000000000000e+00 f(zj):   0.0000000000000000e+00 pn(zj):   5.1668016209744649e-01
zj:   0.0000000000000000e+00 f(zj):   0.0000000000000000e+00 pn(zj):   5.1407042318513330e-01
zj:   0.0000000000000000e+00 f(zj):   0.0000000000000000e+00 pn(zj):   5.1147033565803857e-01
zj:   0.0000000000000000e+00 f(zj):   0.0000000000000000e+00 pn(zj):   5.0887987504426768e-01
zj:   0.0000000000000000e+00 f(zj):   0.0000000000000000e+00 pn(zj):   5.0629901691022972e-01
zj:   0.0000000000000000e+00 f(zj):   0.0000000000000000e+00 pn(zj):   5.0372773686060779e-01
zj:   0.0000000000000000e+00 f(zj):   0.0000000000000000e+00 pn(zj):   5.0116601053833199e-01
zj:   0.0000000000000000e+00 f(zj):   0.0000000000000000e+00 pn(zj):   4.9861381362455048e-01
zj:   0.0000000000000000e+00 f(zj):   0.0000000000000000e+00 pn(zj):   4.9607112183860225e-01
zj:   0.0000000000000000e+00 f(zj):   0.0000000000000000e+00 pn(zj):   4.9353791093798860e-01
zj:   0.0000000000000000e+00 f(zj):   0.0000000000000000e+00 pn(zj):   4.9101415671834503e-01
zj:   0.0000000000000000e+00 f(zj):   0.0000000000000000e+00 pn(zj):   4.8849983501341299e-01
zj:   0.0000000000000000e+00 f(zj):   0.0000000000000000e+00 pn(zj):   4.8599492169501235e-01
zj:   0.0000000000000000e+00 f(zj):   0.0000000000000000e+00 pn(zj):   4.8349939267301278e-01
zj:   0.0000000000000000e+00 f(zj):   0.0000000000000000e+00 pn(zj):   4.8101322389530599e-01
zj:   0.0000000000000000e+00 f(zj):   0.0000000000000000e+00 pn(zj):   4.7853639134777748e-01
zj:   0.0000000000000000e+00 f(zj):   0.0000000000000000e+00 pn(zj):   4.7606887105427831e-01
zj:   0.0000000000000000e+00 f(zj):   0.0000000000000000e+00 pn(zj):   4.7361063907659740e-01
zj:   0.0000000000000000e+00 f(zj):   0.0000000000000000e+00 pn(zj):   4.7116167151443311e-01
zj:   0.0000000000000000e+00 f(zj):   0.0000000000000000e+00 pn(zj):   4.6872194450536553e-01
zj:   0.0000000000000000e+00 f(zj):   0.0000000000000000e+00 pn(zj):   4.6629143422482766e-01
zj:   0.0000000000000000e+00 f(zj):   0.0000000000000000e+00 pn(zj):   4.6387011688607838e-01
zj:   0.0000000000000000e+00 f(zj):   0.0000000000000000e+00 pn(zj):   4.6145796874017320e-01
zj:   0.0000000000000000e+00 f(zj):   0.0000000000000000e+00 pn(zj):   4.5905496607593732e-01
zj:   0.0000000000000000e+00 f(zj):   0.0000000000000000e+00 pn(zj):   4.5666108521993687e-01
zj:   0.0000000000000000e+00 f(zj):   0.0000000000000000e+00 pn(zj):   4.5427630253645035e-01
zj:   0.0000000000000000e+00 f(zj):   0.0000000000000000e+00 pn(zj):   4.5190059442744190e-01
zj:   0.0000000000000000e+00 f(zj):   0.0000000000000000e+00 pn(zj):   4.4953393733253200e-01
zj:   0.0000000000000000e+00 f(zj):   0.0000000000000000e+00 pn(zj):   4.4717630772896999e-01
zj:   0.0000000000000000e+00 f(zj):   0.0000000000000000e+00 pn(zj):   4.4482768213160595e-01
zj:   0.0000000000000000e+00 f(zj):   0.0000000000000000e+00 pn(zj):   4.4248803709286211e-01
zj:   0.0000000000000000e+00 f(zj):   0.0000000000000000e+00 pn(zj):   4.4015734920270555e-01
zj:   0.0000000000000000e+00 f(zj):   0.0000000000000000e+00 pn(zj):   4.3783559508861936e-01
zj:   0.0000000000000000e+00 f(zj):   0.0000000000000000e+00 pn(zj):   4.3552275141557495e-01
zj:   0.0000000000000000e+00 f(zj):   0.0000000000000000e+00 pn(zj):   4.3321879488600434e-01
zj:   0.0000000000000000e+00 f(zj):   0.0000000000000000e+00 pn(zj):   4.3092370223977106e-01
zj:   0.0000000000000000e+00 f(zj):   0.0000000000000000e+00 pn(zj):   4.2863745025414302e-01
zj:   0.0000000000000000e+00 f(zj):   0.0000000000000000e+00 pn(zj):   4.2636001574376381e-01
zj:   0.0000000000000000e+00 f(zj):   0.0000000000000000e+00 pn(zj):   4.2409137556062504e-01
zj:   0.0000000000000000e+00 f(zj):   0.0000000000000000e+00 pn(zj):   4.2183150659403812e-01
zj:   0.0000000000000000e+00 f(zj):   0.0000000000000000e+00 pn(zj):   4.1958038577060586e-01
zj:   0.0000000000000000e+00 f(zj):   0.0000000000000000e+00 pn(zj):   4.1733799005419470e-01
zj:   0.0000000000000000e+00 f(zj):   0.0000000000000000e+00 pn(zj):   4.1510429644590696e-01
zj:   0.0000000000000000e+00 f(zj):   0.0000000000000000e+00 pn(zj):   4.1287928198405166e-01
zj:   0.0000000000000000e+00 f(zj):   0.0000000000000000e+00 pn(zj):   4.1066292374411772e-01
zj:   0.0000000000000000e+00 f(zj):   0.0000000000000000e+00 pn(zj):   4.0845519883874526e-01
zj:   0.0000000000000000e+00 f(zj):   0.0000000000000000e+00 pn(zj):   4.0625608441769712e-01
zj:   0.0000000000000000e+00 f(zj):   0.0000000000000000e+00 pn(zj):   4.0406555766783159e-01
zj:   0.0000000000000000e+00 f(zj):   0.0000000000000000e+00 pn(zj):   4.0188359581307387e-01
zj:   0.0000000000000000e+00 f(zj):   0.0000000000000000e+00 pn(zj):   3.9971017611438764e-01
zj:   0.0000000000000000e+00 f(zj):   0.0000000000000000e+00 pn(zj):   3.9754527586974808e-01
zj:   0.0000000000000000e+00 f(zj):   0.0000000000000000e+00 pn(zj):   3.9538887241411236e-01
zj:   0.0000000000000000e+00 f(zj):   0.0000000000000000e+00 pn(zj):   3.9324094311939284e-01
zj:   0.0000000000000000e+00 f(zj):   0.0000000000000000e+00 pn(zj):   3.9110146539442792e-01
zj:   0.0000000000000000e+00 f(zj):   0.0000000000000000e+00 pn(zj):   3.8897041668495513e-01
zj:   0.0000000000000000e+00 f(zj):   0.0000000000000000e+00 pn(zj):   3.8684777447358154e-01
zj:   0.0000000000000000e+00 f(zj):   0.0000000000000000e+00 pn(zj):   3.8473351627975716e-01
zj:   0.0000000000000000e+00 f(zj):   0.0000000000000000e+00 pn(zj):   3.8262761965974568e-01
zj:   0.0000000000000000e+00 f(zj):   0.0000000000000000e+00 pn(zj):   3.8053006220659735e-01
zj:   0.0000000000000000e+00 f(zj):   0.0000000000000000e+00 pn(zj):   3.7844082155012015e-01
zj:   0.0000000000000000e+00 f(zj):   0.0000000000000000e+00 pn(zj):   3.7635987535685200e-01
zj:   0.0000000000000000e+00 f(zj):   0.0000000000000000e+00 pn(zj):   3.7428720133003290e-01
zj:   0.0000000000000000e+00 f(zj):   0.0000000000000000e+00 pn(zj):   3.7222277720957619e-01
zj:   0.0000000000000000e+00 f(zj):   0.0000000000000000e+00 pn(zj):   3.7016658077204123e-01
zj:   0.0000000000000000e+00 f(zj):   0.0000000000000000e+00 pn(zj):   3.6811858983060497e-01
zj:   0.0000000000000000e+00 f(zj):   0.0000000000000000e+00 pn(zj):   3.6607878223503354e-01
zj:   0.0000000000000000e+00 f(zj):   0.0000000000000000e+00 pn(zj):   3.6404713587165483e-01
zj:   0.0000000000000000e+00 f(zj):   0.0000000000000000e+00 pn(zj):   3.6202362866332982e-01
zj:   0.0000000000000000e+00 f(zj):   0.0000000000000000e+00 pn(zj):   3.6000823856942477e-01
zj:   0.0000000000000000e+00 f(zj):   0.0000000000000000e+00 pn(zj):   3.5800094358578316e-01
zj:   0.0000000000000000e+00 f(zj):   0.0000000000000000e+00 pn(zj):   3.5600172174469757e-01
zj:   0.0000000000000000e+00 f(zj):   0.0000000000000000e+00 pn(zj):   3.5401055111488156e-01
zj:   0.0000000000000000e+00 f(zj):   0.0000000000000000e+00 pn(zj):   3.5202740980144109e-01
zj:   0.0000000000000000e+00 f(zj):   0.0000000000000000e+00 pn(zj):   3.5005227594584776e-01
zj:   0.0000000000000000e+00 f(zj):   0.0000000000000000e+00 pn(zj):   3.4808512772590949e-01
zj:   0.0000000000000000e+00 f(zj):   0.0000000000000000e+00 pn(zj):   3.4612594335574254e-01
zj:   0.0000000000000000e+00 f(zj):   0.0000000000000000e+00 pn(zj):   3.4417470108574411e-01
zj:   0.0000000000000000e+00 f(zj):   0.0000000000000000e+00 pn(zj):   3.4223137920256352e-01
zj:   0.0000000000000000e+00 f(zj):   0.0000000000000000e+00 pn(zj):   3.4029595602907525e-01
zj:   0.0000000000000000e+00 f(zj):   0.0000000000000000e+00 pn(zj):   3.3836840992434880e-01
zj:   0.0000000000000000e+00 f(zj):   0.0000000000000000e+00 pn(zj):   3.3644871928362297e-01
zj:   0.0000000000000000e+00 f(zj):   0.0000000000000000e+00 pn(zj):   3.3453686253827597e-01
zj:   0.0000000000000000e+00 f(zj):   0.0000000000000000e+00 pn(zj):   3.3263281815579870e-01
zj:   0.0000000000000000e+00 f(zj):   0.0000000000000000e+00 pn(zj):   3.3073656463976520e-01
zj:   0.0000000000000000e+00 f(zj):   0.0000000000000000e+00 pn(zj):   3.2884808052980607e-01
zj:   0.0000000000000000e+00 f(zj):   0.0000000000000000e+00 pn(zj):   3.2696734440157915e-01
zj:   0.0000000000000000e+00 f(zj):   0.0000000000000000e+00 pn(zj):   3.2509433486674244e-01
zj:   0.0000000000000000e+00 f(zj):   0.0000000000000000e+00 pn(zj):   3.2322903057292507e-01
zj:   0.0000000000000000e+00 f(zj):   0.0000000000000000e+00 pn(zj):   3.2137141020369997e-01
zj:   0.0000000000000000e+00 f(zj):   0.0000000000000000e+00 pn(zj):   3.1952145247855523e-01
zj:   0.0000000000000000e+00 f(zj):   0.0000000000000000e+00 pn(zj):   3.1767913615286680e-01
zj:   0.0000000000000000e+00 f(zj):   0.0000000000000000e+00 pn(zj):   3.1584444001786938e-01
zj:   0.0000000000000000e+00 f(zj):   0.0000000000000000e+00 pn(zj):   3.1401734290062866e-01
zj:   0.0000000000000000e+00 f(zj):   0.0000000000000000e+00 pn(zj):   3.1219782366401405e-01
zj:   0.0000000000000000e+00 f(zj):   0.0000000000000000e+00 pn(zj):   3.1038586120666956e-01
zj:   0.0000000000000000e+00 f(zj):   0.0000000000000000e+00 pn(zj):   3.0858143446298603e-01
zj:   0.0000000000000000e+00 f(zj):   0.0000000000000000e+00 pn(zj):   3.0678452240307341e-01
zj:   0.0000000000000000e+00 f(zj):   0.0000000000000000e+00 pn(zj):   3.0499510403273178e-01
zj:   0.0000000000000000e+00 f(zj):   0.0000000000000000e+00 pn(zj):   3.0321315839342489e-01
zj:   0.0000000000000000e+00 f(zj):   0.0000000000000000e+00 pn(zj):   3.0143866456224999e-01
zj:   0.0000000000000000e+00 f(zj):   0.0000000000000000e+00 pn(zj):   2.9967160165191120e-01
zj:   0.0000000000000000e+00 f(zj):   0.0000000000000000e+00 pn(zj):   2.9791194881069116e-01
zj:   0.0000000000000000e+00 f(zj):   0.0000000000000000e+00 pn(zj):   2.9615968522242275e-01
zj:   0.0000000000000000e+00 f(zj):   0.0000000000000000e+00 pn(zj):   2.9441479010646099e-01
zj:   0.0000000000000000e+00 f(zj):   0.0000000000000000e+00 pn(zj):   2.9267724271765483e-01
zj:   0.0000000000000000e+00 f(zj):   0.0000000000000000e+00 pn(zj):   2.9094702234631964e-01
zj:   0.0000000000000000e+00 f(zj):   0.0000000000000000e+00 pn(zj):   2.8922410831820877e-01
zj:   0.0000000000000000e+00 f(zj):   0.0000000000000000e+00 pn(zj):   2.8750847999448470e-01
zj:   0.0000000000000000e+00 f(zj):   0.0000000000000000e+00 pn(zj):   2.8580011677169237e-01
zj:   0.0000000000000000e+00 f(zj):   0.0000000000000000e+00 pn(zj):   2.8409899808173045e-01
zj:   0.0000000000000000e+00 f(zj):   0.0000000000000000e+00 pn(zj):   2.8240510339182268e-01
zj:   0.0000000000000000e+00 f(zj):   0.0000000000000000e+00 pn(zj):   2.8071841220449090e-01
zj:   0.0000000000000000e+00 f(zj):   0.0000000000000000e+00 pn(zj):   2.7903890405752585e-01
zj:   0.0000000000000000e+00 f(zj):   0.0000000000000000e+00 pn(zj):   2.7736655852395997e-01
zj:   0.0000000000000000e+00 f(zj):   0.0000000000000000e+00 pn(zj):   2.7570135521203898e-01
zj:   0.0000000000000000e+00 f(zj):   0.0000000000000000e+00 pn(zj):   2.7404327376519322e-01
zj:   0.0000000000000000e+00 f(zj):   0.0000000000000000e+00 pn(zj):   2.7239229386201080e-01
zj:   0.0000000000000000e+00 f(zj):   0.0000000000000000e+00 pn(zj):   2.7074839521620864e-01
zj:   0.0000000000000000e+00 f(zj):   0.0000000000000000e+00 pn(zj):   2.6911155757660421e-01
zj:   0.0000000000000000e+00 f(zj):   0.0000000000000000e+00 pn(zj):   2.6748176072708829e-01
zj:   0.0000000000000000e+00 f(zj):   0.0000000000000000e+00 pn(zj):   2.6585898448659595e-01
zj:   0.0000000000000000e+00 f(zj):   0.0000000000000000e+00 pn(zj):   2.6424320870907925e-01
zj:   0.0000000000000000e+00 f(zj):   0.0000000000000000e+00 pn(zj):   2.6263441328347881e-01
zj:   0.0000000000000000e+00 f(zj):   0.0000000000000000e+00 pn(zj):   2.6103257813369518e-01
zj:   0.0000000000000000e+00 f(zj):   0.0000000000000000e+00 pn(zj):   2.5943768321856220e-01
zj:   0.0000000000000000e+00 f(zj):   0.0000000000000000e+00 pn(zj):   2.5784970853181732e-01
zj:   0.0000000000000000e+00 f(zj):   0.0000000000000000e+00 pn(zj):   2.5626863410207423e-01
zj:   0.0000000000000000e+00 f(zj):   0.0000000000000000e+00 pn(zj):   2.5469443999279517e-01
zj:   0.0000000000000000e+00 f(zj):   0.0000000000000000e+00 pn(zj):   2.5312710630226232e-01
zj:   0.0000000000000000e+00 f(zj):   0.0000000000000000e+00 pn(zj):   2.5156661316354922e-01
zj:   0.0000000000000000e+00 f(zj):   0.0000000000000000e+00 pn(zj):   2.5001294074449409e-01
zj:   0.0000000000000000e+00 f(zj):   0.0000000000000000e+00 pn(zj):   2.4846606924767034e-01
zj:   0.0000000000000000e+00 f(zj):   0.0000000000000000e+00 pn(zj):   2.4692597891035961e-01
zj:   0.0000000000000000e+00 f(zj):   0.0000000000000000e+00 pn(zj):   2.4539265000452259e-01
zj:   0.0000000000000000e+00 f(zj):   0.0000000000000000e+00 pn(zj):   2.4386606283677192e-01
zj:   0.0000000000000000e+00 f(zj):   0.0000000000000000e+00 pn(zj):   2.4234619774834343e-01
zj:   0.0000000000000000e+00 f(zj):   0.0000000000000000e+00 pn(zj):   2.4083303511506837e-01
zj:   0.0000000000000000e+00 f(zj):   0.0000000000000000e+00 pn(zj):   2.3932655534734515e-01
zj:   0.0000000000000000e+00 f(zj):   0.0000000000000000e+00 pn(zj):   2.3782673889011186e-01
zj:   0.0000000000000000e+00 f(zj):   0.0000000000000000e+00 pn(zj):   2.3633356622281687e-01
zj:   0.0000000000000000e+00 f(zj):   0.0000000000000000e+00 pn(zj):   2.3484701785939210e-01
zj:   0.0000000000000000e+00 f(zj):   0.0000000000000000e+00 pn(zj):   2.3336707434822446e-01
zj:   0.0000000000000000e+00 f(zj):   0.0000000000000000e+00 pn(zj):   2.3189371627212707e-01
zj:   0.0000000000000000e+00 f(zj):   0.0000000000000000e+00 pn(zj):   2.3042692424831246e-01
zj:   0.0000000000000000e+00 f(zj):   0.0000000000000000e+00 pn(zj):   2.2896667892836364e-01
zj:   0.0000000000000000e+00 f(zj):   0.0000000000000000e+00 pn(zj):   2.2751296099820606e-01
zj:   0.0000000000000000e+00 f(zj):   0.0000000000000000e+00 pn(zj):   2.2606575117807948e-01
zj:   0.0000000000000000e+00 f(zj):   0.0000000000000000e+00 pn(zj):   2.2462503022251068e-01
zj:   0.0000000000000000e+00 f(zj):   0.0000000000000000e+00 pn(zj):   2.2319077892028405e-01
zj:   0.0000000000000000e+00 f(zj):   0.0000000000000000e+00 pn(zj):   2.2176297809441459e-01
zj:   0.0000000000000000e+00 f(zj):   0.0000000000000000e+00 pn(zj):   2.2034160860211938e-01
zj:   0.0000000000000000e+00 f(zj):   0.0000000000000000e+00 pn(zj):   2.1892665133478950e-01
zj:   0.0000000000000000e+00 f(zj):   0.0000000000000000e+00 pn(zj):   2.1751808721796206e-01
zj:   0.0000000000000000e+00 f(zj):   0.0000000000000000e+00 pn(zj):   2.1611589721129187e-01
zj:   0.0000000000000000e+00 f(zj):   0.0000000000000000e+00 pn(zj):   2.1472006230852392e-01
zj:   0.0000000000000000e+00 f(zj):   0.0000000000000000e+00 pn(zj):   2.1333056353746438e-01
zj:   0.0000000000000000e+00 f(zj):   0.0000000000000000e+00 pn(zj):   2.1194738195995355e-01
zj:   0.0000000000000000e+00 f(zj):   0.0000000000000000e+00 pn(zj):   2.1057049867183686e-01
zj:   0.0000000000000000e+00 f(zj):   0.0000000000000000e+00 pn(zj):   2.0919989480293733e-01
zj:   0.0000000000000000e+00 f(zj):   0.0000000000000000e+00 pn(zj):   2.0783555151702748e-01
zj:   0.0000000000000000e+00 f(zj):   0.0000000000000000e+00 pn(zj):   2.0647745001180084e-01
zj:   0.0000000000000000e+00 f(zj):   0.0000000000000000e+00 pn(zj):   2.0512557151884436e-01
zj:   0.0000000000000000e+00 f(zj):   0.0000000000000000e+00 pn(zj):   2.0377989730360990e-01
zj:   0.0000000000000000e+00 f(zj):   0.0000000000000000e+00 pn(zj):   2.0244040866538637e-01
zj:   0.0000000000000000e+00 f(zj):   0.0000000000000000e+00 pn(zj):   2.0110708693727208e-01
zj:   0.0000000000000000e+00 f(zj):   0.0000000000000000e+00 pn(zj):   1.9977991348614499e-01
zj:   0.0000000000000000e+00 f(zj):   0.0000000000000000e+00 pn(zj):   1.9845886971263738e-01
zj:   0.0000000000000000e+00 f(zj):   0.0000000000000000e+00 pn(zj):   1.9714393705110478e-01
zj:   0.0000000000000000e+00 f(zj):   0.0000000000000000e+00 pn(zj):   1.9583509696960011e-01
zj:   0.0000000000000000e+00 f(zj):   0.0000000000000000e+00 pn(zj):   1.9453233096984457e-01
zj:   0.0000000000000000e+00 f(zj):   0.0000000000000000e+00 pn(zj):   1.9323562058719990e-01
zj:   0.0000000000000000e+00 f(zj):   0.0000000000000000e+00 pn(zj):   1.9194494739063983e-01
zj:   0.0000000000000000e+00 f(zj):   0.0000000000000000e+00 pn(zj):   1.9066029298272280e-01
zj:   0.0000000000000000e+00 f(zj):   0.0000000000000000e+00 pn(zj):   1.8938163899956273e-01
zj:   0.0000000000000000e+00 f(zj):   0.0000000000000000e+00 pn(zj):   1.8810896711080238e-01
zj:   0.0000000000000000e+00 f(zj):   0.0000000000000000e+00 pn(zj):   1.8684225901958385e-01
zj:   0.0000000000000000e+00 f(zj):   0.0000000000000000e+00 pn(zj):   1.8558149646252131e-01
zj:   0.0000000000000000e+00 f(zj):   0.0000000000000000e+00 pn(zj):   1.8432666120967300e-01
zj:   0.0000000000000000e+00 f(zj):   0.0000000000000000e+00 pn(zj):   1.8307773506451264e-01
zj:   0.0000000000000000e+00 f(zj):   0.0000000000000000e+00 pn(zj):   1.8183469986390133e-01
zj:   0.0000000000000000e+00 f(zj):   0.0000000000000000e+00 pn(zj):   1.8059753747806040e-01
zj:   0.0000000000000000e+00 f(zj):   0.0000000000000000e+00 pn(zj):   1.7936622981054184e-01
zj:   0.0000000000000000e+00 f(zj):   0.0000000000000000e+00 pn(zj):   1.7814075879820157e-01
zj:   0.0000000000000000e+00 f(zj):   0.0000000000000000e+00 pn(zj):   1.7692110641117043e-01
zj:   0.0000000000000000e+00 f(zj):   0.0000000000000000e+00 pn(zj):   1.7570725465282677e-01
zj:   0.0000000000000000e+00 f(zj):   0.0000000000000000e+00 pn(zj):   1.7449918555976784e-01
zj:   0.0000000000000000e+00 f(zj):   0.0000000000000000e+00 pn(zj):   1.7329688120178199e-01
zj:   0.0000000000000000e+00 f(zj):   0.0000000000000000e+00 pn(zj):   1.7210032368182060e-01
zj:   0.0000000000000000e+00 f(zj):   0.0000000000000000e+00 pn(zj):   1.7090949513596942e-01
zj:   0.0000000000000000e+00 f(zj):   0.0000000000000000e+00 pn(zj):   1.6972437773342164e-01
zj:   0.0000000000000000e+00 f(zj):   0.0000000000000000e+00 pn(zj):   1.6854495367644862e-01
zj:   0.0000000000000000e+00 f(zj):   0.0000000000000000e+00 pn(zj):   1.6737120520037252e-01
zj:   0.0000000000000000e+00 f(zj):   0.0000000000000000e+00 pn(zj):   1.6620311457353820e-01
zj:   0.0000000000000000e+00 f(zj):   0.0000000000000000e+00 pn(zj):   1.6504066409728446e-01
zj:   0.0000000000000000e+00 f(zj):   0.0000000000000000e+00 pn(zj):   1.6388383610591661e-01
zj:   0.0000000000000000e+00 f(zj):   0.0000000000000000e+00 pn(zj):   1.6273261296667840e-01
zj:   0.0000000000000000e+00 f(zj):   0.0000000000000000e+00 pn(zj):   1.6158697707972358e-01
zj:   0.0000000000000000e+00 f(zj):   0.0000000000000000e+00 pn(zj):   1.6044691087808804e-01
zj:   0.0000000000000000e+00 f(zj):   0.0000000000000000e+00 pn(zj):   1.5931239682766152e-01
zj:   0.0000000000000000e+00 f(zj):   0.0000000000000000e+00 pn(zj):   1.5818341742715958e-01
zj:   0.0000000000000000e+00 f(zj):   0.0000000000000000e+00 pn(zj):   1.5705995520809590e-01
zj:   0.0000000000000000e+00 f(zj):   0.0000000000000000e+00 pn(zj):   1.5594199273475384e-01
zj:   0.0000000000000000e+00 f(zj):   0.0000000000000000e+00 pn(zj):   1.5482951260415800e-01
zj:   0.0000000000000000e+00 f(zj):   0.0000000000000000e+00 pn(zj):   1.5372249744604705e-01
zj:   0.0000000000000000e+00 f(zj):   0.0000000000000000e+00 pn(zj):   1.5262092992284482e-01
zj:   0.0000000000000000e+00 f(zj):   0.0000000000000000e+00 pn(zj):   1.5152479272963237e-01
zj:   0.0000000000000000e+00 f(zj):   0.0000000000000000e+00 pn(zj):   1.5043406859412034e-01
zj:   0.0000000000000000e+00 f(zj):   0.0000000000000000e+00 pn(zj):   1.4934874027662071e-01
zj:   0.0000000000000000e+00 f(zj):   0.0000000000000000e+00 pn(zj):   1.4826879057001818e-01
zj:   0.0000000000000000e+00 f(zj):   0.0000000000000000e+00 pn(zj):   1.4719420229974234e-01
zj:   0.0000000000000000e+00 f(zj):   0.0000000000000000e+00 pn(zj):   1.4612495832374062e-01
zj:   0.0000000000000000e+00 f(zj):   0.0000000000000000e+00 pn(zj):   1.4506104153244814e-01
zj:   0.0000000000000000e+00 f(zj):   0.0000000000000000e+00 pn(zj):   1.4400243484876196e-01
zj:   0.0000000000000000e+00 f(zj):   0.0000000000000000e+00 pn(zj):   1.4294912122801051e-01
zj:   0.0000000000000000e+00 f(zj):   0.0000000000000000e+00 pn(zj):   1.4190108365792820e-01
zj:   0.0000000000000000e+00 f(zj):   0.0000000000000000e+00 pn(zj):   1.4085830515862474e-01
zj:   0.0000000000000000e+00 f(zj):   0.0000000000000000e+00 pn(zj):   1.3982076878255922e-01
zj:   0.0000000000000000e+00 f(zj):   0.0000000000000000e+00 pn(zj):   1.3878845761451042e-01
zj:   0.0000000000000000e+00 f(zj):   0.0000000000000000e+00 pn(zj):   1.3776135477154972e-01
zj:   0.0000000000000000e+00 f(zj):   0.0000000000000000e+00 pn(zj):   1.3673944340301236e-01
zj:   0.0000000000000000e+00 f(zj):   0.0000000000000000e+00 pn(zj):   1.3572270669047004e-01
zj:   0.0000000000000000e+00 f(zj):   0.0000000000000000e+00 pn(zj):   1.3471112784770212e-01
zj:   0.0000000000000000e+00 f(zj):   0.0000000000000000e+00 pn(zj):   1.3370469012066788e-01
zj:   0.0000000000000000e+00 f(zj):   0.0000000000000000e+00 pn(zj):   1.3270337678747879e-01
zj:   0.0000000000000000e+00 f(zj):   0.0000000000000000e+00 pn(zj):   1.3170717115836972e-01
zj:   0.0000000000000000e+00 f(zj):   0.0000000000000000e+00 pn(zj):   1.3071605657567120e-01
zj:   0.0000000000000000e+00 f(zj):   0.0000000000000000e+00 pn(zj):   1.2973001641378124e-01
zj:   0.0000000000000000e+00 f(zj):   0.0000000000000000e+00 pn(zj):   1.2874903407913763e-01
zj:   0.0000000000000000e+00 f(zj):   0.0000000000000000e+00 pn(zj):   1.2777309301018935e-01
zj:   0.0000000000000000e+00 f(zj):   0.0000000000000000e+00 pn(zj):   1.2680217667736859e-01
zj:   0.0000000000000000e+00 f(zj):   0.0000000000000000e+00 pn(zj):   1.2583626858306296e-01
zj:   0.0000000000000000e+00 f(zj):   0.0000000000000000e+00 pn(zj):   1.2487535226158697e-01
zj:   0.0000000000000000e+00 f(zj):   0.0000000000000000e+00 pn(zj):   1.2391941127915440e-01
zj:   0.0000000000000000e+00 f(zj):   0.0000000000000000e+00 pn(zj):   1.2296842923384987e-01
zj:   0.0000000000000000e+00 f(zj):   0.0000000000000000e+00 pn(zj):   1.2202238975560065e-01
zj:   0.0000000000000000e+00 f(zj):   0.0000000000000000e+00 pn(zj):   1.2108127650614919e-01
zj:   0.0000000000000000e+00 f(zj):   0.0000000000000000e+00 pn(zj):   1.2014507317902434e-01
zj:   0.0000000000000000e+00 f(zj):   0.0000000000000000e+00 pn(zj):   1.1921376349951374e-01
zj:   0.0000000000000000e+00 f(zj):   0.0000000000000000e+00 pn(zj):   1.1828733122463553e-01
zj:   0.0000000000000000e+00 f(zj):   0.0000000000000000e+00 pn(zj):   1.1736576014310984e-01
zj:   0.0000000000000000e+00 f(zj):   0.0000000000000000e+00 pn(zj):   1.1644903407533203e-01
zj:   0.0000000000000000e+00 f(zj):   0.0000000000000000e+00 pn(zj):   1.1553713687334288e-01
zj:   0.0000000000000000e+00 f(zj):   0.0000000000000000e+00 pn(zj):   1.1463005242080160e-01
zj:   0.0000000000000000e+00 f(zj):   0.0000000000000000e+00 pn(zj):   1.1372776463295775e-01
zj:   0.0000000000000000e+00 f(zj):   0.0000000000000000e+00 pn(zj):   1.1283025745662278e-01
zj:   0.0000000000000000e+00 f(zj):   0.0000000000000000e+00 pn(zj):   1.1193751487014147e-01
zj:   0.0000000000000000e+00 f(zj):   0.0000000000000000e+00 pn(zj):   1.1104952088336550e-01
zj:   0.0000000000000000e+00 f(zj):   0.0000000000000000e+00 pn(zj):   1.1016625953762349e-01
zj:   0.0000000000000000e+00 f(zj):   0.0000000000000000e+00 pn(zj):   1.0928771490569378e-01
zj:   0.0000000000000000e+00 f(zj):   0.0000000000000000e+00 pn(zj):   1.0841387109177658e-01
zj:   0.0000000000000000e+00 f(zj):   0.0000000000000000e+00 pn(zj):   1.0754471223146533e-01
zj:   0.0000000000000000e+00 f(zj):   0.0000000000000000e+00 pn(zj):   1.0668022249171916e-01
zj:   0.0000000000000000e+00 f(zj):   0.0000000000000000e+00 pn(zj):   1.0582038607083399e-01
zj:   0.0000000000000000e+00 f(zj):   0.0000000000000000e+00 pn(zj):   1.0496518719841541e-01
zj:   0.0000000000000000e+00 f(zj):   0.0000000000000000e+00 pn(zj):   1.0411461013535028e-01
zj:   0.0000000000000000e+00 f(zj):   0.0000000000000000e+00 pn(zj):   1.0326863917377782e-01
zj:   0.0000000000000000e+00 f(zj):   0.0000000000000000e+00 pn(zj):   1.0242725863706281e-01
zj:   0.0000000000000000e+00 f(zj):   0.0000000000000000e+00 pn(zj):   1.0159045287976665e-01
zj:   0.0000000000000000e+00 f(zj):   0.0000000000000000e+00 pn(zj):   1.0075820628761956e-01
zj:   0.0000000000000000e+00 f(zj):   0.0000000000000000e+00 pn(zj):   9.9930503277492644e-02
zj:   0.0000000000000000e+00 f(zj):   0.0000000000000000e+00 pn(zj):   9.9107328297369346e-02
zj:   0.0000000000000000e+00 f(zj):   0.0000000000000000e+00 pn(zj):   9.8288665826317789e-02
zj:   0.0000000000000000e+00 f(zj):   0.0000000000000000e+00 pn(zj):   9.7474500374462369e-02
zj:   0.0000000000000000e+00 f(zj):   0.0000000000000000e+00 pn(zj):   9.6664816482956328e-02
zj:   0.0000000000000000e+00 f(zj):   0.0000000000000000e+00 pn(zj):   9.5859598723952444e-02
zj:   0.0000000000000000e+00 f(zj):   0.0000000000000000e+00 pn(zj):   9.5058831700576274e-02
zj:   0.0000000000000000e+00 f(zj):   0.0000000000000000e+00 pn(zj):   9.4262500046897180e-02
zj:   0.0000000000000000e+00 f(zj):   0.0000000000000000e+00 pn(zj):   9.3470588427900458e-02
zj:   0.0000000000000000e+00 f(zj):   0.0000000000000000e+00 pn(zj):   9.2683081539459700e-02
zj:   0.0000000000000000e+00 f(zj):   0.0000000000000000e+00 pn(zj):   9.1899964108307919e-02
zj:   0.0000000000000000e+00 f(zj):   0.0000000000000000e+00 pn(zj):   9.1121220892010135e-02
zj:   0.0000000000000000e+00 f(zj):   0.0000000000000000e+00 pn(zj):   9.0346836678934950e-02
zj:   0.0000000000000000e+00 f(zj):   0.0000000000000000e+00 pn(zj):   8.9576796288226457e-02
zj:   0.0000000000000000e+00 f(zj):   0.0000000000000000e+00 pn(zj):   8.8811084569776377e-02
zj:   0.0000000000000000e+00 f(zj):   0.0000000000000000e+00 pn(zj):   8.8049686404195748e-02
zj:   0.0000000000000000e+00 f(zj):   0.0000000000000000e+00 pn(zj):   8.7292586702786945e-02
zj:   0.0000000000000000e+00 f(zj):   0.0000000000000000e+00 pn(zj):   8.6539770407515593e-02
zj:   0.0000000000000000e+00 f(zj):   0.0000000000000000e+00 pn(zj):   8.5791222490982477e-02
zj:   0.0000000000000000e+00 f(zj):   0.0000000000000000e+00 pn(zj):   8.5046927956395124e-02
zj:   0.0000000000000000e+00 f(zj):   0.0000000000000000e+00 pn(zj):   8.4306871837540709e-02
zj:   0.0000000000000000e+00 f(zj):   0.0000000000000000e+00 pn(zj):   8.3571039198756636e-02
zj:   0.0000000000000000e+00 f(zj):   0.0000000000000000e+00 pn(zj):   8.2839415134903449e-02
zj:   0.0000000000000000e+00 f(zj):   0.0000000000000000e+00 pn(zj):   8.2111984771336410e-02
zj:   0.0000000000000000e+00 f(zj):   0.0000000000000000e+00 pn(zj):   8.1388733263876967e-02
zj:   0.0000000000000000e+00 f(zj):   0.0000000000000000e+00 pn(zj):   8.0669645798785439e-02
zj:   0.0000000000000000e+00 f(zj):   0.0000000000000000e+00 pn(zj):   7.9954707592733043e-02
zj:   0.0000000000000000e+00 f(zj):   0.0000000000000000e+00 pn(zj):   7.9243903892772471e-02
zj:   0.0000000000000000e+00 f(zj):   0.0000000000000000e+00 pn(zj):   7.8537219976311246e-02
zj:   0.0000000000000000e+00 f(zj):   0.0000000000000000e+00 pn(zj):   7.7834641151083073e-02
zj:   0.0000000000000000e+00 f(zj):   0.0000000000000000e+00 pn(zj):   7.7136152755119536e-02
zj:   0.0000000000000000e+00 f(zj):   0.0000000000000000e+00 pn(zj):   7.6441740156722338e-02
zj:   0.0000000000000000e+00 f(zj):   0.0000000000000000e+00 pn(zj):   7.5751388754435101e-02
zj:   0.0000000000000000e+00 f(zj):   0.0000000000000000e+00 pn(zj):   7.5065083977015390e-02
zj:   0.0000000000000000e+00 f(zj):   0.0000000000000000e+00 pn(zj):   7.4382811283406292e-02
zj:   0.0000000000000000e+00 f(zj):   0.0000000000000000e+00 pn(zj):   7.3704556162708879e-02
zj:   0.0000000000000000e+00 f(zj):   0.0000000000000000e+00 pn(zj):   7.3030304134153456e-02
zj:   0.0000000000000000e+00 f(zj):   0.0000000000000000e+00 pn(zj):   7.2360040747072141e-02
zj:   0.0000000000000000e+00 f(zj):   0.0000000000000000e+00 pn(zj):   7.1693751580870324e-02
zj:   0.0000000000000000e+00 f(zj):   0.0000000000000000e+00 pn(zj):   7.1031422244998921e-02
zj:   0.0000000000000000e+00 f(zj):   0.0000000000000000e+00 pn(zj):   7.0373038378925279e-02
zj:   0.0000000000000000e+00 f(zj):   0.0000000000000000e+00 pn(zj):   6.9718585652106979e-02
zj:   0.0000000000000000e+00 f(zj):   0.0000000000000000e+00 pn(zj):   6.9068049763962414e-02
zj:   0.0000000000000000e+00 f(zj):   0.0000000000000000e+00 pn(zj):   6.8421416443842031e-02
zj:   0.0000000000000000e+00 f(zj):   0.0000000000000000e+00 pn(zj):   6.7778671451002470e-02
zj:   0.0000000000000000e+00 f(zj):   0.0000000000000000e+00 pn(zj):   6.7139800574576358e-02
zj:   0.0000000000000000e+00 f(zj):   0.0000000000000000e+00 pn(zj):   6.6504789633545114e-02
zj:   0.0000000000000000e+00 f(zj):   0.0000000000000000e+00 pn(zj):   6.5873624476711079e-02
zj:   0.0000000000000000e+00 f(zj):   0.0000000000000000e+00 pn(zj):   6.5246290982668986e-02
zj:   0.0000000000000000e+00 f(zj):   0.0000000000000000e+00 pn(zj):   6.4622775059778093e-02
zj:   0.0000000000000000e+00 f(zj):   0.0000000000000000e+00 pn(zj):   6.4003062646133757e-02
zj:   0.0000000000000000e+00 f(zj):   0.0000000000000000e+00 pn(zj):   6.3387139709540019e-02
zj:   0.0000000000000000e+00 f(zj):   0.0000000000000000e+00 pn(zj):   6.2774992247480732e-02
zj:   0.0000000000000000e+00 f(zj):   0.0000000000000000e+00 pn(zj):   6.2166606287092252e-02
zj:   0.0000000000000000e+00 f(zj):   0.0000000000000000e+00 pn(zj):   6.1561967885134794e-02
zj:   0.0000000000000000e+00 f(zj):   0.0000000000000000e+00 pn(zj):   6.0961063127964232e-02
zj:   0.0000000000000000e+00 f(zj):   0.0000000000000000e+00 pn(zj):   6.0363878131504678e-02
zj:   0.0000000000000000e+00 f(zj):   0.0000000000000000e+00 pn(zj):   5.9770399041219835e-02
zj:   0.0000000000000000e+00 f(zj):   0.0000000000000000e+00 pn(zj):   5.9180612032085134e-02
zj:   0.0000000000000000e+00 f(zj):   0.0000000000000000e+00 pn(zj):   5.8594503308559642e-02
zj:   0.0000000000000000e+00 f(zj):   0.0000000000000000e+00 pn(zj):   5.8012059104557756e-02
zj:   0.0000000000000000e+00 f(zj):   0.0000000000000000e+00 pn(zj):   5.7433265683421220e-02
zj:   0.0000000000000000e+00 f(zj):   0.0000000000000000e+00 pn(zj):   5.6858109337891927e-02
zj:   0.0000000000000000e+00 f(zj):   0.0000000000000000e+00 pn(zj):   5.6286576390081833e-02
zj:   0.0000000000000000e+00 f(zj):   0.0000000000000000e+00 pn(zj):   5.5718653191446532e-02
zj:   0.0000000000000000e+00 f(zj):   0.0000000000000000e+00 pn(zj):   5.5154326122757280e-02
zj:   0.0000000000000000e+00 f(zj):   0.0000000000000000e+00 pn(zj):   5.4593581594071350e-02
zj:   0.0000000000000000e+00 f(zj):   0.0000000000000000e+00 pn(zj):   5.4036406044705498e-02
zj:   0.0000000000000000e+00 f(zj):   0.0000000000000000e+00 pn(zj):   5.3482785943207323e-02
zj:   0.0000000000000000e+00 f(zj):   0.0000000000000000e+00 pn(zj):   5.2932707787326838e-02
zj:   0.0000000000000000e+00 f(zj):   0.0000000000000000e+00 pn(zj):   5.2386158103988834e-02
zj:   0.0000000000000000e+00 f(zj):   0.0000000000000000e+00 pn(zj):   5.1843123449264561e-02
zj:   0.0000000000000000e+00 f(zj):   0.0000000000000000e+00 pn(zj):   5.1303590408344091e-02
zj:   0.0000000000000000e+00 f(zj):   0.0000000000000000e+00 pn(zj):   5.0767545595507446e-02
zj:   0.0000000000000000e+00 f(zj):   0.0000000000000000e+00 pn(zj):   5.0234975654097180e-02
zj:   0.0000000000000000e+00 f(zj):   0.0000000000000000e+00 pn(zj):   4.9705867256489955e-02
zj:   0.0000000000000000e+00 f(zj):   0.0000000000000000e+00 pn(zj):   4.9180207104068674e-02
zj:   0.0000000000000000e+00 f(zj):   0.0000000000000000e+00 pn(zj):   4.8657981927194061e-02
zj:   0.0000000000000000e+00 f(zj):   0.0000000000000000e+00 pn(zj):   4.8139178485177014e-02
zj:   0.0000000000000000e+00 f(zj):   0.0000000000000000e+00 pn(zj):   4.7623783566250300e-02
zj:   0.0000000000000000e+00 f(zj):   0.0000000000000000e+00 pn(zj):   4.7111783987540123e-02
zj:   0.0000000000000000e+00 f(zj):   0.0000000000000000e+00 pn(zj):   4.6603166595038825e-02
zj:   0.0000000000000000e+00 f(zj):   0.0000000000000000e+00 pn(zj):   4.6097918263575899e-02
zj:   0.0000000000000000e+00 f(zj):   0.0000000000000000e+00 pn(zj):   4.5596025896790682e-02
zj:   0.0000000000000000e+00 f(zj):   0.0000000000000000e+00 pn(zj):   4.5097476427103822e-02
zj:   0.0000000000000000e+00 f(zj):   0.0000000000000000e+00 pn(zj):   4.4602256815689523e-02
zj:   0.0000000000000000e+00 f(zj):   0.0000000000000000e+00 pn(zj):   4.4110354052446787e-02
zj:   0.0000000000000000e+00 f(zj):   0.0000000000000000e+00 pn(zj):   4.3621755155971997e-02
zj:   0.0000000000000000e+00 f(zj):   0.0000000000000000e+00 pn(zj):   4.3136447173531045e-02
zj:   0.0000000000000000e+00 f(zj):   0.0000000000000000e+00 pn(zj):   4.2654417181029913e-02
zj:   0.0000000000000000e+00 f(zj):   0.0000000000000000e+00 pn(zj):   4.2175652282988474e-02
zj:   0.0000000000000000e+00 f(zj):   0.0000000000000000e+00 pn(zj):   4.1700139612510734e-02
zj:   0.0000000000000000e+00 f(zj):   0.0000000000000000e+00 pn(zj):   4.1227866331257523e-02
zj:   0.0000000000000000e+00 f(zj):   0.0000000000000000e+00 pn(zj):   4.0758819629418852e-02
zj:   0.0000000000000000e+00 f(zj):   0.0000000000000000e+00 pn(zj):   4.0292986725684599e-02
zj:   0.0000000000000000e+00 f(zj):   0.0000000000000000e+00 pn(zj):   3.9830354867217421e-02
zj:   0.0000000000000000e+00 f(zj):   0.0000000000000000e+00 pn(zj):   3.9370911329624447e-02
zj:   0.0000000000000000e+00 f(zj):   0.0000000000000000e+00 pn(zj):   3.8914643416929073e-02
zj:   0.0000000000000000e+00 f(zj):   0.0000000000000000e+00 pn(zj):   3.8461538461542655e-02
