zj:   0.0000000000000000e+00 f(zj):   1.0000000000000000e+00 pn(zj):   7.2707836562825863e+00
zj:   1.0000000000000000e+00 f(zj):   3.8461538461538464e-02 pn(zj):   7.2464523550210664e+00
zj:   2.0000000000000000e+00 f(zj):   9.9009900990099011e-03 pn(zj):   7.2221886247689620e+00
zj:   3.0000000000000000e+00 f(zj):   4.4247787610619468e-03 pn(zj):   7.1979923141931961e+00
zj:   4.0000000000000000e+00 f(zj):   2.4937655860349127e-03 pn(zj):   7.1738632722234508e+00
zj:   5.0000000000000000e+00 f(zj):   1.5974440894568689e-03 pn(zj):   7.1498013480518434e+00
zj:   6.0000000000000000e+00 f(zj):   1.1098779134295228e-03 pn(zj):   7.1258063911325911e+00
zj:   7.0000000000000000e+00 f(zj):   8.1566068515497557e-04 pn(zj):   7.1018782511816712e+00
zj:   8.0000000000000000e+00 f(zj):   6.2460961898813238e-04 pn(zj):   7.0780167781765027e+00
zj:  4.0019317313140970e-322 f(zj):  2.3764557564963959e-321 pn(zj):   7.0542218223556077e+00
zj:   1.0000000000000000e+00 f(zj):  2.0861577729517742e-314 pn(zj):   7.0304932342182811e+00
zj:  -9.6153846153846156e-01 f(zj):  4.6475090798872239e-310 pn(zj):   7.0068308645242645e+00
zj:   4.6648895658796652e-01 f(zj):  4.6475090798872239e-310 pn(zj):   6.9832345642934035e+00
zj:  -1.5164892935855875e-01 f(zj):  4.6475090798872239e-310 pn(zj):   6.9597041848053349e+00
zj:   3.7098101553737203e-02 f(zj):  4.6475090798872239e-310 pn(zj):   6.9362395775991459e+00
zj:  -7.2777150409375421e-03 f(zj):  4.6475090799568872e-310 pn(zj):   6.9128405944730469e+00
zj:   1.1919190870304040e-03 f(zj):  4.6475090800895932e-310 pn(zj):   6.8895070874840387e+00
zj:  -1.6756184931602183e-04 f(zj):  4.6475090798872239e-310 pn(zj):   6.8662389089475946e+00
zj:   6.2460961898813238e-04 f(zj):  4.6475090800895932e-310 pn(zj):   6.8430359114373180e+00
zj:  4.0019317313140970e-322 f(zj):   0.0000000000000000e+00 pn(zj):   6.8198979477846251e+00
zj:   1.0000000000000000e+00 f(zj):   0.0000000000000000e+00 pn(zj):   6.7968248710784067e+00
zj:   3.8461538461538464e-02 f(zj):   0.0000000000000000e+00 pn(zj):   6.7738165346647081e+00
zj:   9.9009900990099011e-03 f(zj):   0.0000000000000000e+00 pn(zj):   6.7508727921464056e+00
zj:   4.4247787610619468e-03 f(zj):  6.9168989318068683e-310 pn(zj):   6.7279934973828599e+00
zj:   2.4937655860349127e-03 f(zj):  1.4821969375237396e-323 pn(zj):   6.7051785044896102e+00
zj:   1.5974440894568689e-03 f(zj):   0.0000000000000000e+00 pn(zj):   6.6824276678380361e+00
zj:   1.1098779134295228e-03 f(zj):   0.0000000000000000e+00 pn(zj):   6.6597408420550357e+00
zj:   8.1566068515497557e-04 f(zj):  4.6475090798745759e-310 pn(zj):   6.6371178820226975e+00
zj:   6.2460961898813238e-04 f(zj):                     -nan pn(zj):   6.6145586428779701e+00
zj:  2.3764557564963959e-321 f(zj):   0.0000000000000000e+00 pn(zj):   6.5920629800123454e+00
zj:  2.0861577729517742e-314 f(zj):  4.6475090798753664e-310 pn(zj):   6.5696307490715293e+00
zj:  4.6475090798872239e-310 f(zj):   0.0000000000000000e+00 pn(zj):   6.5472618059551095e+00
zj:  4.6475090798872239e-310 f(zj):   0.0000000000000000e+00 pn(zj):   6.5249560068162422e+00
zj:  4.6475090798872239e-310 f(zj):   0.0000000000000000e+00 pn(zj):   6.5027132080613210e+00
zj:  4.6475090798872239e-310 f(zj):  2.1219957904712067e-314 pn(zj):   6.4805332663496547e+00
zj:  4.6475090800497715e-310 f(zj):   0.0000000000000000e+00 pn(zj):   6.4584160385931373e+00
zj:  4.6475090800895932e-310 f(zj):   0.0000000000000000e+00 pn(zj):   6.4363613819559360e+00
zj:  4.6475090798872239e-310 f(zj):  6.9168989319950085e-310 pn(zj):   6.4143691538541532e+00
zj:  4.6475090800895932e-310 f(zj):   0.0000000000000000e+00 pn(zj):   6.3924392119555176e+00
zj:   0.0000000000000000e+00 f(zj):   0.0000000000000000e+00 pn(zj):   6.3705714141790510e+00
zj:   0.0000000000000000e+00 f(zj):   0.0000000000000000e+00 pn(zj):   6.3487656186947445e+00
zj:   0.0000000000000000e+00 f(zj):   0.0000000000000000e+00 pn(zj):   6.3270216839232472e+00
zj:   0.0000000000000000e+00 f(zj):   0.0000000000000000e+00 pn(zj):   6.3053394685355348e+00
zj:  6.9168989318068683e-310 f(zj):   0.0000000000000000e+00 pn(zj):   6.2837188314525898e+00
zj:  1.4821969375237396e-323 f(zj):   0.0000000000000000e+00 pn(zj):   6.2621596318450763e+00
zj:   0.0000000000000000e+00 f(zj):   0.0000000000000000e+00 pn(zj):   6.2406617291330253e+00
zj:   0.0000000000000000e+00 f(zj):   0.0000000000000000e+00 pn(zj):   6.2192249829855157e+00
zj:  4.6475090798745759e-310 f(zj):   0.0000000000000000e+00 pn(zj):   6.1978492533203342e+00
zj:                     -nan f(zj):   0.0000000000000000e+00 pn(zj):   6.1765344003036828e+00
zj:   0.0000000000000000e+00 f(zj):   0.0000000000000000e+00 pn(zj):   6.1552802843498373e+00
zj:  4.6475090798753664e-310 f(zj):   0.0000000000000000e+00 pn(zj):   6.1340867661208351e+00
zj:   0.0000000000000000e+00 f(zj):   0.0000000000000000e+00 pn(zj):   6.1129537065261559e+00
zj:   0.0000000000000000e+00 f(zj):   0.0000000000000000e+00 pn(zj):   6.0918809667223970e+00
zj:   0.0000000000000000e+00 f(zj):   0.0000000000000000e+00 pn(zj):   6.0708684081129611e+00
zj:  2.1219957904712067e-314 f(zj):   0.0000000000000000e+00 pn(zj):   6.0499158923477365e+00
zj:   0.0000000000000000e+00 f(zj):   0.0000000000000000e+00 pn(zj):   6.0290232813227682e+00
zj:   0.0000000000000000e+00 f(zj):   0.0000000000000000e+00 pn(zj):   6.0081904371799526e+00
zj:  6.9168989319950085e-310 f(zj):   0.0000000000000000e+00 pn(zj):   5.9874172223067124e+00
zj:   0.0000000000000000e+00 f(zj):   0.0000000000000000e+00 pn(zj):   5.9667034993356820e+00
zj:   0.0000000000000000e+00 f(zj):   0.0000000000000000e+00 pn(zj):   5.9460491311443828e+00
zj:   0.0000000000000000e+00 f(zj):   0.0000000000000000e+00 pn(zj):   5.9254539808549156e+00
zj:   0.0000000000000000e+00 f(zj):   0.0000000000000000e+00 pn(zj):   5.9049179118336355e+00
zj:   0.0000000000000000e+00 f(zj):   0.0000000000000000e+00 pn(zj):   5.8844407876908420e+00
zj:   0.0000000000000000e+00 f(zj):   0.0000000000000000e+00 pn(zj):   5.8640224722804541e+00
zj:   0.0000000000000000e+00 f(zj):   0.0000000000000000e+00 pn(zj):   5.8436628296997002e+00
zj:   0.0000000000000000e+00 f(zj):   0.0000000000000000e+00 pn(zj):   5.8233617242888016e+00
zj:   0.0000000000000000e+00 f(zj):   0.0000000000000000e+00 pn(zj):   5.8031190206306533e+00
zj:   0.0000000000000000e+00 f(zj):   0.0000000000000000e+00 pn(zj):   5.7829345835505128e+00
zj:   0.0000000000000000e+00 f(zj):  6.9168989319286061e-310 pn(zj):   5.7628082781156786e+00
zj:   0.0000000000000000e+00 f(zj):  2.0320920013450470e-320 pn(zj):   5.7427399696351831e+00
zj:   0.0000000000000000e+00 f(zj):  1.2566263866505099e+232 pn(zj):   5.7227295236594751e+00
zj:   0.0000000000000000e+00 f(zj):  6.0513972685449602e-154 pn(zj):   5.7027768059800978e+00
zj:   0.0000000000000000e+00 f(zj):   1.3130777810749093e-71 pn(zj):   5.6828816826293842e+00
zj:   0.0000000000000000e+00 f(zj):   1.9009859047860273e-52 pn(zj):   5.6630440198801404e+00
zj:   0.0000000000000000e+00 f(zj):  1.3160769791570854e-259 pn(zj):   5.6432636842453343e+00
zj:   0.0000000000000000e+00 f(zj):   2.4049233009873923e-57 pn(zj):   5.6235405424777722e+00
zj:   0.0000000000000000e+00 f(zj):   8.6201081902837584e-43 pn(zj):   5.6038744615697977e+00
zj:   0.0000000000000000e+00 f(zj):  3.6022070660008418e+179 pn(zj):   5.5842653087529710e+00
zj:   0.0000000000000000e+00 f(zj):  2.7680679110017750e+280 pn(zj):   5.5647129514977616e+00
zj:   0.0000000000000000e+00 f(zj):   3.2424566200750214e-86 pn(zj):   5.5452172575132330e+00
zj:   0.0000000000000000e+00 f(zj):   1.3980432860952889e-76 pn(zj):   5.5257780947467277e+00
zj:   0.0000000000000000e+00 f(zj):   1.3980432860952889e-76 pn(zj):   5.5063953313835610e+00
zj:   0.0000000000000000e+00 f(zj):  6.1799880953825233e-114 pn(zj):   5.4870688358467099e+00
zj:   0.0000000000000000e+00 f(zj):   5.5167545954350761e-48 pn(zj):   5.4677984767964940e+00
zj:   0.0000000000000000e+00 f(zj):   1.7247864305886799e-47 pn(zj):   5.4485841231302707e+00
zj:   0.0000000000000000e+00 f(zj):   1.5866086794602043e-47 pn(zj):   5.4294256439821247e+00
zj:   0.0000000000000000e+00 f(zj):  8.1642195725457895e+204 pn(zj):   5.4103229087225557e+00
zj:   0.0000000000000000e+00 f(zj):   1.3973685027430247e-76 pn(zj):   5.3912757869581656e+00
zj:  6.9168989319286061e-310 f(zj):   1.3980432860952889e-76 pn(zj):   5.3722841485313557e+00
zj:  2.0320920013450470e-320 f(zj):   1.1443840463392756e-71 pn(zj):   5.3533478635200078e+00
zj:   1.3980432860952889e-76 f(zj):   2.2133800894103696e-52 pn(zj):   5.3344668022371842e+00
zj:  8.5981866496259928e+183 f(zj):  8.1642195725457940e+204 pn(zj):   5.3156408352308109e+00
zj:  6.0136181703254192e-154 f(zj):   7.1173007606090267e-67 pn(zj):   5.2968698332833704e+00
zj:   6.5240116887800852e-38 f(zj):   3.0574845451997796e-57 pn(zj):   5.2781536674115968e+00
zj:   6.0089197122600416e-67 f(zj):   3.5727967852164970e-62 pn(zj):   5.2594922088661651e+00
zj:  1.2584540443852792e+232 f(zj):  3.5230863936820271e-109 pn(zj):   5.2408853291313777e+00
zj:  6.0513972685449602e-154 f(zj):   2.7370015366549161e-57 pn(zj):   5.2223328999248695e+00
zj:   8.1577000632116303e-43 f(zj):   5.3974595051984099e-62 pn(zj):   5.2038347931972853e+00
zj:   1.3701188243902992e-71 f(zj):   5.2065230443152249e-90 pn(zj):   5.1853908811319824e+00
zj:  1.3160769791189314e-259 f(zj):  8.2012590046497898e+204 pn(zj):   5.1670010361447218e+00
zj:   2.9092546637178184e-33 f(zj):   3.6715208489338187e-62 pn(zj):   5.1486651308833551e+00
zj:   1.0880123433406083e-71 f(zj):   5.4012836964567796e-62 pn(zj):   5.1303830382275297e+00
zj:  2.7898478795857719e+179 f(zj):  3.9251141505094574e+179 pn(zj):   5.1121546312883730e+00
zj:  2.7680678906888502e+280 f(zj):  1.9701896698966844e-153 pn(zj):   5.0939797834081864e+00
zj:   3.4435330884136163e-86 f(zj):   2.0919768665584544e-76 pn(zj):   5.0758583681601435e+00
zj:   5.3485037281915189e-38 f(zj):   2.6297840772757568e-52 pn(zj):   5.0577902593479847e+00
zj:   4.6645091318312648e-33 f(zj):   1.5858569847775027e-47 pn(zj):   5.0397753310057132e+00
zj:  6.1799881683249009e-114 f(zj):  1.9512347655568931e-153 pn(zj):   5.0218134573972790e+00
zj:   8.4178994681321351e-53 f(zj):   4.6653585631343058e-62 pn(zj):   5.0039045130162902e+00
zj:   1.1443840463392756e-71 f(zj):   1.4857662741361161e-76 pn(zj):   4.9860483725856968e+00
zj:   2.2133800894103696e-52 f(zj):   7.8551066443578294e-67 pn(zj):   4.9682449110574929e+00
zj:  8.1642195725457940e+204 f(zj):   1.6039704617400945e-28 pn(zj):   4.9504940036124081e+00
zj:   7.1173007606090267e-67 f(zj):   3.0587243333312163e-57 pn(zj):   4.9327955256596052e+00
zj:   3.0574845451997796e-57 f(zj):   4.4232143123272680e-62 pn(zj):   4.9151493528363819e+00
zj:   3.5727967852164970e-62 f(zj):   1.1829520255840274e-76 pn(zj):   4.8975553610078606e+00
zj:  3.5230863936820271e-109 f(zj):   2.3694867739090460e-38 pn(zj):   4.8800134262666877e+00
zj:   2.7370015366549161e-57 f(zj):   1.5203199547844981e-47 pn(zj):   4.8625234249327312e+00
zj:   5.3974595051984099e-62 f(zj):   9.3559042493993428e-67 pn(zj):   4.8450852335527799e+00
zj:   5.2065230443152249e-90 f(zj):  8.6044759419628624e+183 pn(zj):   4.8276987289002395e+00
zj:  8.2012590046497898e+204 f(zj):   2.3694862040991260e-38 pn(zj):   4.8103637879748282e+00
zj:   3.6715208489338187e-62 f(zj):   2.6301855116423435e-52 pn(zj):   4.7930802880022831e+00
zj:   5.4012836964567796e-62 f(zj):   4.0170856934652192e-57 pn(zj):   4.7758481064340526e+00
zj:  3.9251141505094574e+179 f(zj):  1.2578393227536390e+232 pn(zj):   4.7586671209469937e+00
zj:  1.9701896698966844e-153 f(zj):  6.0513972685449602e-154 pn(zj):   4.7415372094430746e+00
zj:   2.0919768665584544e-76 f(zj):   3.5379037838537491e-57 pn(zj):   4.7244582500490733e+00
zj:   2.6297840772757568e-52 f(zj):   4.7607476717089732e-38 pn(zj):   4.7074301211162819e+00
zj:   1.5858569847775027e-47 f(zj):  1.3160769791753467e-259 pn(zj):   4.6904527012201971e+00
zj:  1.9512347655568931e-153 f(zj):   1.3045549096312291e-76 pn(zj):   4.6735258691602235e+00
zj:   4.6653585631343058e-62 f(zj):   2.0029229827524660e-76 pn(zj):   4.6566495039593825e+00
zj:   1.4857662741361161e-76 f(zj):  2.9538402828466039e+179 pn(zj):   4.6398234848640030e+00
zj:   7.8551066443578294e-67 f(zj):  2.7680679178429828e+280 pn(zj):   4.6230476913434249e+00
zj:   1.6039704617400945e-28 f(zj):   4.6499918984451855e-86 pn(zj):   4.6063220030897050e+00
zj:   3.0587243333312163e-57 f(zj):   1.5866034551223832e-47 pn(zj):   4.5896463000173062e+00
zj:   4.4232143123272680e-62 f(zj):   9.9530523007040073e-43 pn(zj):   4.5730204622628188e+00
zj:   1.1829520255840274e-76 f(zj):  6.1799881803794778e-114 pn(zj):   4.5564443701846464e+00
zj:   2.7388593738646175e-57 f(zj):   8.4178994681321351e-53 pn(zj):   4.5399179043627118e+00
zj:   1.6039704617400945e-28 f(zj):   7.4090807150207215e-38 pn(zj):   4.5234409455981606e+00
zj:   1.4510921999341213e-47 f(zj):   1.3124145167275218e-71 pn(zj):   4.5070133749130710e+00
zj:   5.0511998141189459e-38 f(zj):   1.7953623117379499e-52 pn(zj):   4.4906350735501430e+00
zj:   1.1829533484663085e-76 f(zj):  6.1799881923395090e-114 pn(zj):   4.4743059229724143e+00
zj:  6.0136196164698546e-154 f(zj):   1.2844695233355919e-57 pn(zj):   4.4580258048629515e+00
zj:   4.0867477578814462e-33 f(zj):   3.1207617649832306e-33 pn(zj):   4.4417946011245686e+00
zj:   1.2566991658205059e-71 f(zj):   1.9165613383620326e-76 pn(zj):   4.4256121938795214e+00
zj:  8.6127505400490649e+183 f(zj):  8.1642195725457929e+204 pn(zj):   4.4094784654692099e+00
zj:  6.0136181703254192e-154 f(zj):   2.1069359415260950e-52 pn(zj):   4.3933932984538915e+00
zj:   4.8571167738070689e-33 f(zj):   4.8578514694803231e-33 pn(zj):   4.3773565756123780e+00
zj:   4.1801388043438595e-62 f(zj):   5.2036315677891084e-90 pn(zj):   4.3613681799417474e+00
zj:  1.2575419968605398e+232 f(zj):  3.5230863936828752e-109 pn(zj):   4.3454279946570438e+00
zj:  6.0513972685449602e-154 f(zj):   1.0855742683025250e-71 pn(zj):   4.3295359031909841e+00
zj:   1.4275959770864353e-71 f(zj):   9.9513347554772474e-43 pn(zj):   4.3136917891936655e+00
zj:   8.1664171518858382e-43 f(zj):   5.2084256046055795e-90 pn(zj):   4.2978955365322715e+00
zj:  1.3160769791564918e-259 f(zj):  8.2012590046497898e+204 pn(zj):   4.2821470292907780e+00
zj:   3.4435330884255147e-86 f(zj):   1.5767022815106658e-52 pn(zj):   4.2664461517696592e+00
zj:   1.3813424581344138e-47 f(zj):   3.6959732147254554e-57 pn(zj):   4.2507927884855938e+00
zj:   2.1114205953125310e-52 f(zj):  2.6246088535086971e+179 pn(zj):   4.2351868241711763e+00
zj:  2.7680679448120284e+280 f(zj):  1.9701896698966844e-153 pn(zj):   4.2196281437746208e+00
zj:   4.6499918984451855e-86 f(zj):   9.7392506511118278e-72 pn(zj):   4.2041166324594625e+00
zj:   1.3124145167275218e-71 f(zj):   5.0523342705982343e-38 pn(zj):   4.1886521756042825e+00
zj:   1.7953623117379499e-52 f(zj):   5.6357095347239264e-38 pn(zj):   4.1732346588024019e+00
zj:  6.1799881923395090e-114 f(zj):  1.9512347655568931e-153 pn(zj):   4.1578639678615943e+00
zj:   1.2844695233355919e-57 f(zj):   5.1591466318879708e-62 pn(zj):   4.1425399888037902e+00
zj:   3.1207617649832306e-33 f(zj):   8.6165705191222869e-43 pn(zj):   4.1272626078647985e+00
zj:   1.9165613383620326e-76 f(zj):   7.8551067106829371e-67 pn(zj):   4.1120317114940033e+00
zj:  8.1642195725457929e+204 f(zj):   1.6039704617400945e-28 pn(zj):   4.0968471863540739e+00
zj:   2.1069359415260950e-52 f(zj):   2.1766452421082829e-76 pn(zj):   4.0817089193206844e+00
zj:   4.8578514694803231e-33 f(zj):   2.2133896292923166e-52 pn(zj):   4.0666167974822143e+00
zj:   5.2036315677891084e-90 f(zj):   1.1829507051952893e-76 pn(zj):   4.0515707081394616e+00
zj:  3.5230863936828752e-109 f(zj):  6.0136196164698546e-154 pn(zj):   4.0365705388053552e+00
zj:   1.0855742683025250e-71 f(zj):   5.1591282307511925e-62 pn(zj):   4.0216161772046615e+00
zj:   9.9513347554772474e-43 f(zj):   1.6591603721530865e-76 pn(zj):   4.0067075112737012e+00
zj:   5.2084256046055795e-90 f(zj):  8.6106919913098173e+183 pn(zj):   3.9918444291600537e+00
zj:  8.2012590046497898e+204 f(zj):   5.5168899802936380e-48 pn(zj):   3.9770268192222744e+00
zj:   1.5767022815106658e-52 f(zj):   1.3707820922423524e-71 pn(zj):   3.9622545700296037e+00
zj:   3.6959732147254554e-57 f(zj):   3.1215287750914658e-33 pn(zj):   3.9475275703616779e+00
zj:  2.6246088535086971e+179 f(zj):  1.2578405026402262e+232 pn(zj):   3.9328457092082463e+00
zj:  1.9701896698966844e-153 f(zj):  6.0513972685449602e-154 pn(zj):   3.9182088757688778e+00
zj:   9.7392506511118278e-72 f(zj):   1.6584869890583804e-76 pn(zj):   3.9036169594526764e+00
zj:   5.0523342705982343e-38 f(zj):   2.9019310600324756e-57 pn(zj):   3.8890698498779948e+00
zj:   5.6357095347239264e-38 f(zj):  1.3160769790620695e-259 pn(zj):   3.8745674368721486e+00
zj:  1.9512347655568931e-153 f(zj):   1.3045549096312291e-76 pn(zj):   3.8601096104711257e+00
zj:   5.1591466318879708e-62 f(zj):   1.1776798427442742e-47 pn(zj):   3.8456962609193033e+00
zj:   8.6165705191222869e-43 f(zj):  3.5990461933583862e+179 pn(zj):   3.8313272786691619e+00
zj:   7.8551067106829371e-67 f(zj):  2.7680679178429828e+280 pn(zj):   3.8170025543810002e+00
zj:   9.9446566129262907e-43 f(zj):   3.4435330884136163e-86 pn(zj):   3.8027219789226461e+00
zj:  1.9512347655568931e-153 f(zj):   7.8722274929679181e-67 pn(zj):   3.7884854433691739e+00
zj:   1.1097885113041658e-47 f(zj):   2.3194210662174888e-52 pn(zj):   3.7742928390026207e+00
zj:   3.5059595546777993e-33 f(zj):  2.7879706610862393e+179 pn(zj):   3.7601440573117006e+00
zj:   2.0896051552790696e-76 f(zj):  2.7680679110808128e+280 pn(zj):   3.7460389899915199e+00
zj:   1.6039704617400945e-28 f(zj):   4.6499918984451855e-86 pn(zj):   3.7319775289432893e+00
zj:   7.7214706496660621e-43 f(zj):   3.8933848029408698e-33 pn(zj):   3.7179595662740490e+00
zj:   5.6435298309223603e-38 f(zj):   1.3692344840775077e-71 pn(zj):   3.7039849942963765e+00
zj:   1.1829520152084414e-76 f(zj):  6.1799881803794778e-114 pn(zj):   3.6900537055281069e+00
zj:  6.0136196164698546e-154 f(zj):   1.9599449513787718e-62 pn(zj):   3.6761655926920493e+00
zj:   1.4513657410965700e-47 f(zj):   3.3804688377689480e-57 pn(zj):   3.6623205487157042e+00
zj:   3.5074465780339031e-33 f(zj):   5.6377307807166721e-62 pn(zj):   3.6485184667309798e+00
zj:  8.6044434043896604e+183 f(zj):  8.1642195725457962e+204 pn(zj):   3.6347592400739104e+00
zj:  6.0136181703254192e-154 f(zj):   1.4837315060687120e-76 pn(zj):   3.6210427622843722e+00
zj:   4.6691605864895872e-62 f(zj):   4.1791967674054160e-62 pn(zj):   3.6073689271058060e+00
zj:   1.2564737483931441e-71 f(zj):   5.2084406442616000e-90 pn(zj):   3.5937376284849312e+00
zj:  1.2584552288623016e+232 f(zj):  3.5230863936828752e-109 pn(zj):   3.5801487605714657e+00
zj:  6.0513972685449602e-154 f(zj):   1.0855751319193805e-71 pn(zj):   3.5666022177178451e+00
zj:   8.6038924916550563e-67 f(zj):   8.2387673567824398e-67 pn(zj):   3.5530978944789418e+00
zj:   1.2450335420031088e-47 f(zj):   5.2084519097174472e-90 pn(zj):   3.5396356856117834e+00
zj:  1.3160769790243606e-259 f(zj):  8.2012590046500727e+204 pn(zj):   3.5262154860752752e+00
zj:   2.9073738727565028e-33 f(zj):   6.7710089230766922e-43 pn(zj):   3.5128371910299130e+00
zj:   2.3194210662174888e-52 f(zj):   3.7015442052422054e-33 pn(zj):   3.4995006958375141e+00
zj:  2.7879706610862393e+179 f(zj):  3.7585965424569194e+179 pn(zj):   3.4862058960609272e+00
zj:  2.7680679110808128e+280 f(zj):  1.9701896698966844e-153 pn(zj):   3.4729526874637586e+00
zj:   4.6499918984451855e-86 f(zj):   4.0807203530185890e-33 pn(zj):   3.4597409660100920e+00
zj:   3.8933848029408698e-33 f(zj):   1.0408501564332872e-42 pn(zj):   3.4465706278642099e+00
zj:   1.3692344840775077e-71 f(zj):   4.6617495783968525e-62 pn(zj):   3.4334415693903129e+00
zj:  6.1799881803794778e-114 f(zj):  1.9512347655568931e-153 pn(zj):   3.4203536871522444e+00
zj:   1.9599449513787718e-62 f(zj):   1.1307111626413364e-42 pn(zj):   3.4073068779132099e+00
zj:   3.3804688377689480e-57 f(zj):   8.2416651744337739e-67 pn(zj):   3.3943010386355001e+00
zj:   5.6377307807166721e-62 f(zj):   4.4666299022952200e-33 pn(zj):   3.3813360664802143e+00
zj:  8.1642195725457962e+204 f(zj):   1.6039704617400945e-28 pn(zj):   3.3684118588069794e+00
zj:   1.4837315060687120e-76 f(zj):   1.9185722313104421e-76 pn(zj):   3.3555283131736777e+00
zj:   4.1791967674054160e-62 f(zj):   1.0875675502456769e-71 pn(zj):   3.3426853273361665e+00
zj:   5.2084406442616000e-90 f(zj):   1.1829546507582021e-76 pn(zj):   3.3298827992480025e+00
zj:  3.5230863936828752e-109 f(zj):  6.0136196164698546e-154 pn(zj):   3.3171206270601656e+00
zj:   1.0855751319193805e-71 f(zj):   1.6925920022861093e-52 pn(zj):   3.3043987091207816e+00
zj:   8.2387673567824398e-67 f(zj):   1.1100568115440207e-47 pn(zj):   3.2917169439748482e+00
zj:   5.2084519097174472e-90 f(zj):  8.6106919913103022e+183 pn(zj):   3.2790752303639583e+00
zj:  8.2012590046500727e+204 f(zj):   2.9907120509989371e-67 pn(zj):   3.2664734672260232e+00
zj:   6.7710089230766922e-43 f(zj):   4.4704056614567416e-33 pn(zj):   3.2539115536949996e+00
zj:   3.7015442052422054e-33 f(zj):   6.3870622533303482e-67 pn(zj):   3.2413893891006156e+00
zj:  3.7585965424569194e+179 f(zj):  1.2566358938124657e+232 pn(zj):   3.2289068729680910e+00
zj:  1.9701896698966844e-153 f(zj):  6.0513972685449602e-154 pn(zj):   3.2164639050178701e+00
zj:   4.0807203530185890e-33 f(zj):   3.9408542927247219e-62 pn(zj):   3.2040603851653389e+00
zj:   1.0408501564332872e-42 f(zj):   1.7982203747803666e-52 pn(zj):   3.1916962135205598e+00
zj:   4.1801500477607066e-62 f(zj):  1.3160769791760122e-259 pn(zj):   3.1793712903879943e+00
zj:  3.9263928969917924e+179 f(zj):   3.4435330884255147e-86 pn(zj):   3.1670855162662246e+00
zj:  1.9701896698966844e-153 f(zj):  6.0513972685449602e-154 pn(zj):   3.1548387918476908e+00
zj:   9.1799119221722484e-72 f(zj):   4.7653573127288259e-38 pn(zj):   3.1426310180184074e+00
zj:   1.9185840967536714e-76 f(zj):   8.2387787868382162e-67 pn(zj):   3.1304620958577001e+00
zj:   8.2260272591654677e-67 f(zj):  1.3160769791188563e-259 pn(zj):   3.1183319266379255e+00
zj:  1.9512347655568931e-153 f(zj):   2.9073738727565028e-33 pn(zj):   3.1062404118242033e+00
zj:   7.2695724232228835e-43 f(zj):   4.2778391154154838e-33 pn(zj):   3.0941874530741420e+00
zj:   1.9185762159844627e-76 f(zj):  3.2748726900161409e+179 pn(zj):   3.0821729522375714e+00
zj:   4.0822021072279842e-33 f(zj):  2.7680679110808128e+280 pn(zj):   3.0701968113562645e+00
zj:   1.6039704617400945e-28 f(zj):   1.3045549096286740e-76 pn(zj):   3.0582589326636724e+00
zj:   4.4666381436746187e-33 f(zj):   6.5228637450789163e-38 pn(zj):   3.0463592185846506e+00
zj:   5.6389559401195629e-38 f(zj):  2.9481542051860126e+179 pn(zj):   3.0344975717351881e+00
zj:   1.1829526844817668e-76 f(zj):  6.1799881440273540e-114 pn(zj):   3.0226738949221370e+00
zj:   1.9599935210783821e-62 f(zj):   1.9599449513787718e-62 pn(zj):   3.0108880911429439e+00
zj:   5.3553870109351254e-38 f(zj):   1.0851689546055305e-42 pn(zj):   2.9991400635853780e+00
zj:   9.3529839479146413e-67 f(zj):   2.1773318032332623e-76 pn(zj):   2.9874297156272620e+00
zj:  8.6169163841469023e+183 f(zj):  8.1642195725457951e+204 pn(zj):   2.9757569508362041e+00
zj:  6.0136181703254192e-154 f(zj):   7.7040291760909846e-43 pn(zj):   2.9641216729693256e+00
zj:   4.6691605864895872e-62 f(zj):   1.0298675842296090e-71 pn(zj):   2.9525237859729945e+00
zj:   1.2003187895973535e-71 f(zj):   5.2046166218113192e-90 pn(zj):   2.9409631939825558e+00
zj:  1.2584552288625835e+232 f(zj):  3.5230863936822715e-109 pn(zj):   2.9294398013220642e+00
zj:  6.0513972685449602e-154 f(zj):   1.5860730005197669e-47 pn(zj):   2.9179535125040141e+00
zj:   4.7653573127288259e-38 f(zj):   8.1576591171863236e-43 pn(zj):   2.9065042322290715e+00
zj:   8.2387787868382162e-67 f(zj):   5.2093993934590268e-90 pn(zj):   2.8950918653858091e+00
zj:  1.3160769791188563e-259 f(zj):  8.2012590046517814e+204 pn(zj):   2.8837163170504359e+00
zj:   2.9073738727565028e-33 f(zj):   8.5462147653085243e-72 pn(zj):   2.8723774924865291e+00
zj:   4.2778391154154838e-33 f(zj):   5.0511729093247418e-38 pn(zj):   2.8610752971447715e+00
zj:  3.2748726900161409e+179 f(zj):  3.2767523818189441e+179 pn(zj):   2.8498096366626804e+00
zj:  2.7680679110808128e+280 f(zj):  1.9701896698966844e-153 pn(zj):   2.8385804168643434e+00
zj:   1.3045549096286740e-76 f(zj):   2.5257917543364907e-52 pn(zj):   2.8273875437601510e+00
zj:   6.5228637450789163e-38 f(zj):   5.1572439684604644e-62 pn(zj):   2.8162309235465308e+00
zj:  2.9481542051860126e+179 f(zj):   1.5858569642743486e-47 pn(zj):   2.8051104626056835e+00
zj:  6.1799881440273540e-114 f(zj):  1.9512347655568931e-153 pn(zj):   2.7940260675053130e+00
zj:   1.9599449513787718e-62 f(zj):   1.0851648332329735e-42 pn(zj):   2.7829776449983656e+00
zj:   1.0851689546055305e-42 f(zj):   5.6481261427782975e-38 pn(zj):   2.7719651020227625e+00
zj:   2.1773318032332623e-76 f(zj):   9.9446566395487061e-43 pn(zj):   2.7609883457011382e+00
zj:  8.1642195725457951e+204 f(zj):   1.6039704617400945e-28 pn(zj):   2.7500472833405678e+00
zj:   7.7040291760909846e-43 f(zj):   1.6574630726525086e-76 pn(zj):   2.7391418224323134e+00
zj:   1.0298675842296090e-71 f(zj):   2.5274230929259260e-52 pn(zj):   2.7282718706515521e+00
zj:   5.2046166218113192e-90 f(zj):   1.1829513563213458e-76 pn(zj):   2.7174373358571158e+00
zj:  3.5230863936822715e-109 f(zj):  6.0136196164698546e-154 pn(zj):   2.7066381260912271e+00
zj:   1.5860730005197669e-47 f(zj):   8.1559278869854066e-43 pn(zj):   2.6958741495792351e+00
zj:   8.1576591171863236e-43 f(zj):   1.3826777639101184e-47 pn(zj):   2.6851453147293523e+00
zj:   5.2093993934590268e-90 f(zj):  8.6127586445726265e+183 pn(zj):   2.6744515301323917e+00
zj:  8.2012590046517814e+204 f(zj):   4.5634644332869523e-72 pn(zj):   2.6637927045615060e+00
zj:   8.5462147653085243e-72 f(zj):   4.2785649602187619e-33 pn(zj):   2.6531687469719243e+00
zj:   5.0511729093247418e-38 f(zj):   1.4519044578717388e-47 pn(zj):   2.6425795665006868e+00
zj:   6.8201676236408670e-38 f(zj):  1.2593613761258211e+232 pn(zj):   2.6320250724663876e+00
zj:   5.2084518367363680e-90 f(zj):  6.0513972685449602e-154 pn(zj):   2.6215051743689113e+00
zj:  8.2012590046514974e+204 f(zj):   5.5168899802936380e-48 pn(zj):   2.6110197818891692e+00
zj:   1.0330403307398207e-47 f(zj):   8.6140516774650127e-67 pn(zj):   2.6005688048888431e+00
zj:   1.5195264736189653e-47 f(zj):   1.9192548441989763e-76 pn(zj):   2.5901521534101200e+00
zj:  3.9245008290815721e+179 f(zj):  1.2578452405494439e+232 pn(zj):   2.5797697376754321e+00
zj:  1.9701896698966844e-153 f(zj):  6.0513972685449602e-154 pn(zj):   2.5694214680871990e+00
zj:   9.1667072207150639e-72 f(zj):   1.8301917305789627e-76 pn(zj):   2.5591072552275640e+00
zj:   1.7455180940447083e-76 f(zj):   4.6630074262291437e-33 pn(zj):   2.5488270098581371e+00
zj:   5.6357093772152282e-38 f(zj):  1.3160769790618477e-259 pn(zj):   2.5385806429197340e+00
zj:  1.9512347655568931e-153 f(zj):   5.6044695813549769e-67 pn(zj):   2.5283680655321152e+00
zj:   1.3153230530699021e-47 f(zj):   2.5789565955970237e-57 pn(zj):   2.5181891889937296e+00
zj:   6.2289632001683584e-38 f(zj):  3.2767746412914925e+179 pn(zj):   2.5080439247814530e+00
zj:   7.1201827275280181e-67 f(zj):  2.7680679177110115e+280 pn(zj):   2.4979321845503324e+00
zj:   1.6039704617400945e-28 f(zj):   4.2478389617679958e-86 pn(zj):   2.4878538801333239e+00
zj:   7.1259942125246661e-67 f(zj):   7.4125245809535795e-38 pn(zj):   2.4778089235410352e+00
zj:   1.3818769744035795e-47 f(zj):   2.0899567437776507e-76 pn(zj):   2.4677972269614701e+00
zj:   1.1829546688549280e-76 f(zj):  6.1799881923867819e-114 pn(zj):   2.4578187027597695e+00
zj:  6.0136196164698546e-154 f(zj):   2.9906386587200498e-67 pn(zj):   2.4478732634779519e+00
zj:   1.2001028718098826e-71 f(zj):   1.1296546989658651e-42 pn(zj):   2.4379608218346576e+00
zj:   1.3145191560785988e-47 f(zj):   4.2740775338069192e-33 pn(zj):   2.4280812907248928e+00
zj:  8.5982596536459499e+183 f(zj):  8.1642195725457884e+204 pn(zj):   2.4182345832197711e+00
zj:   5.5168899802936380e-48 f(zj):   3.9332463768641218e-62 pn(zj):   2.4084206125662568e+00
zj:   8.6140516774650127e-67 f(zj):   7.2643311589800915e-43 pn(zj):   2.3986392921869104e+00
zj:   1.9192548441989763e-76 f(zj):   5.2074630521189502e-90 pn(zj):   2.3888905356796299e+00
zj:  1.2578452405494439e+232 f(zj):  3.5230863936828752e-109 pn(zj):   2.3791742568173975e+00
zj:  6.0513972685449602e-154 f(zj):   1.2553742963485144e-71 pn(zj):   2.3694903695480214e+00
zj:   1.8301917305789627e-76 f(zj):   3.6984697136170769e-57 pn(zj):   2.3598387879938834e+00
zj:   4.6630074262291437e-33 f(zj):   5.2074705277127938e-90 pn(zj):   2.3502194264516816e+00
zj:  1.3160769790618477e-259 f(zj):  8.2012590046514996e+204 pn(zj):   2.3406321993921746e+00
zj:   5.6044695813549769e-67 f(zj):   1.0330403307398207e-47 pn(zj):   2.3310770214599312e+00
zj:   2.5789565955970237e-57 f(zj):   2.5839325865606687e-57 pn(zj):   2.3215538074730695e+00
zj:  3.2767746412914925e+179 f(zj):  2.7879582946420889e+179 pn(zj):   2.3120624724230101e+00
zj:  2.7680679177110115e+280 f(zj):  1.9701896698966844e-153 pn(zj):   2.3026029314742154e+00
zj:   4.2478389617679958e-86 f(zj):   2.6301902534568226e-52 pn(zj):   2.2931750999639391e+00
zj:   7.4125245809535795e-38 f(zj):   5.0580696097759075e-38 pn(zj):   2.2837788934019745e+00
zj:   2.0899567437776507e-76 f(zj):   9.0478256490061157e-43 pn(zj):   2.2744142274703973e+00
zj:  6.1799881923867819e-114 f(zj):  1.9512347655568931e-153 pn(zj):   2.2650810180233147e+00
zj:   2.9906386587200498e-67 f(zj):   9.3443355305015071e-67 pn(zj):   2.2557791810866137e+00
zj:   1.1296546989658651e-42 f(zj):   7.4033230247901612e-38 pn(zj):   2.2465086328577053e+00
zj:   4.2740775338069192e-33 f(zj):   1.5858569602756886e-47 pn(zj):   2.2372692897052766e+00
zj:  8.1642195725457884e+204 f(zj):   1.6039704617400945e-28 pn(zj):   2.2280610681690352e+00
zj:   3.9332463768641218e-62 f(zj):   2.1769825821473511e-76 pn(zj):   2.2188838849594577e+00
zj:   7.2643311589800915e-43 f(zj):   1.1432812041755015e-71 pn(zj):   2.2097376569575413e+00
zj:   5.2074630521189502e-90 f(zj):   1.1829506974538453e-76 pn(zj):   2.2006223012145485e+00
zj:  3.5230863936828752e-109 f(zj):   1.9599935210783821e-62 pn(zj):   2.1915377349517589e+00
zj:   1.2553742963485144e-71 f(zj):   4.7573172754839177e-38 pn(zj):   2.1824838755602167e+00
zj:   3.6984697136170769e-57 f(zj):   8.6082448775870886e-67 pn(zj):   2.1734606406004797e+00
zj:   1.3131869580751050e-47 f(zj):  8.6169163841468967e+183 pn(zj):   2.1644679478023723e+00
zj:   5.2094032114938845e-90 f(zj):   1.1829526793138652e-76 pn(zj):   2.1555057150647303e+00
zj:  3.5230863936828757e-109 f(zj):  6.0136196164698546e-154 pn(zj):   2.1465738604551543e+00
zj:   1.9155491582466346e-76 f(zj):   3.9389736240080224e-62 pn(zj):   2.1376723022097615e+00
zj:   2.4238323163448384e-52 f(zj):   7.1117677447842039e-38 pn(zj):   2.1288009587329308e+00
zj:   5.2065342948539739e-90 f(zj):  8.5982596536483577e+183 pn(zj):   2.1199597485970592e+00
zj:  8.2012590046514996e+204 f(zj):  6.0136181703254192e-154 pn(zj):   2.1111485905423102e+00
zj:   8.5451093357334722e-72 f(zj):   7.8722049419421272e-67 pn(zj):   2.1023674034763644e+00
zj:   1.7455141612701808e-76 f(zj):   1.6558291051947224e-47 pn(zj):   2.0936161064741734e+00
zj:  3.7643073820287700e+179 f(zj):  1.2584540443849265e+232 pn(zj):   2.0848946187777102e+00
zj:  1.9701896698966844e-153 f(zj):  6.0513972685449602e-154 pn(zj):   2.0762028597957203e+00
zj:   1.0862393007343305e-71 f(zj):   1.8315450595021370e-76 pn(zj):   2.0675407491034763e+00
zj:   2.4209775019850274e-52 f(zj):   9.0632276690519808e-43 pn(zj):   2.0589082064425268e+00
zj:   9.0478255688207147e-43 f(zj):  1.3160769790617743e-259 pn(zj):   2.0503051517204534e+00
zj:  1.9512347655568931e-153 f(zj):   1.5764983660643473e-52 pn(zj):   2.0417315050106213e+00
zj:   1.4269309954814022e-71 f(zj):   6.1257918640386510e-62 pn(zj):   2.0331871865519311e+00
zj:   6.5251326403138465e-38 f(zj):  3.7617747574397192e+179 pn(zj):   2.0246721167485759e+00
zj:   5.8807660673361396e-62 f(zj):  2.7680679515217591e+280 pn(zj):   2.0161862161697908e+00
zj:   1.6039704617400945e-28 f(zj):   1.3045549096286740e-76 pn(zj):   2.0077294055496111e+00
zj:   3.5354072751286765e-57 f(zj):   1.1776798427442742e-47 pn(zj):   1.9993016057866220e+00
zj:   2.0913035404103440e-76 f(zj):  3.5990461933583862e+179 pn(zj):   1.9909027379437167e+00
zj:   1.1829526793138652e-76 f(zj):  6.1799881440273540e-114 pn(zj):   1.9825327232478485e+00
zj:  6.0136196164698546e-154 f(zj):   2.9906386587200498e-67 pn(zj):   1.9741914830897871e+00
zj:   3.9389736240080224e-62 f(zj):   5.6469736796816265e-38 pn(zj):   1.9658789390238729e+00
zj:   7.1117677447842039e-38 f(zj):   3.3761151293037069e-57 pn(zj):   1.9575950127677721e+00
zj:  8.5982596536483577e+183 f(zj):  8.1642195725457895e+204 pn(zj):   1.9493396262022338e+00
zj:  6.0136181703254192e-154 f(zj):   1.4251622337585267e-71 pn(zj):   1.9411127013708431e+00
zj:   7.8722049419421272e-67 f(zj):   8.9791655151085235e-67 pn(zj):   1.9329141604797804e+00
zj:   1.6558291051947224e-47 f(zj):   5.2065192406811153e-90 pn(zj):   1.9247439258975736e+00
zj:  1.2584540443849265e+232 f(zj):  3.5230863936827556e-109 pn(zj):   1.9166019201548588e+00
zj:  6.0513972685449602e-154 f(zj):   6.1210326038994808e-62 pn(zj):   1.9084880659441343e+00
zj:   1.8315450595021370e-76 f(zj):   1.7441726512000265e-76 pn(zj):   1.9004022861195180e+00
zj:   9.0632276690519808e-43 f(zj):   5.2045941203913740e-90 pn(zj):   1.8923445036965052e+00
zj:  1.3160769790617743e-259 f(zj):  8.2012590046500738e+204 pn(zj):   1.8843146418517254e+00
zj:   1.5764983660643473e-52 f(zj):   8.5451093357334722e-72 pn(zj):   1.8763126239227004e+00
zj:   6.1257918640386510e-62 f(zj):   6.0089083930089986e-67 pn(zj):   1.8683383734076022e+00
zj:  3.7617747574397192e+179 f(zj):  3.4350587076074442e+179 pn(zj):   1.8603918139650100e+00
zj:  2.7680679515217591e+280 f(zj):  1.9701896698966844e-153 pn(zj):   1.8524728694136703e+00
zj:   1.3045549096286740e-76 f(zj):   5.6412293367454159e-38 pn(zj):   1.8445814637322542e+00
zj:   1.1776798427442742e-47 f(zj):   3.2180529340923018e-57 pn(zj):   1.8367175210591165e+00
zj:  3.5990461933583862e+179 f(zj):   7.8551066000532793e-67 pn(zj):   1.8288809656920550e+00
zj:  6.1799881440273540e-114 f(zj):  1.9512347655568931e-153 pn(zj):   1.8210717220880701e+00
zj:   2.9906386587200498e-67 f(zj):   7.7092296836992700e-43 pn(zj):   1.8132897148631226e+00
zj:   5.6469736796816265e-38 f(zj):   3.8577740715615390e-57 pn(zj):   1.8055348687918960e+00
zj:   3.3761151293037069e-57 f(zj):   5.6357095345860044e-38 pn(zj):   1.7978071088075540e+00
zj:  8.1642195725457895e+204 f(zj):   1.6039704617400945e-28 pn(zj):   1.7901063600015024e+00
zj:   1.4251622337585267e-71 f(zj):   5.3461809692406673e-38 pn(zj):   1.7824325476231495e+00
zj:   4.5633524455567166e-72 f(zj):   5.6443628846109070e-62 pn(zj):   1.7747855970796653e+00
zj:   1.9001702480719874e-52 f(zj):   1.1829559685631852e-76 pn(zj):   1.7671654339357441e+00
zj:   3.8888738435489527e-33 f(zj):   1.5858569561815027e-47 pn(zj):   1.7595719839133643e+00
zj:  8.1642195725457918e+204 f(zj):   1.6039704617400945e-28 pn(zj):   1.7520051728915509e+00
zj:   1.4492274473630465e-47 f(zj):   9.9617965160500692e-43 pn(zj):   1.7444649269061356e+00
zj:   2.2137926939918625e-52 f(zj):   6.1257806787475052e-62 pn(zj):   1.7369511721495214e+00
zj:   5.2065267021599558e-90 f(zj):   1.1829513666566760e-76 pn(zj):   1.7294638349704410e+00
zj:  3.5230863936822715e-109 f(zj):  6.0136196164698546e-154 pn(zj):   1.7220028418737223e+00
zj:   3.5335572156825139e-57 f(zj):   5.6443739981926100e-62 pn(zj):   1.7145681195200484e+00
zj:   1.3834816854509744e-47 f(zj):   2.6330435246812931e-52 pn(zj):   1.7071595947257225e+00
zj:   5.2007775890791110e-90 f(zj):  8.6044352998670687e+183 pn(zj):   1.6997771944624298e+00
zj:  8.2012590046500738e+204 f(zj):  6.0136181703254192e-154 pn(zj):   1.6924208458570005e+00
zj:   6.7692572999962862e-43 f(zj):   1.4519013543368389e-47 pn(zj):   1.6850904761911738e+00
zj:   1.1303587881087721e-42 f(zj):   1.8301996116507367e-76 pn(zj):   1.6777860129013611e+00
zj:  3.1134104574393882e+179 f(zj):  1.2587537171432682e+232 pn(zj):   1.6705073835784110e+00
zj:  1.9701896698966844e-153 f(zj):  6.0513972685449602e-154 pn(zj):   1.6632545159673722e+00
zj:   9.1622941379245233e-72 f(zj):   9.5169323114050286e-43 pn(zj):   1.6560273379672577e+00
zj:   1.3124145301292915e-71 f(zj):   4.6653846003679230e-62 pn(zj):   1.6488257776308113e+00
zj:   7.8551065999686057e-67 f(zj):  1.3160769790620709e-259 pn(zj):   1.6416497631642701e+00
zj:  1.9512347655568931e-153 f(zj):   8.5517419149093275e-72 pn(zj):   1.6344992229271309e+00
zj:   3.5089481457454370e-33 f(zj):   8.6082900013933841e-67 pn(zj):   1.6273740854319163e+00
zj:   5.3984387646574055e-62 f(zj):  3.9213374830973627e+179 pn(zj):   1.6202742793439375e+00
zj:   1.5858569561815027e-47 f(zj):  2.7680679177110115e+280 pn(zj):   1.6131997334810626e+00
zj:   1.6039704617400945e-28 f(zj):   3.4435330884136163e-86 pn(zj):   1.6061503768134822e+00
zj:   9.9617965160500692e-43 f(zj):   1.3813424581344138e-47 pn(zj):   1.5991261384634741e+00
zj:   6.1257806787475052e-62 f(zj):   2.1114205953125310e-52 pn(zj):   1.5921269477051714e+00
zj:   1.1829513666566760e-76 f(zj):  6.1799881922922362e-114 pn(zj):   1.5851527339643285e+00
zj:  6.0136196164698546e-154 f(zj):   4.5633524455567166e-72 pn(zj):   1.5782034268180882e+00
zj:   5.6443739981926100e-62 f(zj):   1.1992116260019986e-71 pn(zj):   1.5712789559947482e+00
zj:   2.6330435246812931e-52 f(zj):   1.8315398297847096e-76 pn(zj):   1.5643792513735297e+00
zj:  8.6044352998670687e+183 f(zj):  8.1642195725457962e+204 pn(zj):   1.5575042429843438e+00
zj:  6.0136181703254192e-154 f(zj):   3.2149291099946518e-57 pn(zj):   1.5506538610075598e+00
zj:   1.4519013543368389e-47 f(zj):   5.6405609194419184e-62 pn(zj):   1.5438280357737733e+00
zj:   1.8301996116507367e-76 f(zj):   5.2055679383325163e-90 pn(zj):   1.5370266977635749e+00
zj:  1.2587537171432682e+232 f(zj):  3.5230863936828752e-109 pn(zj):   1.5302497776073176e+00
zj:  6.0513972685449602e-154 f(zj):   1.7229237739200617e-47 pn(zj):   1.5234972060848861e+00
zj:   9.5169323114050286e-43 f(zj):   1.9165573696757179e-76 pn(zj):   1.5167689141254668e+00
zj:   4.6653846003679230e-62 f(zj):   5.2027027816632513e-90 pn(zj):   1.5100648328073150e+00
zj:  1.3160769790620709e-259 f(zj):  8.2012590046503568e+204 pn(zj):   1.5033848933575262e+00
zj:   8.5517419149093275e-72 f(zj):   6.7692572999962862e-43 pn(zj):   1.4967290271518041e+00
zj:   8.6082900013933841e-67 f(zj):   1.2468992488518652e-47 pn(zj):   1.4900971657142326e+00
zj:  3.9213374830973627e+179 f(zj):  3.5996743448346207e+179 pn(zj):   1.4834892407170428e+00
zj:  2.7680679177110115e+280 f(zj):  1.9701896698966844e-153 pn(zj):   1.4769051839803866e+00
zj:   3.4435330884136163e-86 f(zj):   8.6060675426227864e-43 pn(zj):   1.4703449274721057e+00
zj:   1.3813424581344138e-47 f(zj):   1.4275959906857727e-71 pn(zj):   1.4638084033075014e+00
zj:   2.1114205953125310e-52 f(zj):   7.8551066216447127e-67 pn(zj):   1.4572955437491084e+00
zj:  6.1799881922922362e-114 f(zj):  1.9512347655568931e-153 pn(zj):   1.4508062812064630e+00
zj:   4.5633524455567166e-72 f(zj):   9.5046433410110370e-43 pn(zj):   1.4443405482358767e+00
zj:   5.0521448351223753e-86 f(zj):   9.0650340843281180e-43 pn(zj):   1.4378982775402069e+00
zj:   3.0587389287630129e-57 f(zj):   8.2260271706447374e-67 pn(zj):   1.4314794019686294e+00
zj:   2.0035871411221157e-76 f(zj):   9.4962413176406717e-43 pn(zj):   1.4250838545164095e+00
zj:  6.1799881318775332e-114 f(zj):  1.9512347655568931e-153 pn(zj):   1.4187115683246760e+00
zj:   4.5633524455567166e-72 f(zj):   1.9168907254832925e-76 pn(zj):   1.4123624766801925e+00
zj:   1.6917667558818844e-52 f(zj):   3.2199053103835489e-57 pn(zj):   1.4060365130151311e+00
zj:   1.5887468870548131e-47 f(zj):   9.9446566931092288e-43 pn(zj):   1.3997336109068441e+00
zj:  8.1642195725457940e+204 f(zj):   1.6039704617400945e-28 pn(zj):   1.3934537040776391e+00
zj:   1.6893228279418340e-52 f(zj):   1.0868982502915726e-71 pn(zj):   1.3871967263945517e+00
zj:   1.1998817994153948e-71 f(zj):   1.7237162888606641e-47 pn(zj):   1.3809626118691187e+00
zj:   5.2036466224184878e-90 f(zj):   1.1829533561675378e-76 pn(zj):   1.3747512946571527e+00
zj:  3.5230863936827561e-109 f(zj):  6.0136196164698546e-154 pn(zj):   1.3685627090585164e+00
zj:   1.1071187847148198e-47 f(zj):   1.0855158473393998e-42 pn(zj):   1.3623967895168967e+00
zj:   4.9150846634301598e-62 f(zj):   9.7326354466869451e-72 pn(zj):   1.3562534706195790e+00
zj:   5.2007813485950252e-90 f(zj):  8.6106919913107777e+183 pn(zj):   1.3501326870972230e+00
zj:  8.2012590046503568e+204 f(zj):  6.0136181703254192e-154 pn(zj):   1.3440343738236376e+00
zj:   2.4049233005016952e-57 f(zj):   1.1430610088913701e-71 pn(zj):   1.3379584658155548e+00
zj:   1.0401522548344863e-42 f(zj):   9.9495763441996851e-43 pn(zj):   1.3319048982324075e+00
zj:  4.0865714559140825e+179 f(zj):  1.2575408123836580e+232 pn(zj):   1.3258736063761039e+00
zj:  1.9701896698966844e-153 f(zj):  6.0513972685449602e-154 pn(zj):   1.3198645256908030e+00
zj:   1.0855137893413207e-42 f(zj):   4.7630435412526907e-38 pn(zj):   1.3138775917626926e+00
zj:   5.4003378202508729e-62 f(zj):   3.5354243109596339e-57 pn(zj):   1.3079127403197639e+00
zj:   9.4962413176406717e-43 f(zj):  1.3160769791002966e-259 pn(zj):   1.3019699072315896e+00
zj:  1.9512347655568931e-153 f(zj):   8.5495310557592233e-72 pn(zj):   1.2960490285091000e+00
zj:   1.9168907254832925e-76 f(zj):   1.0862436526603550e-71 pn(zj):   1.2901500403043600e+00
zj:   3.2199053103835489e-57 f(zj):  2.9500462442255695e+179 pn(zj):   1.2842728789103472e+00
zj:   9.9446566931092288e-43 f(zj):  2.7680679177373239e+280 pn(zj):   1.2784174807607287e+00
zj:   1.6039704617400945e-28 f(zj):   2.9073738727508045e-33 pn(zj):   1.2725837824296400e+00
zj:   1.0868982502915726e-71 f(zj):   2.3194210662174888e-52 pn(zj):   1.2667717206314610e+00
zj:   1.7237162888606641e-47 f(zj):  2.7879706610862393e+179 pn(zj):   1.2609812322205967e+00
zj:   1.1829533561675378e-76 f(zj):  6.1799881319255043e-114 pn(zj):   1.2552122541912538e+00
zj:  6.0136196164698546e-154 f(zj):   4.5633524455567166e-72 pn(zj):   1.2494647236772201e+00
zj:   1.0855158473393998e-42 f(zj):   1.7949545299688908e-52 pn(zj):   1.2437385779516437e+00
zj:   9.7326354466869451e-72 f(zj):   1.5882112860016959e-47 pn(zj):   1.2380337544268116e+00
zj:  8.6106919913107777e+183 f(zj):  8.1642195725457862e+204 pn(zj):   1.2323501906539294e+00
zj:  6.0136181703254192e-154 f(zj):   1.4492274473630465e-47 pn(zj):   1.2266878243229007e+00
zj:   1.1430610088913701e-71 f(zj):   2.2137926939918625e-52 pn(zj):   1.2210465932621068e+00
zj:   9.9495763441996851e-43 f(zj):   5.2065267021599558e-90 pn(zj):   1.2154264354381874e+00
zj:  1.2575408123836580e+232 f(zj):  3.5230863936822715e-109 pn(zj):   1.2098272889558201e+00
zj:  6.0513972685449602e-154 f(zj):   1.4251622337585267e-71 pn(zj):   1.2042490920575013e+00
zj:   4.7630435412526907e-38 f(zj):   3.3767422452709595e-57 pn(zj):   1.1986917831233264e+00
zj:   3.5354243109596339e-57 f(zj):   5.2055530302336748e-90 pn(zj):   1.1931553006707714e+00
zj:  1.3160769791002966e-259 f(zj):  8.2012590046512156e+204 pn(zj):   1.1876395833544739e+00
zj:   8.5495310557592233e-72 f(zj):   2.4049233005016952e-57 pn(zj):   1.1821445699660138e+00
zj:   1.0862436526603550e-71 f(zj):   1.5876746612751343e-47 pn(zj):   1.1766701994336961e+00
zj:  2.9500462442255695e+179 f(zj):  3.4356992350407218e+179 pn(zj):   1.1712164108223313e+00
zj:  2.7680679177373239e+280 f(zj):  1.9701896698966844e-153 pn(zj):   1.1657831433330186e+00
zj:  1.3160769791191518e-259 f(zj):   7.7232768791043782e-43 pn(zj):   1.1603703363029276e+00
zj:   3.6696217361257817e-62 f(zj):   1.3707786242811760e-71 pn(zj):   1.1549779292050808e+00
zj:   4.4726802312769233e-33 f(zj):   3.5097181982224088e-33 pn(zj):   1.1496058616481368e+00
zj:  3.9213275320637548e+179 f(zj):  3.9207017763355787e+179 pn(zj):   1.1442540733761726e+00
zj:  2.7680679516539359e+280 f(zj):  1.9701896698966844e-153 pn(zj):   1.1389225042684665e+00
zj:   4.6499918984451855e-86 f(zj):   1.2463646632820750e-47 pn(zj):   1.1336110943392828e+00
zj:   1.0856937519355184e-42 f(zj):   1.5871390520334014e-47 pn(zj):   1.1283197837376540e+00
zj:   8.9820745411228482e-67 f(zj):   4.6617495780557187e-62 pn(zj):   1.1230485127471654e+00
zj:  6.1799881318775332e-114 f(zj):  1.9512347655568931e-153 pn(zj):   1.1177972217857386e+00
zj:   4.5633524455567166e-72 f(zj):   1.1294829497983408e-42 pn(zj):   1.1125658514054164e+00
zj:   3.9418000393218954e-62 f(zj):   6.7493347170761255e-67 pn(zj):   1.1073543422921468e+00
zj:   8.1716650722507948e-43 f(zj):   4.6617496507836948e-62 pn(zj):   1.1021626352655678e+00
zj:  8.1642195725457929e+204 f(zj):   1.6039704617400945e-28 pn(zj):   1.0969906712787920e+00
zj:   1.5176491798926918e-47 f(zj):   3.8888591373995739e-33 pn(zj):   1.0918383914181926e+00
zj:   1.2564789198945995e-71 f(zj):   3.5354267798060903e-57 pn(zj):   1.0867057369031881e+00
zj:   5.2074668851834224e-90 f(zj):   1.1829559840055447e-76 pn(zj):   1.0815926490860277e+00
zj:  3.5230863936822711e-109 f(zj):   1.9599935210783821e-62 pn(zj):   1.0764990694515777e+00
zj:   8.6008054550376049e-43 f(zj):   2.4217851745220310e-52 pn(zj):   1.0714249396171074e+00
zj:   7.4911646060240012e-67 f(zj):   3.3798440860872253e-57 pn(zj):   1.0663702013320746e+00
zj:   5.2007739456927319e-90 f(zj):  8.6169163841469099e+183 pn(zj):   1.0613347964779134e+00
zj:  8.2012590046497898e+204 f(zj):   1.9599930497426634e-62 pn(zj):   1.0563186670678193e+00
zj:   8.5440039061584201e-72 f(zj):   7.7075191672282990e-43 pn(zj):   1.0513217552465375e+00
zj:   3.5097181982224088e-33 f(zj):   6.8201720904841948e-38 pn(zj):   1.0463440032901490e+00
zj:  3.9207017763355787e+179 f(zj):  1.2593637404174190e+232 pn(zj):   1.0413853536058590e+00
zj:  1.9701896698966844e-153 f(zj):  6.0513972685449602e-154 pn(zj):   1.0364457487317833e+00
zj:   1.2463646632820750e-47 f(zj):   1.9005780731345605e-52 pn(zj):   1.0315251313367364e+00
zj:   1.5871390520334014e-47 f(zj):   1.2573598158998047e-71 pn(zj):   1.0266234442200206e+00
zj:   4.6617495780557187e-62 f(zj):  1.3160769791187098e-259 pn(zj):   1.0217406303112126e+00
zj:  1.9512347655568931e-153 f(zj):   6.7701331129036050e-43 pn(zj):   1.0168766326699525e+00
zj:   1.1294829497983408e-42 f(zj):   1.2012074579832587e-71 pn(zj):   1.0120313944857335e+00
zj:   6.7493347170761255e-67 f(zj):  4.0859457777411290e+179 pn(zj):   1.0072048590776892e+00
zj:   4.6617496507836948e-62 f(zj):  2.7680678908736493e+280 pn(zj):   1.0023969698943831e+00
zj:   1.6039704617400945e-28 f(zj):   2.9073738727508045e-33 pn(zj):   9.9760767051359922e-01
zj:   3.8888591373995739e-33 f(zj):   4.2778391154154838e-33 pn(zj):   9.9283690464212970e-01
zj:   3.5354267798060903e-57 f(zj):  3.2748726900161409e+179 pn(zj):   9.8808461611556575e-01
zj:   1.1829559840055447e-76 f(zj):  6.1799881319255043e-114 pn(zj):   9.8335074889808749e-01
zj:   1.9599935210783821e-62 f(zj):   4.5633524455567166e-72 pn(zj):   9.7863524708225380e-01
zj:   2.4217851745220310e-52 f(zj):   1.8997704192182718e-52 pn(zj):   9.7393805488879270e-01
zj:   3.3798440860872253e-57 f(zj):   1.5192581489732567e-47 pn(zj):   9.6925911666639264e-01
zj:  8.6169163841469099e+183 f(zj):  8.1642195725457918e+204 pn(zj):   9.6459837689149230e-01
zj:   1.9599930497426634e-62 f(zj):   3.5335547848171710e-57 pn(zj):   9.5995578016807259e-01
zj:   7.7075191672282990e-43 f(zj):   3.8590283696662553e-57 pn(zj):   9.5533127122744754e-01
zj:   6.8201720904841948e-38 f(zj):   5.2055642515699811e-90 pn(zj):   9.5072479492805551e-01
zj:  1.2593637404174190e+232 f(zj):  3.5230863936827561e-109 pn(zj):   9.4613629625525131e-01
zj:  6.0513972685449602e-154 f(zj):   2.8963107277681613e-57 pn(zj):   9.4156572032109820e-01
zj:   1.9005780731345605e-52 f(zj):   7.1260395370436389e-67 pn(zj):   9.3701301236415946e-01
zj:   1.2573598158998047e-71 f(zj):   5.2007702002947220e-90 pn(zj):   9.3247811774929146e-01
zj:  1.3160769791187098e-259 f(zj):  8.2012590046514974e+204 pn(zj):   9.2796098196743571e-01
zj:  1.2578393227536401e+232 f(zj):   8.5440039061584201e-72 pn(zj):   9.2346155063541180e-01
zj:  6.0513972685449602e-154 f(zj):   4.0127198308598761e-57 pn(zj):   9.1897976949571070e-01
zj:   1.9192587870874081e-76 f(zj):   4.7607746465673007e-38 pn(zj):   9.1451558441628733e-01
zj:   4.9141574342264967e-62 f(zj):   5.2017327534120018e-90 pn(zj):   9.1006894139035499e-01
zj:  1.3973781872494547e-259 f(zj):  8.2012590046514985e+204 pn(zj):   9.0563978653617794e-01
zj:   5.5993984010708339e-67 f(zj):   8.5528473427588368e-72 pn(zj):   9.0122806609686590e-01
zj:   6.7507891534808127e-67 f(zj):   4.0164683012211565e-57 pn(zj):   8.9683372644016834e-01
zj:  2.7860587776469469e+179 f(zj):  2.6283905451601128e+179 pn(zj):   8.9245671405826799e-01
zj:  2.7680679042659157e+280 f(zj):  1.9701896699140502e-153 pn(zj):   8.8809697556757627e-01
zj:   4.8510683667837804e-86 f(zj):   9.3443355305015071e-67 pn(zj):   8.8375445770852745e-01
zj:   2.1763105071370853e-76 f(zj):   1.0846427941658694e-42 pn(zj):   8.7942910734537383e-01
zj:   9.1666730132681953e-72 f(zj):   1.5858569521504830e-47 pn(zj):   8.7512087146598072e-01
zj:  6.1799881199175020e-114 f(zj):  1.9512347655568931e-153 pn(zj):   8.7082969718162206e-01
zj:   1.5528283712684925e-33 f(zj):   7.2696133438700911e-43 pn(zj):   8.6655553172677613e-01
zj:   2.2125723979852515e-52 f(zj):   9.9583480905985616e-43 pn(zj):   8.6229832245892080e-01
zj:   5.0523343403202324e-38 f(zj):   5.6357094993482755e-38 pn(zj):   8.5805801685833016e-01
zj:  8.1642243567575174e+204 f(zj):   1.6039704617400945e-28 pn(zj):   8.5383456252787071e-01
zj:   1.1992099119843867e-71 f(zj):   2.1081548124134836e-52 pn(zj):   8.4962790719279724e-01
zj:   3.3804736424894279e-57 f(zj):   1.1771400980910819e-47 pn(zj):   8.4543799870055047e-01
zj:   8.3185742696943631e-72 f(zj):   1.2693143674387848e-76 pn(zj):   8.4126478502055280e-01
zj:  3.5230863936825126e-109 f(zj):  6.0136196164698559e-154 pn(zj):   8.3710821424400661e-01
zj:   9.1578287642509068e-72 f(zj):   9.5029123252655019e-43 pn(zj):   8.3296823458369063e-01
zj:   4.7607746465673007e-38 f(zj):   3.8926324866453232e-33 pn(zj):   8.2884479437375802e-01
zj:   5.2017327534120018e-90 f(zj):  8.6023848556504222e+183 pn(zj):   8.2473784206953393e-01
zj:  8.2012590046514985e+204 f(zj):  6.0136181703254192e-154 pn(zj):   8.2064732624731351e-01
zj:   8.5528473427588368e-72 f(zj):   7.1274600579176291e-67 pn(zj):   8.1657319560416020e-01
zj:   4.0164683012211565e-57 f(zj):   1.3987193251893467e-76 pn(zj):   8.1251539895770364e-01
zj:  2.6283905451601128e+179 f(zj):  1.2566370562005427e+232 pn(zj):   8.0847388524593899e-01
zj:  1.9701896699140502e-153 f(zj):  6.0513972685449602e-154 pn(zj):   8.0444860352702530e-01
zj:   9.3443355305015071e-67 f(zj):   6.5205363281195216e-38 pn(zj):   8.0043950297908473e-01
zj:   1.0846427941658694e-42 f(zj):   2.0033595964843436e-52 pn(zj):   7.9644653290000156e-01
zj:   1.5858569521504830e-47 f(zj):  1.3973781874010330e-259 pn(zj):   7.9246964270722198e-01
zj:  1.9512347655568931e-153 f(zj):   3.6696217361257817e-62 pn(zj):   7.8850878193755369e-01
zj:   7.2696133438700911e-43 f(zj):   1.0848186379871090e-42 pn(zj):   7.8456390024696543e-01
zj:   9.9583480905985616e-43 f(zj):  3.7611366066221288e+179 pn(zj):   7.8063494741038764e-01
zj:   5.6357094993482755e-38 f(zj):  2.7680679516539359e+280 pn(zj):   7.7672187332151243e-01
zj:   1.6039704617400945e-28 f(zj):   5.6044695813440024e-67 pn(zj):   7.7282462799259410e-01
zj:   2.1081548124134836e-52 f(zj):   2.5789565955970237e-57 pn(zj):   7.6894316155425002e-01
zj:   1.1771400980910819e-47 f(zj):  3.4394982590286774e+179 pn(zj):   7.6507742425526171e-01
zj:   1.2693143674387848e-76 f(zj):  6.1799881437911730e-114 pn(zj):   7.6122736646237554e-01
zj:  6.0136196164698559e-154 f(zj):   1.5528283712684925e-33 pn(zj):   7.5739293866010460e-01
zj:   9.5029123252655019e-43 f(zj):   6.8247549496658476e-38 pn(zj):   7.5357409145053023e-01
zj:   3.8926324866453232e-33 f(zj):   4.4711608934834014e-33 pn(zj):   7.4977077555310356e-01
zj:  8.6023848556504222e+183 f(zj):  8.1642243567575218e+204 pn(zj):   7.4598294180444746e-01
zj:  6.0136181703254192e-154 f(zj):   4.0792155586854465e-33 pn(zj):   7.4221054115815921e-01
zj:   7.1274600579176291e-67 f(zj):   1.4844102841068729e-76 pn(zj):   7.3845352468461289e-01
zj:   1.3987193251893467e-76 f(zj):   5.2093919174053164e-90 pn(zj):   7.3471184357076158e-01
zj:  1.2566370562005427e+232 f(zj):  3.5230863936828762e-109 pn(zj):   7.3098544911994057e-01
zj:  8.6023606932237340e+183 f(zj):   2.2113519646574493e-52 pn(zj):   7.2727429275167033e-01
zj:   1.9599930497426634e-62 f(zj):   8.1629139863251712e-43 pn(zj):   7.2357832600146010e-01
zj:   5.4012577174684763e-62 f(zj):   1.1301801913191643e-42 pn(zj):   7.1989750052061097e-01
zj:   1.5887437753636587e-47 f(zj):   5.2045979245949725e-90 pn(zj):   7.1623176807601951e-01
zj:  1.2593554491124348e+232 f(zj):  3.5230863936822711e-109 pn(zj):   7.1258108054998259e-01
zj:  6.0513972685449602e-154 f(zj):   1.1755405172444651e-47 pn(zj):   7.0894538994000011e-01
zj:   2.5290400997876242e-52 f(zj):   5.4012911002681223e-62 pn(zj):   7.0532464835858055e-01
zj:   4.0183205447213728e-57 f(zj):   5.2026728336230828e-90 pn(zj):   7.0171880803304509e-01
zj:  1.3973781873628784e-259 f(zj):  8.2012590046503568e+204 pn(zj):   6.9812782130533235e-01
zj:   1.0338421603614537e-47 f(zj):   5.6037451258978190e-67 pn(zj):   6.9455164063180308e-01
zj:   6.1286182503168730e-62 f(zj):   1.9168920947151589e-76 pn(zj):   6.9099021858304610e-01
zj:  2.6264985254055016e+179 f(zj):  2.6245915983863912e+179 pn(zj):   6.8744350784368313e-01
zj:  2.7680679111600561e+280 f(zj):  1.9701896699140502e-153 pn(zj):   6.8391146121217439e-01
zj:   3.6446095567522111e-86 f(zj):   6.3754934026472831e-67 pn(zj):   6.8039403160062450e-01
zj:   1.7237215048981020e-47 f(zj):   6.5251594926283144e-38 pn(zj):   6.7689117203458893e-01
zj:   6.1267339881954941e-62 f(zj):   8.2260271928420507e-67 pn(zj):   6.7340283565287939e-01
zj:  6.1799881198229563e-114 f(zj):  1.9512347655568931e-153 pn(zj):   6.6992897570737142e-01
zj:   3.6154602916643315e-43 f(zj):   9.1688576260263951e-72 pn(zj):   6.6646954556280968e-01
zj:   3.5059565588125542e-33 f(zj):   0.0000000000000000e+00 pn(zj):   6.6302449869661606e-01
zj:   3.9418111813741660e-62 f(zj):  6.3043270474988900e-319 pn(zj):   6.5959378869869600e-01
zj:  8.1642243567575207e+204 f(zj):   0.0000000000000000e+00 pn(zj):   6.5617736927124626e-01
zj:   2.6289602989659770e-52 f(zj):   0.0000000000000000e+00 pn(zj):   6.5277519422856178e-01
zj:   1.1301801913191643e-42 f(zj):   0.0000000000000000e+00 pn(zj):   6.4938721749684403e-01
zj:   5.2045979245949725e-90 f(zj):   0.0000000000000000e+00 pn(zj):   6.4601339311400885e-01
zj:  3.5230863936822711e-109 f(zj):   0.0000000000000000e+00 pn(zj):   6.4265367522949424e-01
zj:   1.1755405172444651e-47 f(zj):   0.0000000000000000e+00 pn(zj):   6.3930801810406868e-01
zj:   5.4012911002681223e-62 f(zj):   0.0000000000000000e+00 pn(zj):   6.3597637610964020e-01
zj:   5.2026728336230828e-90 f(zj):   0.0000000000000000e+00 pn(zj):   6.3265870372906463e-01
zj:  8.2012590046503568e+204 f(zj):   0.0000000000000000e+00 pn(zj):   6.2935495555595466e-01
zj:   5.6037451258978190e-67 f(zj):   0.0000000000000000e+00 pn(zj):   6.2606508629448920e-01
zj:   1.9168920947151589e-76 f(zj):   0.0000000000000000e+00 pn(zj):   6.2278905075922253e-01
zj:  2.6245915983863912e+179 f(zj):   0.0000000000000000e+00 pn(zj):   6.1952680387489412e-01
zj:  1.9701896699140502e-153 f(zj):   0.0000000000000000e+00 pn(zj):   6.1627830067623801e-01
zj:   6.3754934026472831e-67 f(zj):   0.0000000000000000e+00 pn(zj):   6.1304349630779364e-01
zj:   6.5251594926283144e-38 f(zj):   0.0000000000000000e+00 pn(zj):   6.0982234602371488e-01
zj:   8.2260271928420507e-67 f(zj):   0.0000000000000000e+00 pn(zj):   6.0661480518758149e-01
zj:  1.9512347655568931e-153 f(zj):   0.0000000000000000e+00 pn(zj):   6.0342082927220919e-01
zj:   9.1688576260263951e-72 f(zj):   0.0000000000000000e+00 pn(zj):   6.0024037385946083e-01
zj:   0.0000000000000000e+00 f(zj):   0.0000000000000000e+00 pn(zj):   5.9707339464005704e-01
zj:  6.3043270474988900e-319 f(zj):   0.0000000000000000e+00 pn(zj):   5.9391984741338755e-01
zj:   0.0000000000000000e+00 f(zj):   0.0000000000000000e+00 pn(zj):   5.9077968808732340e-01
zj:   0.0000000000000000e+00 f(zj):   0.0000000000000000e+00 pn(zj):   5.8765287267802735e-01
zj:   0.0000000000000000e+00 f(zj):   0.0000000000000000e+00 pn(zj):   5.8453935730976658e-01
zj:   0.0000000000000000e+00 f(zj):   0.0000000000000000e+00 pn(zj):   5.8143909821472461e-01
zj:   0.0000000000000000e+00 f(zj):   0.0000000000000000e+00 pn(zj):   5.7835205173281368e-01
zj:   0.0000000000000000e+00 f(zj):   0.0000000000000000e+00 pn(zj):   5.7527817431148709e-01
zj:   0.0000000000000000e+00 f(zj):   0.0000000000000000e+00 pn(zj):   5.7221742250555141e-01
zj:   0.0000000000000000e+00 f(zj):   0.0000000000000000e+00 pn(zj):   5.6916975297698080e-01
zj:   0.0000000000000000e+00 f(zj):   0.0000000000000000e+00 pn(zj):   5.6613512249472853e-01
zj:   0.0000000000000000e+00 f(zj):   0.0000000000000000e+00 pn(zj):   5.6311348793454097e-01
zj:   0.0000000000000000e+00 f(zj):   0.0000000000000000e+00 pn(zj):   5.6010480627877168e-01
zj:   0.0000000000000000e+00 f(zj):   0.0000000000000000e+00 pn(zj):   5.5710903461619399e-01
zj:   0.0000000000000000e+00 f(zj):   0.0000000000000000e+00 pn(zj):   5.5412613014181589e-01
zj:   0.0000000000000000e+00 f(zj):   0.0000000000000000e+00 pn(zj):   5.5115605015669378e-01
zj:   0.0000000000000000e+00 f(zj):   0.0000000000000000e+00 pn(zj):   5.4819875206774671e-01
zj:   0.0000000000000000e+00 f(zj):   0.0000000000000000e+00 pn(zj):   5.4525419338757108e-01
zj:   0.0000000000000000e+00 f(zj):   0.0000000000000000e+00 pn(zj):   5.4232233173425559e-01
zj:   0.0000000000000000e+00 f(zj):   0.0000000000000000e+00 pn(zj):   5.3940312483119601e-01
zj:   0.0000000000000000e+00 f(zj):   0.0000000000000000e+00 pn(zj):   5.3649653050691004e-01
zj:   0.0000000000000000e+00 f(zj):   0.0000000000000000e+00 pn(zj):   5.3360250669485310e-01
zj:   0.0000000000000000e+00 f(zj):   0.0000000000000000e+00 pn(zj):   5.3072101143323414e-01
zj:   0.0000000000000000e+00 f(zj):   0.0000000000000000e+00 pn(zj):   5.2785200286483058e-01
zj:   0.0000000000000000e+00 f(zj):   0.0000000000000000e+00 pn(zj):   5.2499543923680525e-01
zj:   0.0000000000000000e+00 f(zj):   0.0000000000000000e+00 pn(zj):   5.2215127890052182e-01
zj:   0.0000000000000000e+00 f(zj):   0.0000000000000000e+00 pn(zj):   5.1931948031136210e-01
zj:   0.0000000000000000e+00 f(zj):   0.0000000000000000e+00 pn(zj):   5.1650000202854107e-01
zj:   0.0000000000000000e+00 f(zj):   0.0000000000000000e+00 pn(zj):   5.1369280271492546e-01
zj:   0.0000000000000000e+00 f(zj):   0.0000000000000000e+00 pn(zj):   5.1089784113684988e-01
zj:   0.0000000000000000e+00 f(zj):   0.0000000000000000e+00 pn(zj):   5.0811507616393392e-01
zj:   0.0000000000000000e+00 f(zj):   0.0000000000000000e+00 pn(zj):   5.0534446676890021e-01
zj:   0.0000000000000000e+00 f(zj):   0.0000000000000000e+00 pn(zj):   5.0258597202739108e-01
zj:   0.0000000000000000e+00 f(zj):   0.0000000000000000e+00 pn(zj):   4.9983955111778711e-01
zj:   0.0000000000000000e+00 f(zj):   0.0000000000000000e+00 pn(zj):   4.9710516332102550e-01
zj:   0.0000000000000000e+00 f(zj):   0.0000000000000000e+00 pn(zj):   4.9438276802041725e-01
zj:   0.0000000000000000e+00 f(zj):   0.0000000000000000e+00 pn(zj):   4.9167232470146627e-01
zj:   0.0000000000000000e+00 f(zj):   0.0000000000000000e+00 pn(zj):   4.8897379295168797e-01
zj:   0.0000000000000000e+00 f(zj):   0.0000000000000000e+00 pn(zj):   4.8628713246042810e-01
zj:   0.0000000000000000e+00 f(zj):   0.0000000000000000e+00 pn(zj):   4.8361230301868174e-01
zj:   0.0000000000000000e+00 f(zj):   0.0000000000000000e+00 pn(zj):   4.8094926451891240e-01
zj:   0.0000000000000000e+00 f(zj):   0.0000000000000000e+00 pn(zj):   4.7829797695487186e-01
zj:   0.0000000000000000e+00 f(zj):   0.0000000000000000e+00 pn(zj):   4.7565840042141938e-01
zj:   0.0000000000000000e+00 f(zj):   0.0000000000000000e+00 pn(zj):   4.7303049511434236e-01
zj:   0.0000000000000000e+00 f(zj):   0.0000000000000000e+00 pn(zj):   4.7041422133017474e-01
zj:   0.0000000000000000e+00 f(zj):   0.0000000000000000e+00 pn(zj):   4.6780953946601955e-01
zj:   0.0000000000000000e+00 f(zj):   0.0000000000000000e+00 pn(zj):   4.6521641001936753e-01
zj:   0.0000000000000000e+00 f(zj):   0.0000000000000000e+00 pn(zj):   4.6263479358791859e-01
zj:   0.0000000000000000e+00 f(zj):   0.0000000000000000e+00 pn(zj):   4.6006465086940262e-01
zj:   0.0000000000000000e+00 f(zj):   0.0000000000000000e+00 pn(zj):   4.5750594266140054e-01
zj:   0.0000000000000000e+00 f(zj):   0.0000000000000000e+00 pn(zj):   4.5495862986116564e-01
zj:   0.0000000000000000e+00 f(zj):   0.0000000000000000e+00 pn(zj):   4.5242267346544474e-01
zj:   0.0000000000000000e+00 f(zj):   0.0000000000000000e+00 pn(zj):   4.4989803457030020e-01
zj:   0.0000000000000000e+00 f(zj):   0.0000000000000000e+00 pn(zj):   4.4738467437093188e-01
zj:   0.0000000000000000e+00 f(zj):   0.0000000000000000e+00 pn(zj):   4.4488255416149902e-01
zj:   0.0000000000000000e+00 f(zj):   0.0000000000000000e+00 pn(zj):   4.4239163533494241e-01
zj:   0.0000000000000000e+00 f(zj):   0.0000000000000000e+00 pn(zj):   4.3991187938280696e-01
zj:   0.0000000000000000e+00 f(zj):   0.0000000000000000e+00 pn(zj):   4.3744324789506506e-01
zj:   0.0000000000000000e+00 f(zj):   0.0000000000000000e+00 pn(zj):   4.3498570255993829e-01
zj:   0.0000000000000000e+00 f(zj):   0.0000000000000000e+00 pn(zj):   4.3253920516372135e-01
zj:   0.0000000000000000e+00 f(zj):   0.0000000000000000e+00 pn(zj):   4.3010371759060495e-01
zj:   0.0000000000000000e+00 f(zj):   0.0000000000000000e+00 pn(zj):   4.2767920182249985e-01
zj:   0.0000000000000000e+00 f(zj):   0.0000000000000000e+00 pn(zj):   4.2526561993885992e-01
zj:   0.0000000000000000e+00 f(zj):   0.0000000000000000e+00 pn(zj):   4.2286293411650633e-01
zj:   0.0000000000000000e+00 f(zj):   0.0000000000000000e+00 pn(zj):   4.2047110662945142e-01
zj:   0.0000000000000000e+00 f(zj):   0.0000000000000000e+00 pn(zj):   4.1809009984872381e-01
zj:   0.0000000000000000e+00 f(zj):   0.0000000000000000e+00 pn(zj):   4.1571987624219164e-01
zj:   0.0000000000000000e+00 f(zj):   0.0000000000000000e+00 pn(zj):   4.1336039837438820e-01
zj:   0.0000000000000000e+00 f(zj):   0.0000000000000000e+00 pn(zj):   4.1101162890633636e-01
zj:   0.0000000000000000e+00 f(zj):   0.0000000000000000e+00 pn(zj):   4.0867353059537448e-01
zj:   0.0000000000000000e+00 f(zj):   0.0000000000000000e+00 pn(zj):   4.0634606629498005e-01
zj:   0.0000000000000000e+00 f(zj):   0.0000000000000000e+00 pn(zj):   4.0402919895459732e-01
zj:   0.0000000000000000e+00 f(zj):   0.0000000000000000e+00 pn(zj):   4.0172289161946095e-01
zj:   0.0000000000000000e+00 f(zj):   0.0000000000000000e+00 pn(zj):   3.9942710743042353e-01
zj:   0.0000000000000000e+00 f(zj):   0.0000000000000000e+00 pn(zj):   3.9714180962378065e-01
zj:   0.0000000000000000e+00 f(zj):   0.0000000000000000e+00 pn(zj):   3.9486696153109790e-01
zj:   0.0000000000000000e+00 f(zj):   0.0000000000000000e+00 pn(zj):   3.9260252657903649e-01
zj:   0.0000000000000000e+00 f(zj):   0.0000000000000000e+00 pn(zj):   3.9034846828918102e-01
zj:   0.0000000000000000e+00 f(zj):   0.0000000000000000e+00 pn(zj):   3.8810475027786551e-01
zj:   0.0000000000000000e+00 f(zj):   0.0000000000000000e+00 pn(zj):   3.8587133625600090e-01
zj:   0.0000000000000000e+00 f(zj):   0.0000000000000000e+00 pn(zj):   3.8364819002890227e-01
zj:   0.0000000000000000e+00 f(zj):   0.0000000000000000e+00 pn(zj):   3.8143527549611644e-01
zj:   0.0000000000000000e+00 f(zj):   0.0000000000000000e+00 pn(zj):   3.7923255665124944e-01
zj:   0.0000000000000000e+00 f(zj):   0.0000000000000000e+00 pn(zj):   3.7703999758179430e-01
zj:   0.0000000000000000e+00 f(zj):   0.0000000000000000e+00 pn(zj):   3.7485756246895974e-01
zj:   0.0000000000000000e+00 f(zj):   0.0000000000000000e+00 pn(zj):   3.7268521558749779e-01
zj:   0.0000000000000000e+00 f(zj):   0.0000000000000000e+00 pn(zj):   3.7052292130553255e-01
zj:   0.0000000000000000e+00 f(zj):   0.0000000000000000e+00 pn(zj):   3.6837064408438891e-01
zj:   0.0000000000000000e+00 f(zj):   0.0000000000000000e+00 pn(zj):   3.6622834847842134e-01
zj:   0.0000000000000000e+00 f(zj):   0.0000000000000000e+00 pn(zj):   3.6409599913484314e-01
zj:   0.0000000000000000e+00 f(zj):   0.0000000000000000e+00 pn(zj):   3.6197356079355547e-01
zj:   0.0000000000000000e+00 f(zj):   0.0000000000000000e+00 pn(zj):   3.5986099828697682e-01
zj:   0.0000000000000000e+00 f(zj):   0.0000000000000000e+00 pn(zj):   3.5775827653987291e-01
zj:   0.0000000000000000e+00 f(zj):   0.0000000000000000e+00 pn(zj):   3.5566536056918652e-01
zj:   0.0000000000000000e+00 f(zj):   0.0000000000000000e+00 pn(zj):   3.5358221548386737e-01
zj:   0.0000000000000000e+00 f(zj):   0.0000000000000000e+00 pn(zj):   3.5150880648470262e-01
zj:   0.0000000000000000e+00 f(zj):   0.0000000000000000e+00 pn(zj):   3.4944509886414687e-01
zj:   0.0000000000000000e+00 f(zj):   0.0000000000000000e+00 pn(zj):   3.4739105800615355e-01
zj:   0.0000000000000000e+00 f(zj):   0.0000000000000000e+00 pn(zj):   3.4534664938600523e-01
zj:   0.0000000000000000e+00 f(zj):   0.0000000000000000e+00 pn(zj):   3.4331183857014447e-01
zj:   0.0000000000000000e+00 f(zj):   0.0000000000000000e+00 pn(zj):   3.4128659121600591e-01
zj:   0.0000000000000000e+00 f(zj):   0.0000000000000000e+00 pn(zj):   3.3927087307184700e-01
zj:   0.0000000000000000e+00 f(zj):   0.0000000000000000e+00 pn(zj):   3.3726464997657968e-01
zj:   0.0000000000000000e+00 f(zj):   0.0000000000000000e+00 pn(zj):   3.3526788785960260e-01
zj:   0.0000000000000000e+00 f(zj):   0.0000000000000000e+00 pn(zj):   3.3328055274063295e-01
zj:   0.0000000000000000e+00 f(zj):   0.0000000000000000e+00 pn(zj):   3.3130261072953837e-01
zj:   0.0000000000000000e+00 f(zj):   0.0000000000000000e+00 pn(zj):   3.2933402802617018e-01
zj:   0.0000000000000000e+00 f(zj):   0.0000000000000000e+00 pn(zj):   3.2737477092019496e-01
zj:   0.0000000000000000e+00 f(zj):   0.0000000000000000e+00 pn(zj):   3.2542480579092814e-01
zj:   0.0000000000000000e+00 f(zj):   0.0000000000000000e+00 pn(zj):   3.2348409910716702e-01
zj:   0.0000000000000000e+00 f(zj):   0.0000000000000000e+00 pn(zj):   3.2155261742702324e-01
zj:   0.0000000000000000e+00 f(zj):   0.0000000000000000e+00 pn(zj):   3.1963032739775710e-01
zj:   0.0000000000000000e+00 f(zj):   0.0000000000000000e+00 pn(zj):   3.1771719575561042e-01
zj:   0.0000000000000000e+00 f(zj):   0.0000000000000000e+00 pn(zj):   3.1581318932564073e-01
zj:   0.0000000000000000e+00 f(zj):   0.0000000000000000e+00 pn(zj):   3.1391827502155545e-01
zj:   0.0000000000000000e+00 f(zj):   0.0000000000000000e+00 pn(zj):   3.1203241984554542e-01
zj:   0.0000000000000000e+00 f(zj):   0.0000000000000000e+00 pn(zj):   3.1015559088811973e-01
zj:   0.0000000000000000e+00 f(zj):   0.0000000000000000e+00 pn(zj):   3.0828775532794039e-01
zj:   0.0000000000000000e+00 f(zj):   0.0000000000000000e+00 pn(zj):   3.0642888043165672e-01
zj:   0.0000000000000000e+00 f(zj):   0.0000000000000000e+00 pn(zj):   3.0457893355374077e-01
zj:   0.0000000000000000e+00 f(zj):   0.0000000000000000e+00 pn(zj):   3.0273788213632191e-01
zj:   0.0000000000000000e+00 f(zj):   0.0000000000000000e+00 pn(zj):   3.0090569370902265e-01
zj:   0.0000000000000000e+00 f(zj):   0.0000000000000000e+00 pn(zj):   2.9908233588879429e-01
zj:   0.0000000000000000e+00 f(zj):   0.0000000000000000e+00 pn(zj):   2.9726777637975188e-01
zj:   0.0000000000000000e+00 f(zj):   0.0000000000000000e+00 pn(zj):   2.9546198297301096e-01
zj:   0.0000000000000000e+00 f(zj):   0.0000000000000000e+00 pn(zj):   2.9366492354652340e-01
zj:   0.0000000000000000e+00 f(zj):   0.0000000000000000e+00 pn(zj):   2.9187656606491375e-01
zj:   0.0000000000000000e+00 f(zj):   0.0000000000000000e+00 pn(zj):   2.9009687857931576e-01
zj:   0.0000000000000000e+00 f(zj):   0.0000000000000000e+00 pn(zj):   2.8832582922720873e-01
zj:   0.0000000000000000e+00 f(zj):   0.0000000000000000e+00 pn(zj):   2.8656338623225519e-01
zj:   0.0000000000000000e+00 f(zj):   0.0000000000000000e+00 pn(zj):   2.8480951790413733e-01
zj:   0.0000000000000000e+00 f(zj):   0.0000000000000000e+00 pn(zj):   2.8306419263839444e-01
zj:   0.0000000000000000e+00 f(zj):   0.0000000000000000e+00 pn(zj):   2.8132737891626058e-01
zj:   0.0000000000000000e+00 f(zj):   0.0000000000000000e+00 pn(zj):   2.7959904530450197e-01
zj:   0.0000000000000000e+00 f(zj):   0.0000000000000000e+00 pn(zj):   2.7787916045525540e-01
zj:   0.0000000000000000e+00 f(zj):   0.0000000000000000e+00 pn(zj):   2.7616769310586542e-01
zj:   0.0000000000000000e+00 f(zj):   0.0000000000000000e+00 pn(zj):   2.7446461207872330e-01
zj:   0.0000000000000000e+00 f(zj):   0.0000000000000000e+00 pn(zj):   2.7276988628110521e-01
zj:   0.0000000000000000e+00 f(zj):   0.0000000000000000e+00 pn(zj):   2.7108348470501131e-01
zj:   0.0000000000000000e+00 f(zj):   0.0000000000000000e+00 pn(zj):   2.6940537642700357e-01
zj:   0.0000000000000000e+00 f(zj):   0.0000000000000000e+00 pn(zj):   2.6773553060804567e-01
zj:   0.0000000000000000e+00 f(zj):   0.0000000000000000e+00 pn(zj):   2.6607391649334189e-01
zj:   0.0000000000000000e+00 f(zj):   0.0000000000000000e+00 pn(zj):   2.6442050341217704e-01
zj:   0.0000000000000000e+00 f(zj):   0.0000000000000000e+00 pn(zj):   2.6277526077775470e-01
zj:   0.0000000000000000e+00 f(zj):   0.0000000000000000e+00 pn(zj):   2.6113815808703877e-01
zj:   0.0000000000000000e+00 f(zj):   0.0000000000000000e+00 pn(zj):   2.5950916492059184e-01
zj:   0.0000000000000000e+00 f(zj):   0.0000000000000000e+00 pn(zj):   2.5788825094241707e-01
zj:   0.0000000000000000e+00 f(zj):   0.0000000000000000e+00 pn(zj):   2.5627538589979659e-01
zj:   0.0000000000000000e+00 f(zj):   0.0000000000000000e+00 pn(zj):   2.5467053962313368e-01
zj:   0.0000000000000000e+00 f(zj):   0.0000000000000000e+00 pn(zj):   2.5307368202579272e-01
zj:   0.0000000000000000e+00 f(zj):   0.0000000000000000e+00 pn(zj):   2.5148478310394062e-01
zj:   0.0000000000000000e+00 f(zj):   0.0000000000000000e+00 pn(zj):   2.4990381293638719e-01
zj:   0.0000000000000000e+00 f(zj):   0.0000000000000000e+00 pn(zj):   2.4833074168442715e-01
zj:   0.0000000000000000e+00 f(zj):   0.0000000000000000e+00 pn(zj):   2.4676553959168146e-01
zj:   0.0000000000000000e+00 f(zj):   0.0000000000000000e+00 pn(zj):   2.4520817698393882e-01
zj:   0.0000000000000000e+00 f(zj):   0.0000000000000000e+00 pn(zj):   2.4365862426899798e-01
zj:   0.0000000000000000e+00 f(zj):   0.0000000000000000e+00 pn(zj):   2.4211685193650945e-01
zj:   0.0000000000000000e+00 f(zj):   0.0000000000000000e+00 pn(zj):   2.4058283055781793e-01
zj:   0.0000000000000000e+00 f(zj):   0.0000000000000000e+00 pn(zj):   2.3905653078580469e-01
zj:   0.0000000000000000e+00 f(zj):   0.0000000000000000e+00 pn(zj):   2.3753792335473034e-01
zj:   0.0000000000000000e+00 f(zj):   0.0000000000000000e+00 pn(zj):   2.3602697908007753e-01
zj:   0.0000000000000000e+00 f(zj):   0.0000000000000000e+00 pn(zj):   2.3452366885839437e-01
zj:   0.0000000000000000e+00 f(zj):   0.0000000000000000e+00 pn(zj):   2.3302796366713674e-01
zj:   0.0000000000000000e+00 f(zj):   0.0000000000000000e+00 pn(zj):   2.3153983456451332e-01
zj:   0.0000000000000000e+00 f(zj):   0.0000000000000000e+00 pn(zj):   2.3005925268932725e-01
zj:   0.0000000000000000e+00 f(zj):   0.0000000000000000e+00 pn(zj):   2.2858618926082153e-01
zj:   0.0000000000000000e+00 f(zj):   0.0000000000000000e+00 pn(zj):   2.2712061557852181e-01
zj:   0.0000000000000000e+00 f(zj):   0.0000000000000000e+00 pn(zj):   2.2566250302208168e-01
zj:   0.0000000000000000e+00 f(zj):   0.0000000000000000e+00 pn(zj):   2.2421182305112608e-01
zj:   0.0000000000000000e+00 f(zj):   0.0000000000000000e+00 pn(zj):   2.2276854720509653e-01
zj:   0.0000000000000000e+00 f(zj):   0.0000000000000000e+00 pn(zj):   2.2133264710309519e-01
zj:   0.0000000000000000e+00 f(zj):   0.0000000000000000e+00 pn(zj):   2.1990409444373060e-01
zj:   0.0000000000000000e+00 f(zj):   0.0000000000000000e+00 pn(zj):   2.1848286100496228e-01
zj:   0.0000000000000000e+00 f(zj):   0.0000000000000000e+00 pn(zj):   2.1706891864394584e-01
zj:   0.0000000000000000e+00 f(zj):   0.0000000000000000e+00 pn(zj):   2.1566223929687944e-01
zj:   0.0000000000000000e+00 f(zj):   0.0000000000000000e+00 pn(zj):   2.1426279497884781e-01
zj:   0.0000000000000000e+00 f(zj):   0.0000000000000000e+00 pn(zj):   2.1287055778367037e-01
zj:   0.0000000000000000e+00 f(zj):   0.0000000000000000e+00 pn(zj):   2.1148549988374499e-01
zj:   0.0000000000000000e+00 f(zj):   0.0000000000000000e+00 pn(zj):   2.1010759352989583e-01
zj:   0.0000000000000000e+00 f(zj):   0.0000000000000000e+00 pn(zj):   2.0873681105121922e-01
zj:   0.0000000000000000e+00 f(zj):   0.0000000000000000e+00 pn(zj):   2.0737312485493031e-01
zj:   0.0000000000000000e+00 f(zj):   0.0000000000000000e+00 pn(zj):   2.0601650742620969e-01
zj:   0.0000000000000000e+00 f(zj):   0.0000000000000000e+00 pn(zj):   2.0466693132805103e-01
zj:   0.0000000000000000e+00 f(zj):   0.0000000000000000e+00 pn(zj):   2.0332436920110708e-01
zj:   0.0000000000000000e+00 f(zj):   0.0000000000000000e+00 pn(zj):   2.0198879376353884e-01
zj:   0.0000000000000000e+00 f(zj):   0.0000000000000000e+00 pn(zj):   2.0066017781086110e-01
zj:   0.0000000000000000e+00 f(zj):   0.0000000000000000e+00 pn(zj):   1.9933849421579175e-01
zj:   0.0000000000000000e+00 f(zj):   0.0000000000000000e+00 pn(zj):   1.9802371592809909e-01
zj:   0.0000000000000000e+00 f(zj):   0.0000000000000000e+00 pn(zj):   1.9671581597445009e-01
zj:   0.0000000000000000e+00 f(zj):   0.0000000000000000e+00 pn(zj):   1.9541476745825825e-01
zj:   0.0000000000000000e+00 f(zj):   0.0000000000000000e+00 pn(zj):   1.9412054355953268e-01
zj:   0.0000000000000000e+00 f(zj):   0.0000000000000000e+00 pn(zj):   1.9283311753472687e-01
zj:   0.0000000000000000e+00 f(zj):   0.0000000000000000e+00 pn(zj):   1.9155246271658699e-01
zj:   0.0000000000000000e+00 f(zj):   0.0000000000000000e+00 pn(zj):   1.9027855251400116e-01
zj:   0.0000000000000000e+00 f(zj):   0.0000000000000000e+00 pn(zj):   1.8901136041184896e-01
zj:   0.0000000000000000e+00 f(zj):   0.0000000000000000e+00 pn(zj):   1.8775085997085061e-01
zj:   0.0000000000000000e+00 f(zj):   0.0000000000000000e+00 pn(zj):   1.8649702482741670e-01
zj:   0.0000000000000000e+00 f(zj):   0.0000000000000000e+00 pn(zj):   1.8524982869349815e-01
zj:   0.0000000000000000e+00 f(zj):   0.0000000000000000e+00 pn(zj):   1.8400924535643548e-01
zj:   0.0000000000000000e+00 f(zj):   0.0000000000000000e+00 pn(zj):   1.8277524867881001e-01
zj:   0.0000000000000000e+00 f(zj):   0.0000000000000000e+00 pn(zj):   1.8154781259829345e-01
zj:   0.0000000000000000e+00 f(zj):   0.0000000000000000e+00 pn(zj):   1.8032691112749888e-01
zj:   0.0000000000000000e+00 f(zj):   0.0000000000000000e+00 pn(zj):   1.7911251835383113e-01
zj:   0.0000000000000000e+00 f(zj):   0.0000000000000000e+00 pn(zj):   1.7790460843933831e-01
zj:   0.0000000000000000e+00 f(zj):   0.0000000000000000e+00 pn(zj):   1.7670315562056194e-01
zj:   0.0000000000000000e+00 f(zj):   0.0000000000000000e+00 pn(zj):   1.7550813420838929e-01
zj:   0.0000000000000000e+00 f(zj):   0.0000000000000000e+00 pn(zj):   1.7431951858790407e-01
zj:   0.0000000000000000e+00 f(zj):   0.0000000000000000e+00 pn(zj):   1.7313728321823862e-01
zj:   0.0000000000000000e+00 f(zj):   0.0000000000000000e+00 pn(zj):   1.7196140263242510e-01
zj:   0.0000000000000000e+00 f(zj):   0.0000000000000000e+00 pn(zj):   1.7079185143724862e-01
zj:   0.0000000000000000e+00 f(zj):   0.0000000000000000e+00 pn(zj):   1.6962860431309801e-01
zj:   0.0000000000000000e+00 f(zj):   0.0000000000000000e+00 pn(zj):   1.6847163601381954e-01
zj:   0.0000000000000000e+00 f(zj):   0.0000000000000000e+00 pn(zj):   1.6732092136656884e-01
zj:   0.0000000000000000e+00 f(zj):   0.0000000000000000e+00 pn(zj):   1.6617643527166359e-01
zj:   0.0000000000000000e+00 f(zj):   0.0000000000000000e+00 pn(zj):   1.6503815270243694e-01
zj:   0.0000000000000000e+00 f(zj):   0.0000000000000000e+00 pn(zj):   1.6390604870509018e-01
zj:   0.0000000000000000e+00 f(zj):   0.0000000000000000e+00 pn(zj):   1.6278009839854612e-01
zj:   0.0000000000000000e+00 f(zj):   0.0000000000000000e+00 pn(zj):   1.6166027697430285e-01
zj:   0.0000000000000000e+00 f(zj):   0.0000000000000000e+00 pn(zj):   1.6054655969628762e-01
zj:   0.0000000000000000e+00 f(zj):   0.0000000000000000e+00 pn(zj):   1.5943892190070996e-01
zj:   0.0000000000000000e+00 f(zj):   0.0000000000000000e+00 pn(zj):   1.5833733899591607e-01
zj:   0.0000000000000000e+00 f(zj):   0.0000000000000000e+00 pn(zj):   1.5724178646224363e-01
zj:   0.0000000000000000e+00 f(zj):   0.0000000000000000e+00 pn(zj):   1.5615223985187565e-01
zj:   0.0000000000000000e+00 f(zj):   0.0000000000000000e+00 pn(zj):   1.5506867478869490e-01
zj:   0.0000000000000000e+00 f(zj):   0.0000000000000000e+00 pn(zj):   1.5399106696813880e-01
zj:   0.0000000000000000e+00 f(zj):   0.0000000000000000e+00 pn(zj):   1.5291939215705541e-01
zj:   0.0000000000000000e+00 f(zj):   0.0000000000000000e+00 pn(zj):   1.5185362619355669e-01
zj:   0.0000000000000000e+00 f(zj):   0.0000000000000000e+00 pn(zj):   1.5079374498687592e-01
zj:   0.0000000000000000e+00 f(zj):   0.0000000000000000e+00 pn(zj):   1.4973972451722106e-01
zj:   0.0000000000000000e+00 f(zj):   0.0000000000000000e+00 pn(zj):   1.4869154083563274e-01
zj:   0.0000000000000000e+00 f(zj):   0.0000000000000000e+00 pn(zj):   1.4764917006383793e-01
zj:   0.0000000000000000e+00 f(zj):   0.0000000000000000e+00 pn(zj):   1.4661258839410796e-01
zj:   0.0000000000000000e+00 f(zj):   0.0000000000000000e+00 pn(zj):   1.4558177208911327e-01
zj:   0.0000000000000000e+00 f(zj):   0.0000000000000000e+00 pn(zj):   1.4455669748178068e-01
zj:   0.0000000000000000e+00 f(zj):   0.0000000000000000e+00 pn(zj):   1.4353734097514970e-01
zj:   0.0000000000000000e+00 f(zj):   0.0000000000000000e+00 pn(zj):   1.4252367904222940e-01
zj:   0.0000000000000000e+00 f(zj):   0.0000000000000000e+00 pn(zj):   1.4151568822585547e-01
zj:   0.0000000000000000e+00 f(zj):   0.0000000000000000e+00 pn(zj):   1.4051334513854730e-01
zj:   0.0000000000000000e+00 f(zj):   0.0000000000000000e+00 pn(zj):   1.3951662646236507e-01
zj:   0.0000000000000000e+00 f(zj):   0.0000000000000000e+00 pn(zj):   1.3852550894876792e-01
zj:   0.0000000000000000e+00 f(zj):   0.0000000000000000e+00 pn(zj):   1.3753996941847080e-01
zj:   0.0000000000000000e+00 f(zj):   0.0000000000000000e+00 pn(zj):   1.3655998476130315e-01
zj:   0.0000000000000000e+00 f(zj):   0.0000000000000000e+00 pn(zj):   1.3558553193606659e-01
zj:   0.0000000000000000e+00 f(zj):   0.0000000000000000e+00 pn(zj):   1.3461658797039300e-01
zj:   0.0000000000000000e+00 f(zj):   0.0000000000000000e+00 pn(zj):   1.3365312996060319e-01
zj:   0.0000000000000000e+00 f(zj):   0.0000000000000000e+00 pn(zj):   1.3269513507156572e-01
zj:   0.0000000000000000e+00 f(zj):   0.0000000000000000e+00 pn(zj):   1.3174258053655530e-01
zj:   0.0000000000000000e+00 f(zj):   0.0000000000000000e+00 pn(zj):   1.3079544365711160e-01
zj:   0.0000000000000000e+00 f(zj):   0.0000000000000000e+00 pn(zj):   1.2985370180289957e-01
zj:   0.0000000000000000e+00 f(zj):   0.0000000000000000e+00 pn(zj):   1.2891733241156678e-01
zj:   0.0000000000000000e+00 f(zj):   0.0000000000000000e+00 pn(zj):   1.2798631298860486e-01
zj:   0.0000000000000000e+00 f(zj):   0.0000000000000000e+00 pn(zj):   1.2706062110720795e-01
zj:   0.0000000000000000e+00 f(zj):   0.0000000000000000e+00 pn(zj):   1.2614023440813349e-01
zj:   0.0000000000000000e+00 f(zj):   0.0000000000000000e+00 pn(zj):   1.2522513059956142e-01
zj:   0.0000000000000000e+00 f(zj):   0.0000000000000000e+00 pn(zj):   1.2431528745695475e-01
zj:   0.0000000000000000e+00 f(zj):   0.0000000000000000e+00 pn(zj):   1.2341068282292023e-01
zj:   0.0000000000000000e+00 f(zj):   0.0000000000000000e+00 pn(zj):   1.2251129460706878e-01
zj:   0.0000000000000000e+00 f(zj):   0.0000000000000000e+00 pn(zj):   1.2161710078587606e-01
zj:   0.0000000000000000e+00 f(zj):   0.0000000000000000e+00 pn(zj):   1.2072807940254360e-01
zj:   0.0000000000000000e+00 f(zj):   0.0000000000000000e+00 pn(zj):   1.1984420856685973e-01
zj:   0.0000000000000000e+00 f(zj):   0.0000000000000000e+00 pn(zj):   1.1896546645506145e-01
zj:   0.0000000000000000e+00 f(zj):   0.0000000000000000e+00 pn(zj):   1.1809183130969514e-01
zj:   0.0000000000000000e+00 f(zj):   0.0000000000000000e+00 pn(zj):   1.1722328143947891e-01
zj:   0.0000000000000000e+00 f(zj):   0.0000000000000000e+00 pn(zj):   1.1635979521916406e-01
zj:   0.0000000000000000e+00 f(zj):   0.0000000000000000e+00 pn(zj):   1.1550135108939708e-01
zj:   0.0000000000000000e+00 f(zj):   0.0000000000000000e+00 pn(zj):   1.1464792755658226e-01
zj:   0.0000000000000000e+00 f(zj):   0.0000000000000000e+00 pn(zj):   1.1379950319274346e-01
zj:   0.0000000000000000e+00 f(zj):   0.0000000000000000e+00 pn(zj):   1.1295605663538733e-01
zj:   0.0000000000000000e+00 f(zj):   0.0000000000000000e+00 pn(zj):   1.1211756658736527e-01
zj:   0.0000000000000000e+00 f(zj):   0.0000000000000000e+00 pn(zj):   1.1128401181673753e-01
zj:   0.0000000000000000e+00 f(zj):   0.0000000000000000e+00 pn(zj):   1.1045537115663451e-01
zj:   0.0000000000000000e+00 f(zj):   0.0000000000000000e+00 pn(zj):   1.0963162350512212e-01
zj:   0.0000000000000000e+00 f(zj):   0.0000000000000000e+00 pn(zj):   1.0881274782506389e-01
zj:   0.0000000000000000e+00 f(zj):   0.0000000000000000e+00 pn(zj):   1.0799872314398473e-01
zj:   0.0000000000000000e+00 f(zj):   0.0000000000000000e+00 pn(zj):   1.0718952855393482e-01
zj:   0.0000000000000000e+00 f(zj):   0.0000000000000000e+00 pn(zj):   1.0638514321135428e-01
zj:   0.0000000000000000e+00 f(zj):   0.0000000000000000e+00 pn(zj):   1.0558554633693629e-01
zj:   0.0000000000000000e+00 f(zj):   0.0000000000000000e+00 pn(zj):   1.0479071721549194e-01
zj:   0.0000000000000000e+00 f(zj):   0.0000000000000000e+00 pn(zj):   1.0400063519581482e-01
zj:   0.0000000000000000e+00 f(zj):   0.0000000000000000e+00 pn(zj):   1.0321527969054567e-01
zj:   0.0000000000000000e+00 f(zj):   0.0000000000000000e+00 pn(zj):   1.0243463017603716e-01
zj:   0.0000000000000000e+00 f(zj):   0.0000000000000000e+00 pn(zj):   1.0165866619221875e-01
zj:   0.0000000000000000e+00 f(zj):   0.0000000000000000e+00 pn(zj):   1.0088736734246251e-01
zj:   0.0000000000000000e+00 f(zj):   0.0000000000000000e+00 pn(zj):   1.0012071329344752e-01
zj:   0.0000000000000000e+00 f(zj):   0.0000000000000000e+00 pn(zj):   9.9358683775026768e-02
zj:   0.0000000000000000e+00 f(zj):   0.0000000000000000e+00 pn(zj):   9.8601258580092055e-02
zj:   0.0000000000000000e+00 f(zj):   0.0000000000000000e+00 pn(zj):   9.7848417564439516e-02
zj:   0.0000000000000000e+00 f(zj):   0.0000000000000000e+00 pn(zj):   9.7100140646636968e-02
zj:   0.0000000000000000e+00 f(zj):   0.0000000000000000e+00 pn(zj):   9.6356407807889455e-02
zj:   0.0000000000000000e+00 f(zj):   0.0000000000000000e+00 pn(zj):   9.5617199091905025e-02
zj:   0.0000000000000000e+00 f(zj):   0.0000000000000000e+00 pn(zj):   9.4882494604763279e-02
zj:   0.0000000000000000e+00 f(zj):   0.0000000000000000e+00 pn(zj):   9.4152274514780143e-02
zj:   0.0000000000000000e+00 f(zj):   0.0000000000000000e+00 pn(zj):   9.3426519052376089e-02
zj:   0.0000000000000000e+00 f(zj):   0.0000000000000000e+00 pn(zj):   9.2705208509942905e-02
zj:   0.0000000000000000e+00 f(zj):   0.0000000000000000e+00 pn(zj):   9.1988323241711023e-02
zj:   0.0000000000000000e+00 f(zj):   0.0000000000000000e+00 pn(zj):   9.1275843663616962e-02
zj:   0.0000000000000000e+00 f(zj):   0.0000000000000000e+00 pn(zj):   9.0567750253171431e-02
zj:   0.0000000000000000e+00 f(zj):   0.0000000000000000e+00 pn(zj):   8.9864023549326877e-02
zj:   0.0000000000000000e+00 f(zj):   0.0000000000000000e+00 pn(zj):   8.9164644152345152e-02
zj:   0.0000000000000000e+00 f(zj):   0.0000000000000000e+00 pn(zj):   8.8469592723666612e-02
zj:   0.0000000000000000e+00 f(zj):   0.0000000000000000e+00 pn(zj):   8.7778849985777785e-02
zj:   0.0000000000000000e+00 f(zj):   0.0000000000000000e+00 pn(zj):   8.7092396722080134e-02
zj:   0.0000000000000000e+00 f(zj):   0.0000000000000000e+00 pn(zj):   8.6410213776759059e-02
zj:   0.0000000000000000e+00 f(zj):   0.0000000000000000e+00 pn(zj):   8.5732282054652331e-02
zj:   0.0000000000000000e+00 f(zj):   0.0000000000000000e+00 pn(zj):   8.5058582521119863e-02
zj:   0.0000000000000000e+00 f(zj):   0.0000000000000000e+00 pn(zj):   8.4389096201911817e-02
zj:   0.0000000000000000e+00 f(zj):   0.0000000000000000e+00 pn(zj):   8.3723804183039374e-02
zj:   0.0000000000000000e+00 f(zj):   0.0000000000000000e+00 pn(zj):   8.3062687610643726e-02
zj:   0.0000000000000000e+00 f(zj):   0.0000000000000000e+00 pn(zj):   8.2405727690865849e-02
zj:   0.0000000000000000e+00 f(zj):   0.0000000000000000e+00 pn(zj):   8.1752905689716160e-02
zj:   0.0000000000000000e+00 f(zj):   0.0000000000000000e+00 pn(zj):   8.1104202932945180e-02
zj:   0.0000000000000000e+00 f(zj):   0.0000000000000000e+00 pn(zj):   8.0459600805913856e-02
zj:   0.0000000000000000e+00 f(zj):   0.0000000000000000e+00 pn(zj):   7.9819080753463667e-02
zj:   0.0000000000000000e+00 f(zj):   0.0000000000000000e+00 pn(zj):   7.9182624279787395e-02
zj:   0.0000000000000000e+00 f(zj):   0.0000000000000000e+00 pn(zj):   7.8550212948300224e-02
zj:   0.0000000000000000e+00 f(zj):   0.0000000000000000e+00 pn(zj):   7.7921828381509961e-02
zj:   0.0000000000000000e+00 f(zj):   0.0000000000000000e+00 pn(zj):   7.7297452260889576e-02
zj:   0.0000000000000000e+00 f(zj):   0.0000000000000000e+00 pn(zj):   7.6677066326747090e-02
zj:   0.0000000000000000e+00 f(zj):   0.0000000000000000e+00 pn(zj):   7.6060652378098226e-02
zj:   0.0000000000000000e+00 f(zj):   0.0000000000000000e+00 pn(zj):   7.5448192272537185e-02
zj:   0.0000000000000000e+00 f(zj):   0.0000000000000000e+00 pn(zj):   7.4839667926109077e-02
zj:   0.0000000000000000e+00 f(zj):   0.0000000000000000e+00 pn(zj):   7.4235061313182249e-02
zj:   0.0000000000000000e+00 f(zj):   0.0000000000000000e+00 pn(zj):   7.3634354466319385e-02
zj:   0.0000000000000000e+00 f(zj):   0.0000000000000000e+00 pn(zj):   7.3037529476150942e-02
zj:   0.0000000000000000e+00 f(zj):   0.0000000000000000e+00 pn(zj):   7.2444568491247696e-02
zj:   0.0000000000000000e+00 f(zj):   0.0000000000000000e+00 pn(zj):   7.1855453717992401e-02
zj:   0.0000000000000000e+00 f(zj):   0.0000000000000000e+00 pn(zj):   7.1270167420453778e-02
zj:   0.0000000000000000e+00 f(zj):   0.0000000000000000e+00 pn(zj):   7.0688691920259394e-02
zj:   0.0000000000000000e+00 f(zj):   0.0000000000000000e+00 pn(zj):   7.0111009596468321e-02
zj:   0.0000000000000000e+00 f(zj):   0.0000000000000000e+00 pn(zj):   6.9537102885445123e-02
zj:   0.0000000000000000e+00 f(zj):   0.0000000000000000e+00 pn(zj):   6.8966954280733517e-02
zj:   0.0000000000000000e+00 f(zj):   0.0000000000000000e+00 pn(zj):   6.8400546332929246e-02
zj:   0.0000000000000000e+00 f(zj):   0.0000000000000000e+00 pn(zj):   6.7837861649555631e-02
zj:   0.0000000000000000e+00 f(zj):   0.0000000000000000e+00 pn(zj):   6.7278882894935887e-02
zj:   0.0000000000000000e+00 f(zj):   0.0000000000000000e+00 pn(zj):   6.6723592790068453e-02
zj:   0.0000000000000000e+00 f(zj):   0.0000000000000000e+00 pn(zj):   6.6171974112501197e-02
zj:   0.0000000000000000e+00 f(zj):   0.0000000000000000e+00 pn(zj):   6.5624009696205743e-02
zj:   0.0000000000000000e+00 f(zj):   0.0000000000000000e+00 pn(zj):   6.5079682431453234e-02
zj:   0.0000000000000000e+00 f(zj):   0.0000000000000000e+00 pn(zj):   6.4538975264687659e-02
zj:   0.0000000000000000e+00 f(zj):   0.0000000000000000e+00 pn(zj):   6.4001871198402838e-02
zj:   0.0000000000000000e+00 f(zj):   0.0000000000000000e+00 pn(zj):   6.3468353291015855e-02
zj:   0.0000000000000000e+00 f(zj):   0.0000000000000000e+00 pn(zj):   6.2938404656744162e-02
zj:   0.0000000000000000e+00 f(zj):   0.0000000000000000e+00 pn(zj):   6.2412008465480229e-02
zj:   0.0000000000000000e+00 f(zj):   0.0000000000000000e+00 pn(zj):   6.1889147942667422e-02
zj:   0.0000000000000000e+00 f(zj):   0.0000000000000000e+00 pn(zj):   6.1369806369176771e-02
zj:   0.0000000000000000e+00 f(zj):   0.0000000000000000e+00 pn(zj):   6.0853967081181848e-02
zj:   0.0000000000000000e+00 f(zj):   0.0000000000000000e+00 pn(zj):   6.0341613470036193e-02
zj:   0.0000000000000000e+00 f(zj):   0.0000000000000000e+00 pn(zj):   5.9832728982149530e-02
zj:   0.0000000000000000e+00 f(zj):   0.0000000000000000e+00 pn(zj):   5.9327297118863642e-02
zj:   0.0000000000000000e+00 f(zj):   0.0000000000000000e+00 pn(zj):   5.8825301436330468e-02
zj:   0.0000000000000000e+00 f(zj):   0.0000000000000000e+00 pn(zj):   5.8326725545388092e-02
zj:   0.0000000000000000e+00 f(zj):   0.0000000000000000e+00 pn(zj):   5.7831553111438172e-02
zj:   0.0000000000000000e+00 f(zj):   0.0000000000000000e+00 pn(zj):   5.7339767854324042e-02
zj:   0.0000000000000000e+00 f(zj):   0.0000000000000000e+00 pn(zj):   5.6851353548206807e-02
zj:   0.0000000000000000e+00 f(zj):   0.0000000000000000e+00 pn(zj):   5.6366294021444108e-02
zj:   0.0000000000000000e+00 f(zj):   0.0000000000000000e+00 pn(zj):   5.5884573156467665e-02
zj:   0.0000000000000000e+00 f(zj):   0.0000000000000000e+00 pn(zj):   5.5406174889660931e-02
zj:   0.0000000000000000e+00 f(zj):   0.0000000000000000e+00 pn(zj):   5.4931083211237963e-02
zj:   0.0000000000000000e+00 f(zj):   0.0000000000000000e+00 pn(zj):   5.4459282165121192e-02
zj:   0.0000000000000000e+00 f(zj):   0.0000000000000000e+00 pn(zj):   5.3990755848819960e-02
zj:   0.0000000000000000e+00 f(zj):   0.0000000000000000e+00 pn(zj):   5.3525488413309841e-02
zj:   0.0000000000000000e+00 f(zj):   0.0000000000000000e+00 pn(zj):   5.3063464062910626e-02
zj:   0.0000000000000000e+00 f(zj):   0.0000000000000000e+00 pn(zj):   5.2604667055165866e-02
zj:   0.0000000000000000e+00 f(zj):   0.0000000000000000e+00 pn(zj):   5.2149081700722189e-02
zj:   0.0000000000000000e+00 f(zj):   0.0000000000000000e+00 pn(zj):   5.1696692363207730e-02
zj:   0.0000000000000000e+00 f(zj):   0.0000000000000000e+00 pn(zj):   5.1247483459113119e-02
zj:   0.0000000000000000e+00 f(zj):   0.0000000000000000e+00 pn(zj):   5.0801439457670128e-02
zj:   0.0000000000000000e+00 f(zj):   0.0000000000000000e+00 pn(zj):   5.0358544880731548e-02
zj:   0.0000000000000000e+00 f(zj):   0.0000000000000000e+00 pn(zj):   4.9918784302651509e-02
zj:   0.0000000000000000e+00 f(zj):   0.0000000000000000e+00 pn(zj):   4.9482142350166236e-02
zj:   0.0000000000000000e+00 f(zj):   0.0000000000000000e+00 pn(zj):   4.9048603702272819e-02
zj:   0.0000000000000000e+00 f(zj):   0.0000000000000000e+00 pn(zj):   4.8618153090111638e-02
zj:   0.0000000000000000e+00 f(zj):   0.0000000000000000e+00 pn(zj):   4.8190775296845345e-02
zj:   0.0000000000000000e+00 f(zj):   0.0000000000000000e+00 pn(zj):   4.7766455157541410e-02
zj:   0.0000000000000000e+00 f(zj):   0.0000000000000000e+00 pn(zj):   4.7345177559051543e-02
zj:   0.0000000000000000e+00 f(zj):   0.0000000000000000e+00 pn(zj):   4.6926927439893795e-02
zj:   0.0000000000000000e+00 f(zj):   0.0000000000000000e+00 pn(zj):   4.6511689790134092e-02
zj:   0.0000000000000000e+00 f(zj):   0.0000000000000000e+00 pn(zj):   4.6099449651266999e-02
zj:   0.0000000000000000e+00 f(zj):   0.0000000000000000e+00 pn(zj):   4.5690192116097816e-02
zj:   0.0000000000000000e+00 f(zj):   0.0000000000000000e+00 pn(zj):   4.5283902328625003e-02
zj:   0.0000000000000000e+00 f(zj):   0.0000000000000000e+00 pn(zj):   4.4880565483921164e-02
zj:   0.0000000000000000e+00 f(zj):   0.0000000000000000e+00 pn(zj):   4.4480166828015810e-02
zj:   0.0000000000000000e+00 f(zj):   0.0000000000000000e+00 pn(zj):   4.4082691657777784e-02
zj:   0.0000000000000000e+00 f(zj):   0.0000000000000000e+00 pn(zj):   4.3688125320797688e-02
zj:   0.0000000000000000e+00 f(zj):   0.0000000000000000e+00 pn(zj):   4.3296453215270314e-02
zj:   0.0000000000000000e+00 f(zj):   0.0000000000000000e+00 pn(zj):   4.2907660789878066e-02
zj:   0.0000000000000000e+00 f(zj):   0.0000000000000000e+00 pn(zj):   4.2521733543673390e-02
zj:   0.0000000000000000e+00 f(zj):   0.0000000000000000e+00 pn(zj):   4.2138657025962201e-02
zj:   0.0000000000000000e+00 f(zj):   0.0000000000000000e+00 pn(zj):   4.1758416836187418e-02
zj:   0.0000000000000000e+00 f(zj):   0.0000000000000000e+00 pn(zj):   4.1380998623812393e-02
zj:   0.0000000000000000e+00 f(zj):   0.0000000000000000e+00 pn(zj):   4.1006388088204448e-02
zj:   0.0000000000000000e+00 f(zj):   0.0000000000000000e+00 pn(zj):   4.0634570978518636e-02
zj:   0.0000000000000000e+00 f(zj):   0.0000000000000000e+00 pn(zj):   4.0265533093582051e-02
zj:   0.0000000000000000e+00 f(zj):   0.0000000000000000e+00 pn(zj):   3.9899260281777926e-02
zj:   0.0000000000000000e+00 f(zj):   0.0000000000000000e+00 pn(zj):   3.9535738440929946e-02
zj:   0.0000000000000000e+00 f(zj):   0.0000000000000000e+00 pn(zj):   3.9174953518186784e-02
zj:   0.0000000000000000e+00 f(zj):   0.0000000000000000e+00 pn(zj):   3.8816891509906415e-02
zj:   0.0000000000000000e+00 f(zj):   0.0000000000000000e+00 pn(zj):   3.8461538461541767e-02
