zj:   0.0000000000000000e+00 f(zj):   1.0000000000000000e+00 pn(zj):   6.4262719357298357e+00
zj:   1.0000000000000000e+00 f(zj):   3.8461538461538464e-02 pn(zj):   6.4063156045194862e+00
zj:   2.0000000000000000e+00 f(zj):   9.9009900990099011e-03 pn(zj):   6.3864092602139761e+00
zj:   3.0000000000000000e+00 f(zj):   4.4247787610619468e-03 pn(zj):   6.3665528058970704e+00
zj:   4.0000000000000000e+00 f(zj):   2.4937655860349127e-03 pn(zj):   6.3467461447890914e+00
zj:   5.0000000000000000e+00 f(zj):   1.5974440894568689e-03 pn(zj):   6.3269891802467990e+00
zj:   6.0000000000000000e+00 f(zj):   1.1098779134295228e-03 pn(zj):   6.3072818157632629e+00
zj:   7.0000000000000000e+00 f(zj):   8.1566068515497557e-04 pn(zj):   6.2876239549677377e+00
zj:   1.0000000000000000e+00 f(zj):  2.0861577729517742e-314 pn(zj):   6.2680155016255394e+00
zj:  -9.6153846153846156e-01 f(zj):  4.6610311338790070e-310 pn(zj):   6.2484563596379230e+00
zj:   4.6648895658796652e-01 f(zj):  4.6610311338790070e-310 pn(zj):   6.2289464330419566e+00
zj:  -1.5164892935855875e-01 f(zj):  4.6610311338790070e-310 pn(zj):   6.2094856260103937e+00
zj:   3.7098101553737203e-02 f(zj):  4.6610311338790070e-310 pn(zj):   6.1900738428515556e+00
zj:  -7.2777150409375421e-03 f(zj):  4.6610311339393818e-310 pn(zj):   6.1707109880092021e+00
zj:   1.1919190870304040e-03 f(zj):  4.6610311340813763e-310 pn(zj):   6.1513969660624142e+00
zj:   8.1566068515497557e-04 f(zj):  4.6610311338790070e-310 pn(zj):   6.1321316817254576e+00
zj:   1.0000000000000000e+00 f(zj):  4.6610311340813763e-310 pn(zj):   6.1129150398476719e+00
zj:   3.8461538461538464e-02 f(zj):   0.0000000000000000e+00 pn(zj):   6.0937469454133399e+00
zj:   9.9009900990099011e-03 f(zj):   0.0000000000000000e+00 pn(zj):   6.0746273035415674e+00
zj:   4.4247787610619468e-03 f(zj):   0.0000000000000000e+00 pn(zj):   6.0555560194861533e+00
zj:   2.4937655860349127e-03 f(zj):   0.0000000000000000e+00 pn(zj):   6.0365329986354705e+00
zj:   1.5974440894568689e-03 f(zj):  6.9311991224281921e-310 pn(zj):   6.0175581465123456e+00
zj:   1.1098779134295228e-03 f(zj):  1.4821969375237396e-323 pn(zj):   5.9986313687739266e+00
zj:   8.1566068515497557e-04 f(zj):   0.0000000000000000e+00 pn(zj):   5.9797525712115673e+00
zj:  2.0861577729517742e-314 f(zj):   0.0000000000000000e+00 pn(zj):   5.9609216597506958e+00
zj:  4.6610311338790070e-310 f(zj):  4.6610311338663589e-310 pn(zj):   5.9421385404507037e+00
zj:  4.6610311338790070e-310 f(zj):                     -nan pn(zj):   5.9234031195048056e+00
zj:  4.6610311338790070e-310 f(zj):   0.0000000000000000e+00 pn(zj):   5.9047153032399331e+00
zj:  4.6610311338790070e-310 f(zj):  4.6610311338671494e-310 pn(zj):   5.8860749981165963e+00
zj:  4.6610311340136893e-310 f(zj):   0.0000000000000000e+00 pn(zj):   5.8674821107287727e+00
zj:  4.6610311340813763e-310 f(zj):   0.0000000000000000e+00 pn(zj):   5.8489365478037785e+00
zj:  4.6610311338790070e-310 f(zj):   0.0000000000000000e+00 pn(zj):   5.8304382162021415e+00
zj:  4.6610311340813763e-310 f(zj):  2.1219957904712067e-314 pn(zj):   5.8119870229174886e+00
zj:   0.0000000000000000e+00 f(zj):   0.0000000000000000e+00 pn(zj):   5.7935828750764120e+00
zj:   0.0000000000000000e+00 f(zj):   0.0000000000000000e+00 pn(zj):   5.7752256799383543e+00
zj:   0.0000000000000000e+00 f(zj):  6.9311991226163323e-310 pn(zj):   5.7569153448954804e+00
zj:   0.0000000000000000e+00 f(zj):   0.0000000000000000e+00 pn(zj):   5.7386517774725565e+00
zj:  6.9311991224281921e-310 f(zj):   0.0000000000000000e+00 pn(zj):   5.7204348853268270e+00
zj:  1.4821969375237396e-323 f(zj):   0.0000000000000000e+00 pn(zj):   5.7022645762478943e+00
zj:   0.0000000000000000e+00 f(zj):   0.0000000000000000e+00 pn(zj):   5.6841407581575938e+00
zj:   0.0000000000000000e+00 f(zj):   0.0000000000000000e+00 pn(zj):   5.6660633391098676e+00
zj:  4.6610311338663589e-310 f(zj):   0.0000000000000000e+00 pn(zj):   5.6480322272906491e+00
zj:                     -nan f(zj):   0.0000000000000000e+00 pn(zj):   5.6300473310177379e+00
zj:   0.0000000000000000e+00 f(zj):   0.0000000000000000e+00 pn(zj):   5.6121085587406743e+00
zj:  4.6610311338671494e-310 f(zj):   0.0000000000000000e+00 pn(zj):   5.5942158190406195e+00
zj:   0.0000000000000000e+00 f(zj):   0.0000000000000000e+00 pn(zj):   5.5763690206302359e+00
zj:   0.0000000000000000e+00 f(zj):   0.0000000000000000e+00 pn(zj):   5.5585680723535598e+00
zj:   0.0000000000000000e+00 f(zj):   0.0000000000000000e+00 pn(zj):   5.5408128831858789e+00
zj:  2.1219957904712067e-314 f(zj):   0.0000000000000000e+00 pn(zj):   5.5231033622336163e+00
zj:   0.0000000000000000e+00 f(zj):   0.0000000000000000e+00 pn(zj):   5.5054394187342055e+00
zj:   0.0000000000000000e+00 f(zj):   0.0000000000000000e+00 pn(zj):   5.4878209620559621e+00
zj:  6.9311991226163323e-310 f(zj):   0.0000000000000000e+00 pn(zj):   5.4702479016979728e+00
zj:   0.0000000000000000e+00 f(zj):   0.0000000000000000e+00 pn(zj):   5.4527201472899636e+00
zj:   0.0000000000000000e+00 f(zj):   0.0000000000000000e+00 pn(zj):   5.4352376085921845e+00
zj:   0.0000000000000000e+00 f(zj):   0.0000000000000000e+00 pn(zj):   5.4178001954952846e+00
zj:   0.0000000000000000e+00 f(zj):   0.0000000000000000e+00 pn(zj):   5.4004078180201924e+00
zj:   0.0000000000000000e+00 f(zj):   0.0000000000000000e+00 pn(zj):   5.3830603863179904e+00
zj:   0.0000000000000000e+00 f(zj):   0.0000000000000000e+00 pn(zj):   5.3657578106697974e+00
zj:   0.0000000000000000e+00 f(zj):   0.0000000000000000e+00 pn(zj):   5.3485000014866433e+00
zj:   0.0000000000000000e+00 f(zj):   0.0000000000000000e+00 pn(zj):   5.3312868693093511e+00
zj:   0.0000000000000000e+00 f(zj):   0.0000000000000000e+00 pn(zj):   5.3141183248084136e+00
zj:   0.0000000000000000e+00 f(zj):   0.0000000000000000e+00 pn(zj):   5.2969942787838695e+00
zj:   0.0000000000000000e+00 f(zj):   0.0000000000000000e+00 pn(zj):   5.2799146421651901e+00
zj:   0.0000000000000000e+00 f(zj):   0.0000000000000000e+00 pn(zj):   5.2628793260111477e+00
zj:   0.0000000000000000e+00 f(zj):   0.0000000000000000e+00 pn(zj):   5.2458882415096992e+00
zj:   0.0000000000000000e+00 f(zj):   0.0000000000000000e+00 pn(zj):   5.2289412999778655e+00
zj:   0.0000000000000000e+00 f(zj):  6.9311991225499299e-310 pn(zj):   5.2120384128616131e+00
zj:   0.0000000000000000e+00 f(zj):  2.0320920013450470e-320 pn(zj):   5.1951794917357237e+00
zj:   0.0000000000000000e+00 f(zj):  1.2566263866505099e+232 pn(zj):   5.1783644483036806e+00
zj:   0.0000000000000000e+00 f(zj):  6.0513972685449602e-154 pn(zj):   5.1615931943975468e+00
zj:   0.0000000000000000e+00 f(zj):   1.4850810209348610e-76 pn(zj):   5.1448656419778453e+00
zj:   0.0000000000000000e+00 f(zj):   1.1087204536588680e-47 pn(zj):   5.1281817031334320e+00
zj:   0.0000000000000000e+00 f(zj):  1.3160769790620712e-259 pn(zj):   5.1115412900813810e+00
zj:   0.0000000000000000e+00 f(zj):   1.0333076074194353e-47 pn(zj):   5.0949443151668605e+00
zj:   0.0000000000000000e+00 f(zj):   4.6653549262641692e-62 pn(zj):   5.0783906908630154e+00
zj:   0.0000000000000000e+00 f(zj):  3.2780285776695160e+179 pn(zj):   5.0618803297708421e+00
zj:   0.0000000000000000e+00 f(zj):  2.7680678906888502e+280 pn(zj):   5.0454131446190731e+00
zj:   0.0000000000000000e+00 f(zj):   3.2424566200750214e-86 pn(zj):   5.0289890482640507e+00
zj:   0.0000000000000000e+00 f(zj):   1.3980432860952889e-76 pn(zj):   5.0126079536896118e+00
zj:   0.0000000000000000e+00 f(zj):   1.3980432860952889e-76 pn(zj):   4.9962697740069633e+00
zj:   0.0000000000000000e+00 f(zj):  6.1799880953825233e-114 pn(zj):   4.9799744224545641e+00
zj:   0.0000000000000000e+00 f(zj):   8.4178994681321351e-53 pn(zj):   4.9637218123980027e+00
zj:  6.9311991225499299e-310 f(zj):   6.2278197057263848e-38 pn(zj):   4.9475118573298840e+00
zj:  2.0320920013450470e-320 f(zj):   3.3148476486379551e-33 pn(zj):   4.9313444708696945e+00
zj:  1.2566263866505099e+232 f(zj):  8.1642195725457918e+204 pn(zj):   4.9152195667636995e+00
zj:  6.0513972685449602e-154 f(zj):   1.3973685027430247e-76 pn(zj):   4.8991370588848069e+00
zj:   1.4850810209348610e-76 f(zj):   1.3980432860952889e-76 pn(zj):   4.8830968612324614e+00
zj:   1.1087204536588680e-47 f(zj):   1.2108942892349278e-99 pn(zj):   4.8670988879325137e+00
zj:   9.3486483867961779e-67 f(zj):  3.5230863936820262e-109 pn(zj):   4.8511430532371058e+00
zj:  1.2593660919096667e+232 f(zj):   1.3852239732999477e-76 pn(zj):   4.8352292715245468e+00
zj:  6.0513972685449602e-154 f(zj):   4.0822044482228415e-33 pn(zj):   4.8193574572992057e+00
zj:   3.1230246488261977e-33 f(zj):   2.1756476664817765e-76 pn(zj):   4.8035275251913720e+00
zj:   1.9001782446467181e-52 f(zj):   5.0807544341419881e-67 pn(zj):   4.7877393899571468e+00
zj:  1.3160769791377109e-259 f(zj):  3.5230863936822697e-109 pn(zj):   4.7719929664783294e+00
zj:   5.0521448351342738e-86 f(zj):   5.6366238630134447e-38 pn(zj):   4.7562881697622839e+00
zj:   5.6481171395030137e-38 f(zj):   7.1275054026401471e-67 pn(zj):   4.7406249149418311e+00
zj:   4.4711608937528011e-33 f(zj):   5.2074892988241683e-90 pn(zj):   4.7250031172751186e+00
zj:  2.7680679381555173e+280 f(zj):  8.2012590046512156e+204 pn(zj):   4.7094226921455133e+00
zj:   1.5764983660612583e-52 f(zj):   4.4380223796785284e-38 pn(zj):   4.6938835550614710e+00
zj:   6.1257918640386510e-62 f(zj):   1.3128575588294178e-71 pn(zj):   4.6783856216564246e+00
zj:  2.9519432199095973e+179 f(zj):  3.9244909263554227e+179 pn(zj):   4.6629288076886581e+00
zj:  6.1799882043002384e-114 f(zj):  1.9701896698966844e-153 pn(zj):   4.6475130290411961e+00
zj:   1.2844695233355919e-57 f(zj):   3.6962867032641880e-33 pn(zj):   4.6321382017216770e+00
zj:   1.6584790671083222e-76 f(zj):   3.8911367390500340e-33 pn(zj):   4.6168042418622353e+00
zj:   1.6905496273900543e-52 f(zj):   3.3760961380940313e-57 pn(zj):   4.6015110657193867e+00
zj:  8.1642195725457951e+204 f(zj):  1.9512347655568931e-153 pn(zj):   4.5862585896739043e+00
zj:   4.0822044482228415e-33 f(zj):   6.7579826476528647e-67 pn(zj):   4.5710467302307016e+00
zj:   2.1756476664817765e-76 f(zj):   6.7493346067909023e-67 pn(zj):   4.5558754040187139e+00
zj:   5.0807544341419881e-67 f(zj):   4.6617496069211371e-62 pn(zj):   4.5407445277907801e+00
zj:  3.5230863936822697e-109 f(zj):   1.6039704617400945e-28 pn(zj):   4.5256540184235181e+00
zj:   5.6366238630134447e-38 f(zj):   3.3163464032133980e-33 pn(zj):   4.5106037929172178e+00
zj:   7.1275054026401471e-67 f(zj):   3.5082076534537818e-33 pn(zj):   4.4955937683957110e+00
zj:   5.2074892988241683e-90 f(zj):   1.1829553225142724e-76 pn(zj):   4.4806238621062562e+00
zj:  8.2012590046512156e+204 f(zj):  6.0136196164698546e-154 pn(zj):   4.4656939914194238e+00
zj:   4.4380223796785284e-38 f(zj):   2.8975603641072284e-57 pn(zj):   4.4508040738289747e+00
zj:   1.3128575588294178e-71 f(zj):   3.3148535723853173e-33 pn(zj):   4.4359540269517392e+00
zj:  3.9244909263554227e+179 f(zj):  8.6044352998670781e+183 pn(zj):   4.4211437685275037e+00
zj:  1.9701896698966844e-153 f(zj):  6.0136181703254192e-154 pn(zj):   4.4063732164188876e+00
zj:   3.6962867032641880e-33 f(zj):   9.0632619338918889e-43 pn(zj):   4.3916422886112301e+00
zj:   3.8911367390500340e-33 f(zj):   1.0399770791417009e-42 pn(zj):   4.3769509032124683e+00
zj:   3.3760961380940313e-57 f(zj):  1.2584540443851385e+232 pn(zj):   4.3622989784530191e+00
zj:  1.9512347655568931e-153 f(zj):  6.0513972685449602e-154 pn(zj):   4.3476864326856592e+00
zj:   6.7579826476528647e-67 f(zj):   7.8635001701705217e-67 pn(zj):   4.3331131843854163e+00
zj:   6.7493346067909023e-67 f(zj):   4.1867783409701296e-62 pn(zj):   4.3185791521494394e+00
zj:   4.6617496069211371e-62 f(zj):  1.3160769790051368e-259 pn(zj):   4.3040842546968845e+00
zj:   1.6039704617400945e-28 f(zj):   3.4435330884255147e-86 pn(zj):   4.2896284108688043e+00
zj:   3.3163464032133980e-33 f(zj):   2.9025484902585223e-57 pn(zj):   4.2752115396280193e+00
zj:   3.5082076534537818e-33 f(zj):   1.3692327534437838e-71 pn(zj):   4.2608335600590035e+00
zj:   1.1829553225142724e-76 f(zj):  2.7680679043182526e+280 pn(zj):   4.2464943913677722e+00
zj:  6.0136196164698546e-154 f(zj):   4.2478389617679958e-86 pn(zj):   4.2321939528817580e+00
zj:   2.8975603641072284e-57 f(zj):   4.9113050256618393e-62 pn(zj):   4.2179321640496941e+00
zj:   3.3148535723853173e-33 f(zj):   1.3707820652147937e-71 pn(zj):   4.2037089444414999e+00
zj:  8.6044352998670781e+183 f(zj):  6.1799881803794778e-114 pn(zj):   4.1895242137481592e+00
zj:  6.0136181703254192e-154 f(zj):   1.2844695233355919e-57 pn(zj):   4.1753778917816051e+00
zj:   9.0632619338918889e-43 f(zj):   6.1257955592093800e-62 pn(zj):   4.1612698984746048e+00
zj:   1.0399770791417009e-42 f(zj):   1.3816097183883079e-47 pn(zj):   4.1472001538806387e+00
zj:   2.0029177117141312e-76 f(zj):  8.1642195725457951e+204 pn(zj):   4.1331685781737821e+00
zj:  8.6023686466061860e+183 f(zj):  6.1799881437911730e-114 pn(zj):   4.1191750916485912e+00
zj:  6.0136181703254192e-154 f(zj):   1.2844695233355919e-57 pn(zj):   4.1052196147199869e+00
zj:   3.1222576389854545e-33 f(zj):   2.5278181984127643e-52 pn(zj):   4.0913020679231327e+00
zj:   1.6598377032231471e-76 f(zj):   8.9820746075373432e-67 pn(zj):   4.0774223719133218e+00
zj:  1.2587537171434108e+232 f(zj):  8.1642195725457873e+204 pn(zj):   4.0635804474658563e+00
zj:  6.0513972685449602e-154 f(zj):   6.0132324999700229e-67 pn(zj):   4.0497762154759389e+00
zj:   1.5731333857430846e-76 f(zj):   1.9182428035517063e-76 pn(zj):   4.0360095969585412e+00
zj:   1.1097905831997925e-47 f(zj):   7.7525857924339592e-72 pn(zj):   4.0222805130482993e+00
zj:  1.3160769791380812e-259 f(zj):  3.5230863936823930e-109 pn(zj):   4.0085888849993969e+00
zj:   3.6446095567641096e-86 f(zj):   4.4666381781129475e-33 pn(zj):   3.9949346341854381e+00
zj:   1.3139561030838912e-71 f(zj):   4.4681603869804777e-33 pn(zj):   3.9813176820993412e+00
zj:   6.3798232815207309e-67 f(zj):   8.3185656841921848e-72 pn(zj):   3.9677379503532153e+00
zj:  2.7680679314197621e+280 f(zj):  8.2012590046506386e+204 pn(zj):   3.9541953606782498e+00
zj:   8.5517419148925818e-72 f(zj):   8.5473201948835764e-72 pn(zj):   3.9406898349245920e+00
zj:   8.6082900013933841e-67 f(zj):   1.4256079378718532e-71 pn(zj):   3.9272212950612349e+00
zj:  2.7892369830425508e+179 f(zj):  2.9487947524314118e+179 pn(zj):   3.9137896631758959e+00
zj:  6.1799881437911730e-114 f(zj):  1.9701896698966844e-153 pn(zj):   3.9003948614749091e+00
zj:   1.2844695233355919e-57 f(zj):   1.2564737347672471e-71 pn(zj):   3.8870368122830983e+00
zj:   2.5278181984127643e-52 f(zj):   3.3767325217343907e-57 pn(zj):   3.8737154380436691e+00
zj:   8.9820746075373432e-67 f(zj):   3.3760961380953324e-57 pn(zj):   3.8604306613180870e+00
zj:  8.1642195725457873e+204 f(zj):  1.9512347655568931e-153 pn(zj):   3.8471824047859657e+00
zj:   6.0132324999700229e-67 f(zj):   3.2211546897063546e-57 pn(zj):   3.8339705912449489e+00
zj:   1.9182428035517063e-76 f(zj):   2.0045735263953195e-52 pn(zj):   3.8207951436105940e+00
zj:   7.7525857924339592e-72 f(zj):   9.4962413175395374e-43 pn(zj):   3.8076559849162552e+00
zj:  3.5230863936823930e-109 f(zj):   1.6039704617400945e-28 pn(zj):   3.7945530383129724e+00
zj:   4.4666381781129475e-33 f(zj):   1.6905352953465017e-52 pn(zj):   3.7814862270693483e+00
zj:   4.4681603869804777e-33 f(zj):   1.3132928353106460e-71 pn(zj):   3.7684554745714385e+00
zj:   8.3185656841921848e-72 f(zj):   1.1829566429434996e-76 pn(zj):   3.7554607043226316e+00
zj:  8.2012590046506386e+204 f(zj):  6.0136196164698546e-154 pn(zj):   3.7425018399435359e+00
zj:   8.5473201948835764e-72 f(zj):   9.5046502896829988e-43 pn(zj):   3.7295788051718657e+00
zj:   1.4256079378718532e-71 f(zj):   2.1098020700348146e-52 pn(zj):   3.7166915238623188e+00
zj:  2.9487947524314118e+179 f(zj):  8.6044352998661063e+183 pn(zj):   3.7038399199864673e+00
zj:  1.9701896698966844e-153 f(zj):  6.0136181703254192e-154 pn(zj):   3.6910239176326400e+00
zj:   1.2564737347672471e-71 f(zj):   5.0603833462853312e-38 pn(zj):   3.6782434410058089e+00
zj:   3.3767325217343907e-57 f(zj):   1.5871390562078606e-47 pn(zj):   3.6654984144274683e+00
zj:   3.3760961380953324e-57 f(zj):  1.2572387706707782e+232 pn(zj):   3.6527887623355269e+00
zj:  1.9512347655568931e-153 f(zj):  6.0513972685449602e-154 pn(zj):   3.6401144092841844e+00
zj:   3.2211546897063546e-57 f(zj):   1.6574775530150857e-76 pn(zj):   3.6274752799438263e+00
zj:   2.0045735263953195e-52 f(zj):   1.0864655987787201e-71 pn(zj):   3.6148712991008995e+00
zj:   9.4962413175395374e-43 f(zj):  1.3160769791376375e-259 pn(zj):   3.6023023916577999e+00
zj:   1.6039704617400945e-28 f(zj):   3.4435330884255147e-86 pn(zj):   3.5897684826327607e+00
zj:   1.6905352953465017e-52 f(zj):   2.0049405319772364e-76 pn(zj):   3.5772694971597359e+00
zj:   1.3132928353106460e-71 f(zj):   1.3132928250979434e-71 pn(zj):   3.5648053604882812e+00
zj:   1.1829566429434996e-76 f(zj):  2.7680679314197621e+280 pn(zj):   3.5523759979834444e+00
zj:  6.0136196164698546e-154 f(zj):   4.8510683667837804e-86 pn(zj):   3.5399813351256486e+00
zj:   9.5046502896829988e-43 f(zj):   1.9175720252017358e-76 pn(zj):   3.5276212975105774e+00
zj:   8.1646312890087855e-43 f(zj):   7.1231248064075070e-67 pn(zj):   3.5152958108490595e+00
zj:   1.2007669999058044e-71 f(zj):  6.1799881803794778e-114 pn(zj):   3.5030048009669548e+00
zj:   1.1829533510702089e-76 f(zj):  2.7680678976089121e+280 pn(zj):   3.4907481938050404e+00
zj:  6.0136196164698546e-154 f(zj):   8.5495310557424777e-72 pn(zj):   3.4785259154188961e+00
zj:   1.0873456209149904e-71 f(zj):   2.0892847043971096e-76 pn(zj):   3.4663378919787871e+00
zj:   6.8235934486770639e-38 f(zj):  3.9251315026233283e+179 pn(zj):   3.4541840497695531e+00
zj:  8.6044434043887037e+183 f(zj):  6.1799881438382626e-114 pn(zj):   3.4420643151904926e+00
zj:  6.0136181703254192e-154 f(zj):   1.9599449513787718e-62 pn(zj):   3.4299786147552478e+00
zj:   2.8981826656350167e-57 f(zj):   5.9327891878766305e-38 pn(zj):   3.4179268750916925e+00
zj:   1.8322131869001734e-76 f(zj):   3.3810959820723634e-57 pn(zj):   3.4059090229418127e+00
zj:  1.2587560860973840e+232 f(zj):  8.1642195725457951e+204 pn(zj):   3.3939249851616005e+00
zj:  6.0513972685449602e-154 f(zj):   5.0488766876023010e-38 pn(zj):   3.3819746887209332e+00
zj:   3.5066912768167208e-33 f(zj):   1.4860956921852974e-76 pn(zj):   3.3700580607034634e+00
zj:   2.1766583996092032e-76 f(zj):   5.2094105998771231e-90 pn(zj):   3.3581750283065004e+00
zj:  1.3160769791002980e-259 f(zj):  3.5230863936827556e-109 pn(zj):   3.3463255188409025e+00
zj:   3.4435330884255147e-86 f(zj):   6.5285629822748313e-38 pn(zj):   3.3345094597309570e+00
zj:   4.8556092709997414e-33 f(zj):   1.9185867530346108e-76 pn(zj):   3.3227267785142716e+00
zj:   3.2161909291116418e-57 f(zj):   5.0807374103111334e-67 pn(zj):   3.3109774028416554e+00
zj:  2.7680678976089121e+280 f(zj):  8.2012590046495058e+204 pn(zj):   3.2992612604770106e+00
zj:   8.5495310557424777e-72 f(zj):   2.4055456020294813e-57 pn(zj):   3.2875782792972146e+00
zj:   2.0892847043971096e-76 f(zj):   6.1239001113409831e-62 pn(zj):   3.2759283872920086e+00
zj:  3.9251315026233283e+179 f(zj):  3.2723300754818681e+179 pn(zj):   3.2643115125638826e+00
zj:  6.1799881438382626e-114 f(zj):  1.9701896698966844e-153 pn(zj):   3.2527275833279639e+00
zj:   1.9599449513787718e-62 f(zj):   1.2564737347672471e-71 pn(zj):   3.2411765279119029e+00
zj:   5.9327891878766305e-38 f(zj):   7.4090627778540766e-38 pn(zj):   3.2296582747557570e+00
zj:   3.3810959820723634e-57 f(zj):   3.3760961382429785e-57 pn(zj):   3.2181727524118817e+00
zj:  8.1642195725457951e+204 f(zj):  1.9512347655568931e-153 pn(zj):   3.2067198895448135e+00
zj:   5.0488766876023010e-38 f(zj):   2.6314137482147329e-52 pn(zj):   3.1952996149311610e+00
zj:   1.4860956921852974e-76 f(zj):   7.4984034225553118e-67 pn(zj):   3.1839118574594871e+00
zj:   5.2094105998771231e-90 f(zj):   8.5969478964315205e-67 pn(zj):   3.1725565461301972e+00
zj:  3.5230863936827556e-109 f(zj):   1.6039704617400945e-28 pn(zj):   3.1612336100554286e+00
zj:   6.5285629822748313e-38 f(zj):   6.8189927563906822e-38 pn(zj):   3.1499429784589359e+00
zj:   1.9185867530346108e-76 f(zj):   1.1437199485655067e-71 pn(zj):   3.1386845806759762e+00
zj:   5.0807374103111334e-67 f(zj):   1.1829513718545424e-76 pn(zj):   3.1274583461531988e+00
zj:  8.2012590046495058e+204 f(zj):  6.0136196164698546e-154 pn(zj):   3.1162642044485311e+00
zj:   2.4055456020294813e-57 f(zj):   2.1089848074664425e-52 pn(zj):   3.1051020852310689e+00
zj:   6.1239001113409831e-62 f(zj):   4.8540899675105307e-33 pn(zj):   3.0939719182809569e+00
zj:  3.2723300754818681e+179 f(zj):  8.6003182023871166e+183 pn(zj):   3.0828736334892821e+00
zj:  1.9701896698966844e-153 f(zj):  6.0136181703254192e-154 pn(zj):   3.0718071608579600e+00
zj:   1.2564737347672471e-71 f(zj):   3.8546747559706433e-57 pn(zj):   3.0607724304996196e+00
zj:   7.4090627778540766e-38 f(zj):   1.4867782994813086e-76 pn(zj):   3.0497693726374937e+00
zj:   3.3760961382429785e-57 f(zj):  1.2584540443852100e+232 pn(zj):   3.0387979176053044e+00
zj:  1.9512347655568931e-153 f(zj):  6.0513972685449602e-154 pn(zj):   3.0278579958471532e+00
zj:   2.6314137482147329e-52 f(zj):   4.6701212705441163e-62 pn(zj):   3.0169495379174052e+00
zj:   7.4984034225553118e-67 f(zj):   1.0858702800892135e-42 pn(zj):   3.0060724744805807e+00
zj:   8.5969478964315205e-67 f(zj):  1.3160769790244357e-259 pn(zj):   2.9952267363112375e+00
zj:   1.6039704617400945e-28 f(zj):   4.4489154301184891e-86 pn(zj):   2.9844122542938667e+00
zj:   6.8189927563906822e-38 f(zj):   3.2180602646706044e-57 pn(zj):   2.9736289594227738e+00
zj:   2.0892767461504597e-76 f(zj):   3.7000336722670835e-33 pn(zj):   2.9628767828019686e+00
zj:   2.0046044889815345e-76 f(zj):   3.3103572376173255e-33 pn(zj):   2.9521556556450537e+00
zj:   9.4962411842108476e-43 f(zj):  1.3160769791191532e-259 pn(zj):   2.9414655092751127e+00
zj:   1.6039704617400945e-28 f(zj):   3.6446095567641096e-86 pn(zj):   2.9308062751245991e+00
zj:   5.6452863746096965e-62 f(zj):   5.9373810155055793e-38 pn(zj):   2.9201778847352213e+00
zj:   7.5013013289861371e-67 f(zj):   2.1089815779170296e-52 pn(zj):   2.9095802697578339e+00
zj:   1.1829559763246583e-76 f(zj):  2.7680679314197621e+280 pn(zj):   2.8990133619523242e+00
zj:  6.0136196164698546e-154 f(zj):   3.8456860250908060e-86 pn(zj):   2.8884770931875039e+00
zj:   1.5871474247827092e-47 f(zj):   4.4279805694447744e-62 pn(zj):   2.8779713954409911e+00
zj:   2.1077580832801874e-52 f(zj):   2.2129754688595797e-52 pn(zj):   2.8674962007991045e+00
zj:  8.6106919913107853e+183 f(zj):  6.1799881318302603e-114 pn(zj):   2.8570514414567505e+00
zj:  6.0136181703254192e-154 f(zj):   2.9906386587200498e-67 pn(zj):   2.8466370497173088e+00
zj:   4.6644016172117031e-62 f(zj):   1.4510953242597438e-47 pn(zj):   2.8362529579925271e+00
zj:   4.7653573305198399e-38 f(zj):   5.1505932897266556e-62 pn(zj):   2.8258990988024015e+00
zj:  1.2575396279062130e+232 f(zj):  8.1642195725457940e+204 pn(zj):   2.8155754047750721e+00
zj:  6.0513972685449602e-154 f(zj):   3.8866343191902312e-33 pn(zj):   2.8052818086467113e+00
zj:   1.0849924371327371e-42 f(zj):   7.4998296039216491e-67 pn(zj):   2.7950182432614064e+00
zj:   3.3103572376173255e-33 f(zj):   5.2065304914475619e-90 pn(zj):   2.7847846415710551e+00
zj:  1.3160769791191532e-259 f(zj):  3.5230863936823911e-109 pn(zj):   2.7745809366352532e+00
zj:   3.6446095567641096e-86 f(zj):   1.1768665284437224e-47 pn(zj):   2.7644070616211796e+00
zj:   5.9373810155055793e-38 f(zj):   9.7481549121211468e-72 pn(zj):   2.7542629498034916e+00
zj:   2.1089815779170296e-52 f(zj):   5.4516608665052581e-67 pn(zj):   2.7441485345642089e+00
zj:  2.7680679314197621e+280 f(zj):  8.2012590046520688e+204 pn(zj):   2.7340637493926030e+00
zj:   3.8456860250908060e-86 f(zj):   2.9077500303615941e-33 pn(zj):   2.7240085278850907e+00
zj:   4.4279805694447744e-62 f(zj):   3.1215170546309316e-33 pn(zj):   2.7139828037451204e+00
zj:   2.2129754688595797e-52 f(zj):  3.7598603526159799e+179 pn(zj):   2.7039865107830585e+00
zj:  6.1799881318302603e-114 f(zj):  1.9701896698966844e-153 pn(zj):   2.6940195829160860e+00
zj:   2.9906386587200498e-67 f(zj):   3.6955373027873358e-33 pn(zj):   2.6840819541680796e+00
zj:   1.4510953242597438e-47 f(zj):   1.7458528293788715e-76 pn(zj):   2.6741735586695095e+00
zj:   5.1505932897266556e-62 f(zj):   5.3418358768863355e-38 pn(zj):   2.6642943306573228e+00
zj:  8.1642195725457940e+204 f(zj):  1.9512347655568931e-153 pn(zj):   2.6544442044748346e+00
zj:   3.8866343191902312e-33 f(zj):   1.3824104751072666e-47 pn(zj):   2.6446231145716190e+00
zj:   7.4998296039216491e-67 f(zj):   3.5391605604874044e-57 pn(zj):   2.6348309955033993e+00
zj:   5.2065304914475619e-90 f(zj):   1.6542797491363499e-47 pn(zj):   2.6250677819319330e+00
zj:  3.5230863936823911e-109 f(zj):   1.6039704617400945e-28 pn(zj):   2.6153334086249087e+00
zj:   1.1768665284437224e-47 f(zj):   1.6601618701784180e-76 pn(zj):   2.6056278104558310e+00
zj:   9.7481549121211468e-72 f(zj):   6.3827550138347742e-67 pn(zj):   2.5959509224039108e+00
zj:   5.4516608665052581e-67 f(zj):   1.1829513795757604e-76 pn(zj):   2.5863026795539574e+00
zj:  8.2012590046520688e+204 f(zj):  6.0136196164698546e-154 pn(zj):   2.5766830170962676e+00
zj:   2.9077500303615941e-33 f(zj):   1.6555660089485349e-47 pn(zj):   2.5670918703265153e+00
zj:   3.1215170546309316e-33 f(zj):   4.2800695931230431e-33 pn(zj):   2.5575291746456412e+00
zj:  3.7598603526159799e+179 f(zj):  8.6023848556494560e+183 pn(zj):   2.5479948655597449e+00
zj:  1.9701896698966844e-153 f(zj):  6.0136181703254192e-154 pn(zj):   2.5384888786799733e+00
zj:   3.6955373027873358e-33 f(zj):   1.3696749152187718e-71 pn(zj):   2.5290111497224128e+00
zj:   1.7458528293788715e-76 f(zj):   9.5098915549706807e-43 pn(zj):   2.5195616145079764e+00
zj:   5.3418358768863355e-38 f(zj):  1.2590557588555859e+232 pn(zj):   2.5101402089622988e+00
zj:  1.9512347655568931e-153 f(zj):  6.0513972685449602e-154 pn(zj):   2.5007468691156225e+00
zj:   1.3824103282411216e-47 f(zj):   7.7074851959683371e-43 pn(zj):   2.4913815311026912e+00
zj:   2.9025387383452071e-57 f(zj):   7.8635397011971221e-67 pn(zj):   2.4820441311626382e+00
zj:   1.1430627124974814e-71 f(zj):   6.3856641281984461e-67 pn(zj):   2.4727346056388786e+00
zj:   9.0478257287697934e-43 f(zj):  1.2587560860974532e+232 pn(zj):   2.4634528909790014e+00
zj:  1.9512347655568931e-153 f(zj):  6.0513972685449602e-154 pn(zj):   2.4541989237346566e+00
zj:   3.6941160053730683e-57 f(zj):   2.5801987581434528e-57 pn(zj):   2.4449726405614474e+00
zj:   6.5308903825467955e-38 f(zj):   1.2460942668849988e-47 pn(zj):   2.4357739782188235e+00
zj:   4.9048360835956044e-62 f(zj):  1.3160769790434370e-259 pn(zj):   2.4266028735699674e+00
zj:   1.6039704617400945e-28 f(zj):   3.4435330884255147e-86 pn(zj):   2.4174592635816916e+00
zj:   1.4264862191210776e-71 f(zj):   1.3128549612449704e-71 pn(zj):   2.4083430853243240e+00
zj:   1.4847463010631703e-76 f(zj):   2.7432320638570590e-57 pn(zj):   2.3992542759716007e+00
zj:   1.1829520178729404e-76 f(zj):  2.7680678976089121e+280 pn(zj):   2.3901927728005585e+00
zj:  6.0136196164698546e-154 f(zj):   4.4489154301065906e-86 pn(zj):   2.3811585131914246e+00
zj:   5.6446642350563506e-38 f(zj):   6.3813005337334342e-67 pn(zj):   2.3721514346275079e+00
zj:   1.5724586955708380e-76 f(zj):   1.2566974386655535e-71 pn(zj):   2.3631714746950934e+00
zj:  8.6127505400471327e+183 f(zj):  6.1799881803794778e-114 pn(zj):   2.3542185710833268e+00
zj:  6.0136181703254192e-154 f(zj):   2.9906386587200498e-67 pn(zj):   2.3452926615841139e+00
zj:   3.6992901606541910e-33 f(zj):   1.3821442590632051e-47 pn(zj):   2.3363936840920063e+00
zj:   6.3856641281984461e-67 f(zj):   6.8236293742603707e-38 pn(zj):   2.3275215766040946e+00
zj:  1.2587560860974532e+232 f(zj):  8.1642195725457929e+204 pn(zj):   2.3186762772199021e+00
zj:  6.0513972685449602e-154 f(zj):   2.5777117924644142e-57 pn(zj):   2.3098577241412728e+00
zj:   2.5801987581434528e-57 f(zj):   1.0849931107114543e-42 pn(zj):   2.3010658556722654e+00
zj:   1.2460942668849988e-47 f(zj):   5.2045979685444021e-90 pn(zj):   2.2923006102190460e+00
zj:  1.3160769790434370e-259 f(zj):  3.5230863936823911e-109 pn(zj):   2.2835619262897762e+00
zj:   3.4435330884255147e-86 f(zj):   6.2289496585431542e-38 pn(zj):   2.2748497424945091e+00
zj:   1.3128549612449704e-71 f(zj):   3.1222781184368527e-33 pn(zj):   2.2661639975450782e+00
zj:   2.7432320638570590e-57 f(zj):   5.0807402514370207e-67 pn(zj):   2.2575046302549908e+00
zj:  2.7680678976089121e+280 f(zj):  8.2012590046500705e+204 pn(zj):   2.2488715795393208e+00
zj:   4.4489154301065906e-86 f(zj):   2.4052344512655883e-57 pn(zj):   2.2402647844145980e+00
zj:   6.3813005337334342e-67 f(zj):   2.1779999200951977e-76 pn(zj):   2.2316841839987029e+00
zj:   1.2566974386655535e-71 f(zj):  3.2729533482455714e+179 pn(zj):   2.2231297175107589e+00
zj:  6.1799881803794778e-114 f(zj):  1.9701896698966844e-153 pn(zj):   2.2146013242710225e+00
zj:   2.9906386587200498e-67 f(zj):   4.4222833156186253e-62 pn(zj):   2.2060989437007765e+00
zj:   1.3821442590632051e-47 f(zj):   6.5262985380166170e-38 pn(zj):   2.1976225153222231e+00
zj:   6.8236293742603707e-38 f(zj):   5.1515138825338372e-62 pn(zj):   2.1891719787583765e+00
zj:  8.1642195725457929e+204 f(zj):  1.9512347655568931e-153 pn(zj):   2.1807472737329539e+00
zj:   2.5777117924644142e-57 f(zj):   3.6962867032641880e-33 pn(zj):   2.1723483400702692e+00
zj:   1.0849931107114543e-42 f(zj):   3.8911367390500340e-33 pn(zj):   2.1639751176951236e+00
zj:   5.2045979685444021e-90 f(zj):   3.3760961380940313e-57 pn(zj):   2.1556275466327031e+00
zj:  3.5230863936823911e-109 f(zj):   1.6039704617400945e-28 pn(zj):   2.1473055670084653e+00
zj:   6.2289496585431542e-38 f(zj):   3.3779649885987897e-57 pn(zj):   2.1390091190480351e+00
zj:   3.1222781184368527e-33 f(zj):   5.6396039735743427e-62 pn(zj):   2.1307381430770977e+00
zj:   5.0807402514370207e-67 f(zj):   1.1829546662511052e-76 pn(zj):   2.1224925795212917e+00
zj:  8.2012590046500705e+204 f(zj):  6.0136196164698546e-154 pn(zj):   2.1142723689061005e+00
zj:   2.4052344512655883e-57 f(zj):   1.1763382727718653e-47 pn(zj):   2.1060774518567449e+00
zj:   2.1779999200951977e-76 f(zj):   1.1084531567959693e-47 pn(zj):   2.0979077690980792e+00
zj:  3.2729533482455714e+179 f(zj):  8.6127505400481007e+183 pn(zj):   2.0897632614544817e+00
zj:  1.9701896698966844e-153 f(zj):  6.0136181703254192e-154 pn(zj):   2.0816438698497470e+00
zj:  8.2012590046506430e+204 f(zj):   7.4033051580278659e-38 pn(zj):   2.0735495353069830e+00
zj:   1.3038802086995655e-76 f(zj):   2.1089799848247383e-52 pn(zj):   2.0654801989485008e+00
zj:   4.2793260700759095e-33 f(zj):   1.4521727988939945e-47 pn(zj):   2.0574358019957080e+00
zj:  2.6284004964195658e+179 f(zj):  8.6106919913098116e+183 pn(zj):   2.0494162857690048e+00
zj:  1.9701896698966844e-153 f(zj):  6.0136181703254192e-154 pn(zj):   2.0414215916876746e+00
zj:   1.8993482124028462e-52 f(zj):   4.4726860284360592e-33 pn(zj):   2.0334516612697788e+00
zj:   1.1089866696879357e-47 f(zj):   5.6405535156332260e-62 pn(zj):   2.0255064361320505e+00
zj:   2.5801676222511548e-57 f(zj):  1.2572387706707793e+232 pn(zj):   2.0175858579897863e+00
zj:  1.9512347655568931e-153 f(zj):  6.0513972685449602e-154 pn(zj):   2.0096898686567419e+00
zj:   4.6644164250550212e-62 f(zj):   5.9385557586306656e-38 pn(zj):   2.0018184100450269e+00
zj:   8.1559416516221008e-43 f(zj):   2.5270153113504826e-52 pn(zj):   1.9939714241649940e+00
zj:   5.6357095347244599e-38 f(zj):  1.3160769791564176e-259 pn(zj):   1.9861488531251372e+00
zj:   1.6039704617400945e-28 f(zj):   4.0467624934412994e-86 pn(zj):   1.9783506391319841e+00
zj:   5.6367403636385127e-62 f(zj):   7.2695792666514706e-43 pn(zj):   1.9705767244899888e+00
zj:   1.6588190736623403e-76 f(zj):   2.6297888380037013e-52 pn(zj):   1.9628270516014279e+00
zj:   1.1829507052358197e-76 f(zj):  2.7680679110275932e+280 pn(zj):   1.9551015629662924e+00
zj:  6.0136196164698546e-154 f(zj):   3.4435330884136163e-86 pn(zj):   1.9474002011821840e+00
zj:   2.0916395265607063e-76 f(zj):   4.4674168865340044e-33 pn(zj):   1.9397229089442072e+00
zj:   1.4521727988939945e-47 f(zj):   2.1114349519304178e-52 pn(zj):   1.9320696290448638e+00
zj:  8.6106919913098116e+183 f(zj):  6.1799881802849321e-114 pn(zj):   1.9244403043739493e+00
zj:  6.0136181703254192e-154 f(zj):   2.9906386587200498e-67 pn(zj):   1.9168348779184441e+00
zj:   4.4726860284360592e-33 f(zj):   6.2301246137141711e-38 pn(zj):   1.9092532927624100e+00
zj:   5.6405535156332260e-62 f(zj):   4.7653529694557192e-38 pn(zj):   1.9016954920868838e+00
zj:  1.2572387706707793e+232 f(zj):  8.1642195725457862e+204 pn(zj):   1.8941614191697718e+00
zj:  6.0513972685449602e-154 f(zj):   5.3519206877505689e-38 pn(zj):   1.8866510173857440e+00
zj:   5.9385557586306656e-38 f(zj):   1.1439479264818526e-71 pn(zj):   1.8791642302061302e+00
zj:   2.5270153113504826e-52 f(zj):   7.7526203201099179e-72 pn(zj):   1.8717010011988122e+00
zj:  1.3160769791564176e-259 f(zj):  3.5230863936831187e-109 pn(zj):   1.8642612740281206e+00
zj:   4.0467624934412994e-86 f(zj):   1.4864264789593325e-76 pn(zj):   1.8568449924547283e+00
zj:   7.2695792666514706e-43 f(zj):   1.6574775994038264e-76 pn(zj):   1.8494521003355457e+00
zj:   2.6297888380037013e-52 f(zj):   7.7526116161426244e-72 pn(zj):   1.8420825416236162e+00
zj:  2.7680679110275932e+280 f(zj):  8.2012590046503612e+204 pn(zj):   1.8347362603680095e+00
zj:   3.4435330884136163e-86 f(zj):   1.3038802086995655e-76 pn(zj):   1.8274132007137180e+00
zj:   4.4674168865340044e-33 f(zj):   2.5261948253343603e-52 pn(zj):   1.8201133069015514e+00
zj:   2.1114349519304178e-52 f(zj):  3.9232146533663914e+179 pn(zj):   1.8128365232680310e+00
zj:  6.1799881802849321e-114 f(zj):  1.9701896698966844e-153 pn(zj):   1.8055827942452867e+00
zj:   2.9906386587200498e-67 f(zj):   5.0511999188049713e-38 pn(zj):   1.7983520643609503e+00
zj:   6.2301246137141711e-38 f(zj):   1.5205945436270990e-47 pn(zj):   1.7911442782380513e+00
zj:   4.7653529694557192e-38 f(zj):   5.1515138827038514e-62 pn(zj):   1.7839593805949125e+00
zj:  8.1642195725457862e+204 f(zj):  1.9512347655568931e-153 pn(zj):   1.7767973162450450e+00
zj:   5.3519206877505689e-38 f(zj):   1.2564737347672471e-71 pn(zj):   1.7696580300970437e+00
zj:   1.1439479264818526e-71 f(zj):   3.3767325217343907e-57 pn(zj):   1.7625414671544841e+00
zj:   7.7526203201099179e-72 f(zj):   3.3760961380953324e-57 pn(zj):   1.7554475725158141e+00
zj:  3.5230863936831187e-109 f(zj):   1.6039704617400945e-28 pn(zj):   1.7483762913742540e+00
zj:   1.4864264789593325e-76 f(zj):   1.1426119042477012e-71 pn(zj):   1.7413275690176895e+00
zj:   1.6574775994038264e-76 f(zj):   6.5217246994856105e-38 pn(zj):   1.7343013508285678e+00
zj:   7.7526116161426244e-72 f(zj):   1.1829546611236557e-76 pn(zj):   1.7272975822837937e+00
zj:  8.2012590046503612e+204 f(zj):  6.0136196164698546e-154 pn(zj):   1.7203162089546251e+00
zj:  3.5230863936825103e-109 f(zj):   5.9362734820212270e-38 pn(zj):   1.7133571765065687e+00
zj:   4.1782212158461761e-62 f(zj):   4.1848680408227529e-62 pn(zj):   1.7064204306992772e+00
zj:   1.3829398405288817e-47 f(zj):   1.8318850455670164e-76 pn(zj):   1.6995059173864429e+00
zj:   8.3185916094353990e-72 f(zj):   1.1829553302960491e-76 pn(zj):   1.6926135825156954e+00
zj:  8.2012590046506430e+204 f(zj):  6.0136196164698546e-154 pn(zj):   1.6857433721284982e+00
zj:   6.7692572999962862e-43 f(zj):   1.0298667408532063e-71 pn(zj):   1.6788952323600421e+00
zj:   4.7596175945602823e-38 f(zj):   7.7180085930088967e-43 pn(zj):   1.6720691094391453e+00
zj:  2.7892196602155139e+179 f(zj):  8.6023848556475238e+183 pn(zj):   1.6652649496881453e+00
zj:  1.9701896698966844e-153 f(zj):  6.0136181703254192e-154 pn(zj):   1.6584826995227990e+00
zj:   4.7607476713655062e-38 f(zj):   6.5297379371716289e-38 pn(zj):   1.6517223054521770e+00
zj:   1.9022125981490062e-52 f(zj):   2.4217836249421355e-52 pn(zj):   1.6449837140785597e+00
zj:   3.1184848186943312e-33 f(zj):  1.2572399551485056e+232 pn(zj):   1.6382668720973355e+00
zj:  1.9512347655568931e-153 f(zj):  6.0513972685449602e-154 pn(zj):   1.6315717262968956e+00
zj:   8.2344715029459520e-67 f(zj):   7.4969262589500128e-67 pn(zj):   1.6248982235585312e+00
zj:   1.0294193907353470e-71 f(zj):   9.3559098647208070e-67 pn(zj):   1.6182463108563310e+00
zj:   5.6357093772141528e-38 f(zj):  1.3160769790433642e-259 pn(zj):   1.6116159352570754e+00
zj:   1.6039704617400945e-28 f(zj):   3.4435330884255147e-86 pn(zj):   1.6050070439201365e+00
zj:   4.1848680408227529e-62 f(zj):   3.8590162910442899e-57 pn(zj):   1.5984195840973725e+00
zj:   1.8318850455670164e-76 f(zj):   7.7215392079687536e-43 pn(zj):   1.5918535031330248e+00
zj:   1.1829553302960491e-76 f(zj):  2.7680679381026879e+280 pn(zj):   1.5853087484636159e+00
zj:  6.0136196164698546e-154 f(zj):   3.4435330884136163e-86 pn(zj):   1.5787852676178460e+00
zj:   1.0298667408532063e-71 f(zj):   2.5820657008205168e-57 pn(zj):   1.5722830082164894e+00
zj:   7.7180085930088967e-43 f(zj):   3.5354121851562811e-57 pn(zj):   1.5658019179722917e+00
zj:  8.6023848556475238e+183 f(zj):  6.1799881683249009e-114 pn(zj):   1.5593419446898680e+00
zj:  6.0136181703254192e-154 f(zj):   4.5633524455567166e-72 pn(zj):   1.5529030362655982e+00
zj:   6.5297379371716289e-38 f(zj):   4.0807204795653087e-33 pn(zj):   1.5464851406875266e+00
zj:   2.4217836249421355e-52 f(zj):   7.4940624229837803e-67 pn(zj):   1.5400882060352561e+00
zj:  1.2572399551485056e+232 f(zj):  8.1642195725457962e+204 pn(zj):   1.5337121804798488e+00
zj:  6.0513972685449602e-154 f(zj):   1.0855803136205136e-71 pn(zj):   1.5273570122837210e+00
zj:   7.4969262589500128e-67 f(zj):   4.0127319852981595e-57 pn(zj):   1.5210226498005417e+00
zj:   9.3559098647208070e-67 f(zj):   5.2007852110916477e-90 pn(zj):   1.5147090414751303e+00
zj:  1.3160769790433642e-259 f(zj):  3.5230863936822715e-109 pn(zj):   1.5084161358433530e+00
zj:   3.4435330884255147e-86 f(zj):   5.0488766876023010e-38 pn(zj):   1.5021438815320218e+00
zj:   3.8590162910442899e-57 f(zj):   6.0089140085055515e-67 pn(zj):   1.4958922272587916e+00
zj:   7.7215392079687536e-43 f(zj):   5.2017439450866760e-90 pn(zj):   1.4896611218320568e+00
zj:  2.7680679381026879e+280 f(zj):  8.2012590046512156e+204 pn(zj):   1.4834505141508516e+00
zj:   3.4435330884136163e-86 f(zj):   1.0329066925043161e-47 pn(zj):   1.4772603532047457e+00
zj:   2.5820657008205168e-57 f(zj):   8.9791766580103566e-67 pn(zj):   1.4710905880737422e+00
zj:   3.5354121851562811e-57 f(zj):  3.2755083291090061e+179 pn(zj):   1.4649411679281774e+00
zj:  6.1799881683249009e-114 f(zj):  1.9701896698966844e-153 pn(zj):   1.4588120420286166e+00
zj:   4.5633524455567166e-72 f(zj):   1.8993482124028462e-52 pn(zj):   1.4527031597257536e+00
zj:   4.0807204795653087e-33 f(zj):   1.1089866696879357e-47 pn(zj):   1.4466144704603083e+00
zj:   7.4940624229837803e-67 f(zj):   2.5801676222511548e-57 pn(zj):   1.4405459237629250e+00
zj:  8.1642195725457962e+204 f(zj):  1.9512347655568931e-153 pn(zj):   1.4344974692540704e+00
zj:   1.0855803136205136e-71 f(zj):   1.2564737347672471e-71 pn(zj):   1.4284690566439318e+00
zj:   4.0127319852981595e-57 f(zj):   7.4090627778540766e-38 pn(zj):   1.4224606357323157e+00
zj:   5.2007852110916477e-90 f(zj):   3.3760961382429785e-57 pn(zj):   1.4164721564085467e+00
zj:   1.3826798478496412e-47 f(zj):   1.6039704617400945e-28 pn(zj):   1.4105035686513647e+00
zj:  8.1642195725457940e+204 f(zj):   2.5278134062275165e-52 pn(zj):   1.4045548225288240e+00
zj:   5.6366238630134447e-38 f(zj):   6.8167281717227892e-38 pn(zj):   1.3986258681981925e+00
zj:   6.8190377046185481e-38 f(zj):   8.1594310799017622e-43 pn(zj):   1.3927166559058490e+00
zj:   5.2026727900190085e-90 f(zj):   7.8551066219884688e-67 pn(zj):   1.3868271359871829e+00
zj:  3.5230863936828752e-109 f(zj):   1.6039704617400945e-28 pn(zj):   1.3809572588664929e+00
zj:   1.9155399338234342e-76 f(zj):   2.5814190235369958e-57 pn(zj):   1.3751069750568847e+00
zj:   7.7180083793997939e-43 f(zj):   7.8620625816352931e-67 pn(zj):   1.3692762351601713e+00
zj:   5.2055605208008703e-90 f(zj):   1.1829507077492366e-76 pn(zj):   1.3634649898667706e+00
zj:  8.2012590046517803e+204 f(zj):  6.0136196164698546e-154 pn(zj):   1.3576731899556052e+00
zj:   2.4049233005016952e-57 f(zj):   4.4270347222152755e-62 pn(zj):   1.3519007862940009e+00
zj:   6.5262894820549945e-38 f(zj):   3.2180407702706019e-57 pn(zj):   1.3461477298375861e+00
zj:  3.7611390699630324e+179 f(zj):  8.6148090887892750e+183 pn(zj):   1.3404139716301908e+00
zj:  1.9701896698966844e-153 f(zj):  6.0136181703254192e-154 pn(zj):   1.3346994628037452e+00
zj:   1.0303071651694736e-71 f(zj):   5.3531044888228841e-38 pn(zj):   1.3290041545781799e+00
zj:   9.5081740633060780e-43 f(zj):   6.8167148768413513e-38 pn(zj):   1.3233279982613246e+00
zj:   2.5801676222513025e-57 f(zj):  1.2590557588555153e+232 pn(zj):   1.3176709452488073e+00
zj:  1.9512347655568931e-153 f(zj):  6.0513972685449602e-154 pn(zj):   1.3120329470239540e+00
zj:   6.8167281717227892e-38 f(zj):   8.2417161561531740e-67 pn(zj):   1.3064139551576879e+00
zj:   8.1594310799017622e-43 f(zj):   1.3709962658361994e-71 pn(zj):   1.3008139213084289e+00
zj:   7.8551066219884688e-67 f(zj):  1.3160769790997816e-259 pn(zj):   1.2952327972219932e+00
zj:   1.6039704617400945e-28 f(zj):   4.4489154301184891e-86 pn(zj):   1.2896705347314938e+00
zj:   2.5814190235369958e-57 f(zj):   2.0049404907964622e-76 pn(zj):   1.2841270857572382e+00
zj:   7.8620625816352931e-67 f(zj):   1.3698942906625775e-71 pn(zj):   1.2786024023066294e+00
zj:   1.1829507077492366e-76 f(zj):  2.7680679448384432e+280 pn(zj):   1.2730964364740658e+00
zj:  6.0136196164698546e-154 f(zj):   4.8510683667837804e-86 pn(zj):   1.2676091404408407e+00
zj:   4.4270347222152755e-62 f(zj):   7.2608280202539281e-43 pn(zj):   1.2621404664750417e+00
zj:   3.2180407702706019e-57 f(zj):   6.7551245149324045e-67 pn(zj):   1.2566903669314515e+00
zj:  8.6148090887892750e+183 f(zj):  6.1799881318775332e-114 pn(zj):   1.2512587942514477e+00
zj:  6.0136181703254192e-154 f(zj):   4.5633524455567166e-72 pn(zj):   1.2458457009629016e+00
zj:   5.3531044888228841e-38 f(zj):   1.5184552593097067e-47 pn(zj):   1.2404510396800805e+00
zj:   6.8167148768413513e-38 f(zj):   3.8941459128876917e-33 pn(zj):   1.2350747631035459e+00
zj:  1.2590557588555153e+232 f(zj):  8.1642195725457862e+204 pn(zj):   1.2297168240200549e+00
zj:  6.0513972685449602e-154 f(zj):   1.5700984627186281e-76 pn(zj):   1.2243771753024597e+00
zj:   8.2417161561531740e-67 f(zj):   1.4010886739624802e-76 pn(zj):   1.2190557699096085e+00
zj:   1.3709962658361994e-71 f(zj):   5.2055753704950644e-90 pn(zj):   1.2137525608862454e+00
zj:  1.3160769790997816e-259 f(zj):  3.5230863936820305e-109 pn(zj):   1.2084675013629114e+00
zj:   4.4489154301184891e-86 f(zj):   2.5245649860294674e-52 pn(zj):   1.2032005445558442e+00
zj:   2.0049404907964622e-76 f(zj):   3.3118560384725879e-33 pn(zj):   1.1979516437668791e+00
zj:   1.3698942906625775e-71 f(zj):   5.2084518804571993e-90 pn(zj):   1.1927207523833498e+00
zj:  2.7680679448384432e+280 f(zj):  8.2012590046514996e+204 pn(zj):   1.1875078238779888e+00
zj:   4.8510683667837804e-86 f(zj):   3.6696217353846667e-62 pn(zj):   1.1823128118088277e+00
zj:   7.2608280202539281e-43 f(zj):   2.0037642357771061e-52 pn(zj):   1.1771356698190991e+00
zj:   6.7551245149324045e-67 f(zj):  4.0840585696385413e+179 pn(zj):   1.1719763516371358e+00
zj:  6.1799881318775332e-114 f(zj):  1.9701896698966844e-153 pn(zj):   1.1668348110762732e+00
zj:   4.5633524455567166e-72 f(zj):   4.7607476713655062e-38 pn(zj):   1.1617110020347496e+00
zj:   1.5184552593097067e-47 f(zj):   5.3542524676270797e-38 pn(zj):   1.1566048784956069e+00
zj:   3.8941459128876917e-33 f(zj):   3.1184848186503696e-33 pn(zj):   1.1515163945265923e+00
zj:   1.7250557869848087e-47 f(zj):  1.9512347655568931e-153 pn(zj):   1.1464455042800583e+00
zj:  6.1799881318302603e-114 f(zj):   3.6955368894855717e-33 pn(zj):   1.1413921619928651e+00
zj:   4.5633524455567166e-72 f(zj):   7.4125199736388103e-38 pn(zj):   1.1363563219862813e+00
zj:   5.3946293372679345e-62 f(zj):   6.0089422188928926e-67 pn(zj):   1.1313379386658846e+00
zj:   9.3501142745002761e-67 f(zj):   2.7388593736781424e-57 pn(zj):   1.1263369665214644e+00
zj:  8.1642195725457895e+204 f(zj):  1.9512347655568931e-153 pn(zj):   1.1213533601269217e+00
zj:   8.5981019850223965e-67 f(zj):   2.2158350128794447e-52 pn(zj):   1.1163870741401711e+00
zj:   4.2793378364538360e-33 f(zj):   2.5270153113266498e-52 pn(zj):   1.1114380633030434e+00
zj:   5.2074929855860312e-90 f(zj):   4.6617496358999708e-62 pn(zj):   1.1065062824411849e+00
zj:  3.5230863936828752e-109 f(zj):   1.6039704617400945e-28 pn(zj):   1.1015916864639610e+00
zj:   1.2011996683519638e-71 f(zj):   1.1428329867892083e-71 pn(zj):   1.0966942303643568e+00
zj:   2.2142037427957021e-52 f(zj):   4.8518476202917482e-33 pn(zj):   1.0918138692188788e+00
zj:   8.3185700024100465e-72 f(zj):   1.1829513692506012e-76 pn(zj):   1.0869505581874574e+00
zj:  8.2012590046503579e+204 f(zj):  6.0136196164698546e-154 pn(zj):   1.0821042525133482e+00
zj:   8.5440039061584201e-72 f(zj):   7.8635171059541455e-67 pn(zj):   1.0772749075230330e+00
zj:   2.5820583703539257e-57 f(zj):   1.3137384581820294e-71 pn(zj):   1.0724624786261236e+00
zj:  3.1153074233111160e+179 f(zj):  8.6023929601725346e+183 pn(zj):   1.0676669213152625e+00
zj:  1.9701896698966844e-153 f(zj):  6.0136181703254192e-154 pn(zj):   1.0628881911660253e+00
zj:   7.4125199736388103e-38 f(zj):   3.3141011754643154e-33 pn(zj):   1.0581262438368220e+00
zj:   6.0089422188928926e-67 f(zj):   1.3707769003683094e-71 pn(zj):   1.0533810350688007e+00
zj:   2.7388593736781424e-57 f(zj):  1.2590557588555834e+232 pn(zj):   1.0486525206857484e+00
zj:  1.9512347655568931e-153 f(zj):  6.0513972685449602e-154 pn(zj):   1.0439406565939939e+00
zj:   2.2158350128794447e-52 f(zj):   2.0057970145891256e-52 pn(zj):   1.0392453987823105e+00
zj:   2.5270153113266498e-52 f(zj):   8.2417161122821414e-67 pn(zj):   1.0345667033218169e+00
zj:   4.6617496358999708e-62 f(zj):  1.3160769790618497e-259 pn(zj):   1.0299045263658810e+00
zj:   1.6039704617400945e-28 f(zj):   4.2478389617798943e-86 pn(zj):   1.0252588241500225e+00
zj:   1.1428329867892083e-71 f(zj):   4.6729551333623454e-62 pn(zj):   1.0206295529918139e+00
zj:   4.8518476202917482e-33 f(zj):   2.1089879875734834e-52 pn(zj):   1.0160166692907848e+00
zj:   1.1829513692506012e-76 f(zj):  2.7680679043446673e+280 pn(zj):   1.0114201295283232e+00
zj:  6.0136196164698546e-154 f(zj):   4.4489154301065906e-86 pn(zj):   1.0068398902675793e+00
zj:   7.8635171059541455e-67 f(zj):   1.0298632932251373e-71 pn(zj):   1.0022759081533672e+00
zj:   1.3137384581820294e-71 f(zj):   1.2469034088133681e-47 pn(zj):   9.9772813991206888e-01
zj:  8.6023929601725346e+183 f(zj):  6.1799881803794778e-114 pn(zj):   9.9319654235153598e-01
zj:  6.0136181703254192e-154 f(zj):   4.5633524455567166e-72 pn(zj):   9.8868107236099301e-01
zj:   3.3141011754643154e-33 f(zj):   4.4681574480191593e-33 pn(zj):   9.8418168691094099e-01
zj:   1.3707769003683094e-71 f(zj):   3.8583988229088547e-57 pn(zj):   9.7969834305305936e-01
zj:  1.2590557588555834e+232 f(zj):  8.1642195725457929e+204 pn(zj):   9.7523099792011014e-01
zj:  6.0513972685449602e-154 f(zj):   2.0025438147734077e-52 pn(zj):   9.7077960872584013e-01
zj:   2.0057970145891256e-52 f(zj):   2.1106081432564185e-52 pn(zj):   9.6634413276488496e-01
zj:   8.2417161122821414e-67 f(zj):   5.2017327530670920e-90 pn(zj):   9.6192452741267154e-01
zj:  1.3160769790618497e-259 f(zj):  3.5230863936828762e-109 pn(zj):   9.5752075012532190e-01
zj:   4.2478389617798943e-86 f(zj):   5.6348558261104284e-62 pn(zj):   9.5313275843955647e-01
zj:   4.6729551333623454e-62 f(zj):   1.3147864406906188e-47 pn(zj):   9.4876050997259731e-01
zj:   2.1089879875734834e-52 f(zj):   5.2045941497090067e-90 pn(zj):   9.4440396242207159e-01
zj:  2.7680679043446673e+280 f(zj):  8.2012590046514985e+204 pn(zj):   9.4006307356591545e-01
zj:   4.4489154301065906e-86 f(zj):   8.5440039061584201e-72 pn(zj):   9.3573780126227701e-01
zj:   1.0298632932251373e-71 f(zj):   1.5205924310119830e-47 pn(zj):   9.3142810344942051e-01
zj:   1.2469034088133681e-47 f(zj):  3.2748677238956920e+179 pn(zj):   9.2713393814562961e-01
zj:   1.3703347183914743e-71 f(zj):  1.9701896698966844e-153 pn(zj):   9.2285526344911173e-01
zj:  2.7680679381026879e+280 f(zj):  8.2012590046503579e+204 pn(zj):   9.1859203753790108e-01
zj:   5.6008473097124718e-67 f(zj):   5.6051940345504313e-67 pn(zj):   9.1434421866976290e-01
zj:   4.4279880317777860e-62 f(zj):   3.0606009621583672e-57 pn(zj):   9.1011176518209758e-01
zj:  2.6252470239892186e+179 f(zj):  3.1146643739665180e+179 pn(zj):   9.0589463549184401e-01
zj:  6.1799882046311469e-114 f(zj):  1.9701896699140502e-153 pn(zj):   9.0169278809538456e-01
zj:   1.5528283712684925e-33 f(zj):   1.1097885113041658e-47 pn(zj):   8.9750618156844786e-01
zj:   6.1257806353925547e-62 f(zj):   1.2444906366076491e-47 pn(zj):   8.9333477456601429e-01
zj:   1.7239898336222509e-47 f(zj):   2.0896051552995700e-76 pn(zj):   8.8917852582221912e-01
zj:  8.1642243567575185e+204 f(zj):  1.9512347655568931e-153 pn(zj):   8.8503739415025728e-01
zj:   8.6008054550376049e-43 f(zj):   1.8993482124028462e-52 pn(zj):   8.8091133844228764e-01
zj:   5.8808098676176451e-62 f(zj):   3.9399121110077421e-62 pn(zj):   8.7680031766933708e-01
zj:   5.2036428771343363e-90 f(zj):   2.5801676225855635e-57 pn(zj):   8.7270429088120516e-01
zj:  3.5230863936821505e-109 f(zj):   1.6039704617400945e-28 pn(zj):   8.6862321720636837e-01
zj:   2.0056086072346461e-76 f(zj):   2.5257742983653892e-52 pn(zj):   8.6455705585188491e-01
zj:   4.6652732146401342e-33 f(zj):   8.6131083797695063e-43 pn(zj):   8.6050576610329921e-01
zj:   8.3185829734639924e-72 f(zj):   1.2693176540936696e-76 pn(zj):   8.5646930732454607e-01
zj:  8.2012590046503579e+204 f(zj):  6.0136196164698559e-154 pn(zj):   8.5244763895785614e-01
zj:   5.6051940345504313e-67 f(zj):   9.0667307820929112e-43 pn(zj):   8.4844072052365993e-01
zj:   3.0606009621583672e-57 f(zj):   9.0562280732956897e-43 pn(zj):   8.4444851162049339e-01
zj:  3.1146643739665180e+179 f(zj):  8.6127586445730983e+183 pn(zj):   8.4047097192490183e-01
zj:  1.9701896699140502e-153 f(zj):  6.0136181703254192e-154 pn(zj):   8.3650806119134546e-01
zj:   1.1097885113041658e-47 f(zj):   4.0133518463527429e-57 pn(zj):   8.3255973925210425e-01
zj:   1.2444906366076491e-47 f(zj):   4.9075067698106488e-62 pn(zj):   8.2862596601718275e-01
zj:   2.0896051552995700e-76 f(zj):  1.2587560860975941e+232 pn(zj):   8.2470670147421543e-01
zj:  1.9512347655568931e-153 f(zj):  6.0513972685449602e-154 pn(zj):   8.2080190568837152e-01
zj:   1.8993482124028462e-52 f(zj):   3.2180480721771592e-57 pn(zj):   8.1691153880226031e-01
zj:   3.9399121110077421e-62 f(zj):   1.5890152199046325e-47 pn(zj):   8.1303556103583663e-01
zj:   2.5801676225855635e-57 f(zj):  1.3973781872306729e-259 pn(zj):   8.0917393268630577e-01
zj:   1.6039704617400945e-28 f(zj):   4.0467624934412994e-86 pn(zj):   8.0532661412802886e-01
zj:   2.5257742983653892e-52 f(zj):   3.9427682725858278e-62 pn(zj):   8.0149356581242848e-01
zj:   8.6131083797695063e-43 f(zj):   1.9189214626718297e-76 pn(zj):   7.9767474826789408e-01
zj:   1.2693176540936696e-76 f(zj):  2.7680679043446673e+280 pn(zj):   7.9387012209968755e-01
zj:  6.0136196164698559e-154 f(zj):   3.8456860250908060e-86 pn(zj):   7.9007964798984809e-01
zj:   9.0667307820929112e-43 f(zj):   1.7234490204028440e-47 pn(zj):   7.8630328669709915e-01
zj:   9.0562280732956897e-43 f(zj):   8.6097051062676590e-67 pn(zj):   7.8254099905675278e-01
zj:  8.6127586445730983e+183 f(zj):  6.1799881803322050e-114 pn(zj):   7.7879274598061632e-01
zj:  6.0136181703254192e-154 f(zj):   1.5528283712684925e-33 pn(zj):   7.7505848845689784e-01
zj:   4.0133518463527429e-57 f(zj):   1.5868717673739596e-47 pn(zj):   7.7133818755011152e-01
zj:   4.9075067698106488e-62 f(zj):   2.4246352223191571e-52 pn(zj):   7.6763180440098433e-01
zj:  1.2587560860975941e+232 f(zj):  8.1642243567575263e+204 pn(zj):   7.6393930022636169e-01
zj:  6.0513972685449602e-154 f(zj):   1.9013841835226831e-52 pn(zj):   7.6026063631911323e-01
zj:   3.2180480721771592e-57 f(zj):   7.4056098737505902e-38 pn(zj):   7.5659577404803935e-01
zj:   1.5890152199046325e-47 f(zj):   7.7526117342136971e-72 pn(zj):   7.5294467485777650e-01
zj:  1.3973781872306729e-259 f(zj):  3.5230863936831187e-109 pn(zj):   7.4930730026870440e-01
zj:   4.0467624934412994e-86 f(zj):   2.7388613290580329e-57 pn(zj):   7.4568361187685162e-01
zj:   3.9427682725858278e-62 f(zj):   1.7242581459856551e-47 pn(zj):   7.4207357135380203e-01
zj:   5.6367552302387454e-62 f(zj):   7.7525858257088010e-72 pn(zj):   7.3847714044660107e-01
zj:   2.0899554258424408e-76 f(zj):  8.2012590046520710e+204 pn(zj):   7.3489428097766207e-01
zj:  1.3973781872867940e-259 f(zj):  3.5230863936827556e-109 pn(zj):   7.3132495484467319e-01
zj:   4.2478389617798943e-86 f(zj):   9.1666211934807950e-72 pn(zj):   7.2776912402050320e-01
zj:   4.4260815141920013e-62 f(zj):   2.3181911807635880e-52 pn(zj):   7.2422675055310859e-01
zj:   3.3779869240676486e-57 f(zj):   5.0807345696146886e-67 pn(zj):   7.2069779656543997e-01
zj:  2.7680679043446673e+280 f(zj):  8.2012590046506375e+204 pn(zj):   7.1718222425534894e-01
zj:   4.6499918984451855e-86 f(zj):   3.6724704057083947e-62 pn(zj):   7.1367999589549425e-01
zj:   8.9792050450974067e-67 f(zj):   3.1237651648434390e-33 pn(zj):   7.1019107383324931e-01
zj:   1.4844155550251886e-76 f(zj):  3.7585965426089139e+179 pn(zj):   7.0671542049060854e-01
zj:  6.1799881199175020e-114 f(zj):  1.9701896699140502e-153 pn(zj):   7.0325299836409461e-01
zj:   3.6154602916643315e-43 f(zj):   8.6166253102763766e-43 pn(zj):   6.9980377002466498e-01
zj:   2.7426170264013591e-57 f(zj):   9.9635756711196775e-43 pn(zj):   6.9636769811761945e-01
zj:   1.4844129092607810e-76 f(zj):   4.0822021071386569e-33 pn(zj):   6.9294474536250639e-01
zj:  8.1642243567575252e+204 f(zj):  1.9512347655568931e-153 pn(zj):   6.8953487455303097e-01
zj:   4.7550075840518149e-38 f(zj):   4.7607476713655062e-38 pn(zj):   6.8613804855696103e-01
zj:   6.2289766349821516e-38 f(zj):   0.0000000000000000e+00 pn(zj):   6.8275423031603566e-01
zj:   5.2084218884667091e-90 f(zj):  6.3066985625989280e-319 pn(zj):   6.7938338284587152e-01
zj:  3.5230863936827556e-109 f(zj):   0.0000000000000000e+00 pn(zj):   6.7602546923587026e-01
zj:   9.1666211934807950e-72 f(zj):   0.0000000000000000e+00 pn(zj):   6.7268045264912635e-01
zj:   2.3181911807635880e-52 f(zj):   0.0000000000000000e+00 pn(zj):   6.6934829632233450e-01
zj:   5.0807345696146886e-67 f(zj):   0.0000000000000000e+00 pn(zj):   6.6602896356569641e-01
zj:  8.2012590046506375e+204 f(zj):   0.0000000000000000e+00 pn(zj):   6.6272241776282947e-01
zj:   3.6724704057083947e-62 f(zj):   0.0000000000000000e+00 pn(zj):   6.5942862237067312e-01
zj:   3.1237651648434390e-33 f(zj):   0.0000000000000000e+00 pn(zj):   6.5614754091939786e-01
zj:  3.7585965426089139e+179 f(zj):   0.0000000000000000e+00 pn(zj):   6.5287913701231182e-01
zj:  1.9701896699140502e-153 f(zj):   0.0000000000000000e+00 pn(zj):   6.4962337432576911e-01
zj:   8.6166253102763766e-43 f(zj):   0.0000000000000000e+00 pn(zj):   6.4638021660907752e-01
zj:   9.9635756711196775e-43 f(zj):   0.0000000000000000e+00 pn(zj):   6.4314962768440642e-01
zj:   4.0822021071386569e-33 f(zj):   0.0000000000000000e+00 pn(zj):   6.3993157144669499e-01
zj:  1.9512347655568931e-153 f(zj):   0.0000000000000000e+00 pn(zj):   6.3672601186355937e-01
zj:   4.7607476713655062e-38 f(zj):   0.0000000000000000e+00 pn(zj):   6.3353291297520176e-01
zj:   0.0000000000000000e+00 f(zj):   0.0000000000000000e+00 pn(zj):   6.3035223889431791e-01
zj:  6.3066985625989280e-319 f(zj):   0.0000000000000000e+00 pn(zj):   6.2718395380600522e-01
zj:   0.0000000000000000e+00 f(zj):   0.0000000000000000e+00 pn(zj):   6.2402802196767149e-01
zj:   0.0000000000000000e+00 f(zj):   0.0000000000000000e+00 pn(zj):   6.2088440770894282e-01
zj:   0.0000000000000000e+00 f(zj):   0.0000000000000000e+00 pn(zj):   6.1775307543157165e-01
zj:   0.0000000000000000e+00 f(zj):   0.0000000000000000e+00 pn(zj):   6.1463398960934568e-01
zj:   0.0000000000000000e+00 f(zj):   0.0000000000000000e+00 pn(zj):   6.1152711478799637e-01
zj:   0.0000000000000000e+00 f(zj):   0.0000000000000000e+00 pn(zj):   6.0843241558510686e-01
zj:   0.0000000000000000e+00 f(zj):   0.0000000000000000e+00 pn(zj):   6.0534985669002084e-01
zj:   0.0000000000000000e+00 f(zj):   0.0000000000000000e+00 pn(zj):   6.0227940286375115e-01
zj:   0.0000000000000000e+00 f(zj):   0.0000000000000000e+00 pn(zj):   5.9922101893888879e-01
zj:   0.0000000000000000e+00 f(zj):   0.0000000000000000e+00 pn(zj):   5.9617466981951073e-01
zj:   0.0000000000000000e+00 f(zj):   0.0000000000000000e+00 pn(zj):   5.9314032048108967e-01
zj:   0.0000000000000000e+00 f(zj):   0.0000000000000000e+00 pn(zj):   5.9011793597040230e-01
zj:   0.0000000000000000e+00 f(zj):   0.0000000000000000e+00 pn(zj):   5.8710748140543823e-01
zj:   0.0000000000000000e+00 f(zj):   0.0000000000000000e+00 pn(zj):   5.8410892197530917e-01
zj:   0.0000000000000000e+00 f(zj):   0.0000000000000000e+00 pn(zj):   5.8112222294015770e-01
zj:   0.0000000000000000e+00 f(zj):   0.0000000000000000e+00 pn(zj):   5.7814734963106629e-01
zj:   0.0000000000000000e+00 f(zj):   0.0000000000000000e+00 pn(zj):   5.7518426744996676e-01
zj:   0.0000000000000000e+00 f(zj):   0.0000000000000000e+00 pn(zj):   5.7223294186954876e-01
zj:   0.0000000000000000e+00 f(zj):   0.0000000000000000e+00 pn(zj):   5.6929333843316976e-01
zj:   0.0000000000000000e+00 f(zj):   0.0000000000000000e+00 pn(zj):   5.6636542275476398e-01
zj:   0.0000000000000000e+00 f(zj):   0.0000000000000000e+00 pn(zj):   5.6344916051875138e-01
zj:   0.0000000000000000e+00 f(zj):   0.0000000000000000e+00 pn(zj):   5.6054451747994771e-01
zj:   0.0000000000000000e+00 f(zj):   0.0000000000000000e+00 pn(zj):   5.5765145946347316e-01
zj:   0.0000000000000000e+00 f(zj):   0.0000000000000000e+00 pn(zj):   5.5476995236466276e-01
zj:   0.0000000000000000e+00 f(zj):   0.0000000000000000e+00 pn(zj):   5.5189996214897508e-01
zj:   0.0000000000000000e+00 f(zj):   0.0000000000000000e+00 pn(zj):   5.4904145485190248e-01
zj:   0.0000000000000000e+00 f(zj):   0.0000000000000000e+00 pn(zj):   5.4619439657888014e-01
zj:   0.0000000000000000e+00 f(zj):   0.0000000000000000e+00 pn(zj):   5.4335875350519647e-01
zj:   0.0000000000000000e+00 f(zj):   0.0000000000000000e+00 pn(zj):   5.4053449187590208e-01
zj:   0.0000000000000000e+00 f(zj):   0.0000000000000000e+00 pn(zj):   5.3772157800572051e-01
zj:   0.0000000000000000e+00 f(zj):   0.0000000000000000e+00 pn(zj):   5.3491997827895754e-01
zj:   0.0000000000000000e+00 f(zj):   0.0000000000000000e+00 pn(zj):   5.3212965914941091e-01
zj:   0.0000000000000000e+00 f(zj):   0.0000000000000000e+00 pn(zj):   5.2935058714028060e-01
zj:   0.0000000000000000e+00 f(zj):   0.0000000000000000e+00 pn(zj):   5.2658272884407953e-01
zj:   0.0000000000000000e+00 f(zj):   0.0000000000000000e+00 pn(zj):   5.2382605092254220e-01
zj:   0.0000000000000000e+00 f(zj):   0.0000000000000000e+00 pn(zj):   5.2108052010653627e-01
zj:   0.0000000000000000e+00 f(zj):   0.0000000000000000e+00 pn(zj):   5.1834610319597174e-01
zj:   0.0000000000000000e+00 f(zj):   0.0000000000000000e+00 pn(zj):   5.1562276705971199e-01
zj:   0.0000000000000000e+00 f(zj):   0.0000000000000000e+00 pn(zj):   5.1291047863548322e-01
zj:   0.0000000000000000e+00 f(zj):   0.0000000000000000e+00 pn(zj):   5.1020920492978616e-01
zj:   0.0000000000000000e+00 f(zj):   0.0000000000000000e+00 pn(zj):   5.0751891301780461e-01
zj:   0.0000000000000000e+00 f(zj):   0.0000000000000000e+00 pn(zj):   5.0483957004331792e-01
zj:   0.0000000000000000e+00 f(zj):   0.0000000000000000e+00 pn(zj):   5.0217114321861012e-01
zj:   0.0000000000000000e+00 f(zj):   0.0000000000000000e+00 pn(zj):   4.9951359982438126e-01
zj:   0.0000000000000000e+00 f(zj):   0.0000000000000000e+00 pn(zj):   4.9686690720965743e-01
zj:   0.0000000000000000e+00 f(zj):   0.0000000000000000e+00 pn(zj):   4.9423103279170233e-01
zj:   0.0000000000000000e+00 f(zj):   0.0000000000000000e+00 pn(zj):   4.9160594405592706e-01
zj:   0.0000000000000000e+00 f(zj):   0.0000000000000000e+00 pn(zj):   4.8899160855580159e-01
zj:   0.0000000000000000e+00 f(zj):   0.0000000000000000e+00 pn(zj):   4.8638799391276577e-01
zj:   0.0000000000000000e+00 f(zj):   0.0000000000000000e+00 pn(zj):   4.8379506781613923e-01
zj:   0.0000000000000000e+00 f(zj):   0.0000000000000000e+00 pn(zj):   4.8121279802303407e-01
zj:   0.0000000000000000e+00 f(zj):   0.0000000000000000e+00 pn(zj):   4.7864115235826377e-01
zj:   0.0000000000000000e+00 f(zj):   0.0000000000000000e+00 pn(zj):   4.7608009871425616e-01
zj:   0.0000000000000000e+00 f(zj):   0.0000000000000000e+00 pn(zj):   4.7352960505096353e-01
zj:   0.0000000000000000e+00 f(zj):   0.0000000000000000e+00 pn(zj):   4.7098963939577443e-01
zj:   0.0000000000000000e+00 f(zj):   0.0000000000000000e+00 pn(zj):   4.6846016984342431e-01
zj:   0.0000000000000000e+00 f(zj):   0.0000000000000000e+00 pn(zj):   4.6594116455590695e-01
zj:   0.0000000000000000e+00 f(zj):   0.0000000000000000e+00 pn(zj):   4.6343259176238660e-01
zj:   0.0000000000000000e+00 f(zj):   0.0000000000000000e+00 pn(zj):   4.6093441975910843e-01
zj:   0.0000000000000000e+00 f(zj):   0.0000000000000000e+00 pn(zj):   4.5844661690931032e-01
zj:   0.0000000000000000e+00 f(zj):   0.0000000000000000e+00 pn(zj):   4.5596915164313467e-01
zj:   0.0000000000000000e+00 f(zj):   0.0000000000000000e+00 pn(zj):   4.5350199245754008e-01
zj:   0.0000000000000000e+00 f(zj):   0.0000000000000000e+00 pn(zj):   4.5104510791621211e-01
zj:   0.0000000000000000e+00 f(zj):   0.0000000000000000e+00 pn(zj):   4.4859846664947589e-01
zj:   0.0000000000000000e+00 f(zj):   0.0000000000000000e+00 pn(zj):   4.4616203735420745e-01
zj:   0.0000000000000000e+00 f(zj):   0.0000000000000000e+00 pn(zj):   4.4373578879374587e-01
zj:   0.0000000000000000e+00 f(zj):   0.0000000000000000e+00 pn(zj):   4.4131968979780478e-01
zj:   0.0000000000000000e+00 f(zj):   0.0000000000000000e+00 pn(zj):   4.3891370926238449e-01
zj:   0.0000000000000000e+00 f(zj):   0.0000000000000000e+00 pn(zj):   4.3651781614968355e-01
zj:   0.0000000000000000e+00 f(zj):   0.0000000000000000e+00 pn(zj):   4.3413197948801174e-01
zj:   0.0000000000000000e+00 f(zj):   0.0000000000000000e+00 pn(zj):   4.3175616837170105e-01
zj:   0.0000000000000000e+00 f(zj):   0.0000000000000000e+00 pn(zj):   4.2939035196101860e-01
zj:   0.0000000000000000e+00 f(zj):   0.0000000000000000e+00 pn(zj):   4.2703449948207828e-01
zj:   0.0000000000000000e+00 f(zj):   0.0000000000000000e+00 pn(zj):   4.2468858022675349e-01
zj:   0.0000000000000000e+00 f(zj):   0.0000000000000000e+00 pn(zj):   4.2235256355258954e-01
zj:   0.0000000000000000e+00 f(zj):   0.0000000000000000e+00 pn(zj):   4.2002641888271475e-01
zj:   0.0000000000000000e+00 f(zj):   0.0000000000000000e+00 pn(zj):   4.1771011570575500e-01
zj:   0.0000000000000000e+00 f(zj):   0.0000000000000000e+00 pn(zj):   4.1540362357574412e-01
zj:   0.0000000000000000e+00 f(zj):   0.0000000000000000e+00 pn(zj):   4.1310691211203776e-01
zj:   0.0000000000000000e+00 f(zj):   0.0000000000000000e+00 pn(zj):   4.1081995099922575e-01
zj:   0.0000000000000000e+00 f(zj):   0.0000000000000000e+00 pn(zj):   4.0854270998704389e-01
zj:   0.0000000000000000e+00 f(zj):   0.0000000000000000e+00 pn(zj):   4.0627515889028776e-01
zj:   0.0000000000000000e+00 f(zj):   0.0000000000000000e+00 pn(zj):   4.0401726758872503e-01
zj:   0.0000000000000000e+00 f(zj):   0.0000000000000000e+00 pn(zj):   4.0176900602700794e-01
zj:   0.0000000000000000e+00 f(zj):   0.0000000000000000e+00 pn(zj):   3.9953034421458655e-01
zj:   0.0000000000000000e+00 f(zj):   0.0000000000000000e+00 pn(zj):   3.9730125222562185e-01
zj:   0.0000000000000000e+00 f(zj):   0.0000000000000000e+00 pn(zj):   3.9508170019889810e-01
zj:   0.0000000000000000e+00 f(zj):   0.0000000000000000e+00 pn(zj):   3.9287165833773618e-01
zj:   0.0000000000000000e+00 f(zj):   0.0000000000000000e+00 pn(zj):   3.9067109690990709e-01
zj:   0.0000000000000000e+00 f(zj):   0.0000000000000000e+00 pn(zj):   3.8847998624754410e-01
zj:   0.0000000000000000e+00 f(zj):   0.0000000000000000e+00 pn(zj):   3.8629829674705718e-01
zj:   0.0000000000000000e+00 f(zj):   0.0000000000000000e+00 pn(zj):   3.8412599886904497e-01
zj:   0.0000000000000000e+00 f(zj):   0.0000000000000000e+00 pn(zj):   3.8196306313820905e-01
zj:   0.0000000000000000e+00 f(zj):   0.0000000000000000e+00 pn(zj):   3.7980946014326689e-01
zj:   0.0000000000000000e+00 f(zj):   0.0000000000000000e+00 pn(zj):   3.7766516053686539e-01
zj:   0.0000000000000000e+00 f(zj):   0.0000000000000000e+00 pn(zj):   3.7553013503549426e-01
zj:   0.0000000000000000e+00 f(zj):   0.0000000000000000e+00 pn(zj):   3.7340435441939923e-01
zj:   0.0000000000000000e+00 f(zj):   0.0000000000000000e+00 pn(zj):   3.7128778953249664e-01
zj:   0.0000000000000000e+00 f(zj):   0.0000000000000000e+00 pn(zj):   3.6918041128228585e-01
zj:   0.0000000000000000e+00 f(zj):   0.0000000000000000e+00 pn(zj):   3.6708219063976377e-01
zj:   0.0000000000000000e+00 f(zj):   0.0000000000000000e+00 pn(zj):   3.6499309863933793e-01
zj:   0.0000000000000000e+00 f(zj):   0.0000000000000000e+00 pn(zj):   3.6291310637874130e-01
zj:   0.0000000000000000e+00 f(zj):   0.0000000000000000e+00 pn(zj):   3.6084218501894494e-01
zj:   0.0000000000000000e+00 f(zj):   0.0000000000000000e+00 pn(zj):   3.5878030578407272e-01
zj:   0.0000000000000000e+00 f(zj):   0.0000000000000000e+00 pn(zj):   3.5672743996131484e-01
zj:   0.0000000000000000e+00 f(zj):   0.0000000000000000e+00 pn(zj):   3.5468355890084247e-01
zj:   0.0000000000000000e+00 f(zj):   0.0000000000000000e+00 pn(zj):   3.5264863401572122e-01
zj:   0.0000000000000000e+00 f(zj):   0.0000000000000000e+00 pn(zj):   3.5062263678182515e-01
zj:   0.0000000000000000e+00 f(zj):   0.0000000000000000e+00 pn(zj):   3.4860553873775169e-01
zj:   0.0000000000000000e+00 f(zj):   0.0000000000000000e+00 pn(zj):   3.4659731148473527e-01
zj:   0.0000000000000000e+00 f(zj):   0.0000000000000000e+00 pn(zj):   3.4459792668656164e-01
zj:   0.0000000000000000e+00 f(zj):   0.0000000000000000e+00 pn(zj):   3.4260735606948289e-01
zj:   0.0000000000000000e+00 f(zj):   0.0000000000000000e+00 pn(zj):   3.4062557142213101e-01
zj:   0.0000000000000000e+00 f(zj):   0.0000000000000000e+00 pn(zj):   3.3865254459543248e-01
zj:   0.0000000000000000e+00 f(zj):   0.0000000000000000e+00 pn(zj):   3.3668824750252357e-01
zj:   0.0000000000000000e+00 f(zj):   0.0000000000000000e+00 pn(zj):   3.3473265211866376e-01
zj:   0.0000000000000000e+00 f(zj):   0.0000000000000000e+00 pn(zj):   3.3278573048115168e-01
zj:   0.0000000000000000e+00 f(zj):   0.0000000000000000e+00 pn(zj):   3.3084745468923815e-01
zj:   0.0000000000000000e+00 f(zj):   0.0000000000000000e+00 pn(zj):   3.2891779690404277e-01
zj:   0.0000000000000000e+00 f(zj):   0.0000000000000000e+00 pn(zj):   3.2699672934846702e-01
zj:   0.0000000000000000e+00 f(zj):   0.0000000000000000e+00 pn(zj):   3.2508422430711037e-01
zj:   0.0000000000000000e+00 f(zj):   0.0000000000000000e+00 pn(zj):   3.2318025412618445e-01
zj:   0.0000000000000000e+00 f(zj):   0.0000000000000000e+00 pn(zj):   3.2128479121342846e-01
zj:   0.0000000000000000e+00 f(zj):   0.0000000000000000e+00 pn(zj):   3.1939780803802387e-01
zj:   0.0000000000000000e+00 f(zj):   0.0000000000000000e+00 pn(zj):   3.1751927713050943e-01
zj:   0.0000000000000000e+00 f(zj):   0.0000000000000000e+00 pn(zj):   3.1564917108269652e-01
zj:   0.0000000000000000e+00 f(zj):   0.0000000000000000e+00 pn(zj):   3.1378746254758472e-01
zj:   0.0000000000000000e+00 f(zj):   0.0000000000000000e+00 pn(zj):   3.1193412423927591e-01
zj:   0.0000000000000000e+00 f(zj):   0.0000000000000000e+00 pn(zj):   3.1008912893289065e-01
zj:   0.0000000000000000e+00 f(zj):   0.0000000000000000e+00 pn(zj):   3.0825244946448316e-01
zj:   0.0000000000000000e+00 f(zj):   0.0000000000000000e+00 pn(zj):   3.0642405873095668e-01
zj:   0.0000000000000000e+00 f(zj):   0.0000000000000000e+00 pn(zj):   3.0460392968997863e-01
zj:   0.0000000000000000e+00 f(zj):   0.0000000000000000e+00 pn(zj):   3.0279203535989674e-01
zj:   0.0000000000000000e+00 f(zj):   0.0000000000000000e+00 pn(zj):   3.0098834881965419e-01
zj:   0.0000000000000000e+00 f(zj):   0.0000000000000000e+00 pn(zj):   2.9919284320870554e-01
zj:   0.0000000000000000e+00 f(zj):   0.0000000000000000e+00 pn(zj):   2.9740549172693187e-01
zj:   0.0000000000000000e+00 f(zj):   0.0000000000000000e+00 pn(zj):   2.9562626763455691e-01
zj:   0.0000000000000000e+00 f(zj):   0.0000000000000000e+00 pn(zj):   2.9385514425206338e-01
zj:   0.0000000000000000e+00 f(zj):   0.0000000000000000e+00 pn(zj):   2.9209209496010746e-01
zj:   0.0000000000000000e+00 f(zj):   0.0000000000000000e+00 pn(zj):   2.9033709319943590e-01
zj:   0.0000000000000000e+00 f(zj):   0.0000000000000000e+00 pn(zj):   2.8859011247080124e-01
zj:   0.0000000000000000e+00 f(zj):   0.0000000000000000e+00 pn(zj):   2.8685112633487853e-01
zj:   0.0000000000000000e+00 f(zj):   0.0000000000000000e+00 pn(zj):   2.8512010841218083e-01
zj:   0.0000000000000000e+00 f(zj):   0.0000000000000000e+00 pn(zj):   2.8339703238297520e-01
zj:   0.0000000000000000e+00 f(zj):   0.0000000000000000e+00 pn(zj):   2.8168187198719929e-01
zj:   0.0000000000000000e+00 f(zj):   0.0000000000000000e+00 pn(zj):   2.7997460102437777e-01
zj:   0.0000000000000000e+00 f(zj):   0.0000000000000000e+00 pn(zj):   2.7827519335353801e-01
zj:   0.0000000000000000e+00 f(zj):   0.0000000000000000e+00 pn(zj):   2.7658362289312677e-01
zj:   0.0000000000000000e+00 f(zj):   0.0000000000000000e+00 pn(zj):   2.7489986362092622e-01
zj:   0.0000000000000000e+00 f(zj):   0.0000000000000000e+00 pn(zj):   2.7322388957397126e-01
zj:   0.0000000000000000e+00 f(zj):   0.0000000000000000e+00 pn(zj):   2.7155567484846510e-01
zj:   0.0000000000000000e+00 f(zj):   0.0000000000000000e+00 pn(zj):   2.6989519359969627e-01
zj:   0.0000000000000000e+00 f(zj):   0.0000000000000000e+00 pn(zj):   2.6824242004195509e-01
zj:   0.0000000000000000e+00 f(zj):   0.0000000000000000e+00 pn(zj):   2.6659732844845052e-01
zj:   0.0000000000000000e+00 f(zj):   0.0000000000000000e+00 pn(zj):   2.6495989315122670e-01
zj:   0.0000000000000000e+00 f(zj):   0.0000000000000000e+00 pn(zj):   2.6333008854107987e-01
zj:   0.0000000000000000e+00 f(zj):   0.0000000000000000e+00 pn(zj):   2.6170788906747489e-01
zj:   0.0000000000000000e+00 f(zj):   0.0000000000000000e+00 pn(zj):   2.6009326923846299e-01
zj:   0.0000000000000000e+00 f(zj):   0.0000000000000000e+00 pn(zj):   2.5848620362059749e-01
zj:   0.0000000000000000e+00 f(zj):   0.0000000000000000e+00 pn(zj):   2.5688666683885164e-01
zj:   0.0000000000000000e+00 f(zj):   0.0000000000000000e+00 pn(zj):   2.5529463357653592e-01
zj:   0.0000000000000000e+00 f(zj):   0.0000000000000000e+00 pn(zj):   2.5371007857521366e-01
zj:   0.0000000000000000e+00 f(zj):   0.0000000000000000e+00 pn(zj):   2.5213297663462042e-01
zj:   0.0000000000000000e+00 f(zj):   0.0000000000000000e+00 pn(zj):   2.5056330261257942e-01
zj:   0.0000000000000000e+00 f(zj):   0.0000000000000000e+00 pn(zj):   2.4900103142491958e-01
zj:   0.0000000000000000e+00 f(zj):   0.0000000000000000e+00 pn(zj):   2.4744613804539284e-01
zj:   0.0000000000000000e+00 f(zj):   0.0000000000000000e+00 pn(zj):   2.4589859750559107e-01
zj:   0.0000000000000000e+00 f(zj):   0.0000000000000000e+00 pn(zj):   2.4435838489486439e-01
zj:   0.0000000000000000e+00 f(zj):   0.0000000000000000e+00 pn(zj):   2.4282547536023791e-01
zj:   0.0000000000000000e+00 f(zj):   0.0000000000000000e+00 pn(zj):   2.4129984410632954e-01
zj:   0.0000000000000000e+00 f(zj):   0.0000000000000000e+00 pn(zj):   2.3978146639526765e-01
zj:   0.0000000000000000e+00 f(zj):   0.0000000000000000e+00 pn(zj):   2.3827031754660866e-01
zj:   0.0000000000000000e+00 f(zj):   0.0000000000000000e+00 pn(zj):   2.3676637293725522e-01
zj:   0.0000000000000000e+00 f(zj):   0.0000000000000000e+00 pn(zj):   2.3526960800137264e-01
zj:   0.0000000000000000e+00 f(zj):   0.0000000000000000e+00 pn(zj):   2.3377999823030848e-01
zj:   0.0000000000000000e+00 f(zj):   0.0000000000000000e+00 pn(zj):   2.3229751917250929e-01
zj:   0.0000000000000000e+00 f(zj):   0.0000000000000000e+00 pn(zj):   2.3082214643343901e-01
zj:   0.0000000000000000e+00 f(zj):   0.0000000000000000e+00 pn(zj):   2.2935385567549682e-01
zj:   0.0000000000000000e+00 f(zj):   0.0000000000000000e+00 pn(zj):   2.2789262261793497e-01
zj:   0.0000000000000000e+00 f(zj):   0.0000000000000000e+00 pn(zj):   2.2643842303677719e-01
zj:   0.0000000000000000e+00 f(zj):   0.0000000000000000e+00 pn(zj):   2.2499123276473731e-01
zj:   0.0000000000000000e+00 f(zj):   0.0000000000000000e+00 pn(zj):   2.2355102769113611e-01
zj:   0.0000000000000000e+00 f(zj):   0.0000000000000000e+00 pn(zj):   2.2211778376182112e-01
zj:   0.0000000000000000e+00 f(zj):   0.0000000000000000e+00 pn(zj):   2.2069147697908398e-01
zj:   0.0000000000000000e+00 f(zj):   0.0000000000000000e+00 pn(zj):   2.1927208340157922e-01
zj:   0.0000000000000000e+00 f(zj):   0.0000000000000000e+00 pn(zj):   2.1785957914424248e-01
zj:   0.0000000000000000e+00 f(zj):   0.0000000000000000e+00 pn(zj):   2.1645394037820942e-01
zj:   0.0000000000000000e+00 f(zj):   0.0000000000000000e+00 pn(zj):   2.1505514333073350e-01
zj:   0.0000000000000000e+00 f(zj):   0.0000000000000000e+00 pn(zj):   2.1366316428510568e-01
zj:   0.0000000000000000e+00 f(zj):   0.0000000000000000e+00 pn(zj):   2.1227797958057215e-01
zj:   0.0000000000000000e+00 f(zj):   0.0000000000000000e+00 pn(zj):   2.1089956561225298e-01
zj:   0.0000000000000000e+00 f(zj):   0.0000000000000000e+00 pn(zj):   2.0952789883106193e-01
zj:   0.0000000000000000e+00 f(zj):   0.0000000000000000e+00 pn(zj):   2.0816295574362453e-01
zj:   0.0000000000000000e+00 f(zj):   0.0000000000000000e+00 pn(zj):   2.0680471291219671e-01
zj:   0.0000000000000000e+00 f(zj):   0.0000000000000000e+00 pn(zj):   2.0545314695458416e-01
zj:   0.0000000000000000e+00 f(zj):   0.0000000000000000e+00 pn(zj):   2.0410823454406168e-01
zj:   0.0000000000000000e+00 f(zj):   0.0000000000000000e+00 pn(zj):   2.0276995240929130e-01
zj:   0.0000000000000000e+00 f(zj):   0.0000000000000000e+00 pn(zj):   2.0143827733424224e-01
zj:   0.0000000000000000e+00 f(zj):   0.0000000000000000e+00 pn(zj):   2.0011318615810947e-01
zj:   0.0000000000000000e+00 f(zj):   0.0000000000000000e+00 pn(zj):   1.9879465577523314e-01
zj:   0.0000000000000000e+00 f(zj):   0.0000000000000000e+00 pn(zj):   1.9748266313501828e-01
zj:   0.0000000000000000e+00 f(zj):   0.0000000000000000e+00 pn(zj):   1.9617718524185335e-01
zj:   0.0000000000000000e+00 f(zj):   0.0000000000000000e+00 pn(zj):   1.9487819915503013e-01
zj:   0.0000000000000000e+00 f(zj):   0.0000000000000000e+00 pn(zj):   1.9358568198866288e-01
zj:   0.0000000000000000e+00 f(zj):   0.0000000000000000e+00 pn(zj):   1.9229961091160808e-01
zj:   0.0000000000000000e+00 f(zj):   0.0000000000000000e+00 pn(zj):   1.9101996314738412e-01
zj:   0.0000000000000000e+00 f(zj):   0.0000000000000000e+00 pn(zj):   1.8974671597409021e-01
zj:   0.0000000000000000e+00 f(zj):   0.0000000000000000e+00 pn(zj):   1.8847984672432672e-01
zj:   0.0000000000000000e+00 f(zj):   0.0000000000000000e+00 pn(zj):   1.8721933278511449e-01
zj:   0.0000000000000000e+00 f(zj):   0.0000000000000000e+00 pn(zj):   1.8596515159781524e-01
zj:   0.0000000000000000e+00 f(zj):   0.0000000000000000e+00 pn(zj):   1.8471728065805015e-01
zj:   0.0000000000000000e+00 f(zj):   0.0000000000000000e+00 pn(zj):   1.8347569751562098e-01
zj:   0.0000000000000000e+00 f(zj):   0.0000000000000000e+00 pn(zj):   1.8224037977442964e-01
zj:   0.0000000000000000e+00 f(zj):   0.0000000000000000e+00 pn(zj):   1.8101130509239771e-01
zj:   0.0000000000000000e+00 f(zj):   0.0000000000000000e+00 pn(zj):   1.7978845118138698e-01
zj:   0.0000000000000000e+00 f(zj):   0.0000000000000000e+00 pn(zj):   1.7857179580711924e-01
zj:   0.0000000000000000e+00 f(zj):   0.0000000000000000e+00 pn(zj):   1.7736131678909695e-01
zj:   0.0000000000000000e+00 f(zj):   0.0000000000000000e+00 pn(zj):   1.7615699200052282e-01
zj:   0.0000000000000000e+00 f(zj):   0.0000000000000000e+00 pn(zj):   1.7495879936822034e-01
zj:   0.0000000000000000e+00 f(zj):   0.0000000000000000e+00 pn(zj):   1.7376671687255429e-01
zj:   0.0000000000000000e+00 f(zj):   0.0000000000000000e+00 pn(zj):   1.7258072254735080e-01
zj:   0.0000000000000000e+00 f(zj):   0.0000000000000000e+00 pn(zj):   1.7140079447981782e-01
zj:   0.0000000000000000e+00 f(zj):   0.0000000000000000e+00 pn(zj):   1.7022691081046593e-01
zj:   0.0000000000000000e+00 f(zj):   0.0000000000000000e+00 pn(zj):   1.6905904973302854e-01
zj:   0.0000000000000000e+00 f(zj):   0.0000000000000000e+00 pn(zj):   1.6789718949438248e-01
zj:   0.0000000000000000e+00 f(zj):   0.0000000000000000e+00 pn(zj):   1.6674130839446899e-01
zj:   0.0000000000000000e+00 f(zj):   0.0000000000000000e+00 pn(zj):   1.6559138478621394e-01
zj:   0.0000000000000000e+00 f(zj):   0.0000000000000000e+00 pn(zj):   1.6444739707544909e-01
zj:   0.0000000000000000e+00 f(zj):   0.0000000000000000e+00 pn(zj):   1.6330932372083273e-01
zj:   0.0000000000000000e+00 f(zj):   0.0000000000000000e+00 pn(zj):   1.6217714323376997e-01
zj:   0.0000000000000000e+00 f(zj):   0.0000000000000000e+00 pn(zj):   1.6105083417833488e-01
zj:   0.0000000000000000e+00 f(zj):   0.0000000000000000e+00 pn(zj):   1.5993037517119024e-01
zj:   0.0000000000000000e+00 f(zj):   0.0000000000000000e+00 pn(zj):   1.5881574488150962e-01
zj:   0.0000000000000000e+00 f(zj):   0.0000000000000000e+00 pn(zj):   1.5770692203089731e-01
zj:   0.0000000000000000e+00 f(zj):   0.0000000000000000e+00 pn(zj):   1.5660388539331083e-01
zj:   0.0000000000000000e+00 f(zj):   0.0000000000000000e+00 pn(zj):   1.5550661379498099e-01
zj:   0.0000000000000000e+00 f(zj):   0.0000000000000000e+00 pn(zj):   1.5441508611433385e-01
zj:   0.0000000000000000e+00 f(zj):   0.0000000000000000e+00 pn(zj):   1.5332928128191159e-01
zj:   0.0000000000000000e+00 f(zj):   0.0000000000000000e+00 pn(zj):   1.5224917828029416e-01
zj:   0.0000000000000000e+00 f(zj):   0.0000000000000000e+00 pn(zj):   1.5117475614402054e-01
zj:   0.0000000000000000e+00 f(zj):   0.0000000000000000e+00 pn(zj):   1.5010599395951041e-01
zj:   0.0000000000000000e+00 f(zj):   0.0000000000000000e+00 pn(zj):   1.4904287086498547e-01
zj:   0.0000000000000000e+00 f(zj):   0.0000000000000000e+00 pn(zj):   1.4798536605039114e-01
zj:   0.0000000000000000e+00 f(zj):   0.0000000000000000e+00 pn(zj):   1.4693345875731834e-01
zj:   0.0000000000000000e+00 f(zj):   0.0000000000000000e+00 pn(zj):   1.4588712827892492e-01
zj:   0.0000000000000000e+00 f(zj):   0.0000000000000000e+00 pn(zj):   1.4484635395985734e-01
zj:   0.0000000000000000e+00 f(zj):   0.0000000000000000e+00 pn(zj):   1.4381111519617329e-01
zj:   0.0000000000000000e+00 f(zj):   0.0000000000000000e+00 pn(zj):   1.4278139143526214e-01
zj:   0.0000000000000000e+00 f(zj):   0.0000000000000000e+00 pn(zj):   1.4175716217576850e-01
zj:   0.0000000000000000e+00 f(zj):   0.0000000000000000e+00 pn(zj):   1.4073840696751272e-01
zj:   0.0000000000000000e+00 f(zj):   0.0000000000000000e+00 pn(zj):   1.3972510541141370e-01
zj:   0.0000000000000000e+00 f(zj):   0.0000000000000000e+00 pn(zj):   1.3871723715941131e-01
zj:   0.0000000000000000e+00 f(zj):   0.0000000000000000e+00 pn(zj):   1.3771478191438746e-01
zj:   0.0000000000000000e+00 f(zj):   0.0000000000000000e+00 pn(zj):   1.3671771943008937e-01
zj:   0.0000000000000000e+00 f(zj):   0.0000000000000000e+00 pn(zj):   1.3572602951105128e-01
zj:   0.0000000000000000e+00 f(zj):   0.0000000000000000e+00 pn(zj):   1.3473969201251634e-01
zj:   0.0000000000000000e+00 f(zj):   0.0000000000000000e+00 pn(zj):   1.3375868684036030e-01
zj:   0.0000000000000000e+00 f(zj):   0.0000000000000000e+00 pn(zj):   1.3278299395101256e-01
zj:   0.0000000000000000e+00 f(zj):   0.0000000000000000e+00 pn(zj):   1.3181259335137929e-01
zj:   0.0000000000000000e+00 f(zj):   0.0000000000000000e+00 pn(zj):   1.3084746509876588e-01
zj:   0.0000000000000000e+00 f(zj):   0.0000000000000000e+00 pn(zj):   1.2988758930079958e-01
zj:   0.0000000000000000e+00 f(zj):   0.0000000000000000e+00 pn(zj):   1.2893294611535222e-01
zj:   0.0000000000000000e+00 f(zj):   0.0000000000000000e+00 pn(zj):   1.2798351575046230e-01
zj:   0.0000000000000000e+00 f(zj):   0.0000000000000000e+00 pn(zj):   1.2703927846425844e-01
zj:   0.0000000000000000e+00 f(zj):   0.0000000000000000e+00 pn(zj):   1.2610021456488207e-01
zj:   0.0000000000000000e+00 f(zj):   0.0000000000000000e+00 pn(zj):   1.2516630441041010e-01
zj:   0.0000000000000000e+00 f(zj):   0.0000000000000000e+00 pn(zj):   1.2423752840877766e-01
zj:   0.0000000000000000e+00 f(zj):   0.0000000000000000e+00 pn(zj):   1.2331386701770175e-01
zj:   0.0000000000000000e+00 f(zj):   0.0000000000000000e+00 pn(zj):   1.2239530074460347e-01
zj:   0.0000000000000000e+00 f(zj):   0.0000000000000000e+00 pn(zj):   1.2148181014653148e-01
zj:   0.0000000000000000e+00 f(zj):   0.0000000000000000e+00 pn(zj):   1.2057337583008521e-01
zj:   0.0000000000000000e+00 f(zj):   0.0000000000000000e+00 pn(zj):   1.1966997845133798e-01
zj:   0.0000000000000000e+00 f(zj):   0.0000000000000000e+00 pn(zj):   1.1877159871576037e-01
zj:   0.0000000000000000e+00 f(zj):   0.0000000000000000e+00 pn(zj):   1.1787821737814297e-01
zj:   0.0000000000000000e+00 f(zj):   0.0000000000000000e+00 pn(zj):   1.1698981524252061e-01
zj:   0.0000000000000000e+00 f(zj):   0.0000000000000000e+00 pn(zj):   1.1610637316209516e-01
zj:   0.0000000000000000e+00 f(zj):   0.0000000000000000e+00 pn(zj):   1.1522787203915874e-01
zj:   0.0000000000000000e+00 f(zj):   0.0000000000000000e+00 pn(zj):   1.1435429282501830e-01
zj:   0.0000000000000000e+00 f(zj):   0.0000000000000000e+00 pn(zj):   1.1348561651991829e-01
zj:   0.0000000000000000e+00 f(zj):   0.0000000000000000e+00 pn(zj):   1.1262182417296451e-01
zj:   0.0000000000000000e+00 f(zj):   0.0000000000000000e+00 pn(zj):   1.1176289688204777e-01
zj:   0.0000000000000000e+00 f(zj):   0.0000000000000000e+00 pn(zj):   1.1090881579376810e-01
zj:   0.0000000000000000e+00 f(zj):   0.0000000000000000e+00 pn(zj):   1.1005956210335766e-01
zj:   0.0000000000000000e+00 f(zj):   0.0000000000000000e+00 pn(zj):   1.0921511705460563e-01
zj:   0.0000000000000000e+00 f(zj):   0.0000000000000000e+00 pn(zj):   1.0837546193978109e-01
zj:   0.0000000000000000e+00 f(zj):   0.0000000000000000e+00 pn(zj):   1.0754057809955797e-01
zj:   0.0000000000000000e+00 f(zj):   0.0000000000000000e+00 pn(zj):   1.0671044692293807e-01
zj:   0.0000000000000000e+00 f(zj):   0.0000000000000000e+00 pn(zj):   1.0588504984717639e-01
zj:   0.0000000000000000e+00 f(zj):   0.0000000000000000e+00 pn(zj):   1.0506436835770350e-01
zj:   0.0000000000000000e+00 f(zj):   0.0000000000000000e+00 pn(zj):   1.0424838398805181e-01
zj:   0.0000000000000000e+00 f(zj):   0.0000000000000000e+00 pn(zj):   1.0343707831977822e-01
zj:   0.0000000000000000e+00 f(zj):   0.0000000000000000e+00 pn(zj):   1.0263043298238905e-01
zj:   0.0000000000000000e+00 f(zj):   0.0000000000000000e+00 pn(zj):   1.0182842965326433e-01
zj:   0.0000000000000000e+00 f(zj):   0.0000000000000000e+00 pn(zj):   1.0103105005758217e-01
zj:   0.0000000000000000e+00 f(zj):   0.0000000000000000e+00 pn(zj):   1.0023827596824320e-01
zj:   0.0000000000000000e+00 f(zj):   0.0000000000000000e+00 pn(zj):   9.9450089205795233e-02
zj:   0.0000000000000000e+00 f(zj):   0.0000000000000000e+00 pn(zj):   9.8666471638357622e-02
zj:   0.0000000000000000e+00 f(zj):   0.0000000000000000e+00 pn(zj):   9.7887405181546039e-02
zj:   0.0000000000000000e+00 f(zj):   0.0000000000000000e+00 pn(zj):   9.7112871798397116e-02
zj:   0.0000000000000000e+00 f(zj):   0.0000000000000000e+00 pn(zj):   9.6342853499293279e-02
zj:   0.0000000000000000e+00 f(zj):   0.0000000000000000e+00 pn(zj):   9.5577332341887478e-02
zj:   0.0000000000000000e+00 f(zj):   0.0000000000000000e+00 pn(zj):   9.4816290431027683e-02
zj:   0.0000000000000000e+00 f(zj):   0.0000000000000000e+00 pn(zj):   9.4059709918682510e-02
zj:   0.0000000000000000e+00 f(zj):   0.0000000000000000e+00 pn(zj):   9.3307573003865607e-02
zj:   0.0000000000000000e+00 f(zj):   0.0000000000000000e+00 pn(zj):   9.2559861932560827e-02
zj:   0.0000000000000000e+00 f(zj):   0.0000000000000000e+00 pn(zj):   9.1816558997647735e-02
zj:   0.0000000000000000e+00 f(zj):   0.0000000000000000e+00 pn(zj):   9.1077646538825441e-02
zj:   0.0000000000000000e+00 f(zj):   0.0000000000000000e+00 pn(zj):   9.0343106942539553e-02
zj:   0.0000000000000000e+00 f(zj):   0.0000000000000000e+00 pn(zj):   8.9612922641906345e-02
zj:   0.0000000000000000e+00 f(zj):   0.0000000000000000e+00 pn(zj):   8.8887076116637820e-02
zj:   0.0000000000000000e+00 f(zj):   0.0000000000000000e+00 pn(zj):   8.8165549892967654e-02
zj:   0.0000000000000000e+00 f(zj):   0.0000000000000000e+00 pn(zj):   8.7448326543576926e-02
zj:   0.0000000000000000e+00 f(zj):   0.0000000000000000e+00 pn(zj):   8.6735388687518400e-02
zj:   0.0000000000000000e+00 f(zj):   0.0000000000000000e+00 pn(zj):   8.6026718990143025e-02
zj:   0.0000000000000000e+00 f(zj):   0.0000000000000000e+00 pn(zj):   8.5322300163025222e-02
zj:   0.0000000000000000e+00 f(zj):   0.0000000000000000e+00 pn(zj):   8.4622114963888051e-02
zj:   0.0000000000000000e+00 f(zj):   0.0000000000000000e+00 pn(zj):   8.3926146196529938e-02
zj:   0.0000000000000000e+00 f(zj):   0.0000000000000000e+00 pn(zj):   8.3234376710749514e-02
zj:   0.0000000000000000e+00 f(zj):   0.0000000000000000e+00 pn(zj):   8.2546789402271448e-02
zj:   0.0000000000000000e+00 f(zj):   0.0000000000000000e+00 pn(zj):   8.1863367212672844e-02
zj:   0.0000000000000000e+00 f(zj):   0.0000000000000000e+00 pn(zj):   8.1184093129308743e-02
zj:   0.0000000000000000e+00 f(zj):   0.0000000000000000e+00 pn(zj):   8.0508950185237960e-02
zj:   0.0000000000000000e+00 f(zj):   0.0000000000000000e+00 pn(zj):   7.9837921459149475e-02
zj:   0.0000000000000000e+00 f(zj):   0.0000000000000000e+00 pn(zj):   7.9170990075288383e-02
zj:   0.0000000000000000e+00 f(zj):   0.0000000000000000e+00 pn(zj):   7.8508139203381844e-02
zj:   0.0000000000000000e+00 f(zj):   0.0000000000000000e+00 pn(zj):   7.7849352058565136e-02
zj:   0.0000000000000000e+00 f(zj):   0.0000000000000000e+00 pn(zj):   7.7194611901308385e-02
zj:   0.0000000000000000e+00 f(zj):   0.0000000000000000e+00 pn(zj):   7.6543902037342737e-02
zj:   0.0000000000000000e+00 f(zj):   0.0000000000000000e+00 pn(zj):   7.5897205817586189e-02
zj:   0.0000000000000000e+00 f(zj):   0.0000000000000000e+00 pn(zj):   7.5254506638070207e-02
zj:   0.0000000000000000e+00 f(zj):   0.0000000000000000e+00 pn(zj):   7.4615787939867007e-02
zj:   0.0000000000000000e+00 f(zj):   0.0000000000000000e+00 pn(zj):   7.3981033209014502e-02
zj:   0.0000000000000000e+00 f(zj):   0.0000000000000000e+00 pn(zj):   7.3350225976444361e-02
zj:   0.0000000000000000e+00 f(zj):   0.0000000000000000e+00 pn(zj):   7.2723349817908067e-02
zj:   0.0000000000000000e+00 f(zj):   0.0000000000000000e+00 pn(zj):   7.2100388353902756e-02
zj:   0.0000000000000000e+00 f(zj):   0.0000000000000000e+00 pn(zj):   7.1481325249599714e-02
zj:   0.0000000000000000e+00 f(zj):   0.0000000000000000e+00 pn(zj):   7.0866144214769222e-02
zj:   0.0000000000000000e+00 f(zj):   0.0000000000000000e+00 pn(zj):   7.0254829003708830e-02
zj:   0.0000000000000000e+00 f(zj):   0.0000000000000000e+00 pn(zj):   6.9647363415169639e-02
zj:   0.0000000000000000e+00 f(zj):   0.0000000000000000e+00 pn(zj):   6.9043731292283805e-02
zj:   0.0000000000000000e+00 f(zj):   0.0000000000000000e+00 pn(zj):   6.8443916522490378e-02
zj:   0.0000000000000000e+00 f(zj):   0.0000000000000000e+00 pn(zj):   6.7847903037463464e-02
zj:   0.0000000000000000e+00 f(zj):   0.0000000000000000e+00 pn(zj):   6.7255674813038846e-02
zj:   0.0000000000000000e+00 f(zj):   0.0000000000000000e+00 pn(zj):   6.6667215869141594e-02
zj:   0.0000000000000000e+00 f(zj):   0.0000000000000000e+00 pn(zj):   6.6082510269712569e-02
zj:   0.0000000000000000e+00 f(zj):   0.0000000000000000e+00 pn(zj):   6.5501542122636369e-02
zj:   0.0000000000000000e+00 f(zj):   0.0000000000000000e+00 pn(zj):   6.4924295579668168e-02
zj:   0.0000000000000000e+00 f(zj):   0.0000000000000000e+00 pn(zj):   6.4350754836361768e-02
zj:   0.0000000000000000e+00 f(zj):   0.0000000000000000e+00 pn(zj):   6.3780904131995997e-02
zj:   0.0000000000000000e+00 f(zj):   0.0000000000000000e+00 pn(zj):   6.3214727749503319e-02
zj:   0.0000000000000000e+00 f(zj):   0.0000000000000000e+00 pn(zj):   6.2652210015397114e-02
zj:   0.0000000000000000e+00 f(zj):   0.0000000000000000e+00 pn(zj):   6.2093335299698404e-02
zj:   0.0000000000000000e+00 f(zj):   0.0000000000000000e+00 pn(zj):   6.1538088015864689e-02
zj:   0.0000000000000000e+00 f(zj):   0.0000000000000000e+00 pn(zj):   6.0986452620717113e-02
zj:   0.0000000000000000e+00 f(zj):   0.0000000000000000e+00 pn(zj):   6.0438413614367970e-02
zj:   0.0000000000000000e+00 f(zj):   0.0000000000000000e+00 pn(zj):   5.9893955540149868e-02
zj:   0.0000000000000000e+00 f(zj):   0.0000000000000000e+00 pn(zj):   5.9353062984541460e-02
zj:   0.0000000000000000e+00 f(zj):   0.0000000000000000e+00 pn(zj):   5.8815720577096942e-02
zj:   0.0000000000000000e+00 f(zj):   0.0000000000000000e+00 pn(zj):   5.8281912990374329e-02
zj:   0.0000000000000000e+00 f(zj):   0.0000000000000000e+00 pn(zj):   5.7751624939862078e-02
zj:   0.0000000000000000e+00 f(zj):   0.0000000000000000e+00 pn(zj):   5.7224841183908026e-02
zj:   0.0000000000000000e+00 f(zj):   0.0000000000000000e+00 pn(zj):   5.6701546523648227e-02
zj:   0.0000000000000000e+00 f(zj):   0.0000000000000000e+00 pn(zj):   5.6181725802933569e-02
zj:   0.0000000000000000e+00 f(zj):   0.0000000000000000e+00 pn(zj):   5.5665363908259491e-02
zj:   0.0000000000000000e+00 f(zj):   0.0000000000000000e+00 pn(zj):   5.5152445768693714e-02
zj:   0.0000000000000000e+00 f(zj):   0.0000000000000000e+00 pn(zj):   5.4642956355804295e-02
zj:   0.0000000000000000e+00 f(zj):   0.0000000000000000e+00 pn(zj):   5.4136880683588795e-02
zj:   0.0000000000000000e+00 f(zj):   0.0000000000000000e+00 pn(zj):   5.3634203808402559e-02
zj:   0.0000000000000000e+00 f(zj):   0.0000000000000000e+00 pn(zj):   5.3134910828886772e-02
zj:   0.0000000000000000e+00 f(zj):   0.0000000000000000e+00 pn(zj):   5.2638986885897632e-02
zj:   0.0000000000000000e+00 f(zj):   0.0000000000000000e+00 pn(zj):   5.2146417162434622e-02
zj:   0.0000000000000000e+00 f(zj):   0.0000000000000000e+00 pn(zj):   5.1657186883569794e-02
zj:   0.0000000000000000e+00 f(zj):   0.0000000000000000e+00 pn(zj):   5.1171281316375938e-02
zj:   0.0000000000000000e+00 f(zj):   0.0000000000000000e+00 pn(zj):   5.0688685769855524e-02
zj:   0.0000000000000000e+00 f(zj):   0.0000000000000000e+00 pn(zj):   5.0209385594870093e-02
zj:   0.0000000000000000e+00 f(zj):   0.0000000000000000e+00 pn(zj):   4.9733366184068317e-02
zj:   0.0000000000000000e+00 f(zj):   0.0000000000000000e+00 pn(zj):   4.9260612971815942e-02
zj:   0.0000000000000000e+00 f(zj):   0.0000000000000000e+00 pn(zj):   4.8791111434124068e-02
zj:   0.0000000000000000e+00 f(zj):   0.0000000000000000e+00 pn(zj):   4.8324847088578538e-02
zj:   0.0000000000000000e+00 f(zj):   0.0000000000000000e+00 pn(zj):   4.7861805494269549e-02
zj:   0.0000000000000000e+00 f(zj):   0.0000000000000000e+00 pn(zj):   4.7401972251719826e-02
zj:   0.0000000000000000e+00 f(zj):   0.0000000000000000e+00 pn(zj):   4.6945333002815115e-02
zj:   0.0000000000000000e+00 f(zj):   0.0000000000000000e+00 pn(zj):   4.6491873430732578e-02
zj:   0.0000000000000000e+00 f(zj):   0.0000000000000000e+00 pn(zj):   4.6041579259870624e-02
zj:   0.0000000000000000e+00 f(zj):   0.0000000000000000e+00 pn(zj):   4.5594436255777970e-02
zj:   0.0000000000000000e+00 f(zj):   0.0000000000000000e+00 pn(zj):   4.5150430225083804e-02
zj:   0.0000000000000000e+00 f(zj):   0.0000000000000000e+00 pn(zj):   4.4709547015426621e-02
zj:   0.0000000000000000e+00 f(zj):   0.0000000000000000e+00 pn(zj):   4.4271772515384167e-02
zj:   0.0000000000000000e+00 f(zj):   0.0000000000000000e+00 pn(zj):   4.3837092654403165e-02
zj:   0.0000000000000000e+00 f(zj):   0.0000000000000000e+00 pn(zj):   4.3405493402728812e-02
zj:   0.0000000000000000e+00 f(zj):   0.0000000000000000e+00 pn(zj):   4.2976960771334727e-02
zj:   0.0000000000000000e+00 f(zj):   0.0000000000000000e+00 pn(zj):   4.2551480811852449e-02
zj:   0.0000000000000000e+00 f(zj):   0.0000000000000000e+00 pn(zj):   4.2129039616501940e-02
zj:   0.0000000000000000e+00 f(zj):   0.0000000000000000e+00 pn(zj):   4.1709623318020972e-02
zj:   0.0000000000000000e+00 f(zj):   0.0000000000000000e+00 pn(zj):   4.1293218089595185e-02
zj:   0.0000000000000000e+00 f(zj):   0.0000000000000000e+00 pn(zj):   4.0879810144788364e-02
zj:   0.0000000000000000e+00 f(zj):   0.0000000000000000e+00 pn(zj):   4.0469385737472385e-02
zj:   0.0000000000000000e+00 f(zj):   0.0000000000000000e+00 pn(zj):   4.0061931161757380e-02
zj:   0.0000000000000000e+00 f(zj):   0.0000000000000000e+00 pn(zj):   3.9657432751921906e-02
zj:   0.0000000000000000e+00 f(zj):   0.0000000000000000e+00 pn(zj):   3.9255876882343332e-02
zj:   0.0000000000000000e+00 f(zj):   0.0000000000000000e+00 pn(zj):   3.8857249967428120e-02
zj:   0.0000000000000000e+00 f(zj):   0.0000000000000000e+00 pn(zj):   3.8461538461542100e-02
