zj:   0.0000000000000000e+00 f(zj):   1.0000000000000000e+00 pn(zj):   1.9615384615384617e+00
zj:   1.0000000000000000e+00 f(zj):   3.8461538461538464e-02 pn(zj):   1.9596134596134598e+00
zj:   2.0000000000000000e+00 f(zj):   9.9009900990099011e-03 pn(zj):   1.9576884576884579e+00
zj:  1.6304166312761136e-322 f(zj):  2.3764557564963959e-321 pn(zj):   1.9557634557634560e+00
zj:   1.0000000000000000e+00 f(zj):  2.0861577729517742e-314 pn(zj):   1.9538384538384541e+00
zj:  -9.6153846153846156e-01 f(zj):  4.6644545236575188e-310 pn(zj):   1.9519134519134522e+00
zj:   9.9009900990099011e-03 f(zj):  4.6644545236575188e-310 pn(zj):   1.9499884499884503e+00
zj:  1.6304166312761136e-322 f(zj):  4.6644545236575188e-310 pn(zj):   1.9480634480634484e+00
zj:   1.0000000000000000e+00 f(zj):  4.6644545236575188e-310 pn(zj):   1.9461384461384466e+00
zj:   3.8461538461538464e-02 f(zj):  4.6644545236993167e-310 pn(zj):   1.9442134442134447e+00
zj:   9.9009900990099011e-03 f(zj):  4.6644545238598880e-310 pn(zj):   1.9422884422884428e+00
zj:  2.3764557564963959e-321 f(zj):  4.6644545236575188e-310 pn(zj):   1.9403634403634409e+00
zj:  2.0861577729517742e-314 f(zj):  4.6644545238598880e-310 pn(zj):   1.9384384384384390e+00
zj:  4.6644545236575188e-310 f(zj):   0.0000000000000000e+00 pn(zj):   1.9365134365134371e+00
zj:  4.6644545236575188e-310 f(zj):   0.0000000000000000e+00 pn(zj):   1.9345884345884352e+00
zj:  4.6644545236575188e-310 f(zj):   0.0000000000000000e+00 pn(zj):   1.9326634326634333e+00
zj:  4.6644545236575188e-310 f(zj):   0.0000000000000000e+00 pn(zj):   1.9307384307384314e+00
zj:  4.6644545237364704e-310 f(zj):  6.9274813778128814e-310 pn(zj):   1.9288134288134295e+00
zj:  4.6644545238598880e-310 f(zj):  1.4821969375237396e-323 pn(zj):   1.9268884268884277e+00
zj:  4.6644545236575188e-310 f(zj):   0.0000000000000000e+00 pn(zj):   1.9249634249634258e+00
zj:  4.6644545238598880e-310 f(zj):   0.0000000000000000e+00 pn(zj):   1.9230384230384239e+00
zj:   0.0000000000000000e+00 f(zj):  4.6644545236448707e-310 pn(zj):   1.9211134211134220e+00
zj:   0.0000000000000000e+00 f(zj):                     -nan pn(zj):   1.9191884191884201e+00
zj:   0.0000000000000000e+00 f(zj):   0.0000000000000000e+00 pn(zj):   1.9172634172634182e+00
zj:   0.0000000000000000e+00 f(zj):  4.6644545236456612e-310 pn(zj):   1.9153384153384163e+00
zj:  6.9274813778128814e-310 f(zj):   0.0000000000000000e+00 pn(zj):   1.9134134134134144e+00
zj:  1.4821969375237396e-323 f(zj):   0.0000000000000000e+00 pn(zj):   1.9114884114884125e+00
zj:   0.0000000000000000e+00 f(zj):   0.0000000000000000e+00 pn(zj):   1.9095634095634106e+00
zj:   0.0000000000000000e+00 f(zj):  2.1219957904712067e-314 pn(zj):   1.9076384076384088e+00
zj:  4.6644545236448707e-310 f(zj):   0.0000000000000000e+00 pn(zj):   1.9057134057134069e+00
zj:                     -nan f(zj):   0.0000000000000000e+00 pn(zj):   1.9037884037884050e+00
zj:   0.0000000000000000e+00 f(zj):  6.9274813780010216e-310 pn(zj):   1.9018634018634031e+00
zj:  4.6644545236456612e-310 f(zj):   0.0000000000000000e+00 pn(zj):   1.8999383999384012e+00
zj:   0.0000000000000000e+00 f(zj):   0.0000000000000000e+00 pn(zj):   1.8980133980133995e+00
zj:   0.0000000000000000e+00 f(zj):   0.0000000000000000e+00 pn(zj):   1.8960883960883976e+00
zj:   0.0000000000000000e+00 f(zj):   0.0000000000000000e+00 pn(zj):   1.8941633941633957e+00
zj:  2.1219957904712067e-314 f(zj):   0.0000000000000000e+00 pn(zj):   1.8922383922383939e+00
zj:   0.0000000000000000e+00 f(zj):   0.0000000000000000e+00 pn(zj):   1.8903133903133920e+00
zj:   0.0000000000000000e+00 f(zj):   0.0000000000000000e+00 pn(zj):   1.8883883883883901e+00
zj:  6.9274813780010216e-310 f(zj):   0.0000000000000000e+00 pn(zj):   1.8864633864633882e+00
zj:   0.0000000000000000e+00 f(zj):   0.0000000000000000e+00 pn(zj):   1.8845383845383863e+00
zj:   0.0000000000000000e+00 f(zj):   0.0000000000000000e+00 pn(zj):   1.8826133826133844e+00
zj:   0.0000000000000000e+00 f(zj):   0.0000000000000000e+00 pn(zj):   1.8806883806883825e+00
zj:   0.0000000000000000e+00 f(zj):   0.0000000000000000e+00 pn(zj):   1.8787633787633806e+00
zj:   0.0000000000000000e+00 f(zj):   0.0000000000000000e+00 pn(zj):   1.8768383768383787e+00
zj:   0.0000000000000000e+00 f(zj):   0.0000000000000000e+00 pn(zj):   1.8749133749133768e+00
zj:   0.0000000000000000e+00 f(zj):   0.0000000000000000e+00 pn(zj):   1.8729883729883752e+00
zj:   0.0000000000000000e+00 f(zj):   0.0000000000000000e+00 pn(zj):   1.8710633710633733e+00
zj:   0.0000000000000000e+00 f(zj):   0.0000000000000000e+00 pn(zj):   1.8691383691383714e+00
zj:   0.0000000000000000e+00 f(zj):   0.0000000000000000e+00 pn(zj):   1.8672133672133695e+00
zj:   0.0000000000000000e+00 f(zj):   0.0000000000000000e+00 pn(zj):   1.8652883652883676e+00
zj:   0.0000000000000000e+00 f(zj):   0.0000000000000000e+00 pn(zj):   1.8633633633633657e+00
zj:   0.0000000000000000e+00 f(zj):   0.0000000000000000e+00 pn(zj):   1.8614383614383638e+00
zj:   0.0000000000000000e+00 f(zj):   0.0000000000000000e+00 pn(zj):   1.8595133595133619e+00
zj:   0.0000000000000000e+00 f(zj):   0.0000000000000000e+00 pn(zj):   1.8575883575883601e+00
zj:   0.0000000000000000e+00 f(zj):   0.0000000000000000e+00 pn(zj):   1.8556633556633582e+00
zj:   0.0000000000000000e+00 f(zj):   0.0000000000000000e+00 pn(zj):   1.8537383537383563e+00
zj:   0.0000000000000000e+00 f(zj):   0.0000000000000000e+00 pn(zj):   1.8518133518133544e+00
zj:   0.0000000000000000e+00 f(zj):   0.0000000000000000e+00 pn(zj):   1.8498883498883525e+00
zj:   0.0000000000000000e+00 f(zj):   0.0000000000000000e+00 pn(zj):   1.8479633479633506e+00
zj:   0.0000000000000000e+00 f(zj):   0.0000000000000000e+00 pn(zj):   1.8460383460383487e+00
zj:   0.0000000000000000e+00 f(zj):   0.0000000000000000e+00 pn(zj):   1.8441133441133468e+00
zj:   0.0000000000000000e+00 f(zj):  6.9274813779346192e-310 pn(zj):   1.8421883421883449e+00
zj:   0.0000000000000000e+00 f(zj):  2.0320920013450470e-320 pn(zj):   1.8402633402633430e+00
zj:   0.0000000000000000e+00 f(zj):  1.2566263866505099e+232 pn(zj):   1.8383383383383411e+00
zj:   0.0000000000000000e+00 f(zj):  6.0513972685449602e-154 pn(zj):   1.8364133364133393e+00
zj:   0.0000000000000000e+00 f(zj):   1.5887489954796552e-47 pn(zj):   1.8344883344883374e+00
zj:   0.0000000000000000e+00 f(zj):   4.6701250382160114e-62 pn(zj):   1.8325633325633355e+00
zj:   0.0000000000000000e+00 f(zj):  1.3160769791185623e-259 pn(zj):   1.8306383306383336e+00
zj:   0.0000000000000000e+00 f(zj):   3.2424566200869199e-86 pn(zj):   1.8287133287133317e+00
zj:  6.9274813779346192e-310 f(zj):   1.3980432860952889e-76 pn(zj):   1.8267883267883298e+00
zj:  2.0320920013450470e-320 f(zj):   1.3980432860952889e-76 pn(zj):   1.8248633248633279e+00
zj:  1.2566263866505099e+232 f(zj):  2.7680678906616326e+280 pn(zj):   1.8229383229383260e+00
zj:  6.0513972685449602e-154 f(zj):   3.2424566200750214e-86 pn(zj):   1.8210133210133241e+00
zj:   1.5887489954796552e-47 f(zj):   1.3980432860952889e-76 pn(zj):   1.8190883190883222e+00
zj:   4.6701250382160114e-62 f(zj):   1.3980432860952889e-76 pn(zj):   1.8171633171633204e+00
zj:  1.3160769791185623e-259 f(zj):  6.1799880953825233e-114 pn(zj):   1.8152383152383185e+00
zj:   3.2424566200869199e-86 f(zj):   4.5633524455567166e-72 pn(zj):   1.8133133133133166e+00
zj:   1.3980432860952889e-76 f(zj):   5.8827127195786165e-62 pn(zj):   1.8113883113883147e+00
zj:   1.3980432860952889e-76 f(zj):   6.8178896558876164e-38 pn(zj):   1.8094633094633128e+00
zj:  2.7680678906616326e+280 f(zj):  8.1642195725457940e+204 pn(zj):   1.8075383075383109e+00
zj:   3.2424566200750214e-86 f(zj):   1.3973685027430247e-76 pn(zj):   1.8056133056133090e+00
zj:   1.3980432860952889e-76 f(zj):   1.3980432860952889e-76 pn(zj):   1.8036883036883071e+00
zj:   1.3980432860952889e-76 f(zj):   1.2108942892349278e-99 pn(zj):   1.8017633017633052e+00
zj:  6.1799880953825233e-114 f(zj):  3.5230863936820262e-109 pn(zj):   1.7998382998383033e+00
zj:   4.5633524455567166e-72 f(zj):   1.3973685027430247e-76 pn(zj):   1.7979132979133015e+00
zj:   5.8827127195786165e-62 f(zj):   1.3980432860952889e-76 pn(zj):   1.7959882959882998e+00
zj:   6.8178896558876164e-38 f(zj):   1.2108942892349278e-99 pn(zj):   1.7940632940632979e+00
zj:  8.1642195725457940e+204 f(zj):  8.2012590046494969e+204 pn(zj):   1.7921382921382960e+00
zj:  6.1799881437911730e-114 f(zj):   4.4363004641255661e-38 pn(zj):   1.7902132902132941e+00
zj:   4.5633524455567166e-72 f(zj):   4.9056036416483773e-62 pn(zj):   1.7882882882882922e+00
zj:   8.9762675434756324e-67 f(zj):   1.1439435949037165e-71 pn(zj):   1.7863632863632903e+00
zj:   1.7239919135153198e-47 f(zj):   5.2017327386094195e-90 pn(zj):   1.7844382844382884e+00
zj:  8.1642195725457862e+204 f(zj):  8.2012590046517814e+204 pn(zj):   1.7825132825132866e+00
zj:   4.4666381781129475e-33 f(zj):   6.7692572999962862e-43 pn(zj):   1.7805882805882847e+00
zj:   4.4681603869804777e-33 f(zj):   2.1759771152341600e-76 pn(zj):   1.7786632786632828e+00
zj:   8.3185656841921848e-72 f(zj):  2.7886037688321373e+179 pn(zj):   1.7767382767382809e+00
zj:  3.5230863936825107e-109 f(zj):  1.9701896698966844e-153 pn(zj):   1.7748132748132790e+00
zj:   4.9056036416483773e-62 f(zj):   4.6701174747388337e-62 pn(zj):   1.7728882728882771e+00
zj:   1.1439435949037165e-71 f(zj):   1.4510995085948690e-47 pn(zj):   1.7709632709632754e+00
zj:   5.2017327386094195e-90 f(zj):   8.5969478742345472e-67 pn(zj):   1.7690382690382735e+00
zj:  8.2012590046517814e+204 f(zj):  1.9512347655568931e-153 pn(zj):   1.7671132671132717e+00
zj:   6.7692572999962862e-43 f(zj):   1.4497672779636655e-47 pn(zj):   1.7651882651882698e+00
zj:   2.1759771152341600e-76 f(zj):   5.9396813521698007e-38 pn(zj):   1.7632632632632679e+00
zj:  2.7886037688321373e+179 f(zj):   8.2260271929284110e-67 pn(zj):   1.7613382613382660e+00
zj:  1.9701896698966844e-153 f(zj):   1.6039704617400945e-28 pn(zj):   1.7594132594132641e+00
zj:   4.6701174747388337e-62 f(zj):   7.1163101401697171e-38 pn(zj):   1.7574882574882622e+00
zj:   1.4510995085948690e-47 f(zj):   5.3542614183539300e-38 pn(zj):   1.7555632555632603e+00
zj:   8.5969478742345472e-67 f(zj):   1.1829520204465630e-76 pn(zj):   1.7536382536382584e+00
zj:  1.9512347655568931e-153 f(zj):  6.0136196164698546e-154 pn(zj):   1.7517132517132565e+00
zj:   1.4497672779636655e-47 f(zj):   9.9530933018510541e-43 pn(zj):   1.7497882497882546e+00
zj:   5.9396813521698007e-38 f(zj):   5.3984350261332727e-62 pn(zj):   1.7478632478632528e+00
zj:   8.2260271929284110e-67 f(zj):  8.6127586445711679e+183 pn(zj):   1.7459382459382509e+00
zj:   1.6039704617400945e-28 f(zj):  6.0136181703254192e-154 pn(zj):   1.7440132440132490e+00
zj:   7.1163101401697171e-38 f(zj):   4.9160453477095462e-62 pn(zj):   1.7420882420882471e+00
zj:   5.3542614183539300e-38 f(zj):   1.3130708958338138e-71 pn(zj):   1.7401632401632452e+00
zj:   1.1829520204465630e-76 f(zj):  1.2569379134356261e+232 pn(zj):   1.7382382382382433e+00
zj:  6.0136196164698546e-154 f(zj):  6.0513972685449602e-154 pn(zj):   1.7363132363132414e+00
zj:   9.9530933018510541e-43 f(zj):   1.3145243761945955e-47 pn(zj):   1.7343882343882395e+00
zj:   5.3984350261332727e-62 f(zj):   7.1260226020349312e-67 pn(zj):   1.7324632324632376e+00
zj:  8.6127586445711679e+183 f(zj):  1.3160769790617760e-259 pn(zj):   1.7305382305382357e+00
zj:  6.0136181703254192e-154 f(zj):   3.4435330884255147e-86 pn(zj):   1.7286132286132339e+00
zj:   4.9160453477095462e-62 f(zj):   1.4258324850272888e-71 pn(zj):   1.7266882266882320e+00
zj:   1.3130708958338138e-71 f(zj):   7.4033185576726119e-38 pn(zj):   1.7247632247632301e+00
zj:  1.2569379134356261e+232 f(zj):  2.7680679381026879e+280 pn(zj):   1.7228382228382282e+00
zj:  6.0513972685449602e-154 f(zj):   4.2478389617679958e-86 pn(zj):   1.7209132209132263e+00
zj:   1.3145243761945955e-47 f(zj):   5.6386580966295695e-62 pn(zj):   1.7189882189882244e+00
zj:   7.1260226020349312e-67 f(zj):   2.6301887287958688e-52 pn(zj):   1.7170632170632225e+00
zj:  1.3160769790617760e-259 f(zj):  6.1799880958083482e-114 pn(zj):   1.7151382151382206e+00
zj:   3.4435330884255147e-86 f(zj):   4.5633524455567166e-72 pn(zj):   1.7132132132132187e+00
zj:   1.4258324850272888e-71 f(zj):   8.9762845670047265e-67 pn(zj):   1.7112882112882168e+00
zj:   7.4033185576726119e-38 f(zj):   7.1106152996169888e-38 pn(zj):   1.7093632093632150e+00
zj:  2.7680679381026879e+280 f(zj):  8.1642195725457907e+204 pn(zj):   1.7074382074382131e+00
zj:   4.2478389617679958e-86 f(zj):   3.5354073321020977e-57 pn(zj):   1.7055132055132112e+00
zj:   5.6386580966295695e-62 f(zj):   3.3767422927477818e-57 pn(zj):   1.7035882035882093e+00
zj:   2.6301887287958688e-52 f(zj):   5.0807402847299552e-67 pn(zj):   1.7016632016632074e+00
zj:  6.1799880958083482e-114 f(zj):  3.5230863936825103e-109 pn(zj):   1.6997381997382055e+00
zj:  2.7680679177373239e+280 f(zj):   9.0782038314185311e-72 pn(zj):   1.6978131978132036e+00
zj:   1.5764983660612583e-52 f(zj):   6.5285629822748313e-38 pn(zj):   1.6958881958882019e+00
zj:   6.1257918640386510e-62 f(zj):   5.6433984914092338e-62 pn(zj):   1.6939631939632001e+00
zj:  3.1102322518550885e+179 f(zj):   5.0807600606052944e-67 pn(zj):   1.6920381920381982e+00
zj:  6.1799882043002384e-114 f(zj):  3.5230863936820300e-109 pn(zj):   1.6901131901131963e+00
zj:   4.5633524455567166e-72 f(zj):   7.2556136675070432e-43 pn(zj):   1.6881881881881944e+00
zj:   1.3696749354602022e-71 f(zj):   2.7401302413631141e-57 pn(zj):   1.6862631862631925e+00
zj:   1.6909590521333298e-52 f(zj):   5.2017139680139537e-90 pn(zj):   1.6843381843381906e+00
zj:  8.1642195725457918e+204 f(zj):  8.2012590046500750e+204 pn(zj):   1.6824131824131887e+00
zj:   6.5285629822748313e-38 f(zj):   1.0329066925043161e-47 pn(zj):   1.6804881804881868e+00
zj:   5.6433984914092338e-62 f(zj):   1.1296567517222884e-42 pn(zj):   1.6785631785631849e+00
zj:   5.0807600606052944e-67 f(zj):  3.5984006028153060e+179 pn(zj):   1.6766381766381830e+00
zj:  3.5230863936820300e-109 f(zj):  1.9701896698966844e-153 pn(zj):   1.6747131747131812e+00
zj:   7.2556136675070432e-43 f(zj):   3.5391580630010877e-57 pn(zj):   1.6727881727881793e+00
zj:   2.7401302413631141e-57 f(zj):   1.2558148154135102e-71 pn(zj):   1.6708631708631776e+00
zj:   5.2017139680139537e-90 f(zj):   7.8551065779453546e-67 pn(zj):   1.6689381689381757e+00
zj:  8.2012590046500750e+204 f(zj):  1.9512347655568931e-153 pn(zj):   1.6670131670131738e+00
zj:   1.0329066925043161e-47 f(zj):   2.5261932136196393e-52 pn(zj):   1.6650881650881719e+00
zj:   1.1296567517222884e-42 f(zj):   3.6953485491344080e-57 pn(zj):   1.6631631631631700e+00
zj:  3.5984006028153060e+179 f(zj):   5.6357094293525821e-38 pn(zj):   1.6612381612381681e+00
zj:  1.9701896698966844e-153 f(zj):   1.6039704617400945e-28 pn(zj):   1.6593131593131663e+00
zj:   3.5391580630010877e-57 f(zj):   2.6322182777154929e-52 pn(zj):   1.6573881573881644e+00
zj:   1.2558148154135102e-71 f(zj):   7.1140635801202979e-38 pn(zj):   1.6554631554631625e+00
zj:   7.8551065779453546e-67 f(zj):   1.1829566299939000e-76 pn(zj):   1.6535381535381606e+00
zj:  1.9512347655568931e-153 f(zj):  6.0136196164698546e-154 pn(zj):   1.6516131516131587e+00
zj:   2.5261932136196393e-52 f(zj):   1.4271555224088442e-71 pn(zj):   1.6496881496881568e+00
zj:   3.6953485491344080e-57 f(zj):   2.3198272860348749e-52 pn(zj):   1.6477631477631549e+00
zj:   5.6357094293525821e-38 f(zj):  8.6023848556470313e+183 pn(zj):   1.6458381458381530e+00
zj:   1.6039704617400945e-28 f(zj):  6.0136181703254192e-154 pn(zj):   1.6439131439131511e+00
zj:   2.6322182777154929e-52 f(zj):   7.4056144279005759e-38 pn(zj):   1.6419881419881492e+00
zj:   7.1140635801202979e-38 f(zj):   4.4298611515106270e-62 pn(zj):   1.6400631400631474e+00
zj:   1.1829566299939000e-76 f(zj):  1.2572399551484353e+232 pn(zj):   1.6381381381381455e+00
zj:  6.0136196164698546e-154 f(zj):  6.0513972685449602e-154 pn(zj):   1.6362131362131436e+00
zj:   1.4271555224088442e-71 f(zj):   1.7242602462221287e-47 pn(zj):   1.6342881342881417e+00
zj:   2.3198272860348749e-52 f(zj):   7.1260564945917266e-67 pn(zj):   1.6323631323631398e+00
zj:  8.6023848556470313e+183 f(zj):  1.3160769790239158e-259 pn(zj):   1.6304381304381379e+00
zj:  6.0136181703254192e-154 f(zj):   8.5462147670340670e-72 pn(zj):   1.6285131285131360e+00
zj:   7.4056144279005759e-38 f(zj):   1.1996555283993408e-71 pn(zj):   1.6265881265881341e+00
zj:   4.4298611515106270e-62 f(zj):  3.4394957472302471e+179 pn(zj):   1.6246631246631322e+00
zj:  1.2572399551484353e+232 f(zj):  2.7680679517066614e+280 pn(zj):   1.6227381227381303e+00
zj:  6.0513972685449602e-154 f(zj):   4.2478389617679958e-86 pn(zj):   1.6208131208131284e+00
zj:   1.7242602462221287e-47 f(zj):   1.1076502995683311e-47 pn(zj):   1.6188881188881266e+00
zj:   7.1260564945917266e-67 f(zj):   3.2217770576692195e-57 pn(zj):   1.6169631169631247e+00
zj:  1.3160769790239158e-259 f(zj):  6.1799881803794778e-114 pn(zj):   1.6150381150381228e+00
zj:   8.5462147670340670e-72 f(zj):   4.5633524455567166e-72 pn(zj):   1.6131131131131209e+00
zj:   1.1996555283993408e-71 f(zj):   1.3696688665276902e-71 pn(zj):   1.6111881111881190e+00
zj:  3.4394957472302471e+179 f(zj):   7.4033409433463612e-38 pn(zj):   1.6092631092631171e+00
zj:   1.0873439037887650e-71 f(zj):  8.1642195725457884e+204 pn(zj):   1.6073381073381152e+00
zj:  1.3160769790244336e-259 f(zj):  6.1799881437911730e-114 pn(zj):   1.6054131054131133e+00
zj:   3.4435330884255147e-86 f(zj):   4.5633524455567166e-72 pn(zj):   1.6034881034881114e+00
zj:   2.1763157937393653e-76 f(zj):   1.3696714741271738e-71 pn(zj):   1.6015631015631095e+00
zj:   1.8318850816201843e-76 f(zj):   1.7949560919946284e-52 pn(zj):   1.5996380996381077e+00
zj:  2.7680678976089121e+280 f(zj):  8.1642195725457884e+204 pn(zj):   1.5977130977131058e+00
zj:   8.5517419148925818e-72 f(zj):   1.1768665284437224e-47 pn(zj):   1.5957880957881041e+00
zj:   8.6082900013933841e-67 f(zj):   6.0176301881389726e-67 pn(zj):   1.5938630938631022e+00
zj:  3.2774053629500908e+179 f(zj):   5.4516721860182477e-67 pn(zj):   1.5919380919381003e+00
zj:  6.1799881437911730e-114 f(zj):  3.5230863936831177e-109 pn(zj):   1.5900130900130984e+00
zj:   4.5633524455567166e-72 f(zj):   4.4666381781129475e-33 pn(zj):   1.5880880880880965e+00
zj:   1.3696714741271738e-71 f(zj):   4.4681603869804777e-33 pn(zj):   1.5861630861630946e+00
zj:   1.7949560919946284e-52 f(zj):   8.3185656841921848e-72 pn(zj):   1.5842380842380928e+00
zj:  8.1642195725457884e+204 f(zj):  8.2012590046506386e+204 pn(zj):   1.5823130823130909e+00
zj:   1.1768665284437224e-47 f(zj):   1.0329066925043161e-47 pn(zj):   1.5803880803880890e+00
zj:   6.0176301881389726e-67 f(zj):   1.6905432426251846e-52 pn(zj):   1.5784630784630871e+00
zj:   5.4516721860182477e-67 f(zj):  3.1121317107297333e+179 pn(zj):   1.5765380765380852e+00
zj:  3.5230863936831177e-109 f(zj):  1.9701896698966844e-153 pn(zj):   1.5746130746130833e+00
zj:   4.4666381781129475e-33 f(zj):   2.0049829260734201e-52 pn(zj):   1.5726880726880814e+00
zj:   4.4681603869804777e-33 f(zj):   1.9005844891121263e-52 pn(zj):   1.5707630707630797e+00
zj:   8.3185656841921848e-72 f(zj):   1.6542797531350738e-47 pn(zj):   1.5688380688380779e+00
zj:  8.2012590046506386e+204 f(zj):  1.9512347655568931e-153 pn(zj):   1.5669130669130760e+00
zj:   1.0329066925043161e-47 f(zj):   4.6701174747388337e-62 pn(zj):   1.5649880649880741e+00
zj:   1.6905432426251846e-52 f(zj):   1.4510995085948690e-47 pn(zj):   1.5630630630630722e+00
zj:  3.1121317107297333e+179 f(zj):   8.5969478742345472e-67 pn(zj):   1.5611380611380703e+00
zj:  1.9701896698966844e-153 f(zj):   1.6039704617400945e-28 pn(zj):   1.5592130592130684e+00
zj:   2.0049829260734201e-52 f(zj):   3.9408319497567261e-62 pn(zj):   1.5572880572880665e+00
zj:   1.9005844891121263e-52 f(zj):   5.9362329844982839e-38 pn(zj):   1.5553630553630646e+00
zj:   1.6542797531350738e-47 f(zj):   1.1829533355670573e-76 pn(zj):   1.5534380534380627e+00
zj:  1.9512347655568931e-153 f(zj):  6.0136196164698546e-154 pn(zj):   1.5515130515130608e+00
zj:   4.6701174747388337e-62 f(zj):   1.7957685937118959e-52 pn(zj):   1.5495880495880590e+00
zj:   1.4510995085948690e-47 f(zj):   1.3153209854442068e-47 pn(zj):   1.5476630476630571e+00
zj:   8.5969478742345472e-67 f(zj):  8.6106919913088455e+183 pn(zj):   1.5457380457380552e+00
zj:   1.6039704617400945e-28 f(zj):  6.0136181703254192e-154 pn(zj):   1.5438130438130533e+00
zj:   3.9408319497567261e-62 f(zj):   1.3137419159962898e-71 pn(zj):   1.5418880418880514e+00
zj:   5.9362329844982839e-38 f(zj):   7.7197463443385027e-43 pn(zj):   1.5399630399630495e+00
zj:   1.1829533355670573e-76 f(zj):  1.2569379134358371e+232 pn(zj):   1.5380380380380476e+00
zj:  6.0136196164698546e-154 f(zj):  6.0513972685449602e-154 pn(zj):   1.5361130361130457e+00
zj:   1.7957685937118959e-52 f(zj):   1.4500251905282355e-47 pn(zj):   1.5341880341880438e+00
zj:   1.3153209854442068e-47 f(zj):   1.0873464676513048e-71 pn(zj):   1.5322630322630419e+00
zj:  8.6106919913088455e+183 f(zj):  1.3160769791002966e-259 pn(zj):   1.5303380303380401e+00
zj:  6.0136181703254192e-154 f(zj):   3.4435330884255147e-86 pn(zj):   1.5284130284130382e+00
zj:   1.3137419159962898e-71 f(zj):   4.7630705164539569e-38 pn(zj):   1.5264880264880363e+00
zj:   7.7197463443385027e-43 f(zj):   4.9150883146246894e-62 pn(zj):   1.5245630245630344e+00
zj:  1.2569379134358371e+232 f(zj):  2.7680679314197621e+280 pn(zj):   1.5226380226380325e+00
zj:  6.0513972685449602e-154 f(zj):   3.4435330884136163e-86 pn(zj):   1.5207130207130306e+00
zj:   1.4500251905282355e-47 f(zj):   3.1222694054551722e-33 pn(zj):   1.5187880187880287e+00
zj:   1.0873464676513048e-71 f(zj):   3.8546674257277654e-57 pn(zj):   1.5168630168630268e+00
zj:   1.5884764947983398e-47 f(zj):  6.1799881198229563e-114 pn(zj):   1.5149380149380249e+00
zj:  1.2587549016203615e+232 f(zj):  2.7680679381026879e+280 pn(zj):   1.5130130130130230e+00
zj:  6.0513972685449602e-154 f(zj):   8.5495310557424777e-72 pn(zj):   1.5110880110880212e+00
zj:   1.6566309425887618e-47 f(zj):   3.3111096229236664e-33 pn(zj):   1.5091630091630193e+00
zj:   1.6591630178566198e-76 f(zj):  3.1140411786822662e+179 pn(zj):   1.5072380072380174e+00
zj:  1.3160769791568618e-259 f(zj):  6.1799881438382626e-114 pn(zj):   1.5053130053130155e+00
zj:   3.4435330884255147e-86 f(zj):   4.5633524455567166e-72 pn(zj):   1.5033880033880136e+00
zj:   3.8926472034638253e-33 f(zj):   2.0899607020888108e-76 pn(zj):   1.5014630014630117e+00
zj:   7.4056144981731719e-38 f(zj):   2.8975725282271154e-57 pn(zj):   1.4995379995380100e+00
zj:  2.7680679381026879e+280 f(zj):  8.1642195725457962e+204 pn(zj):   1.4976129976130081e+00
zj:   8.5495310557424777e-72 f(zj):   6.2289496585431542e-38 pn(zj):   1.4956879956880063e+00
zj:   3.3111096229236664e-33 f(zj):   8.2315229905611685e-67 pn(zj):   1.4937629937630044e+00
zj:  3.1140411786822662e+179 f(zj):   5.0807487190705731e-67 pn(zj):   1.4918379918380025e+00
zj:  6.1799881438382626e-114 f(zj):  3.5230863936822697e-109 pn(zj):   1.4899129899130006e+00
zj:   4.5633524455567166e-72 f(zj):   6.5285629822748313e-38 pn(zj):   1.4879879879879987e+00
zj:   2.0899607020888108e-76 f(zj):   1.4871077741131721e-76 pn(zj):   1.4860629860629968e+00
zj:   2.8975725282271154e-57 f(zj):   5.0807601050820652e-67 pn(zj):   1.4841379841379949e+00
zj:  8.1642195725457962e+204 f(zj):  8.2012590046495058e+204 pn(zj):   1.4822129822129930e+00
zj:   6.2289496585431542e-38 f(zj):   1.5760905342167910e-52 pn(zj):   1.4802879802879911e+00
zj:   8.2315229905611685e-67 f(zj):   4.1782396903412577e-62 pn(zj):   1.4783629783629890e+00
zj:   5.0807487190705731e-67 f(zj):  2.6258628186441605e+179 pn(zj):   1.4764379764379871e+00
zj:  3.5230863936822697e-109 f(zj):  1.9701896698966844e-153 pn(zj):   1.4745129745129852e+00
zj:   6.5285629822748313e-38 f(zj):   3.6962867032641880e-33 pn(zj):   1.4725879725879834e+00
zj:   1.4871077741131721e-76 f(zj):   3.8911367390500340e-33 pn(zj):   1.4706629706629815e+00
zj:   5.0807601050820652e-67 f(zj):   3.3760961380940313e-57 pn(zj):   1.4687379687379796e+00
zj:  8.2012590046495058e+204 f(zj):  1.9512347655568931e-153 pn(zj):   1.4668129668129777e+00
zj:   1.5760905342167910e-52 f(zj):   2.6314137482147329e-52 pn(zj):   1.4648879648879756e+00
zj:   4.1782396903412577e-62 f(zj):   7.4984034225553118e-67 pn(zj):   1.4629629629629737e+00
zj:  2.6258628186441605e+179 f(zj):   8.5969478964315205e-67 pn(zj):   1.4610379610379718e+00
zj:  1.9701896698966844e-153 f(zj):   1.6039704617400945e-28 pn(zj):   1.4591129591129697e+00
zj:   3.6962867032641880e-33 f(zj):   9.7392334772124909e-72 pn(zj):   1.4571879571879678e+00
zj:   3.8911367390500340e-33 f(zj):   4.7584472129108975e-38 pn(zj):   1.4552629552629659e+00
zj:   3.3760961380940313e-57 f(zj):   1.1829520178023289e-76 pn(zj):   1.4533379533379640e+00
zj:  1.9512347655568931e-153 f(zj):  6.0136196164698546e-154 pn(zj):   1.4514129514129621e+00
zj:   2.6314137482147329e-52 f(zj):   1.6591603772599569e-76 pn(zj):   1.4494879494879602e+00
zj:   7.4984034225553118e-67 f(zj):   1.5887500273573406e-47 pn(zj):   1.4475629475629583e+00
zj:   8.5969478964315205e-67 f(zj):  8.6127424355279073e+183 pn(zj):   1.4456379456379562e+00
zj:   1.6039704617400945e-28 f(zj):  6.0136181703254192e-154 pn(zj):   1.4437129437129543e+00
zj:   9.7392334772124909e-72 f(zj):   3.1184959767067655e-33 pn(zj):   1.4417879417879524e+00
zj:   4.7584472129108975e-38 f(zj):   1.5189846204447810e-47 pn(zj):   1.4398629398629503e+00
zj:   1.1829520178023289e-76 f(zj):  1.2575396279061433e+232 pn(zj):   1.4379379379379484e+00
zj:  6.0136196164698546e-154 f(zj):  6.0513972685449602e-154 pn(zj):   1.4360129360129466e+00
zj:   1.6591603772599569e-76 f(zj):   1.1784722919045531e-47 pn(zj):   1.4340879340879447e+00
zj:   1.5887500273573406e-47 f(zj):   1.6591538088559846e-76 pn(zj):   1.4321629321629428e+00
zj:  8.6127424355279073e+183 f(zj):  1.3160769790624392e-259 pn(zj):   1.4302379302379409e+00
zj:  6.0136181703254192e-154 f(zj):   3.4435330884255147e-86 pn(zj):   1.4283129283129388e+00
zj:   3.1184959767067655e-33 f(zj):   9.1689009091393447e-72 pn(zj):   1.4263879263879369e+00
zj:   1.5189846204447810e-47 f(zj):   7.4033320279285974e-38 pn(zj):   1.4244629244629350e+00
zj:   6.8190196799370264e-38 f(zj):   3.5074523981098707e-33 pn(zj):   1.4225379225379331e+00
zj:  8.6127424355240428e+183 f(zj):  1.3160769790053575e-259 pn(zj):   1.4206129206129310e+00
zj:  6.0136181703254192e-154 f(zj):   4.4489154301184891e-86 pn(zj):   1.4186879186879291e+00
zj:   7.1216757430787545e-67 f(zj):   9.9653202649333008e-43 pn(zj):   1.4167629167629272e+00
zj:   4.0867301943435052e-33 f(zj):   3.5360344865733728e-57 pn(zj):   1.4148379148379253e+00
zj:  1.2590557588556559e+232 f(zj):  2.7680679448384432e+280 pn(zj):   1.4129129129129234e+00
zj:  6.0513972685449602e-154 f(zj):   3.8456860250908060e-86 pn(zj):   1.4109879109879215e+00
zj:   1.3824063233037021e-47 f(zj):   3.6970390659689997e-33 pn(zj):   1.4090629090629194e+00
zj:   3.5074523981098707e-33 f(zj):   7.2713721028216249e-43 pn(zj):   1.4071379071379175e+00
zj:  1.3160769790053575e-259 f(zj):  6.1799881318302603e-114 pn(zj):   1.4052129052129156e+00
zj:   4.4489154301184891e-86 f(zj):   4.5633524455567166e-72 pn(zj):   1.4032879032879138e+00
zj:   9.9653202649333008e-43 f(zj):   4.4681633369260343e-33 pn(zj):   1.4013629013629116e+00
zj:   3.5360344865733728e-57 f(zj):   4.6729736359808888e-62 pn(zj):   1.3994378994379097e+00
zj:  2.7680679448384432e+280 f(zj):  8.1642195725457873e+204 pn(zj):   1.3975128975129079e+00
zj:   3.8456860250908060e-86 f(zj):   6.3841531150387651e-67 pn(zj):   1.3955878955879060e+00
zj:   3.6970390659689997e-33 f(zj):   7.8664148787851301e-67 pn(zj):   1.3936628936629041e+00
zj:   7.2713721028216249e-43 f(zj):   7.7526202693742984e-72 pn(zj):   1.3917378917379022e+00
zj:  6.1799881318302603e-114 f(zj):  3.5230863936823930e-109 pn(zj):   1.3898128898129001e+00
zj:   4.5633524455567166e-72 f(zj):   1.1768665284437224e-47 pn(zj):   1.3878878878878982e+00
zj:   4.4681633369260343e-33 f(zj):   1.4010887099753536e-76 pn(zj):   1.3859628859628963e+00
zj:   4.6729736359808888e-62 f(zj):   5.4516694004219122e-67 pn(zj):   1.3840378840378944e+00
zj:  8.1642195725457873e+204 f(zj):  8.2012590046520688e+204 pn(zj):   1.3821128821128923e+00
zj:   6.3841531150387651e-67 f(zj):   2.4049233005016952e-57 pn(zj):   1.3801878801878904e+00
zj:   7.8664148787851301e-67 f(zj):   1.5738054510225180e-76 pn(zj):   1.3782628782628885e+00
zj:   7.7526202693742984e-72 f(zj):  2.6245990472069911e+179 pn(zj):   1.3763378763378866e+00
zj:  3.5230863936823930e-109 f(zj):  1.9701896698966844e-153 pn(zj):   1.3744128744128847e+00
zj:   1.1768665284437224e-47 f(zj):   1.2564737347672471e-71 pn(zj):   1.3724878724878828e+00
zj:   1.4010887099753536e-76 f(zj):   3.3767325217343907e-57 pn(zj):   1.3705628705628807e+00
zj:   5.4516694004219122e-67 f(zj):   3.3760961380953324e-57 pn(zj):   1.3686378686378788e+00
zj:  8.2012590046520688e+204 f(zj):  1.9512347655568931e-153 pn(zj):   1.3667128667128770e+00
zj:   2.4049233005016952e-57 f(zj):   4.6615056631818293e-33 pn(zj):   1.3647878647878751e+00
zj:   1.5738054510225180e-76 f(zj):   5.0523163687355840e-38 pn(zj):   1.3628628628628729e+00
zj:  2.6245990472069911e+179 f(zj):   1.6542797287452720e-47 pn(zj):   1.3609378609378711e+00
zj:  1.9701896698966844e-153 f(zj):   1.6039704617400945e-28 pn(zj):   1.3590128590128692e+00
zj:   1.2564737347672471e-71 f(zj):   5.0557511951247893e-38 pn(zj):   1.3570878570878673e+00
zj:   3.3767325217343907e-57 f(zj):   6.5297245026358137e-38 pn(zj):   1.3551628551628654e+00
zj:   3.3760961380953324e-57 f(zj):   1.1829513795055411e-76 pn(zj):   1.3532378532378635e+00
zj:  1.9512347655568931e-153 f(zj):  6.0136196164698546e-154 pn(zj):   1.3513128513128614e+00
zj:   4.6615056631818293e-33 f(zj):   2.4234133206528738e-52 pn(zj):   1.3493878493878595e+00
zj:   5.0523163687355840e-38 f(zj):   2.4242385298659969e-52 pn(zj):   1.3474628474628576e+00
zj:   1.6542797287452720e-47 f(zj):  8.6127586445716547e+183 pn(zj):   1.3455378455378557e+00
zj:   1.6039704617400945e-28 f(zj):  6.0136181703254192e-154 pn(zj):   1.3436128436128536e+00
zj:   5.0557511951247893e-38 f(zj):   1.5717853281396024e-76 pn(zj):   1.3416878416878517e+00
zj:   6.5297245026358137e-38 f(zj):   1.6581443934838218e-76 pn(zj):   1.3397628397628498e+00
zj:   1.1829513795055411e-76 f(zj):  1.2575408123837283e+232 pn(zj):   1.3378378378378479e+00
zj:  6.0136196164698546e-154 f(zj):  6.0513972685449602e-154 pn(zj):   1.3359128359128460e+00
zj:   2.4234133206528738e-52 f(zj):   1.5882081619320863e-47 pn(zj):   1.3339878339878442e+00
zj:   4.6672428823073507e-62 f(zj):   3.5074612372315344e-33 pn(zj):   1.3320628320628420e+00
zj:   7.4056144980365989e-38 f(zj):   5.1515353991669104e-62 pn(zj):   1.3301378301378401e+00
zj:   1.1829520255440870e-76 f(zj):  1.2575396279061427e+232 pn(zj):   1.3282128282128383e+00
zj:  6.0136196164698546e-154 f(zj):  6.0513972685449602e-154 pn(zj):   1.3262878262878364e+00
zj:   7.4911702215168499e-67 f(zj):   1.1081817040186424e-47 pn(zj):   1.3243628243628343e+00
zj:   2.0062000793865809e-52 f(zj):   5.3519296573671796e-38 pn(zj):   1.3224378224378324e+00
zj:  8.6023848556504109e+183 f(zj):  1.3160769790051360e-259 pn(zj):   1.3205128205128305e+00
zj:  6.0136181703254192e-154 f(zj):   4.6499918984570840e-86 pn(zj):   1.3185878185878286e+00
zj:   1.2567000024752268e-71 f(zj):   3.8911249611024578e-33 pn(zj):   1.3166628166628267e+00
zj:   5.1515353991669104e-62 f(zj):   4.6652702756338113e-33 pn(zj):   1.3147378147378248e+00
zj:  1.2575396279061427e+232 f(zj):  2.7680679448384432e+280 pn(zj):   1.3128128128128227e+00
zj:  6.0513972685449602e-154 f(zj):   4.2478389617679958e-86 pn(zj):   1.3108878108878208e+00
zj:   1.1081817040186424e-47 f(zj):   3.6992901488620851e-33 pn(zj):   1.3089628089628189e+00
zj:   5.3519296573671796e-38 f(zj):   2.5795789067687509e-57 pn(zj):   1.3070378070378168e+00
zj:  1.3160769790051360e-259 f(zj):  6.1799881198702292e-114 pn(zj):   1.3051128051128149e+00
zj:   4.6499918984570840e-86 f(zj):   4.5633524455567166e-72 pn(zj):   1.3031878031878130e+00
zj:   3.8911249611024578e-33 f(zj):   6.8178582139103980e-38 pn(zj):   1.3012628012628111e+00
zj:   4.6652702756338113e-33 f(zj):   1.7461980708585153e-76 pn(zj):   1.2993377993378092e+00
zj:  2.7680679448384432e+280 f(zj):  8.1642195725457873e+204 pn(zj):   1.2974127974128074e+00
zj:   4.2478389617679958e-86 f(zj):   5.0488766876023010e-38 pn(zj):   1.2954877954878055e+00
zj:   3.6992901488620851e-33 f(zj):   2.2129706585662875e-52 pn(zj):   1.2935627935628033e+00
zj:   2.5795789067687509e-57 f(zj):   5.2007777056075711e-90 pn(zj):   1.2916377916378015e+00
zj:  6.1799881198702292e-114 f(zj):  3.5230863936827556e-109 pn(zj):   1.2897127897127996e+00
zj:   4.5633524455567166e-72 f(zj):   9.5046228920641391e-43 pn(zj):   1.2877877877877975e+00
zj:   6.8178582139103980e-38 f(zj):   2.1776625750091099e-76 pn(zj):   1.2858627858627956e+00
zj:   1.7461980708585153e-76 f(zj):   5.0807543898375981e-67 pn(zj):   1.2839377839377937e+00
zj:  8.1642195725457873e+204 f(zj):  8.2012590046500705e+204 pn(zj):   1.2820127820127918e+00
zj:   5.0488766876023010e-38 f(zj):   3.6696217353846667e-62 pn(zj):   1.2800877800877899e+00
zj:   2.2129706585662875e-52 f(zj):   5.3542344954966475e-38 pn(zj):   1.2781627781627880e+00
zj:   5.2007777056075711e-90 f(zj):  3.1153025540682843e+179 pn(zj):   1.2762377762377861e+00
zj:  3.5230863936827556e-109 f(zj):  1.9701896698966844e-153 pn(zj):   1.2743127743127840e+00
zj:   9.5046228920641391e-43 f(zj):   1.2564737347672471e-71 pn(zj):   1.2723877723877821e+00
zj:   2.1776625750091099e-76 f(zj):   7.4090627778540766e-38 pn(zj):   1.2704627704627802e+00
zj:   5.0807543898375981e-67 f(zj):   3.3760961382429785e-57 pn(zj):   1.2685377685377781e+00
zj:  8.2012590046500705e+204 f(zj):  1.9512347655568931e-153 pn(zj):   1.2666127666127762e+00
zj:   3.6696217353846667e-62 f(zj):   3.6962867032641880e-33 pn(zj):   1.2646877646877743e+00
zj:   5.3542344954966475e-38 f(zj):   3.8911367390500340e-33 pn(zj):   1.2627627627627724e+00
zj:  3.1153025540682843e+179 f(zj):   3.3760961380940313e-57 pn(zj):   1.2608377608377705e+00
zj:  1.9701896698966844e-153 f(zj):   1.6039704617400945e-28 pn(zj):   1.2589127589127687e+00
zj:   1.2564737347672471e-71 f(zj):   1.2452893050220763e-47 pn(zj):   1.2569877569877665e+00
zj:   7.4090627778540766e-38 f(zj):   5.3519387310484272e-38 pn(zj):   1.2550627550627647e+00
zj:   3.3760961382429785e-57 f(zj):   1.1829533484563337e-76 pn(zj):   1.2531377531377628e+00
zj:  1.9512347655568931e-153 f(zj):  6.0136196164698546e-154 pn(zj):   1.2512127512127609e+00
zj:   3.6962867032641880e-33 f(zj):   2.0029137994691202e-76 pn(zj):   1.2492877492877588e+00
zj:   3.8911367390500340e-33 f(zj):   3.8571444867100128e-57 pn(zj):   1.2473627473627569e+00
zj:   3.3760961380940313e-57 f(zj):  8.6127586445735964e+183 pn(zj):   1.2454377454377550e+00
zj:   1.6039704617400945e-28 f(zj):  6.0136181703254192e-154 pn(zj):   1.2435127435127531e+00
zj:   1.2452893050220763e-47 f(zj):   1.3692335967796736e-71 pn(zj):   1.2415877415877512e+00
zj:   9.3515461149680229e-67 f(zj):   3.5397706601722451e-57 pn(zj):   1.2396627396627493e+00
zj:   4.4711756216904285e-33 f(zj):   6.0161756195121899e-67 pn(zj):   1.2377377377377472e+00
zj:   1.3117901419033027e-71 f(zj):  8.6127586445735832e+183 pn(zj):   1.2358127358127453e+00
zj:   1.6039704617400945e-28 f(zj):  6.0136181703254192e-154 pn(zj):   1.2338877338877434e+00
zj:   1.1430540727042187e-71 f(zj):   2.0049484128069246e-76 pn(zj):   1.2319627319627415e+00
zj:   6.2278287264492124e-38 f(zj):   2.8988146810926733e-57 pn(zj):   1.2300377300377394e+00
zj:   1.1829520178327652e-76 f(zj):  1.2587549016201497e+232 pn(zj):   1.2281127281127375e+00
zj:  6.0136196164698546e-154 f(zj):  6.0513972685449602e-154 pn(zj):   1.2261877261877356e+00
zj:   1.3826725598837857e-47 f(zj):   1.5205892947075529e-47 pn(zj):   1.2242627242627337e+00
zj:   6.0161756195121899e-67 f(zj):   8.1664378126694382e-43 pn(zj):   1.2223377223377319e+00
zj:  8.6127586445735832e+183 f(zj):  1.3160769790624401e-259 pn(zj):   1.2204127204127300e+00
zj:  6.0136181703254192e-154 f(zj):   4.0467624934412994e-86 pn(zj):   1.2184877184877279e+00
zj:   2.0049484128069246e-76 f(zj):   8.2373580666404412e-67 pn(zj):   1.2165627165627260e+00
zj:   2.8988146810926733e-57 f(zj):   2.5261916330487801e-52 pn(zj):   1.2146377146377241e+00
zj:  1.2587549016201497e+232 f(zj):  2.7680679110275932e+280 pn(zj):   1.2127127127127222e+00
zj:  6.0513972685449602e-154 f(zj):   4.4489154301065906e-86 pn(zj):   1.2107877107877201e+00
zj:   1.5205892947075529e-47 f(zj):   1.2569210917770722e-71 pn(zj):   1.2088627088627182e+00
zj:   8.1664378126694382e-43 f(zj):   4.8570991527379457e-33 pn(zj):   1.2069377069377163e+00
zj:  1.3160769790624401e-259 f(zj):  6.1799881803794778e-114 pn(zj):   1.2050127050127144e+00
zj:   4.0467624934412994e-86 f(zj):   4.5633524455567166e-72 pn(zj):   1.2030877030877125e+00
zj:   8.2373580666404412e-67 f(zj):   1.0403267275168246e-42 pn(zj):   1.2011627011627106e+00
zj:   2.5261916330487801e-52 f(zj):   9.0650271352471235e-43 pn(zj):   1.1992376992377085e+00
zj:  2.7680679110275932e+280 f(zj):  8.1642195725457884e+204 pn(zj):   1.1973126973127066e+00
zj:   4.4489154301065906e-86 f(zj):   1.0855742683025250e-71 pn(zj):   1.1953876953877047e+00
zj:   1.2569210917770722e-71 f(zj):   3.3133459090902552e-33 pn(zj):   1.1934626934627028e+00
zj:   4.8570991527379457e-33 f(zj):   5.2074705132535516e-90 pn(zj):   1.1915376915377007e+00
zj:  6.1799881803794778e-114 f(zj):  3.5230863936821505e-109 pn(zj):   1.1896126896126988e+00
zj:   4.5633524455567166e-72 f(zj):   6.3841531150387651e-67 pn(zj):   1.1876876876876969e+00
zj:   1.0403267275168246e-42 f(zj):   9.5081673280434102e-43 pn(zj):   1.1857626857626951e+00
zj:   9.0650271352471235e-43 f(zj):   7.7525943780009907e-72 pn(zj):   1.1838376838376932e+00
zj:  8.1642195725457884e+204 f(zj):  8.2012590046503612e+204 pn(zj):   1.1819126819126913e+00
zj:   1.0855742683025250e-71 f(zj):   5.5993983999399822e-67 pn(zj):   1.1799876799876892e+00
zj:   3.3133459090902552e-33 f(zj):   2.0062032532699378e-52 pn(zj):   1.1780626780626873e+00
zj:   5.2074705132535516e-90 f(zj):  3.1134055202276453e+179 pn(zj):   1.1761376761376854e+00
zj:  3.5230863936821505e-109 f(zj):  1.9701896698966844e-153 pn(zj):   1.1742126742126835e+00
zj:   6.3841531150387651e-67 f(zj):   3.6955373027873358e-33 pn(zj):   1.1722876722876814e+00
zj:   9.5081673280434102e-43 f(zj):   1.7458528293788715e-76 pn(zj):   1.1703626703626795e+00
zj:   7.7525943780009907e-72 f(zj):   5.3418358768863355e-38 pn(zj):   1.1684376684376776e+00
zj:  8.2012590046503612e+204 f(zj):  1.9512347655568931e-153 pn(zj):   1.1665126665126757e+00
zj:   5.5993983999399822e-67 f(zj):   1.2564737347672471e-71 pn(zj):   1.1645876645876738e+00
zj:   2.0062032532699378e-52 f(zj):   3.3767325217343907e-57 pn(zj):   1.1626626626626719e+00
zj:  3.1134055202276453e+179 f(zj):   3.3760961380953324e-57 pn(zj):   1.1607376607376698e+00
zj:  1.9701896698966844e-153 f(zj):   1.6039704617400945e-28 pn(zj):   1.1588126588126679e+00
zj:   3.6955373027873358e-33 f(zj):   4.6662933255327747e-62 pn(zj):   1.1568876568876660e+00
zj:   1.7458528293788715e-76 f(zj):   7.1117408928147951e-38 pn(zj):   1.1549626549626641e+00
zj:   5.3418358768863355e-38 f(zj):   1.1829533407450118e-76 pn(zj):   1.1530376530376620e+00
zj:  1.9512347655568931e-153 f(zj):  6.0136196164698546e-154 pn(zj):   1.1511126511126601e+00
zj:   1.2564736066001690e-71 f(zj):   3.3754879564380984e-57 pn(zj):   1.1491876491876583e+00
zj:   3.5379061673494867e-57 f(zj):   3.8888591373995739e-33 pn(zj):   1.1472626472626564e+00
zj:   1.4000752948697302e-76 f(zj):   5.0615179077264891e-38 pn(zj):   1.1453376453376545e+00
zj:   1.3117901217412967e-71 f(zj):   1.1829526947365489e-76 pn(zj):   1.1434126434126526e+00
zj:  1.9512347655568931e-153 f(zj):  6.0136196164698546e-154 pn(zj):   1.1414876414876505e+00
zj:   3.3798440102313408e-57 f(zj):   1.1100568156219009e-47 pn(zj):   1.1395626395626486e+00
zj:   5.6435343155582848e-38 f(zj):   5.9431386182939777e-38 pn(zj):   1.1376376376376467e+00
zj:   9.4962411846321280e-43 f(zj):  8.6127505400500292e+183 pn(zj):   1.1357126357126448e+00
zj:   1.6039704617400945e-28 f(zj):  6.0136181703254192e-154 pn(zj):   1.1337876337876427e+00
zj:   3.8888591373995739e-33 f(zj):   4.0867478153234735e-33 pn(zj):   1.1318626318626408e+00
zj:   5.0615179077264891e-38 f(zj):   9.5169595745455581e-43 pn(zj):   1.1299376299376389e+00
zj:   1.1829526947365489e-76 f(zj):  1.2575396279064954e+232 pn(zj):   1.1280126280126370e+00
zj:  6.0136196164698546e-154 f(zj):  6.0513972685449602e-154 pn(zj):   1.1260876260876351e+00
zj:   1.1100568156219009e-47 f(zj):   1.2463646754224932e-47 pn(zj):   1.1241626241626330e+00
zj:   5.9431386182939777e-38 f(zj):   1.2460953354198471e-47 pn(zj):   1.1222376222376311e+00
zj:  8.6127505400500292e+183 f(zj):  1.3160769790811474e-259 pn(zj):   1.1203126203126292e+00
zj:  6.0136181703254192e-154 f(zj):   3.4435330884255147e-86 pn(zj):   1.1183876183876273e+00
zj:   4.0867478153234735e-33 f(zj):   3.5067088519239694e-33 pn(zj):   1.1164626164626255e+00
zj:   9.5169595745455581e-43 f(zj):   6.0089367362236416e-67 pn(zj):   1.1145376145376236e+00
zj:  1.2575396279064954e+232 f(zj):  2.7680679314197621e+280 pn(zj):   1.1126126126126215e+00
zj:  6.0513972685449602e-154 f(zj):   4.2478389617679958e-86 pn(zj):   1.1106876106876196e+00
zj:   1.2463646754224932e-47 f(zj):   2.1776612519261823e-76 pn(zj):   1.1087626087626177e+00
zj:   1.2460953354198471e-47 f(zj):   1.4273757582146537e-71 pn(zj):   1.1068376068376158e+00
zj:  1.3160769790811474e-259 f(zj):  6.1799881923395090e-114 pn(zj):   1.1049126049126139e+00
zj:   3.4435330884255147e-86 f(zj):   4.5633524455567166e-72 pn(zj):   1.1029876029876120e+00
zj:   3.5067088519239694e-33 f(zj):   1.5874084247903926e-47 pn(zj):   1.1010626010626101e+00
zj:   6.0089367362236416e-67 f(zj):   3.3792314796458191e-57 pn(zj):   1.0991375991376080e+00
zj:  2.7680679314197621e+280 f(zj):  8.1642195725457918e+204 pn(zj):   1.0972125972126061e+00
zj:   4.2478389617679958e-86 f(zj):   1.0855742683025250e-71 pn(zj):   1.0952875952876042e+00
zj:   2.1776612519261823e-76 f(zj):   7.7109813604531872e-43 pn(zj):   1.0933625933626023e+00
zj:   1.4273757582146537e-71 f(zj):   5.2074856262324418e-90 pn(zj):   1.0914375914376004e+00
zj:  6.1799881923395090e-114 f(zj):  3.5230863936821505e-109 pn(zj):   1.0895125895125986e+00
zj:   4.5633524455567166e-72 f(zj):   5.0488766876023010e-38 pn(zj):   1.0875875875875967e+00
zj:   1.5874084247903926e-47 f(zj):   9.0685235121946349e-43 pn(zj):   1.0856625856625945e+00
zj:   3.3792314796458191e-57 f(zj):   5.2094106585708616e-90 pn(zj):   1.0837375837375927e+00
zj:  8.1642195725457918e+204 f(zj):  8.2012590046512156e+204 pn(zj):   1.0818125818125908e+00
zj:   1.0855742683025250e-71 f(zj):   8.5440039061584201e-72 pn(zj):   1.0798875798875889e+00
zj:   7.7109813604531872e-43 f(zj):   4.9131929248833100e-62 pn(zj):   1.0779625779625870e+00
zj:   5.2074856262324418e-90 f(zj):  3.5977798421152418e+179 pn(zj):   1.0760375760375851e+00
zj:  3.5230863936821505e-109 f(zj):  1.9701896698966844e-153 pn(zj):   1.0741125741125832e+00
zj:   5.0488766876023010e-38 f(zj):   4.4222833156186253e-62 pn(zj):   1.0721875721875811e+00
zj:   9.0685235121946349e-43 f(zj):   6.5262985380166170e-38 pn(zj):   1.0702625702625792e+00
zj:   5.2094106585708616e-90 f(zj):   5.1515138825338372e-62 pn(zj):   1.0683375683375773e+00
zj:  8.2012590046512156e+204 f(zj):  1.9512347655568931e-153 pn(zj):   1.0664125664125754e+00
zj:   8.5440039061584201e-72 f(zj):   1.2564737347672471e-71 pn(zj):   1.0644875644875735e+00
zj:   4.9131929248833100e-62 f(zj):   7.4090627778540766e-38 pn(zj):   1.0625625625625716e+00
zj:  3.5977798421152418e+179 f(zj):   3.3760961382429785e-57 pn(zj):   1.0606375606375698e+00
zj:  1.9701896698966844e-153 f(zj):   1.6039704617400945e-28 pn(zj):   1.0587125587125676e+00
zj:  8.2012590046517803e+204 f(zj):   1.1428329867892083e-71 pn(zj):   1.0567875567875658e+00
zj:   1.3037115335324738e-76 f(zj):   5.3496381839101135e-38 pn(zj):   1.0548625548625639e+00
zj:   6.2324114278495555e-38 f(zj):   4.6637686048289061e-33 pn(zj):   1.0529375529375620e+00
zj:  3.6009481348967702e+179 f(zj):   1.3117901318483203e-71 pn(zj):   1.0510125510125601e+00
zj:  1.9701896698966844e-153 f(zj):   1.6039704617400945e-28 pn(zj):   1.0490875490875582e+00
zj:   1.8993482124028462e-52 f(zj):   1.4497558053441293e-47 pn(zj):   1.0471625471625563e+00
zj:   7.7162705470507969e-43 f(zj):   6.8213200694928570e-38 pn(zj):   1.0452375452375542e+00
zj:   2.5801676223619986e-57 f(zj):   1.1829559814620843e-76 pn(zj):   1.0433125433125523e+00
zj:  1.9512347655568931e-153 f(zj):  6.0136196164698546e-154 pn(zj):   1.0413875413875504e+00
zj:   5.3496381839101135e-38 f(zj):   9.7436983451314540e-72 pn(zj):   1.0394625394625485e+00
zj:   4.6637686048289061e-33 f(zj):   9.0562417037705086e-43 pn(zj):   1.0375375375375466e+00
zj:   1.3117901318483203e-71 f(zj):  8.6106919913112570e+183 pn(zj):   1.0356125356125447e+00
zj:   1.6039704617400945e-28 f(zj):  6.0136181703254192e-154 pn(zj):   1.0336875336875428e+00
zj:   1.4497558053441293e-47 f(zj):   5.6458436374983160e-38 pn(zj):   1.0317625317625407e+00
zj:   6.8213200694928570e-38 f(zj):   9.7282053623640629e-72 pn(zj):   1.0298375298375388e+00
zj:   1.1829559814620843e-76 f(zj):  1.2590557588557254e+232 pn(zj):   1.0279125279125370e+00
zj:  6.0136196164698546e-154 f(zj):  6.0513972685449602e-154 pn(zj):   1.0259875259875351e+00
zj:   9.7436983451314540e-72 f(zj):   1.6561005454500264e-47 pn(zj):   1.0240625240625332e+00
zj:   9.0562417037705086e-43 f(zj):   1.9014001274002978e-52 pn(zj):   1.0221375221375313e+00
zj:  8.6106919913112570e+183 f(zj):  1.3160769791755700e-259 pn(zj):   1.0202125202125294e+00
zj:  6.0136181703254192e-154 f(zj):   4.4489154301184891e-86 pn(zj):   1.0182875182875273e+00
zj:   5.6458436374983160e-38 f(zj):   7.4896873095067464e-67 pn(zj):   1.0163625163625254e+00
zj:   9.7282053623640629e-72 f(zj):   2.2142021621502981e-52 pn(zj):   1.0144375144375235e+00
zj:  1.2590557588557254e+232 f(zj):  2.7680679448384432e+280 pn(zj):   1.0125125125125216e+00
zj:  6.0513972685449602e-154 f(zj):   4.0467624934294009e-86 pn(zj):   1.0105875105875197e+00
zj:   1.6561005454500264e-47 f(zj):   1.9189201448165792e-76 pn(zj):   1.0086625086625178e+00
zj:   1.9014001274002978e-52 f(zj):   1.2558174129979046e-71 pn(zj):   1.0067375067375157e+00
zj:  1.3160769791755700e-259 f(zj):  6.1799881318302603e-114 pn(zj):   1.0048125048125138e+00
zj:   4.4489154301184891e-86 f(zj):   4.5633524455567166e-72 pn(zj):   1.0028875028875119e+00
zj:   7.4896873095067464e-67 f(zj):   2.4222025708978343e-52 pn(zj):   1.0009625009625100e+00
zj:   2.2142021621502981e-52 f(zj):   8.2373581115468322e-67 pn(zj):   9.9903749903750816e-01
zj:  2.7680679448384432e+280 f(zj):  8.1642195725457862e+204 pn(zj):   9.9711249711250616e-01
zj:   4.0467624934294009e-86 f(zj):   1.4000647676706001e-76 pn(zj):   9.9518749518750427e-01
zj:   1.9189201448165792e-76 f(zj):   4.6615027590671499e-33 pn(zj):   9.9326249326250238e-01
zj:   1.2558174129979046e-71 f(zj):   7.7525943273330696e-72 pn(zj):   9.9133749133750038e-01
zj:  6.1799881318302603e-114 f(zj):  3.5230863936831187e-109 pn(zj):   9.8941248941249849e-01
zj:   4.5633524455567166e-72 f(zj):   1.0855742683025250e-71 pn(zj):   9.8748748748749660e-01
zj:   2.4222025708978343e-52 f(zj):   5.0546166880885757e-38 pn(zj):   9.8556248556249459e-01
zj:   8.2373581115468322e-67 f(zj):   5.2036278225632172e-90 pn(zj):   9.8363748363749270e-01
zj:  8.1642195725457862e+204 f(zj):  8.2012590046497898e+204 pn(zj):   9.8171248171249081e-01
zj:   1.4000647676706001e-76 f(zj):   1.3037115335324738e-76 pn(zj):   9.7978747978748881e-01
zj:   4.6615027590671499e-33 f(zj):   1.2003187793710622e-71 pn(zj):   9.7786247786248692e-01
zj:   7.7525943273330696e-72 f(zj):  2.7860637145552992e+179 pn(zj):   9.7593747593748503e-01
zj:  3.5230863936831187e-109 f(zj):  1.9701896698966844e-153 pn(zj):   9.7401247401248314e-01
zj:   1.0855742683025250e-71 f(zj):   5.0511999188049713e-38 pn(zj):   9.7208747208748114e-01
zj:   5.0546166880885757e-38 f(zj):   1.5205945436270990e-47 pn(zj):   9.7016247016247925e-01
zj:   5.2036278225632172e-90 f(zj):   5.1515138827038514e-62 pn(zj):   9.6823746823747736e-01
zj:  8.2012590046497898e+204 f(zj):  1.9512347655568931e-153 pn(zj):   9.6631246631247536e-01
zj:  3.5230863936825103e-109 f(zj):   3.6955368895304146e-33 pn(zj):   9.6438746438747347e-01
zj:   1.2011996683519638e-71 f(zj):   4.7607476713655062e-38 pn(zj):   9.6246246246247158e-01
zj:   2.2142037427957021e-52 f(zj):   1.9022125981490062e-52 pn(zj):   9.6053746053746969e-01
zj:   8.3185700024100465e-72 f(zj):   3.1184848186943312e-33 pn(zj):   9.5861245861246769e-01
zj:  8.2012590046503579e+204 f(zj):  1.9512347655568931e-153 pn(zj):   9.5668745668746580e-01
zj:   1.0339757983883530e-47 f(zj):   2.2158350128794447e-52 pn(zj):   9.5476245476246391e-01
zj:   5.3993734261978074e-62 f(zj):   1.6588269957335193e-76 pn(zj):   9.5283745283746191e-01
zj:  3.5984130176799817e+179 f(zj):   4.6617496215793509e-62 pn(zj):   9.5091245091246002e-01
zj:  1.9701896699140502e-153 f(zj):   1.6039704617400945e-28 pn(zj):   9.4898744898745813e-01
zj:   4.7607476713655062e-38 f(zj):   4.9131782028352217e-62 pn(zj):   9.4706244706245624e-01
zj:   1.9022125981490062e-52 f(zj):   1.0851662230298026e-42 pn(zj):   9.4513744513745424e-01
zj:   3.1184848186943312e-33 f(zj):   1.2693170055217951e-76 pn(zj):   9.4321244321245234e-01
zj:  1.9512347655568931e-153 f(zj):  6.0136196164698559e-154 pn(zj):   9.4128744128745045e-01
zj:   2.2158350128794447e-52 f(zj):   4.8518329151309978e-33 pn(zj):   9.3936243936244845e-01
zj:   1.6588269957335193e-76 f(zj):   1.7237215050099305e-47 pn(zj):   9.3743743743744656e-01
zj:   4.6617496215793509e-62 f(zj):  8.6003182023890546e+183 pn(zj):   9.3551243551244467e-01
zj:   1.6039704617400945e-28 f(zj):  6.0136181703254192e-154 pn(zj):   9.3358743358744278e-01
zj:   4.9131782028352217e-62 f(zj):   9.0649793194827910e-43 pn(zj):   9.3166243166244078e-01
zj:   1.0851662230298026e-42 f(zj):   1.8315463876327175e-76 pn(zj):   9.2973742973743889e-01
zj:   1.2693170055217951e-76 f(zj):  1.2590557588555145e+232 pn(zj):   9.2781242781243700e-01
zj:  6.0136196164698559e-154 f(zj):  6.0513972685449602e-154 pn(zj):   9.2588742588743500e-01
zj:   4.8518329151309978e-33 f(zj):   8.2358809692752284e-67 pn(zj):   9.2396242396243311e-01
zj:   1.7237215050099305e-47 f(zj):   9.0562622037726520e-43 pn(zj):   9.2203742203743122e-01
zj:  8.6003182023890546e+183 f(zj):  1.3973781873818075e-259 pn(zj):   9.2011242011242933e-01
zj:  6.0136181703254192e-154 f(zj):   3.6446095567641096e-86 pn(zj):   9.1818741818742733e-01
zj:   9.0649793194827910e-43 f(zj):   3.6959659317724944e-57 pn(zj):   9.1626241626242544e-01
zj:   1.8315463876327175e-76 f(zj):   1.0294236987652081e-71 pn(zj):   9.1433741433742355e-01
zj:  1.2590557588555145e+232 f(zj):  2.7680679043182526e+280 pn(zj):   9.1241241241242155e-01
zj:  6.0513972685449602e-154 f(zj):   3.4435330884136163e-86 pn(zj):   9.1048741048741966e-01
zj:   8.2358809692752284e-67 f(zj):   4.0822132767198595e-33 pn(zj):   9.0856240856241777e-01
zj:   9.0562622037726520e-43 f(zj):   8.2300740819072082e-67 pn(zj):   9.0663740663741588e-01
zj:  1.3973781873818075e-259 f(zj):  6.1799881198229563e-114 pn(zj):   9.0471240471241388e-01
zj:   3.6446095567641096e-86 f(zj):   1.5528283712684925e-33 pn(zj):   9.0278740278741199e-01
zj:   3.6959659317724944e-57 f(zj):   1.3832092008759363e-47 pn(zj):   9.0086240086241010e-01
zj:   1.0294236987652081e-71 f(zj):   1.7250568595498046e-47 pn(zj):   8.9893739893740809e-01
zj:  2.7680679043182526e+280 f(zj):  8.1642243567575274e+204 pn(zj):   8.9701239701240620e-01
zj:   3.4435330884136163e-86 f(zj):   1.0855803136205136e-71 pn(zj):   8.9508739508740431e-01
zj:   4.0822132767198595e-33 f(zj):   2.8975530527436336e-57 pn(zj):   8.9316239316240242e-01
zj:   8.2300740819072082e-67 f(zj):   5.2055679383318422e-90 pn(zj):   8.9123739123740042e-01
zj:  6.1799881198229563e-114 f(zj):  3.5230863936822715e-109 pn(zj):   8.8931238931239853e-01
zj:   1.5528283712684925e-33 f(zj):   9.7238000705090213e-72 pn(zj):   8.8738738738739664e-01
zj:   1.3832092008759363e-47 f(zj):   1.6553018646559063e-47 pn(zj):   8.8546238546239464e-01
zj:   1.7250568595498046e-47 f(zj):   5.2026727752162100e-90 pn(zj):   8.8353738353739275e-01
zj:  8.1642243567575274e+204 f(zj):  8.2012590046503557e+204 pn(zj):   8.8161238161239086e-01
zj:   1.0855803136205136e-71 f(zj):   1.5777218603337906e-52 pn(zj):   8.7968737968738886e-01
zj:   2.8975530527436336e-57 f(zj):   1.6563667860770611e-47 pn(zj):   8.7776237776238697e-01
zj:   5.2055679383318422e-90 f(zj):  4.0865888078382222e+179 pn(zj):   8.7583737583738508e-01
zj:   1.8325545059415628e-76 f(zj):  1.9701896699140502e-153 pn(zj):   8.7391237391238308e-01
zj:  8.1642243567575263e+204 f(zj):  8.2012590046503579e+204 pn(zj):   8.7198737198738119e-01
zj:   5.8779386511957286e-62 f(zj):   6.7753879807777072e-43 pn(zj):   8.7006237006237930e-01
zj:   4.0807204219885850e-33 f(zj):   3.7007947471935286e-33 pn(zj):   8.6813736813737730e-01
zj:   5.2084294084662800e-90 f(zj):  3.9206894870310706e+179 pn(zj):   8.6621236621237530e-01
zj:  3.5230863936827556e-109 f(zj):  1.9701896699140502e-153 pn(zj):   8.6428736428737341e-01
zj:   2.0056086072346461e-76 f(zj):   6.7522210376546620e-67 pn(zj):   8.6236236236237152e-01
zj:   1.4275985714556697e-71 f(zj):   2.4230150726648601e-52 pn(zj):   8.6043736043736962e-01
zj:   8.3185742696261580e-72 f(zj):   2.5801676223628645e-57 pn(zj):   8.5851235851236762e-01
zj:  8.2012590046503579e+204 f(zj):  1.9512347655568931e-153 pn(zj):   8.5658735658736562e-01
zj:   6.7753879807777072e-43 f(zj):   1.8993482124028462e-52 pn(zj):   8.5466235466236373e-01
zj:   3.7007947471935286e-33 f(zj):   0.0000000000000000e+00 pn(zj):   8.5273735273736184e-01
zj:  3.9206894870310706e+179 f(zj):  6.3114415927990040e-319 pn(zj):   8.5081235081235984e-01
zj:  1.9701896699140502e-153 f(zj):   0.0000000000000000e+00 pn(zj):   8.4888734888735795e-01
zj:   6.7522210376546620e-67 f(zj):   0.0000000000000000e+00 pn(zj):   8.4696234696235595e-01
zj:   2.4230150726648601e-52 f(zj):   0.0000000000000000e+00 pn(zj):   8.4503734503735406e-01
zj:   2.5801676223628645e-57 f(zj):   0.0000000000000000e+00 pn(zj):   8.4311234311235217e-01
zj:  1.9512347655568931e-153 f(zj):   0.0000000000000000e+00 pn(zj):   8.4118734118735017e-01
zj:   1.8993482124028462e-52 f(zj):   0.0000000000000000e+00 pn(zj):   8.3926233926234828e-01
zj:   0.0000000000000000e+00 f(zj):   0.0000000000000000e+00 pn(zj):   8.3733733733734628e-01
zj:  6.3114415927990040e-319 f(zj):   0.0000000000000000e+00 pn(zj):   8.3541233541234439e-01
zj:   0.0000000000000000e+00 f(zj):   0.0000000000000000e+00 pn(zj):   8.3348733348734250e-01
zj:   0.0000000000000000e+00 f(zj):   0.0000000000000000e+00 pn(zj):   8.3156233156234050e-01
zj:   0.0000000000000000e+00 f(zj):   0.0000000000000000e+00 pn(zj):   8.2963732963733861e-01
zj:   0.0000000000000000e+00 f(zj):   0.0000000000000000e+00 pn(zj):   8.2771232771233660e-01
zj:   0.0000000000000000e+00 f(zj):   0.0000000000000000e+00 pn(zj):   8.2578732578733471e-01
zj:   0.0000000000000000e+00 f(zj):   0.0000000000000000e+00 pn(zj):   8.2386232386233282e-01
zj:   0.0000000000000000e+00 f(zj):   0.0000000000000000e+00 pn(zj):   8.2193732193733082e-01
zj:   0.0000000000000000e+00 f(zj):   0.0000000000000000e+00 pn(zj):   8.2001232001232893e-01
zj:   0.0000000000000000e+00 f(zj):   0.0000000000000000e+00 pn(zj):   8.1808731808732693e-01
zj:   0.0000000000000000e+00 f(zj):   0.0000000000000000e+00 pn(zj):   8.1616231616232504e-01
zj:   0.0000000000000000e+00 f(zj):   0.0000000000000000e+00 pn(zj):   8.1423731423732315e-01
zj:   0.0000000000000000e+00 f(zj):   0.0000000000000000e+00 pn(zj):   8.1231231231232115e-01
zj:   0.0000000000000000e+00 f(zj):   0.0000000000000000e+00 pn(zj):   8.1038731038731926e-01
zj:   0.0000000000000000e+00 f(zj):   0.0000000000000000e+00 pn(zj):   8.0846230846231726e-01
zj:   0.0000000000000000e+00 f(zj):   0.0000000000000000e+00 pn(zj):   8.0653730653731537e-01
zj:   0.0000000000000000e+00 f(zj):   0.0000000000000000e+00 pn(zj):   8.0461230461231348e-01
zj:   0.0000000000000000e+00 f(zj):   0.0000000000000000e+00 pn(zj):   8.0268730268731148e-01
zj:   0.0000000000000000e+00 f(zj):   0.0000000000000000e+00 pn(zj):   8.0076230076230959e-01
zj:   0.0000000000000000e+00 f(zj):   0.0000000000000000e+00 pn(zj):   7.9883729883730759e-01
zj:   0.0000000000000000e+00 f(zj):   0.0000000000000000e+00 pn(zj):   7.9691229691230570e-01
zj:   0.0000000000000000e+00 f(zj):   0.0000000000000000e+00 pn(zj):   7.9498729498730381e-01
zj:   0.0000000000000000e+00 f(zj):   0.0000000000000000e+00 pn(zj):   7.9306229306230180e-01
zj:   0.0000000000000000e+00 f(zj):   0.0000000000000000e+00 pn(zj):   7.9113729113729991e-01
zj:   0.0000000000000000e+00 f(zj):   0.0000000000000000e+00 pn(zj):   7.8921228921229791e-01
zj:   0.0000000000000000e+00 f(zj):   0.0000000000000000e+00 pn(zj):   7.8728728728729602e-01
zj:   0.0000000000000000e+00 f(zj):   0.0000000000000000e+00 pn(zj):   7.8536228536229413e-01
zj:   0.0000000000000000e+00 f(zj):   0.0000000000000000e+00 pn(zj):   7.8343728343729213e-01
zj:   0.0000000000000000e+00 f(zj):   0.0000000000000000e+00 pn(zj):   7.8151228151229024e-01
zj:   0.0000000000000000e+00 f(zj):   0.0000000000000000e+00 pn(zj):   7.7958727958728824e-01
zj:   0.0000000000000000e+00 f(zj):   0.0000000000000000e+00 pn(zj):   7.7766227766228635e-01
zj:   0.0000000000000000e+00 f(zj):   0.0000000000000000e+00 pn(zj):   7.7573727573728446e-01
zj:   0.0000000000000000e+00 f(zj):   0.0000000000000000e+00 pn(zj):   7.7381227381228246e-01
zj:   0.0000000000000000e+00 f(zj):   0.0000000000000000e+00 pn(zj):   7.7188727188728057e-01
zj:   0.0000000000000000e+00 f(zj):   0.0000000000000000e+00 pn(zj):   7.6996226996227857e-01
zj:   0.0000000000000000e+00 f(zj):   0.0000000000000000e+00 pn(zj):   7.6803726803727668e-01
zj:   0.0000000000000000e+00 f(zj):   0.0000000000000000e+00 pn(zj):   7.6611226611227479e-01
zj:   0.0000000000000000e+00 f(zj):   0.0000000000000000e+00 pn(zj):   7.6418726418727279e-01
zj:   0.0000000000000000e+00 f(zj):   0.0000000000000000e+00 pn(zj):   7.6226226226227090e-01
zj:   0.0000000000000000e+00 f(zj):   0.0000000000000000e+00 pn(zj):   7.6033726033726889e-01
zj:   0.0000000000000000e+00 f(zj):   0.0000000000000000e+00 pn(zj):   7.5841225841226700e-01
zj:   0.0000000000000000e+00 f(zj):   0.0000000000000000e+00 pn(zj):   7.5648725648726511e-01
zj:   0.0000000000000000e+00 f(zj):   0.0000000000000000e+00 pn(zj):   7.5456225456226311e-01
zj:   0.0000000000000000e+00 f(zj):   0.0000000000000000e+00 pn(zj):   7.5263725263726122e-01
zj:   0.0000000000000000e+00 f(zj):   0.0000000000000000e+00 pn(zj):   7.5071225071225922e-01
zj:   0.0000000000000000e+00 f(zj):   0.0000000000000000e+00 pn(zj):   7.4878724878725733e-01
zj:   0.0000000000000000e+00 f(zj):   0.0000000000000000e+00 pn(zj):   7.4686224686225544e-01
zj:   0.0000000000000000e+00 f(zj):   0.0000000000000000e+00 pn(zj):   7.4493724493725344e-01
zj:   0.0000000000000000e+00 f(zj):   0.0000000000000000e+00 pn(zj):   7.4301224301225144e-01
zj:   0.0000000000000000e+00 f(zj):   0.0000000000000000e+00 pn(zj):   7.4108724108724955e-01
zj:   0.0000000000000000e+00 f(zj):   0.0000000000000000e+00 pn(zj):   7.3916223916224766e-01
zj:   0.0000000000000000e+00 f(zj):   0.0000000000000000e+00 pn(zj):   7.3723723723724577e-01
zj:   0.0000000000000000e+00 f(zj):   0.0000000000000000e+00 pn(zj):   7.3531223531224377e-01
zj:   0.0000000000000000e+00 f(zj):   0.0000000000000000e+00 pn(zj):   7.3338723338724177e-01
zj:   0.0000000000000000e+00 f(zj):   0.0000000000000000e+00 pn(zj):   7.3146223146223988e-01
zj:   0.0000000000000000e+00 f(zj):   0.0000000000000000e+00 pn(zj):   7.2953722953723799e-01
zj:   0.0000000000000000e+00 f(zj):   0.0000000000000000e+00 pn(zj):   7.2761222761223610e-01
zj:   0.0000000000000000e+00 f(zj):   0.0000000000000000e+00 pn(zj):   7.2568722568723409e-01
zj:   0.0000000000000000e+00 f(zj):   0.0000000000000000e+00 pn(zj):   7.2376222376223209e-01
zj:   0.0000000000000000e+00 f(zj):   0.0000000000000000e+00 pn(zj):   7.2183722183723020e-01
zj:   0.0000000000000000e+00 f(zj):   0.0000000000000000e+00 pn(zj):   7.1991221991222831e-01
zj:   0.0000000000000000e+00 f(zj):   0.0000000000000000e+00 pn(zj):   7.1798721798722642e-01
zj:   0.0000000000000000e+00 f(zj):   0.0000000000000000e+00 pn(zj):   7.1606221606222442e-01
zj:   0.0000000000000000e+00 f(zj):   0.0000000000000000e+00 pn(zj):   7.1413721413722242e-01
zj:   0.0000000000000000e+00 f(zj):   0.0000000000000000e+00 pn(zj):   7.1221221221222053e-01
zj:   0.0000000000000000e+00 f(zj):   0.0000000000000000e+00 pn(zj):   7.1028721028721864e-01
zj:   0.0000000000000000e+00 f(zj):   0.0000000000000000e+00 pn(zj):   7.0836220836221675e-01
zj:   0.0000000000000000e+00 f(zj):   0.0000000000000000e+00 pn(zj):   7.0643720643721475e-01
zj:   0.0000000000000000e+00 f(zj):   0.0000000000000000e+00 pn(zj):   7.0451220451221275e-01
zj:   0.0000000000000000e+00 f(zj):   0.0000000000000000e+00 pn(zj):   7.0258720258721086e-01
zj:   0.0000000000000000e+00 f(zj):   0.0000000000000000e+00 pn(zj):   7.0066220066220897e-01
zj:   0.0000000000000000e+00 f(zj):   0.0000000000000000e+00 pn(zj):   6.9873719873720708e-01
zj:   0.0000000000000000e+00 f(zj):   0.0000000000000000e+00 pn(zj):   6.9681219681220508e-01
zj:   0.0000000000000000e+00 f(zj):   0.0000000000000000e+00 pn(zj):   6.9488719488720307e-01
zj:   0.0000000000000000e+00 f(zj):   0.0000000000000000e+00 pn(zj):   6.9296219296220118e-01
zj:   0.0000000000000000e+00 f(zj):   0.0000000000000000e+00 pn(zj):   6.9103719103719929e-01
zj:   0.0000000000000000e+00 f(zj):   0.0000000000000000e+00 pn(zj):   6.8911218911219740e-01
zj:   0.0000000000000000e+00 f(zj):   0.0000000000000000e+00 pn(zj):   6.8718718718719540e-01
zj:   0.0000000000000000e+00 f(zj):   0.0000000000000000e+00 pn(zj):   6.8526218526219340e-01
zj:   0.0000000000000000e+00 f(zj):   0.0000000000000000e+00 pn(zj):   6.8333718333719151e-01
zj:   0.0000000000000000e+00 f(zj):   0.0000000000000000e+00 pn(zj):   6.8141218141218962e-01
zj:   0.0000000000000000e+00 f(zj):   0.0000000000000000e+00 pn(zj):   6.7948717948718773e-01
zj:   0.0000000000000000e+00 f(zj):   0.0000000000000000e+00 pn(zj):   6.7756217756218573e-01
zj:   0.0000000000000000e+00 f(zj):   0.0000000000000000e+00 pn(zj):   6.7563717563718373e-01
zj:   0.0000000000000000e+00 f(zj):   0.0000000000000000e+00 pn(zj):   6.7371217371218184e-01
zj:   0.0000000000000000e+00 f(zj):   0.0000000000000000e+00 pn(zj):   6.7178717178717995e-01
zj:   0.0000000000000000e+00 f(zj):   0.0000000000000000e+00 pn(zj):   6.6986216986217806e-01
zj:   0.0000000000000000e+00 f(zj):   0.0000000000000000e+00 pn(zj):   6.6793716793717606e-01
zj:   0.0000000000000000e+00 f(zj):   0.0000000000000000e+00 pn(zj):   6.6601216601217406e-01
zj:   0.0000000000000000e+00 f(zj):   0.0000000000000000e+00 pn(zj):   6.6408716408717217e-01
zj:   0.0000000000000000e+00 f(zj):   0.0000000000000000e+00 pn(zj):   6.6216216216217028e-01
zj:   0.0000000000000000e+00 f(zj):   0.0000000000000000e+00 pn(zj):   6.6023716023716839e-01
zj:   0.0000000000000000e+00 f(zj):   0.0000000000000000e+00 pn(zj):   6.5831215831216638e-01
zj:   0.0000000000000000e+00 f(zj):   0.0000000000000000e+00 pn(zj):   6.5638715638716438e-01
zj:   0.0000000000000000e+00 f(zj):   0.0000000000000000e+00 pn(zj):   6.5446215446216249e-01
zj:   0.0000000000000000e+00 f(zj):   0.0000000000000000e+00 pn(zj):   6.5253715253716060e-01
zj:   0.0000000000000000e+00 f(zj):   0.0000000000000000e+00 pn(zj):   6.5061215061215871e-01
zj:   0.0000000000000000e+00 f(zj):   0.0000000000000000e+00 pn(zj):   6.4868714868715671e-01
zj:   0.0000000000000000e+00 f(zj):   0.0000000000000000e+00 pn(zj):   6.4676214676215471e-01
zj:   0.0000000000000000e+00 f(zj):   0.0000000000000000e+00 pn(zj):   6.4483714483715282e-01
zj:   0.0000000000000000e+00 f(zj):   0.0000000000000000e+00 pn(zj):   6.4291214291215093e-01
zj:   0.0000000000000000e+00 f(zj):   0.0000000000000000e+00 pn(zj):   6.4098714098714904e-01
zj:   0.0000000000000000e+00 f(zj):   0.0000000000000000e+00 pn(zj):   6.3906213906214704e-01
zj:   0.0000000000000000e+00 f(zj):   0.0000000000000000e+00 pn(zj):   6.3713713713714504e-01
zj:   0.0000000000000000e+00 f(zj):   0.0000000000000000e+00 pn(zj):   6.3521213521214315e-01
zj:   0.0000000000000000e+00 f(zj):   0.0000000000000000e+00 pn(zj):   6.3328713328714126e-01
zj:   0.0000000000000000e+00 f(zj):   0.0000000000000000e+00 pn(zj):   6.3136213136213937e-01
zj:   0.0000000000000000e+00 f(zj):   0.0000000000000000e+00 pn(zj):   6.2943712943713737e-01
zj:   0.0000000000000000e+00 f(zj):   0.0000000000000000e+00 pn(zj):   6.2751212751213536e-01
zj:   0.0000000000000000e+00 f(zj):   0.0000000000000000e+00 pn(zj):   6.2558712558713347e-01
zj:   0.0000000000000000e+00 f(zj):   0.0000000000000000e+00 pn(zj):   6.2366212366213158e-01
zj:   0.0000000000000000e+00 f(zj):   0.0000000000000000e+00 pn(zj):   6.2173712173712969e-01
zj:   0.0000000000000000e+00 f(zj):   0.0000000000000000e+00 pn(zj):   6.1981211981212769e-01
zj:   0.0000000000000000e+00 f(zj):   0.0000000000000000e+00 pn(zj):   6.1788711788712569e-01
zj:   0.0000000000000000e+00 f(zj):   0.0000000000000000e+00 pn(zj):   6.1596211596212380e-01
zj:   0.0000000000000000e+00 f(zj):   0.0000000000000000e+00 pn(zj):   6.1403711403712191e-01
zj:   0.0000000000000000e+00 f(zj):   0.0000000000000000e+00 pn(zj):   6.1211211211211991e-01
zj:   0.0000000000000000e+00 f(zj):   0.0000000000000000e+00 pn(zj):   6.1018711018711802e-01
zj:   0.0000000000000000e+00 f(zj):   0.0000000000000000e+00 pn(zj):   6.0826210826211602e-01
zj:   0.0000000000000000e+00 f(zj):   0.0000000000000000e+00 pn(zj):   6.0633710633711413e-01
zj:   0.0000000000000000e+00 f(zj):   0.0000000000000000e+00 pn(zj):   6.0441210441211224e-01
zj:   0.0000000000000000e+00 f(zj):   0.0000000000000000e+00 pn(zj):   6.0248710248711024e-01
zj:   0.0000000000000000e+00 f(zj):   0.0000000000000000e+00 pn(zj):   6.0056210056210835e-01
zj:   0.0000000000000000e+00 f(zj):   0.0000000000000000e+00 pn(zj):   5.9863709863710635e-01
zj:   0.0000000000000000e+00 f(zj):   0.0000000000000000e+00 pn(zj):   5.9671209671210446e-01
zj:   0.0000000000000000e+00 f(zj):   0.0000000000000000e+00 pn(zj):   5.9478709478710257e-01
zj:   0.0000000000000000e+00 f(zj):   0.0000000000000000e+00 pn(zj):   5.9286209286210056e-01
zj:   0.0000000000000000e+00 f(zj):   0.0000000000000000e+00 pn(zj):   5.9093709093709867e-01
zj:   0.0000000000000000e+00 f(zj):   0.0000000000000000e+00 pn(zj):   5.8901208901209667e-01
zj:   0.0000000000000000e+00 f(zj):   0.0000000000000000e+00 pn(zj):   5.8708708708709478e-01
zj:   0.0000000000000000e+00 f(zj):   0.0000000000000000e+00 pn(zj):   5.8516208516209289e-01
zj:   0.0000000000000000e+00 f(zj):   0.0000000000000000e+00 pn(zj):   5.8323708323709089e-01
zj:   0.0000000000000000e+00 f(zj):   0.0000000000000000e+00 pn(zj):   5.8131208131208900e-01
zj:   0.0000000000000000e+00 f(zj):   0.0000000000000000e+00 pn(zj):   5.7938707938708700e-01
zj:   0.0000000000000000e+00 f(zj):   0.0000000000000000e+00 pn(zj):   5.7746207746208511e-01
zj:   0.0000000000000000e+00 f(zj):   0.0000000000000000e+00 pn(zj):   5.7553707553708322e-01
zj:   0.0000000000000000e+00 f(zj):   0.0000000000000000e+00 pn(zj):   5.7361207361208122e-01
zj:   0.0000000000000000e+00 f(zj):   0.0000000000000000e+00 pn(zj):   5.7168707168707922e-01
zj:   0.0000000000000000e+00 f(zj):   0.0000000000000000e+00 pn(zj):   5.6976206976207733e-01
zj:   0.0000000000000000e+00 f(zj):   0.0000000000000000e+00 pn(zj):   5.6783706783707544e-01
zj:   0.0000000000000000e+00 f(zj):   0.0000000000000000e+00 pn(zj):   5.6591206591207355e-01
zj:   0.0000000000000000e+00 f(zj):   0.0000000000000000e+00 pn(zj):   5.6398706398707155e-01
zj:   0.0000000000000000e+00 f(zj):   0.0000000000000000e+00 pn(zj):   5.6206206206206955e-01
zj:   0.0000000000000000e+00 f(zj):   0.0000000000000000e+00 pn(zj):   5.6013706013706765e-01
zj:   0.0000000000000000e+00 f(zj):   0.0000000000000000e+00 pn(zj):   5.5821205821206576e-01
zj:   0.0000000000000000e+00 f(zj):   0.0000000000000000e+00 pn(zj):   5.5628705628706387e-01
zj:   0.0000000000000000e+00 f(zj):   0.0000000000000000e+00 pn(zj):   5.5436205436206187e-01
zj:   0.0000000000000000e+00 f(zj):   0.0000000000000000e+00 pn(zj):   5.5243705243705987e-01
zj:   0.0000000000000000e+00 f(zj):   0.0000000000000000e+00 pn(zj):   5.5051205051205798e-01
zj:   0.0000000000000000e+00 f(zj):   0.0000000000000000e+00 pn(zj):   5.4858704858705609e-01
zj:   0.0000000000000000e+00 f(zj):   0.0000000000000000e+00 pn(zj):   5.4666204666205420e-01
zj:   0.0000000000000000e+00 f(zj):   0.0000000000000000e+00 pn(zj):   5.4473704473705220e-01
zj:   0.0000000000000000e+00 f(zj):   0.0000000000000000e+00 pn(zj):   5.4281204281205020e-01
zj:   0.0000000000000000e+00 f(zj):   0.0000000000000000e+00 pn(zj):   5.4088704088704831e-01
zj:   0.0000000000000000e+00 f(zj):   0.0000000000000000e+00 pn(zj):   5.3896203896204642e-01
zj:   0.0000000000000000e+00 f(zj):   0.0000000000000000e+00 pn(zj):   5.3703703703704453e-01
zj:   0.0000000000000000e+00 f(zj):   0.0000000000000000e+00 pn(zj):   5.3511203511204253e-01
zj:   0.0000000000000000e+00 f(zj):   0.0000000000000000e+00 pn(zj):   5.3318703318704053e-01
zj:   0.0000000000000000e+00 f(zj):   0.0000000000000000e+00 pn(zj):   5.3126203126203864e-01
zj:   0.0000000000000000e+00 f(zj):   0.0000000000000000e+00 pn(zj):   5.2933702933703675e-01
zj:   0.0000000000000000e+00 f(zj):   0.0000000000000000e+00 pn(zj):   5.2741202741203486e-01
zj:   0.0000000000000000e+00 f(zj):   0.0000000000000000e+00 pn(zj):   5.2548702548703285e-01
zj:   0.0000000000000000e+00 f(zj):   0.0000000000000000e+00 pn(zj):   5.2356202356203085e-01
zj:   0.0000000000000000e+00 f(zj):   0.0000000000000000e+00 pn(zj):   5.2163702163702896e-01
zj:   0.0000000000000000e+00 f(zj):   0.0000000000000000e+00 pn(zj):   5.1971201971202707e-01
zj:   0.0000000000000000e+00 f(zj):   0.0000000000000000e+00 pn(zj):   5.1778701778702518e-01
zj:   0.0000000000000000e+00 f(zj):   0.0000000000000000e+00 pn(zj):   5.1586201586202329e-01
zj:   0.0000000000000000e+00 f(zj):   0.0000000000000000e+00 pn(zj):   5.1393701393702140e-01
zj:   0.0000000000000000e+00 f(zj):   0.0000000000000000e+00 pn(zj):   5.1201201201201951e-01
zj:   0.0000000000000000e+00 f(zj):   0.0000000000000000e+00 pn(zj):   5.1008701008701762e-01
zj:   0.0000000000000000e+00 f(zj):   0.0000000000000000e+00 pn(zj):   5.0816200816201573e-01
zj:   0.0000000000000000e+00 f(zj):   0.0000000000000000e+00 pn(zj):   5.0623700623701384e-01
zj:   0.0000000000000000e+00 f(zj):   0.0000000000000000e+00 pn(zj):   5.0431200431201195e-01
zj:   0.0000000000000000e+00 f(zj):   0.0000000000000000e+00 pn(zj):   5.0238700238701006e-01
zj:   0.0000000000000000e+00 f(zj):   0.0000000000000000e+00 pn(zj):   5.0046200046200817e-01
zj:   0.0000000000000000e+00 f(zj):   0.0000000000000000e+00 pn(zj):   4.9853699853700628e-01
zj:   0.0000000000000000e+00 f(zj):   0.0000000000000000e+00 pn(zj):   4.9661199661200439e-01
zj:   0.0000000000000000e+00 f(zj):   0.0000000000000000e+00 pn(zj):   4.9468699468700250e-01
zj:   0.0000000000000000e+00 f(zj):   0.0000000000000000e+00 pn(zj):   4.9276199276200061e-01
zj:   0.0000000000000000e+00 f(zj):   0.0000000000000000e+00 pn(zj):   4.9083699083699872e-01
zj:   0.0000000000000000e+00 f(zj):   0.0000000000000000e+00 pn(zj):   4.8891198891199694e-01
zj:   0.0000000000000000e+00 f(zj):   0.0000000000000000e+00 pn(zj):   4.8698698698699505e-01
zj:   0.0000000000000000e+00 f(zj):   0.0000000000000000e+00 pn(zj):   4.8506198506199316e-01
zj:   0.0000000000000000e+00 f(zj):   0.0000000000000000e+00 pn(zj):   4.8313698313699127e-01
zj:   0.0000000000000000e+00 f(zj):   0.0000000000000000e+00 pn(zj):   4.8121198121198938e-01
zj:   0.0000000000000000e+00 f(zj):   0.0000000000000000e+00 pn(zj):   4.7928697928698749e-01
zj:   0.0000000000000000e+00 f(zj):   0.0000000000000000e+00 pn(zj):   4.7736197736198560e-01
zj:   0.0000000000000000e+00 f(zj):   0.0000000000000000e+00 pn(zj):   4.7543697543698371e-01
zj:   0.0000000000000000e+00 f(zj):   0.0000000000000000e+00 pn(zj):   4.7351197351198182e-01
zj:   0.0000000000000000e+00 f(zj):   0.0000000000000000e+00 pn(zj):   4.7158697158697993e-01
zj:   0.0000000000000000e+00 f(zj):   0.0000000000000000e+00 pn(zj):   4.6966196966197804e-01
zj:   0.0000000000000000e+00 f(zj):   0.0000000000000000e+00 pn(zj):   4.6773696773697615e-01
zj:   0.0000000000000000e+00 f(zj):   0.0000000000000000e+00 pn(zj):   4.6581196581197426e-01
zj:   0.0000000000000000e+00 f(zj):   0.0000000000000000e+00 pn(zj):   4.6388696388697248e-01
zj:   0.0000000000000000e+00 f(zj):   0.0000000000000000e+00 pn(zj):   4.6196196196197059e-01
zj:   0.0000000000000000e+00 f(zj):   0.0000000000000000e+00 pn(zj):   4.6003696003696870e-01
zj:   0.0000000000000000e+00 f(zj):   0.0000000000000000e+00 pn(zj):   4.5811195811196681e-01
zj:   0.0000000000000000e+00 f(zj):   0.0000000000000000e+00 pn(zj):   4.5618695618696492e-01
zj:   0.0000000000000000e+00 f(zj):   0.0000000000000000e+00 pn(zj):   4.5426195426196303e-01
zj:   0.0000000000000000e+00 f(zj):   0.0000000000000000e+00 pn(zj):   4.5233695233696114e-01
zj:   0.0000000000000000e+00 f(zj):   0.0000000000000000e+00 pn(zj):   4.5041195041195925e-01
zj:   0.0000000000000000e+00 f(zj):   0.0000000000000000e+00 pn(zj):   4.4848694848695736e-01
zj:   0.0000000000000000e+00 f(zj):   0.0000000000000000e+00 pn(zj):   4.4656194656195547e-01
zj:   0.0000000000000000e+00 f(zj):   0.0000000000000000e+00 pn(zj):   4.4463694463695358e-01
zj:   0.0000000000000000e+00 f(zj):   0.0000000000000000e+00 pn(zj):   4.4271194271195169e-01
zj:   0.0000000000000000e+00 f(zj):   0.0000000000000000e+00 pn(zj):   4.4078694078694980e-01
zj:   0.0000000000000000e+00 f(zj):   0.0000000000000000e+00 pn(zj):   4.3886193886194802e-01
zj:   0.0000000000000000e+00 f(zj):   0.0000000000000000e+00 pn(zj):   4.3693693693694613e-01
zj:   0.0000000000000000e+00 f(zj):   0.0000000000000000e+00 pn(zj):   4.3501193501194424e-01
zj:   0.0000000000000000e+00 f(zj):   0.0000000000000000e+00 pn(zj):   4.3308693308694235e-01
zj:   0.0000000000000000e+00 f(zj):   0.0000000000000000e+00 pn(zj):   4.3116193116194046e-01
zj:   0.0000000000000000e+00 f(zj):   0.0000000000000000e+00 pn(zj):   4.2923692923693857e-01
zj:   0.0000000000000000e+00 f(zj):   0.0000000000000000e+00 pn(zj):   4.2731192731193668e-01
zj:   0.0000000000000000e+00 f(zj):   0.0000000000000000e+00 pn(zj):   4.2538692538693479e-01
zj:   0.0000000000000000e+00 f(zj):   0.0000000000000000e+00 pn(zj):   4.2346192346193290e-01
zj:   0.0000000000000000e+00 f(zj):   0.0000000000000000e+00 pn(zj):   4.2153692153693101e-01
zj:   0.0000000000000000e+00 f(zj):   0.0000000000000000e+00 pn(zj):   4.1961191961192912e-01
zj:   0.0000000000000000e+00 f(zj):   0.0000000000000000e+00 pn(zj):   4.1768691768692723e-01
zj:   0.0000000000000000e+00 f(zj):   0.0000000000000000e+00 pn(zj):   4.1576191576192534e-01
zj:   0.0000000000000000e+00 f(zj):   0.0000000000000000e+00 pn(zj):   4.1383691383692356e-01
zj:   0.0000000000000000e+00 f(zj):   0.0000000000000000e+00 pn(zj):   4.1191191191192167e-01
zj:   0.0000000000000000e+00 f(zj):   0.0000000000000000e+00 pn(zj):   4.0998690998691978e-01
zj:   0.0000000000000000e+00 f(zj):   0.0000000000000000e+00 pn(zj):   4.0806190806191789e-01
zj:   0.0000000000000000e+00 f(zj):   0.0000000000000000e+00 pn(zj):   4.0613690613691600e-01
zj:   0.0000000000000000e+00 f(zj):   0.0000000000000000e+00 pn(zj):   4.0421190421191411e-01
zj:   0.0000000000000000e+00 f(zj):   0.0000000000000000e+00 pn(zj):   4.0228690228691222e-01
zj:   0.0000000000000000e+00 f(zj):   0.0000000000000000e+00 pn(zj):   4.0036190036191033e-01
zj:   0.0000000000000000e+00 f(zj):   0.0000000000000000e+00 pn(zj):   3.9843689843690844e-01
zj:   0.0000000000000000e+00 f(zj):   0.0000000000000000e+00 pn(zj):   3.9651189651190655e-01
zj:   0.0000000000000000e+00 f(zj):   0.0000000000000000e+00 pn(zj):   3.9458689458690466e-01
zj:   0.0000000000000000e+00 f(zj):   0.0000000000000000e+00 pn(zj):   3.9266189266190277e-01
zj:   0.0000000000000000e+00 f(zj):   0.0000000000000000e+00 pn(zj):   3.9073689073690088e-01
zj:   0.0000000000000000e+00 f(zj):   0.0000000000000000e+00 pn(zj):   3.8881188881189910e-01
zj:   0.0000000000000000e+00 f(zj):   0.0000000000000000e+00 pn(zj):   3.8688688688689721e-01
zj:   0.0000000000000000e+00 f(zj):   0.0000000000000000e+00 pn(zj):   3.8496188496189532e-01
zj:   0.0000000000000000e+00 f(zj):   0.0000000000000000e+00 pn(zj):   3.8303688303689343e-01
zj:   0.0000000000000000e+00 f(zj):   0.0000000000000000e+00 pn(zj):   3.8111188111189154e-01
zj:   0.0000000000000000e+00 f(zj):   0.0000000000000000e+00 pn(zj):   3.7918687918688965e-01
zj:   0.0000000000000000e+00 f(zj):   0.0000000000000000e+00 pn(zj):   3.7726187726188776e-01
zj:   0.0000000000000000e+00 f(zj):   0.0000000000000000e+00 pn(zj):   3.7533687533688587e-01
zj:   0.0000000000000000e+00 f(zj):   0.0000000000000000e+00 pn(zj):   3.7341187341188398e-01
zj:   0.0000000000000000e+00 f(zj):   0.0000000000000000e+00 pn(zj):   3.7148687148688209e-01
zj:   0.0000000000000000e+00 f(zj):   0.0000000000000000e+00 pn(zj):   3.6956186956188020e-01
zj:   0.0000000000000000e+00 f(zj):   0.0000000000000000e+00 pn(zj):   3.6763686763687831e-01
zj:   0.0000000000000000e+00 f(zj):   0.0000000000000000e+00 pn(zj):   3.6571186571187642e-01
zj:   0.0000000000000000e+00 f(zj):   0.0000000000000000e+00 pn(zj):   3.6378686378687464e-01
zj:   0.0000000000000000e+00 f(zj):   0.0000000000000000e+00 pn(zj):   3.6186186186187275e-01
zj:   0.0000000000000000e+00 f(zj):   0.0000000000000000e+00 pn(zj):   3.5993685993687086e-01
zj:   0.0000000000000000e+00 f(zj):   0.0000000000000000e+00 pn(zj):   3.5801185801186897e-01
zj:   0.0000000000000000e+00 f(zj):   0.0000000000000000e+00 pn(zj):   3.5608685608686708e-01
zj:   0.0000000000000000e+00 f(zj):   0.0000000000000000e+00 pn(zj):   3.5416185416186519e-01
zj:   0.0000000000000000e+00 f(zj):   0.0000000000000000e+00 pn(zj):   3.5223685223686330e-01
zj:   0.0000000000000000e+00 f(zj):   0.0000000000000000e+00 pn(zj):   3.5031185031186141e-01
zj:   0.0000000000000000e+00 f(zj):   0.0000000000000000e+00 pn(zj):   3.4838684838685952e-01
zj:   0.0000000000000000e+00 f(zj):   0.0000000000000000e+00 pn(zj):   3.4646184646185763e-01
zj:   0.0000000000000000e+00 f(zj):   0.0000000000000000e+00 pn(zj):   3.4453684453685574e-01
zj:   0.0000000000000000e+00 f(zj):   0.0000000000000000e+00 pn(zj):   3.4261184261185385e-01
zj:   0.0000000000000000e+00 f(zj):   0.0000000000000000e+00 pn(zj):   3.4068684068685195e-01
zj:   0.0000000000000000e+00 f(zj):   0.0000000000000000e+00 pn(zj):   3.3876183876185018e-01
zj:   0.0000000000000000e+00 f(zj):   0.0000000000000000e+00 pn(zj):   3.3683683683684829e-01
zj:   0.0000000000000000e+00 f(zj):   0.0000000000000000e+00 pn(zj):   3.3491183491184640e-01
zj:   0.0000000000000000e+00 f(zj):   0.0000000000000000e+00 pn(zj):   3.3298683298684451e-01
zj:   0.0000000000000000e+00 f(zj):   0.0000000000000000e+00 pn(zj):   3.3106183106184262e-01
zj:   0.0000000000000000e+00 f(zj):   0.0000000000000000e+00 pn(zj):   3.2913682913684073e-01
zj:   0.0000000000000000e+00 f(zj):   0.0000000000000000e+00 pn(zj):   3.2721182721183883e-01
zj:   0.0000000000000000e+00 f(zj):   0.0000000000000000e+00 pn(zj):   3.2528682528683694e-01
zj:   0.0000000000000000e+00 f(zj):   0.0000000000000000e+00 pn(zj):   3.2336182336183505e-01
zj:   0.0000000000000000e+00 f(zj):   0.0000000000000000e+00 pn(zj):   3.2143682143683316e-01
zj:   0.0000000000000000e+00 f(zj):   0.0000000000000000e+00 pn(zj):   3.1951181951183127e-01
zj:   0.0000000000000000e+00 f(zj):   0.0000000000000000e+00 pn(zj):   3.1758681758682938e-01
zj:   0.0000000000000000e+00 f(zj):   0.0000000000000000e+00 pn(zj):   3.1566181566182749e-01
zj:   0.0000000000000000e+00 f(zj):   0.0000000000000000e+00 pn(zj):   3.1373681373682571e-01
zj:   0.0000000000000000e+00 f(zj):   0.0000000000000000e+00 pn(zj):   3.1181181181182382e-01
zj:   0.0000000000000000e+00 f(zj):   0.0000000000000000e+00 pn(zj):   3.0988680988682193e-01
zj:   0.0000000000000000e+00 f(zj):   0.0000000000000000e+00 pn(zj):   3.0796180796182004e-01
zj:   0.0000000000000000e+00 f(zj):   0.0000000000000000e+00 pn(zj):   3.0603680603681815e-01
zj:   0.0000000000000000e+00 f(zj):   0.0000000000000000e+00 pn(zj):   3.0411180411181626e-01
zj:   0.0000000000000000e+00 f(zj):   0.0000000000000000e+00 pn(zj):   3.0218680218681437e-01
zj:   0.0000000000000000e+00 f(zj):   0.0000000000000000e+00 pn(zj):   3.0026180026181248e-01
zj:   0.0000000000000000e+00 f(zj):   0.0000000000000000e+00 pn(zj):   2.9833679833681059e-01
zj:   0.0000000000000000e+00 f(zj):   0.0000000000000000e+00 pn(zj):   2.9641179641180870e-01
zj:   0.0000000000000000e+00 f(zj):   0.0000000000000000e+00 pn(zj):   2.9448679448680681e-01
zj:   0.0000000000000000e+00 f(zj):   0.0000000000000000e+00 pn(zj):   2.9256179256180492e-01
zj:   0.0000000000000000e+00 f(zj):   0.0000000000000000e+00 pn(zj):   2.9063679063680303e-01
zj:   0.0000000000000000e+00 f(zj):   0.0000000000000000e+00 pn(zj):   2.8871178871180125e-01
zj:   0.0000000000000000e+00 f(zj):   0.0000000000000000e+00 pn(zj):   2.8678678678679936e-01
zj:   0.0000000000000000e+00 f(zj):   0.0000000000000000e+00 pn(zj):   2.8486178486179747e-01
zj:   0.0000000000000000e+00 f(zj):   0.0000000000000000e+00 pn(zj):   2.8293678293679558e-01
zj:   0.0000000000000000e+00 f(zj):   0.0000000000000000e+00 pn(zj):   2.8101178101179369e-01
zj:   0.0000000000000000e+00 f(zj):   0.0000000000000000e+00 pn(zj):   2.7908677908679180e-01
zj:   0.0000000000000000e+00 f(zj):   0.0000000000000000e+00 pn(zj):   2.7716177716178991e-01
zj:   0.0000000000000000e+00 f(zj):   0.0000000000000000e+00 pn(zj):   2.7523677523678802e-01
zj:   0.0000000000000000e+00 f(zj):   0.0000000000000000e+00 pn(zj):   2.7331177331178613e-01
zj:   0.0000000000000000e+00 f(zj):   0.0000000000000000e+00 pn(zj):   2.7138677138678424e-01
zj:   0.0000000000000000e+00 f(zj):   0.0000000000000000e+00 pn(zj):   2.6946176946178235e-01
zj:   0.0000000000000000e+00 f(zj):   0.0000000000000000e+00 pn(zj):   2.6753676753678046e-01
zj:   0.0000000000000000e+00 f(zj):   0.0000000000000000e+00 pn(zj):   2.6561176561177857e-01
zj:   0.0000000000000000e+00 f(zj):   0.0000000000000000e+00 pn(zj):   2.6368676368677679e-01
zj:   0.0000000000000000e+00 f(zj):   0.0000000000000000e+00 pn(zj):   2.6176176176177490e-01
zj:   0.0000000000000000e+00 f(zj):   0.0000000000000000e+00 pn(zj):   2.5983675983677301e-01
zj:   0.0000000000000000e+00 f(zj):   0.0000000000000000e+00 pn(zj):   2.5791175791177112e-01
zj:   0.0000000000000000e+00 f(zj):   0.0000000000000000e+00 pn(zj):   2.5598675598676923e-01
zj:   0.0000000000000000e+00 f(zj):   0.0000000000000000e+00 pn(zj):   2.5406175406176734e-01
zj:   0.0000000000000000e+00 f(zj):   0.0000000000000000e+00 pn(zj):   2.5213675213676545e-01
zj:   0.0000000000000000e+00 f(zj):   0.0000000000000000e+00 pn(zj):   2.5021175021176356e-01
zj:   0.0000000000000000e+00 f(zj):   0.0000000000000000e+00 pn(zj):   2.4828674828676167e-01
zj:   0.0000000000000000e+00 f(zj):   0.0000000000000000e+00 pn(zj):   2.4636174636175978e-01
zj:   0.0000000000000000e+00 f(zj):   0.0000000000000000e+00 pn(zj):   2.4443674443675789e-01
zj:   0.0000000000000000e+00 f(zj):   0.0000000000000000e+00 pn(zj):   2.4251174251175600e-01
zj:   0.0000000000000000e+00 f(zj):   0.0000000000000000e+00 pn(zj):   2.4058674058675411e-01
zj:   0.0000000000000000e+00 f(zj):   0.0000000000000000e+00 pn(zj):   2.3866173866175233e-01
zj:   0.0000000000000000e+00 f(zj):   0.0000000000000000e+00 pn(zj):   2.3673673673675044e-01
zj:   0.0000000000000000e+00 f(zj):   0.0000000000000000e+00 pn(zj):   2.3481173481174855e-01
zj:   0.0000000000000000e+00 f(zj):   0.0000000000000000e+00 pn(zj):   2.3288673288674666e-01
zj:   0.0000000000000000e+00 f(zj):   0.0000000000000000e+00 pn(zj):   2.3096173096174477e-01
zj:   0.0000000000000000e+00 f(zj):   0.0000000000000000e+00 pn(zj):   2.2903672903674288e-01
zj:   0.0000000000000000e+00 f(zj):   0.0000000000000000e+00 pn(zj):   2.2711172711174099e-01
zj:   0.0000000000000000e+00 f(zj):   0.0000000000000000e+00 pn(zj):   2.2518672518673910e-01
zj:   0.0000000000000000e+00 f(zj):   0.0000000000000000e+00 pn(zj):   2.2326172326173721e-01
zj:   0.0000000000000000e+00 f(zj):   0.0000000000000000e+00 pn(zj):   2.2133672133673532e-01
zj:   0.0000000000000000e+00 f(zj):   0.0000000000000000e+00 pn(zj):   2.1941171941173343e-01
zj:   0.0000000000000000e+00 f(zj):   0.0000000000000000e+00 pn(zj):   2.1748671748673154e-01
zj:   0.0000000000000000e+00 f(zj):   0.0000000000000000e+00 pn(zj):   2.1556171556172965e-01
zj:   0.0000000000000000e+00 f(zj):   0.0000000000000000e+00 pn(zj):   2.1363671363672787e-01
zj:   0.0000000000000000e+00 f(zj):   0.0000000000000000e+00 pn(zj):   2.1171171171172598e-01
zj:   0.0000000000000000e+00 f(zj):   0.0000000000000000e+00 pn(zj):   2.0978670978672409e-01
zj:   0.0000000000000000e+00 f(zj):   0.0000000000000000e+00 pn(zj):   2.0786170786172220e-01
zj:   0.0000000000000000e+00 f(zj):   0.0000000000000000e+00 pn(zj):   2.0593670593672031e-01
zj:   0.0000000000000000e+00 f(zj):   0.0000000000000000e+00 pn(zj):   2.0401170401171842e-01
zj:   0.0000000000000000e+00 f(zj):   0.0000000000000000e+00 pn(zj):   2.0208670208671653e-01
zj:   0.0000000000000000e+00 f(zj):   0.0000000000000000e+00 pn(zj):   2.0016170016171464e-01
zj:   0.0000000000000000e+00 f(zj):   0.0000000000000000e+00 pn(zj):   1.9823669823671275e-01
zj:   0.0000000000000000e+00 f(zj):   0.0000000000000000e+00 pn(zj):   1.9631169631171086e-01
zj:   0.0000000000000000e+00 f(zj):   0.0000000000000000e+00 pn(zj):   1.9438669438670897e-01
zj:   0.0000000000000000e+00 f(zj):   0.0000000000000000e+00 pn(zj):   1.9246169246170708e-01
zj:   0.0000000000000000e+00 f(zj):   0.0000000000000000e+00 pn(zj):   1.9053669053670519e-01
zj:   0.0000000000000000e+00 f(zj):   0.0000000000000000e+00 pn(zj):   1.8861168861170330e-01
zj:   0.0000000000000000e+00 f(zj):   0.0000000000000000e+00 pn(zj):   1.8668668668670152e-01
zj:   0.0000000000000000e+00 f(zj):   0.0000000000000000e+00 pn(zj):   1.8476168476169963e-01
zj:   0.0000000000000000e+00 f(zj):   0.0000000000000000e+00 pn(zj):   1.8283668283669774e-01
zj:   0.0000000000000000e+00 f(zj):   0.0000000000000000e+00 pn(zj):   1.8091168091169585e-01
zj:   0.0000000000000000e+00 f(zj):   0.0000000000000000e+00 pn(zj):   1.7898667898669396e-01
zj:   0.0000000000000000e+00 f(zj):   0.0000000000000000e+00 pn(zj):   1.7706167706169207e-01
zj:   0.0000000000000000e+00 f(zj):   0.0000000000000000e+00 pn(zj):   1.7513667513669018e-01
zj:   0.0000000000000000e+00 f(zj):   0.0000000000000000e+00 pn(zj):   1.7321167321168829e-01
zj:   0.0000000000000000e+00 f(zj):   0.0000000000000000e+00 pn(zj):   1.7128667128668640e-01
zj:   0.0000000000000000e+00 f(zj):   0.0000000000000000e+00 pn(zj):   1.6936166936168451e-01
zj:   0.0000000000000000e+00 f(zj):   0.0000000000000000e+00 pn(zj):   1.6743666743668262e-01
zj:   0.0000000000000000e+00 f(zj):   0.0000000000000000e+00 pn(zj):   1.6551166551168073e-01
zj:   0.0000000000000000e+00 f(zj):   0.0000000000000000e+00 pn(zj):   1.6358666358667884e-01
zj:   0.0000000000000000e+00 f(zj):   0.0000000000000000e+00 pn(zj):   1.6166166166167706e-01
zj:   0.0000000000000000e+00 f(zj):   0.0000000000000000e+00 pn(zj):   1.5973665973667517e-01
zj:   0.0000000000000000e+00 f(zj):   0.0000000000000000e+00 pn(zj):   1.5781165781167328e-01
zj:   0.0000000000000000e+00 f(zj):   0.0000000000000000e+00 pn(zj):   1.5588665588667139e-01
zj:   0.0000000000000000e+00 f(zj):   0.0000000000000000e+00 pn(zj):   1.5396165396166950e-01
zj:   0.0000000000000000e+00 f(zj):   0.0000000000000000e+00 pn(zj):   1.5203665203666761e-01
zj:   0.0000000000000000e+00 f(zj):   0.0000000000000000e+00 pn(zj):   1.5011165011166572e-01
zj:   0.0000000000000000e+00 f(zj):   0.0000000000000000e+00 pn(zj):   1.4818664818666383e-01
zj:   0.0000000000000000e+00 f(zj):   0.0000000000000000e+00 pn(zj):   1.4626164626166194e-01
zj:   0.0000000000000000e+00 f(zj):   0.0000000000000000e+00 pn(zj):   1.4433664433666005e-01
zj:   0.0000000000000000e+00 f(zj):   0.0000000000000000e+00 pn(zj):   1.4241164241165816e-01
zj:   0.0000000000000000e+00 f(zj):   0.0000000000000000e+00 pn(zj):   1.4048664048665627e-01
zj:   0.0000000000000000e+00 f(zj):   0.0000000000000000e+00 pn(zj):   1.3856163856165438e-01
zj:   0.0000000000000000e+00 f(zj):   0.0000000000000000e+00 pn(zj):   1.3663663663665260e-01
zj:   0.0000000000000000e+00 f(zj):   0.0000000000000000e+00 pn(zj):   1.3471163471165071e-01
zj:   0.0000000000000000e+00 f(zj):   0.0000000000000000e+00 pn(zj):   1.3278663278664882e-01
zj:   0.0000000000000000e+00 f(zj):   0.0000000000000000e+00 pn(zj):   1.3086163086164693e-01
zj:   0.0000000000000000e+00 f(zj):   0.0000000000000000e+00 pn(zj):   1.2893662893664504e-01
zj:   0.0000000000000000e+00 f(zj):   0.0000000000000000e+00 pn(zj):   1.2701162701164315e-01
zj:   0.0000000000000000e+00 f(zj):   0.0000000000000000e+00 pn(zj):   1.2508662508664126e-01
zj:   0.0000000000000000e+00 f(zj):   0.0000000000000000e+00 pn(zj):   1.2316162316163937e-01
zj:   0.0000000000000000e+00 f(zj):   0.0000000000000000e+00 pn(zj):   1.2123662123663748e-01
zj:   0.0000000000000000e+00 f(zj):   0.0000000000000000e+00 pn(zj):   1.1931161931163559e-01
zj:   0.0000000000000000e+00 f(zj):   0.0000000000000000e+00 pn(zj):   1.1738661738663370e-01
zj:   0.0000000000000000e+00 f(zj):   0.0000000000000000e+00 pn(zj):   1.1546161546163181e-01
zj:   0.0000000000000000e+00 f(zj):   0.0000000000000000e+00 pn(zj):   1.1353661353662992e-01
zj:   0.0000000000000000e+00 f(zj):   0.0000000000000000e+00 pn(zj):   1.1161161161162814e-01
zj:   0.0000000000000000e+00 f(zj):   0.0000000000000000e+00 pn(zj):   1.0968660968662625e-01
zj:   0.0000000000000000e+00 f(zj):   0.0000000000000000e+00 pn(zj):   1.0776160776162436e-01
zj:   0.0000000000000000e+00 f(zj):   0.0000000000000000e+00 pn(zj):   1.0583660583662247e-01
zj:   0.0000000000000000e+00 f(zj):   0.0000000000000000e+00 pn(zj):   1.0391160391162058e-01
zj:   0.0000000000000000e+00 f(zj):   0.0000000000000000e+00 pn(zj):   1.0198660198661869e-01
zj:   0.0000000000000000e+00 f(zj):   0.0000000000000000e+00 pn(zj):   1.0006160006161680e-01
zj:   0.0000000000000000e+00 f(zj):   0.0000000000000000e+00 pn(zj):   9.8136598136614905e-02
zj:   0.0000000000000000e+00 f(zj):   0.0000000000000000e+00 pn(zj):   9.6211596211613015e-02
zj:   0.0000000000000000e+00 f(zj):   0.0000000000000000e+00 pn(zj):   9.4286594286611125e-02
zj:   0.0000000000000000e+00 f(zj):   0.0000000000000000e+00 pn(zj):   9.2361592361609235e-02
zj:   0.0000000000000000e+00 f(zj):   0.0000000000000000e+00 pn(zj):   9.0436590436607345e-02
zj:   0.0000000000000000e+00 f(zj):   0.0000000000000000e+00 pn(zj):   8.8511588511605455e-02
zj:   0.0000000000000000e+00 f(zj):   0.0000000000000000e+00 pn(zj):   8.6586586586603675e-02
zj:   0.0000000000000000e+00 f(zj):   0.0000000000000000e+00 pn(zj):   8.4661584661601785e-02
zj:   0.0000000000000000e+00 f(zj):   0.0000000000000000e+00 pn(zj):   8.2736582736599895e-02
zj:   0.0000000000000000e+00 f(zj):   0.0000000000000000e+00 pn(zj):   8.0811580811598005e-02
zj:   0.0000000000000000e+00 f(zj):   0.0000000000000000e+00 pn(zj):   7.8886578886596115e-02
zj:   0.0000000000000000e+00 f(zj):   0.0000000000000000e+00 pn(zj):   7.6961576961594225e-02
zj:   0.0000000000000000e+00 f(zj):   0.0000000000000000e+00 pn(zj):   7.5036575036592335e-02
zj:   0.0000000000000000e+00 f(zj):   0.0000000000000000e+00 pn(zj):   7.3111573111590444e-02
zj:   0.0000000000000000e+00 f(zj):   0.0000000000000000e+00 pn(zj):   7.1186571186588554e-02
zj:   0.0000000000000000e+00 f(zj):   0.0000000000000000e+00 pn(zj):   6.9261569261586664e-02
zj:   0.0000000000000000e+00 f(zj):   0.0000000000000000e+00 pn(zj):   6.7336567336584774e-02
zj:   0.0000000000000000e+00 f(zj):   0.0000000000000000e+00 pn(zj):   6.5411565411582884e-02
zj:   0.0000000000000000e+00 f(zj):   0.0000000000000000e+00 pn(zj):   6.3486563486580994e-02
zj:   0.0000000000000000e+00 f(zj):   0.0000000000000000e+00 pn(zj):   6.1561561561579214e-02
zj:   0.0000000000000000e+00 f(zj):   0.0000000000000000e+00 pn(zj):   5.9636559636577324e-02
zj:   0.0000000000000000e+00 f(zj):   0.0000000000000000e+00 pn(zj):   5.7711557711575434e-02
zj:   0.0000000000000000e+00 f(zj):   0.0000000000000000e+00 pn(zj):   5.5786555786573544e-02
zj:   0.0000000000000000e+00 f(zj):   0.0000000000000000e+00 pn(zj):   5.3861553861571654e-02
zj:   0.0000000000000000e+00 f(zj):   0.0000000000000000e+00 pn(zj):   5.1936551936569764e-02
zj:   0.0000000000000000e+00 f(zj):   0.0000000000000000e+00 pn(zj):   5.0011550011567873e-02
zj:   0.0000000000000000e+00 f(zj):   0.0000000000000000e+00 pn(zj):   4.8086548086565983e-02
zj:   0.0000000000000000e+00 f(zj):   0.0000000000000000e+00 pn(zj):   4.6161546161564093e-02
zj:   0.0000000000000000e+00 f(zj):   0.0000000000000000e+00 pn(zj):   4.4236544236562203e-02
zj:   0.0000000000000000e+00 f(zj):   0.0000000000000000e+00 pn(zj):   4.2311542311560313e-02
zj:   0.0000000000000000e+00 f(zj):   0.0000000000000000e+00 pn(zj):   4.0386540386558423e-02
zj:   0.0000000000000000e+00 f(zj):   0.0000000000000000e+00 pn(zj):   3.8461538461556533e-02
