zj:   0.0000000000000000e+00 f(zj):   1.0000000000000000e+00 pn(zj):   2.8945163747143945e+00
zj:   1.0000000000000000e+00 f(zj):   3.8461538461538464e-02 pn(zj):   2.8897915070077334e+00
zj:   2.0000000000000000e+00 f(zj):   9.9009900990099011e-03 pn(zj):   2.8850703786877587e+00
zj:   3.0000000000000000e+00 f(zj):   4.4247787610619468e-03 pn(zj):   2.8803529897544711e+00
zj:   1.0000000000000000e+00 f(zj):  2.0861577729517742e-314 pn(zj):   2.8756393402078695e+00
zj:  -9.6153846153846156e-01 f(zj):  4.6826438897634890e-310 pn(zj):   2.8709294300479553e+00
zj:   4.6648895658796652e-01 f(zj):  4.6826438897634890e-310 pn(zj):   2.8662232592747272e+00
zj:   4.4247787610619468e-03 f(zj):  4.6826438897634890e-310 pn(zj):   2.8615208278881861e+00
zj:   1.0000000000000000e+00 f(zj):  4.6826438897634890e-310 pn(zj):   2.8568221358883319e+00
zj:   3.8461538461538464e-02 f(zj):  4.6826438898052870e-310 pn(zj):   2.8521271832751642e+00
zj:   9.9009900990099011e-03 f(zj):  4.6826438899658583e-310 pn(zj):   2.8474359700486831e+00
zj:   4.4247787610619468e-03 f(zj):  4.6826438897634890e-310 pn(zj):   2.8427484962088885e+00
zj:  2.0861577729517742e-314 f(zj):  4.6826438899658583e-310 pn(zj):   2.8380647617557808e+00
zj:  4.6826438897634890e-310 f(zj):   0.0000000000000000e+00 pn(zj):   2.8333847666893597e+00
zj:  4.6826438897634890e-310 f(zj):   0.0000000000000000e+00 pn(zj):   2.8287085110096255e+00
zj:  4.6826438897634890e-310 f(zj):   0.0000000000000000e+00 pn(zj):   2.8240359947165778e+00
zj:  4.6826438897634890e-310 f(zj):   0.0000000000000000e+00 pn(zj):   2.8193672178102167e+00
zj:  4.6826438898424407e-310 f(zj):  6.8995325137691051e-310 pn(zj):   2.8147021802905430e+00
zj:  4.6826438899658583e-310 f(zj):  1.4821969375237396e-323 pn(zj):   2.8100408821575549e+00
zj:  4.6826438897634890e-310 f(zj):   0.0000000000000000e+00 pn(zj):   2.8053833234112546e+00
zj:  4.6826438899658583e-310 f(zj):   0.0000000000000000e+00 pn(zj):   2.8007295040516400e+00
zj:   0.0000000000000000e+00 f(zj):  4.6826438897508409e-310 pn(zj):   2.7960794240787132e+00
zj:   0.0000000000000000e+00 f(zj):                     -nan pn(zj):   2.7914330834924721e+00
zj:   0.0000000000000000e+00 f(zj):   0.0000000000000000e+00 pn(zj):   2.7867904822929179e+00
zj:   0.0000000000000000e+00 f(zj):  4.6826438897516314e-310 pn(zj):   2.7821516204800503e+00
zj:  6.8995325137691051e-310 f(zj):   0.0000000000000000e+00 pn(zj):   2.7775164980538696e+00
zj:  1.4821969375237396e-323 f(zj):   0.0000000000000000e+00 pn(zj):   2.7728851150143758e+00
zj:   0.0000000000000000e+00 f(zj):   0.0000000000000000e+00 pn(zj):   2.7682574713615686e+00
zj:   0.0000000000000000e+00 f(zj):  2.1219957904712067e-314 pn(zj):   2.7636335670954475e+00
zj:  4.6826438897508409e-310 f(zj):   0.0000000000000000e+00 pn(zj):   2.7590134022160138e+00
zj:                     -nan f(zj):   0.0000000000000000e+00 pn(zj):   2.7543969767232666e+00
zj:   0.0000000000000000e+00 f(zj):  6.8995325139572453e-310 pn(zj):   2.7497842906172059e+00
zj:  4.6826438897516314e-310 f(zj):   0.0000000000000000e+00 pn(zj):   2.7451753438978321e+00
zj:   0.0000000000000000e+00 f(zj):   0.0000000000000000e+00 pn(zj):   2.7405701365651449e+00
zj:   0.0000000000000000e+00 f(zj):   0.0000000000000000e+00 pn(zj):   2.7359686686191447e+00
zj:   0.0000000000000000e+00 f(zj):   0.0000000000000000e+00 pn(zj):   2.7313709400598309e+00
zj:  2.1219957904712067e-314 f(zj):   0.0000000000000000e+00 pn(zj):   2.7267769508872037e+00
zj:   0.0000000000000000e+00 f(zj):   0.0000000000000000e+00 pn(zj):   2.7221867011012630e+00
zj:   0.0000000000000000e+00 f(zj):   0.0000000000000000e+00 pn(zj):   2.7176001907020093e+00
zj:  6.8995325139572453e-310 f(zj):   0.0000000000000000e+00 pn(zj):   2.7130174196894421e+00
zj:   0.0000000000000000e+00 f(zj):   0.0000000000000000e+00 pn(zj):   2.7084383880635619e+00
zj:   0.0000000000000000e+00 f(zj):   0.0000000000000000e+00 pn(zj):   2.7038630958243681e+00
zj:   0.0000000000000000e+00 f(zj):   0.0000000000000000e+00 pn(zj):   2.6992915429718614e+00
zj:   0.0000000000000000e+00 f(zj):   0.0000000000000000e+00 pn(zj):   2.6947237295060411e+00
zj:   0.0000000000000000e+00 f(zj):   0.0000000000000000e+00 pn(zj):   2.6901596554269074e+00
zj:   0.0000000000000000e+00 f(zj):   0.0000000000000000e+00 pn(zj):   2.6855993207344606e+00
zj:   0.0000000000000000e+00 f(zj):   0.0000000000000000e+00 pn(zj):   2.6810427254287004e+00
zj:   0.0000000000000000e+00 f(zj):   0.0000000000000000e+00 pn(zj):   2.6764898695096271e+00
zj:   0.0000000000000000e+00 f(zj):   0.0000000000000000e+00 pn(zj):   2.6719407529772399e+00
zj:   0.0000000000000000e+00 f(zj):   0.0000000000000000e+00 pn(zj):   2.6673953758315401e+00
zj:   0.0000000000000000e+00 f(zj):   0.0000000000000000e+00 pn(zj):   2.6628537380725263e+00
zj:   0.0000000000000000e+00 f(zj):   0.0000000000000000e+00 pn(zj):   2.6583158397001996e+00
zj:   0.0000000000000000e+00 f(zj):   0.0000000000000000e+00 pn(zj):   2.6537816807145598e+00
zj:   0.0000000000000000e+00 f(zj):   0.0000000000000000e+00 pn(zj):   2.6492512611156060e+00
zj:   0.0000000000000000e+00 f(zj):   0.0000000000000000e+00 pn(zj):   2.6447245809033397e+00
zj:   0.0000000000000000e+00 f(zj):   0.0000000000000000e+00 pn(zj):   2.6402016400777595e+00
zj:   0.0000000000000000e+00 f(zj):   0.0000000000000000e+00 pn(zj):   2.6356824386388662e+00
zj:   0.0000000000000000e+00 f(zj):   0.0000000000000000e+00 pn(zj):   2.6311669765866599e+00
zj:   0.0000000000000000e+00 f(zj):   0.0000000000000000e+00 pn(zj):   2.6266552539211396e+00
zj:   0.0000000000000000e+00 f(zj):   0.0000000000000000e+00 pn(zj):   2.6221472706423063e+00
zj:   0.0000000000000000e+00 f(zj):   0.0000000000000000e+00 pn(zj):   2.6176430267501596e+00
zj:   0.0000000000000000e+00 f(zj):   0.0000000000000000e+00 pn(zj):   2.6131425222446998e+00
zj:   0.0000000000000000e+00 f(zj):  6.8995325138908429e-310 pn(zj):   2.6086457571259269e+00
zj:   0.0000000000000000e+00 f(zj):  2.0320920013450470e-320 pn(zj):   2.6041527313938406e+00
zj:   0.0000000000000000e+00 f(zj):  1.2566263866505099e+232 pn(zj):   2.5996634450484404e+00
zj:   0.0000000000000000e+00 f(zj):  6.0513972685449602e-154 pn(zj):   2.5951778980897275e+00
zj:   0.0000000000000000e+00 f(zj):   8.6068412029375789e-67 pn(zj):   2.5906960905177012e+00
zj:   0.0000000000000000e+00 f(zj):   1.9162200346434544e-76 pn(zj):   2.5862180223323614e+00
zj:   0.0000000000000000e+00 f(zj):  1.3160769790239909e-259 pn(zj):   2.5817436935337081e+00
zj:   0.0000000000000000e+00 f(zj):   3.2424566200869199e-86 pn(zj):   2.5772731041217418e+00
zj:  6.8995325138908429e-310 f(zj):   1.3980432860952889e-76 pn(zj):   2.5728062540964625e+00
zj:  2.0320920013450470e-320 f(zj):   1.3980432860952889e-76 pn(zj):   2.5683431434578692e+00
zj:  1.2566263866505099e+232 f(zj):  2.7680678906616326e+280 pn(zj):   2.5638837722059629e+00
zj:  6.0513972685449602e-154 f(zj):   3.2424566200750214e-86 pn(zj):   2.5594281403407431e+00
zj:   8.6068412029375789e-67 f(zj):   1.3980432860952889e-76 pn(zj):   2.5549762478622107e+00
zj:   1.9162200346434544e-76 f(zj):   1.3980432860952889e-76 pn(zj):   2.5505280947703644e+00
zj:  1.3160769790239909e-259 f(zj):  6.1799880953825233e-114 pn(zj):   2.5460836810652050e+00
zj:   3.2424566200869199e-86 f(zj):   2.9906386587200498e-67 pn(zj):   2.5416430067467317e+00
zj:   1.3980432860952889e-76 f(zj):   1.7247864224800910e-47 pn(zj):   2.5372060718149463e+00
zj:   1.3980432860952889e-76 f(zj):   7.2748614777528376e-43 pn(zj):   2.5327728762698465e+00
zj:  2.7680678906616326e+280 f(zj):  8.1642195725457907e+204 pn(zj):   2.5283434201114341e+00
zj:   3.2424566200750214e-86 f(zj):   1.3973685027430247e-76 pn(zj):   2.5239177033397073e+00
zj:   1.3980432860952889e-76 f(zj):   1.3980432860952889e-76 pn(zj):   2.5194957259546684e+00
zj:   1.3980432860952889e-76 f(zj):   1.2108942892349278e-99 pn(zj):   2.5150774879563156e+00
zj:  6.1799880953825233e-114 f(zj):  3.5230863936820262e-109 pn(zj):   2.5106629893446497e+00
zj:   2.9906386587200498e-67 f(zj):   1.3973685027430247e-76 pn(zj):   2.5062522301196704e+00
zj:   1.7247864224800910e-47 f(zj):   1.3980432860952889e-76 pn(zj):   2.5018452102813780e+00
zj:   7.2748614777528376e-43 f(zj):   1.2108942892349278e-99 pn(zj):   2.4974419298297716e+00
zj:  8.1642195725457907e+204 f(zj):  8.2012590046494969e+204 pn(zj):   2.4930423887648527e+00
zj:  6.1799881437911730e-114 f(zj):   1.0330403307398207e-47 pn(zj):   2.4886465870866203e+00
zj:   2.9906386587200498e-67 f(zj):   3.9332463768641218e-62 pn(zj):   2.4842545247950745e+00
zj:   4.4251133536003339e-62 f(zj):   7.2643311589800915e-43 pn(zj):   2.4798662018902151e+00
zj:   7.8707673091927333e-67 f(zj):   5.2074630521189502e-90 pn(zj):   2.4754816183720427e+00
zj:  8.1642195725457940e+204 f(zj):  8.2012590046514974e+204 pn(zj):   2.4711007742405569e+00
zj:   4.4666381781129475e-33 f(zj):   2.4052344512655883e-57 pn(zj):   2.4667236694957579e+00
zj:   4.4681603869804777e-33 f(zj):   1.0855179107768077e-42 pn(zj):   2.4623503041376456e+00
zj:   8.3185656841921848e-72 f(zj):  3.1102347349714021e+179 pn(zj):   2.4579806781662201e+00
zj:  3.5230863936825107e-109 f(zj):  1.9701896698966844e-153 pn(zj):   2.4536147915814808e+00
zj:   3.9332463768641218e-62 f(zj):   1.1100588832790856e-47 pn(zj):   2.4492526443834288e+00
zj:   7.2643311589800915e-43 f(zj):   1.5731386775934677e-76 pn(zj):   2.4448942365720630e+00
zj:   5.2074630521189502e-90 f(zj):   9.9446568002290236e-43 pn(zj):   2.4405395681473840e+00
zj:  8.2012590046514974e+204 f(zj):  1.9512347655568931e-153 pn(zj):   2.4361886391093917e+00
zj:   2.4052344512655883e-57 f(zj):   7.1217096575670022e-67 pn(zj):   2.4318414494580862e+00
zj:   1.0855179107768077e-42 f(zj):   3.5397828809317095e-57 pn(zj):   2.4274979991934673e+00
zj:  3.1102347349714021e+179 f(zj):   8.2260273029515091e-67 pn(zj):   2.4231582883155349e+00
zj:  1.9701896698966844e-153 f(zj):   1.6039704617400945e-28 pn(zj):   2.4188223168242895e+00
zj:   1.1100588832790856e-47 f(zj):   3.8558925619385253e-57 pn(zj):   2.4144900847197306e+00
zj:   1.5731386775934677e-76 f(zj):   4.4689068716311015e-33 pn(zj):   2.4101615920018586e+00
zj:   9.9446568002290236e-43 f(zj):   1.1829540022360483e-76 pn(zj):   2.4058368386706732e+00
zj:  1.9512347655568931e-153 f(zj):  6.0136196164698546e-154 pn(zj):   2.4015158247261743e+00
zj:   7.1217096575670022e-67 f(zj):   4.1791966802425107e-62 pn(zj):   2.3971985501683628e+00
zj:   3.5397828809317095e-57 f(zj):   4.6644017039213779e-62 pn(zj):   2.3928850149972369e+00
zj:   8.2260273029515091e-67 f(zj):  8.6023848556513826e+183 pn(zj):   2.3885752192127985e+00
zj:   1.6039704617400945e-28 f(zj):  6.0136181703254192e-154 pn(zj):   2.3842691628150465e+00
zj:   3.8558925619385253e-57 f(zj):   1.0866823631831367e-71 pn(zj):   2.3799668458039811e+00
zj:   4.4689068716311015e-33 f(zj):   3.1177643235343073e-33 pn(zj):   2.3756682681796026e+00
zj:   1.1829540022360483e-76 f(zj):  1.2575408123835168e+232 pn(zj):   2.3713734299419107e+00
zj:  6.0136196164698546e-154 f(zj):  6.0513972685449602e-154 pn(zj):   2.3670823310909057e+00
zj:   4.1791966802425107e-62 f(zj):   1.6574390322158257e-47 pn(zj):   2.3627949716265872e+00
zj:   4.6644017039213779e-62 f(zj):   6.0176356705498159e-67 pn(zj):   2.3585113515489553e+00
zj:  8.6023848556513826e+183 f(zj):  1.3160769790242858e-259 pn(zj):   2.3542314708580099e+00
zj:  6.0136181703254192e-154 f(zj):   4.6499918984570840e-86 pn(zj):   2.3499553295537519e+00
zj:   1.0866823631831367e-71 f(zj):   1.6594977377693187e-76 pn(zj):   2.3456829276361795e+00
zj:   3.1177643235343073e-33 f(zj):   4.6672762810705233e-62 pn(zj):   2.3414142651052945e+00
zj:  1.2575408123835168e+232 f(zj):  2.7680679381555173e+280 pn(zj):   2.3371493419610960e+00
zj:  6.0513972685449602e-154 f(zj):   4.2478389617679958e-86 pn(zj):   2.3328881582035850e+00
zj:   1.6574390322158257e-47 f(zj):   1.6913637037009155e-52 pn(zj):   2.3286307138327595e+00
zj:   6.0176356705498159e-67 f(zj):   6.0118458505849506e-67 pn(zj):   2.3243770088486215e+00
zj:  1.3160769790242858e-259 f(zj):  6.1799880958083482e-114 pn(zj):   2.3201270432511700e+00
zj:   4.6499918984570840e-86 f(zj):   2.9906386587200498e-67 pn(zj):   2.3158808170404050e+00
zj:   1.6594977377693187e-76 f(zj):   1.1782091917719718e-47 pn(zj):   2.3116383302163266e+00
zj:   4.6672762810705233e-62 f(zj):   7.4882441270673800e-67 pn(zj):   2.3073995827789351e+00
zj:  2.7680679381555173e+280 f(zj):  8.1642195725457940e+204 pn(zj):   2.3031645747282301e+00
zj:   4.2478389617679958e-86 f(zj):   3.5354073321020977e-57 pn(zj):   2.2989333060642121e+00
zj:   1.6913637037009155e-52 f(zj):   3.3767422927477818e-57 pn(zj):   2.2947057767868806e+00
zj:   6.0118458505849506e-67 f(zj):   5.0807346028651202e-67 pn(zj):   2.2904819868962356e+00
zj:  6.1799880958083482e-114 f(zj):  3.5230863936825103e-109 pn(zj):   2.2862619363922780e+00
zj:  2.7680679177373239e+280 f(zj):   9.0782038314185210e-72 pn(zj):   2.2820456252750061e+00
zj:   1.5764983660612583e-52 f(zj):   6.5285629822748313e-38 pn(zj):   2.2778330535444216e+00
zj:   6.1257918640386510e-62 f(zj):   5.6433984914092338e-62 pn(zj):   2.2736242212005235e+00
zj:  3.1102322518550885e+179 f(zj):   5.0807600606052944e-67 pn(zj):   2.2694191282433120e+00
zj:  6.1799882043002384e-114 f(zj):  3.5230863936820300e-109 pn(zj):   2.2652177746727880e+00
zj:   2.9906386587200498e-67 f(zj):   7.2556136675070432e-43 pn(zj):   2.2610201604889495e+00
zj:   3.3148535494260875e-33 f(zj):   2.7401302413631141e-57 pn(zj):   2.2568262856917984e+00
zj:   6.8167149120103933e-38 f(zj):   5.2007551460662742e-90 pn(zj):   2.2526361502813339e+00
zj:  8.1642195725457862e+204 f(zj):  8.2012590046500750e+204 pn(zj):   2.2484497542575559e+00
zj:   6.5285629822748313e-38 f(zj):   5.6001228542662884e-67 pn(zj):   2.2442670976204648e+00
zj:   5.6433984914092338e-62 f(zj):   1.9013953480027385e-52 pn(zj):   2.2400881803700603e+00
zj:   5.0807600606052944e-67 f(zj):  2.7898478215052232e+179 pn(zj):   2.2359130025063427e+00
zj:  3.5230863936820300e-109 f(zj):  1.9701896698966844e-153 pn(zj):   2.2317415640293117e+00
zj:   7.2556136675070432e-43 f(zj):   3.5391580630010877e-57 pn(zj):   2.2275738649389671e+00
zj:   2.7401302413631141e-57 f(zj):   1.2558148154135102e-71 pn(zj):   2.2234099052353091e+00
zj:   5.2007551460662742e-90 f(zj):   7.8551065779453546e-67 pn(zj):   2.2192496849183385e+00
zj:  8.2012590046500750e+204 f(zj):  1.9512347655568931e-153 pn(zj):   2.2150932039880535e+00
zj:   5.6001228542662884e-67 f(zj):   2.5261932136196393e-52 pn(zj):   2.2109404624444560e+00
zj:   1.9013953480027385e-52 f(zj):   3.6953485491344080e-57 pn(zj):   2.2067914602875449e+00
zj:  2.7898478215052232e+179 f(zj):   5.6357094293525821e-38 pn(zj):   2.2026461975173208e+00
zj:  1.9701896698966844e-153 f(zj):   1.6039704617400945e-28 pn(zj):   2.1985046741337833e+00
zj:   3.5391580630010877e-57 f(zj):   1.0401453935959628e-42 pn(zj):   2.1943668901369322e+00
zj:   1.2558148154135102e-71 f(zj):   3.3773596848447841e-57 pn(zj):   2.1902328455267681e+00
zj:   7.8551065779453546e-67 f(zj):   1.1829546533519712e-76 pn(zj):   2.1861025403032905e+00
zj:  1.9512347655568931e-153 f(zj):  6.0136196164698546e-154 pn(zj):   2.1819759744664999e+00
zj:   2.5261932136196393e-52 f(zj):   1.4271555224088442e-71 pn(zj):   2.1778531480163954e+00
zj:   3.6953485491344080e-57 f(zj):   2.3198272860348749e-52 pn(zj):   2.1737340609529783e+00
zj:   5.6357094293525821e-38 f(zj):  8.6023848556470313e+183 pn(zj):   2.1696187132762477e+00
zj:   1.6039704617400945e-28 f(zj):  6.0136181703254192e-154 pn(zj):   2.1655071049862036e+00
zj:   1.0401453935959628e-42 f(zj):   7.4056144279005759e-38 pn(zj):   2.1613992360828460e+00
zj:   3.3773596848447841e-57 f(zj):   4.4298611515106270e-62 pn(zj):   2.1572951065661754e+00
zj:   1.1829546533519712e-76 f(zj):  1.2572399551484353e+232 pn(zj):   2.1531947164361913e+00
zj:  6.0136196164698546e-154 f(zj):  6.0513972685449602e-154 pn(zj):   2.1490980656928942e+00
zj:   1.4271555224088442e-71 f(zj):   8.2344602711830100e-67 pn(zj):   2.1450051543362836e+00
zj:   2.3198272860348749e-52 f(zj):   1.6901338179551228e-52 pn(zj):   2.1409159823663595e+00
zj:  8.6023848556470313e+183 f(zj):  1.3160769790998535e-259 pn(zj):   2.1368305497831219e+00
zj:  6.0136181703254192e-154 f(zj):   8.5462147670340670e-72 pn(zj):   2.1327488565865718e+00
zj:   7.4056144279005759e-38 f(zj):   1.1996555283993408e-71 pn(zj):   2.1286709027767077e+00
zj:   4.4298611515106270e-62 f(zj):  3.4394957472302471e+179 pn(zj):   2.1245966883535310e+00
zj:  1.2572399551484353e+232 f(zj):  2.7680679517066614e+280 pn(zj):   2.1205262133170399e+00
zj:  6.0513972685449602e-154 f(zj):   4.2478389617679958e-86 pn(zj):   2.1164594776672363e+00
zj:   8.2344602711830100e-67 f(zj):   1.1076502995683311e-47 pn(zj):   2.1123964814041192e+00
zj:   1.6901338179551228e-52 f(zj):   3.2217770576692195e-57 pn(zj):   2.1083372245276886e+00
zj:  1.3160769790998535e-259 f(zj):  6.1799881803794778e-114 pn(zj):   2.1042817070379449e+00
zj:   8.5462147670340670e-72 f(zj):   2.9906386587200498e-67 pn(zj):   2.1002299289348882e+00
zj:   1.1996555283993408e-71 f(zj):   1.4258281669825426e-71 pn(zj):   2.0961818902185176e+00
zj:  3.4394957472302471e+179 f(zj):   6.3798346012062798e-67 pn(zj):   2.0921375908888340e+00
zj:   7.1175029096225258e-38 f(zj):  8.1642195725457862e+204 pn(zj):   2.0880970309458373e+00
zj:  1.3160769790052836e-259 f(zj):  6.1799881437911730e-114 pn(zj):   2.0840602103895272e+00
zj:   4.6499918984570840e-86 f(zj):   2.9906386587200498e-67 pn(zj):   2.0800271292199035e+00
zj:   2.1759731826007760e-76 f(zj):   2.0056112793008717e-76 pn(zj):   2.0759977874369664e+00
zj:   6.2289810663824749e-38 f(zj):   8.6183495921218744e-43 pn(zj):   2.0719721850407162e+00
zj:  2.7680679448384432e+280 f(zj):  8.1642195725457895e+204 pn(zj):   2.0679503220311526e+00
zj:   8.5517419148925818e-72 f(zj):   1.1768665284437224e-47 pn(zj):   2.0639321984082759e+00
zj:   8.6082900013933841e-67 f(zj):   1.4010887099753536e-76 pn(zj):   2.0599178141720857e+00
zj:  2.9519581274757210e+179 f(zj):   5.4516721862338152e-67 pn(zj):   2.0559071693225821e+00
zj:  6.1799881437911730e-114 f(zj):  3.5230863936831177e-109 pn(zj):   2.0519002638597659e+00
zj:   2.9906386587200498e-67 f(zj):   4.4666381781129475e-33 pn(zj):   2.0478970977836353e+00
zj:   2.0056112793008717e-76 f(zj):   4.4681603869804777e-33 pn(zj):   2.0438976710941921e+00
zj:   8.6183495921218744e-43 f(zj):   8.3185656841921848e-72 pn(zj):   2.0399019837914354e+00
zj:  8.1642195725457895e+204 f(zj):  8.2012590046506386e+204 pn(zj):   2.0359100358753657e+00
zj:   1.1768665284437224e-47 f(zj):   1.3038802086995655e-76 pn(zj):   2.0319218273459825e+00
zj:   1.4010887099753536e-76 f(zj):   1.4850797032002622e-76 pn(zj):   2.0279373582032854e+00
zj:   5.4516721862338152e-67 f(zj):  2.9525764343082631e+179 pn(zj):   2.0239566284472756e+00
zj:  3.5230863936831177e-109 f(zj):  1.9701896698966844e-153 pn(zj):   2.0199796380779524e+00
zj:   4.4666381781129475e-33 f(zj):   4.8541045350923070e-33 pn(zj):   2.0160063870953158e+00
zj:   4.4681603869804777e-33 f(zj):   9.5081947773353548e-43 pn(zj):   2.0120368754993661e+00
zj:   8.3185656841921848e-72 f(zj):   1.6542797245873011e-47 pn(zj):   2.0080711032901029e+00
zj:  8.2012590046506386e+204 f(zj):  1.9512347655568931e-153 pn(zj):   2.0041090704675266e+00
zj:   1.3038802086995655e-76 f(zj):   1.1100588832790856e-47 pn(zj):   2.0001507770316369e+00
zj:   1.4850797032002622e-76 f(zj):   1.5731386775934677e-76 pn(zj):   1.9961962229824337e+00
zj:  2.9525764343082631e+179 f(zj):   9.9446568002290236e-43 pn(zj):   1.9922454083199170e+00
zj:  1.9701896698966844e-153 f(zj):   1.6039704617400945e-28 pn(zj):   1.9882983330440875e+00
zj:   4.8541045350923070e-33 f(zj):   2.0889341449254898e-76 pn(zj):   1.9843549971549446e+00
zj:   9.5081947773353548e-43 f(zj):   1.0314091403953977e-71 pn(zj):   1.9804154006524881e+00
zj:   1.6542797245873011e-47 f(zj):   1.1829539995922468e-76 pn(zj):   1.9764795435367186e+00
zj:  1.9512347655568931e-153 f(zj):  6.0136196164698546e-154 pn(zj):   1.9725474258076354e+00
zj:   1.1100588832790856e-47 f(zj):   5.6453124124634606e-62 pn(zj):   1.9686190474652392e+00
zj:   1.5731386775934677e-76 f(zj):   1.0397964483153822e-42 pn(zj):   1.9646944085095299e+00
zj:   9.9446568002290236e-43 f(zj):  8.6106919913073982e+183 pn(zj):   1.9607735089405069e+00
zj:   1.6039704617400945e-28 f(zj):  6.0136181703254192e-154 pn(zj):   1.9568563487581707e+00
zj:   2.0889341449254898e-76 f(zj):   9.7415047579231296e-72 pn(zj):   1.9529429279625212e+00
zj:   1.0314091403953977e-71 f(zj):   1.0846379912285250e-42 pn(zj):   1.9490332465535585e+00
zj:   1.1829539995922468e-76 f(zj):  1.2584540443852784e+232 pn(zj):   1.9451273045312822e+00
zj:  6.0136196164698546e-154 f(zj):  6.0513972685449602e-154 pn(zj):   1.9412251018956930e+00
zj:   5.6453124124634606e-62 f(zj):   4.8548598129056880e-33 pn(zj):   1.9373266386467902e+00
zj:   1.0397964483153822e-42 f(zj):   4.2755674614181997e-33 pn(zj):   1.9334319147845742e+00
zj:  8.6106919913073982e+183 f(zj):  1.3160769790811476e-259 pn(zj):   1.9295409303090447e+00
zj:  6.0136181703254192e-154 f(zj):   4.4489154301184891e-86 pn(zj):   1.9256536852202022e+00
zj:   9.7415047579231296e-72 f(zj):   1.1079196724204752e-47 pn(zj):   1.9217701795180462e+00
zj:   1.0846379912285250e-42 f(zj):   3.8933906806809712e-33 pn(zj):   1.9178904132025769e+00
zj:  1.2584540443852784e+232 f(zj):  2.7680679448384432e+280 pn(zj):   1.9140143862737942e+00
zj:  6.0513972685449602e-154 f(zj):   4.8510683667837804e-86 pn(zj):   1.9101420987316984e+00
zj:   4.8548598129056880e-33 f(zj):   4.0874883193678340e-33 pn(zj):   1.9062735505762891e+00
zj:   4.2755674614181997e-33 f(zj):   3.2205470018968946e-57 pn(zj):   1.9024087418075668e+00
zj:   4.6630251042929262e-33 f(zj):  6.1799881318775332e-114 pn(zj):   1.8985476724255310e+00
zj:  1.2587549016205024e+232 f(zj):  2.7680679110275932e+280 pn(zj):   1.8946903424301818e+00
zj:  6.0513972685449602e-154 f(zj):   8.5495310557424777e-72 pn(zj):   1.8908367518215194e+00
zj:   1.7441647752553100e-76 f(zj):   1.0862436526603550e-71 pn(zj):   1.8869869005995437e+00
zj:   2.4209774769715179e-52 f(zj):  2.9500462442255695e+179 pn(zj):   1.8831407887642544e+00
zj:  1.3160769791568630e-259 f(zj):  6.1799881438382626e-114 pn(zj):   1.8792984163156521e+00
zj:   4.0467624934412994e-86 f(zj):   4.5633524455567166e-72 pn(zj):   1.8754597832537363e+00
zj:   1.4860943589274321e-76 f(zj):   1.5876778016738677e-47 pn(zj):   1.8716248895785075e+00
zj:   8.2330226830792511e-67 f(zj):   1.0871253851625610e-71 pn(zj):   1.8677937352899652e+00
zj:  2.7680679110275932e+280 f(zj):  8.1642195725457862e+204 pn(zj):   1.8639663203881094e+00
zj:   8.5495310557424777e-72 f(zj):   6.2289496585431542e-38 pn(zj):   1.8601426448729406e+00
zj:   1.0862436526603550e-71 f(zj):   8.2315229905611685e-67 pn(zj):   1.8563227087444583e+00
zj:  2.9500462442255695e+179 f(zj):   5.0807458999664090e-67 pn(zj):   1.8525065120026629e+00
zj:  6.1799881438382626e-114 f(zj):  3.5230863936822697e-109 pn(zj):   1.8486940546475539e+00
zj:   4.5633524455567166e-72 f(zj):   6.5285629822748313e-38 pn(zj):   1.8448853366791318e+00
zj:   1.5876778016738677e-47 f(zj):   6.0060049602075531e-67 pn(zj):   1.8410803580973962e+00
zj:   1.0871253851625610e-71 f(zj):   5.0807402516099127e-67 pn(zj):   1.8372791189023476e+00
zj:  8.1642195725457862e+204 f(zj):  8.2012590046495058e+204 pn(zj):   1.8334816190939853e+00
zj:   6.2289496585431542e-38 f(zj):   4.4363004641255661e-38 pn(zj):   1.8296878586723100e+00
zj:   8.2315229905611685e-67 f(zj):   7.4925795779012975e-67 pn(zj):   1.8258978376373212e+00
zj:   5.0807458999664090e-67 f(zj):  3.9213349516364390e+179 pn(zj):   1.8221115559890189e+00
zj:  3.5230863936822697e-109 f(zj):  1.9701896698966844e-153 pn(zj):   1.8183290137274035e+00
zj:   6.5285629822748313e-38 f(zj):   3.6962867032641880e-33 pn(zj):   1.8145502108524747e+00
zj:   6.0060049602075531e-67 f(zj):   3.8911367390500340e-33 pn(zj):   1.8107751473642328e+00
zj:   5.0807402516099127e-67 f(zj):   3.3760961380940313e-57 pn(zj):   1.8070038232626773e+00
zj:  8.2012590046495058e+204 f(zj):  1.9512347655568931e-153 pn(zj):   1.8032362385478087e+00
zj:   4.4363004641255661e-38 f(zj):   2.6314137482147329e-52 pn(zj):   1.7994723932196268e+00
zj:   7.4925795779012975e-67 f(zj):   7.4984034225553118e-67 pn(zj):   1.7957122872781315e+00
zj:  3.9213349516364390e+179 f(zj):   8.5969478964315205e-67 pn(zj):   1.7919559207233227e+00
zj:  1.9701896698966844e-153 f(zj):   1.6039704617400945e-28 pn(zj):   1.7882032935552008e+00
zj:   3.6962867032641880e-33 f(zj):   2.1779946280023437e-76 pn(zj):   1.7844544057737657e+00
zj:   3.8911367390500340e-33 f(zj):   8.9733924756506411e-67 pn(zj):   1.7807092573790171e+00
zj:   3.3760961380940313e-57 f(zj):   1.1829533561574437e-76 pn(zj):   1.7769678483709552e+00
zj:  1.9512347655568931e-153 f(zj):  6.0136196164698546e-154 pn(zj):   1.7732301787495801e+00
zj:   2.6314137482147329e-52 f(zj):   3.5354218801670250e-57 pn(zj):   1.7694962485148920e+00
zj:   7.4984034225553118e-67 f(zj):   1.0871253851759962e-71 pn(zj):   1.7657660576668901e+00
zj:   8.5969478964315205e-67 f(zj):  8.6106919913073868e+183 pn(zj):   1.7620396062055748e+00
zj:   1.6039704617400945e-28 f(zj):  6.0136181703254192e-154 pn(zj):   1.7583168941309464e+00
zj:   2.1779946280023437e-76 f(zj):   4.9094096358057145e-62 pn(zj):   1.7545979214430050e+00
zj:   8.9733924756506411e-67 f(zj):   2.0033548359020585e-52 pn(zj):   1.7508826881417499e+00
zj:   1.1829533561574437e-76 f(zj):  1.2569379134352728e+232 pn(zj):   1.7471711942271813e+00
zj:  6.0136196164698546e-154 f(zj):  6.0513972685449602e-154 pn(zj):   1.7434634396992998e+00
zj:   3.5354218801670250e-57 f(zj):   7.4090807493002507e-38 pn(zj):   1.7397594245581049e+00
zj:   1.0871253851759962e-71 f(zj):   2.6334529181149258e-52 pn(zj):   1.7360591488035966e+00
zj:  8.6106919913073868e+183 f(zj):  1.3160769791377118e-259 pn(zj):   1.7323626124357752e+00
zj:  6.0136181703254192e-154 f(zj):   3.6446095567641096e-86 pn(zj):   1.7286698154546403e+00
zj:   4.9094096358057145e-62 f(zj):   9.0650272948801344e-43 pn(zj):   1.7249807578601921e+00
zj:   2.0033548359020585e-52 f(zj):   4.4666586929026338e-33 pn(zj):   1.7212954396524305e+00
zj:   1.6909463446869450e-52 f(zj):   2.9006792308862165e-57 pn(zj):   1.7176138608313558e+00
zj:  8.6023767511268643e+183 f(zj):  1.3160769790996320e-259 pn(zj):   1.7139360213969677e+00
zj:  6.0136181703254192e-154 f(zj):   3.4435330884255147e-86 pn(zj):   1.7102619213492662e+00
zj:   6.2335773955450856e-38 f(zj):   3.0606058616860108e-57 pn(zj):   1.7065915606882516e+00
zj:   5.3955604637564309e-62 f(zj):   1.8312130062061099e-76 pn(zj):   1.7029249394139234e+00
zj:  1.2575396279064248e+232 f(zj):  2.7680679043182526e+280 pn(zj):   1.6992620575262822e+00
zj:  6.0513972685449602e-154 f(zj):   3.6446095567522111e-86 pn(zj):   1.6956029150253276e+00
zj:   3.5036849729730165e-33 f(zj):   4.4298871448732714e-62 pn(zj):   1.6919475119110596e+00
zj:   2.9006792308862165e-57 f(zj):   2.3169709096737277e-52 pn(zj):   1.6882958481834782e+00
zj:  1.3160769790996320e-259 f(zj):  6.1799881803322050e-114 pn(zj):   1.6846479238425838e+00
zj:   3.4435330884255147e-86 f(zj):   4.5633524455567166e-72 pn(zj):   1.6810037388883758e+00
zj:   3.0606058616860108e-57 f(zj):   5.6400905189374291e-38 pn(zj):   1.6773632933208547e+00
zj:   1.8312130062061099e-76 f(zj):   2.2133800894825367e-52 pn(zj):   1.6737265871400202e+00
zj:  2.7680679043182526e+280 f(zj):  8.1642195725457951e+204 pn(zj):   1.6700936203458725e+00
zj:   3.6446095567522111e-86 f(zj):   6.0132324999700229e-67 pn(zj):   1.6664643929384111e+00
zj:   4.4298871448732714e-62 f(zj):   6.3769481701707890e-67 pn(zj):   1.6628389049176369e+00
zj:   2.3169709096737277e-52 f(zj):   7.7525987128217826e-72 pn(zj):   1.6592171562835492e+00
zj:  6.1799881803322050e-114 f(zj):  3.5230863936823930e-109 pn(zj):   1.6555991470361480e+00
zj:   4.5633524455567166e-72 f(zj):   1.1768665284437224e-47 pn(zj):   1.6519848771754337e+00
zj:   5.6400905189374291e-38 f(zj):   3.1245322321698331e-33 pn(zj):   1.6483743467014058e+00
zj:   2.2133800894825367e-52 f(zj):   5.4516551955660198e-67 pn(zj):   1.6447675556140648e+00
zj:  8.1642195725457951e+204 f(zj):  8.2012590046520688e+204 pn(zj):   1.6411645039134106e+00
zj:   6.0132324999700229e-67 f(zj):   6.7692572999962862e-43 pn(zj):   1.6375651915994431e+00
zj:   6.3769481701707890e-67 f(zj):   1.0294228284011398e-71 pn(zj):   1.6339696186721622e+00
zj:   7.7525987128217826e-72 f(zj):  3.7630386256036948e+179 pn(zj):   1.6303777851315679e+00
zj:  3.5230863936823930e-109 f(zj):  1.9701896698966844e-153 pn(zj):   1.6267896909776605e+00
zj:   1.1768665284437224e-47 f(zj):   1.2564737347672471e-71 pn(zj):   1.6232053362104395e+00
zj:   3.1245322321698331e-33 f(zj):   3.3767325217343907e-57 pn(zj):   1.6196247208299055e+00
zj:   5.4516551955660198e-67 f(zj):   3.3760961380953324e-57 pn(zj):   1.6160478448360580e+00
zj:  8.2012590046520688e+204 f(zj):  1.9512347655568931e-153 pn(zj):   1.6124747082288970e+00
zj:   6.7692572999962862e-43 f(zj):   2.0049829260734201e-52 pn(zj):   1.6089053110084230e+00
zj:   1.0294228284011398e-71 f(zj):   1.9005844891121263e-52 pn(zj):   1.6053396531746358e+00
zj:  3.7630386256036948e+179 f(zj):   1.6542797531350738e-47 pn(zj):   1.6017777347275350e+00
zj:  1.9701896698966844e-153 f(zj):   1.6039704617400945e-28 pn(zj):   1.5982195556671210e+00
zj:   1.2564737347672471e-71 f(zj):   1.4867637932606047e-76 pn(zj):   1.5946651159933938e+00
zj:   3.3767325217343907e-57 f(zj):   3.0574894923530496e-57 pn(zj):   1.5911144157063530e+00
zj:   3.3760961380953324e-57 f(zj):   1.1829520307115169e-76 pn(zj):   1.5875674548059990e+00
zj:  1.9512347655568931e-153 f(zj):  6.0136196164698546e-154 pn(zj):   1.5840242332923320e+00
zj:   2.0049829260734201e-52 f(zj):   1.0406743045201814e-42 pn(zj):   1.5804847511653515e+00
zj:   1.9005844891121263e-52 f(zj):   4.7630525275602106e-38 pn(zj):   1.5769490084250575e+00
zj:   1.6542797531350738e-47 f(zj):  8.6148090887887938e+183 pn(zj):   1.5734170050714502e+00
zj:   1.6039704617400945e-28 f(zj):  6.0136181703254192e-154 pn(zj):   1.5698887411045299e+00
zj:   1.4867637932606047e-76 f(zj):   1.6925776520128789e-52 pn(zj):   1.5663642165242959e+00
zj:   3.0574894923530496e-57 f(zj):   9.1755509265482335e-72 pn(zj):   1.5628434313307489e+00
zj:   1.1829520307115169e-76 f(zj):  1.2587549016206425e+232 pn(zj):   1.5593263855238884e+00
zj:  6.0136196164698546e-154 f(zj):  6.0513972685449602e-154 pn(zj):   1.5558130791037148e+00
zj:   1.0406743045201814e-42 f(zj):   4.0852196607400645e-33 pn(zj):   1.5523035120702278e+00
zj:   7.8663865119009466e-67 f(zj):   8.9835403412588763e-67 pn(zj):   1.5487976844234275e+00
zj:   7.2625659848782004e-43 f(zj):   1.0860427080752680e-42 pn(zj):   1.5452955961633137e+00
zj:   1.1829559865693077e-76 f(zj):  1.2587560860975955e+232 pn(zj):   1.5417972472898867e+00
zj:  6.0136196164698546e-154 f(zj):  6.0513972685449602e-154 pn(zj):   1.5383026378031466e+00
zj:   1.6558343376567519e-47 f(zj):   4.4719220143711984e-33 pn(zj):   1.5348117677030930e+00
zj:   4.0127174757733262e-57 f(zj):   3.0581166083933300e-57 pn(zj):   1.5313246369897260e+00
zj:  8.6127586445721416e+183 f(zj):  1.3160769791001493e-259 pn(zj):   1.5278412456630459e+00
zj:  6.0136181703254192e-154 f(zj):   4.6499918984570840e-86 pn(zj):   1.5243615937230524e+00
zj:   1.7451807746554871e-76 f(zj):   7.4079237850144580e-38 pn(zj):   1.5208856811697455e+00
zj:   1.0860427080752680e-42 f(zj):   2.5789396082128033e-57 pn(zj):   1.5174135080031252e+00
zj:  1.2587560860975955e+232 f(zj):  2.7680679110540079e+280 pn(zj):   1.5139450742231921e+00
zj:  6.0513972685449602e-154 f(zj):   3.4435330884136163e-86 pn(zj):   1.5104803798299451e+00
zj:   4.4719220143711984e-33 f(zj):   2.0032550568405126e-76 pn(zj):   1.5070194248233850e+00
zj:   3.0581166083933300e-57 f(zj):   2.0909635339359744e-76 pn(zj):   1.5035622092035119e+00
zj:  1.3160769791001493e-259 f(zj):  6.1799881197756835e-114 pn(zj):   1.5001087329703253e+00
zj:   4.6499918984570840e-86 f(zj):   4.5633524455567166e-72 pn(zj):   1.4966589961238252e+00
zj:   7.4079237850144580e-38 f(zj):   2.2158286840992150e-52 pn(zj):   1.4932129986640119e+00
zj:   2.5789396082128033e-57 f(zj):   4.1810884331676864e-62 pn(zj):   1.4897707405908853e+00
zj:  2.7680679110540079e+280 f(zj):  8.1642195725457940e+204 pn(zj):   1.4863322219044455e+00
zj:   3.4435330884136163e-86 f(zj):   5.0488766876023010e-38 pn(zj):   1.4828974426046921e+00
zj:   2.0032550568405126e-76 f(zj):   2.3198368757260094e-52 pn(zj):   1.4794664026916255e+00
zj:   2.0909635339359744e-76 f(zj):   5.2074892399603151e-90 pn(zj):   1.4760391021652457e+00
zj:  6.1799881197756835e-114 f(zj):  3.5230863936827556e-109 pn(zj):   1.4726155410255526e+00
zj:   4.5633524455567166e-72 f(zj):   6.2289496585431542e-38 pn(zj):   1.4691957192725462e+00
zj:   2.2158286840992150e-52 f(zj):   3.1222781184368527e-33 pn(zj):   1.4657796369062264e+00
zj:   4.1810884331676864e-62 f(zj):   5.0807487634176406e-67 pn(zj):   1.4623672939265933e+00
zj:  8.1642195725457940e+204 f(zj):  8.2012590046500705e+204 pn(zj):   1.4589586903336469e+00
zj:   5.0488766876023010e-38 f(zj):   1.5760905342167910e-52 pn(zj):   1.4555538261273873e+00
zj:   2.3198368757260094e-52 f(zj):   9.0562691802085306e-43 pn(zj):   1.4521527013078142e+00
zj:   5.2074892399603151e-90 f(zj):  3.7624103968356802e+179 pn(zj):   1.4487553158749278e+00
zj:  3.5230863936827556e-109 f(zj):  1.9701896698966844e-153 pn(zj):   1.4453616698287282e+00
zj:   6.2289496585431542e-38 f(zj):   1.2564737347672471e-71 pn(zj):   1.4419717631692155e+00
zj:   3.1222781184368527e-33 f(zj):   7.4090627778540766e-38 pn(zj):   1.4385855958963891e+00
zj:   5.0807487634176406e-67 f(zj):   3.3760961382429785e-57 pn(zj):   1.4352031680102495e+00
zj:  8.2012590046500705e+204 f(zj):  1.9512347655568931e-153 pn(zj):   1.4318244795107966e+00
zj:   1.5760905342167910e-52 f(zj):   3.6962867032641880e-33 pn(zj):   1.4284495303980305e+00
zj:   9.0562691802085306e-43 f(zj):   3.8911367390500340e-33 pn(zj):   1.4250783206719511e+00
zj:  3.7624103968356802e+179 f(zj):   3.3760961380940313e-57 pn(zj):   1.4217108503325582e+00
zj:  1.9701896698966844e-153 f(zj):   1.6039704617400945e-28 pn(zj):   1.4183471193798520e+00
zj:   1.2564737347672471e-71 f(zj):   5.6446463142379080e-38 pn(zj):   1.4149871278138328e+00
zj:   7.4090627778540766e-38 f(zj):   2.0913022070919185e-76 pn(zj):   1.4116308756345000e+00
zj:   3.3760961382429785e-57 f(zj):   1.1829546662408549e-76 pn(zj):   1.4082783628418540e+00
zj:  1.9512347655568931e-153 f(zj):  6.0136196164698546e-154 pn(zj):   1.4049295894358946e+00
zj:   3.6962867032641880e-33 f(zj):   3.0618528578456107e-57 pn(zj):   1.4015845554166220e+00
zj:   3.8911367390500340e-33 f(zj):   2.4234197180589047e-52 pn(zj):   1.3982432607840360e+00
zj:   3.3760961380940313e-57 f(zj):  8.6127424355283904e+183 pn(zj):   1.3949057055381369e+00
zj:   1.6039704617400945e-28 f(zj):  6.0136181703254192e-154 pn(zj):   1.3915718896789242e+00
zj:   5.6446463142379080e-38 f(zj):   6.7594374150869740e-67 pn(zj):   1.3882418132063983e+00
zj:   4.0158458952013973e-57 f(zj):   3.3111066265649904e-33 pn(zj):   1.3849154761205591e+00
zj:   1.6550314437402684e-47 f(zj):   3.6962720328581095e-33 pn(zj):   1.3815928784214067e+00
zj:   9.9446565858870603e-43 f(zj):  8.6127505400480988e+183 pn(zj):   1.3782740201089407e+00
zj:   1.6039704617400945e-28 f(zj):  6.0136181703254192e-154 pn(zj):   1.3749589011831618e+00
zj:   7.1117183653618176e-38 f(zj):   1.1079123313730454e-47 pn(zj):   1.3716475216440691e+00
zj:   1.5717800671753539e-76 f(zj):   4.8541046155412172e-33 pn(zj):   1.3683398814916634e+00
zj:   1.1829526947766462e-76 f(zj):  1.2575396279061416e+232 pn(zj):   1.3650359807259445e+00
zj:  6.0136196164698546e-154 f(zj):  6.0513972685449602e-154 pn(zj):   1.3617358193469120e+00
zj:   2.1110207353677639e-52 f(zj):   1.4264948588484996e-71 pn(zj):   1.3584393973545663e+00
zj:   3.6962720328581095e-33 f(zj):   1.6909479191585215e-52 pn(zj):   1.3551467147489074e+00
zj:  8.6127505400480988e+183 f(zj):  1.3160769790245827e-259 pn(zj):   1.3518577715299351e+00
zj:  6.0136181703254192e-154 f(zj):   3.4435330884255147e-86 pn(zj):   1.3485725676976494e+00
zj:   1.1079123313730454e-47 f(zj):   3.2168010290197536e-57 pn(zj):   1.3452911032520505e+00
zj:   4.8541046155412172e-33 f(zj):   3.8571468702095182e-57 pn(zj):   1.3420133781931383e+00
zj:  1.2575396279061416e+232 f(zj):  2.7680679381026879e+280 pn(zj):   1.3387393925209128e+00
zj:  6.0513972685449602e-154 f(zj):   3.8456860250908060e-86 pn(zj):   1.3354691462353740e+00
zj:   1.4264948588484996e-71 f(zj):   3.9370671212535669e-62 pn(zj):   1.3322026393365218e+00
zj:   1.6909479191585215e-52 f(zj):   2.6297761118896011e-52 pn(zj):   1.3289398718243564e+00
zj:  1.3160769790245827e-259 f(zj):  6.1799881318302603e-114 pn(zj):   1.3256808436988776e+00
zj:   3.4435330884255147e-86 f(zj):   4.5633524455567166e-72 pn(zj):   1.3224255549600854e+00
zj:   3.2168010290197536e-57 f(zj):   5.3553958920730760e-38 pn(zj):   1.3191740056079801e+00
zj:   3.8571468702095182e-57 f(zj):   1.1087141648809425e-47 pn(zj):   1.3159261956425614e+00
zj:  2.7680679381026879e+280 f(zj):  8.1642195725457940e+204 pn(zj):   1.3126821250638294e+00
zj:   3.8456860250908060e-86 f(zj):   4.0114945124836212e-57 pn(zj):   1.3094417938717839e+00
zj:   3.9370671212535669e-62 f(zj):   6.2358687988645106e-38 pn(zj):   1.3062052020664254e+00
zj:   2.6297761118896011e-52 f(zj):   5.2036278809125037e-90 pn(zj):   1.3029723496477534e+00
zj:  6.1799881318302603e-114 f(zj):  3.5230863936823911e-109 pn(zj):   1.2997432366157682e+00
zj:   4.5633524455567166e-72 f(zj):   6.3841531150387651e-67 pn(zj):   1.2965178629704697e+00
zj:   5.3553958920730760e-38 f(zj):   2.5789444411967085e-57 pn(zj):   1.2932962287118577e+00
zj:   1.1087141648809425e-47 f(zj):   7.7526203709088464e-72 pn(zj):   1.2900783338399326e+00
zj:  8.1642195725457940e+204 f(zj):  8.2012590046503612e+204 pn(zj):   1.2868641783546941e+00
zj:   4.0114945124836212e-57 f(zj):   3.6696217353846667e-62 pn(zj):   1.2836537622561424e+00
zj:   6.2358687988645106e-38 f(zj):   1.5707719643698983e-76 pn(zj):   1.2804470855442773e+00
zj:   5.2036278809125037e-90 f(zj):  3.7586015182754186e+179 pn(zj):   1.2772441482190988e+00
zj:  3.5230863936823911e-109 f(zj):  1.9701896698966844e-153 pn(zj):   1.2740449502806070e+00
zj:   6.3841531150387651e-67 f(zj):   3.6955373027873358e-33 pn(zj):   1.2708494917288022e+00
zj:   2.5789444411967085e-57 f(zj):   1.7458528293788715e-76 pn(zj):   1.2676577725636837e+00
zj:   7.7526203709088464e-72 f(zj):   5.3418358768863355e-38 pn(zj):   1.2644697927852522e+00
zj:  8.2012590046503612e+204 f(zj):  1.9512347655568931e-153 pn(zj):   1.2612855523935071e+00
zj:   3.6696217353846667e-62 f(zj):   1.2564737347672471e-71 pn(zj):   1.2581050513884489e+00
zj:   1.5707719643698983e-76 f(zj):   3.3767325217343907e-57 pn(zj):   1.2549282897700773e+00
zj:  3.7586015182754186e+179 f(zj):   3.3760961380953324e-57 pn(zj):   1.2517552675383925e+00
zj:  1.9701896698966844e-153 f(zj):   1.6039704617400945e-28 pn(zj):   1.2485859846933942e+00
zj:   3.6955373027873358e-33 f(zj):   3.6959610598019263e-57 pn(zj):   1.2454204412350827e+00
zj:   1.7458528293788715e-76 f(zj):   5.0523164741066683e-38 pn(zj):   1.2422586371634579e+00
zj:   5.3418358768863355e-38 f(zj):   1.1829559711668115e-76 pn(zj):   1.2391005724785198e+00
zj:  1.9512347655568931e-153 f(zj):  6.0136196164698546e-154 pn(zj):   1.2359462471802682e+00
zj:   1.2564736066001690e-71 f(zj):   5.0592084798629246e-38 pn(zj):   1.2327956612687037e+00
zj:   3.5379061673494867e-57 f(zj):   7.1201985558056255e-67 pn(zj):   1.2296488147438256e+00
zj:   1.4000752948697302e-76 f(zj):   1.2447631251974640e-47 pn(zj):   1.2265057076056343e+00
zj:   1.3117901217412967e-71 f(zj):   1.1829553173669111e-76 pn(zj):   1.2233663398541295e+00
zj:  1.9512347655568931e-153 f(zj):  6.0136196164698546e-154 pn(zj):   1.2202307114893116e+00
zj:   9.3500802272625845e-67 f(zj):   1.1100568156219009e-47 pn(zj):   1.2170988225111803e+00
zj:   8.2417162451080927e-67 f(zj):   5.9431386182939777e-38 pn(zj):   1.2139706729197357e+00
zj:   5.6357094821062766e-38 f(zj):  8.6127505400500292e+183 pn(zj):   1.2108462627149776e+00
zj:   1.6039704617400945e-28 f(zj):  6.0136181703254192e-154 pn(zj):   1.2077255918969065e+00
zj:   7.1201985558056255e-67 f(zj):   7.4033050526567952e-38 pn(zj):   1.2046086604655220e+00
zj:   1.2447631251974640e-47 f(zj):   8.2373186031493852e-67 pn(zj):   1.2014954684208241e+00
zj:   1.1829553173669111e-76 f(zj):  1.2587560860977364e+232 pn(zj):   1.1983860157628130e+00
zj:  6.0136196164698546e-154 f(zj):  6.0513972685449602e-154 pn(zj):   1.1952803024914884e+00
zj:   1.1100568156219009e-47 f(zj):   3.5403954113340891e-57 pn(zj):   1.1921783286068508e+00
zj:   5.9431386182939777e-38 f(zj):   5.6435387816500249e-38 pn(zj):   1.1890800941088997e+00
zj:  8.6127505400500292e+183 f(zj):  1.3160769791189302e-259 pn(zj):   1.1859855989976353e+00
zj:  6.0136181703254192e-154 f(zj):   3.4435330884255147e-86 pn(zj):   1.1828948432730577e+00
zj:   7.4033050526567952e-38 f(zj):   3.5067088519239694e-33 pn(zj):   1.1798078269351666e+00
zj:   8.2373186031493852e-67 f(zj):   6.0089367362236416e-67 pn(zj):   1.1767245499839623e+00
zj:  1.2587560860977364e+232 f(zj):  2.7680679314197621e+280 pn(zj):   1.1736450124194446e+00
zj:  6.0513972685449602e-154 f(zj):   3.4435330884136163e-86 pn(zj):   1.1705692142416138e+00
zj:   3.5403954113340891e-57 f(zj):   6.3798516471017010e-67 pn(zj):   1.1674971554504696e+00
zj:   5.6435387816500249e-38 f(zj):   1.7455194376170905e-76 pn(zj):   1.1644288360460120e+00
zj:  1.3160769791189302e-259 f(zj):  6.1799881802849321e-114 pn(zj):   1.1613642560282411e+00
zj:   3.4435330884255147e-86 f(zj):   4.5633524455567166e-72 pn(zj):   1.1583034153971570e+00
zj:   3.5067088519239694e-33 f(zj):   9.5011676773717769e-43 pn(zj):   1.1552463141527596e+00
zj:   6.0089367362236416e-67 f(zj):   3.0606082073135032e-57 pn(zj):   1.1521929522950487e+00
zj:  2.7680679314197621e+280 f(zj):  8.1642195725457895e+204 pn(zj):   1.1491433298240248e+00
zj:   3.4435330884136163e-86 f(zj):   1.0855742683025250e-71 pn(zj):   1.1460974467396874e+00
zj:   6.3798516471017010e-67 f(zj):   7.7109813604531872e-43 pn(zj):   1.1430553030420365e+00
zj:   1.7455194376170905e-76 f(zj):   5.2074856262324418e-90 pn(zj):   1.1400168987310726e+00
zj:  6.1799881802849321e-114 f(zj):  3.5230863936821505e-109 pn(zj):   1.1369822338067952e+00
zj:   4.5633524455567166e-72 f(zj):   5.0488766876023010e-38 pn(zj):   1.1339513082692045e+00
zj:   9.5011676773717769e-43 f(zj):   5.6377085111052022e-62 pn(zj):   1.1309241221183006e+00
zj:   3.0606082073135032e-57 f(zj):   5.2017139389816319e-90 pn(zj):   1.1279006753540834e+00
zj:  8.1642195725457895e+204 f(zj):  8.2012590046512156e+204 pn(zj):   1.1248809679765528e+00
zj:   1.0855742683025250e-71 f(zj):   5.5993983999399822e-67 pn(zj):   1.1218649999857091e+00
zj:   7.7109813604531872e-43 f(zj):   3.6977943438694342e-33 pn(zj):   1.1188527713815519e+00
zj:   5.2074856262324418e-90 f(zj):  3.4401140828575341e+179 pn(zj):   1.1158442821640813e+00
zj:  3.5230863936821505e-109 f(zj):  1.9701896698966844e-153 pn(zj):   1.1128395323332976e+00
zj:   5.0488766876023010e-38 f(zj):   4.4222833156186253e-62 pn(zj):   1.1098385218892004e+00
zj:   5.6377085111052022e-62 f(zj):   6.5262985380166170e-38 pn(zj):   1.1068412508317900e+00
zj:   5.2017139389816319e-90 f(zj):   5.1515138825338372e-62 pn(zj):   1.1038477191610663e+00
zj:  8.2012590046512156e+204 f(zj):  1.9512347655568931e-153 pn(zj):   1.1008579268770293e+00
zj:   5.5993983999399822e-67 f(zj):   1.2564737347672471e-71 pn(zj):   1.0978718739796789e+00
zj:   3.6977943438694342e-33 f(zj):   7.4090627778540766e-38 pn(zj):   1.0948895604690152e+00
zj:  3.4401140828575341e+179 f(zj):   3.3760961382429785e-57 pn(zj):   1.0919109863450382e+00
zj:  1.9701896698966844e-153 f(zj):   1.6039704617400945e-28 pn(zj):   1.0889361516077480e+00
zj:  8.2012590046517803e+204 f(zj):   1.5714387271406323e-76 pn(zj):   1.0859650562571443e+00
zj:   1.3037115335324738e-76 f(zj):   2.7426121074348616e-57 pn(zj):   1.0829977002932276e+00
zj:   1.1994378970444099e-71 f(zj):   1.7438366134929483e-76 pn(zj):   1.0800340837159974e+00
zj:  2.6290336621712669e+179 f(zj):   1.5858569602117153e-47 pn(zj):   1.0770742065254539e+00
zj:  1.9701896698966844e-153 f(zj):   1.6039704617400945e-28 pn(zj):   1.0741180687215970e+00
zj:   1.8993482124028462e-52 f(zj):   2.5253664170520171e-52 pn(zj):   1.0711656703044268e+00
zj:   7.7162705470507969e-43 f(zj):   1.9013953232326008e-52 pn(zj):   1.0682170112739435e+00
zj:   2.5801676223619986e-57 f(zj):   1.1829526844311835e-76 pn(zj):   1.0652720916301468e+00
zj:  1.9512347655568931e-153 f(zj):  6.0136196164698546e-154 pn(zj):   1.0623309113730366e+00
zj:   2.7426121074348616e-57 f(zj):   9.7436983451314540e-72 pn(zj):   1.0593934705026133e+00
zj:   1.7438366134929483e-76 f(zj):   9.0562417037705086e-43 pn(zj):   1.0564597690188766e+00
zj:   1.5858569602117153e-47 f(zj):  8.6106919913112570e+183 pn(zj):   1.0535298069218266e+00
zj:   1.6039704617400945e-28 f(zj):  6.0136181703254192e-154 pn(zj):   1.0506035842114634e+00
zj:   2.5253664170520171e-52 f(zj):   6.3841756677931272e-67 pn(zj):   1.0476811008877867e+00
zj:   1.9013953232326008e-52 f(zj):   1.6560984738091780e-47 pn(zj):   1.0447623569507967e+00
zj:   1.1829526844311835e-76 f(zj):  1.2587549016205016e+232 pn(zj):   1.0418473524004934e+00
zj:  6.0136196164698546e-154 f(zj):  6.0513972685449602e-154 pn(zj):   1.0389360872368769e+00
zj:   9.7436983451314540e-72 f(zj):   4.8526058024878111e-33 pn(zj):   1.0360285614599472e+00
zj:   9.0562417037705086e-43 f(zj):   7.1303635348525933e-67 pn(zj):   1.0331247750697039e+00
zj:  8.6106919913112570e+183 f(zj):  1.3160769791190781e-259 pn(zj):   1.0302247280661474e+00
zj:  6.0136181703254192e-154 f(zj):   3.4435330884255147e-86 pn(zj):   1.0273284204492776e+00
zj:   6.3841756677931272e-67 f(zj):   4.6637597427047516e-33 pn(zj):   1.0244358522190946e+00
zj:   1.6560984738091780e-47 f(zj):   4.8510894609618883e-33 pn(zj):   1.0215470233755983e+00
zj:  1.2587549016205016e+232 f(zj):  2.7680678976089121e+280 pn(zj):   1.0186619339187886e+00
zj:  6.0513972685449602e-154 f(zj):   3.4435330884136163e-86 pn(zj):   1.0157805838486655e+00
zj:   4.8526058024878111e-33 f(zj):   1.2571387467998065e-71 pn(zj):   1.0129029731652293e+00
zj:   7.1303635348525933e-67 f(zj):   5.8836659277153130e-62 pn(zj):   1.0100291018684795e+00
zj:  1.3160769791190781e-259 f(zj):  6.1799881683249009e-114 pn(zj):   1.0071589699584167e+00
zj:   3.4435330884255147e-86 f(zj):   4.5633524455567166e-72 pn(zj):   1.0042925774350404e+00
zj:   4.6637597427047516e-33 f(zj):   1.7445020794624773e-76 pn(zj):   1.0014299242983506e+00
zj:   4.8510894609618883e-33 f(zj):   1.1310594186315410e-42 pn(zj):   9.9857101054834785e-01
zj:  2.7680678976089121e+280 f(zj):  8.1642195725457907e+204 pn(zj):   9.9571583618503168e-01
zj:   3.4435330884136163e-86 f(zj):   3.5074347419242128e-33 pn(zj):   9.9286440120840225e-01
zj:   1.2571387467998065e-71 f(zj):   7.7110157315792968e-43 pn(zj):   9.9001670561845945e-01
zj:   5.8836659277153130e-62 f(zj):   7.7526246550609320e-72 pn(zj):   9.8717274941520328e-01
zj:  6.1799881683249009e-114 f(zj):  3.5230863936831187e-109 pn(zj):   9.8433253259863385e-01
zj:   4.5633524455567166e-72 f(zj):   6.2243710384245885e-38 pn(zj):   9.8149605516875116e-01
zj:   1.7445020794624773e-76 f(zj):   6.0132947153681921e-67 pn(zj):   9.7866331712555510e-01
zj:   1.1310594186315410e-42 f(zj):   5.2036465348654295e-90 pn(zj):   9.7583431846904567e-01
zj:  8.1642195725457907e+204 f(zj):  8.2012590046514974e+204 pn(zj):   9.7300905919922309e-01
zj:   3.5074347419242128e-33 f(zj):   1.3037115335324738e-76 pn(zj):   9.7018753931608703e-01
zj:   7.7110157315792968e-43 f(zj):   1.1081827644128593e-47 pn(zj):   9.6736975881963783e-01
zj:   7.7526246550609320e-72 f(zj):  4.0846843444619336e+179 pn(zj):   9.6455571770987525e-01
zj:  3.5230863936831187e-109 f(zj):  1.9701896698966844e-153 pn(zj):   9.6174541598679930e-01
zj:   6.2243710384245885e-38 f(zj):   5.0511999188049713e-38 pn(zj):   9.5893885365041009e-01
zj:   6.0132947153681921e-67 f(zj):   1.5205945436270990e-47 pn(zj):   9.5613603070070763e-01
zj:   5.2036465348654295e-90 f(zj):   5.1515138827038514e-62 pn(zj):   9.5333694713769179e-01
zj:  8.2012590046514974e+204 f(zj):  1.9512347655568931e-153 pn(zj):   9.5054160296136259e-01
zj:  3.5230863936825103e-109 f(zj):   3.6955368895304146e-33 pn(zj):   9.4774999817172012e-01
zj:   1.2011996683519638e-71 f(zj):   4.7607476713655062e-38 pn(zj):   9.4496213276876440e-01
zj:   2.2142037427957021e-52 f(zj):   1.9022125981490062e-52 pn(zj):   9.4217800675249541e-01
zj:   8.3185700024100465e-72 f(zj):   3.1184848186943312e-33 pn(zj):   9.3939762012291295e-01
zj:  8.2012590046503579e+204 f(zj):  1.9512347655568931e-153 pn(zj):   9.3662097288001733e-01
zj:   1.5777218603337906e-52 f(zj):   2.2158350128794447e-52 pn(zj):   9.3384806502380835e-01
zj:   3.5029443429251373e-33 f(zj):   1.6588269957335193e-76 pn(zj):   9.3107889655428600e-01
zj:  4.0859432754524932e+179 f(zj):   4.6617496215793509e-62 pn(zj):   9.2831346747145038e-01
zj:  1.9701896699140502e-153 f(zj):   1.6039704617400945e-28 pn(zj):   9.2555177777530151e-01
zj:   4.7607476713655062e-38 f(zj):   1.0404957369213969e-42 pn(zj):   9.2279382746583927e-01
zj:   1.9022125981490062e-52 f(zj):   1.3126356330045256e-71 pn(zj):   9.2003961654306377e-01
zj:   3.1184848186943312e-33 f(zj):   1.2693137033332441e-76 pn(zj):   9.1728914500697489e-01
zj:  1.9512347655568931e-153 f(zj):  6.0136196164698559e-154 pn(zj):   9.1454241285757276e-01
zj:   2.2158350128794447e-52 f(zj):   4.8518329151309978e-33 pn(zj):   9.1179942009485726e-01
zj:   1.6588269957335193e-76 f(zj):   1.7237215050099305e-47 pn(zj):   9.0906016671882850e-01
zj:   4.6617496215793509e-62 f(zj):  8.6003182023890546e+183 pn(zj):   9.0632465272948637e-01
zj:   1.6039704617400945e-28 f(zj):  6.0136181703254192e-154 pn(zj):   9.0359287812683098e-01
zj:   1.0404957369213969e-42 f(zj):   9.0649793194827910e-43 pn(zj):   9.0086484291086222e-01
zj:   1.3126356330045256e-71 f(zj):   1.8315463876327175e-76 pn(zj):   8.9814054708158020e-01
zj:   1.2693137033332441e-76 f(zj):  1.2590557588555145e+232 pn(zj):   8.9541999063898492e-01
zj:  6.0136196164698559e-154 f(zj):  6.0513972685449602e-154 pn(zj):   8.9270317358307627e-01
zj:   4.8518329151309978e-33 f(zj):   8.2431367879199553e-67 pn(zj):   8.8999009591385436e-01
zj:   1.7237215050099305e-47 f(zj):   1.5887479474164773e-47 pn(zj):   8.8728075763131908e-01
zj:  8.6003182023890546e+183 f(zj):  1.3973781872303038e-259 pn(zj):   8.8457515873547055e-01
zj:  6.0136181703254192e-154 f(zj):   3.6446095567641096e-86 pn(zj):   8.8187329922630864e-01
zj:   9.0649793194827910e-43 f(zj):   3.6959659317724944e-57 pn(zj):   8.7917517910383347e-01
zj:   1.8315463876327175e-76 f(zj):   1.0294236987652081e-71 pn(zj):   8.7648079836804493e-01
zj:  1.2590557588555145e+232 f(zj):  2.7680679043182526e+280 pn(zj):   8.7379015701894314e-01
zj:  6.0513972685449602e-154 f(zj):   3.4435330884136163e-86 pn(zj):   8.7110325505652808e-01
zj:   8.2431367879199553e-67 f(zj):   4.0822132767198595e-33 pn(zj):   8.6842009248079965e-01
zj:   1.5887479474164773e-47 f(zj):   8.2300740819072082e-67 pn(zj):   8.6574066929175797e-01
zj:  1.3973781872303038e-259 f(zj):  6.1799881198229563e-114 pn(zj):   8.6306498548940280e-01
zj:   3.6446095567641096e-86 f(zj):   1.5528283712684925e-33 pn(zj):   8.6039304107373449e-01
zj:   3.6959659317724944e-57 f(zj):   1.4007513183800427e-76 pn(zj):   8.5772483604475291e-01
zj:   1.0294236987652081e-71 f(zj):   3.3810910822120560e-57 pn(zj):   8.5506037040245786e-01
zj:  2.7680679043182526e+280 f(zj):  8.1642243567575185e+204 pn(zj):   8.5239964414684954e-01
zj:   3.4435330884136163e-86 f(zj):   1.0855803136205136e-71 pn(zj):   8.4974265727792797e-01
zj:   4.0822132767198595e-33 f(zj):   2.8975530527436336e-57 pn(zj):   8.4708940979569314e-01
zj:   8.2300740819072082e-67 f(zj):   5.2055679383318422e-90 pn(zj):   8.4443990170014493e-01
zj:  6.1799881198229563e-114 f(zj):  3.5230863936822715e-109 pn(zj):   8.4179413299128336e-01
zj:   1.5528283712684925e-33 f(zj):   9.7238000705090213e-72 pn(zj):   8.3915210366910853e-01
zj:   1.4007513183800427e-76 f(zj):   1.6553018646559063e-47 pn(zj):   8.3651381373362044e-01
zj:   3.3810910822120560e-57 f(zj):   5.2026727752162100e-90 pn(zj):   8.3387926318481898e-01
zj:  8.1642243567575185e+204 f(zj):  8.2012590046503557e+204 pn(zj):   8.3124845202270425e-01
zj:   1.0855803136205136e-71 f(zj):   3.6734199624829707e-62 pn(zj):   8.2862138024727616e-01
zj:   2.8975530527436336e-57 f(zj):   9.1666902523984176e-72 pn(zj):   8.2599804785853470e-01
zj:   5.2055679383318422e-90 f(zj):  3.4401140830457865e+179 pn(zj):   8.2337845485647998e-01
zj:   4.8563556986586870e-33 f(zj):  1.9701896699140502e-153 pn(zj):   8.2076260124111200e-01
zj:  8.1642243567575263e+204 f(zj):  8.2012590046503579e+204 pn(zj):   8.1815048701243076e-01
zj:   2.5245602067537340e-52 f(zj):   5.6044695802241252e-67 pn(zj):   8.1554211217043604e-01
zj:   1.6574379923570101e-47 f(zj):   6.3755048107746395e-67 pn(zj):   8.1293747671512817e-01
zj:   5.2007777059513612e-90 f(zj):  2.6239633307467139e+179 pn(zj):   8.1033658064650682e-01
zj:  3.5230863936823907e-109 f(zj):  1.9701896699140502e-153 pn(zj):   8.0773942396457232e-01
zj:   2.0056086072346461e-76 f(zj):   6.7522210376546620e-67 pn(zj):   8.0514600666932445e-01
zj:   1.4275985714556697e-71 f(zj):   2.4230150726648601e-52 pn(zj):   8.0255632876076322e-01
zj:   8.3185742696261580e-72 f(zj):   2.5801676223628645e-57 pn(zj):   7.9997039023888883e-01
zj:  8.2012590046503579e+204 f(zj):  1.9512347655568931e-153 pn(zj):   7.9738819110370096e-01
zj:   5.6044695802241252e-67 f(zj):   1.8993482124028462e-52 pn(zj):   7.9480973135519983e-01
zj:   6.3755048107746395e-67 f(zj):   0.0000000000000000e+00 pn(zj):   7.9223501099338545e-01
zj:  2.6239633307467139e+179 f(zj):  6.3114415927990040e-319 pn(zj):   7.8966403001825769e-01
zj:  1.9701896699140502e-153 f(zj):   0.0000000000000000e+00 pn(zj):   7.8709678842981667e-01
zj:   6.7522210376546620e-67 f(zj):   0.0000000000000000e+00 pn(zj):   7.8453328622806229e-01
zj:   2.4230150726648601e-52 f(zj):   0.0000000000000000e+00 pn(zj):   7.8197352341299464e-01
zj:   2.5801676223628645e-57 f(zj):   0.0000000000000000e+00 pn(zj):   7.7941749998461374e-01
zj:  1.9512347655568931e-153 f(zj):   0.0000000000000000e+00 pn(zj):   7.7686521594291946e-01
zj:   1.8993482124028462e-52 f(zj):   0.0000000000000000e+00 pn(zj):   7.7431667128791182e-01
zj:   0.0000000000000000e+00 f(zj):   0.0000000000000000e+00 pn(zj):   7.7177186601959091e-01
zj:  6.3114415927990040e-319 f(zj):   0.0000000000000000e+00 pn(zj):   7.6923080013795675e-01
zj:   0.0000000000000000e+00 f(zj):   0.0000000000000000e+00 pn(zj):   7.6669347364300922e-01
zj:   0.0000000000000000e+00 f(zj):   0.0000000000000000e+00 pn(zj):   7.6415988653474842e-01
zj:   0.0000000000000000e+00 f(zj):   0.0000000000000000e+00 pn(zj):   7.6163003881317426e-01
zj:   0.0000000000000000e+00 f(zj):   0.0000000000000000e+00 pn(zj):   7.5910393047828684e-01
zj:   0.0000000000000000e+00 f(zj):   0.0000000000000000e+00 pn(zj):   7.5658156153008604e-01
zj:   0.0000000000000000e+00 f(zj):   0.0000000000000000e+00 pn(zj):   7.5406293196857210e-01
zj:   0.0000000000000000e+00 f(zj):   0.0000000000000000e+00 pn(zj):   7.5154804179374468e-01
zj:   0.0000000000000000e+00 f(zj):   0.0000000000000000e+00 pn(zj):   7.4903689100560400e-01
zj:   0.0000000000000000e+00 f(zj):   0.0000000000000000e+00 pn(zj):   7.4652947960414995e-01
zj:   0.0000000000000000e+00 f(zj):   0.0000000000000000e+00 pn(zj):   7.4402580758938264e-01
zj:   0.0000000000000000e+00 f(zj):   0.0000000000000000e+00 pn(zj):   7.4152587496130207e-01
zj:   0.0000000000000000e+00 f(zj):   0.0000000000000000e+00 pn(zj):   7.3902968171990824e-01
zj:   0.0000000000000000e+00 f(zj):   0.0000000000000000e+00 pn(zj):   7.3653722786520093e-01
zj:   0.0000000000000000e+00 f(zj):   0.0000000000000000e+00 pn(zj):   7.3404851339718036e-01
zj:   0.0000000000000000e+00 f(zj):   0.0000000000000000e+00 pn(zj):   7.3156353831584653e-01
zj:   0.0000000000000000e+00 f(zj):   0.0000000000000000e+00 pn(zj):   7.2908230262119944e-01
zj:   0.0000000000000000e+00 f(zj):   0.0000000000000000e+00 pn(zj):   7.2660480631323887e-01
zj:   0.0000000000000000e+00 f(zj):   0.0000000000000000e+00 pn(zj):   7.2413104939196515e-01
zj:   0.0000000000000000e+00 f(zj):   0.0000000000000000e+00 pn(zj):   7.2166103185737807e-01
zj:   0.0000000000000000e+00 f(zj):   0.0000000000000000e+00 pn(zj):   7.1919475370947772e-01
zj:   0.0000000000000000e+00 f(zj):   0.0000000000000000e+00 pn(zj):   7.1673221494826400e-01
zj:   0.0000000000000000e+00 f(zj):   0.0000000000000000e+00 pn(zj):   7.1427341557373691e-01
zj:   0.0000000000000000e+00 f(zj):   0.0000000000000000e+00 pn(zj):   7.1181835558589668e-01
zj:   0.0000000000000000e+00 f(zj):   0.0000000000000000e+00 pn(zj):   7.0936703498474296e-01
zj:   0.0000000000000000e+00 f(zj):   0.0000000000000000e+00 pn(zj):   7.0691945377027610e-01
zj:   0.0000000000000000e+00 f(zj):   0.0000000000000000e+00 pn(zj):   7.0447561194249575e-01
zj:   0.0000000000000000e+00 f(zj):   0.0000000000000000e+00 pn(zj):   7.0203550950140237e-01
zj:   0.0000000000000000e+00 f(zj):   0.0000000000000000e+00 pn(zj):   6.9959914644699539e-01
zj:   0.0000000000000000e+00 f(zj):   0.0000000000000000e+00 pn(zj):   6.9716652277927516e-01
zj:   0.0000000000000000e+00 f(zj):   0.0000000000000000e+00 pn(zj):   6.9473763849824177e-01
zj:   0.0000000000000000e+00 f(zj):   0.0000000000000000e+00 pn(zj):   6.9231249360389491e-01
zj:   0.0000000000000000e+00 f(zj):   0.0000000000000000e+00 pn(zj):   6.8989108809623478e-01
zj:   0.0000000000000000e+00 f(zj):   0.0000000000000000e+00 pn(zj):   6.8747342197526140e-01
zj:   0.0000000000000000e+00 f(zj):   0.0000000000000000e+00 pn(zj):   6.8505949524097465e-01
zj:   0.0000000000000000e+00 f(zj):   0.0000000000000000e+00 pn(zj):   6.8264930789337464e-01
zj:   0.0000000000000000e+00 f(zj):   0.0000000000000000e+00 pn(zj):   6.8024285993246125e-01
zj:   0.0000000000000000e+00 f(zj):   0.0000000000000000e+00 pn(zj):   6.7784015135823461e-01
zj:   0.0000000000000000e+00 f(zj):   0.0000000000000000e+00 pn(zj):   6.7544118217069471e-01
zj:   0.0000000000000000e+00 f(zj):   0.0000000000000000e+00 pn(zj):   6.7304595236984133e-01
zj:   0.0000000000000000e+00 f(zj):   0.0000000000000000e+00 pn(zj):   6.7065446195567480e-01
zj:   0.0000000000000000e+00 f(zj):   0.0000000000000000e+00 pn(zj):   6.6826671092819490e-01
zj:   0.0000000000000000e+00 f(zj):   0.0000000000000000e+00 pn(zj):   6.6588269928740162e-01
zj:   0.0000000000000000e+00 f(zj):   0.0000000000000000e+00 pn(zj):   6.6350242703329521e-01
zj:   0.0000000000000000e+00 f(zj):   0.0000000000000000e+00 pn(zj):   6.6112589416587542e-01
zj:   0.0000000000000000e+00 f(zj):   0.0000000000000000e+00 pn(zj):   6.5875310068514226e-01
zj:   0.0000000000000000e+00 f(zj):   0.0000000000000000e+00 pn(zj):   6.5638404659109573e-01
zj:   0.0000000000000000e+00 f(zj):   0.0000000000000000e+00 pn(zj):   6.5401873188373605e-01
zj:   0.0000000000000000e+00 f(zj):   0.0000000000000000e+00 pn(zj):   6.5165715656306300e-01
zj:   0.0000000000000000e+00 f(zj):   0.0000000000000000e+00 pn(zj):   6.4929932062907658e-01
zj:   0.0000000000000000e+00 f(zj):   0.0000000000000000e+00 pn(zj):   6.4694522408177690e-01
zj:   0.0000000000000000e+00 f(zj):   0.0000000000000000e+00 pn(zj):   6.4459486692116386e-01
zj:   0.0000000000000000e+00 f(zj):   0.0000000000000000e+00 pn(zj):   6.4224824914723766e-01
zj:   0.0000000000000000e+00 f(zj):   0.0000000000000000e+00 pn(zj):   6.3990537075999798e-01
zj:   0.0000000000000000e+00 f(zj):   0.0000000000000000e+00 pn(zj):   6.3756623175944505e-01
zj:   0.0000000000000000e+00 f(zj):   0.0000000000000000e+00 pn(zj):   6.3523083214557885e-01
zj:   0.0000000000000000e+00 f(zj):   0.0000000000000000e+00 pn(zj):   6.3289917191839939e-01
zj:   0.0000000000000000e+00 f(zj):   0.0000000000000000e+00 pn(zj):   6.3057125107790646e-01
zj:   0.0000000000000000e+00 f(zj):   0.0000000000000000e+00 pn(zj):   6.2824706962410026e-01
zj:   0.0000000000000000e+00 f(zj):   0.0000000000000000e+00 pn(zj):   6.2592662755698092e-01
zj:   0.0000000000000000e+00 f(zj):   0.0000000000000000e+00 pn(zj):   6.2360992487654809e-01
zj:   0.0000000000000000e+00 f(zj):   0.0000000000000000e+00 pn(zj):   6.2129696158280201e-01
zj:   0.0000000000000000e+00 f(zj):   0.0000000000000000e+00 pn(zj):   6.1898773767574267e-01
zj:   0.0000000000000000e+00 f(zj):   0.0000000000000000e+00 pn(zj):   6.1668225315536995e-01
zj:   0.0000000000000000e+00 f(zj):   0.0000000000000000e+00 pn(zj):   6.1438050802168398e-01
zj:   0.0000000000000000e+00 f(zj):   0.0000000000000000e+00 pn(zj):   6.1208250227468453e-01
zj:   0.0000000000000000e+00 f(zj):   0.0000000000000000e+00 pn(zj):   6.0978823591437192e-01
zj:   0.0000000000000000e+00 f(zj):   0.0000000000000000e+00 pn(zj):   6.0749770894074595e-01
zj:   0.0000000000000000e+00 f(zj):   0.0000000000000000e+00 pn(zj):   6.0521092135380683e-01
zj:   0.0000000000000000e+00 f(zj):   0.0000000000000000e+00 pn(zj):   6.0292787315355423e-01
zj:   0.0000000000000000e+00 f(zj):   0.0000000000000000e+00 pn(zj):   6.0064856433998837e-01
zj:   0.0000000000000000e+00 f(zj):   0.0000000000000000e+00 pn(zj):   5.9837299491310914e-01
zj:   0.0000000000000000e+00 f(zj):   0.0000000000000000e+00 pn(zj):   5.9610116487291664e-01
zj:   0.0000000000000000e+00 f(zj):   0.0000000000000000e+00 pn(zj):   5.9383307421941089e-01
zj:   0.0000000000000000e+00 f(zj):   0.0000000000000000e+00 pn(zj):   5.9156872295259166e-01
zj:   0.0000000000000000e+00 f(zj):   0.0000000000000000e+00 pn(zj):   5.8930811107245940e-01
zj:   0.0000000000000000e+00 f(zj):   0.0000000000000000e+00 pn(zj):   5.8705123857901365e-01
zj:   0.0000000000000000e+00 f(zj):   0.0000000000000000e+00 pn(zj):   5.8479810547225464e-01
zj:   0.0000000000000000e+00 f(zj):   0.0000000000000000e+00 pn(zj):   5.8254871175218215e-01
zj:   0.0000000000000000e+00 f(zj):   0.0000000000000000e+00 pn(zj):   5.8030305741879662e-01
zj:   0.0000000000000000e+00 f(zj):   0.0000000000000000e+00 pn(zj):   5.7806114247209761e-01
zj:   0.0000000000000000e+00 f(zj):   0.0000000000000000e+00 pn(zj):   5.7582296691208534e-01
zj:   0.0000000000000000e+00 f(zj):   0.0000000000000000e+00 pn(zj):   5.7358853073875971e-01
zj:   0.0000000000000000e+00 f(zj):   0.0000000000000000e+00 pn(zj):   5.7135783395212081e-01
zj:   0.0000000000000000e+00 f(zj):   0.0000000000000000e+00 pn(zj):   5.6913087655216865e-01
zj:   0.0000000000000000e+00 f(zj):   0.0000000000000000e+00 pn(zj):   5.6690765853890313e-01
zj:   0.0000000000000000e+00 f(zj):   0.0000000000000000e+00 pn(zj):   5.6468817991232423e-01
zj:   0.0000000000000000e+00 f(zj):   0.0000000000000000e+00 pn(zj):   5.6247244067243218e-01
zj:   0.0000000000000000e+00 f(zj):   0.0000000000000000e+00 pn(zj):   5.6026044081922666e-01
zj:   0.0000000000000000e+00 f(zj):   0.0000000000000000e+00 pn(zj):   5.5805218035270787e-01
zj:   0.0000000000000000e+00 f(zj):   0.0000000000000000e+00 pn(zj):   5.5584765927287583e-01
zj:   0.0000000000000000e+00 f(zj):   0.0000000000000000e+00 pn(zj):   5.5364687757973052e-01
zj:   0.0000000000000000e+00 f(zj):   0.0000000000000000e+00 pn(zj):   5.5144983527327196e-01
zj:   0.0000000000000000e+00 f(zj):   0.0000000000000000e+00 pn(zj):   5.4925653235349992e-01
zj:   0.0000000000000000e+00 f(zj):   0.0000000000000000e+00 pn(zj):   5.4706696882041461e-01
zj:   0.0000000000000000e+00 f(zj):   0.0000000000000000e+00 pn(zj):   5.4488114467401594e-01
zj:   0.0000000000000000e+00 f(zj):   0.0000000000000000e+00 pn(zj):   5.4269905991430401e-01
zj:   0.0000000000000000e+00 f(zj):   0.0000000000000000e+00 pn(zj):   5.4052071454127870e-01
zj:   0.0000000000000000e+00 f(zj):   0.0000000000000000e+00 pn(zj):   5.3834610855494025e-01
zj:   0.0000000000000000e+00 f(zj):   0.0000000000000000e+00 pn(zj):   5.3617524195528832e-01
zj:   0.0000000000000000e+00 f(zj):   0.0000000000000000e+00 pn(zj):   5.3400811474232324e-01
zj:   0.0000000000000000e+00 f(zj):   0.0000000000000000e+00 pn(zj):   5.3184472691604479e-01
zj:   0.0000000000000000e+00 f(zj):   0.0000000000000000e+00 pn(zj):   5.2968507847645308e-01
zj:   0.0000000000000000e+00 f(zj):   0.0000000000000000e+00 pn(zj):   5.2752916942354799e-01
zj:   0.0000000000000000e+00 f(zj):   0.0000000000000000e+00 pn(zj):   5.2537699975732954e-01
zj:   0.0000000000000000e+00 f(zj):   0.0000000000000000e+00 pn(zj):   5.2322856947779783e-01
zj:   0.0000000000000000e+00 f(zj):   0.0000000000000000e+00 pn(zj):   5.2108387858495275e-01
zj:   0.0000000000000000e+00 f(zj):   0.0000000000000000e+00 pn(zj):   5.1894292707879452e-01
zj:   0.0000000000000000e+00 f(zj):   0.0000000000000000e+00 pn(zj):   5.1680571495932282e-01
zj:   0.0000000000000000e+00 f(zj):   0.0000000000000000e+00 pn(zj):   5.1467224222653796e-01
zj:   0.0000000000000000e+00 f(zj):   0.0000000000000000e+00 pn(zj):   5.1254250888043962e-01
zj:   0.0000000000000000e+00 f(zj):   0.0000000000000000e+00 pn(zj):   5.1041651492102802e-01
zj:   0.0000000000000000e+00 f(zj):   0.0000000000000000e+00 pn(zj):   5.0829426034830316e-01
zj:   0.0000000000000000e+00 f(zj):   0.0000000000000000e+00 pn(zj):   5.0617574516226504e-01
zj:   0.0000000000000000e+00 f(zj):   0.0000000000000000e+00 pn(zj):   5.0406096936291367e-01
zj:   0.0000000000000000e+00 f(zj):   0.0000000000000000e+00 pn(zj):   5.0194993295024881e-01
zj:   0.0000000000000000e+00 f(zj):   0.0000000000000000e+00 pn(zj):   4.9984263592427070e-01
zj:   0.0000000000000000e+00 f(zj):   0.0000000000000000e+00 pn(zj):   4.9773907828497921e-01
zj:   0.0000000000000000e+00 f(zj):   0.0000000000000000e+00 pn(zj):   4.9563926003237446e-01
zj:   0.0000000000000000e+00 f(zj):   0.0000000000000000e+00 pn(zj):   4.9354318116645646e-01
zj:   0.0000000000000000e+00 f(zj):   0.0000000000000000e+00 pn(zj):   4.9145084168722508e-01
zj:   0.0000000000000000e+00 f(zj):   0.0000000000000000e+00 pn(zj):   4.8936224159468056e-01
zj:   0.0000000000000000e+00 f(zj):   0.0000000000000000e+00 pn(zj):   4.8727738088882244e-01
zj:   0.0000000000000000e+00 f(zj):   0.0000000000000000e+00 pn(zj):   4.8519625956965129e-01
zj:   0.0000000000000000e+00 f(zj):   0.0000000000000000e+00 pn(zj):   4.8311887763716665e-01
zj:   0.0000000000000000e+00 f(zj):   0.0000000000000000e+00 pn(zj):   4.8104523509136876e-01
zj:   0.0000000000000000e+00 f(zj):   0.0000000000000000e+00 pn(zj):   4.7897533193225750e-01
zj:   0.0000000000000000e+00 f(zj):   0.0000000000000000e+00 pn(zj):   4.7690916815983297e-01
zj:   0.0000000000000000e+00 f(zj):   0.0000000000000000e+00 pn(zj):   4.7484674377409530e-01
zj:   0.0000000000000000e+00 f(zj):   0.0000000000000000e+00 pn(zj):   4.7278805877504404e-01
zj:   0.0000000000000000e+00 f(zj):   0.0000000000000000e+00 pn(zj):   4.7073311316267963e-01
zj:   0.0000000000000000e+00 f(zj):   0.0000000000000000e+00 pn(zj):   4.6868190693700185e-01
zj:   0.0000000000000000e+00 f(zj):   0.0000000000000000e+00 pn(zj):   4.6663444009801081e-01
zj:   0.0000000000000000e+00 f(zj):   0.0000000000000000e+00 pn(zj):   4.6459071264570639e-01
zj:   0.0000000000000000e+00 f(zj):   0.0000000000000000e+00 pn(zj):   4.6255072458008872e-01
zj:   0.0000000000000000e+00 f(zj):   0.0000000000000000e+00 pn(zj):   4.6051447590115779e-01
zj:   0.0000000000000000e+00 f(zj):   0.0000000000000000e+00 pn(zj):   4.5848196660891338e-01
zj:   0.0000000000000000e+00 f(zj):   0.0000000000000000e+00 pn(zj):   4.5645319670335593e-01
zj:   0.0000000000000000e+00 f(zj):   0.0000000000000000e+00 pn(zj):   4.5442816618448489e-01
zj:   0.0000000000000000e+00 f(zj):   0.0000000000000000e+00 pn(zj):   4.5240687505230071e-01
zj:   0.0000000000000000e+00 f(zj):   0.0000000000000000e+00 pn(zj):   4.5038932330680315e-01
zj:   0.0000000000000000e+00 f(zj):   0.0000000000000000e+00 pn(zj):   4.4837551094799233e-01
zj:   0.0000000000000000e+00 f(zj):   0.0000000000000000e+00 pn(zj):   4.4636543797586814e-01
zj:   0.0000000000000000e+00 f(zj):   0.0000000000000000e+00 pn(zj):   4.4435910439043069e-01
zj:   0.0000000000000000e+00 f(zj):   0.0000000000000000e+00 pn(zj):   4.4235651019167999e-01
zj:   0.0000000000000000e+00 f(zj):   0.0000000000000000e+00 pn(zj):   4.4035765537961580e-01
zj:   0.0000000000000000e+00 f(zj):   0.0000000000000000e+00 pn(zj):   4.3836253995423846e-01
zj:   0.0000000000000000e+00 f(zj):   0.0000000000000000e+00 pn(zj):   4.3637116391554776e-01
zj:   0.0000000000000000e+00 f(zj):   0.0000000000000000e+00 pn(zj):   4.3438352726354368e-01
zj:   0.0000000000000000e+00 f(zj):   0.0000000000000000e+00 pn(zj):   4.3239962999822634e-01
zj:   0.0000000000000000e+00 f(zj):   0.0000000000000000e+00 pn(zj):   4.3041947211959575e-01
zj:   0.0000000000000000e+00 f(zj):   0.0000000000000000e+00 pn(zj):   4.2844305362765178e-01
zj:   0.0000000000000000e+00 f(zj):   0.0000000000000000e+00 pn(zj):   4.2647037452239456e-01
zj:   0.0000000000000000e+00 f(zj):   0.0000000000000000e+00 pn(zj):   4.2450143480382407e-01
zj:   0.0000000000000000e+00 f(zj):   0.0000000000000000e+00 pn(zj):   4.2253623447194011e-01
zj:   0.0000000000000000e+00 f(zj):   0.0000000000000000e+00 pn(zj):   4.2057477352674300e-01
zj:   0.0000000000000000e+00 f(zj):   0.0000000000000000e+00 pn(zj):   4.1861705196823251e-01
zj:   0.0000000000000000e+00 f(zj):   0.0000000000000000e+00 pn(zj):   4.1666306979640866e-01
zj:   0.0000000000000000e+00 f(zj):   0.0000000000000000e+00 pn(zj):   4.1471282701127155e-01
zj:   0.0000000000000000e+00 f(zj):   0.0000000000000000e+00 pn(zj):   4.1276632361282106e-01
zj:   0.0000000000000000e+00 f(zj):   0.0000000000000000e+00 pn(zj):   4.1082355960105743e-01
zj:   0.0000000000000000e+00 f(zj):   0.0000000000000000e+00 pn(zj):   4.0888453497598032e-01
zj:   0.0000000000000000e+00 f(zj):   0.0000000000000000e+00 pn(zj):   4.0694924973759006e-01
zj:   0.0000000000000000e+00 f(zj):   0.0000000000000000e+00 pn(zj):   4.0501770388588643e-01
zj:   0.0000000000000000e+00 f(zj):   0.0000000000000000e+00 pn(zj):   4.0308989742086943e-01
zj:   0.0000000000000000e+00 f(zj):   0.0000000000000000e+00 pn(zj):   4.0116583034253905e-01
zj:   0.0000000000000000e+00 f(zj):   0.0000000000000000e+00 pn(zj):   3.9924550265089553e-01
zj:   0.0000000000000000e+00 f(zj):   0.0000000000000000e+00 pn(zj):   3.9732891434593876e-01
zj:   0.0000000000000000e+00 f(zj):   0.0000000000000000e+00 pn(zj):   3.9541606542766861e-01
zj:   0.0000000000000000e+00 f(zj):   0.0000000000000000e+00 pn(zj):   3.9350695589608509e-01
zj:   0.0000000000000000e+00 f(zj):   0.0000000000000000e+00 pn(zj):   3.9160158575118831e-01
zj:   0.0000000000000000e+00 f(zj):   0.0000000000000000e+00 pn(zj):   3.8969995499297827e-01
zj:   0.0000000000000000e+00 f(zj):   0.0000000000000000e+00 pn(zj):   3.8780206362145486e-01
zj:   0.0000000000000000e+00 f(zj):   0.0000000000000000e+00 pn(zj):   3.8590791163661819e-01
zj:   0.0000000000000000e+00 f(zj):   0.0000000000000000e+00 pn(zj):   3.8401749903846816e-01
zj:   0.0000000000000000e+00 f(zj):   0.0000000000000000e+00 pn(zj):   3.8213082582700486e-01
zj:   0.0000000000000000e+00 f(zj):   0.0000000000000000e+00 pn(zj):   3.8024789200222819e-01
zj:   0.0000000000000000e+00 f(zj):   0.0000000000000000e+00 pn(zj):   3.7836869756413827e-01
zj:   0.0000000000000000e+00 f(zj):   0.0000000000000000e+00 pn(zj):   3.7649324251273497e-01
zj:   0.0000000000000000e+00 f(zj):   0.0000000000000000e+00 pn(zj):   3.7462152684801842e-01
zj:   0.0000000000000000e+00 f(zj):   0.0000000000000000e+00 pn(zj):   3.7275355056998860e-01
zj:   0.0000000000000000e+00 f(zj):   0.0000000000000000e+00 pn(zj):   3.7088931367864542e-01
zj:   0.0000000000000000e+00 f(zj):   0.0000000000000000e+00 pn(zj):   3.6902881617398886e-01
zj:   0.0000000000000000e+00 f(zj):   0.0000000000000000e+00 pn(zj):   3.6717205805601905e-01
zj:   0.0000000000000000e+00 f(zj):   0.0000000000000000e+00 pn(zj):   3.6531903932473597e-01
zj:   0.0000000000000000e+00 f(zj):   0.0000000000000000e+00 pn(zj):   3.6346975998013953e-01
zj:   0.0000000000000000e+00 f(zj):   0.0000000000000000e+00 pn(zj):   3.6162422002222983e-01
zj:   0.0000000000000000e+00 f(zj):   0.0000000000000000e+00 pn(zj):   3.5978241945100675e-01
zj:   0.0000000000000000e+00 f(zj):   0.0000000000000000e+00 pn(zj):   3.5794435826647042e-01
zj:   0.0000000000000000e+00 f(zj):   0.0000000000000000e+00 pn(zj):   3.5611003646862083e-01
zj:   0.0000000000000000e+00 f(zj):   0.0000000000000000e+00 pn(zj):   3.5427945405745787e-01
zj:   0.0000000000000000e+00 f(zj):   0.0000000000000000e+00 pn(zj):   3.5245261103298153e-01
zj:   0.0000000000000000e+00 f(zj):   0.0000000000000000e+00 pn(zj):   3.5062950739519194e-01
zj:   0.0000000000000000e+00 f(zj):   0.0000000000000000e+00 pn(zj):   3.4881014314408909e-01
zj:   0.0000000000000000e+00 f(zj):   0.0000000000000000e+00 pn(zj):   3.4699451827967287e-01
zj:   0.0000000000000000e+00 f(zj):   0.0000000000000000e+00 pn(zj):   3.4518263280194339e-01
zj:   0.0000000000000000e+00 f(zj):   0.0000000000000000e+00 pn(zj):   3.4337448671090054e-01
zj:   0.0000000000000000e+00 f(zj):   0.0000000000000000e+00 pn(zj):   3.4157008000654432e-01
zj:   0.0000000000000000e+00 f(zj):   0.0000000000000000e+00 pn(zj):   3.3976941268887495e-01
zj:   0.0000000000000000e+00 f(zj):   0.0000000000000000e+00 pn(zj):   3.3797248475789221e-01
zj:   0.0000000000000000e+00 f(zj):   0.0000000000000000e+00 pn(zj):   3.3617929621359610e-01
zj:   0.0000000000000000e+00 f(zj):   0.0000000000000000e+00 pn(zj):   3.3438984705598684e-01
zj:   0.0000000000000000e+00 f(zj):   0.0000000000000000e+00 pn(zj):   3.3260413728506399e-01
zj:   0.0000000000000000e+00 f(zj):   0.0000000000000000e+00 pn(zj):   3.3082216690082822e-01
zj:   0.0000000000000000e+00 f(zj):   0.0000000000000000e+00 pn(zj):   3.2904393590327874e-01
zj:   0.0000000000000000e+00 f(zj):   0.0000000000000000e+00 pn(zj):   3.2726944429241622e-01
zj:   0.0000000000000000e+00 f(zj):   0.0000000000000000e+00 pn(zj):   3.2549869206824023e-01
zj:   0.0000000000000000e+00 f(zj):   0.0000000000000000e+00 pn(zj):   3.2373167923075108e-01
zj:   0.0000000000000000e+00 f(zj):   0.0000000000000000e+00 pn(zj):   3.2196840577994845e-01
zj:   0.0000000000000000e+00 f(zj):   0.0000000000000000e+00 pn(zj):   3.2020887171583268e-01
zj:   0.0000000000000000e+00 f(zj):   0.0000000000000000e+00 pn(zj):   3.1845307703840342e-01
zj:   0.0000000000000000e+00 f(zj):   0.0000000000000000e+00 pn(zj):   3.1670102174766102e-01
zj:   0.0000000000000000e+00 f(zj):   0.0000000000000000e+00 pn(zj):   3.1495270584360524e-01
zj:   0.0000000000000000e+00 f(zj):   0.0000000000000000e+00 pn(zj):   3.1320812932623621e-01
zj:   0.0000000000000000e+00 f(zj):   0.0000000000000000e+00 pn(zj):   3.1146729219555380e-01
zj:   0.0000000000000000e+00 f(zj):   0.0000000000000000e+00 pn(zj):   3.0973019445155803e-01
zj:   0.0000000000000000e+00 f(zj):   0.0000000000000000e+00 pn(zj):   3.0799683609424910e-01
zj:   0.0000000000000000e+00 f(zj):   0.0000000000000000e+00 pn(zj):   3.0626721712362670e-01
zj:   0.0000000000000000e+00 f(zj):   0.0000000000000000e+00 pn(zj):   3.0454133753969104e-01
zj:   0.0000000000000000e+00 f(zj):   0.0000000000000000e+00 pn(zj):   3.0281919734244211e-01
zj:   0.0000000000000000e+00 f(zj):   0.0000000000000000e+00 pn(zj):   3.0110079653187982e-01
zj:   0.0000000000000000e+00 f(zj):   0.0000000000000000e+00 pn(zj):   2.9938613510800427e-01
zj:   0.0000000000000000e+00 f(zj):   0.0000000000000000e+00 pn(zj):   2.9767521307081546e-01
zj:   0.0000000000000000e+00 f(zj):   0.0000000000000000e+00 pn(zj):   2.9596803042031328e-01
zj:   0.0000000000000000e+00 f(zj):   0.0000000000000000e+00 pn(zj):   2.9426458715649773e-01
zj:   0.0000000000000000e+00 f(zj):   0.0000000000000000e+00 pn(zj):   2.9256488327936891e-01
zj:   0.0000000000000000e+00 f(zj):   0.0000000000000000e+00 pn(zj):   2.9086891878892684e-01
zj:   0.0000000000000000e+00 f(zj):   0.0000000000000000e+00 pn(zj):   2.8917669368517140e-01
zj:   0.0000000000000000e+00 f(zj):   0.0000000000000000e+00 pn(zj):   2.8748820796810259e-01
zj:   0.0000000000000000e+00 f(zj):   0.0000000000000000e+00 pn(zj):   2.8580346163772063e-01
zj:   0.0000000000000000e+00 f(zj):   0.0000000000000000e+00 pn(zj):   2.8412245469402519e-01
zj:   0.0000000000000000e+00 f(zj):   0.0000000000000000e+00 pn(zj):   2.8244518713701661e-01
zj:   0.0000000000000000e+00 f(zj):   0.0000000000000000e+00 pn(zj):   2.8077165896669454e-01
zj:   0.0000000000000000e+00 f(zj):   0.0000000000000000e+00 pn(zj):   2.7910187018305932e-01
zj:   0.0000000000000000e+00 f(zj):   0.0000000000000000e+00 pn(zj):   2.7743582078611073e-01
zj:   0.0000000000000000e+00 f(zj):   0.0000000000000000e+00 pn(zj):   2.7577351077584877e-01
zj:   0.0000000000000000e+00 f(zj):   0.0000000000000000e+00 pn(zj):   2.7411494015227356e-01
zj:   0.0000000000000000e+00 f(zj):   0.0000000000000000e+00 pn(zj):   2.7246010891538508e-01
zj:   0.0000000000000000e+00 f(zj):   0.0000000000000000e+00 pn(zj):   2.7080901706518323e-01
zj:   0.0000000000000000e+00 f(zj):   0.0000000000000000e+00 pn(zj):   2.6916166460166802e-01
zj:   0.0000000000000000e+00 f(zj):   0.0000000000000000e+00 pn(zj):   2.6751805152483965e-01
zj:   0.0000000000000000e+00 f(zj):   0.0000000000000000e+00 pn(zj):   2.6587817783469780e-01
zj:   0.0000000000000000e+00 f(zj):   0.0000000000000000e+00 pn(zj):   2.6424204353124281e-01
zj:   0.0000000000000000e+00 f(zj):   0.0000000000000000e+00 pn(zj):   2.6260964861447444e-01
zj:   0.0000000000000000e+00 f(zj):   0.0000000000000000e+00 pn(zj):   2.6098099308439271e-01
zj:   0.0000000000000000e+00 f(zj):   0.0000000000000000e+00 pn(zj):   2.5935607694099772e-01
zj:   0.0000000000000000e+00 f(zj):   0.0000000000000000e+00 pn(zj):   2.5773490018428935e-01
zj:   0.0000000000000000e+00 f(zj):   0.0000000000000000e+00 pn(zj):   2.5611746281426773e-01
zj:   0.0000000000000000e+00 f(zj):   0.0000000000000000e+00 pn(zj):   2.5450376483093284e-01
zj:   0.0000000000000000e+00 f(zj):   0.0000000000000000e+00 pn(zj):   2.5289380623428459e-01
zj:   0.0000000000000000e+00 f(zj):   0.0000000000000000e+00 pn(zj):   2.5128758702432297e-01
zj:   0.0000000000000000e+00 f(zj):   0.0000000000000000e+00 pn(zj):   2.4968510720104820e-01
zj:   0.0000000000000000e+00 f(zj):   0.0000000000000000e+00 pn(zj):   2.4808636676445994e-01
zj:   0.0000000000000000e+00 f(zj):   0.0000000000000000e+00 pn(zj):   2.4649136571455854e-01
zj:   0.0000000000000000e+00 f(zj):   0.0000000000000000e+00 pn(zj):   2.4490010405134366e-01
zj:   0.0000000000000000e+00 f(zj):   0.0000000000000000e+00 pn(zj):   2.4331258177481563e-01
zj:   0.0000000000000000e+00 f(zj):   0.0000000000000000e+00 pn(zj):   2.4172879888497423e-01
zj:   0.0000000000000000e+00 f(zj):   0.0000000000000000e+00 pn(zj):   2.4014875538181946e-01
zj:   0.0000000000000000e+00 f(zj):   0.0000000000000000e+00 pn(zj):   2.3857245126535143e-01
zj:   0.0000000000000000e+00 f(zj):   0.0000000000000000e+00 pn(zj):   2.3699988653557014e-01
zj:   0.0000000000000000e+00 f(zj):   0.0000000000000000e+00 pn(zj):   2.3543106119247548e-01
zj:   0.0000000000000000e+00 f(zj):   0.0000000000000000e+00 pn(zj):   2.3386597523606745e-01
zj:   0.0000000000000000e+00 f(zj):   0.0000000000000000e+00 pn(zj):   2.3230462866634627e-01
zj:   0.0000000000000000e+00 f(zj):   0.0000000000000000e+00 pn(zj):   2.3074702148331161e-01
zj:   0.0000000000000000e+00 f(zj):   0.0000000000000000e+00 pn(zj):   2.2919315368696380e-01
zj:   0.0000000000000000e+00 f(zj):   0.0000000000000000e+00 pn(zj):   2.2764302527730251e-01
zj:   0.0000000000000000e+00 f(zj):   0.0000000000000000e+00 pn(zj):   2.2609663625432808e-01
zj:   0.0000000000000000e+00 f(zj):   0.0000000000000000e+00 pn(zj):   2.2455398661804027e-01
zj:   0.0000000000000000e+00 f(zj):   0.0000000000000000e+00 pn(zj):   2.2301507636843909e-01
zj:   0.0000000000000000e+00 f(zj):   0.0000000000000000e+00 pn(zj):   2.2147990550552465e-01
zj:   0.0000000000000000e+00 f(zj):   0.0000000000000000e+00 pn(zj):   2.1994847402929696e-01
zj:   0.0000000000000000e+00 f(zj):   0.0000000000000000e+00 pn(zj):   2.1842078193975589e-01
zj:   0.0000000000000000e+00 f(zj):   0.0000000000000000e+00 pn(zj):   2.1689682923690146e-01
zj:   0.0000000000000000e+00 f(zj):   0.0000000000000000e+00 pn(zj):   2.1537661592073376e-01
zj:   0.0000000000000000e+00 f(zj):   0.0000000000000000e+00 pn(zj):   2.1386014199125281e-01
zj:   0.0000000000000000e+00 f(zj):   0.0000000000000000e+00 pn(zj):   2.1234740744845848e-01
zj:   0.0000000000000000e+00 f(zj):   0.0000000000000000e+00 pn(zj):   2.1083841229235090e-01
zj:   0.0000000000000000e+00 f(zj):   0.0000000000000000e+00 pn(zj):   2.0933315652293005e-01
zj:   0.0000000000000000e+00 f(zj):   0.0000000000000000e+00 pn(zj):   2.0783164014019573e-01
zj:   0.0000000000000000e+00 f(zj):   0.0000000000000000e+00 pn(zj):   2.0633386314414826e-01
zj:   0.0000000000000000e+00 f(zj):   0.0000000000000000e+00 pn(zj):   2.0483982553478741e-01
zj:   0.0000000000000000e+00 f(zj):   0.0000000000000000e+00 pn(zj):   2.0334952731211320e-01
zj:   0.0000000000000000e+00 f(zj):   0.0000000000000000e+00 pn(zj):   2.0186296847612573e-01
zj:   0.0000000000000000e+00 f(zj):   0.0000000000000000e+00 pn(zj):   2.0038014902682499e-01
zj:   0.0000000000000000e+00 f(zj):   0.0000000000000000e+00 pn(zj):   1.9890106896421089e-01
zj:   0.0000000000000000e+00 f(zj):   0.0000000000000000e+00 pn(zj):   1.9742572828828353e-01
zj:   0.0000000000000000e+00 f(zj):   0.0000000000000000e+00 pn(zj):   1.9595412699904280e-01
zj:   0.0000000000000000e+00 f(zj):   0.0000000000000000e+00 pn(zj):   1.9448626509648881e-01
zj:   0.0000000000000000e+00 f(zj):   0.0000000000000000e+00 pn(zj):   1.9302214258062145e-01
zj:   0.0000000000000000e+00 f(zj):   0.0000000000000000e+00 pn(zj):   1.9156175945144083e-01
zj:   0.0000000000000000e+00 f(zj):   0.0000000000000000e+00 pn(zj):   1.9010511570894695e-01
zj:   0.0000000000000000e+00 f(zj):   0.0000000000000000e+00 pn(zj):   1.8865221135313970e-01
zj:   0.0000000000000000e+00 f(zj):   0.0000000000000000e+00 pn(zj):   1.8720304638401908e-01
zj:   0.0000000000000000e+00 f(zj):   0.0000000000000000e+00 pn(zj):   1.8575762080158520e-01
zj:   0.0000000000000000e+00 f(zj):   0.0000000000000000e+00 pn(zj):   1.8431593460583817e-01
zj:   0.0000000000000000e+00 f(zj):   0.0000000000000000e+00 pn(zj):   1.8287798779677755e-01
zj:   0.0000000000000000e+00 f(zj):   0.0000000000000000e+00 pn(zj):   1.8144378037440390e-01
zj:   0.0000000000000000e+00 f(zj):   0.0000000000000000e+00 pn(zj):   1.8001331233871665e-01
zj:   0.0000000000000000e+00 f(zj):   0.0000000000000000e+00 pn(zj):   1.7858658368971636e-01
zj:   0.0000000000000000e+00 f(zj):   0.0000000000000000e+00 pn(zj):   1.7716359442740259e-01
zj:   0.0000000000000000e+00 f(zj):   0.0000000000000000e+00 pn(zj):   1.7574434455177557e-01
zj:   0.0000000000000000e+00 f(zj):   0.0000000000000000e+00 pn(zj):   1.7432883406283528e-01
zj:   0.0000000000000000e+00 f(zj):   0.0000000000000000e+00 pn(zj):   1.7291706296058162e-01
zj:   0.0000000000000000e+00 f(zj):   0.0000000000000000e+00 pn(zj):   1.7150903124501460e-01
zj:   0.0000000000000000e+00 f(zj):   0.0000000000000000e+00 pn(zj):   1.7010473891613431e-01
zj:   0.0000000000000000e+00 f(zj):   0.0000000000000000e+00 pn(zj):   1.6870418597394077e-01
zj:   0.0000000000000000e+00 f(zj):   0.0000000000000000e+00 pn(zj):   1.6730737241843385e-01
zj:   0.0000000000000000e+00 f(zj):   0.0000000000000000e+00 pn(zj):   1.6591429824961368e-01
zj:   0.0000000000000000e+00 f(zj):   0.0000000000000000e+00 pn(zj):   1.6452496346748013e-01
zj:   0.0000000000000000e+00 f(zj):   0.0000000000000000e+00 pn(zj):   1.6313936807203333e-01
zj:   0.0000000000000000e+00 f(zj):   0.0000000000000000e+00 pn(zj):   1.6175751206327316e-01
zj:   0.0000000000000000e+00 f(zj):   0.0000000000000000e+00 pn(zj):   1.6037939544119972e-01
zj:   0.0000000000000000e+00 f(zj):   0.0000000000000000e+00 pn(zj):   1.5900501820581292e-01
zj:   0.0000000000000000e+00 f(zj):   0.0000000000000000e+00 pn(zj):   1.5763438035711286e-01
zj:   0.0000000000000000e+00 f(zj):   0.0000000000000000e+00 pn(zj):   1.5626748189509954e-01
zj:   0.0000000000000000e+00 f(zj):   0.0000000000000000e+00 pn(zj):   1.5490432281977284e-01
zj:   0.0000000000000000e+00 f(zj):   0.0000000000000000e+00 pn(zj):   1.5354490313113278e-01
zj:   0.0000000000000000e+00 f(zj):   0.0000000000000000e+00 pn(zj):   1.5218922282917957e-01
zj:   0.0000000000000000e+00 f(zj):   0.0000000000000000e+00 pn(zj):   1.5083728191391288e-01
zj:   0.0000000000000000e+00 f(zj):   0.0000000000000000e+00 pn(zj):   1.4948908038533304e-01
zj:   0.0000000000000000e+00 f(zj):   0.0000000000000000e+00 pn(zj):   1.4814461824343972e-01
zj:   0.0000000000000000e+00 f(zj):   0.0000000000000000e+00 pn(zj):   1.4680389548823325e-01
zj:   0.0000000000000000e+00 f(zj):   0.0000000000000000e+00 pn(zj):   1.4546691211971330e-01
zj:   0.0000000000000000e+00 f(zj):   0.0000000000000000e+00 pn(zj):   1.4413366813788020e-01
zj:   0.0000000000000000e+00 f(zj):   0.0000000000000000e+00 pn(zj):   1.4280416354273373e-01
zj:   0.0000000000000000e+00 f(zj):   0.0000000000000000e+00 pn(zj):   1.4147839833427389e-01
zj:   0.0000000000000000e+00 f(zj):   0.0000000000000000e+00 pn(zj):   1.4015637251250079e-01
zj:   0.0000000000000000e+00 f(zj):   0.0000000000000000e+00 pn(zj):   1.3883808607741444e-01
zj:   0.0000000000000000e+00 f(zj):   0.0000000000000000e+00 pn(zj):   1.3752353902901471e-01
zj:   0.0000000000000000e+00 f(zj):   0.0000000000000000e+00 pn(zj):   1.3621273136730172e-01
zj:   0.0000000000000000e+00 f(zj):   0.0000000000000000e+00 pn(zj):   1.3490566309227536e-01
zj:   0.0000000000000000e+00 f(zj):   0.0000000000000000e+00 pn(zj):   1.3360233420393575e-01
zj:   0.0000000000000000e+00 f(zj):   0.0000000000000000e+00 pn(zj):   1.3230274470228276e-01
zj:   0.0000000000000000e+00 f(zj):   0.0000000000000000e+00 pn(zj):   1.3100689458731651e-01
zj:   0.0000000000000000e+00 f(zj):   0.0000000000000000e+00 pn(zj):   1.2971478385903690e-01
zj:   0.0000000000000000e+00 f(zj):   0.0000000000000000e+00 pn(zj):   1.2842641251744402e-01
zj:   0.0000000000000000e+00 f(zj):   0.0000000000000000e+00 pn(zj):   1.2714178056253789e-01
zj:   0.0000000000000000e+00 f(zj):   0.0000000000000000e+00 pn(zj):   1.2586088799431838e-01
zj:   0.0000000000000000e+00 f(zj):   0.0000000000000000e+00 pn(zj):   1.2458373481278551e-01
zj:   0.0000000000000000e+00 f(zj):   0.0000000000000000e+00 pn(zj):   1.2331032101793948e-01
zj:   0.0000000000000000e+00 f(zj):   0.0000000000000000e+00 pn(zj):   1.2204064660977998e-01
zj:   0.0000000000000000e+00 f(zj):   0.0000000000000000e+00 pn(zj):   1.2077471158830722e-01
zj:   0.0000000000000000e+00 f(zj):   0.0000000000000000e+00 pn(zj):   1.1951251595352119e-01
zj:   0.0000000000000000e+00 f(zj):   0.0000000000000000e+00 pn(zj):   1.1825405970542180e-01
zj:   0.0000000000000000e+00 f(zj):   0.0000000000000000e+00 pn(zj):   1.1699934284400915e-01
zj:   0.0000000000000000e+00 f(zj):   0.0000000000000000e+00 pn(zj):   1.1574836536928323e-01
zj:   0.0000000000000000e+00 f(zj):   0.0000000000000000e+00 pn(zj):   1.1450112728124395e-01
zj:   0.0000000000000000e+00 f(zj):   0.0000000000000000e+00 pn(zj):   1.1325762857989130e-01
zj:   0.0000000000000000e+00 f(zj):   0.0000000000000000e+00 pn(zj):   1.1201786926522539e-01
zj:   0.0000000000000000e+00 f(zj):   0.0000000000000000e+00 pn(zj):   1.1078184933724622e-01
zj:   0.0000000000000000e+00 f(zj):   0.0000000000000000e+00 pn(zj):   1.0954956879595368e-01
zj:   0.0000000000000000e+00 f(zj):   0.0000000000000000e+00 pn(zj):   1.0832102764134777e-01
zj:   0.0000000000000000e+00 f(zj):   0.0000000000000000e+00 pn(zj):   1.0709622587342871e-01
zj:   0.0000000000000000e+00 f(zj):   0.0000000000000000e+00 pn(zj):   1.0587516349219617e-01
zj:   0.0000000000000000e+00 f(zj):   0.0000000000000000e+00 pn(zj):   1.0465784049765048e-01
zj:   0.0000000000000000e+00 f(zj):   0.0000000000000000e+00 pn(zj):   1.0344425688979142e-01
zj:   0.0000000000000000e+00 f(zj):   0.0000000000000000e+00 pn(zj):   1.0223441266861899e-01
zj:   0.0000000000000000e+00 f(zj):   0.0000000000000000e+00 pn(zj):   1.0102830783413330e-01
zj:   0.0000000000000000e+00 f(zj):   0.0000000000000000e+00 pn(zj):   9.9825942386334243e-02
zj:   0.0000000000000000e+00 f(zj):   0.0000000000000000e+00 pn(zj):   9.8627316325221925e-02
zj:   0.0000000000000000e+00 f(zj):   0.0000000000000000e+00 pn(zj):   9.7432429650796348e-02
zj:   0.0000000000000000e+00 f(zj):   0.0000000000000000e+00 pn(zj):   9.6241282363057401e-02
zj:   0.0000000000000000e+00 f(zj):   0.0000000000000000e+00 pn(zj):   9.5053874462005195e-02
zj:   0.0000000000000000e+00 f(zj):   0.0000000000000000e+00 pn(zj):   9.3870205947639618e-02
zj:   0.0000000000000000e+00 f(zj):   0.0000000000000000e+00 pn(zj):   9.2690276819960782e-02
zj:   0.0000000000000000e+00 f(zj):   0.0000000000000000e+00 pn(zj):   9.1514087078968576e-02
zj:   0.0000000000000000e+00 f(zj):   0.0000000000000000e+00 pn(zj):   9.0341636724663110e-02
zj:   0.0000000000000000e+00 f(zj):   0.0000000000000000e+00 pn(zj):   8.9172925757044275e-02
zj:   0.0000000000000000e+00 f(zj):   0.0000000000000000e+00 pn(zj):   8.8007954176112180e-02
zj:   0.0000000000000000e+00 f(zj):   0.0000000000000000e+00 pn(zj):   8.6846721981866826e-02
zj:   0.0000000000000000e+00 f(zj):   0.0000000000000000e+00 pn(zj):   8.5689229174308101e-02
zj:   0.0000000000000000e+00 f(zj):   0.0000000000000000e+00 pn(zj):   8.4535475753436007e-02
zj:   0.0000000000000000e+00 f(zj):   0.0000000000000000e+00 pn(zj):   8.3385461719250653e-02
zj:   0.0000000000000000e+00 f(zj):   0.0000000000000000e+00 pn(zj):   8.2239187071752151e-02
zj:   0.0000000000000000e+00 f(zj):   0.0000000000000000e+00 pn(zj):   8.1096651810940168e-02
zj:   0.0000000000000000e+00 f(zj):   0.0000000000000000e+00 pn(zj):   7.9957855936814926e-02
zj:   0.0000000000000000e+00 f(zj):   0.0000000000000000e+00 pn(zj):   7.8822799449376313e-02
zj:   0.0000000000000000e+00 f(zj):   0.0000000000000000e+00 pn(zj):   7.7691482348624441e-02
zj:   0.0000000000000000e+00 f(zj):   0.0000000000000000e+00 pn(zj):   7.6563904634559199e-02
zj:   0.0000000000000000e+00 f(zj):   0.0000000000000000e+00 pn(zj):   7.5440066307180698e-02
zj:   0.0000000000000000e+00 f(zj):   0.0000000000000000e+00 pn(zj):   7.4319967366488937e-02
zj:   0.0000000000000000e+00 f(zj):   0.0000000000000000e+00 pn(zj):   7.3203607812483806e-02
zj:   0.0000000000000000e+00 f(zj):   0.0000000000000000e+00 pn(zj):   7.2090987645165305e-02
zj:   0.0000000000000000e+00 f(zj):   0.0000000000000000e+00 pn(zj):   7.0982106864533545e-02
zj:   0.0000000000000000e+00 f(zj):   0.0000000000000000e+00 pn(zj):   6.9876965470588526e-02
zj:   0.0000000000000000e+00 f(zj):   0.0000000000000000e+00 pn(zj):   6.8775563463330136e-02
zj:   0.0000000000000000e+00 f(zj):   0.0000000000000000e+00 pn(zj):   6.7677900842758487e-02
zj:   0.0000000000000000e+00 f(zj):   0.0000000000000000e+00 pn(zj):   6.6583977608873468e-02
zj:   0.0000000000000000e+00 f(zj):   0.0000000000000000e+00 pn(zj):   6.5493793761675190e-02
zj:   0.0000000000000000e+00 f(zj):   0.0000000000000000e+00 pn(zj):   6.4407349301163541e-02
zj:   0.0000000000000000e+00 f(zj):   0.0000000000000000e+00 pn(zj):   6.3324644227338633e-02
zj:   0.0000000000000000e+00 f(zj):   0.0000000000000000e+00 pn(zj):   6.2245678540200466e-02
zj:   0.0000000000000000e+00 f(zj):   0.0000000000000000e+00 pn(zj):   6.1170452239748929e-02
zj:   0.0000000000000000e+00 f(zj):   0.0000000000000000e+00 pn(zj):   6.0098965325984022e-02
zj:   0.0000000000000000e+00 f(zj):   0.0000000000000000e+00 pn(zj):   5.9031217798905855e-02
zj:   0.0000000000000000e+00 f(zj):   0.0000000000000000e+00 pn(zj):   5.7967209658514429e-02
zj:   0.0000000000000000e+00 f(zj):   0.0000000000000000e+00 pn(zj):   5.6906940904809633e-02
zj:   0.0000000000000000e+00 f(zj):   0.0000000000000000e+00 pn(zj):   5.5850411537791578e-02
zj:   0.0000000000000000e+00 f(zj):   0.0000000000000000e+00 pn(zj):   5.4797621557460152e-02
zj:   0.0000000000000000e+00 f(zj):   0.0000000000000000e+00 pn(zj):   5.3748570963815467e-02
zj:   0.0000000000000000e+00 f(zj):   0.0000000000000000e+00 pn(zj):   5.2703259756857412e-02
zj:   0.0000000000000000e+00 f(zj):   0.0000000000000000e+00 pn(zj):   5.1661687936586098e-02
zj:   0.0000000000000000e+00 f(zj):   0.0000000000000000e+00 pn(zj):   5.0623855503001525e-02
zj:   0.0000000000000000e+00 f(zj):   0.0000000000000000e+00 pn(zj):   4.9589762456103581e-02
zj:   0.0000000000000000e+00 f(zj):   0.0000000000000000e+00 pn(zj):   4.8559408795892267e-02
zj:   0.0000000000000000e+00 f(zj):   0.0000000000000000e+00 pn(zj):   4.7532794522367805e-02
zj:   0.0000000000000000e+00 f(zj):   0.0000000000000000e+00 pn(zj):   4.6509919635529973e-02
zj:   0.0000000000000000e+00 f(zj):   0.0000000000000000e+00 pn(zj):   4.5490784135378770e-02
zj:   0.0000000000000000e+00 f(zj):   0.0000000000000000e+00 pn(zj):   4.4475388021914308e-02
zj:   0.0000000000000000e+00 f(zj):   0.0000000000000000e+00 pn(zj):   4.3463731295136476e-02
zj:   0.0000000000000000e+00 f(zj):   0.0000000000000000e+00 pn(zj):   4.2455813955045385e-02
zj:   0.0000000000000000e+00 f(zj):   0.0000000000000000e+00 pn(zj):   4.1451636001640924e-02
zj:   0.0000000000000000e+00 f(zj):   0.0000000000000000e+00 pn(zj):   4.0451197434923203e-02
zj:   0.0000000000000000e+00 f(zj):   0.0000000000000000e+00 pn(zj):   3.9454498254892112e-02
zj:   0.0000000000000000e+00 f(zj):   0.0000000000000000e+00 pn(zj):   3.8461538461547762e-02
